Wed Oct 24 12:18:12 UTC 2018
Classifying ontology file: /mnt/efsdata/obo-ci-data/base/ontologies/aeo/aeo_flat.owl
[INFO] Error stacktraces are turned on.
[INFO] Scanning for projects...
[INFO]                                                                         
[INFO] ------------------------------------------------------------------------
[INFO] Building ontology-classify 1.0
[INFO] ------------------------------------------------------------------------
[INFO] 
[INFO] --- exec-maven-plugin:1.1:exec (default-cli) @ ontology-classify ---
[INFO] 2018-10-24 12:18:16,681 INFO  (ParserWrapper:75) Start loading ontology: file:/mnt/efsdata/obo-ci-data/base/ontologies/aeo/aeo_flat.owl from: file:/mnt/efsdata/obo-ci-data/base/ontologies/aeo/aeo_flat.owl
[INFO] 2018-10-24 12:18:17,361 INFO  (ParserWrapper:82) Finished loading ontology: http://purl.obolibrary.org/obo/aeo.owl from: file:/mnt/efsdata/obo-ci-data/base/ontologies/aeo/aeo_flat.owl
[INFO] ------------------------------------------------------------------------
[INFO] BUILD SUCCESS
[INFO] ------------------------------------------------------------------------
[INFO] Total time: 3.574s
[INFO] Finished at: Wed Oct 24 12:18:17 UTC 2018
[INFO] Final Memory: 6M/289M
[INFO] ------------------------------------------------------------------------
Wed Oct 24 12:18:17 UTC 2018
