Sun Dec  3 00:50:24 MST 2017
Classifying ontology file: /scratch/Shares/hunter/obo-ci/data-all/base/ontologies/agro/agro_flat.owl
[INFO] Error stacktraces are turned on.
[INFO] Scanning for projects...
[INFO]                                                                         
[INFO] ------------------------------------------------------------------------
[INFO] Building ontology-classify 1.0
[INFO] ------------------------------------------------------------------------
[INFO] 
[INFO] --- exec-maven-plugin:1.1:exec (default-cli) @ ontology-classify ---
[INFO] /bin/sh: module: line 1: syntax error: unexpected end of file
[INFO] /bin/sh: error importing function definition for `BASH_FUNC_module'
[INFO] 2017-12-03 00:50:29,434 INFO  (ParserWrapper:75) Start loading ontology: file:/scratch/Shares/hunter/obo-ci/data-all/base/ontologies/agro/agro_flat.owl from: file:/scratch/Shares/hunter/obo-ci/data-all/base/ontologies/agro/agro_flat.owl
[INFO] 2017-12-03 00:50:30,828 INFO  (ParserWrapper:82) Finished loading ontology: http://purl.obolibrary.org/obo/agro-edit.owl from: file:/scratch/Shares/hunter/obo-ci/data-all/base/ontologies/agro/agro_flat.owl
[INFO] Found cycles in the graph
[INFO] Cycle: ENVO:00000309 'depression' ENVO:00002000 'slope' ObjectSomeValuesFrom(BFO:0000051 BFO:0000051 ENVO:00002000 'slope') ObjectSomeValuesFrom(BFO:0000050 BFO:0000050 ENVO:00000309 'depression')
[INFO] Cycle: ObjectSomeValuesFrom(BFO:0000050 BFO:0000050 ENVO:00000395 'channel') ObjectSomeValuesFrom(BFO:0000051 BFO:0000051 ENVO:00000141 'bank') ENVO:00000141 'bank' ENVO:00000395 'channel'
[INFO] Cycle: OBI:0001158 'age measurement assay' ObjectSomeValuesFrom(OBI:0000299 OBI:0000299 OBI:0001167 'age measurement datum') ObjectSomeValuesFrom(OBI:0000312 OBI:0000312 OBI:0001158 'age measurement assay') OBI:0001167 'age measurement datum'
[INFO] Cycle: OBI:0001909 'conclusion based on data' ObjectSomeValuesFrom(OBI:0000299 OBI:0000299 OBI:0001909 'conclusion based on data') ObjectSomeValuesFrom(OBI:0000312 OBI:0000312 OBI:0000338 'drawing a conclusion based on data') OBI:0000338 'drawing a conclusion based on data'
[INFO] Cycle: ENVO:01000818 'cryosphere' ObjectSomeValuesFrom(BFO:0000050 BFO:0000050 ENVO:01000818 'cryosphere') ENVO:01000293 'ice mass'
[INFO] Cycle: ObjectIntersectionOf(BFO:0000040 'material entity' ObjectSomeValuesFrom(RO:0000087 RO:0000087 OBI:0000067 'evaluant role')) ObjectSomeValuesFrom(IAO:0000136 IAO:0000136 ObjectIntersectionOf(BFO:0000040 'material entity' ObjectSomeValuesFrom(RO:0000087 RO:0000087 OBI:0000067 'evaluant role'))) ObjectSomeValuesFrom(OBI:0000299 OBI:0000299 ObjectIntersectionOf(IAO:0000030 'information content entity' ObjectSomeValuesFrom(IAO:0000136 IAO:0000136 ObjectIntersectionOf(BFO:0000040 'material entity' ObjectSomeValuesFrom(RO:0000087 RO:0000087 OBI:0000067 'evaluant role'))))) ObjectIntersectionOf(IAO:0000030 'information content entity' ObjectSomeValuesFrom(IAO:0000136 IAO:0000136 ObjectIntersectionOf(BFO:0000040 'material entity' ObjectSomeValuesFrom(RO:0000087 RO:0000087 OBI:0000067 'evaluant role')))) OBI:0000067 'evaluant role' ObjectSomeValuesFrom(RO:0000087 RO:0000087 OBI:0000067 'evaluant role') ObjectSomeValuesFrom(BFO:0000055 BFO:0000055 OBI:0000067 'evaluant role') ObjectAllValuesFrom(BFO:0000054 BFO:0000054 OBI:0000070 'assay') ObjectSomeValuesFrom(OBI:0000293 OBI:0000293 ObjectIntersectionOf(BFO:0000040 'material entity' ObjectSomeValuesFrom(RO:0000087 RO:0000087 OBI:0000067 'evaluant role'))) OBI:0000070 'assay'
[INFO] ------------------------------------------------------------------------
[INFO] BUILD SUCCESS
[INFO] ------------------------------------------------------------------------
[INFO] Total time: 5.361 s
[INFO] Finished at: 2017-12-03T00:50:31-07:00
[INFO] Final Memory: 21M/1963M
[INFO] ------------------------------------------------------------------------
Sun Dec  3 00:50:31 MST 2017
