Sun Dec  3 00:50:24 MST 2017
Classifying ontology file: /scratch/Shares/hunter/obo-ci/data-all/base/ontologies/bco/bco_flat.owl
[INFO] Error stacktraces are turned on.
[INFO] Scanning for projects...
[INFO]                                                                         
[INFO] ------------------------------------------------------------------------
[INFO] Building ontology-classify 1.0
[INFO] ------------------------------------------------------------------------
[INFO] 
[INFO] --- exec-maven-plugin:1.1:exec (default-cli) @ ontology-classify ---
[INFO] /bin/sh: module: line 1: syntax error: unexpected end of file
[INFO] /bin/sh: error importing function definition for `BASH_FUNC_module'
[INFO] 2017-12-03 00:50:28,054 INFO  (ParserWrapper:75) Start loading ontology: file:/scratch/Shares/hunter/obo-ci/data-all/base/ontologies/bco/bco_flat.owl from: file:/scratch/Shares/hunter/obo-ci/data-all/base/ontologies/bco/bco_flat.owl
[INFO] 2017-12-03 00:50:28,906 ERROR (OWLOntologyManagerImpl:1138) Illegal redeclarations of entities: reuse of entity http://purl.obolibrary.org/obo/OBI_0000293 in punning not allowed [Declaration(AnnotationProperty(<http://purl.obolibrary.org/obo/OBI_0000293>)), Declaration(ObjectProperty(<http://purl.obolibrary.org/obo/OBI_0000293>))]
[INFO] 2017-12-03 00:50:28,906 ERROR (OWLOntologyManagerImpl:1138) Illegal redeclarations of entities: reuse of entity http://purl.obolibrary.org/obo/RO_0002233 in punning not allowed [Declaration(AnnotationProperty(<http://purl.obolibrary.org/obo/RO_0002233>)), Declaration(ObjectProperty(<http://purl.obolibrary.org/obo/RO_0002233>))]
[INFO] 2017-12-03 00:50:28,907 ERROR (OWLOntologyManagerImpl:1138) Illegal redeclarations of entities: reuse of entity http://purl.org/dc/terms/modified in punning not allowed [Declaration(AnnotationProperty(<http://purl.org/dc/terms/modified>)), Declaration(DataProperty(<http://purl.org/dc/terms/modified>))]
[INFO] 2017-12-03 00:50:28,911 INFO  (ParserWrapper:82) Finished loading ontology: http://purl.obolibrary.org/obo/bco.owl from: file:/scratch/Shares/hunter/obo-ci/data-all/base/ontologies/bco/bco_flat.owl
[INFO] Found cycles in the graph
[INFO] Cycle: OBI:0000070 'assay' ObjectSomeValuesFrom(IAO:0000136 'is about' ObjectIntersectionOf(BFO:0000040 'material entity' ObjectSomeValuesFrom(BFO:0000087 'has role' OBI:0000067 'evaluant role'))) OBI:0000067 'evaluant role' ObjectSomeValuesFrom(BFO:0000087 'has role' OBI:0000067 'evaluant role') ObjectSomeValuesFrom(BFO:0000055 'realizes' OBI:0000067 'evaluant role') ObjectSomeValuesFrom(OBI:0000293 'has_specified_input' ObjectIntersectionOf(BFO:0000040 'material entity' ObjectSomeValuesFrom(BFO:0000087 'has role' OBI:0000067 'evaluant role'))) ObjectIntersectionOf(IAO:0000030 'information content entity' ObjectSomeValuesFrom(IAO:0000136 'is about' ObjectIntersectionOf(BFO:0000040 'material entity' ObjectSomeValuesFrom(BFO:0000087 'has role' OBI:0000067 'evaluant role')))) ObjectSomeValuesFrom(OBI:0000299 'has_specified_output' ObjectIntersectionOf(IAO:0000030 'information content entity' ObjectSomeValuesFrom(IAO:0000136 'is about' ObjectIntersectionOf(BFO:0000040 'material entity' ObjectSomeValuesFrom(BFO:0000087 'has role' OBI:0000067 'evaluant role'))))) ObjectIntersectionOf(BFO:0000040 'material entity' ObjectSomeValuesFrom(BFO:0000087 'has role' OBI:0000067 'evaluant role')) ObjectAllValuesFrom(BFO:0000054 'realized in' OBI:0000070 'assay')
[INFO] Cycle: ObjectSomeValuesFrom(OBI:0000312 'is_specified_output_of' BCO:0000047 'taxonomic inventory process') BCO:0000047 'taxonomic inventory process' BCO:0000048 'taxonomic inventory' ObjectSomeValuesFrom(OBI:0000299 'has_specified_output' BCO:0000048 'taxonomic inventory')
[INFO] ------------------------------------------------------------------------
[INFO] BUILD SUCCESS
[INFO] ------------------------------------------------------------------------
[INFO] Total time: 3.138 s
[INFO] Finished at: 2017-12-03T00:50:29-07:00
[INFO] Final Memory: 21M/1963M
[INFO] ------------------------------------------------------------------------
Sun Dec  3 00:50:29 MST 2017
