Sun Dec  3 00:50:24 MST 2017
Classifying ontology file: /scratch/Shares/hunter/obo-ci/data-all/base/ontologies/caro/caro_flat.owl
[INFO] Error stacktraces are turned on.
[INFO] Scanning for projects...
[INFO]                                                                         
[INFO] ------------------------------------------------------------------------
[INFO] Building ontology-classify 1.0
[INFO] ------------------------------------------------------------------------
[INFO] 
[INFO] --- exec-maven-plugin:1.1:exec (default-cli) @ ontology-classify ---
[INFO] /bin/sh: module: line 1: syntax error: unexpected end of file
[INFO] /bin/sh: error importing function definition for `BASH_FUNC_module'
[INFO] 2017-12-03 00:50:29,351 INFO  (ParserWrapper:75) Start loading ontology: file:/scratch/Shares/hunter/obo-ci/data-all/base/ontologies/caro/caro_flat.owl from: file:/scratch/Shares/hunter/obo-ci/data-all/base/ontologies/caro/caro_flat.owl
[INFO] 2017-12-03 00:50:34,273 ERROR (OWLOntologyManagerImpl:1138) Illegal redeclarations of entities: reuse of entity http://purl.obolibrary.org/obo/RO_0002215 in punning not allowed [Declaration(AnnotationProperty(<http://purl.obolibrary.org/obo/RO_0002215>)), Declaration(ObjectProperty(<http://purl.obolibrary.org/obo/RO_0002215>))]
[INFO] 2017-12-03 00:50:34,294 INFO  (ParserWrapper:82) Finished loading ontology: http://purl.obolibrary.org/obo/caro/caro.owl from: file:/scratch/Shares/hunter/obo-ci/data-all/base/ontologies/caro/caro_flat.owl
[INFO] ------------------------------------------------------------------------
[INFO] BUILD SUCCESS
[INFO] ------------------------------------------------------------------------
[INFO] Total time: 8.277 s
[INFO] Finished at: 2017-12-03T00:50:34-07:00
[INFO] Final Memory: 21M/1963M
[INFO] ------------------------------------------------------------------------
Sun Dec  3 00:50:34 MST 2017
