Sun Dec  3 00:50:24 MST 2017
Classifying ontology file: /scratch/Shares/hunter/obo-ci/data-all/base/ontologies/cdao/cdao_flat.owl
[INFO] Error stacktraces are turned on.
[INFO] Scanning for projects...
[INFO]                                                                         
[INFO] ------------------------------------------------------------------------
[INFO] Building ontology-classify 1.0
[INFO] ------------------------------------------------------------------------
[INFO] 
[INFO] --- exec-maven-plugin:1.1:exec (default-cli) @ ontology-classify ---
[INFO] /bin/sh: module: line 1: syntax error: unexpected end of file
[INFO] /bin/sh: error importing function definition for `BASH_FUNC_module'
[INFO] 2017-12-03 00:50:29,411 INFO  (ParserWrapper:75) Start loading ontology: file:/scratch/Shares/hunter/obo-ci/data-all/base/ontologies/cdao/cdao_flat.owl from: file:/scratch/Shares/hunter/obo-ci/data-all/base/ontologies/cdao/cdao_flat.owl
[INFO] 2017-12-03 00:50:30,356 INFO  (ParserWrapper:82) Finished loading ontology: http://purl.obolibrary.org/obo/cdao.owl from: file:/scratch/Shares/hunter/obo-ci/data-all/base/ontologies/cdao/cdao_flat.owl
[INFO] Found cycles in the graph
[INFO] Cycle: CDAO:0000012 'RootedTree' ObjectAllValuesFrom(CDAO:0000155 'subtree_of' CDAO:0000012 'RootedTree')
[INFO] Cycle: CDAO:0000098 'CharacterStateDatum' ObjectExactCardinality(1 CDAO:0000205 'belongs_to_Character' CDAO:0000071 'Character') ObjectSomeValuesFrom(CDAO:0000153 'has_Datum' CDAO:0000098 'CharacterStateDatum') CDAO:0000071 'Character'
[INFO] Cycle: ObjectIntersectionOf(CDAO:0000040 'CDAOAnnotation' ObjectSomeValuesFrom(CDAO:0000157 'is_annotation_of' CDAO:0000056 'CharacterStateDataMatrix')) CDAO:0000025 'CharacterStateDataMatrixAnnotation' ObjectSomeValuesFrom(CDAO:0000178 'has' CDAO:0000025 'CharacterStateDataMatrixAnnotation') CDAO:0000056 'CharacterStateDataMatrix' ObjectSomeValuesFrom(CDAO:0000157 'is_annotation_of' CDAO:0000056 'CharacterStateDataMatrix')
[INFO] Cycle: CDAO:0000099 'Edge' ObjectIntersectionOf(CDAO:0000040 'CDAOAnnotation' ObjectSomeValuesFrom(CDAO:0000157 'is_annotation_of' CDAO:0000099 'Edge')) ObjectSomeValuesFrom(CDAO:0000193 'has_Annotation' CDAO:0000101 'EdgeAnnotation') ObjectSomeValuesFrom(CDAO:0000157 'is_annotation_of' CDAO:0000099 'Edge') CDAO:0000101 'EdgeAnnotation'
[INFO] ------------------------------------------------------------------------
[INFO] BUILD SUCCESS
[INFO] ------------------------------------------------------------------------
[INFO] Total time: 4.359 s
[INFO] Finished at: 2017-12-03T00:50:30-07:00
[INFO] Final Memory: 21M/1963M
[INFO] ------------------------------------------------------------------------
Sun Dec  3 00:50:30 MST 2017
