Sun Dec  3 00:50:24 MST 2017
Classifying ontology file: /scratch/Shares/hunter/obo-ci/data-all/base/ontologies/ceph/ceph_flat.owl
[INFO] Error stacktraces are turned on.
[INFO] Scanning for projects...
[INFO]                                                                         
[INFO] ------------------------------------------------------------------------
[INFO] Building ontology-classify 1.0
[INFO] ------------------------------------------------------------------------
[INFO] 
[INFO] --- exec-maven-plugin:1.1:exec (default-cli) @ ontology-classify ---
[INFO] /bin/sh: module: line 1: syntax error: unexpected end of file
[INFO] /bin/sh: error importing function definition for `BASH_FUNC_module'
[INFO] 2017-12-03 00:50:29,406 INFO  (ParserWrapper:75) Start loading ontology: file:/scratch/Shares/hunter/obo-ci/data-all/base/ontologies/ceph/ceph_flat.owl from: file:/scratch/Shares/hunter/obo-ci/data-all/base/ontologies/ceph/ceph_flat.owl
[INFO] 2017-12-03 00:50:32,186 INFO  (ParserWrapper:82) Finished loading ontology: http://purl.obolibrary.org/obo/ceph.owl from: file:/scratch/Shares/hunter/obo-ci/data-all/base/ontologies/ceph/ceph_flat.owl
[INFO] Found cycles in the graph
[INFO] Cycle: CEPH:0000248 'sucker' CEPH:0000305 'collection of suckers' ObjectSomeValuesFrom(has_part 'has part' CEPH:0000248 'sucker') ObjectSomeValuesFrom(part_of 'part_of' CEPH:0000305 'collection of suckers')
[INFO] ------------------------------------------------------------------------
[INFO] BUILD SUCCESS
[INFO] ------------------------------------------------------------------------
[INFO] Total time: 7.420 s
[INFO] Finished at: 2017-12-03T00:50:33-07:00
[INFO] Final Memory: 21M/1963M
[INFO] ------------------------------------------------------------------------
Sun Dec  3 00:50:33 MST 2017
