Sun Dec  3 00:50:24 MST 2017
Classifying ontology file: /scratch/Shares/hunter/obo-ci/data-all/base/ontologies/ddanat/ddanat_flat.owl
[INFO] Error stacktraces are turned on.
[INFO] Scanning for projects...
[INFO]                                                                         
[INFO] ------------------------------------------------------------------------
[INFO] Building ontology-classify 1.0
[INFO] ------------------------------------------------------------------------
[INFO] 
[INFO] --- exec-maven-plugin:1.1:exec (default-cli) @ ontology-classify ---
[INFO] /bin/sh: module: line 1: syntax error: unexpected end of file
[INFO] /bin/sh: error importing function definition for `BASH_FUNC_module'
[INFO] 2017-12-03 00:50:29,433 INFO  (ParserWrapper:75) Start loading ontology: file:/scratch/Shares/hunter/obo-ci/data-all/base/ontologies/ddanat/ddanat_flat.owl from: file:/scratch/Shares/hunter/obo-ci/data-all/base/ontologies/ddanat/ddanat_flat.owl
[INFO] 2017-12-03 00:50:30,255 INFO  (ParserWrapper:82) Finished loading ontology: http://purl.obolibrary.org/obo/ddanat.owl from: file:/scratch/Shares/hunter/obo-ci/data-all/base/ontologies/ddanat/ddanat_flat.owl
[INFO] Found cycles in the graph
[INFO] Cycle: DDANAT:0000402 'chemotactic amoeboid cell' DDANAT:0000403 'aggregate cell' DDANAT:0000405 'prespore cell' ObjectSomeValuesFrom(develops_from 'develops_from' DDANAT:0000403 'aggregate cell') ObjectSomeValuesFrom(develops_from 'develops_from' DDANAT:0000402 'chemotactic amoeboid cell') ObjectSomeValuesFrom(develops_from 'develops_from' DDANAT:0000405 'prespore cell') ObjectSomeValuesFrom(develops_from 'develops_from' DDANAT:0000414 'spore') DDANAT:0000414 'spore'
[INFO] ------------------------------------------------------------------------
[INFO] BUILD SUCCESS
[INFO] ------------------------------------------------------------------------
[INFO] Total time: 4.349 s
[INFO] Finished at: 2017-12-03T00:50:30-07:00
[INFO] Final Memory: 21M/1963M
[INFO] ------------------------------------------------------------------------
Sun Dec  3 00:50:30 MST 2017
