Wed Oct 24 12:20:41 UTC 2018
Classifying ontology file: /mnt/efsdata/obo-ci-data/base/ontologies/dideo/dideo_flat.owl
[INFO] Error stacktraces are turned on.
[INFO] Scanning for projects...
[INFO]                                                                         
[INFO] ------------------------------------------------------------------------
[INFO] Building ontology-classify 1.0
[INFO] ------------------------------------------------------------------------
[INFO] 
[INFO] --- exec-maven-plugin:1.1:exec (default-cli) @ ontology-classify ---
[INFO] 2018-10-24 12:20:45,954 INFO  (ParserWrapper:75) Start loading ontology: file:/mnt/efsdata/obo-ci-data/base/ontologies/dideo/dideo_flat.owl from: file:/mnt/efsdata/obo-ci-data/base/ontologies/dideo/dideo_flat.owl
[INFO] 2018-10-24 12:20:50,307 INFO  (ParserWrapper:82) Finished loading ontology: http://purl.obolibrary.org/obo/dideo.owl from: file:/mnt/efsdata/obo-ci-data/base/ontologies/dideo/dideo_flat.owl
[INFO] Found cycles in the graph
[INFO] Cycle: IAO:0000577 'centrally registered identifier symbol' IAO:0000578 'centrally registered identifier' ObjectSomeValuesFrom(BFO:0000051 'has part' IAO:0000577 'centrally registered identifier symbol') ObjectSomeValuesFrom(BFO:0000050 'part of' IAO:0000578 'centrally registered identifier')
[INFO] ------------------------------------------------------------------------
[INFO] BUILD SUCCESS
[INFO] ------------------------------------------------------------------------
[INFO] Total time: 7.358s
[INFO] Finished at: Wed Oct 24 12:20:50 UTC 2018
[INFO] Final Memory: 5M/229M
[INFO] ------------------------------------------------------------------------
Wed Oct 24 12:20:50 UTC 2018
