Wed Oct 24 12:21:24 UTC 2018
Classifying ontology file: /mnt/efsdata/obo-ci-data/base/ontologies/ehdaa2/ehdaa2_flat.owl
[INFO] Error stacktraces are turned on.
[INFO] Scanning for projects...
[INFO]                                                                         
[INFO] ------------------------------------------------------------------------
[INFO] Building ontology-classify 1.0
[INFO] ------------------------------------------------------------------------
[INFO] 
[INFO] --- exec-maven-plugin:1.1:exec (default-cli) @ ontology-classify ---
[INFO] 2018-10-24 12:21:27,695 INFO  (ParserWrapper:75) Start loading ontology: file:/mnt/efsdata/obo-ci-data/base/ontologies/ehdaa2/ehdaa2_flat.owl from: file:/mnt/efsdata/obo-ci-data/base/ontologies/ehdaa2/ehdaa2_flat.owl
[INFO] 2018-10-24 12:21:49,056 INFO  (ParserWrapper:82) Finished loading ontology: http://purl.obolibrary.org/obo/ehdaa2.owl from: file:/mnt/efsdata/obo-ci-data/base/ontologies/ehdaa2/ehdaa2_flat.owl
[INFO] ------------------------------------------------------------------------
[INFO] BUILD SUCCESS
[INFO] ------------------------------------------------------------------------
[INFO] Total time: 34.453s
[INFO] Finished at: Wed Oct 24 12:21:59 UTC 2018
[INFO] Final Memory: 6M/289M
[INFO] ------------------------------------------------------------------------
Wed Oct 24 12:21:59 UTC 2018
