Sun Dec  3 00:50:24 MST 2017
Classifying ontology file: /scratch/Shares/hunter/obo-ci/data-all/base/ontologies/envo/envo_flat.owl
[INFO] Error stacktraces are turned on.
[INFO] Scanning for projects...
[INFO]                                                                         
[INFO] ------------------------------------------------------------------------
[INFO] Building ontology-classify 1.0
[INFO] ------------------------------------------------------------------------
[INFO] 
[INFO] --- exec-maven-plugin:1.1:exec (default-cli) @ ontology-classify ---
[INFO] /bin/sh: module: line 1: syntax error: unexpected end of file
[INFO] /bin/sh: error importing function definition for `BASH_FUNC_module'
[INFO] 2017-12-03 00:50:29,534 INFO  (ParserWrapper:75) Start loading ontology: file:/scratch/Shares/hunter/obo-ci/data-all/base/ontologies/envo/envo_flat.owl from: file:/scratch/Shares/hunter/obo-ci/data-all/base/ontologies/envo/envo_flat.owl
[INFO] 2017-12-03 00:50:33,828 INFO  (ParserWrapper:82) Finished loading ontology: http://purl.obolibrary.org/obo/envo.owl from: file:/scratch/Shares/hunter/obo-ci/data-all/base/ontologies/envo/envo_flat.owl
[INFO] Found cycles in the graph
[INFO] Cycle: ObjectMinCardinality(1 BFO:0000051 'has part' ENVO:01000799 'astronomical body') ENVO:01000804 'astronomical object' ENVO:01000799 'astronomical body'
[INFO] Cycle: ObjectSomeValuesFrom(RO:0002507 'determined by' ObjectSomeValuesFrom(RO:0002353 'output of' ENVO:01000952 'anthropisation')) ENVO:01000313 'anthropogenic environment' ObjectSomeValuesFrom(RO:0002234 'has output' ENVO:01000313 'anthropogenic environment') ENVO:01000952 'anthropisation' ObjectSomeValuesFrom(RO:0002353 'output of' ENVO:01000952 'anthropisation')
[INFO] Cycle: ENVO:01000993 'manufacturing process' ObjectSomeValuesFrom(RO:0002353 'output of' ENVO:01000993 'manufacturing process') ENVO:00003074 'manufactured product' ObjectSomeValuesFrom(RO:0002234 'has output' ENVO:00003074 'manufactured product')
[INFO] Cycle: ObjectSomeValuesFrom(BFO:0000051 'has part' ENVO:00002000 'slope') ENVO:00000309 'depression' ENVO:00002000 'slope' ObjectSomeValuesFrom(BFO:0000050 'part of' ENVO:00000309 'depression')
[INFO] Cycle: ENVO:00000141 'bank' ENVO:00000395 'channel of a watercourse' ObjectSomeValuesFrom(BFO:0000050 'part of' ENVO:00000395 'channel of a watercourse') ObjectSomeValuesFrom(BFO:0000051 'has part' ENVO:00000141 'bank')
[INFO] Cycle: ObjectSomeValuesFrom(RO:0001015 'location of' ENVO:00000023 'stream') ENVO:00000023 'stream' ENVO:01000650 'stream channel' ObjectSomeValuesFrom(RO:0002150 'continuous with' ENVO:01000650 'stream channel')
[INFO] Cycle: ObjectSomeValuesFrom(RO:0001015 'location of' ENVO:00000022 'river') ENVO:00000022 'river' ENVO:01000652 'river channel' ObjectSomeValuesFrom(RO:0002150 'continuous with' ENVO:01000652 'river channel')
[INFO] Cycle: ObjectSomeValuesFrom(BFO:0000051 'has part' ENVO:00000070 'construction') ENVO:01000983 'technosphere' ObjectSomeValuesFrom(BFO:0000050 'part of' ENVO:01000983 'technosphere') ENVO:01000996 'construction process' ObjectSomeValuesFrom(RO:0002234 'has output' ENVO:00000070 'construction') ObjectSomeValuesFrom(RO:0002353 'output of' ENVO:01000996 'construction process') ENVO:00000070 'construction'
[INFO] Cycle: ENVO:01000420 'building part' ObjectSomeValuesFrom(BFO:0000050 'part of' ENVO:00000073 'building') ObjectSomeValuesFrom(BFO:0000051 'has part' ENVO:01000420 'building part') ENVO:00000073 'building'
[INFO] Cycle: ObjectSomeValuesFrom(RO:0000057 'has participant' ENVO:01001097 'tectonic plate') ObjectSomeValuesFrom(RO:0002354 'formed as result of' ENVO:01001093 'tectonic movement') ObjectSomeValuesFrom(RO:0002131 'overlaps' ENVO:01001098 'tectonic plate boundary') ENVO:01001093 'tectonic movement' ENVO:01001098 'tectonic plate boundary' ENVO:01001097 'tectonic plate' ObjectMinCardinality(2 RO:0002131 'overlaps' ENVO:01001097 'tectonic plate')
[INFO] Cycle: ObjectSomeValuesFrom(RO:0002427 'causally downstream of or within' ENVO:01000913 'nucleation of cloud condensation') ENVO:01000913 'nucleation of cloud condensation' ObjectSomeValuesFrom(RO:0002418 'causally upstream of or within' ENVO:01001083 'cloud formation process') ENVO:01001083 'cloud formation process'
[INFO] Cycle: ENVO:00000247 'volcano' ENVO:00000094 'volcanic feature' ENVO:01000634 'volcanic eruption' ObjectSomeValuesFrom(RO:0000057 'has participant' ENVO:00000247 'volcano') ObjectSomeValuesFrom(RO:0002354 'formed as result of' ENVO:01000634 'volcanic eruption')
[INFO] Cycle: ENVO:01000126 'marine sub-littoral zone' ENVO:01000124 'marine supra-littoral zone' ObjectSomeValuesFrom(RO:0002220 'adjacent to' ObjectIntersectionOf(ENVO:01000124 'marine supra-littoral zone' ENVO:01000126 'marine sub-littoral zone')) ENVO:01000410 'marine eulittoral zone' ObjectSomeValuesFrom(RO:0002220 'adjacent to' ENVO:01000410 'marine eulittoral zone') ObjectIntersectionOf(ENVO:01000124 'marine supra-littoral zone' ENVO:01000126 'marine sub-littoral zone')
[INFO] Cycle: ENVO:00000133 'glacier' ObjectSomeValuesFrom(RO:0000056 'participates in' ENVO:03000012 'glacial transport process') ObjectSomeValuesFrom(RO:0000057 'has participant' ENVO:00000133 'glacier') ENVO:03000012 'glacial transport process'
[INFO] Cycle: ObjectSomeValuesFrom(RO:0002354 'formed as result of' ENVO:01000839 'combustion process') ENVO:01000839 'combustion process' ObjectSomeValuesFrom(RO:0002234 'has output' ENVO:01000838 'smoke') ENVO:01000838 'smoke'
[INFO] Cycle: ObjectSomeValuesFrom(RO:0002473 'composed primarily of' ENVO:00002873 'organic waste material') ENVO:01000373 'biological waste material' ENVO:00002873 'organic waste material'
[INFO] Cycle: ENVO:01000540 'troposphere' ObjectSomeValuesFrom(RO:0002220 'adjacent to' ENVO:01000540 'troposphere') ObjectIntersectionOf(ObjectIntersectionOf(ObjectSomeValuesFrom(RO:0002220 'adjacent to' ENVO:01000324 'planetary surface') ObjectSomeValuesFrom(RO:0002220 'adjacent to' ENVO:01000540 'troposphere')) ObjectSomeValuesFrom(BFO:0000050 'part of' ENVO:01000267 'atmosphere')) ObjectIntersectionOf(ObjectSomeValuesFrom(RO:0002220 'adjacent to' ENVO:01000324 'planetary surface') ObjectSomeValuesFrom(RO:0002220 'adjacent to' ENVO:01000540 'troposphere'))
[INFO] Cycle: ENVO:01000541 'thermosphere' ObjectSomeValuesFrom(RO:0002220 'adjacent to' ENVO:01000541 'thermosphere') ENVO:01000538 'stratosphere' ENVO:01000539 'mesosphere' ObjectSomeValuesFrom(RO:0002220 'adjacent to' ENVO:01000538 'stratosphere') ObjectSomeValuesFrom(RO:0002220 'adjacent to' ENVO:01000539 'mesosphere') ObjectIntersectionOf(ObjectIntersectionOf(ObjectSomeValuesFrom(RO:0002220 'adjacent to' ENVO:01000539 'mesosphere') ObjectSomeValuesFrom(RO:0002220 'adjacent to' ENVO:01000540 'troposphere')) ObjectSomeValuesFrom(BFO:0000050 'part of' ENVO:01000267 'atmosphere')) ObjectIntersectionOf(ObjectSomeValuesFrom(BFO:0000050 'part of' ENVO:01000267 'atmosphere') ObjectSomeValuesFrom(RO:0002220 'adjacent to' ENVO:01000539 'mesosphere')) ObjectIntersectionOf(ObjectSomeValuesFrom(RO:0002220 'adjacent to' ENVO:01000538 'stratosphere') ObjectSomeValuesFrom(RO:0002220 'adjacent to' ENVO:01000541 'thermosphere')) ObjectIntersectionOf(ObjectIntersectionOf(ObjectSomeValuesFrom(RO:0002220 'adjacent to' ENVO:01000538 'stratosphere') ObjectSomeValuesFrom(RO:0002220 'adjacent to' ENVO:01000541 'thermosphere')) ObjectSomeValuesFrom(BFO:0000050 'part of' ENVO:01000267 'atmosphere')) ObjectIntersectionOf(ObjectSomeValuesFrom(RO:0002220 'adjacent to' ENVO:01000539 'mesosphere') ObjectSomeValuesFrom(RO:0002220 'adjacent to' ENVO:01000540 'troposphere'))
[INFO] Cycle: ENVO:01000472 'building roof' ENVO:01000470 'building envelope' ObjectSomeValuesFrom(BFO:0000051 'has part' ENVO:01000472 'building roof') ObjectSomeValuesFrom(BFO:0000050 'part of' ENVO:01000470 'building envelope')
[INFO] Cycle: ENVO:03000058 'nilas formation process' ObjectSomeValuesFrom(RO:0002354 'formed as result of' ENVO:03000058 'nilas formation process') ObjectSomeValuesFrom(RO:0002234 'has output' ENVO:03000068 'nilas') ENVO:03000068 'nilas'
[INFO] Cycle: ENVO:03000059 'young ice formation process' ObjectSomeValuesFrom(RO:0002234 'has output' ENVO:03000069 'young ice') ObjectSomeValuesFrom(RO:0002354 'formed as result of' ENVO:03000059 'young ice formation process') ENVO:03000069 'young ice'
[INFO] Cycle: ObjectSomeValuesFrom(RO:0002234 'has output' ENVO:03000071 'first year ice') ObjectSomeValuesFrom(RO:0002353 'output of' ENVO:03000060 'first year ice formation process') ENVO:03000060 'first year ice formation process' ENVO:03000071 'first year ice'
[INFO] Cycle: ObjectSomeValuesFrom(RO:0002234 'has output' ENVO:03000072 'second year ice') ObjectSomeValuesFrom(RO:0002353 'output of' ENVO:03000061 'second year ice formation') ENVO:03000061 'second year ice formation' ENVO:03000072 'second year ice'
[INFO] Cycle: ObjectSomeValuesFrom(RO:0002234 'has output' ENVO:03000073 'multiyear ice') ObjectSomeValuesFrom(RO:0002353 'output of' ENVO:03000062 'multiyear ice formation process') ENVO:03000062 'multiyear ice formation process' ENVO:03000073 'multiyear ice'
[INFO] Cycle: ENVO:03000041 'brine channel' ObjectSomeValuesFrom(RO:0002234 'has output' ENVO:03000041 'brine channel') ObjectSomeValuesFrom(RO:0002354 'formed as result of' ENVO:03000042 'brine channel formation process') ENVO:03000042 'brine channel formation process'
[INFO] Cycle: ObjectSomeValuesFrom(ENVO:2100001 'determined by' PCO:0000001 'population') ENVO:01000739 'habitat' ObjectSomeValuesFrom(RO:0002303 'has habitat' ENVO:01000739 'habitat') PCO:0000001 'population'
[INFO] ------------------------------------------------------------------------
[INFO] BUILD SUCCESS
[INFO] ------------------------------------------------------------------------
[INFO] Total time: 11.483 s
[INFO] Finished at: 2017-12-03T00:50:37-07:00
[INFO] Final Memory: 21M/1963M
[INFO] ------------------------------------------------------------------------
Sun Dec  3 00:50:37 MST 2017
