Sun Dec  3 00:50:24 MST 2017
Classifying ontology file: /scratch/Shares/hunter/obo-ci/data-all/base/ontologies/exo/exo_flat.owl
[INFO] Error stacktraces are turned on.
[INFO] Scanning for projects...
[INFO]                                                                         
[INFO] ------------------------------------------------------------------------
[INFO] Building ontology-classify 1.0
[INFO] ------------------------------------------------------------------------
[INFO] 
[INFO] --- exec-maven-plugin:1.1:exec (default-cli) @ ontology-classify ---
[INFO] /bin/sh: module: line 1: syntax error: unexpected end of file
[INFO] /bin/sh: error importing function definition for `BASH_FUNC_module'
[INFO] 2017-12-03 00:50:29,580 INFO  (ParserWrapper:75) Start loading ontology: file:/scratch/Shares/hunter/obo-ci/data-all/base/ontologies/exo/exo_flat.owl from: file:/scratch/Shares/hunter/obo-ci/data-all/base/ontologies/exo/exo_flat.owl
[INFO] 2017-12-03 00:50:31,747 INFO  (ParserWrapper:82) Finished loading ontology: http://purl.obolibrary.org/obo/exo.obo.owl from: file:/scratch/Shares/hunter/obo-ci/data-all/base/ontologies/exo/exo_flat.owl
[INFO] Found cycles in the graph
[INFO] Cycle: ExO:0000001 'exposure receptor' ExO:0000000 'exposure stressor' ObjectSomeValuesFrom(interacts_with_an_exposure_stressor_via 'interacts_with_an_exposure stressor_via' ExO:0000001 'exposure receptor') ExO:0000002 'exposure event' ObjectSomeValuesFrom(BFO:0000051 BFO:0000051 ExO:0000001 'exposure receptor') ObjectSomeValuesFrom(interacts_with 'interacts_with' ExO:0000000 'exposure stressor') ObjectSomeValuesFrom(interacts_with_an_exposure_receptor_via 'interacts_with_an_exposure_receptor_via' ExO:0000002 'exposure event') ObjectSomeValuesFrom(interacts_with_an_exposure_receptor_via 'interacts_with_an_exposure_receptor_via' ExO:0000000 'exposure stressor') ObjectSomeValuesFrom(interacts_with 'interacts_with' ExO:0000001 'exposure receptor') ObjectSomeValuesFrom(BFO:0000051 BFO:0000051 ExO:0000000 'exposure stressor')
[INFO] ------------------------------------------------------------------------
[INFO] BUILD SUCCESS
[INFO] ------------------------------------------------------------------------
[INFO] Total time: 5.727 s
[INFO] Finished at: 2017-12-03T00:50:32-07:00
[INFO] Final Memory: 21M/1963M
[INFO] ------------------------------------------------------------------------
Sun Dec  3 00:50:32 MST 2017
