Sun Dec  3 00:50:25 MST 2017
Classifying ontology file: /scratch/Shares/hunter/obo-ci/data-all/base/ontologies/fbcv/fbcv_flat.owl
[INFO] Error stacktraces are turned on.
[INFO] Scanning for projects...
[INFO]                                                                         
[INFO] ------------------------------------------------------------------------
[INFO] Building ontology-classify 1.0
[INFO] ------------------------------------------------------------------------
[INFO] 
[INFO] --- exec-maven-plugin:1.1:exec (default-cli) @ ontology-classify ---
[INFO] /bin/sh: module: line 1: syntax error: unexpected end of file
[INFO] /bin/sh: error importing function definition for `BASH_FUNC_module'
[INFO] 2017-12-03 00:50:31,027 INFO  (ParserWrapper:75) Start loading ontology: file:/scratch/Shares/hunter/obo-ci/data-all/base/ontologies/fbcv/fbcv_flat.owl from: file:/scratch/Shares/hunter/obo-ci/data-all/base/ontologies/fbcv/fbcv_flat.owl
[INFO] 2017-12-03 00:50:36,537 INFO  (ParserWrapper:82) Finished loading ontology: http://purl.obolibrary.org/obo/fbcv.owl from: file:/scratch/Shares/hunter/obo-ci/data-all/base/ontologies/fbcv/fbcv_flat.owl
[INFO] Found cycles in the graph
[INFO] Cycle: ObjectSomeValuesFrom(part_of 'part_of' FBdv:00005336 'larval stage') ObjectSomeValuesFrom(ends_at_start_of 'immediately_precedes' FBdv:00005369 'adult stage') ObjectSomeValuesFrom(ends_at_start_of 'immediately_precedes' FBdv:00005349 'pupal stage') FBdv:00005369 'adult stage' FBdv:00007026 'mature adult stage' FBdv:00005349 'pupal stage' FBdv:00007025 'immature adult stage' FBdv:00005342 'prepupal stage' FBdv:00005289 'embryonic stage' ObjectSomeValuesFrom(ends_at_start_of 'immediately_precedes' FBdv:00007025 'immature adult stage') ObjectSomeValuesFrom(ends_at_start_of 'immediately_precedes' FBdv:00006012 'adult stage A3') ObjectSomeValuesFrom(ends_at_start_of 'immediately_precedes' FBdv:00007001 'P-stage') FBdv:00006011 'pharate adult stage' ObjectSomeValuesFrom(ends_at_start_of 'immediately_precedes' FBdv:00006011 'pharate adult stage') FBdv:00006012 'adult stage A3' ObjectSomeValuesFrom(starts_at_end_of 'immediately_preceded_by' FBdv:00005336 'larval stage') FBdv:00007001 'P-stage' ObjectSomeValuesFrom(starts_at_end_of 'immediately_preceded_by' FBdv:00005337 'first instar larval stage') ObjectSomeValuesFrom(starts_at_end_of 'immediately_preceded_by' FBdv:00005338 'second instar larval stage') ObjectSomeValuesFrom(ends_at_start_of 'immediately_precedes' FBdv:00005342 'prepupal stage') ObjectSomeValuesFrom(ends_at_start_of 'immediately_precedes' FBdv:00007026 'mature adult stage') ObjectSomeValuesFrom(starts_at_end_of 'immediately_preceded_by' FBdv:00005339 'third instar larval stage') ObjectSomeValuesFrom(ends_at_start_of 'immediately_precedes' FBdv:00005336 'larval stage') ObjectSomeValuesFrom(ends_at_start_of 'immediately_precedes' FBdv:00005337 'first instar larval stage') ObjectSomeValuesFrom(ends_at_start_of 'immediately_precedes' FBdv:00005338 'second instar larval stage') ObjectSomeValuesFrom(ends_at_start_of 'immediately_precedes' FBdv:00005339 'third instar larval stage') ObjectSomeValuesFrom(starts_at_end_of 'immediately_preceded_by' FBdv:00005370 'adult stage A1') ObjectSomeValuesFrom(starts_at_end_of 'immediately_preceded_by' FBdv:00005371 'adult stage A2') ObjectSomeValuesFrom(part_of 'part_of' FBdv:00007025 'immature adult stage') FBdv:00005339 'third instar larval stage' ObjectSomeValuesFrom(part_of 'part_of' FBdv:00007001 'P-stage') ObjectSomeValuesFrom(starts_at_end_of 'immediately_preceded_by' FBdv:00007025 'immature adult stage') FBdv:00005336 'larval stage' ObjectSomeValuesFrom(starts_at_end_of 'immediately_preceded_by' FBdv:00006012 'adult stage A3') ObjectSomeValuesFrom(starts_at_end_of 'immediately_preceded_by' FBdv:00005289 'embryonic stage') FBdv:00005337 'first instar larval stage' ObjectSomeValuesFrom(starts_at_end_of 'immediately_preceded_by' FBdv:00007001 'P-stage') ObjectSomeValuesFrom(ends_at_start_of 'immediately_precedes' FBdv:00005370 'adult stage A1') ObjectSomeValuesFrom(starts_at_end_of 'immediately_preceded_by' FBdv:00006011 'pharate adult stage') ObjectSomeValuesFrom(ends_at_start_of 'immediately_precedes' FBdv:00005371 'adult stage A2') FBdv:00005338 'second instar larval stage' ObjectSomeValuesFrom(starts_at_end_of 'immediately_preceded_by' FBdv:00005342 'prepupal stage') FBdv:00005371 'adult stage A2' ObjectSomeValuesFrom(starts_at_end_of 'immediately_preceded_by' FBdv:00005349 'pupal stage') FBdv:00005370 'adult stage A1'
[INFO] ------------------------------------------------------------------------
[INFO] BUILD SUCCESS
[INFO] ------------------------------------------------------------------------
[INFO] Total time: 12.241 s
[INFO] Finished at: 2017-12-03T00:50:39-07:00
[INFO] Final Memory: 21M/1963M
[INFO] ------------------------------------------------------------------------
Sun Dec  3 00:50:39 MST 2017
