Wed Oct 24 12:22:49 UTC 2018
Classifying ontology file: /mnt/efsdata/obo-ci-data/base/ontologies/fbdv_fbdv-simple/fbdv_fbdv-simple_flat.owl
[INFO] Error stacktraces are turned on.
[INFO] Scanning for projects...
[INFO]                                                                         
[INFO] ------------------------------------------------------------------------
[INFO] Building ontology-classify 1.0
[INFO] ------------------------------------------------------------------------
[INFO] 
[INFO] --- exec-maven-plugin:1.1:exec (default-cli) @ ontology-classify ---
[INFO] 2018-10-24 12:22:53,095 INFO  (ParserWrapper:75) Start loading ontology: file:/mnt/efsdata/obo-ci-data/base/ontologies/fbdv_fbdv-simple/fbdv_fbdv-simple_flat.owl from: file:/mnt/efsdata/obo-ci-data/base/ontologies/fbdv_fbdv-simple/fbdv_fbdv-simple_flat.owl
[INFO] 2018-10-24 12:22:53,829 INFO  (ParserWrapper:82) Finished loading ontology: http://purl.obolibrary.org/obo/fbdv/fbdv-simple.owl from: file:/mnt/efsdata/obo-ci-data/base/ontologies/fbdv_fbdv-simple/fbdv_fbdv-simple_flat.owl
[INFO] ------------------------------------------------------------------------
[INFO] BUILD SUCCESS
[INFO] ------------------------------------------------------------------------
[INFO] Total time: 6.157s
[INFO] Finished at: Wed Oct 24 12:22:56 UTC 2018
[INFO] Final Memory: 6M/289M
[INFO] ------------------------------------------------------------------------
Wed Oct 24 12:22:56 UTC 2018
