Wed Oct 24 12:23:01 UTC 2018
Classifying ontology file: /mnt/efsdata/obo-ci-data/base/ontologies/flopo/flopo_flat.owl
[INFO] Error stacktraces are turned on.
[INFO] Scanning for projects...
[INFO]                                                                         
[INFO] ------------------------------------------------------------------------
[INFO] Building ontology-classify 1.0
[INFO] ------------------------------------------------------------------------
[INFO] 
[INFO] --- exec-maven-plugin:1.1:exec (default-cli) @ ontology-classify ---
[INFO] 2018-10-24 12:23:05,398 INFO  (ParserWrapper:75) Start loading ontology: file:/mnt/efsdata/obo-ci-data/base/ontologies/flopo/flopo_flat.owl from: file:/mnt/efsdata/obo-ci-data/base/ontologies/flopo/flopo_flat.owl
[INFO] 2018-10-24 12:26:13,363 INFO  (ParserWrapper:82) Finished loading ontology: http://purl.obolibrary.org/obo/flopo.owl from: file:/mnt/efsdata/obo-ci-data/base/ontologies/flopo/flopo_flat.owl
[INFO] Found cycles in the graph
[INFO] Cycle: ObjectSomeValuesFrom(has_part 'has_part' PO:0009053 'peduncle') ObjectSomeValuesFrom(part_of 'part_of' PO:0025104 'first order inflorescence axis') PO:0025104 'first order inflorescence axis' PO:0009053 'peduncle'
[INFO] ------------------------------------------------------------------------
[INFO] BUILD SUCCESS
[INFO] ------------------------------------------------------------------------
[INFO] Total time: 3:13.602s
[INFO] Finished at: Wed Oct 24 12:26:16 UTC 2018
[INFO] Final Memory: 5M/229M
[INFO] ------------------------------------------------------------------------
Wed Oct 24 12:26:16 UTC 2018
