Wed Oct 24 12:23:08 UTC 2018
Classifying ontology file: /mnt/efsdata/obo-ci-data/base/ontologies/fma/fma_flat.owl
[INFO] Error stacktraces are turned on.
[INFO] Scanning for projects...
[INFO]                                                                         
[INFO] ------------------------------------------------------------------------
[INFO] Building ontology-classify 1.0
[INFO] ------------------------------------------------------------------------
[INFO] 
[INFO] --- exec-maven-plugin:1.1:exec (default-cli) @ ontology-classify ---
[INFO] 2018-10-24 12:23:12,318 INFO  (ParserWrapper:75) Start loading ontology: file:/mnt/efsdata/obo-ci-data/base/ontologies/fma/fma_flat.owl from: file:/mnt/efsdata/obo-ci-data/base/ontologies/fma/fma_flat.owl
[INFO] 2018-10-24 12:28:42,348 INFO  (ParserWrapper:82) Finished loading ontology: http://purl.obolibrary.org/obo/fma.owl from: file:/mnt/efsdata/obo-ci-data/base/ontologies/fma/fma_flat.owl
[INFO] Found cycles in the graph
[INFO] Cycle: ObjectSomeValuesFrom(attaches_to 'attaches_to' FMA:12225 'Chorda tendinea') FMA:12225 'Chorda tendinea' FMA:67598 'Leaf of cardiac valve' ObjectSomeValuesFrom(attaches_to 'attaches_to' FMA:67598 'Leaf of cardiac valve')
[INFO] Cycle: FMA:7274 'Wall of heart' ObjectSomeValuesFrom(attaches_to 'attaches_to' FMA:9496 'Fibrous skeleton of heart') FMA:9496 'Fibrous skeleton of heart' ObjectSomeValuesFrom(attaches_to 'attaches_to' FMA:7274 'Wall of heart')
[INFO] Cycle: ObjectSomeValuesFrom(attaches_to 'attaches_to' FMA:9498 'Fibrous ring of mitral valve') ObjectSomeValuesFrom(regional_part_of 'regional_part_of' FMA:7235 'Mitral valve') ObjectSomeValuesFrom(attaches_to 'attaches_to' FMA:9349 'Chorda tendinea of left ventricle') FMA:9498 'Fibrous ring of mitral valve' ObjectSomeValuesFrom(attaches_to 'attaches_to' FMA:7241 'Leaflet of mitral valve') FMA:9349 'Chorda tendinea of left ventricle' FMA:7235 'Mitral valve' FMA:7241 'Leaflet of mitral valve'
[INFO] Cycle: ObjectSomeValuesFrom(attaches_to 'attaches_to' FMA:13254 'Semilunar fibrous scallop of aortic valve anulus') FMA:7251 'Cusp of aortic valve' ObjectSomeValuesFrom(attaches_to 'attaches_to' FMA:7251 'Cusp of aortic valve') FMA:13254 'Semilunar fibrous scallop of aortic valve anulus'
[INFO] Cycle: ObjectSomeValuesFrom(attaches_to 'attaches_to' FMA:13255 'Semilunar fibrous scallop of pulmonary valve anulus') FMA:7248 'Cusp of pulmonary valve' ObjectSomeValuesFrom(attaches_to 'attaches_to' FMA:7248 'Cusp of pulmonary valve') FMA:13255 'Semilunar fibrous scallop of pulmonary valve anulus'
[INFO] Cycle: FMA:9500 'Fibrous ring of tricuspid valve' ObjectSomeValuesFrom(regional_part_of 'regional_part_of' FMA:7234 'Tricuspid valve') ObjectSomeValuesFrom(attaches_to 'attaches_to' FMA:9300 'Chorda tendinea of right ventricle') ObjectSomeValuesFrom(attaches_to 'attaches_to' FMA:7237 'Leaflet of tricuspid valve') ObjectSomeValuesFrom(attaches_to 'attaches_to' FMA:9500 'Fibrous ring of tricuspid valve') FMA:7237 'Leaflet of tricuspid valve' FMA:7234 'Tricuspid valve' FMA:9300 'Chorda tendinea of right ventricle'
[INFO] Cycle: FMA:9503 'Fibrous ring of pulmonary valve' ObjectSomeValuesFrom(regional_part_of 'regional_part_of' FMA:7246 'Pulmonary valve') ObjectSomeValuesFrom(attaches_to 'attaches_to' FMA:9503 'Fibrous ring of pulmonary valve') FMA:7246 'Pulmonary valve'
[INFO] Cycle: FMA:84169 'Myocardium proper of muscular part of interventricular septum' ObjectSomeValuesFrom(regional_part_of 'regional_part_of' FMA:9582 'Serous pericardium') ObjectSomeValuesFrom(regional_part_of 'regional_part_of' FMA:9462 'Myocardium') FMA:9586 'Fibrous pericardium' FMA:7280 'Endocardium' FMA:9462 'Myocardium' FMA:9582 'Serous pericardium' FMA:9461 'Epicardium' ObjectSomeValuesFrom(regional_part_of 'regional_part_of' FMA:258855 'Serous pericardium proper') ObjectSomeValuesFrom(regional_part_of 'regional_part_of' FMA:84882 'Visceral serous pericardium') FMA:84882 'Visceral serous pericardium' ObjectSomeValuesFrom(attaches_to 'attaches_to' FMA:9586 'Fibrous pericardium') FMA:3736 'Ascending aorta' ObjectSomeValuesFrom(attaches_to 'attaches_to' FMA:7280 'Endocardium') ObjectSomeValuesFrom(attaches_to 'attaches_to' FMA:9462 'Myocardium') ObjectSomeValuesFrom(attaches_to 'attaches_to' FMA:9461 'Epicardium') ObjectSomeValuesFrom(attaches_to 'attaches_to' FMA:58279 'Central tendon') ObjectSomeValuesFrom(regional_part_of 'regional_part_of' FMA:84470 'Myocardium proper') ObjectSomeValuesFrom(constitutional_part_of 'constitutional_part_of' FMA:52419 'Crista supraventricularis (volume)') FMA:84741 'Visceral serous pericardium of ascending aorta' ObjectSomeValuesFrom(regional_part_of 'regional_part_of' FMA:84269 'Serous pericardium of ascending aorta') FMA:84470 'Myocardium proper' FMA:258855 'Serous pericardium proper' FMA:52419 'Crista supraventricularis (volume)' FMA:84269 'Serous pericardium of ascending aorta' ObjectSomeValuesFrom(regional_part_of 'regional_part_of' FMA:84169 'Myocardium proper of muscular part of interventricular septum') ObjectSomeValuesFrom(attaches_to 'attaches_to' FMA:3736 'Ascending aorta') FMA:58279 'Central tendon' ObjectSomeValuesFrom(attaches_to 'attaches_to' FMA:84741 'Visceral serous pericardium of ascending aorta')
[INFO] Cycle: FMA:9558 'Myocardium of left ventricle' FMA:9557 'Epicardium of left ventricle' ObjectSomeValuesFrom(attaches_to 'attaches_to' FMA:9558 'Myocardium of left ventricle') ObjectSomeValuesFrom(attaches_to 'attaches_to' FMA:9557 'Epicardium of left ventricle')
[INFO] Cycle: ObjectSomeValuesFrom(attaches_to 'attaches_to' FMA:9534 'Epicardium of right ventricle') ObjectSomeValuesFrom(attaches_to 'attaches_to' FMA:9535 'Myocardium of right ventricle') FMA:9534 'Epicardium of right ventricle' FMA:9535 'Myocardium of right ventricle'
[INFO] Cycle: FMA:9502 'Fibrous ring of aortic valve' ObjectSomeValuesFrom(regional_part_of 'regional_part_of' FMA:7236 'Aortic valve') ObjectSomeValuesFrom(attaches_to 'attaches_to' FMA:9502 'Fibrous ring of aortic valve') FMA:7236 'Aortic valve'
[INFO] Cycle: ObjectSomeValuesFrom(attaches_to 'attaches_to' FMA:7252 'Right posterior cusp of aortic valve') FMA:7252 'Right posterior cusp of aortic valve' ObjectSomeValuesFrom(attaches_to 'attaches_to' FMA:9505 'Right fibrous trigone of heart') FMA:9505 'Right fibrous trigone of heart'
[INFO] Cycle: ObjectSomeValuesFrom(attaches_to 'attaches_to' FMA:83523 'Sulcal connective tissue of fibrous ring of mitral valve anulus') ObjectSomeValuesFrom(attaches_to 'attaches_to' FMA:85236 'Intersulcal connective tissue of fibrous ring of mitral valve') FMA:83523 'Sulcal connective tissue of fibrous ring of mitral valve anulus' ObjectSomeValuesFrom(regional_part_of 'regional_part_of' FMA:85230 'Interfilar connective tissue of mitral valve') FMA:85230 'Interfilar connective tissue of mitral valve' FMA:85236 'Intersulcal connective tissue of fibrous ring of mitral valve'
[INFO] Cycle: ObjectSomeValuesFrom(attaches_to 'attaches_to' FMA:83522 'Sulcal connective tissue of fibrous ring of tricuspid valve') ObjectSomeValuesFrom(attaches_to 'attaches_to' FMA:85235 'Intersulcal connective tissue of fibrous ring of tricuspid valve') ObjectSomeValuesFrom(regional_part_of 'regional_part_of' FMA:85227 'Interfilar connective tissue of tricuspid valve') FMA:83522 'Sulcal connective tissue of fibrous ring of tricuspid valve' FMA:85235 'Intersulcal connective tissue of fibrous ring of tricuspid valve' FMA:85227 'Interfilar connective tissue of tricuspid valve'
[INFO] Cycle: ObjectSomeValuesFrom(attaches_to 'attaches_to' FMA:9532 'Epicardium of left atrium') FMA:9532 'Epicardium of left atrium' FMA:83532 'Myocardium of left atrium' ObjectSomeValuesFrom(attaches_to 'attaches_to' FMA:83532 'Myocardium of left atrium')
[INFO] Cycle: FMA:9460 'Epicardium of right atrium' ObjectSomeValuesFrom(attaches_to 'attaches_to' FMA:9460 'Epicardium of right atrium') FMA:83531 'Myocardium of right atrium' ObjectSomeValuesFrom(attaches_to 'attaches_to' FMA:83531 'Myocardium of right atrium')
[INFO] Cycle: ObjectSomeValuesFrom(attaches_to 'attaches_to' FMA:66643 'Pulmonary vein') FMA:84745 'Visceral serous pericardium of pulmonary vein' ObjectSomeValuesFrom(attaches_to 'attaches_to' FMA:84745 'Visceral serous pericardium of pulmonary vein') FMA:66643 'Pulmonary vein'
[INFO] Cycle: FMA:4720 'Superior vena cava' FMA:84743 'Visceral serous pericardium of superior vena cava' ObjectSomeValuesFrom(attaches_to 'attaches_to' FMA:4720 'Superior vena cava') ObjectSomeValuesFrom(attaches_to 'attaches_to' FMA:84743 'Visceral serous pericardium of superior vena cava')
[INFO] Cycle: FMA:8612 'Pulmonary trunk' ObjectSomeValuesFrom(attaches_to 'attaches_to' FMA:8612 'Pulmonary trunk') ObjectSomeValuesFrom(attaches_to 'attaches_to' FMA:84742 'Visceral serous pericardium of pulmonary trunk') FMA:84742 'Visceral serous pericardium of pulmonary trunk'
[INFO] ------------------------------------------------------------------------
[INFO] BUILD SUCCESS
[INFO] ------------------------------------------------------------------------
[INFO] Total time: 8:18.225s
[INFO] Finished at: Wed Oct 24 12:31:27 UTC 2018
[INFO] Final Memory: 6M/289M
[INFO] ------------------------------------------------------------------------
Wed Oct 24 12:31:28 UTC 2018
