Sun Dec  3 00:50:25 MST 2017
Classifying ontology file: /scratch/Shares/hunter/obo-ci/data-all/base/ontologies/foodon_core/foodon_core_flat.owl
[INFO] Error stacktraces are turned on.
[INFO] Scanning for projects...
[INFO]                                                                         
[INFO] ------------------------------------------------------------------------
[INFO] Building ontology-classify 1.0
[INFO] ------------------------------------------------------------------------
[INFO] 
[INFO] --- exec-maven-plugin:1.1:exec (default-cli) @ ontology-classify ---
[INFO] /bin/sh: module: line 1: syntax error: unexpected end of file
[INFO] /bin/sh: error importing function definition for `BASH_FUNC_module'
[INFO] 2017-12-03 00:50:31,129 INFO  (ParserWrapper:75) Start loading ontology: file:/scratch/Shares/hunter/obo-ci/data-all/base/ontologies/foodon_core/foodon_core_flat.owl from: file:/scratch/Shares/hunter/obo-ci/data-all/base/ontologies/foodon_core/foodon_core_flat.owl
[INFO] 2017-12-03 00:50:41,220 INFO  (ParserWrapper:82) Finished loading ontology: http://purl.obolibrary.org/obo/foodon.owl from: file:/scratch/Shares/hunter/obo-ci/data-all/base/ontologies/foodon_core/foodon_core_flat.owl
[INFO] Found cycles in the graph
[INFO] Cycle: ObjectSomeValuesFrom(FOODON:00001301 'has food substance analog' GENEPIO:0001098 'synthetic vanilla extract') GENEPIO:0001098 'synthetic vanilla extract' ObjectSomeValuesFrom(FOODON:00001301 'has food substance analog' FOODON:03316764 'vanilla extract') FOODON:03316764 'vanilla extract'
[INFO] Cycle: ObjectAllValuesFrom(RO:0001025 'located_in' GAZ:00005862 'Micronesia') GAZ:00005862 'Micronesia'
[INFO] ------------------------------------------------------------------------
[INFO] BUILD SUCCESS
[INFO] ------------------------------------------------------------------------
[INFO] Total time: 17.668 s
[INFO] Finished at: 2017-12-03T00:50:44-07:00
[INFO] Final Memory: 21M/1963M
[INFO] ------------------------------------------------------------------------
Sun Dec  3 00:50:44 MST 2017
