Wed Oct 24 12:23:50 UTC 2018
Classifying ontology file: /mnt/efsdata/obo-ci-data/base/ontologies/geno/geno_flat.owl
[INFO] Error stacktraces are turned on.
[INFO] Scanning for projects...
[INFO]                                                                         
[INFO] ------------------------------------------------------------------------
[INFO] Building ontology-classify 1.0
[INFO] ------------------------------------------------------------------------
[INFO] 
[INFO] --- exec-maven-plugin:1.1:exec (default-cli) @ ontology-classify ---
[INFO] 2018-10-24 12:23:54,404 INFO  (ParserWrapper:75) Start loading ontology: file:/mnt/efsdata/obo-ci-data/base/ontologies/geno/geno_flat.owl from: file:/mnt/efsdata/obo-ci-data/base/ontologies/geno/geno_flat.owl
[INFO] 2018-10-24 12:23:55,226 INFO  (ParserWrapper:82) Finished loading ontology: http://purl.obolibrary.org/obo/geno.owl from: file:/mnt/efsdata/obo-ci-data/base/ontologies/geno/geno_flat.owl
[INFO] Found cycles in the graph
[INFO] Cycle: ObjectSomeValuesFrom(BFO:0000051 'has part' GENO:0000093 'integrated transgene') GENO:0000093 'integrated transgene' ObjectSomeValuesFrom(BFO:0000050 'is part of' SO:0001218 'transgenic_insertion') SO:0001218 'transgenic_insertion'
[INFO] ------------------------------------------------------------------------
[INFO] BUILD SUCCESS
[INFO] ------------------------------------------------------------------------
[INFO] Total time: 3.689s
[INFO] Finished at: Wed Oct 24 12:23:55 UTC 2018
[INFO] Final Memory: 5M/229M
[INFO] ------------------------------------------------------------------------
Wed Oct 24 12:23:55 UTC 2018
