Sun Dec  3 00:50:24 MST 2017
Classifying ontology file: /scratch/Shares/hunter/obo-ci/data-all/base/ontologies/go/go_flat.owl
[INFO] Error stacktraces are turned on.
[INFO] Scanning for projects...
[INFO]                                                                         
[INFO] ------------------------------------------------------------------------
[INFO] Building ontology-classify 1.0
[INFO] ------------------------------------------------------------------------
[INFO] 
[INFO] --- exec-maven-plugin:1.1:exec (default-cli) @ ontology-classify ---
[INFO] /bin/sh: module: line 1: syntax error: unexpected end of file
[INFO] /bin/sh: error importing function definition for `BASH_FUNC_module'
[INFO] 2017-12-03 00:50:29,686 INFO  (ParserWrapper:75) Start loading ontology: file:/scratch/Shares/hunter/obo-ci/data-all/base/ontologies/go/go_flat.owl from: file:/scratch/Shares/hunter/obo-ci/data-all/base/ontologies/go/go_flat.owl
[INFO] 2017-12-03 00:51:08,997 INFO  (ParserWrapper:82) Finished loading ontology: http://purl.obolibrary.org/obo/go.owl from: file:/scratch/Shares/hunter/obo-ci/data-all/base/ontologies/go/go_flat.owl
[INFO] Found cycles in the graph
[INFO] Cycle: ObjectSomeValuesFrom(part_of 'part of' GO:0000278 'mitotic cell cycle') GO:0140014 'mitotic nuclear division' GO:1903047 'mitotic cell cycle process' GO:0000278 'mitotic cell cycle' ObjectSomeValuesFrom(has_part 'has_part' GO:0140014 'mitotic nuclear division')
[INFO] Cycle: GO:0051321 'meiotic cell cycle' GO:0140013 'meiotic nuclear division' ObjectSomeValuesFrom(has_part 'has_part' GO:0140013 'meiotic nuclear division') GO:1903046 'meiotic cell cycle process' ObjectSomeValuesFrom(part_of 'part of' GO:0051321 'meiotic cell cycle')
[INFO] Cycle: ObjectSomeValuesFrom(part_of 'part of' GO:0007186 'G-protein coupled receptor signaling pathway') ObjectSomeValuesFrom(has_part 'has_part' GO:0004930 'G-protein coupled receptor activity') GO:0007186 'G-protein coupled receptor signaling pathway' GO:0004930 'G-protein coupled receptor activity'
[INFO] Cycle: GO:0098664 'G-protein coupled serotonin receptor signaling pathway' ObjectSomeValuesFrom(part_of 'part of' GO:0098664 'G-protein coupled serotonin receptor signaling pathway') ObjectSomeValuesFrom(has_part 'has_part' GO:0004993 'G-protein coupled serotonin receptor activity') GO:0004993 'G-protein coupled serotonin receptor activity'
[INFO] Cycle: GO:0097545 'axonemal outer doublet' GO:0097650 'B axonemal microtubule' ObjectSomeValuesFrom(has_part 'has_part' GO:0097649 'A axonemal microtubule') GO:0097649 'A axonemal microtubule' ObjectSomeValuesFrom(part_of 'part of' GO:0097545 'axonemal outer doublet') ObjectSomeValuesFrom(has_part 'has_part' GO:0097650 'B axonemal microtubule')
[INFO] Cycle: GO:0097540 'axonemal central pair' ObjectSomeValuesFrom(has_part 'has_part' GO:1990719 'C1 axonemal microtubule') ObjectSomeValuesFrom(has_part 'has_part' GO:1990720 'C2 axonemal microtubule') GO:1990720 'C2 axonemal microtubule' ObjectSomeValuesFrom(part_of 'part of' GO:0097540 'axonemal central pair') GO:1990719 'C1 axonemal microtubule'
[INFO] Cycle: ObjectSomeValuesFrom(has_part 'has_part' GO:0006415 'translational termination') ObjectSomeValuesFrom(has_part 'has_part' GO:0006414 'translational elongation') ObjectSomeValuesFrom(has_part 'has_part' GO:0006413 'translational initiation') GO:0006414 'translational elongation' GO:0006413 'translational initiation' GO:0006415 'translational termination' GO:0006412 'translation' GO:0001677 'formation of translation initiation ternary complex' ObjectSomeValuesFrom(has_part 'has_part' GO:0001677 'formation of translation initiation ternary complex') ObjectSomeValuesFrom(part_of 'part of' GO:0006413 'translational initiation') ObjectSomeValuesFrom(part_of 'part of' GO:0006412 'translation')
[INFO] Cycle: ObjectSomeValuesFrom(has_part 'has_part' GO:0009556 'microsporogenesis') GO:0009555 'pollen development' GO:0009556 'microsporogenesis' ObjectSomeValuesFrom(part_of 'part of' GO:0009555 'pollen development')
[INFO] Cycle: ObjectSomeValuesFrom(has_part 'has_part' GO:0032420 'stereocilium') GO:0032420 'stereocilium' GO:0032421 'stereocilium bundle' ObjectSomeValuesFrom(part_of 'part of' GO:0032421 'stereocilium bundle')
[INFO] Cycle: GO:0006096 'glycolytic process' ObjectSomeValuesFrom(part_of 'part of' GO:0006096 'glycolytic process') GO:0004743 'pyruvate kinase activity' ObjectSomeValuesFrom(has_part 'has_part' GO:0004743 'pyruvate kinase activity')
[INFO] Cycle: GO:0003872 '6-phosphofructokinase activity' ObjectSomeValuesFrom(has_part 'has_part' GO:0003872 '6-phosphofructokinase activity') ObjectSomeValuesFrom(part_of 'part of' GO:0061615 'glycolytic process through fructose-6-phosphate') GO:0061615 'glycolytic process through fructose-6-phosphate'
[INFO] Cycle: ObjectSomeValuesFrom(has_part 'has_part' GO:0097190 'apoptotic signaling pathway') GO:0097194 'execution phase of apoptosis' GO:0097190 'apoptotic signaling pathway' GO:0006915 'apoptotic process' ObjectSomeValuesFrom(part_of 'part of' GO:0006915 'apoptotic process') ObjectSomeValuesFrom(has_part 'has_part' GO:0097194 'execution phase of apoptosis')
[INFO] Cycle: ObjectSomeValuesFrom(has_part 'has_part' GO:0000045 'autophagosome assembly') ObjectSomeValuesFrom(part_of 'part of' GO:0016236 'macroautophagy') GO:1905037 'autophagosome organization' GO:0000045 'autophagosome assembly' GO:0016236 'macroautophagy'
[INFO] Cycle: ObjectSomeValuesFrom(part_of 'part of' GO:0046785 'microtubule polymerization') ObjectSomeValuesFrom(has_part 'has_part' GO:0007020 'microtubule nucleation') GO:0046785 'microtubule polymerization' GO:0007020 'microtubule nucleation'
[INFO] Cycle: GO:0097712 'vesicle targeting, trans-Golgi to periciliary membrane compartment' GO:0097711 'ciliary basal body-plasma membrane docking' GO:0035735 'intraciliary transport involved in cilium assembly' ObjectSomeValuesFrom(has_part 'has_part' GO:0097712 'vesicle targeting, trans-Golgi to periciliary membrane compartment') ObjectSomeValuesFrom(has_part 'has_part' GO:0097711 'ciliary basal body-plasma membrane docking') ObjectSomeValuesFrom(has_part 'has_part' GO:0035735 'intraciliary transport involved in cilium assembly') ObjectSomeValuesFrom(has_part 'has_part' GO:0035082 'axoneme assembly') GO:0035082 'axoneme assembly' ObjectSomeValuesFrom(part_of 'part of' GO:0060271 'cilium assembly') ObjectSomeValuesFrom(has_part 'has_part' GO:1905349 'ciliary transition zone assembly') GO:1905349 'ciliary transition zone assembly' GO:0060271 'cilium assembly'
[INFO] Cycle: ObjectSomeValuesFrom(has_part 'has_part' GO:0001707 'mesoderm formation') ObjectSomeValuesFrom(has_part 'has_part' GO:0001706 'endoderm formation') ObjectSomeValuesFrom(has_part 'has_part' GO:0001705 'ectoderm formation') GO:0001704 'formation of primary germ layer' GO:0001705 'ectoderm formation' GO:0001706 'endoderm formation' GO:0001707 'mesoderm formation' GO:0007369 'gastrulation' ObjectSomeValuesFrom(part_of 'part of' GO:0007369 'gastrulation')
[INFO] Cycle: GO:0006887 'exocytosis' GO:0140029 'exocytic process' ObjectSomeValuesFrom(part_of 'part of' GO:0006887 'exocytosis') ObjectSomeValuesFrom(has_part 'has_part' GO:0099500 'vesicle fusion to plasma membrane') GO:0099500 'vesicle fusion to plasma membrane'
[INFO] Cycle: GO:0061669 'spontaneous neurotransmitter secretion' ObjectSomeValuesFrom(has_part 'has_part' GO:0061669 'spontaneous neurotransmitter secretion') GO:0098814 'spontaneous synaptic transmission' ObjectSomeValuesFrom(part_of 'part of' GO:0098814 'spontaneous synaptic transmission')
[INFO] Cycle: GO:0004949 'cannabinoid receptor activity' ObjectSomeValuesFrom(part_of 'part of' GO:0038171 'cannabinoid signaling pathway') ObjectSomeValuesFrom(has_part 'has_part' GO:0004949 'cannabinoid receptor activity') GO:0038171 'cannabinoid signaling pathway'
[INFO] Cycle: ObjectSomeValuesFrom(part_of 'part of' GO:0035235 'ionotropic glutamate receptor signaling pathway') ObjectSomeValuesFrom(has_part 'has_part' GO:0004970 'ionotropic glutamate receptor activity') GO:0035235 'ionotropic glutamate receptor signaling pathway' GO:0004970 'ionotropic glutamate receptor activity'
[INFO] Cycle: ObjectSomeValuesFrom(has_part 'has_part' GO:0004935 'adrenergic receptor activity') GO:0071875 'adrenergic receptor signaling pathway' GO:0004935 'adrenergic receptor activity' ObjectSomeValuesFrom(part_of 'part of' GO:0071875 'adrenergic receptor signaling pathway')
[INFO] Cycle: ObjectSomeValuesFrom(part_of 'part of' GO:0120077 'angiogenic sprout fusion') GO:0120077 'angiogenic sprout fusion' ObjectSomeValuesFrom(has_part 'has_part' GO:0120078 'cell adhesion involved in sprouting angiogenisis') GO:0120078 'cell adhesion involved in sprouting angiogenisis'
[INFO] Cycle: ObjectSomeValuesFrom(has_part 'has_part' GO:0060478 'acrosomal vesicle exocytosis') ObjectSomeValuesFrom(has_part 'has_part' GO:0002078 'membrane fusion involved in acrosome reaction') GO:0002078 'membrane fusion involved in acrosome reaction' GO:0007340 'acrosome reaction' GO:0060478 'acrosomal vesicle exocytosis' ObjectSomeValuesFrom(part_of 'part of' GO:0007340 'acrosome reaction')
[INFO] Cycle: GO:0014069 'postsynaptic density' GO:0032279 'asymmetric synapse' ObjectSomeValuesFrom(has_part 'has_part' GO:0014069 'postsynaptic density') ObjectSomeValuesFrom(part_of 'part of' GO:0032279 'asymmetric synapse')
[INFO] Cycle: ObjectSomeValuesFrom(has_part 'has_part' GO:0001845 'phagolysosome assembly') GO:0001845 'phagolysosome assembly' ObjectSomeValuesFrom(part_of 'part of' GO:0090382 'phagosome maturation') GO:0090382 'phagosome maturation'
[INFO] Cycle: ObjectSomeValuesFrom(has_part 'has_part' GO:0004142 'diacylglycerol cholinephosphotransferase activity') GO:0004103 'choline kinase activity' GO:0006657 'CDP-choline pathway' ObjectSomeValuesFrom(part_of 'part of' GO:0006657 'CDP-choline pathway') ObjectSomeValuesFrom(has_part 'has_part' GO:0004103 'choline kinase activity') GO:0004142 'diacylglycerol cholinephosphotransferase activity'
[INFO] Cycle: ObjectSomeValuesFrom(part_of 'part of' GO:0007206 'phospholipase C-activating G-protein coupled glutamate receptor signaling pathway') GO:0007206 'phospholipase C-activating G-protein coupled glutamate receptor signaling pathway' ObjectSomeValuesFrom(has_part 'has_part' GO:0001639 'PLC activating G-protein coupled glutamate receptor activity') GO:0001639 'PLC activating G-protein coupled glutamate receptor activity'
[INFO] Cycle: ObjectSomeValuesFrom(has_part 'has_part' GO:0060156 'milk ejection reflex') ObjectSomeValuesFrom(part_of 'part of' GO:0007595 'lactation') GO:0060156 'milk ejection reflex' GO:0007595 'lactation'
[INFO] Cycle: GO:0016907 'G-protein coupled acetylcholine receptor activity' ObjectSomeValuesFrom(has_part 'has_part' GO:0016907 'G-protein coupled acetylcholine receptor activity') ObjectSomeValuesFrom(part_of 'part of' GO:0007213 'G-protein coupled acetylcholine receptor signaling pathway') GO:0007213 'G-protein coupled acetylcholine receptor signaling pathway'
[INFO] Cycle: GO:0001640 'adenylate cyclase inhibiting G-protein coupled glutamate receptor activity' ObjectSomeValuesFrom(has_part 'has_part' GO:0001640 'adenylate cyclase inhibiting G-protein coupled glutamate receptor activity') ObjectSomeValuesFrom(part_of 'part of' GO:0007196 'adenylate cyclase-inhibiting G-protein coupled glutamate receptor signaling pathway') GO:0007196 'adenylate cyclase-inhibiting G-protein coupled glutamate receptor signaling pathway'
[INFO] Cycle: ObjectSomeValuesFrom(part_of 'part of' GO:0070914 'UV-damage excision repair') ObjectSomeValuesFrom(has_part 'has_part' GO:1990731 'UV-damage excision repair, DNA incision') GO:0070914 'UV-damage excision repair' GO:1990731 'UV-damage excision repair, DNA incision'
[INFO] Cycle: ObjectSomeValuesFrom(has_part 'has_part' GO:0009051 'pentose-phosphate shunt, oxidative branch') ObjectSomeValuesFrom(has_part 'has_part' GO:0009052 'pentose-phosphate shunt, non-oxidative branch') GO:0009052 'pentose-phosphate shunt, non-oxidative branch' GO:0009051 'pentose-phosphate shunt, oxidative branch' GO:0006098 'pentose-phosphate shunt' ObjectSomeValuesFrom(part_of 'part of' GO:0006098 'pentose-phosphate shunt')
[INFO] ------------------------------------------------------------------------
[INFO] BUILD SUCCESS
[INFO] ------------------------------------------------------------------------
[INFO] Total time: 01:00 min
[INFO] Finished at: 2017-12-03T00:51:27-07:00
[INFO] Final Memory: 21M/1963M
[INFO] ------------------------------------------------------------------------
Sun Dec  3 00:51:27 MST 2017
