Wed Oct 24 12:24:04 UTC 2018
Classifying ontology file: /mnt/efsdata/obo-ci-data/base/ontologies/hancestro/hancestro_flat.owl
[INFO] Error stacktraces are turned on.
[INFO] Scanning for projects...
[INFO]                                                                         
[INFO] ------------------------------------------------------------------------
[INFO] Building ontology-classify 1.0
[INFO] ------------------------------------------------------------------------
[INFO] 
[INFO] --- exec-maven-plugin:1.1:exec (default-cli) @ ontology-classify ---
[INFO] 2018-10-24 12:24:08,088 INFO  (ParserWrapper:75) Start loading ontology: file:/mnt/efsdata/obo-ci-data/base/ontologies/hancestro/hancestro_flat.owl from: file:/mnt/efsdata/obo-ci-data/base/ontologies/hancestro/hancestro_flat.owl
[INFO] 2018-10-24 12:24:09,157 INFO  (ParserWrapper:82) Finished loading ontology: http://purl.obolibrary.org/obo/hancestro/hancestro.owl from: file:/mnt/efsdata/obo-ci-data/base/ontologies/hancestro/hancestro_flat.owl
[INFO] ------------------------------------------------------------------------
[INFO] BUILD SUCCESS
[INFO] ------------------------------------------------------------------------
[INFO] Total time: 3.924s
[INFO] Finished at: Wed Oct 24 12:24:09 UTC 2018
[INFO] Final Memory: 6M/289M
[INFO] ------------------------------------------------------------------------
Wed Oct 24 12:24:09 UTC 2018
