Wed Oct 24 12:25:14 UTC 2018
Classifying ontology file: /mnt/efsdata/obo-ci-data/base/ontologies/ico/ico_flat.owl
[INFO] Error stacktraces are turned on.
[INFO] Scanning for projects...
[INFO]                                                                         
[INFO] ------------------------------------------------------------------------
[INFO] Building ontology-classify 1.0
[INFO] ------------------------------------------------------------------------
[INFO] 
[INFO] --- exec-maven-plugin:1.1:exec (default-cli) @ ontology-classify ---
[INFO] 2018-10-24 12:25:18,600 INFO  (ParserWrapper:75) Start loading ontology: file:/mnt/efsdata/obo-ci-data/base/ontologies/ico/ico_flat.owl from: file:/mnt/efsdata/obo-ci-data/base/ontologies/ico/ico_flat.owl
[INFO] 2018-10-24 12:25:19,620 INFO  (ParserWrapper:82) Finished loading ontology: http://purl.obolibrary.org/obo/ico.owl from: file:/mnt/efsdata/obo-ci-data/base/ontologies/ico/ico_flat.owl
[INFO] Found cycles in the graph
[INFO] Cycle: OBI:0001909 'conclusion based on data' ObjectSomeValuesFrom(OBI:0000299 'has_specified_output' OBI:0001909 'conclusion based on data') ObjectSomeValuesFrom(OBI:0000312 'is_specified_output_of' OBI:0000338 'drawing a conclusion based on data') OBI:0000338 'drawing a conclusion based on data'
[INFO] Cycle: ICO:0000156 'adult consent' ICO:0000155 'informed consent' ObjectSomeValuesFrom(BFO:0000050 'part of' OBI:0000810 'informed consent process') ICO:0000086 'consenter role' ObjectSomeValuesFrom(RO:0000087 'has role' ICO:0000086 'consenter role') ObjectSomeValuesFrom(BFO:0000054 'realized in' ICO:0000156 'adult consent') ObjectSomeValuesFrom(RO:0000057 'has participant' ObjectSomeValuesFrom(RO:0000087 'has role' ICO:0000086 'consenter role')) OBI:0000810 'informed consent process'
[INFO] Cycle: ObjectAllValuesFrom(BFO:0000054 'realized in' OBI:0000274 'adding a material entity into a target') ObjectSomeValuesFrom(RO:0001025 'located in' ObjectIntersectionOf(BFO:0000040 'material entity' ObjectSomeValuesFrom(RO:0000087 'has role' OBI:0000444 'target of material addition role'))) ObjectSomeValuesFrom(BFO:0000055 'realizes' OBI:0000444 'target of material addition role') ObjectSomeValuesFrom(OBI:0000299 'has_specified_output' ObjectIntersectionOf(BFO:0000040 'material entity' ObjectSomeValuesFrom(RO:0000087 'has role' OBI:0000319 'material to be added role') ObjectSomeValuesFrom(RO:0001025 'located in' ObjectIntersectionOf(BFO:0000040 'material entity' ObjectSomeValuesFrom(RO:0000087 'has role' OBI:0000444 'target of material addition role'))))) ObjectIntersectionOf(BFO:0000040 'material entity' ObjectSomeValuesFrom(RO:0000087 'has role' OBI:0000444 'target of material addition role')) ObjectIntersectionOf(BFO:0000040 'material entity' ObjectSomeValuesFrom(RO:0000087 'has role' OBI:0000319 'material to be added role') ObjectSomeValuesFrom(RO:0001025 'located in' ObjectIntersectionOf(BFO:0000040 'material entity' ObjectSomeValuesFrom(RO:0000087 'has role' OBI:0000444 'target of material addition role')))) ObjectSomeValuesFrom(RO:0000087 'has role' OBI:0000444 'target of material addition role') OBI:0000274 'adding a material entity into a target' OBI:0000444 'target of material addition role'
[INFO] Cycle: ICO:0000084 'informed consent process with assenting process' ICO:0000143 'assent' ObjectSomeValuesFrom(RO:0002092 'happens during' ICO:0000084 'informed consent process with assenting process') ObjectSomeValuesFrom(BFO:0000051 'has part' ICO:0000143 'assent')
[INFO] Cycle: ObjectSomeValuesFrom(OBI:0000312 'is_specified_output_of' OBI:0600024 'maintaining cell culture') ObjectSomeValuesFrom(OBI:0000293 'has_specified_input' OBI:0100060 'cultured cell population') ObjectSomeValuesFrom(OBI:0000299 'has_specified_output' OBI:0100060 'cultured cell population') OBI:0600024 'maintaining cell culture' OBI:0100060 'cultured cell population'
[INFO] Cycle: ObjectIntersectionOf(OBI:0000372 'material separation function' ObjectAllValuesFrom(BFO:0000054 'realized in' OBI:0302886 'centrifugation')) ObjectSomeValuesFrom(RO:0000057 'has participant' OBI:0400106 'centrifuge') ObjectSomeValuesFrom(RO:0000085 'has function' ObjectIntersectionOf(OBI:0000372 'material separation function' ObjectAllValuesFrom(BFO:0000054 'realized in' OBI:0302886 'centrifugation'))) OBI:0302886 'centrifugation' ObjectAllValuesFrom(BFO:0000054 'realized in' OBI:0302886 'centrifugation') OBI:0400106 'centrifuge'
[INFO] ------------------------------------------------------------------------
[INFO] BUILD SUCCESS
[INFO] ------------------------------------------------------------------------
[INFO] Total time: 4.229s
[INFO] Finished at: Wed Oct 24 12:25:20 UTC 2018
[INFO] Final Memory: 5M/229M
[INFO] ------------------------------------------------------------------------
Wed Oct 24 12:25:20 UTC 2018
