Sun Dec  3 00:50:25 MST 2017
Classifying ontology file: /scratch/Shares/hunter/obo-ci/data-all/base/ontologies/mfmo/mfmo_flat.owl
[INFO] Error stacktraces are turned on.
[INFO] Scanning for projects...
[INFO]                                                                         
[INFO] ------------------------------------------------------------------------
[INFO] Building ontology-classify 1.0
[INFO] ------------------------------------------------------------------------
[INFO] 
[INFO] --- exec-maven-plugin:1.1:exec (default-cli) @ ontology-classify ---
[INFO] /bin/sh: module: line 1: syntax error: unexpected end of file
[INFO] /bin/sh: error importing function definition for `BASH_FUNC_module'
[INFO] 2017-12-03 00:50:30,180 INFO  (ParserWrapper:75) Start loading ontology: file:/scratch/Shares/hunter/obo-ci/data-all/base/ontologies/mfmo/mfmo_flat.owl from: file:/scratch/Shares/hunter/obo-ci/data-all/base/ontologies/mfmo/mfmo_flat.owl
[INFO] 2017-12-03 00:50:32,059 INFO  (ParserWrapper:82) Finished loading ontology: http://purl.obolibrary.org/obo/mfmo.owl from: file:/scratch/Shares/hunter/obo-ci/data-all/base/ontologies/mfmo/mfmo_flat.owl
[INFO] Found cycles in the graph
[INFO] Cycle: ObjectSomeValuesFrom(RO:0002524 'has subsequence' RO:0002533 'sequence atomic unit') RO:0002533 'sequence atomic unit' RO:0002532 'sequentially ordered entity'
[INFO] Cycle: ObjectAllValuesFrom(RO:0002207 'directly develops from' CL:0000000 'cell') CL:0000000 'cell'
[INFO] Cycle: ObjectAllValuesFrom(RO:0002207 'directly develops from' CARO:0010000 'multicellular anatomical structure') CARO:0010000 'multicellular anatomical structure'
[INFO] ------------------------------------------------------------------------
[INFO] BUILD SUCCESS
[INFO] ------------------------------------------------------------------------
[INFO] Total time: 5.690 s
[INFO] Finished at: 2017-12-03T00:50:32-07:00
[INFO] Final Memory: 21M/1963M
[INFO] ------------------------------------------------------------------------
Sun Dec  3 00:50:32 MST 2017
