Sun Dec  3 00:50:25 MST 2017
Classifying ontology file: /scratch/Shares/hunter/obo-ci/data-all/base/ontologies/mfomd/mfomd_flat.owl
[INFO] Error stacktraces are turned on.
[INFO] Scanning for projects...
[INFO]                                                                         
[INFO] ------------------------------------------------------------------------
[INFO] Building ontology-classify 1.0
[INFO] ------------------------------------------------------------------------
[INFO] 
[INFO] --- exec-maven-plugin:1.1:exec (default-cli) @ ontology-classify ---
[INFO] /bin/sh: module: line 1: syntax error: unexpected end of file
[INFO] /bin/sh: error importing function definition for `BASH_FUNC_module'
[INFO] 2017-12-03 00:50:30,217 INFO  (ParserWrapper:75) Start loading ontology: file:/scratch/Shares/hunter/obo-ci/data-all/base/ontologies/mfomd/mfomd_flat.owl from: file:/scratch/Shares/hunter/obo-ci/data-all/base/ontologies/mfomd/mfomd_flat.owl
[INFO] 2017-12-03 00:50:32,020 INFO  (ParserWrapper:82) Finished loading ontology: http://purl.obolibrary.org/obo/MFOMD.owl from: file:/scratch/Shares/hunter/obo-ci/data-all/base/ontologies/mfomd/mfomd_flat.owl
[INFO] Found cycles in the graph
[INFO] Cycle: ObjectSomeValuesFrom(BFO:0000055 'realizes' MF:0000033 'mental disposition') ObjectSomeValuesFrom(BFO:0000117 'has occurrent part' MF:0000017 'consciousness') MF:0000017 'consciousness' MF:0000020 'mental process' ObjectSomeValuesFrom(BFO:0000132 'part of occurrent' ObjectIntersectionOf(MF:0000020 'mental process' ObjectComplementOf(MF:0000017 'consciousness'))) ObjectAllValuesFrom(BFO:0000054 'realized in' MF:0000020 'mental process') ObjectIntersectionOf(MF:0000020 'mental process' ObjectComplementOf(MF:0000017 'consciousness')) MF:0000033 'mental disposition'
[INFO] Cycle: MFOMD:0000024 'pathological mental process' MFOMD:0000004 'mental disorder' MFOMD:0000025 'mental disease course' ObjectSomeValuesFrom(BFO:0000117 'has occurrent part' MFOMD:0000024 'pathological mental process') ObjectSomeValuesFrom(manifestationOf manifestationOf MFOMD:0000004 'mental disorder')
[INFO] Cycle: ObjectSomeValuesFrom(BFO:0000112 'has disposition at some time' MF:0000001 'disposition to be agent of mental process') ObjectSomeValuesFrom(BFO:0000107 'disposition of at all times' MF:0000000 'mental functioning related anatomical structure') MF:0000000 'mental functioning related anatomical structure' MF:0000001 'disposition to be agent of mental process'
[INFO] ------------------------------------------------------------------------
[INFO] BUILD SUCCESS
[INFO] ------------------------------------------------------------------------
[INFO] Total time: 5.777 s
[INFO] Finished at: 2017-12-03T00:50:32-07:00
[INFO] Final Memory: 21M/1963M
[INFO] ------------------------------------------------------------------------
Sun Dec  3 00:50:32 MST 2017
