Wed Oct 24 12:27:43 UTC 2018
Classifying ontology file: /mnt/efsdata/obo-ci-data/base/ontologies/mro/mro_flat.owl
[INFO] Error stacktraces are turned on.
[INFO] Scanning for projects...
[INFO]                                                                         
[INFO] ------------------------------------------------------------------------
[INFO] Building ontology-classify 1.0
[INFO] ------------------------------------------------------------------------
[INFO] 
[INFO] --- exec-maven-plugin:1.1:exec (default-cli) @ ontology-classify ---
[INFO] 2018-10-24 12:27:46,989 INFO  (ParserWrapper:75) Start loading ontology: file:/mnt/efsdata/obo-ci-data/base/ontologies/mro/mro_flat.owl from: file:/mnt/efsdata/obo-ci-data/base/ontologies/mro/mro_flat.owl
[INFO] 2018-10-24 12:27:56,328 INFO  (ParserWrapper:82) Finished loading ontology: http://purl.obolibrary.org/obo/mro.owl from: file:/mnt/efsdata/obo-ci-data/base/ontologies/mro/mro_flat.owl
[INFO] ------------------------------------------------------------------------
[INFO] BUILD SUCCESS
[INFO] ------------------------------------------------------------------------
[INFO] Total time: 12.352s
[INFO] Finished at: Wed Oct 24 12:27:56 UTC 2018
[INFO] Final Memory: 5M/229M
[INFO] ------------------------------------------------------------------------
Wed Oct 24 12:27:56 UTC 2018
