Sun Dec  3 00:50:28 MST 2017
Classifying ontology file: /scratch/Shares/hunter/obo-ci/data-all/base/ontologies/oba/oba_flat.owl
[INFO] Error stacktraces are turned on.
[INFO] Scanning for projects...
[INFO]                                                                         
[INFO] ------------------------------------------------------------------------
[INFO] Building ontology-classify 1.0
[INFO] ------------------------------------------------------------------------
[INFO] 
[INFO] --- exec-maven-plugin:1.1:exec (default-cli) @ ontology-classify ---
[INFO] /bin/sh: module: line 1: syntax error: unexpected end of file
[INFO] /bin/sh: error importing function definition for `BASH_FUNC_module'
[INFO] 2017-12-03 00:50:33,071 INFO  (ParserWrapper:75) Start loading ontology: file:/scratch/Shares/hunter/obo-ci/data-all/base/ontologies/oba/oba_flat.owl from: file:/scratch/Shares/hunter/obo-ci/data-all/base/ontologies/oba/oba_flat.owl
[INFO] 2017-12-03 00:50:46,537 INFO  (ParserWrapper:82) Finished loading ontology: http://purl.obolibrary.org/obo/oba.owl from: file:/scratch/Shares/hunter/obo-ci/data-all/base/ontologies/oba/oba_flat.owl
[INFO] Found cycles in the graph
[INFO] Cycle: UBERON:0002050 'embryonic structure' UBERON:0000922 'embryo' ObjectSomeValuesFrom(part_of 'part_of' UBERON:0000922 'embryo')
[INFO] Cycle: UBERON:3000961 'external integument structure' ObjectSomeValuesFrom(part_of 'part_of' UBERON:0002199 'integument') UBERON:0002199 'integument'
[INFO] Cycle: GO:0044464 'cell part' GO:0005623 'cell' ObjectSomeValuesFrom(part_of 'part_of' GO:0005623 'cell')
[INFO] Cycle: GO:0016020 'membrane' ObjectSomeValuesFrom(part_of 'part_of' GO:0016020 'membrane') GO:0044425 'membrane part'
[INFO] Cycle: GO:0005886 'plasma membrane' GO:0098590 'plasma membrane region' ObjectSomeValuesFrom(part_of 'part_of' GO:0005886 'plasma membrane') GO:0044459 'plasma membrane part'
[INFO] Cycle: UBERON:0000478 'extraembryonic structure' ObjectSomeValuesFrom(part_of 'part_of' UBERON:0016887 'entire extraembryonic component') UBERON:0016887 'entire extraembryonic component'
[INFO] Cycle: UBERON:0005156 'reproductive structure' ObjectSomeValuesFrom(part_of 'part_of' UBERON:0000990 'reproductive system') UBERON:0000990 'reproductive system'
[INFO] Cycle: GO:0022402 'cell cycle process' GO:0007049 'cell cycle' ObjectSomeValuesFrom(part_of 'part_of' GO:0007049 'cell cycle')
[INFO] Cycle: ObjectSomeValuesFrom(part_of 'part_of' GO:0000003 'reproduction') GO:0000003 'reproduction' GO:0022414 'reproductive process'
[INFO] Cycle: GO:0051321 'meiotic cell cycle' GO:0007126 'meiotic nuclear division' GO:1903046 'meiotic cell cycle process' ObjectSomeValuesFrom(has_part 'has_part' GO:0007126 'meiotic nuclear division') ObjectSomeValuesFrom(part_of 'part_of' GO:0051321 'meiotic cell cycle')
[INFO] Cycle: ObjectSomeValuesFrom(part_of 'part_of' UBERON:0003051 'ear vesicle') UBERON:0005641 'otocyst epithelium' UBERON:0003051 'ear vesicle'
[INFO] Cycle: ObjectSomeValuesFrom(part_of 'part_of' GO:0043226 'organelle') GO:0043226 'organelle' GO:0044422 'organelle part'
[INFO] Cycle: ObjectSomeValuesFrom(part_of 'part_of' GO:0005622 'intracellular') GO:0005622 'intracellular' GO:0044424 'intracellular part'
[INFO] Cycle: GO:0005737 'cytoplasm' ObjectSomeValuesFrom(part_of 'part_of' GO:0005737 'cytoplasm') GO:0044444 'cytoplasmic part'
[INFO] Cycle: GO:0005773 'vacuole' GO:0044437 'vacuolar part' ObjectSomeValuesFrom(part_of 'part_of' GO:0005773 'vacuole')
[INFO] Cycle: GO:0098589 'membrane region' ObjectSomeValuesFrom(part_of 'part_of' GO:0098805 'whole membrane') GO:0098805 'whole membrane'
[INFO] Cycle: UBERON:0002349 'myocardium' UBERON:0004123 'myocardial layer' ObjectSomeValuesFrom(part_of 'part_of' UBERON:0002349 'myocardium')
[INFO] Cycle: GO:0005856 'cytoskeleton' GO:0044430 'cytoskeletal part' ObjectSomeValuesFrom(part_of 'part_of' GO:0005856 'cytoskeleton')
[INFO] Cycle: UBERON:0000945 'stomach' ObjectSomeValuesFrom(part_of 'part_of' UBERON:0000945 'stomach') UBERON:0009034 'stomach region'
[INFO] Cycle: ObjectSomeValuesFrom(part_of 'part_of' GO:0042995 'cell projection') GO:0042995 'cell projection' GO:0044463 'cell projection part'
[INFO] Cycle: GO:0005929 'cilium' GO:0044441 'ciliary part' ObjectSomeValuesFrom(part_of 'part_of' GO:0005929 'cilium')
[INFO] Cycle: GO:0005930 'axoneme' ObjectSomeValuesFrom(part_of 'part_of' GO:0005930 'axoneme') GO:0044447 'axoneme part'
[INFO] Cycle: GO:0097545 'axonemal outer doublet' GO:0097650 'B axonemal microtubule' ObjectSomeValuesFrom(has_part 'has_part' GO:0097649 'A axonemal microtubule') ObjectSomeValuesFrom(part_of 'part_of' GO:0097545 'axonemal outer doublet') ObjectSomeValuesFrom(has_part 'has_part' GO:0097650 'B axonemal microtubule') GO:0097649 'A axonemal microtubule'
[INFO] Cycle: ObjectSomeValuesFrom(part_of 'part_of' GO:0005694 'chromosome') GO:0005694 'chromosome' GO:0044427 'chromosomal part'
[INFO] Cycle: GO:0005634 'nucleus' ObjectSomeValuesFrom(part_of 'part_of' GO:0005634 'nucleus') GO:0044428 'nuclear part'
[INFO] Cycle: GO:0044454 'nuclear chromosome part' ObjectSomeValuesFrom(part_of 'part_of' GO:0000228 'nuclear chromosome') GO:0000228 'nuclear chromosome'
[INFO] Cycle: ObjectSomeValuesFrom(part_of 'part_of' GO:0042698 'ovulation cycle') GO:0042698 'ovulation cycle' GO:0022602 'ovulation cycle process'
[INFO] Cycle: GO:0044433 'cytoplasmic vesicle part' GO:0031410 'cytoplasmic vesicle' ObjectSomeValuesFrom(part_of 'part_of' GO:0031410 'cytoplasmic vesicle')
[INFO] Cycle: ObjectSomeValuesFrom(has_part 'has_part' GO:0001707 'mesoderm formation') ObjectSomeValuesFrom(has_part 'has_part' GO:0001706 'endoderm formation') ObjectSomeValuesFrom(has_part 'has_part' GO:0001705 'ectoderm formation') GO:0001704 'formation of primary germ layer' GO:0001705 'ectoderm formation' GO:0001706 'endoderm formation' GO:0001707 'mesoderm formation' ObjectSomeValuesFrom(part_of 'part_of' GO:0007369 'gastrulation') GO:0007369 'gastrulation'
[INFO] Cycle: UBERON:0002946 'regional part of cerebellum' ObjectSomeValuesFrom(part_of 'part_of' UBERON:0002037 'cerebellum') UBERON:0002037 'cerebellum'
[INFO] Cycle: UBERON:0000168 'proximal-distal subdivision of colon' ObjectSomeValuesFrom(part_of 'part_of' UBERON:0001155 'colon') UBERON:0001155 'colon'
[INFO] Cycle: GO:0044452 'nucleolar part' ObjectSomeValuesFrom(part_of 'part_of' GO:0005730 'nucleolus') GO:0005730 'nucleolus'
[INFO] Cycle: PO:0025099 'embryo plant structure' PO:0009009 'plant embryo' ObjectSomeValuesFrom(part_of 'part_of' PO:0009009 'plant embryo')
[INFO] Cycle: ObjectSomeValuesFrom(has_part 'has_part' GO:1990719 'C1 axonemal microtubule') ObjectSomeValuesFrom(has_part 'has_part' GO:1990720 'C2 axonemal microtubule') GO:1990720 'C2 axonemal microtubule' ObjectSomeValuesFrom(part_of 'part_of' GO:0097540 'axonemal central pair') GO:1990719 'C1 axonemal microtubule' GO:0097540 'axonemal central pair'
[INFO] Cycle: ObjectSomeValuesFrom(part_of 'part_of' GO:0043292 'contractile fiber') GO:0043292 'contractile fiber' GO:0044449 'contractile fiber part'
[INFO] Cycle: GO:0005739 'mitochondrion' ObjectSomeValuesFrom(part_of 'part_of' GO:0005739 'mitochondrion') GO:0044429 'mitochondrial part'
[INFO] Cycle: ObjectSomeValuesFrom(part_of 'part_of' UBERON:0002165 'endocardium') UBERON:0005316 'endocardial endothelium' UBERON:0002165 'endocardium'
[INFO] Cycle: GO:0045202 'synapse' ObjectSomeValuesFrom(part_of 'part_of' GO:0045202 'synapse') GO:0044456 'synapse part'
[INFO] Cycle: GO:0014069 'postsynaptic density' GO:0032279 'asymmetric synapse' ObjectSomeValuesFrom(has_part 'has_part' GO:0014069 'postsynaptic density') ObjectSomeValuesFrom(part_of 'part_of' GO:0032279 'asymmetric synapse')
[INFO] Cycle: GO:0044432 'endoplasmic reticulum part' GO:0005783 'endoplasmic reticulum' ObjectSomeValuesFrom(part_of 'part_of' GO:0005783 'endoplasmic reticulum')
[INFO] Cycle: GO:0031966 'mitochondrial membrane' ObjectSomeValuesFrom(part_of 'part_of' GO:0031966 'mitochondrial membrane') GO:0044455 'mitochondrial membrane part'
[INFO] Cycle: GO:0005829 'cytosol' ObjectSomeValuesFrom(part_of 'part_of' GO:0005829 'cytosol') GO:0044445 'cytosolic part'
[INFO] Cycle: GO:0033267 'axon part' GO:0030424 'axon' ObjectSomeValuesFrom(part_of 'part_of' GO:0030424 'axon')
[INFO] Cycle: GO:0009579 'thylakoid' GO:0044436 'thylakoid part' ObjectSomeValuesFrom(part_of 'part_of' GO:0009579 'thylakoid')
[INFO] Cycle: GO:0005938 'cell cortex' ObjectSomeValuesFrom(part_of 'part_of' GO:0005938 'cell cortex') GO:0044448 'cell cortex part'
[INFO] Cycle: UBERON:0001040 'yolk sac' ObjectSomeValuesFrom(part_of 'part_of' UBERON:0001040 'yolk sac') UBERON:0003257 'yolk sac endoderm'
[INFO] Cycle: UBERON:0001811 'conjunctiva' UBERON:0010305 'region of conjunctiva' ObjectSomeValuesFrom(part_of 'part_of' UBERON:0001811 'conjunctiva')
[INFO] Cycle: UBERON:0003054 'roof plate' ObjectSomeValuesFrom(part_of 'part_of' UBERON:0003054 'roof plate') UBERON:0003298 'roof plate of neural tube'
[INFO] Cycle: ObjectSomeValuesFrom(part_of 'part_of' UBERON:0001231 'nephron tubule') UBERON:0001231 'nephron tubule' UBERON:0004810 'nephron tubule epithelium'
[INFO] Cycle: ObjectSomeValuesFrom(part_of 'part_of' OBA:VT0002703 'kidney tubule morphology trait') OBA:VT0002703 'kidney tubule morphology trait' OBA:0004803 'nephron tubule epithelium morphology'
[INFO] Cycle: GO:0005768 'endosome' GO:0044440 'endosomal part' ObjectSomeValuesFrom(part_of 'part_of' GO:0005768 'endosome')
[INFO] Cycle: GO:0009536 'plastid' GO:0044435 'plastid part' ObjectSomeValuesFrom(part_of 'part_of' GO:0009536 'plastid')
[INFO] Cycle: GO:0044434 'chloroplast part' ObjectSomeValuesFrom(part_of 'part_of' GO:0009507 'chloroplast') GO:0009507 'chloroplast'
[INFO] Cycle: GO:0044451 'nucleoplasm part' ObjectSomeValuesFrom(part_of 'part_of' GO:0005654 'nucleoplasm') GO:0005654 'nucleoplasm'
[INFO] Cycle: UBERON:0008838 'metapodial pad' ObjectSomeValuesFrom(part_of 'part_of' UBERON:0008838 'metapodial pad') UBERON:0015484 'skin of metapodial pad'
[INFO] Cycle: UBERON:0008404 'proximale tubular epithelium' UBERON:0004134 'proximal tubule' ObjectSomeValuesFrom(part_of 'part_of' UBERON:0004134 'proximal tubule')
[INFO] Cycle: UBERON:0008408 'distal tubular epithelium' UBERON:0004135 'distal tubule' ObjectSomeValuesFrom(part_of 'part_of' UBERON:0004135 'distal tubule')
[INFO] Cycle: GO:0005794 'Golgi apparatus' GO:0044431 'Golgi apparatus part' ObjectSomeValuesFrom(part_of 'part_of' GO:0005794 'Golgi apparatus')
[INFO] Cycle: ObjectSomeValuesFrom(part_of 'part_of' UBERON:0000068 'embryo stage') UBERON:0000067 'embryo stage part' UBERON:0000068 'embryo stage'
[INFO] Cycle: GO:0006887 'exocytosis' ObjectSomeValuesFrom(part_of 'part_of' GO:0006887 'exocytosis') ObjectSomeValuesFrom(has_part 'has_part' GO:0099500 'vesicle fusion to plasma membrane') GO:0099500 'vesicle fusion to plasma membrane'
[INFO] Cycle: GO:0044421 'extracellular region part' GO:0005576 'extracellular region' ObjectSomeValuesFrom(part_of 'part_of' GO:0005576 'extracellular region')
[INFO] Cycle: GO:0044420 'extracellular matrix component' GO:0031012 'extracellular matrix' ObjectSomeValuesFrom(part_of 'part_of' GO:0031012 'extracellular matrix')
[INFO] Cycle: ObjectSomeValuesFrom(has_part 'has_part' GO:0006414 'translational elongation') GO:0006414 'translational elongation' GO:0006412 'translation' ObjectSomeValuesFrom(part_of 'part_of' GO:0006412 'translation')
[INFO] Cycle: GO:0032420 'stereocilium' GO:0032421 'stereocilium bundle' ObjectSomeValuesFrom(has_part 'has_part' GO:0032420 'stereocilium') ObjectSomeValuesFrom(part_of 'part_of' GO:0032421 'stereocilium bundle')
[INFO] Cycle: ObjectSomeValuesFrom(part_of 'part_of' GO:0042579 'microbody') GO:0042579 'microbody' GO:0044438 'microbody part'
[INFO] Cycle: GO:0005777 'peroxisome' ObjectSomeValuesFrom(part_of 'part_of' GO:0005777 'peroxisome') GO:0044439 'peroxisomal part'
[INFO] Cycle: UBERON:0003246 'epithelium of endolymphatic sac' ObjectSomeValuesFrom(part_of 'part_of' UBERON:0002223 'endolymphatic sac') UBERON:0002223 'endolymphatic sac'
[INFO] Cycle: UBERON:0005356 'Rathke's pouch' UBERON:0012287 'Rathkes pouch epithelium' ObjectSomeValuesFrom(part_of 'part_of' UBERON:0005356 'Rathke's pouch')
[INFO] ------------------------------------------------------------------------
[INFO] BUILD SUCCESS
[INFO] ------------------------------------------------------------------------
[INFO] Total time: 48.360 s
[INFO] Finished at: 2017-12-03T00:51:17-07:00
[INFO] Final Memory: 21M/1963M
[INFO] ------------------------------------------------------------------------
Sun Dec  3 00:51:17 MST 2017
