Sun Dec  3 00:50:28 MST 2017
Classifying ontology file: /scratch/Shares/hunter/obo-ci/data-all/base/ontologies/obcs/obcs_flat.owl
[INFO] Error stacktraces are turned on.
[INFO] Scanning for projects...
[INFO]                                                                         
[INFO] ------------------------------------------------------------------------
[INFO] Building ontology-classify 1.0
[INFO] ------------------------------------------------------------------------
[INFO] 
[INFO] --- exec-maven-plugin:1.1:exec (default-cli) @ ontology-classify ---
[INFO] /bin/sh: module: line 1: syntax error: unexpected end of file
[INFO] /bin/sh: error importing function definition for `BASH_FUNC_module'
[INFO] 2017-12-03 00:50:33,174 INFO  (ParserWrapper:75) Start loading ontology: file:/scratch/Shares/hunter/obo-ci/data-all/base/ontologies/obcs/obcs_flat.owl from: file:/scratch/Shares/hunter/obo-ci/data-all/base/ontologies/obcs/obcs_flat.owl
[INFO] 2017-12-03 00:50:35,629 INFO  (ParserWrapper:82) Finished loading ontology: http://purl.obolibrary.org/obo/obcs.owl from: file:/scratch/Shares/hunter/obo-ci/data-all/base/ontologies/obcs/obcs_flat.owl
[INFO] Found cycles in the graph
[INFO] Cycle: ObjectIntersectionOf(ObjectSomeValuesFrom(RO:0000052 'inheres in' CHEBI:33696 'nucleic acid') ObjectAllValuesFrom(BFO:0000054 'realized in' OBI:0600064 'recombinant vector cloning')) ObjectAllValuesFrom(BFO:0000054 'realized in' OBI:0600064 'recombinant vector cloning') OBI:0600064 'recombinant vector cloning' ObjectSomeValuesFrom(BFO:0000055 'realizes' OBI:0000411 'cloning vector role') OBI:0000411 'cloning vector role'
[INFO] Cycle: ObjectAllValuesFrom(BFO:0000054 'realized in' OBI:0000274 'adding a material entity into a target') ObjectSomeValuesFrom(BFO:0000055 'realizes' OBI:0000444 'target of material addition role') ObjectSomeValuesFrom(RO:0001025 'located in' ObjectIntersectionOf(BFO:0000040 'material entity' ObjectSomeValuesFrom(RO:0000087 'has role' OBI:0000444 'target of material addition role'))) ObjectSomeValuesFrom(OBI:0000299 'has_specified_output' ObjectIntersectionOf(BFO:0000040 'material entity' ObjectSomeValuesFrom(RO:0000087 'has role' OBI:0000319 'material to be added role') ObjectSomeValuesFrom(RO:0001025 'located in' ObjectIntersectionOf(BFO:0000040 'material entity' ObjectSomeValuesFrom(RO:0000087 'has role' OBI:0000444 'target of material addition role'))))) OBI:0000444 'target of material addition role' ObjectIntersectionOf(BFO:0000040 'material entity' ObjectSomeValuesFrom(RO:0000087 'has role' OBI:0000444 'target of material addition role')) ObjectIntersectionOf(BFO:0000040 'material entity' ObjectSomeValuesFrom(RO:0000087 'has role' OBI:0000319 'material to be added role') ObjectSomeValuesFrom(RO:0001025 'located in' ObjectIntersectionOf(BFO:0000040 'material entity' ObjectSomeValuesFrom(RO:0000087 'has role' OBI:0000444 'target of material addition role')))) ObjectSomeValuesFrom(RO:0000087 'has role' OBI:0000444 'target of material addition role') OBI:0000274 'adding a material entity into a target'
[INFO] Cycle: OBI:0001909 'conclusion based on data' ObjectSomeValuesFrom(OBI:0000299 'has_specified_output' OBI:0001909 'conclusion based on data') OBI:0000338 'drawing a conclusion based on data' ObjectSomeValuesFrom(OBI:0000312 'is_specified_output_of' OBI:0000338 'drawing a conclusion based on data')
[INFO] Cycle: ObjectIntersectionOf(BFO:0000040 'material entity' ObjectSomeValuesFrom(RO:0000087 'has role' OBI:0000067 'evaluant role')) ObjectSomeValuesFrom(IAO:0000136 'is about' ObjectIntersectionOf(BFO:0000040 'material entity' ObjectSomeValuesFrom(RO:0000087 'has role' OBI:0000067 'evaluant role'))) OBI:0000070 'assay' ObjectSomeValuesFrom(OBI:0000299 'has_specified_output' ObjectIntersectionOf(IAO:0000030 'information content entity' ObjectSomeValuesFrom(IAO:0000136 'is about' ObjectIntersectionOf(BFO:0000040 'material entity' ObjectSomeValuesFrom(RO:0000087 'has role' OBI:0000067 'evaluant role'))))) ObjectIntersectionOf(IAO:0000030 'information content entity' ObjectSomeValuesFrom(IAO:0000136 'is about' ObjectIntersectionOf(BFO:0000040 'material entity' ObjectSomeValuesFrom(RO:0000087 'has role' OBI:0000067 'evaluant role')))) ObjectSomeValuesFrom(RO:0000087 'has role' OBI:0000067 'evaluant role') ObjectSomeValuesFrom(BFO:0000055 'realizes' OBI:0000067 'evaluant role') ObjectAllValuesFrom(BFO:0000054 'realized in' OBI:0000070 'assay') ObjectSomeValuesFrom(OBI:0000293 'has_specified_input' ObjectIntersectionOf(BFO:0000040 'material entity' ObjectSomeValuesFrom(RO:0000087 'has role' OBI:0000067 'evaluant role'))) OBI:0000067 'evaluant role'
[INFO] Cycle: ObjectSomeValuesFrom(OBI:0000299 'has_specified_output' OBI:0000991 'Edinburgh score') OBI:0001001 'Edinburgh handedness assay' ObjectSomeValuesFrom(OBI:0000312 'is_specified_output_of' OBI:0001001 'Edinburgh handedness assay') OBI:0000991 'Edinburgh score'
[INFO] Cycle: ObjectIntersectionOf(ObjectSomeValuesFrom(BFO:0000051 'has part' OBI:0001225 'genetic population background information') ObjectSomeValuesFrom(BFO:0000051 'has part' OBI:0001364 'genetic alteration information')) ObjectSomeValuesFrom(BFO:0000050 'part of' OBI:0001305 'genotype information') ObjectSomeValuesFrom(BFO:0000051 'has part' OBI:0001225 'genetic population background information') OBI:0001305 'genotype information' OBI:0001225 'genetic population background information'
[INFO] Cycle: OBI:0001939 'genome coverage' ObjectSomeValuesFrom(OBI:0000299 'has_specified_output' OBI:0001939 'genome coverage') ObjectSomeValuesFrom(OBI:0000312 'is_specified_output_of' OBI:0001872 'sequence assembly process') OBI:0001872 'sequence assembly process' ObjectSomeValuesFrom(OBI:0000299 'has_specified_output' OBI:0001940 'N50') OBI:0001940 'N50'
[INFO] Cycle: ObjectSomeValuesFrom(OBI:0000299 'has_specified_output' OBI:0001167 'age measurement datum') OBI:0001167 'age measurement datum' OBI:0001158 'age measurement assay' ObjectSomeValuesFrom(OBI:0000312 'is_specified_output_of' OBI:0001158 'age measurement assay')
[INFO] ------------------------------------------------------------------------
[INFO] BUILD SUCCESS
[INFO] ------------------------------------------------------------------------
[INFO] Total time: 7.942 s
[INFO] Finished at: 2017-12-03T00:50:37-07:00
[INFO] Final Memory: 21M/1963M
[INFO] ------------------------------------------------------------------------
Sun Dec  3 00:50:37 MST 2017
