Wed Oct 24 12:17:29 UTC 2018
Classifying ontology file: /mnt/efsdata/obo-ci-data/base/ontologies/obi_obi_core/obi_obi_core_flat.owl
[INFO] Error stacktraces are turned on.
[INFO] Scanning for projects...
[INFO]                                                                         
[INFO] ------------------------------------------------------------------------
[INFO] Building ontology-classify 1.0
[INFO] ------------------------------------------------------------------------
[INFO] 
[INFO] --- exec-maven-plugin:1.1:exec (default-cli) @ ontology-classify ---
[INFO] 2018-10-24 12:17:33,042 INFO  (ParserWrapper:75) Start loading ontology: file:/mnt/efsdata/obo-ci-data/base/ontologies/obi_obi_core/obi_obi_core_flat.owl from: file:/mnt/efsdata/obo-ci-data/base/ontologies/obi_obi_core/obi_obi_core_flat.owl
[INFO] 2018-10-24 12:17:33,683 INFO  (ParserWrapper:82) Finished loading ontology: http://purl.obolibrary.org/obo/obi/obi_core.owl from: file:/mnt/efsdata/obo-ci-data/base/ontologies/obi_obi_core/obi_obi_core_flat.owl
[INFO] Found cycles in the graph
[INFO] Cycle: ObjectSomeValuesFrom(OBI:0000299 'has_specified_output' ObjectIntersectionOf(IAO:0000027 'data item' ObjectSomeValuesFrom(IAO:0000136 'is about' ObjectIntersectionOf(BFO:0000040 'material entity' ObjectSomeValuesFrom(RO:0000087 'has role' OBI:0000067 'evaluant role'))))) OBI:0000070 'assay' OBI:0000067 'evaluant role' ObjectSomeValuesFrom(BFO:0000055 'realizes' OBI:0000067 'evaluant role') ObjectIntersectionOf(IAO:0000027 'data item' ObjectSomeValuesFrom(IAO:0000136 'is about' ObjectIntersectionOf(BFO:0000040 'material entity' ObjectSomeValuesFrom(RO:0000087 'has role' OBI:0000067 'evaluant role')))) ObjectIntersectionOf(BFO:0000040 'material entity' ObjectSomeValuesFrom(RO:0000087 'has role' OBI:0000067 'evaluant role')) ObjectSomeValuesFrom(IAO:0000136 'is about' ObjectIntersectionOf(BFO:0000040 'material entity' ObjectSomeValuesFrom(RO:0000087 'has role' OBI:0000067 'evaluant role'))) ObjectSomeValuesFrom(RO:0000087 'has role' OBI:0000067 'evaluant role') ObjectAllValuesFrom(BFO:0000054 'realized in' OBI:0000070 'assay') ObjectSomeValuesFrom(OBI:0000293 'has_specified_input' ObjectIntersectionOf(BFO:0000040 'material entity' ObjectSomeValuesFrom(RO:0000087 'has role' OBI:0000067 'evaluant role')))
[INFO] Cycle: OBI:0001909 'conclusion based on data' ObjectSomeValuesFrom(OBI:0000299 'has_specified_output' OBI:0001909 'conclusion based on data') ObjectSomeValuesFrom(OBI:0000312 'is_specified_output_of' OBI:0000338 'drawing a conclusion based on data') OBI:0000338 'drawing a conclusion based on data'
[INFO] Cycle: IAO:0000578 'centrally registered identifier' ObjectSomeValuesFrom(BFO:0000051 'has part' IAO:0000577 'centrally registered identifier symbol') ObjectSomeValuesFrom(BFO:0000050 'part of' IAO:0000578 'centrally registered identifier') IAO:0000577 'centrally registered identifier symbol'
[INFO] ------------------------------------------------------------------------
[INFO] BUILD SUCCESS
[INFO] ------------------------------------------------------------------------
[INFO] Total time: 3.141s
[INFO] Finished at: Wed Oct 24 12:17:33 UTC 2018
[INFO] Final Memory: 5M/229M
[INFO] ------------------------------------------------------------------------
Wed Oct 24 12:17:34 UTC 2018
