Sun Dec  3 00:50:28 MST 2017
Classifying ontology file: /scratch/Shares/hunter/obo-ci/data-all/base/ontologies/ohd/ohd_flat.owl
[INFO] Error stacktraces are turned on.
[INFO] Scanning for projects...
[INFO]                                                                         
[INFO] ------------------------------------------------------------------------
[INFO] Building ontology-classify 1.0
[INFO] ------------------------------------------------------------------------
[INFO] 
[INFO] --- exec-maven-plugin:1.1:exec (default-cli) @ ontology-classify ---
[INFO] /bin/sh: module: line 1: syntax error: unexpected end of file
[INFO] /bin/sh: error importing function definition for `BASH_FUNC_module'
[INFO] 2017-12-03 00:50:33,176 INFO  (ParserWrapper:75) Start loading ontology: file:/scratch/Shares/hunter/obo-ci/data-all/base/ontologies/ohd/ohd_flat.owl from: file:/scratch/Shares/hunter/obo-ci/data-all/base/ontologies/ohd/ohd_flat.owl
[INFO] 2017-12-03 00:50:37,315 INFO  (ParserWrapper:82) Finished loading ontology: http://purl.obolibrary.org/obo/ohd.owl from: file:/scratch/Shares/hunter/obo-ci/data-all/base/ontologies/ohd/ohd_flat.owl
[INFO] Found cycles in the graph
[INFO] Cycle: left 'Sum of left of bilateral anatomical entity' ObjectAllValuesFrom(FMA:85995 'part' left 'Sum of left of bilateral anatomical entity') ObjectAllValuesFrom(BFO:0000051 'has part' left 'Sum of left of bilateral anatomical entity')
[INFO] Cycle: ObjectAllValuesFrom(FMA:85995 'part' right 'Sum of right of bilateral anatomical entity') ObjectAllValuesFrom(BFO:0000051 'has part' right 'Sum of right of bilateral anatomical entity') right 'Sum of right of bilateral anatomical entity'
[INFO] Cycle: ObjectAllValuesFrom(BFO:0000054 'is realized by' OBI:0000274 'adding a material entity into a target') ObjectSomeValuesFrom(BFO:0000055 'realizes' OBI:0000444 'target of material addition role') OBI:0000444 'target of material addition role' ObjectSomeValuesFrom(BFO:0000055 'realizes' OBI:0000319 'material to be added role') OBI:0000274 'adding a material entity into a target' OBI:0000319 'material to be added role'
[INFO] Cycle: OHD:0000052 'dental health care provider role' OHD:0000002 'dental procedure' ObjectSomeValuesFrom(BFO:0000054 'is realized by' OHD:0000002 'dental procedure') ObjectSomeValuesFrom(BFO:0000055 'realizes' OHD:0000052 'dental health care provider role')
[INFO] Cycle: OHD:0000000 'dental restoration material' OHD:0000007 'tooth to be restored role' OHD:0000004 'tooth restoration procedure' ObjectSomeValuesFrom(BFO:0000054 'is realized by' OHD:0000004 'tooth restoration procedure') ObjectIntersectionOf(ObjectSomeValuesFrom(BFO:0000051 'has part' FMA:12516 'Tooth') ObjectSomeValuesFrom(BFO:0000051 'has part' OHD:0000000 'dental restoration material')) ObjectIntersectionOf(ObjectSomeValuesFrom(OBI:0000293 'has_specified_input' FMA:12516 'Tooth') ObjectSomeValuesFrom(OBI:0000293 'has_specified_input' OHD:0000000 'dental restoration material') ObjectSomeValuesFrom(OBI:0000299 'has_specified_output' OHD:0000189 'restored tooth')) ObjectSomeValuesFrom(OBI:0000293 'has_specified_input' OHD:0000000 'dental restoration material') ObjectSomeValuesFrom(OBI:0000299 'has_specified_output' OHD:0000189 'restored tooth') ObjectIntersectionOf(OHD:0000189 'restored tooth' ObjectSomeValuesFrom(has_part has_part ObjectIntersectionOf(FMA:12516 'Tooth' ObjectSomeValuesFrom(BFO:0000087 'has role' OHD:0000007 'tooth to be restored role')))) ObjectSomeValuesFrom(has_part has_part ObjectIntersectionOf(FMA:12516 'Tooth' ObjectSomeValuesFrom(BFO:0000087 'has role' OHD:0000007 'tooth to be restored role'))) ObjectAllValuesFrom(BFO:0000054 'is realized by' OHD:0000004 'tooth restoration procedure') OHD:0000189 'restored tooth' ObjectSomeValuesFrom(OBI:0000299 'has_specified_output' ObjectIntersectionOf(OHD:0000189 'restored tooth' ObjectSomeValuesFrom(has_part has_part ObjectIntersectionOf(FMA:12516 'Tooth' ObjectSomeValuesFrom(BFO:0000087 'has role' OHD:0000007 'tooth to be restored role'))))) OHD:0000191 'dental restoration material role' ObjectSomeValuesFrom(BFO:0000053 'is bearer of' OHD:0000191 'dental restoration material role') ObjectSomeValuesFrom(BFO:0000051 'has part' OHD:0000000 'dental restoration material') ObjectSomeValuesFrom(BFO:0000055 'realizes' OHD:0000007 'tooth to be restored role') ObjectSomeValuesFrom(BFO:0000087 'has role' OHD:0000007 'tooth to be restored role') ObjectIntersectionOf(FMA:12516 'Tooth' ObjectSomeValuesFrom(BFO:0000087 'has role' OHD:0000007 'tooth to be restored role'))
[INFO] Cycle: ObjectIntersectionOf(IAO:0000030 'information content entity' ObjectSomeValuesFrom(IAO:0000136 'is about' ObjectIntersectionOf(BFO:0000040 'material entity' ObjectSomeValuesFrom(BFO:0000087 'has role' OBI:0000067 'evaluant role')))) OBI:0000070 'assay' ObjectSomeValuesFrom(OBI:0000299 'has_specified_output' ObjectIntersectionOf(IAO:0000030 'information content entity' ObjectSomeValuesFrom(IAO:0000136 'is about' ObjectIntersectionOf(BFO:0000040 'material entity' ObjectSomeValuesFrom(BFO:0000087 'has role' OBI:0000067 'evaluant role'))))) ObjectSomeValuesFrom(IAO:0000136 'is about' ObjectIntersectionOf(BFO:0000040 'material entity' ObjectSomeValuesFrom(BFO:0000087 'has role' OBI:0000067 'evaluant role'))) OBI:0000067 'evaluant role' ObjectSomeValuesFrom(BFO:0000087 'has role' OBI:0000067 'evaluant role') ObjectSomeValuesFrom(BFO:0000055 'realizes' OBI:0000067 'evaluant role') ObjectAllValuesFrom(BFO:0000054 'is realized by' OBI:0000070 'assay') ObjectSomeValuesFrom(OBI:0000293 'has_specified_input' ObjectIntersectionOf(BFO:0000040 'material entity' ObjectSomeValuesFrom(BFO:0000087 'has role' OBI:0000067 'evaluant role'))) ObjectIntersectionOf(BFO:0000040 'material entity' ObjectSomeValuesFrom(BFO:0000087 'has role' OBI:0000067 'evaluant role'))
[INFO] Cycle: FMA:289412 'Palatal side of maxillary gingiva' ObjectSomeValuesFrom(FMA:85995 'part' FMA:289412 'Palatal side of maxillary gingiva')
[INFO] ------------------------------------------------------------------------
[INFO] BUILD SUCCESS
[INFO] ------------------------------------------------------------------------
[INFO] Total time: 10.335 s
[INFO] Finished at: 2017-12-03T00:50:40-07:00
[INFO] Final Memory: 21M/1963M
[INFO] ------------------------------------------------------------------------
Sun Dec  3 00:50:40 MST 2017
