Sun Dec  3 00:50:28 MST 2017
Classifying ontology file: /scratch/Shares/hunter/obo-ci/data-all/base/ontologies/ohmi/ohmi_flat.owl
[INFO] Error stacktraces are turned on.
[INFO] Scanning for projects...
[INFO]                                                                         
[INFO] ------------------------------------------------------------------------
[INFO] Building ontology-classify 1.0
[INFO] ------------------------------------------------------------------------
[INFO] 
[INFO] --- exec-maven-plugin:1.1:exec (default-cli) @ ontology-classify ---
[INFO] /bin/sh: module: line 1: syntax error: unexpected end of file
[INFO] /bin/sh: error importing function definition for `BASH_FUNC_module'
[INFO] 2017-12-03 00:50:33,043 INFO  (ParserWrapper:75) Start loading ontology: file:/scratch/Shares/hunter/obo-ci/data-all/base/ontologies/ohmi/ohmi_flat.owl from: file:/scratch/Shares/hunter/obo-ci/data-all/base/ontologies/ohmi/ohmi_flat.owl
[INFO] 2017-12-03 00:50:34,994 INFO  (ParserWrapper:82) Finished loading ontology: http://purl.obolibrary.org/obo/ohmi.owl from: file:/scratch/Shares/hunter/obo-ci/data-all/base/ontologies/ohmi/ohmi_flat.owl
[INFO] Found cycles in the graph
[INFO] Cycle: ObjectSomeValuesFrom(BFO:0000055 'realizes' OBI:1110093 'disposition to infect an organism') OBI:1110021 'infection process' ObjectAllValuesFrom(BFO:0000054 'realized in' OBI:1110021 'infection process') OBI:1110093 'disposition to infect an organism'
[INFO] Cycle: PCO:0000018 'single-species collection of organisms' ObjectAllValuesFrom(RO:0002351 'has member' ObjectExactCardinality(1 RO:0002350 'member of' PCO:0000017 'species as a collection of organisms')) ObjectExactCardinality(1 RO:0002350 'member of' PCO:0000017 'species as a collection of organisms') PCO:0000017 'species as a collection of organisms'
[INFO] ------------------------------------------------------------------------
[INFO] BUILD SUCCESS
[INFO] ------------------------------------------------------------------------
[INFO] Total time: 6.560 s
[INFO] Finished at: 2017-12-03T00:50:36-07:00
[INFO] Final Memory: 21M/1963M
[INFO] ------------------------------------------------------------------------
Sun Dec  3 00:50:36 MST 2017
