Wed Oct 24 12:30:03 UTC 2018
Classifying ontology file: /mnt/efsdata/obo-ci-data/base/ontologies/omiabis/omiabis_flat.owl
[INFO] Error stacktraces are turned on.
[INFO] Scanning for projects...
[INFO]                                                                         
[INFO] ------------------------------------------------------------------------
[INFO] Building ontology-classify 1.0
[INFO] ------------------------------------------------------------------------
[INFO] 
[INFO] --- exec-maven-plugin:1.1:exec (default-cli) @ ontology-classify ---
[INFO] 2018-10-24 12:30:07,255 INFO  (ParserWrapper:75) Start loading ontology: file:/mnt/efsdata/obo-ci-data/base/ontologies/omiabis/omiabis_flat.owl from: file:/mnt/efsdata/obo-ci-data/base/ontologies/omiabis/omiabis_flat.owl
[INFO] 2018-10-24 12:30:08,288 INFO  (ParserWrapper:82) Finished loading ontology: http://purl.obolibrary.org/obo/omiabis.owl from: file:/mnt/efsdata/obo-ci-data/base/ontologies/omiabis/omiabis_flat.owl
[INFO] Found cycles in the graph
[INFO] Cycle: OBI:0000070 'assay' OBI:0000067 'evaluant role' ObjectSomeValuesFrom(BFO:0000055 'realizes' OBI:0000067 'evaluant role') ObjectIntersectionOf(BFO:0000040 'material entity' ObjectSomeValuesFrom(RO:0000087 'has role' OBI:0000067 'evaluant role')) ObjectSomeValuesFrom(IAO:0000136 'is about' ObjectIntersectionOf(BFO:0000040 'material entity' ObjectSomeValuesFrom(RO:0000087 'has role' OBI:0000067 'evaluant role'))) ObjectSomeValuesFrom(OBI:0000299 'has_specified_output' ObjectIntersectionOf(IAO:0000030 'information content entity' ObjectSomeValuesFrom(IAO:0000136 'is about' ObjectIntersectionOf(BFO:0000040 'material entity' ObjectSomeValuesFrom(RO:0000087 'has role' OBI:0000067 'evaluant role'))))) ObjectIntersectionOf(IAO:0000030 'information content entity' ObjectSomeValuesFrom(IAO:0000136 'is about' ObjectIntersectionOf(BFO:0000040 'material entity' ObjectSomeValuesFrom(RO:0000087 'has role' OBI:0000067 'evaluant role')))) ObjectAllValuesFrom(BFO:0000054 'realized in' OBI:0000070 'assay') ObjectSomeValuesFrom(OBI:0000293 'has_specified_input' ObjectIntersectionOf(BFO:0000040 'material entity' ObjectSomeValuesFrom(RO:0000087 'has role' OBI:0000067 'evaluant role'))) ObjectSomeValuesFrom(RO:0000087 'has role' OBI:0000067 'evaluant role')
[INFO] Cycle: ObjectIntersectionOf(OBI:0000372 'material separation function' ObjectAllValuesFrom(BFO:0000054 'realized in' OBI:0302886 'centrifugation')) ObjectSomeValuesFrom(RO:0000057 'has participant' OBI:0400106 'centrifuge') OBI:0302886 'centrifugation' ObjectAllValuesFrom(BFO:0000054 'realized in' OBI:0302886 'centrifugation') ObjectSomeValuesFrom(BFO:0000085 'has function at some time' ObjectIntersectionOf(OBI:0000372 'material separation function' ObjectAllValuesFrom(BFO:0000054 'realized in' OBI:0302886 'centrifugation'))) OBI:0400106 'centrifuge'
[INFO] Cycle: ObjectSomeValuesFrom(OBI:0000312 'is_specified_output_of' OBI:0600024 'maintaining cell culture') ObjectSomeValuesFrom(OBI:0000293 'has_specified_input' OBI:0100060 'cultured cell population') ObjectSomeValuesFrom(OBI:0000299 'has_specified_output' OBI:0100060 'cultured cell population') OBI:0600024 'maintaining cell culture' OBI:0100060 'cultured cell population'
[INFO] Cycle: OBI:0001909 'conclusion based on data' ObjectSomeValuesFrom(OBI:0000299 'has_specified_output' OBI:0001909 'conclusion based on data') ObjectSomeValuesFrom(OBI:0000312 'is_specified_output_of' OBI:0000338 'drawing a conclusion based on data') OBI:0000338 'drawing a conclusion based on data'
[INFO] Cycle: ObjectAllValuesFrom(BFO:0000054 'realized in' OBI:0000274 'adding a material entity into a target') ObjectSomeValuesFrom(RO:0001025 'located in' ObjectIntersectionOf(BFO:0000040 'material entity' ObjectSomeValuesFrom(RO:0000087 'has role' OBI:0000444 'target of material addition role'))) ObjectSomeValuesFrom(BFO:0000055 'realizes' OBI:0000444 'target of material addition role') ObjectSomeValuesFrom(OBI:0000299 'has_specified_output' ObjectIntersectionOf(BFO:0000040 'material entity' ObjectSomeValuesFrom(RO:0000087 'has role' OBI:0000319 'material to be added role') ObjectSomeValuesFrom(RO:0001025 'located in' ObjectIntersectionOf(BFO:0000040 'material entity' ObjectSomeValuesFrom(RO:0000087 'has role' OBI:0000444 'target of material addition role'))))) OBI:0000444 'target of material addition role' ObjectIntersectionOf(BFO:0000040 'material entity' ObjectSomeValuesFrom(RO:0000087 'has role' OBI:0000444 'target of material addition role')) ObjectSomeValuesFrom(BFO:0000055 'realizes' OBI:0000319 'material to be added role') ObjectIntersectionOf(BFO:0000040 'material entity' ObjectSomeValuesFrom(RO:0000087 'has role' OBI:0000319 'material to be added role') ObjectSomeValuesFrom(RO:0001025 'located in' ObjectIntersectionOf(BFO:0000040 'material entity' ObjectSomeValuesFrom(RO:0000087 'has role' OBI:0000444 'target of material addition role')))) ObjectSomeValuesFrom(RO:0000087 'has role' OBI:0000319 'material to be added role') ObjectSomeValuesFrom(RO:0000087 'has role' OBI:0000444 'target of material addition role') OBI:0000319 'material to be added role' OBI:0000274 'adding a material entity into a target'
[INFO] Cycle: ObjectSomeValuesFrom(OBI:0000299 'has_specified_output' OMIABIS:0001005 'date of data update') ObjectIntersectionOf(BFO:0000038 'one-dimensional temporal region' ObjectSomeValuesFrom(BFO:0000156 'has temporal occupant' OMIABIS:0001034 'sample collection data update')) ObjectSomeValuesFrom(BFO:0000156 'has temporal occupant' OMIABIS:0001034 'sample collection data update') ObjectIntersectionOf(IAO:0000027 'data item' ObjectSomeValuesFrom(IAO:0000136 'is about' ObjectIntersectionOf(BFO:0000038 'one-dimensional temporal region' ObjectSomeValuesFrom(BFO:0000051 'has part' ObjectIntersectionOf(BFO:0000038 'one-dimensional temporal region' ObjectSomeValuesFrom(BFO:0000156 'has temporal occupant' OMIABIS:0001034 'sample collection data update')))))) ObjectSomeValuesFrom(IAO:0000136 'is about' ObjectIntersectionOf(BFO:0000038 'one-dimensional temporal region' ObjectSomeValuesFrom(BFO:0000051 'has part' ObjectIntersectionOf(BFO:0000038 'one-dimensional temporal region' ObjectSomeValuesFrom(BFO:0000156 'has temporal occupant' OMIABIS:0001034 'sample collection data update'))))) ObjectIntersectionOf(BFO:0000038 'one-dimensional temporal region' ObjectSomeValuesFrom(BFO:0000051 'has part' ObjectIntersectionOf(BFO:0000038 'one-dimensional temporal region' ObjectSomeValuesFrom(BFO:0000156 'has temporal occupant' OMIABIS:0001034 'sample collection data update')))) ObjectSomeValuesFrom(BFO:0000051 'has part' ObjectIntersectionOf(BFO:0000038 'one-dimensional temporal region' ObjectSomeValuesFrom(BFO:0000156 'has temporal occupant' OMIABIS:0001034 'sample collection data update'))) OMIABIS:0001005 'date of data update' OMIABIS:0001034 'sample collection data update'
[INFO] ------------------------------------------------------------------------
[INFO] BUILD SUCCESS
[INFO] ------------------------------------------------------------------------
[INFO] Total time: 4.287s
[INFO] Finished at: Wed Oct 24 12:30:08 UTC 2018
[INFO] Final Memory: 6M/289M
[INFO] ------------------------------------------------------------------------
Wed Oct 24 12:30:09 UTC 2018
