Sun Dec  3 00:50:28 MST 2017
Classifying ontology file: /scratch/Shares/hunter/obo-ci/data-all/base/ontologies/omrse/omrse_flat.owl
[INFO] Error stacktraces are turned on.
[INFO] Scanning for projects...
[INFO]                                                                         
[INFO] ------------------------------------------------------------------------
[INFO] Building ontology-classify 1.0
[INFO] ------------------------------------------------------------------------
[INFO] 
[INFO] --- exec-maven-plugin:1.1:exec (default-cli) @ ontology-classify ---
[INFO] /bin/sh: module: line 1: syntax error: unexpected end of file
[INFO] /bin/sh: error importing function definition for `BASH_FUNC_module'
[INFO] 2017-12-03 00:50:33,382 INFO  (ParserWrapper:75) Start loading ontology: file:/scratch/Shares/hunter/obo-ci/data-all/base/ontologies/omrse/omrse_flat.owl from: file:/scratch/Shares/hunter/obo-ci/data-all/base/ontologies/omrse/omrse_flat.owl
[INFO] 2017-12-03 00:50:34,943 INFO  (ParserWrapper:82) Finished loading ontology: http://purl.obolibrary.org/obo/omrse.owl from: file:/scratch/Shares/hunter/obo-ci/data-all/base/ontologies/omrse/omrse_flat.owl
[INFO] Found cycles in the graph
[INFO] Cycle: ObjectSomeValuesFrom(BFO:0000050 'part of' OMRSE:00000091 'insurance policy') ObjectIntersectionOf(IAO:0000001 'conditional specification' ObjectSomeValuesFrom(BFO:0000050 'part of' OMRSE:00000091 'insurance policy')) ObjectSomeValuesFrom(RO:0002218 'has active participant' ObjectIntersectionOf(OMRSE:00000023 'collection of humans' ObjectAllValuesFrom(RO:0002351 'has member' ObjectSomeValuesFrom(RO:0000053 'is bearer of' OMRSE:00000094 'policy holder role')))) ObjectIntersectionOf(IAO:0021002 'document act' ObjectSomeValuesFrom(OBI:0000299 'has_specified_output' OMRSE:00000091 'insurance policy')) ObjectIntersectionOf(OMRSE:00000092 'insured party role' ObjectSomeValuesFrom(RO:0000052 'inheres in' ObjectSomeValuesFrom(RO:0000053 'is bearer of' OMRSE:00000096 'party to an insurance policy'))) ObjectIntersectionOf(IAO:0021002 'document act' ObjectSomeValuesFrom(RO:0002218 'has active participant' OMRSE:00000093 'insurance company') ObjectSomeValuesFrom(RO:0002218 'has active participant' ObjectIntersectionOf(OMRSE:00000023 'collection of humans' ObjectAllValuesFrom(RO:0002351 'has member' ObjectSomeValuesFrom(RO:0000053 'is bearer of' OMRSE:00000094 'policy holder role'))))) ObjectSomeValuesFrom(InverseOf(IAO:0000136 'is about') ObjectIntersectionOf(IAO:0000007 'action specification' ObjectSomeValuesFrom(BFO:0000050 'part of' OMRSE:00000091 'insurance policy'))) ObjectIntersectionOf(OBI:0000245 'organization' ObjectSomeValuesFrom(RO:0000053 'is bearer of' OMRSE:00000096 'party to an insurance policy') ObjectSomeValuesFrom(RO:0000053 'is bearer of' ObjectIntersectionOf(OMRSE:00000095 'payer role' ObjectSomeValuesFrom(RO:0000059 'concretizes' ObjectIntersectionOf(IAO:0021004 'socio-legal generically dependent continuant' ObjectSomeValuesFrom(OBI:0000312 'is_specified_output_of' IAO:0021002 'document act'))))) ObjectSomeValuesFrom(InverseOf(IAO:0000136 'is about') ObjectIntersectionOf(IAO:0000007 'action specification' ObjectSomeValuesFrom(BFO:0000050 'part of' OMRSE:00000091 'insurance policy')))) ObjectIntersectionOf(OMRSE:00000090 'indemnity contract' ObjectSomeValuesFrom(OBI:0000312 'is_specified_output_of' ObjectIntersectionOf(IAO:0021002 'document act' ObjectSomeValuesFrom(RO:0002218 'has active participant' OMRSE:00000093 'insurance company') ObjectSomeValuesFrom(RO:0002218 'has active participant' ObjectIntersectionOf(OMRSE:00000023 'collection of humans' ObjectAllValuesFrom(RO:0002351 'has member' ObjectSomeValuesFrom(RO:0000053 'is bearer of' OMRSE:00000094 'policy holder role'))))))) ObjectSomeValuesFrom(OBI:0000312 'is_specified_output_of' ObjectIntersectionOf(IAO:0021002 'document act' ObjectSomeValuesFrom(RO:0002218 'has active participant' OMRSE:00000093 'insurance company') ObjectSomeValuesFrom(RO:0002218 'has active participant' ObjectIntersectionOf(OMRSE:00000023 'collection of humans' ObjectAllValuesFrom(RO:0002351 'has member' ObjectSomeValuesFrom(RO:0000053 'is bearer of' OMRSE:00000094 'policy holder role')))))) ObjectSomeValuesFrom(RO:0000053 'is bearer of' OMRSE:00000094 'policy holder role') ObjectIntersectionOf(IAO:0000007 'action specification' ObjectSomeValuesFrom(BFO:0000050 'part of' OMRSE:00000091 'insurance policy')) ObjectIntersectionOf(OMRSE:00000024 'role in human social processes' ObjectSomeValuesFrom(RO:0000056 'participates in' ObjectIntersectionOf(IAO:0021002 'document act' ObjectSomeValuesFrom(OBI:0000299 'has_specified_output' OMRSE:00000091 'insurance policy'))) ObjectSomeValuesFrom(InverseOf(IAO:0000136 'is about') ObjectIntersectionOf(IAO:0000001 'conditional specification' ObjectSomeValuesFrom(BFO:0000050 'part of' OMRSE:00000091 'insurance policy')))) ObjectSomeValuesFrom(RO:0002218 'has active participant' OMRSE:00000093 'insurance company') ObjectIntersectionOf(OMRSE:00000023 'collection of humans' ObjectAllValuesFrom(RO:0002351 'has member' ObjectSomeValuesFrom(RO:0000053 'is bearer of' OMRSE:00000094 'policy holder role'))) ObjectSomeValuesFrom(InverseOf(IAO:0000136 'is about') ObjectIntersectionOf(IAO:0000001 'conditional specification' ObjectSomeValuesFrom(BFO:0000050 'part of' OMRSE:00000091 'insurance policy'))) ObjectSomeValuesFrom(OBI:0000299 'has_specified_output' OMRSE:00000091 'insurance policy') ObjectAllValuesFrom(RO:0002351 'has member' ObjectSomeValuesFrom(RO:0000053 'is bearer of' OMRSE:00000094 'policy holder role')) OMRSE:00000091 'insurance policy' OMRSE:00000092 'insured party role' OMRSE:00000093 'insurance company' ObjectSomeValuesFrom(RO:0000056 'participates in' ObjectIntersectionOf(IAO:0021002 'document act' ObjectSomeValuesFrom(OBI:0000299 'has_specified_output' OMRSE:00000091 'insurance policy'))) OMRSE:00000094 'policy holder role'
[INFO] Cycle: IAO:0000577 'centrally registered identifier symbol' IAO:0000578 'CRID' ObjectSomeValuesFrom(BFO:0000051 'has part' IAO:0000577 'centrally registered identifier symbol') ObjectSomeValuesFrom(BFO:0000050 'part of' IAO:0000578 'CRID')
[INFO] ------------------------------------------------------------------------
[INFO] BUILD SUCCESS
[INFO] ------------------------------------------------------------------------
[INFO] Total time: 5.623 s
[INFO] Finished at: 2017-12-03T00:50:35-07:00
[INFO] Final Memory: 21M/1963M
[INFO] ------------------------------------------------------------------------
Sun Dec  3 00:50:35 MST 2017
