Sun Dec  3 00:50:28 MST 2017
Classifying ontology file: /scratch/Shares/hunter/obo-ci/data-all/base/ontologies/oostt/oostt_flat.owl
[INFO] Error stacktraces are turned on.
[INFO] Scanning for projects...
[INFO]                                                                         
[INFO] ------------------------------------------------------------------------
[INFO] Building ontology-classify 1.0
[INFO] ------------------------------------------------------------------------
[INFO] 
[INFO] --- exec-maven-plugin:1.1:exec (default-cli) @ ontology-classify ---
[INFO] /bin/sh: module: line 1: syntax error: unexpected end of file
[INFO] /bin/sh: error importing function definition for `BASH_FUNC_module'
[INFO] 2017-12-03 00:50:33,403 INFO  (ParserWrapper:75) Start loading ontology: file:/scratch/Shares/hunter/obo-ci/data-all/base/ontologies/oostt/oostt_flat.owl from: file:/scratch/Shares/hunter/obo-ci/data-all/base/ontologies/oostt/oostt_flat.owl
[INFO] 2017-12-03 00:50:35,368 INFO  (ParserWrapper:82) Finished loading ontology: http://purl.obolibrary.org/obo/oostt.owl from: file:/scratch/Shares/hunter/obo-ci/data-all/base/ontologies/oostt/oostt_flat.owl
[INFO] Found cycles in the graph
[INFO] Cycle: ObjectSomeValuesFrom(OOSTT:00000045 'mutually specifically depends on' OOSTT:00000097 'performance evaluator role') ObjectSomeValuesFrom(OOSTT:00000045 'mutually specifically depends on' OOSTT:00000098 'performance evaluatee role') OOSTT:00000097 'performance evaluator role' OOSTT:00000098 'performance evaluatee role'
[INFO] Cycle: IAO:0000577 'centrally registered identifier symbol' IAO:0000578 'centrally registered identifier' ObjectSomeValuesFrom(BFO:0000051 'has part' IAO:0000577 'centrally registered identifier symbol') ObjectSomeValuesFrom(BFO:0000050 'part of' IAO:0000578 'centrally registered identifier')
[INFO] ------------------------------------------------------------------------
[INFO] BUILD SUCCESS
[INFO] ------------------------------------------------------------------------
[INFO] Total time: 6.732 s
[INFO] Finished at: 2017-12-03T00:50:36-07:00
[INFO] Final Memory: 21M/1963M
[INFO] ------------------------------------------------------------------------
Sun Dec  3 00:50:36 MST 2017
