Wed Oct 24 12:30:59 UTC 2018
Classifying ontology file: /mnt/efsdata/obo-ci-data/base/ontologies/pco/pco_flat.owl
[INFO] Error stacktraces are turned on.
[INFO] Scanning for projects...
[INFO]                                                                         
[INFO] ------------------------------------------------------------------------
[INFO] Building ontology-classify 1.0
[INFO] ------------------------------------------------------------------------
[INFO] 
[INFO] --- exec-maven-plugin:1.1:exec (default-cli) @ ontology-classify ---
[INFO] 2018-10-24 12:31:03,028 INFO  (ParserWrapper:75) Start loading ontology: file:/mnt/efsdata/obo-ci-data/base/ontologies/pco/pco_flat.owl from: file:/mnt/efsdata/obo-ci-data/base/ontologies/pco/pco_flat.owl
[INFO] 2018-10-24 12:31:04,142 INFO  (ParserWrapper:82) Finished loading ontology: http://purl.obolibrary.org/obo/pco.owl from: file:/mnt/efsdata/obo-ci-data/base/ontologies/pco/pco_flat.owl
[INFO] Found cycles in the graph
[INFO] Cycle: ObjectSomeValuesFrom(RO:0002507 'determined by' ObjectSomeValuesFrom(RO:0002353 'output of' ENVO:01000952 'anthropisation')) ENVO:01000313 'anthropogenic environment' ObjectSomeValuesFrom(RO:0002234 'has output' ENVO:01000313 'anthropogenic environment') ObjectSomeValuesFrom(RO:0002353 'output of' ENVO:01000952 'anthropisation') ENVO:01000952 'anthropisation'
[INFO] Cycle: ObjectMinCardinality(1 BFO:0000051 'has part' ENVO:01000799 'astronomical body') ENVO:01000804 'astronomical object' ENVO:01000799 'astronomical body'
[INFO] Cycle: ENVO:01000993 'manufacturing process' ObjectSomeValuesFrom(RO:0002353 'output of' ENVO:01000993 'manufacturing process') ENVO:00003074 'manufactured product' ObjectSomeValuesFrom(RO:0002234 'has output' ENVO:00003074 'manufactured product')
[INFO] Cycle: ObjectSomeValuesFrom(BFO:0000051 'has part' ENVO:00000070 'construction') ENVO:01000983 'technosphere' ObjectSomeValuesFrom(BFO:0000050 'part of' ENVO:01000983 'technosphere') ENVO:01000996 'construction process' ObjectSomeValuesFrom(RO:0002234 'has output' ENVO:00000070 'construction') ObjectSomeValuesFrom(RO:0002353 'output of' ENVO:01000996 'construction process') ENVO:00000070 'construction'
[INFO] Cycle: ObjectAllValuesFrom(RO:0002207 'directly develops from' CARO:0010000 'multicellular anatomical structure') CARO:0010000 'multicellular anatomical structure'
[INFO] Cycle: ObjectSomeValuesFrom(RO:0002524 'has subsequence' RO:0002533 'sequence atomic unit') RO:0002533 'sequence atomic unit' RO:0002532 'sequentially ordered entity'
[INFO] Cycle: CL:0000000 'cell' ObjectAllValuesFrom(RO:0002207 'directly develops from' CL:0000000 'cell')
[INFO] ------------------------------------------------------------------------
[INFO] BUILD SUCCESS
[INFO] ------------------------------------------------------------------------
[INFO] Total time: 3.707s
[INFO] Finished at: Wed Oct 24 12:31:04 UTC 2018
[INFO] Final Memory: 5M/229M
[INFO] ------------------------------------------------------------------------
Wed Oct 24 12:31:04 UTC 2018
