Wed Oct 24 12:32:08 UTC 2018
Classifying ontology file: /mnt/efsdata/obo-ci-data/base/ontologies/ro_core/ro_core_flat.owl
[INFO] Error stacktraces are turned on.
[INFO] Scanning for projects...
[INFO]                                                                         
[INFO] ------------------------------------------------------------------------
[INFO] Building ontology-classify 1.0
[INFO] ------------------------------------------------------------------------
[INFO] 
[INFO] --- exec-maven-plugin:1.1:exec (default-cli) @ ontology-classify ---
[INFO] 2018-10-24 12:32:12,585 INFO  (ParserWrapper:75) Start loading ontology: file:/mnt/efsdata/obo-ci-data/base/ontologies/ro_core/ro_core_flat.owl from: file:/mnt/efsdata/obo-ci-data/base/ontologies/ro_core/ro_core_flat.owl
[INFO] 2018-10-24 12:32:12,891 INFO  (ParserWrapper:82) Finished loading ontology: http://purl.obolibrary.org/obo/ro/core.owl from: file:/mnt/efsdata/obo-ci-data/base/ontologies/ro_core/ro_core_flat.owl
[INFO] ------------------------------------------------------------------------
[INFO] BUILD SUCCESS
[INFO] ------------------------------------------------------------------------
[INFO] Total time: 2.910s
[INFO] Finished at: Wed Oct 24 12:32:12 UTC 2018
[INFO] Final Memory: 5M/229M
[INFO] ------------------------------------------------------------------------
Wed Oct 24 12:32:13 UTC 2018
