Wed Oct 24 12:32:29 UTC 2018
Classifying ontology file: /mnt/efsdata/obo-ci-data/base/ontologies/ro_subsets_ro-eco/ro_subsets_ro-eco_flat.owl
[INFO] Error stacktraces are turned on.
[INFO] Scanning for projects...
[INFO]                                                                         
[INFO] ------------------------------------------------------------------------
[INFO] Building ontology-classify 1.0
[INFO] ------------------------------------------------------------------------
[INFO] 
[INFO] --- exec-maven-plugin:1.1:exec (default-cli) @ ontology-classify ---
[INFO] 2018-10-24 12:32:33,701 INFO  (ParserWrapper:75) Start loading ontology: file:/mnt/efsdata/obo-ci-data/base/ontologies/ro_subsets_ro-eco/ro_subsets_ro-eco_flat.owl from: file:/mnt/efsdata/obo-ci-data/base/ontologies/ro_subsets_ro-eco/ro_subsets_ro-eco_flat.owl
[INFO] 2018-10-24 12:32:34,455 INFO  (ParserWrapper:82) Finished loading ontology: http://purl.obolibrary.org/obo/ro/subsets/ro-eco.owl from: file:/mnt/efsdata/obo-ci-data/base/ontologies/ro_subsets_ro-eco/ro_subsets_ro-eco_flat.owl
[INFO] ------------------------------------------------------------------------
[INFO] BUILD SUCCESS
[INFO] ------------------------------------------------------------------------
[INFO] Total time: 3.382s
[INFO] Finished at: Wed Oct 24 12:32:34 UTC 2018
[INFO] Final Memory: 6M/289M
[INFO] ------------------------------------------------------------------------
Wed Oct 24 12:32:34 UTC 2018
