Sun Dec  3 00:50:28 MST 2017
Classifying ontology file: /scratch/Shares/hunter/obo-ci/data-all/base/ontologies/sibo/sibo_flat.owl
[INFO] Error stacktraces are turned on.
[INFO] Scanning for projects...
[INFO]                                                                         
[INFO] ------------------------------------------------------------------------
[INFO] Building ontology-classify 1.0
[INFO] ------------------------------------------------------------------------
[INFO] 
[INFO] --- exec-maven-plugin:1.1:exec (default-cli) @ ontology-classify ---
[INFO] /bin/sh: module: line 1: syntax error: unexpected end of file
[INFO] /bin/sh: error importing function definition for `BASH_FUNC_module'
[INFO] 2017-12-03 00:50:33,360 INFO  (ParserWrapper:75) Start loading ontology: file:/scratch/Shares/hunter/obo-ci/data-all/base/ontologies/sibo/sibo_flat.owl from: file:/scratch/Shares/hunter/obo-ci/data-all/base/ontologies/sibo/sibo_flat.owl
[INFO] 2017-12-03 00:50:34,545 INFO  (ParserWrapper:82) Finished loading ontology: http://purl.obolibrary.org/obo/sibo.owl from: file:/scratch/Shares/hunter/obo-ci/data-all/base/ontologies/sibo/sibo_flat.owl
[INFO] Found cycles in the graph
[INFO] Cycle: ObjectSomeValuesFrom(precedes 'precedes' SIBO:0000526 'Forager Antennae Contact') SIBO:0000526 'Forager Antennae Contact'
[INFO] ------------------------------------------------------------------------
[INFO] BUILD SUCCESS
[INFO] ------------------------------------------------------------------------
[INFO] Total time: 5.207 s
[INFO] Finished at: 2017-12-03T00:50:35-07:00
[INFO] Final Memory: 21M/1963M
[INFO] ------------------------------------------------------------------------
Sun Dec  3 00:50:35 MST 2017
