Sun Dec  3 00:50:28 MST 2017
Classifying ontology file: /scratch/Shares/hunter/obo-ci/data-all/base/ontologies/swo/swo_flat.owl
[INFO] Error stacktraces are turned on.
[INFO] Scanning for projects...
[INFO]                                                                         
[INFO] ------------------------------------------------------------------------
[INFO] Building ontology-classify 1.0
[INFO] ------------------------------------------------------------------------
[INFO] 
[INFO] --- exec-maven-plugin:1.1:exec (default-cli) @ ontology-classify ---
[INFO] /bin/sh: module: line 1: syntax error: unexpected end of file
[INFO] /bin/sh: error importing function definition for `BASH_FUNC_module'
[INFO] 2017-12-03 00:50:33,378 INFO  (ParserWrapper:75) Start loading ontology: file:/scratch/Shares/hunter/obo-ci/data-all/base/ontologies/swo/swo_flat.owl from: file:/scratch/Shares/hunter/obo-ci/data-all/base/ontologies/swo/swo_flat.owl
[INFO] 2017-12-03 00:50:36,660 INFO  (ParserWrapper:82) Finished loading ontology: http://www.ebi.ac.uk/swo/swo.owl from: file:/scratch/Shares/hunter/obo-ci/data-all/base/ontologies/swo/swo_flat.owl
[INFO] ------------------------------------------------------------------------
[INFO] BUILD SUCCESS
[INFO] ------------------------------------------------------------------------
[INFO] Total time: 7.657 s
[INFO] Finished at: 2017-12-03T00:50:37-07:00
[INFO] Final Memory: 21M/1963M
[INFO] ------------------------------------------------------------------------
Sun Dec  3 00:50:37 MST 2017
