Wed Nov 29 14:59:11 MST 2017
Ontology download URL: http://purl.obolibrary.org/obo/aeo.owl
  % Total    % Received % Xferd  Average Speed   Time    Time     Time  Current
                                 Dload  Upload   Total   Spent    Left  Speed
  0     0    0     0    0     0      0      0 --:--:-- --:--:-- --:--:--     0100   310  100   310    0     0   1705      0 --:--:-- --:--:-- --:--:--  1712
  0     0    0     0    0     0      0      0 --:--:-- --:--:-- --:--:--     0100  397k  100  397k    0     0   618k      0 --:--:-- --:--:-- --:--:--  984k
Wed Nov 29 14:59:12 MST 2017

Wed Nov 29 14:59:13 MST 2017
Validating ontology file: /scratch/Shares/hunter/obo-ci/data/download/ontologies/aeo/aeo.owl
[INFO] Error stacktraces are turned on.
[INFO] Scanning for projects...
[INFO]                                                                         
[INFO] ------------------------------------------------------------------------
[INFO] Building kabob-ontology-flatten 1.0
[INFO] ------------------------------------------------------------------------
[INFO] 
[INFO] --- exec-maven-plugin:1.1:exec (default-cli) @ kabob-ontology-flatten ---
[INFO] /bin/sh: module: line 1: syntax error: unexpected end of file
[INFO] /bin/sh: error importing function definition for `BASH_FUNC_module'
[INFO] 2017-11-29 14:59:23,111 INFO  (ParserWrapper:75) Start loading ontology: file:/scratch/Shares/hunter/obo-ci/data/download/ontologies/aeo/aeo.owl from: file:/scratch/Shares/hunter/obo-ci/data/download/ontologies/aeo/aeo.owl
[INFO] 2017-11-29 14:59:25,143 INFO  (ParserWrapper:82) Finished loading ontology: http://purl.obolibrary.org/obo/aeo.owl from: file:/scratch/Shares/hunter/obo-ci/data/download/ontologies/aeo/aeo.owl
[INFO] 2017-11-29 14:59:25,157 INFO  (CommandRunner:3243) saving:http://purl.obolibrary.org/obo/aeo.owl using RDF/XML Syntax
[INFO] ------------------------------------------------------------------------
[INFO] BUILD SUCCESS
[INFO] ------------------------------------------------------------------------
[INFO] Total time: 10.031 s
[INFO] Finished at: 2017-11-29T14:59:25-07:00
[INFO] Final Memory: 21M/1963M
[INFO] ------------------------------------------------------------------------
Wed Nov 29 14:59:25 MST 2017

Download validation successful. Triple count = 5669
