Wed Nov 29 14:59:11 MST 2017
Ontology download URL: http://purl.obolibrary.org/obo/agro.owl
  % Total    % Received % Xferd  Average Speed   Time    Time     Time  Current
                                 Dload  Upload   Total   Spent    Left  Speed
  0     0    0     0    0     0      0      0 --:--:-- --:--:-- --:--:--     0100   345  100   345    0     0   1928      0 --:--:-- --:--:-- --:--:--  1938
  0     0    0     0    0     0      0      0 --:--:-- --:--:-- --:--:--     0  0  511k    0  1916    0     0   1512      0  0:05:46  0:00:01  0:05:45  2225100  511k  100  511k    0     0   285k      0  0:00:01  0:00:01 --:--:--  369k
Wed Nov 29 14:59:13 MST 2017

Wed Nov 29 14:59:14 MST 2017
Validating ontology file: /scratch/Shares/hunter/obo-ci/data/download/ontologies/agro/agro.owl
[INFO] Error stacktraces are turned on.
[INFO] Scanning for projects...
[INFO]                                                                         
[INFO] ------------------------------------------------------------------------
[INFO] Building kabob-ontology-flatten 1.0
[INFO] ------------------------------------------------------------------------
[INFO] 
[INFO] --- exec-maven-plugin:1.1:exec (default-cli) @ kabob-ontology-flatten ---
[INFO] /bin/sh: module: line 1: syntax error: unexpected end of file
[INFO] /bin/sh: error importing function definition for `BASH_FUNC_module'
[INFO] 2017-11-29 14:59:23,601 INFO  (ParserWrapper:75) Start loading ontology: file:/scratch/Shares/hunter/obo-ci/data/download/ontologies/agro/agro.owl from: file:/scratch/Shares/hunter/obo-ci/data/download/ontologies/agro/agro.owl
[INFO] 2017-11-29 14:59:27,063 INFO  (ParserWrapper:82) Finished loading ontology: http://purl.obolibrary.org/obo/agro-edit.owl from: file:/scratch/Shares/hunter/obo-ci/data/download/ontologies/agro/agro.owl
[INFO] 2017-11-29 14:59:27,079 INFO  (CommandRunner:3243) saving:http://purl.obolibrary.org/obo/agro-edit.owl using RDF/XML Syntax
[INFO] ------------------------------------------------------------------------
[INFO] BUILD SUCCESS
[INFO] ------------------------------------------------------------------------
[INFO] Total time: 11.138 s
[INFO] Finished at: 2017-11-29T14:59:27-07:00
[INFO] Final Memory: 21M/1963M
[INFO] ------------------------------------------------------------------------
Wed Nov 29 14:59:27 MST 2017

Download validation successful. Triple count = 11080
