Mon Oct 22 16:52:50 UTC 2018
Consolidating all ontology imports for: /mnt/efsdata/obo-ci-data/download/ontologies/apo/apo.owl
[INFO] Error stacktraces are turned on.
[INFO] Scanning for projects...
[INFO]                                                                         
[INFO] ------------------------------------------------------------------------
[INFO] Building kabob-ontology-flatten 1.0
[INFO] ------------------------------------------------------------------------
[INFO] 
[INFO] --- exec-maven-plugin:1.1:exec (default-cli) @ kabob-ontology-flatten ---
[INFO] 2018-10-22 16:52:54,398 INFO  (ParserWrapper:75) Start loading ontology: file:/mnt/efsdata/obo-ci-data/download/ontologies/apo/apo.owl from: file:/mnt/efsdata/obo-ci-data/download/ontologies/apo/apo.owl
[INFO] 2018-10-22 16:52:55,339 INFO  (ParserWrapper:82) Finished loading ontology: http://purl.obolibrary.org/obo/apo.owl from: file:/mnt/efsdata/obo-ci-data/download/ontologies/apo/apo.owl
[INFO] 2018-10-22 16:52:55,351 INFO  (CommandRunner:3243) saving:http://purl.obolibrary.org/obo/apo.owl using RDF/XML Syntax
[INFO] ------------------------------------------------------------------------
[INFO] BUILD SUCCESS
[INFO] ------------------------------------------------------------------------
[INFO] Total time: 3.762s
[INFO] Finished at: Mon Oct 22 16:52:55 UTC 2018
[INFO] Final Memory: 6M/289M
[INFO] ------------------------------------------------------------------------
Mon Oct 22 16:52:55 UTC 2018
