Wed Nov 29 14:58:59 MST 2017
Ontology download URL: http://purl.obolibrary.org/obo/bfo.owl
  % Total    % Received % Xferd  Average Speed   Time    Time     Time  Current
                                 Dload  Upload   Total   Spent    Left  Speed
  0     0    0     0    0     0      0      0 --:--:-- --:--:-- --:--:--     0100   332  100   332    0     0   1329      0 --:--:-- --:--:-- --:--:--  1333
  1  156k    1  1917    0     0   1624      0  0:01:38  0:00:01  0:01:37  1624100  156k  100  156k    0     0   116k      0  0:00:01  0:00:01 --:--:--  966k
Wed Nov 29 14:59:08 MST 2017

Wed Nov 29 14:59:11 MST 2017
Validating ontology file: /scratch/Shares/hunter/obo-ci/data/download/ontologies/bfo/bfo.owl
[INFO] Error stacktraces are turned on.
[INFO] Scanning for projects...
[INFO]                                                                         
[INFO] ------------------------------------------------------------------------
[INFO] Building kabob-ontology-flatten 1.0
[INFO] ------------------------------------------------------------------------
[INFO] 
[INFO] --- exec-maven-plugin:1.1:exec (default-cli) @ kabob-ontology-flatten ---
[INFO] /bin/sh: module: line 1: syntax error: unexpected end of file
[INFO] /bin/sh: error importing function definition for `BASH_FUNC_module'
[INFO] 2017-11-29 14:59:20,688 INFO  (ParserWrapper:75) Start loading ontology: file:/scratch/Shares/hunter/obo-ci/data/download/ontologies/bfo/bfo.owl from: file:/scratch/Shares/hunter/obo-ci/data/download/ontologies/bfo/bfo.owl
[INFO] 2017-11-29 14:59:22,159 INFO  (ParserWrapper:82) Finished loading ontology: http://purl.obolibrary.org/obo/bfo.owl from: file:/scratch/Shares/hunter/obo-ci/data/download/ontologies/bfo/bfo.owl
[INFO] 2017-11-29 14:59:22,172 INFO  (CommandRunner:3243) saving:http://purl.obolibrary.org/obo/bfo.owl using RDF/XML Syntax
[INFO] ------------------------------------------------------------------------
[INFO] BUILD SUCCESS
[INFO] ------------------------------------------------------------------------
[INFO] Total time: 10.294 s
[INFO] Finished at: 2017-11-29T14:59:23-07:00
[INFO] Final Memory: 21M/1963M
[INFO] ------------------------------------------------------------------------
Wed Nov 29 14:59:23 MST 2017

Download validation successful. Triple count = 1733
