Mon Oct 22 16:52:41 UTC 2018
Ontology download URL: http://purl.obolibrary.org/obo/bspo.owl
  % Total    % Received % Xferd  Average Speed   Time    Time     Time  Current
                                 Dload  Upload   Total   Spent    Left  Speed
  0     0    0     0    0     0      0      0 --:--:-- --:--:-- --:--:--     0100   359  100   359    0     0   1287      0 --:--:-- --:--:-- --:--:--  1291
  0     0    0     0    0     0      0      0 --:--:-- --:--:-- --:--:--     0100  400k  100  400k    0     0   544k      0 --:--:-- --:--:-- --:--:-- 1695k
Mon Oct 22 16:52:42 UTC 2018

Mon Oct 22 16:52:42 UTC 2018
Validating ontology file: /mnt/efsdata/obo-ci-data/download/ontologies/bspo/bspo.owl
[INFO] Error stacktraces are turned on.
[INFO] Scanning for projects...
[INFO]                                                                         
[INFO] ------------------------------------------------------------------------
[INFO] Building kabob-ontology-flatten 1.0
[INFO] ------------------------------------------------------------------------
[INFO] 
[INFO] --- exec-maven-plugin:1.1:exec (default-cli) @ kabob-ontology-flatten ---
[INFO] 2018-10-22 16:52:50,636 INFO  (ParserWrapper:75) Start loading ontology: file:/mnt/efsdata/obo-ci-data/download/ontologies/bspo/bspo.owl from: file:/mnt/efsdata/obo-ci-data/download/ontologies/bspo/bspo.owl
[INFO] 2018-10-22 16:52:51,491 INFO  (ParserWrapper:82) Finished loading ontology: http://purl.obolibrary.org/obo/bspo.owl from: file:/mnt/efsdata/obo-ci-data/download/ontologies/bspo/bspo.owl
[INFO] 2018-10-22 16:52:51,503 INFO  (CommandRunner:3243) saving:http://purl.obolibrary.org/obo/bspo.owl using RDF/XML Syntax
[INFO] ------------------------------------------------------------------------
[INFO] BUILD SUCCESS
[INFO] ------------------------------------------------------------------------
[INFO] Total time: 5.547s
[INFO] Finished at: Mon Oct 22 16:52:51 UTC 2018
[INFO] Final Memory: 5M/229M
[INFO] ------------------------------------------------------------------------
Mon Oct 22 16:52:51 UTC 2018

Download validation successful. Triple count = 5997
