Wed Nov 29 14:59:11 MST 2017
Ontology download URL: http://purl.obolibrary.org/obo/caro.owl
  % Total    % Received % Xferd  Average Speed   Time    Time     Time  Current
                                 Dload  Upload   Total   Spent    Left  Speed
  0     0    0     0    0     0      0      0 --:--:-- --:--:-- --:--:--     0100   349  100   349    0     0   1887      0 --:--:-- --:--:-- --:--:--  1896
  0     0    0     0    0     0      0      0 --:--:-- --:--:-- --:--:--     0  0 7806k    0     0    0     0      0      0 --:--:--  0:00:01 --:--:--     0 20 7806k   20 1568k    0     0   663k      0  0:00:11  0:00:02  0:00:09  798k 56 7806k   56 4432k    0     0  1318k      0  0:00:05  0:00:03  0:00:02 1496k100 7806k  100 7806k    0     0  1882k      0  0:00:04  0:00:04 --:--:-- 2084k
Wed Nov 29 14:59:15 MST 2017

Wed Nov 29 14:59:16 MST 2017
Validating ontology file: /scratch/Shares/hunter/obo-ci/data/download/ontologies/caro/caro.owl
[INFO] Error stacktraces are turned on.
[INFO] Scanning for projects...
[INFO]                                                                         
[INFO] ------------------------------------------------------------------------
[INFO] Building kabob-ontology-flatten 1.0
[INFO] ------------------------------------------------------------------------
[INFO] 
[INFO] --- exec-maven-plugin:1.1:exec (default-cli) @ kabob-ontology-flatten ---
[INFO] /bin/sh: module: line 1: syntax error: unexpected end of file
[INFO] /bin/sh: error importing function definition for `BASH_FUNC_module'
[INFO] 2017-11-29 14:59:24,397 INFO  (ParserWrapper:75) Start loading ontology: file:/scratch/Shares/hunter/obo-ci/data/download/ontologies/caro/caro.owl from: file:/scratch/Shares/hunter/obo-ci/data/download/ontologies/caro/caro.owl
[INFO] 2017-11-29 14:59:25,577 INFO  (ParserWrapper:75) Start loading ontology: http://purl.obolibrary.org/obo/caro/imports/go_import.owl from: http://purl.obolibrary.org/obo/caro/imports/go_import.owl
[INFO] 2017-11-29 14:59:27,565 INFO  (ParserWrapper:82) Finished loading ontology: http://purl.obolibrary.org/obo/caro/dev/caro/imports/go_import.owl from: http://purl.obolibrary.org/obo/caro/imports/go_import.owl
[INFO] 2017-11-29 14:59:27,566 INFO  (ParserWrapper:75) Start loading ontology: http://purl.obolibrary.org/obo/ro/core.owl from: http://purl.obolibrary.org/obo/ro/core.owl
[INFO] 2017-11-29 14:59:28,010 INFO  (ParserWrapper:75) Start loading ontology: http://purl.obolibrary.org/obo/ro/annotations.owl from: http://purl.obolibrary.org/obo/ro/annotations.owl
[INFO] 2017-11-29 14:59:28,614 INFO  (ParserWrapper:82) Finished loading ontology: http://purl.obolibrary.org/obo/ro/annotations.owl from: http://purl.obolibrary.org/obo/ro/annotations.owl
[INFO] 2017-11-29 14:59:28,615 INFO  (ParserWrapper:75) Start loading ontology: http://purl.obolibrary.org/obo/ro/bfo-axioms.owl from: http://purl.obolibrary.org/obo/ro/bfo-axioms.owl
[INFO] 2017-11-29 14:59:28,959 INFO  (ParserWrapper:82) Finished loading ontology: http://purl.obolibrary.org/obo/ro/bfo-axioms.owl from: http://purl.obolibrary.org/obo/ro/bfo-axioms.owl
[INFO] 2017-11-29 14:59:28,960 INFO  (ParserWrapper:75) Start loading ontology: http://purl.obolibrary.org/obo/ro/bfo-classes-minimal.owl from: http://purl.obolibrary.org/obo/ro/bfo-classes-minimal.owl
[INFO] 2017-11-29 14:59:29,334 INFO  (ParserWrapper:82) Finished loading ontology: http://purl.obolibrary.org/obo/ro/bfo-classes-minimal.owl from: http://purl.obolibrary.org/obo/ro/bfo-classes-minimal.owl
[INFO] 2017-11-29 14:59:29,401 INFO  (ParserWrapper:82) Finished loading ontology: http://purl.obolibrary.org/obo/ro/core.owl from: http://purl.obolibrary.org/obo/ro/core.owl
[INFO] 2017-11-29 14:59:29,401 INFO  (ParserWrapper:75) Start loading ontology: http://purl.obolibrary.org/obo/caro/imports/bfo_classes_only.owl from: http://purl.obolibrary.org/obo/caro/imports/bfo_classes_only.owl
[INFO] 2017-11-29 14:59:29,937 INFO  (ParserWrapper:82) Finished loading ontology: http://purl.obolibrary.org/obo/bfo.owl from: http://purl.obolibrary.org/obo/caro/imports/bfo_classes_only.owl
[INFO] 2017-11-29 14:59:29,938 INFO  (ParserWrapper:75) Start loading ontology: http://purl.obolibrary.org/obo/caro/imports/pco_import.owl from: http://purl.obolibrary.org/obo/caro/imports/pco_import.owl
[INFO] 2017-11-29 14:59:31,520 INFO  (ParserWrapper:82) Finished loading ontology: http://purl.obolibrary.org/obo/caro/imports/pco_import.owl.owl from: http://purl.obolibrary.org/obo/caro/imports/pco_import.owl
[INFO] 2017-11-29 14:59:31,520 INFO  (ParserWrapper:75) Start loading ontology: http://purl.obolibrary.org/obo/caro/imports/chebi_import.owl from: http://purl.obolibrary.org/obo/caro/imports/chebi_import.owl
[INFO] 2017-11-29 14:59:32,588 INFO  (ParserWrapper:82) Finished loading ontology: http://purl.obolibrary.org/obo/caro/imports/chebi_import.owl.owl from: http://purl.obolibrary.org/obo/caro/imports/chebi_import.owl
[INFO] 2017-11-29 14:59:32,589 INFO  (ParserWrapper:75) Start loading ontology: http://purl.obolibrary.org/obo/caro/imports/ro_import.owl from: http://purl.obolibrary.org/obo/caro/imports/ro_import.owl
[INFO] 2017-11-29 14:59:33,697 ERROR (OWLOntologyManagerImpl:1138) Illegal redeclarations of entities: reuse of entity http://purl.obolibrary.org/obo/RO_0002215 in punning not allowed [Declaration(AnnotationProperty(<http://purl.obolibrary.org/obo/RO_0002215>)), Declaration(ObjectProperty(<http://purl.obolibrary.org/obo/RO_0002215>))]
[INFO] 2017-11-29 14:59:33,698 INFO  (ParserWrapper:82) Finished loading ontology: http://purl.obolibrary.org/obo/caro/imports/ro_import.owl.owl from: http://purl.obolibrary.org/obo/caro/imports/ro_import.owl
[INFO] 2017-11-29 14:59:33,699 INFO  (ParserWrapper:75) Start loading ontology: http://purl.obolibrary.org/obo/caro/imports/pato_import.owl from: http://purl.obolibrary.org/obo/caro/imports/pato_import.owl
[INFO] 2017-11-29 14:59:34,765 ERROR (OWLOntologyID:82) Ontology IRIs must be absolute; IRI /imports/pato_import.owl is relative and will be made absolute by prefixing urn:absolute: to it
[INFO] 2017-11-29 14:59:34,769 INFO  (ParserWrapper:82) Finished loading ontology: urn:absolute:/imports/pato_import.owl from: http://purl.obolibrary.org/obo/caro/imports/pato_import.owl
[INFO] 2017-11-29 14:59:34,769 INFO  (ParserWrapper:75) Start loading ontology: http://purl.obolibrary.org/obo/caro/caro_bridge.owl from: http://purl.obolibrary.org/obo/caro/caro_bridge.owl
[INFO] 2017-11-29 14:59:35,967 INFO  (ParserWrapper:75) Start loading ontology: http://purl.obolibrary.org/obo/caro/imports/ncbitaxon_import.owl from: http://purl.obolibrary.org/obo/caro/imports/ncbitaxon_import.owl
[INFO] 2017-11-29 14:59:37,086 INFO  (ParserWrapper:82) Finished loading ontology: http://purl.obolibrary.org/obo/caro/dev/NCBITaxon_import.owl from: http://purl.obolibrary.org/obo/caro/imports/ncbitaxon_import.owl
[INFO] 2017-11-29 14:59:37,087 INFO  (ParserWrapper:75) Start loading ontology: http://purl.obolibrary.org/obo/caro/imports/cl_import.owl from: http://purl.obolibrary.org/obo/caro/imports/cl_import.owl
[INFO] 2017-11-29 14:59:38,163 INFO  (ParserWrapper:82) Finished loading ontology: http://purl.obolibrary.org/obo/caro/dev/CL_import.owl from: http://purl.obolibrary.org/obo/caro/imports/cl_import.owl
[INFO] 2017-11-29 14:59:38,166 INFO  (ParserWrapper:82) Finished loading ontology: http://purl.obolibrary.org/obo/caro/caro_bridge.owl from: http://purl.obolibrary.org/obo/caro/caro_bridge.owl
[INFO] 2017-11-29 14:59:39,199 ERROR (OWLOntologyManagerImpl:1138) Illegal redeclarations of entities: reuse of entity http://purl.obolibrary.org/obo/RO_0002215 in punning not allowed [Declaration(AnnotationProperty(<http://purl.obolibrary.org/obo/RO_0002215>)), Declaration(ObjectProperty(<http://purl.obolibrary.org/obo/RO_0002215>))]
[INFO] 2017-11-29 14:59:39,263 INFO  (ParserWrapper:82) Finished loading ontology: http://purl.obolibrary.org/obo/caro/caro.owl from: file:/scratch/Shares/hunter/obo-ci/data/download/ontologies/caro/caro.owl
[INFO] 2017-11-29 14:59:39,277 INFO  (CommandRunner:3243) saving:http://purl.obolibrary.org/obo/caro/caro.owl using RDF/XML Syntax
[INFO] ------------------------------------------------------------------------
[INFO] BUILD SUCCESS
[INFO] ------------------------------------------------------------------------
[INFO] Total time: 22.893 s
[INFO] Finished at: 2017-11-29T14:59:40-07:00
[INFO] Final Memory: 21M/1963M
[INFO] ------------------------------------------------------------------------
Wed Nov 29 14:59:41 MST 2017

Download validation successful. Triple count = 102344
