Wed Nov 29 14:59:11 MST 2017
Ontology download URL: http://purl.obolibrary.org/obo/cdao.owl
  % Total    % Received % Xferd  Average Speed   Time    Time     Time  Current
                                 Dload  Upload   Total   Spent    Left  Speed
  0     0    0     0    0     0      0      0 --:--:-- --:--:-- --:--:--     0100   331  100   331    0     0   1863      0 --:--:-- --:--:-- --:--:--  1870
  0     0    0     0    0     0      0      0 --:--:-- --:--:-- --:--:--     0100  107k  100  107k    0     0  97166      0  0:00:01  0:00:01 --:--:--  147k
Wed Nov 29 14:59:12 MST 2017

Wed Nov 29 14:59:14 MST 2017
Validating ontology file: /scratch/Shares/hunter/obo-ci/data/download/ontologies/cdao/cdao.owl
[INFO] Error stacktraces are turned on.
[INFO] Scanning for projects...
[INFO]                                                                         
[INFO] ------------------------------------------------------------------------
[INFO] Building kabob-ontology-flatten 1.0
[INFO] ------------------------------------------------------------------------
[INFO] 
[INFO] --- exec-maven-plugin:1.1:exec (default-cli) @ kabob-ontology-flatten ---
[INFO] /bin/sh: module: line 1: syntax error: unexpected end of file
[INFO] /bin/sh: error importing function definition for `BASH_FUNC_module'
[INFO] 2017-11-29 14:59:23,113 INFO  (ParserWrapper:75) Start loading ontology: file:/scratch/Shares/hunter/obo-ci/data/download/ontologies/cdao/cdao.owl from: file:/scratch/Shares/hunter/obo-ci/data/download/ontologies/cdao/cdao.owl
[INFO] 2017-11-29 14:59:23,897 INFO  (ParserWrapper:75) Start loading ontology: http://purl.obolibrary.org/obo/iao/ontology-metadata.owl from: http://purl.obolibrary.org/obo/iao/ontology-metadata.owl
[INFO] 2017-11-29 14:59:25,548 INFO  (ParserWrapper:82) Finished loading ontology: http://purl.obolibrary.org/obo/iao/ontology-metadata.owl from: http://purl.obolibrary.org/obo/iao/ontology-metadata.owl
[INFO] 2017-11-29 14:59:26,948 INFO  (ParserWrapper:82) Finished loading ontology: http://purl.obolibrary.org/obo/cdao.owl from: file:/scratch/Shares/hunter/obo-ci/data/download/ontologies/cdao/cdao.owl
[INFO] 2017-11-29 14:59:26,963 INFO  (CommandRunner:3243) saving:http://purl.obolibrary.org/obo/cdao.owl using RDF/XML Syntax
[INFO] ------------------------------------------------------------------------
[INFO] BUILD SUCCESS
[INFO] ------------------------------------------------------------------------
[INFO] Total time: 11.895 s
[INFO] Finished at: 2017-11-29T14:59:27-07:00
[INFO] Final Memory: 21M/1963M
[INFO] ------------------------------------------------------------------------
Wed Nov 29 14:59:27 MST 2017

Download validation successful. Triple count = 2911
