Mon Oct 22 16:52:56 UTC 2018
Consolidating all ontology imports for: /mnt/efsdata/obo-ci-data/download/ontologies/cdao/cdao.owl
[INFO] Error stacktraces are turned on.
[INFO] Scanning for projects...
[INFO]                                                                         
[INFO] ------------------------------------------------------------------------
[INFO] Building kabob-ontology-flatten 1.0
[INFO] ------------------------------------------------------------------------
[INFO] 
[INFO] --- exec-maven-plugin:1.1:exec (default-cli) @ kabob-ontology-flatten ---
[INFO] 2018-10-22 16:53:00,493 INFO  (ParserWrapper:75) Start loading ontology: file:/mnt/efsdata/obo-ci-data/download/ontologies/cdao/cdao.owl from: file:/mnt/efsdata/obo-ci-data/download/ontologies/cdao/cdao.owl
[INFO] 2018-10-22 16:53:00,685 INFO  (ParserWrapper:75) Start loading ontology: http://purl.obolibrary.org/obo/iao/ontology-metadata.owl from: http://purl.obolibrary.org/obo/iao/ontology-metadata.owl
[INFO] 2018-10-22 16:53:01,474 INFO  (ParserWrapper:82) Finished loading ontology: http://purl.obolibrary.org/obo/iao/ontology-metadata.owl from: http://purl.obolibrary.org/obo/iao/ontology-metadata.owl
[INFO] 2018-10-22 16:53:01,739 INFO  (ParserWrapper:82) Finished loading ontology: http://purl.obolibrary.org/obo/cdao.owl from: file:/mnt/efsdata/obo-ci-data/download/ontologies/cdao/cdao.owl
[INFO] 2018-10-22 16:53:01,751 INFO  (OWLGraphWrapperBasic:280) Includes Ontology(OntologyID(OntologyIRI(<http://purl.obolibrary.org/obo/iao/ontology-metadata.owl>) VersionIRI(<http://purl.obolibrary.org/obo/iao/2017-03-24/ontology-metadata.owl>))) [Axioms: 351 Logical Axioms: 35]
[INFO] 2018-10-22 16:53:01,761 INFO  (CommandRunner:3243) saving:http://purl.obolibrary.org/obo/cdao.owl using RDF/XML Syntax
[INFO] ------------------------------------------------------------------------
[INFO] BUILD SUCCESS
[INFO] ------------------------------------------------------------------------
[INFO] Total time: 3.785s
[INFO] Finished at: Mon Oct 22 16:53:02 UTC 2018
[INFO] Final Memory: 5M/229M
[INFO] ------------------------------------------------------------------------
Mon Oct 22 16:53:02 UTC 2018
