Wed Nov 29 14:59:40 MST 2017
Consolidating all ontology imports for: /scratch/Shares/hunter/obo-ci/data/download/ontologies/ceph/ceph.owl
[INFO] Error stacktraces are turned on.
[INFO] Scanning for projects...
[INFO]                                                                         
[INFO] ------------------------------------------------------------------------
[INFO] Building kabob-ontology-flatten 1.0
[INFO] ------------------------------------------------------------------------
[INFO] 
[INFO] --- exec-maven-plugin:1.1:exec (default-cli) @ kabob-ontology-flatten ---
[INFO] /bin/sh: module: line 1: syntax error: unexpected end of file
[INFO] /bin/sh: error importing function definition for `BASH_FUNC_module'
[INFO] 2017-11-29 14:59:48,065 INFO  (ParserWrapper:75) Start loading ontology: file:/scratch/Shares/hunter/obo-ci/data/download/ontologies/ceph/ceph.owl from: file:/scratch/Shares/hunter/obo-ci/data/download/ontologies/ceph/ceph.owl
[INFO] 2017-11-29 14:59:48,892 INFO  (ParserWrapper:75) Start loading ontology: http://purl.obolibrary.org/obo/ceph/taxonomy.owl from: http://purl.obolibrary.org/obo/ceph/taxonomy.owl
[INFO] 2017-11-29 14:59:49,814 INFO  (ParserWrapper:82) Finished loading ontology: http://purl.obolibrary.org/obo/ceph/taxonomy.owl from: http://purl.obolibrary.org/obo/ceph/taxonomy.owl
[INFO] 2017-11-29 14:59:49,816 INFO  (ParserWrapper:75) Start loading ontology: http://purl.obolibrary.org/obo/ceph/imports/cl_import.owl from: http://purl.obolibrary.org/obo/ceph/imports/cl_import.owl
[INFO] 2017-11-29 14:59:50,233 INFO  (ParserWrapper:82) Finished loading ontology: http://purl.obolibrary.org/obo/ceph/imports/imports/cl_import.owl from: http://purl.obolibrary.org/obo/ceph/imports/cl_import.owl
[INFO] 2017-11-29 14:59:50,234 INFO  (ParserWrapper:75) Start loading ontology: http://purl.obolibrary.org/obo/ceph/imports/go_import.owl from: http://purl.obolibrary.org/obo/ceph/imports/go_import.owl
[INFO] 2017-11-29 14:59:50,642 INFO  (ParserWrapper:82) Finished loading ontology: http://purl.obolibrary.org/obo/ceph/imports/imports/go_import.owl from: http://purl.obolibrary.org/obo/ceph/imports/go_import.owl
[INFO] 2017-11-29 14:59:50,644 INFO  (ParserWrapper:75) Start loading ontology: http://purl.obolibrary.org/obo/ceph/imports/ro_import.owl from: http://purl.obolibrary.org/obo/ceph/imports/ro_import.owl
[INFO] 2017-11-29 14:59:51,021 INFO  (ParserWrapper:82) Finished loading ontology: http://purl.obolibrary.org/obo/ceph/imports/ro_import.owl from: http://purl.obolibrary.org/obo/ceph/imports/ro_import.owl
[INFO] 2017-11-29 14:59:51,023 INFO  (ParserWrapper:75) Start loading ontology: http://purl.obolibrary.org/obo/ceph/imports/uberon_import.owl from: http://purl.obolibrary.org/obo/ceph/imports/uberon_import.owl
[INFO] 2017-11-29 14:59:51,697 INFO  (ParserWrapper:82) Finished loading ontology: http://purl.obolibrary.org/obo/ceph/imports/imports/uberon_import.owl from: http://purl.obolibrary.org/obo/ceph/imports/uberon_import.owl
[INFO] 2017-11-29 14:59:55,074 INFO  (ParserWrapper:82) Finished loading ontology: http://purl.obolibrary.org/obo/ceph.owl from: file:/scratch/Shares/hunter/obo-ci/data/download/ontologies/ceph/ceph.owl
[INFO] 2017-11-29 14:59:55,095 INFO  (OWLGraphWrapperBasic:280) Includes Ontology(OntologyID(OntologyIRI(<http://purl.obolibrary.org/obo/ceph/imports/ro_import.owl>) VersionIRI(<null>))) [Axioms: 204 Logical Axioms: 28]
[INFO] 2017-11-29 14:59:55,105 INFO  (OWLGraphWrapperBasic:280) Includes Ontology(OntologyID(OntologyIRI(<http://purl.obolibrary.org/obo/ceph/imports/imports/uberon_import.owl>) VersionIRI(<null>))) [Axioms: 3722 Logical Axioms: 1133]
[INFO] 2017-11-29 14:59:55,132 INFO  (OWLGraphWrapperBasic:280) Includes Ontology(OntologyID(OntologyIRI(<http://purl.obolibrary.org/obo/ceph/taxonomy.owl>) VersionIRI(<null>))) [Axioms: 4292 Logical Axioms: 811]
[INFO] 2017-11-29 14:59:55,152 INFO  (OWLGraphWrapperBasic:280) Includes Ontology(OntologyID(OntologyIRI(<http://purl.obolibrary.org/obo/ceph/imports/imports/go_import.owl>) VersionIRI(<null>))) [Axioms: 100 Logical Axioms: 29]
[INFO] 2017-11-29 14:59:55,155 INFO  (OWLGraphWrapperBasic:280) Includes Ontology(OntologyID(OntologyIRI(<http://purl.obolibrary.org/obo/ceph/imports/imports/cl_import.owl>) VersionIRI(<null>))) [Axioms: 27 Logical Axioms: 6]
[INFO] 2017-11-29 14:59:55,157 INFO  (CommandRunner:3243) saving:http://purl.obolibrary.org/obo/ceph.owl using RDF/XML Syntax
[INFO] ------------------------------------------------------------------------
[INFO] BUILD SUCCESS
[INFO] ------------------------------------------------------------------------
[INFO] Total time: 13.261 s
[INFO] Finished at: 2017-11-29T14:59:56-07:00
[INFO] Final Memory: 21M/1963M
[INFO] ------------------------------------------------------------------------
Wed Nov 29 14:59:56 MST 2017
