Wed Nov 29 14:59:10 MST 2017
Ontology download URL: http://purl.obolibrary.org/obo/chmo.owl
  % Total    % Received % Xferd  Average Speed   Time    Time     Time  Current
                                 Dload  Upload   Total   Spent    Left  Speed
  0     0    0     0    0     0      0      0 --:--:-- --:--:-- --:--:--     0100   341  100   341    0     0   1843      0 --:--:-- --:--:-- --:--:--  1853
  0     0    0     0    0     0      0      0 --:--:-- --:--:-- --:--:--     0  0     0    0     0    0     0      0      0 --:--:--  0:00:01 --:--:--     0  4 5949k    4  256k    0     0   104k      0  0:00:57  0:00:02  0:00:55  129k 63 5949k   63 3760k    0     0  1088k      0  0:00:05  0:00:03  0:00:02 1261k100 5949k  100 5949k    0     0  1531k      0  0:00:03  0:00:03 --:--:-- 1745k
Wed Nov 29 14:59:15 MST 2017

Wed Nov 29 14:59:16 MST 2017
Validating ontology file: /scratch/Shares/hunter/obo-ci/data/download/ontologies/chmo/chmo.owl
[INFO] Error stacktraces are turned on.
[INFO] Scanning for projects...
[INFO]                                                                         
[INFO] ------------------------------------------------------------------------
[INFO] Building kabob-ontology-flatten 1.0
[INFO] ------------------------------------------------------------------------
[INFO] 
[INFO] --- exec-maven-plugin:1.1:exec (default-cli) @ kabob-ontology-flatten ---
[INFO] /bin/sh: module: line 1: syntax error: unexpected end of file
[INFO] /bin/sh: error importing function definition for `BASH_FUNC_module'
[INFO] 2017-11-29 14:59:22,635 INFO  (ParserWrapper:75) Start loading ontology: file:/scratch/Shares/hunter/obo-ci/data/download/ontologies/chmo/chmo.owl from: file:/scratch/Shares/hunter/obo-ci/data/download/ontologies/chmo/chmo.owl
[INFO] 2017-11-29 14:59:31,611 INFO  (ParserWrapper:82) Finished loading ontology: http://purl.obolibrary.org/obo/chmo.owl from: file:/scratch/Shares/hunter/obo-ci/data/download/ontologies/chmo/chmo.owl
[INFO] 2017-11-29 14:59:31,630 INFO  (CommandRunner:3243) saving:http://purl.obolibrary.org/obo/chmo.owl using RDF/XML Syntax
[INFO] ------------------------------------------------------------------------
[INFO] BUILD SUCCESS
[INFO] ------------------------------------------------------------------------
[INFO] Total time: 19.017 s
[INFO] Finished at: 2017-11-29T14:59:36-07:00
[INFO] Final Memory: 21M/1963M
[INFO] ------------------------------------------------------------------------
Wed Nov 29 14:59:36 MST 2017

Download validation successful. Triple count = 65656
