Wed Nov 29 14:59:08 MST 2017
Ontology download URL: http://purl.obolibrary.org/obo/cio.owl
  % Total    % Received % Xferd  Average Speed   Time    Time     Time  Current
                                 Dload  Upload   Total   Spent    Left  Speed
  0     0    0     0    0     0      0      0 --:--:-- --:--:-- --:--:--     0100   369  100   369    0     0   2539      0 --:--:-- --:--:-- --:--:--  2544
  1  121k    1  1915    0     0   1007      0  0:02:03  0:00:01  0:02:02  1007100  121k  100  121k    0     0  65288      0  0:00:01  0:00:01 --:--:--  116M
Wed Nov 29 14:59:11 MST 2017

Wed Nov 29 14:59:11 MST 2017
Validating ontology file: /scratch/Shares/hunter/obo-ci/data/download/ontologies/cio/cio.owl
[INFO] Error stacktraces are turned on.
[INFO] Scanning for projects...
[INFO]                                                                         
[INFO] ------------------------------------------------------------------------
[INFO] Building kabob-ontology-flatten 1.0
[INFO] ------------------------------------------------------------------------
[INFO] 
[INFO] --- exec-maven-plugin:1.1:exec (default-cli) @ kabob-ontology-flatten ---
[INFO] /bin/sh: module: line 1: syntax error: unexpected end of file
[INFO] /bin/sh: error importing function definition for `BASH_FUNC_module'
[INFO] 2017-11-29 14:59:21,778 INFO  (ParserWrapper:75) Start loading ontology: file:/scratch/Shares/hunter/obo-ci/data/download/ontologies/cio/cio.owl from: file:/scratch/Shares/hunter/obo-ci/data/download/ontologies/cio/cio.owl
[INFO] 2017-11-29 14:59:22,770 INFO  (ParserWrapper:82) Finished loading ontology: http://purl.obolibrary.org/obo/cio.owl from: file:/scratch/Shares/hunter/obo-ci/data/download/ontologies/cio/cio.owl
[INFO] 2017-11-29 14:59:22,783 INFO  (CommandRunner:3243) saving:http://purl.obolibrary.org/obo/cio.owl using RDF/XML Syntax
[INFO] ------------------------------------------------------------------------
[INFO] BUILD SUCCESS
[INFO] ------------------------------------------------------------------------
[INFO] Total time: 9.560 s
[INFO] Finished at: 2017-11-29T14:59:23-07:00
[INFO] Final Memory: 21M/1963M
[INFO] ------------------------------------------------------------------------
Wed Nov 29 14:59:23 MST 2017

Download validation successful. Triple count = 1742
