Mon Oct 22 16:53:40 UTC 2018
Consolidating all ontology imports for: /mnt/efsdata/obo-ci-data/download/ontologies/clo/clo.owl
[INFO] Error stacktraces are turned on.
[INFO] Scanning for projects...
[INFO]                                                                         
[INFO] ------------------------------------------------------------------------
[INFO] Building kabob-ontology-flatten 1.0
[INFO] ------------------------------------------------------------------------
[INFO] 
[INFO] --- exec-maven-plugin:1.1:exec (default-cli) @ kabob-ontology-flatten ---
[INFO] 2018-10-22 16:53:44,166 INFO  (ParserWrapper:75) Start loading ontology: file:/mnt/efsdata/obo-ci-data/download/ontologies/clo/clo.owl from: file:/mnt/efsdata/obo-ci-data/download/ontologies/clo/clo.owl
[INFO] 2018-10-22 16:54:04,300 ERROR (OWLOntologyManagerImpl:1138) Illegal redeclarations of entities: reuse of entity http://purl.obolibrary.org/obo/RO_0002091 in punning not allowed [Declaration(AnnotationProperty(<http://purl.obolibrary.org/obo/RO_0002091>)), Declaration(ObjectProperty(<http://purl.obolibrary.org/obo/RO_0002091>))]
[INFO] 2018-10-22 16:54:04,301 ERROR (OWLOntologyManagerImpl:1138) Illegal redeclarations of entities: reuse of entity http://purl.obolibrary.org/obo/BFO_0000062 in punning not allowed [Declaration(AnnotationProperty(<http://purl.obolibrary.org/obo/BFO_0000062>)), Declaration(ObjectProperty(<http://purl.obolibrary.org/obo/BFO_0000062>))]
[INFO] 2018-10-22 16:54:04,302 ERROR (OWLOntologyManagerImpl:1138) Illegal redeclarations of entities: reuse of entity http://purl.obolibrary.org/obo/BFO_0000063 in punning not allowed [Declaration(ObjectProperty(<http://purl.obolibrary.org/obo/BFO_0000063>)), Declaration(AnnotationProperty(<http://purl.obolibrary.org/obo/BFO_0000063>))]
[INFO] 2018-10-22 16:54:04,302 ERROR (OWLOntologyManagerImpl:1138) Illegal redeclarations of entities: reuse of entity http://purl.obolibrary.org/obo/RO_0002222 in punning not allowed [Declaration(AnnotationProperty(<http://purl.obolibrary.org/obo/RO_0002222>)), Declaration(ObjectProperty(<http://purl.obolibrary.org/obo/RO_0002222>))]
[INFO] 2018-10-22 16:54:04,302 ERROR (OWLOntologyManagerImpl:1138) Illegal redeclarations of entities: reuse of entity http://purl.obolibrary.org/obo/RO_0000087 in punning not allowed [Declaration(ObjectProperty(<http://purl.obolibrary.org/obo/RO_0000087>)), Declaration(AnnotationProperty(<http://purl.obolibrary.org/obo/RO_0000087>))]
[INFO] 2018-10-22 16:54:04,906 INFO  (ParserWrapper:82) Finished loading ontology: http://purl.obolibrary.org/obo/clo.owl from: file:/mnt/efsdata/obo-ci-data/download/ontologies/clo/clo.owl
[INFO] 2018-10-22 16:54:04,916 INFO  (CommandRunner:3243) saving:http://purl.obolibrary.org/obo/clo.owl using RDF/XML Syntax
[INFO] ------------------------------------------------------------------------
[INFO] BUILD SUCCESS
[INFO] ------------------------------------------------------------------------
[INFO] Total time: 41.382s
[INFO] Finished at: Mon Oct 22 16:54:23 UTC 2018
[INFO] Final Memory: 5M/229M
[INFO] ------------------------------------------------------------------------
Mon Oct 22 16:54:23 UTC 2018
