Mon Oct 22 16:52:50 UTC 2018
Ontology download URL: http://purl.obolibrary.org/obo/cmo.owl
  % Total    % Received % Xferd  Average Speed   Time    Time     Time  Current
                                 Dload  Upload   Total   Spent    Left  Speed
  0     0    0     0    0     0      0      0 --:--:-- --:--:-- --:--:--     0100   310  100   310    0     0    745      0 --:--:-- --:--:-- --:--:--   746
  0     0    0     0    0     0      0      0 --:--:-- --:--:-- --:--:--     0 20 6273k   20 1282k    0     0   784k      0  0:00:07  0:00:01  0:00:06 1326k100 6273k  100 6273k    0     0  2427k      0  0:00:02  0:00:02 --:--:-- 3275k
Mon Oct 22 16:52:53 UTC 2018

Mon Oct 22 16:52:53 UTC 2018
Validating ontology file: /mnt/efsdata/obo-ci-data/download/ontologies/cmo/cmo.owl
[INFO] Error stacktraces are turned on.
[INFO] Scanning for projects...
[INFO]                                                                         
[INFO] ------------------------------------------------------------------------
[INFO] Building kabob-ontology-flatten 1.0
[INFO] ------------------------------------------------------------------------
[INFO] 
[INFO] --- exec-maven-plugin:1.1:exec (default-cli) @ kabob-ontology-flatten ---
[INFO] 2018-10-22 16:53:03,025 INFO  (ParserWrapper:75) Start loading ontology: file:/mnt/efsdata/obo-ci-data/download/ontologies/cmo/cmo.owl from: file:/mnt/efsdata/obo-ci-data/download/ontologies/cmo/cmo.owl
[INFO] 2018-10-22 16:53:04,984 INFO  (ParserWrapper:82) Finished loading ontology: http://purl.obolibrary.org/obo/cmo.owl from: file:/mnt/efsdata/obo-ci-data/download/ontologies/cmo/cmo.owl
[INFO] 2018-10-22 16:53:04,996 INFO  (CommandRunner:3243) saving:http://purl.obolibrary.org/obo/cmo.owl using RDF/XML Syntax
[INFO] ------------------------------------------------------------------------
[INFO] BUILD SUCCESS
[INFO] ------------------------------------------------------------------------
[INFO] Total time: 8.220s
[INFO] Finished at: Mon Oct 22 16:53:06 UTC 2018
[INFO] Final Memory: 5M/229M
[INFO] ------------------------------------------------------------------------
Mon Oct 22 16:53:06 UTC 2018

Download validation successful. Triple count = 61400
