Mon Oct 22 16:52:59 UTC 2018
Consolidating all ontology imports for: /mnt/efsdata/obo-ci-data/download/ontologies/cro/cro.owl
[INFO] Error stacktraces are turned on.
[INFO] Scanning for projects...
[INFO]                                                                         
[INFO] ------------------------------------------------------------------------
[INFO] Building kabob-ontology-flatten 1.0
[INFO] ------------------------------------------------------------------------
[INFO] 
[INFO] --- exec-maven-plugin:1.1:exec (default-cli) @ kabob-ontology-flatten ---
[INFO] 2018-10-22 16:53:03,753 INFO  (ParserWrapper:75) Start loading ontology: file:/mnt/efsdata/obo-ci-data/download/ontologies/cro/cro.owl from: file:/mnt/efsdata/obo-ci-data/download/ontologies/cro/cro.owl
[INFO] 2018-10-22 16:53:03,934 INFO  (ParserWrapper:75) Start loading ontology: http://purl.obolibrary.org/obo/cro/imports/iao_import.owl from: http://purl.obolibrary.org/obo/cro/imports/iao_import.owl
[INFO] 2018-10-22 16:53:04,815 INFO  (ParserWrapper:82) Finished loading ontology: http://purl.obolibrary.org/obo/cro/imports/iao_import.owl from: http://purl.obolibrary.org/obo/cro/imports/iao_import.owl
[INFO] 2018-10-22 16:53:04,816 INFO  (ParserWrapper:75) Start loading ontology: http://purl.obolibrary.org/obo/cro/imports/bfo_import.owl from: http://purl.obolibrary.org/obo/cro/imports/bfo_import.owl
[INFO] 2018-10-22 16:53:05,001 INFO  (ParserWrapper:82) Finished loading ontology: http://purl.obolibrary.org/obo/cro/imports/bfo_import.owl from: http://purl.obolibrary.org/obo/cro/imports/bfo_import.owl
[INFO] 2018-10-22 16:53:05,013 INFO  (ParserWrapper:82) Finished loading ontology: http://purl.obolibrary.org/obo/cro.owl from: file:/mnt/efsdata/obo-ci-data/download/ontologies/cro/cro.owl
[INFO] 2018-10-22 16:53:05,021 INFO  (OWLGraphWrapperBasic:280) Includes Ontology(OntologyID(OntologyIRI(<http://purl.obolibrary.org/obo/cro/imports/iao_import.owl>) VersionIRI(<null>))) [Axioms: 305 Logical Axioms: 47]
[INFO] 2018-10-22 16:53:05,032 INFO  (OWLGraphWrapperBasic:280) Includes Ontology(OntologyID(OntologyIRI(<http://purl.obolibrary.org/obo/cro/imports/bfo_import.owl>) VersionIRI(<null>))) [Axioms: 21 Logical Axioms: 0]
[INFO] 2018-10-22 16:53:05,034 INFO  (CommandRunner:3243) saving:http://purl.obolibrary.org/obo/cro.owl using RDF/XML Syntax
[INFO] ------------------------------------------------------------------------
[INFO] BUILD SUCCESS
[INFO] ------------------------------------------------------------------------
[INFO] Total time: 3.997s
[INFO] Finished at: Mon Oct 22 16:53:05 UTC 2018
[INFO] Final Memory: 6M/289M
[INFO] ------------------------------------------------------------------------
Mon Oct 22 16:53:05 UTC 2018
