Mon Oct 22 16:52:52 UTC 2018
Ontology download URL: http://purl.obolibrary.org/obo/cteno.owl
  % Total    % Received % Xferd  Average Speed   Time    Time     Time  Current
                                 Dload  Upload   Total   Spent    Left  Speed
  0     0    0     0    0     0      0      0 --:--:-- --:--:-- --:--:--     0100   352  100   352    0     0   1210      0 --:--:-- --:--:-- --:--:--  1213
100  282k  100  282k    0     0   393k      0 --:--:-- --:--:-- --:--:--  393k
Mon Oct 22 16:52:53 UTC 2018

Mon Oct 22 16:52:53 UTC 2018
Validating ontology file: /mnt/efsdata/obo-ci-data/download/ontologies/cteno/cteno.owl
[INFO] Error stacktraces are turned on.
[INFO] Scanning for projects...
[INFO]                                                                         
[INFO] ------------------------------------------------------------------------
[INFO] Building kabob-ontology-flatten 1.0
[INFO] ------------------------------------------------------------------------
[INFO] 
[INFO] --- exec-maven-plugin:1.1:exec (default-cli) @ kabob-ontology-flatten ---
[INFO] 2018-10-22 16:53:02,644 INFO  (ParserWrapper:75) Start loading ontology: file:/mnt/efsdata/obo-ci-data/download/ontologies/cteno/cteno.owl from: file:/mnt/efsdata/obo-ci-data/download/ontologies/cteno/cteno.owl
[INFO] 2018-10-22 16:53:02,940 INFO  (ParserWrapper:75) Start loading ontology: http://purl.obolibrary.org/obo/cteno/imports/ro_import.owl from: http://purl.obolibrary.org/obo/cteno/imports/ro_import.owl
[INFO] 2018-10-22 16:53:04,220 INFO  (ParserWrapper:82) Finished loading ontology: http://purl.obolibrary.org/obo/imports/ro_import.owl from: http://purl.obolibrary.org/obo/cteno/imports/ro_import.owl
[INFO] 2018-10-22 16:53:04,222 INFO  (ParserWrapper:75) Start loading ontology: http://purl.obolibrary.org/obo/bspo.owl from: http://purl.obolibrary.org/obo/bspo.owl
[INFO] 2018-10-22 16:53:04,842 INFO  (ParserWrapper:82) Finished loading ontology: http://purl.obolibrary.org/obo/bspo.owl from: http://purl.obolibrary.org/obo/bspo.owl
[INFO] 2018-10-22 16:53:04,844 INFO  (ParserWrapper:75) Start loading ontology: http://purl.obolibrary.org/obo/cteno/imports/chebi_import.owl from: http://purl.obolibrary.org/obo/cteno/imports/chebi_import.owl
[INFO] 2018-10-22 16:53:05,139 INFO  (ParserWrapper:82) Finished loading ontology: http://purl.obolibrary.org/obo/imports/chebi_import.owl from: http://purl.obolibrary.org/obo/cteno/imports/chebi_import.owl
[INFO] 2018-10-22 16:53:05,140 INFO  (ParserWrapper:75) Start loading ontology: http://purl.obolibrary.org/obo/cteno/taxonomy.owl from: http://purl.obolibrary.org/obo/cteno/taxonomy.owl
[INFO] 2018-10-22 16:53:05,508 INFO  (ParserWrapper:82) Finished loading ontology: http://purl.obolibrary.org/obo/cteno/taxonomy.owl from: http://purl.obolibrary.org/obo/cteno/taxonomy.owl
[INFO] 2018-10-22 16:53:05,510 INFO  (ParserWrapper:75) Start loading ontology: http://purl.obolibrary.org/obo/cteno/imports/uberon_import.owl from: http://purl.obolibrary.org/obo/cteno/imports/uberon_import.owl
[INFO] 2018-10-22 16:53:05,895 INFO  (ParserWrapper:82) Finished loading ontology: http://purl.obolibrary.org/obo/imports/uberon_import.owl from: http://purl.obolibrary.org/obo/cteno/imports/uberon_import.owl
[INFO] 2018-10-22 16:53:05,897 INFO  (ParserWrapper:75) Start loading ontology: http://purl.obolibrary.org/obo/cteno/imports/bspo_import.owl from: http://purl.obolibrary.org/obo/cteno/imports/bspo_import.owl
[INFO] 2018-10-22 16:53:06,187 INFO  (ParserWrapper:82) Finished loading ontology: http://purl.obolibrary.org/obo/imports/bspo_import.owl from: http://purl.obolibrary.org/obo/cteno/imports/bspo_import.owl
[INFO] 2018-10-22 16:53:06,189 INFO  (ParserWrapper:75) Start loading ontology: http://purl.obolibrary.org/obo/cteno/imports/cl_import.owl from: http://purl.obolibrary.org/obo/cteno/imports/cl_import.owl
[INFO] 2018-10-22 16:53:06,538 INFO  (ParserWrapper:82) Finished loading ontology: http://purl.obolibrary.org/obo/imports/cl_import.owl from: http://purl.obolibrary.org/obo/cteno/imports/cl_import.owl
[INFO] 2018-10-22 16:53:06,539 INFO  (ParserWrapper:75) Start loading ontology: http://purl.obolibrary.org/obo/cteno/imports/go_import.owl from: http://purl.obolibrary.org/obo/cteno/imports/go_import.owl
[INFO] 2018-10-22 16:53:06,830 INFO  (ParserWrapper:82) Finished loading ontology: http://purl.obolibrary.org/obo/imports/go_import.owl from: http://purl.obolibrary.org/obo/cteno/imports/go_import.owl
[INFO] 2018-10-22 16:53:06,959 INFO  (ParserWrapper:82) Finished loading ontology: http://purl.obolibrary.org/obo/cteno.owl from: file:/mnt/efsdata/obo-ci-data/download/ontologies/cteno/cteno.owl
[INFO] 2018-10-22 16:53:06,968 INFO  (CommandRunner:3243) saving:http://purl.obolibrary.org/obo/cteno.owl using RDF/XML Syntax
[INFO] ------------------------------------------------------------------------
[INFO] BUILD SUCCESS
[INFO] ------------------------------------------------------------------------
[INFO] Total time: 9.319s
[INFO] Finished at: Mon Oct 22 16:53:07 UTC 2018
[INFO] Final Memory: 5M/229M
[INFO] ------------------------------------------------------------------------
Mon Oct 22 16:53:07 UTC 2018

Download validation successful. Triple count = 7418
