Mon Oct 22 16:52:55 UTC 2018
Ontology download URL: http://purl.obolibrary.org/obo/ddanat.owl
  % Total    % Received % Xferd  Average Speed   Time    Time     Time  Current
                                 Dload  Upload   Total   Spent    Left  Speed
  0     0    0     0    0     0      0      0 --:--:-- --:--:-- --:--:--     0100   313  100   313    0     0   1874      0 --:--:-- --:--:-- --:--:--  1885
100  304k  100  304k    0     0   548k      0 --:--:-- --:--:-- --:--:--  548k
Mon Oct 22 16:52:55 UTC 2018

Mon Oct 22 16:52:56 UTC 2018
Validating ontology file: /mnt/efsdata/obo-ci-data/download/ontologies/ddanat/ddanat.owl
[INFO] Error stacktraces are turned on.
[INFO] Scanning for projects...
[INFO]                                                                         
[INFO] ------------------------------------------------------------------------
[INFO] Building kabob-ontology-flatten 1.0
[INFO] ------------------------------------------------------------------------
[INFO] 
[INFO] --- exec-maven-plugin:1.1:exec (default-cli) @ kabob-ontology-flatten ---
[INFO] 2018-10-22 16:52:59,873 INFO  (ParserWrapper:75) Start loading ontology: file:/mnt/efsdata/obo-ci-data/download/ontologies/ddanat/ddanat.owl from: file:/mnt/efsdata/obo-ci-data/download/ontologies/ddanat/ddanat.owl
[INFO] 2018-10-22 16:53:00,513 INFO  (ParserWrapper:82) Finished loading ontology: http://purl.obolibrary.org/obo/ddanat.owl from: file:/mnt/efsdata/obo-ci-data/download/ontologies/ddanat/ddanat.owl
[INFO] 2018-10-22 16:53:00,523 INFO  (CommandRunner:3243) saving:http://purl.obolibrary.org/obo/ddanat.owl using RDF/XML Syntax
[INFO] ------------------------------------------------------------------------
[INFO] BUILD SUCCESS
[INFO] ------------------------------------------------------------------------
[INFO] Total time: 3.402s
[INFO] Finished at: Mon Oct 22 16:53:00 UTC 2018
[INFO] Final Memory: 5M/229M
[INFO] ------------------------------------------------------------------------
Mon Oct 22 16:53:00 UTC 2018

Download validation successful. Triple count = 4321
