Wed Nov 29 15:00:11 MST 2017
Consolidating all ontology imports for: /scratch/Shares/hunter/obo-ci/data/download/ontologies/doid/doid.owl
[INFO] Error stacktraces are turned on.
[INFO] Scanning for projects...
[INFO]                                                                         
[INFO] ------------------------------------------------------------------------
[INFO] Building kabob-ontology-flatten 1.0
[INFO] ------------------------------------------------------------------------
[INFO] 
[INFO] --- exec-maven-plugin:1.1:exec (default-cli) @ kabob-ontology-flatten ---
[INFO] /bin/sh: module: line 1: syntax error: unexpected end of file
[INFO] /bin/sh: error importing function definition for `BASH_FUNC_module'
[INFO] 2017-11-29 15:00:29,574 INFO  (ParserWrapper:75) Start loading ontology: file:/scratch/Shares/hunter/obo-ci/data/download/ontologies/doid/doid.owl from: file:/scratch/Shares/hunter/obo-ci/data/download/ontologies/doid/doid.owl
[INFO] 2017-11-29 15:00:30,113 INFO  (ParserWrapper:75) Start loading ontology: http://purl.obolibrary.org/obo/doid/obo/ext.owl from: http://purl.obolibrary.org/obo/doid/obo/ext.owl
[INFO] 2017-11-29 15:00:31,755 INFO  (ParserWrapper:75) Start loading ontology: http://purl.obolibrary.org/obo/trans.owl from: http://purl.obolibrary.org/obo/trans.owl
[INFO] 2017-11-29 15:00:32,278 INFO  (ParserWrapper:82) Finished loading ontology: http://purl.obolibrary.org/obo/trans.owl from: http://purl.obolibrary.org/obo/trans.owl
[INFO] 2017-11-29 15:00:32,278 INFO  (ParserWrapper:75) Start loading ontology: https://raw.githubusercontent.com/DiseaseOntology/HumanDiseaseOntology/master/src/ontology/imports/ncbitaxon_import.owl from: https://raw.githubusercontent.com/DiseaseOntology/HumanDiseaseOntology/master/src/ontology/imports/ncbitaxon_import.owl
[INFO] 2017-11-29 15:00:32,585 INFO  (ParserWrapper:82) Finished loading ontology: http://purl.obolibrary.org/obo/doid/imports/ncbitaxon_import.owl from: https://raw.githubusercontent.com/DiseaseOntology/HumanDiseaseOntology/master/src/ontology/imports/ncbitaxon_import.owl
[INFO] 2017-11-29 15:00:32,585 INFO  (ParserWrapper:75) Start loading ontology: http://purl.obolibrary.org/obo/doid/imports/cl_import.owl from: http://purl.obolibrary.org/obo/doid/imports/cl_import.owl
[INFO] 2017-11-29 15:00:33,194 INFO  (ParserWrapper:82) Finished loading ontology: http://purl.obolibrary.org/obo/doid/imports/cl_import.owl from: http://purl.obolibrary.org/obo/doid/imports/cl_import.owl
[INFO] 2017-11-29 15:00:33,195 INFO  (ParserWrapper:75) Start loading ontology: https://raw.githubusercontent.com/DiseaseOntology/HumanDiseaseOntology/master/src/ontology/imports/uberon_import.owl from: https://raw.githubusercontent.com/DiseaseOntology/HumanDiseaseOntology/master/src/ontology/imports/uberon_import.owl
[INFO] 2017-11-29 15:00:34,007 INFO  (ParserWrapper:82) Finished loading ontology: http://purl.obolibrary.org/obo/doid/imports/uberon_import.owl from: https://raw.githubusercontent.com/DiseaseOntology/HumanDiseaseOntology/master/src/ontology/imports/uberon_import.owl
[INFO] 2017-11-29 15:00:34,008 INFO  (ParserWrapper:75) Start loading ontology: http://purl.obolibrary.org/obo/symp.owl from: http://purl.obolibrary.org/obo/symp.owl
[INFO] 2017-11-29 15:00:34,431 INFO  (ParserWrapper:82) Finished loading ontology: http://purl.obolibrary.org/obo/symp.owl from: http://purl.obolibrary.org/obo/symp.owl
[INFO] 2017-11-29 15:00:34,433 INFO  (ParserWrapper:75) Start loading ontology: https://raw.githubusercontent.com/DiseaseOntology/HumanDiseaseOntology/master/src/ontology/imports/hp_import.owl from: https://raw.githubusercontent.com/DiseaseOntology/HumanDiseaseOntology/master/src/ontology/imports/hp_import.owl
[INFO] 2017-11-29 15:00:34,899 INFO  (ParserWrapper:82) Finished loading ontology: http://purl.obolibrary.org/obo/doid/imports/hp_import.owl from: https://raw.githubusercontent.com/DiseaseOntology/HumanDiseaseOntology/master/src/ontology/imports/hp_import.owl
[INFO] 2017-11-29 15:00:34,900 INFO  (ParserWrapper:75) Start loading ontology: https://raw.githubusercontent.com/DiseaseOntology/HumanDiseaseOntology/master/src/ontology/imports/omim_susc_import.owl from: https://raw.githubusercontent.com/DiseaseOntology/HumanDiseaseOntology/master/src/ontology/imports/omim_susc_import.owl
[INFO] 2017-11-29 15:00:35,112 INFO  (ParserWrapper:82) Finished loading ontology: https://raw.githubusercontent.com/DiseaseOntology/HumanDiseaseOntology/master/src/ontology/imports/omim_susc_import.owl from: https://raw.githubusercontent.com/DiseaseOntology/HumanDiseaseOntology/master/src/ontology/imports/omim_susc_import.owl
[INFO] 2017-11-29 15:00:35,129 INFO  (ParserWrapper:75) Start loading ontology: http://purl.obolibrary.org/obo/doid/imports/relations.owl from: http://purl.obolibrary.org/obo/doid/imports/relations.owl
[INFO] 2017-11-29 15:00:37,211 INFO  (ParserWrapper:82) Finished loading ontology: http://purl.obolibrary.org/obo/doid/imports/relations.owl from: http://purl.obolibrary.org/obo/doid/imports/relations.owl
[INFO] 2017-11-29 15:00:37,407 INFO  (ParserWrapper:82) Finished loading ontology: htts://raw.githubusercontent.com/DiseaseOntology/HumanDiseaseOntology/master/src/ontology/ext.owl from: http://purl.obolibrary.org/obo/doid/obo/ext.owl
[INFO] 2017-11-29 15:01:00,881 INFO  (ParserWrapper:82) Finished loading ontology: http://purl.obolibrary.org/obo/doid.owl from: file:/scratch/Shares/hunter/obo-ci/data/download/ontologies/doid/doid.owl
[INFO] 2017-11-29 15:01:01,090 INFO  (OWLGraphWrapperBasic:280) Includes Ontology(OntologyID(OntologyIRI(<htts://raw.githubusercontent.com/DiseaseOntology/HumanDiseaseOntology/master/src/ontology/ext.owl>) VersionIRI(<null>))) [Axioms: 3871 Logical Axioms: 1951]
[INFO] 2017-11-29 15:01:01,124 INFO  (OWLGraphWrapperBasic:280) Includes Ontology(OntologyID(OntologyIRI(<http://purl.obolibrary.org/obo/doid/imports/cl_import.owl>) VersionIRI(<null>))) [Axioms: 7595 Logical Axioms: 3307]
[INFO] 2017-11-29 15:01:01,155 INFO  (OWLGraphWrapperBasic:280) Includes Ontology(OntologyID(OntologyIRI(<http://purl.obolibrary.org/obo/symp.owl>) VersionIRI(<http://purl.obolibrary.org/obo/symp/releases/2013-06-03/symp.owl>))) [Axioms: 5962 Logical Axioms: 846]
[INFO] 2017-11-29 15:01:01,198 INFO  (OWLGraphWrapperBasic:280) Includes Ontology(OntologyID(OntologyIRI(<http://purl.obolibrary.org/obo/doid/imports/uberon_import.owl>) VersionIRI(<null>))) [Axioms: 46773 Logical Axioms: 19877]
[INFO] 2017-11-29 15:01:01,320 INFO  (OWLGraphWrapperBasic:280) Includes Ontology(OntologyID(OntologyIRI(<http://purl.obolibrary.org/obo/doid/imports/relations.owl>) VersionIRI(<null>))) [Axioms: 32 Logical Axioms: 1]
[INFO] 2017-11-29 15:01:01,321 INFO  (OWLGraphWrapperBasic:280) Includes Ontology(OntologyID(OntologyIRI(<http://purl.obolibrary.org/obo/doid/imports/ncbitaxon_import.owl>) VersionIRI(<null>))) [Axioms: 3469 Logical Axioms: 866]
[INFO] 2017-11-29 15:01:01,327 INFO  (OWLGraphWrapperBasic:280) Includes Ontology(OntologyID(OntologyIRI(<http://purl.obolibrary.org/obo/trans.owl>) VersionIRI(<http://purl.obolibrary.org/obo/trans/releases/2014-08-23/trans.owl>))) [Axioms: 184 Logical Axioms: 24]
[INFO] 2017-11-29 15:01:01,328 INFO  (OWLGraphWrapperBasic:280) Includes Ontology(OntologyID(OntologyIRI(<http://purl.obolibrary.org/obo/doid/imports/hp_import.owl>) VersionIRI(<null>))) [Axioms: 34631 Logical Axioms: 13732]
[INFO] 2017-11-29 15:01:01,405 INFO  (OWLGraphWrapperBasic:280) Includes Ontology(OntologyID(OntologyIRI(<https://raw.githubusercontent.com/DiseaseOntology/HumanDiseaseOntology/master/src/ontology/imports/omim_susc_import.owl>) VersionIRI(<null>))) [Axioms: 46 Logical Axioms: 14]
[INFO] 2017-11-29 15:01:01,408 INFO  (CommandRunner:3243) saving:http://purl.obolibrary.org/obo/doid.owl using RDF/XML Syntax
[INFO] ------------------------------------------------------------------------
[INFO] BUILD SUCCESS
[INFO] ------------------------------------------------------------------------
[INFO] Total time: 51.093 s
[INFO] Finished at: 2017-11-29T15:01:05-07:00
[INFO] Final Memory: 21M/1963M
[INFO] ------------------------------------------------------------------------
Wed Nov 29 15:01:05 MST 2017
