Wed Nov 29 14:59:09 MST 2017
Ontology download URL: http://purl.obolibrary.org/obo/doid.owl
  % Total    % Received % Xferd  Average Speed   Time    Time     Time  Current
                                 Dload  Upload   Total   Spent    Left  Speed
  0     0    0     0    0     0      0      0 --:--:-- --:--:-- --:--:--     0100   368  100   368    0     0   1923      0 --:--:-- --:--:-- --:--:--  1926
  0     0    0     0    0     0      0      0 --:--:-- --:--:-- --:--:--     0  0     0    0     0    0     0      0      0 --:--:--  0:00:01 --:--:--     0  3 23.5M    3  879k    0     0   386k      0  0:01:02  0:00:02  0:01:00  474k  9 23.5M    9 2367k    0     0   722k      0  0:00:33  0:00:03  0:00:30  829k 19 23.5M   19 4783k    0     0  1118k      0  0:00:21  0:00:04  0:00:17 1241k 35 23.5M   35 8639k    0     0  1637k      0  0:00:14  0:00:05  0:00:09 1780k 60 23.5M   60 14.3M    0     0  2340k      0  0:00:10  0:00:06  0:00:04 2962k 93 23.5M   93 21.9M    0     0  3094k      0  0:00:07  0:00:07 --:--:-- 4327k100 23.5M  100 23.5M    0     0  3205k      0  0:00:07  0:00:07 --:--:-- 5120k
Wed Nov 29 14:59:18 MST 2017

Wed Nov 29 14:59:20 MST 2017
Validating ontology file: /scratch/Shares/hunter/obo-ci/data/download/ontologies/doid/doid.owl
[INFO] Error stacktraces are turned on.
[INFO] Scanning for projects...
[INFO]                                                                         
[INFO] ------------------------------------------------------------------------
[INFO] Building kabob-ontology-flatten 1.0
[INFO] ------------------------------------------------------------------------
[INFO] 
[INFO] --- exec-maven-plugin:1.1:exec (default-cli) @ kabob-ontology-flatten ---
[INFO] /bin/sh: module: line 1: syntax error: unexpected end of file
[INFO] /bin/sh: error importing function definition for `BASH_FUNC_module'
[INFO] 2017-11-29 14:59:27,593 INFO  (ParserWrapper:75) Start loading ontology: file:/scratch/Shares/hunter/obo-ci/data/download/ontologies/doid/doid.owl from: file:/scratch/Shares/hunter/obo-ci/data/download/ontologies/doid/doid.owl
[INFO] 2017-11-29 14:59:28,404 INFO  (ParserWrapper:75) Start loading ontology: http://purl.obolibrary.org/obo/doid/obo/ext.owl from: http://purl.obolibrary.org/obo/doid/obo/ext.owl
[INFO] 2017-11-29 14:59:30,594 INFO  (ParserWrapper:75) Start loading ontology: http://purl.obolibrary.org/obo/trans.owl from: http://purl.obolibrary.org/obo/trans.owl
[INFO] 2017-11-29 14:59:31,765 INFO  (ParserWrapper:82) Finished loading ontology: http://purl.obolibrary.org/obo/trans.owl from: http://purl.obolibrary.org/obo/trans.owl
[INFO] 2017-11-29 14:59:31,766 INFO  (ParserWrapper:75) Start loading ontology: https://raw.githubusercontent.com/DiseaseOntology/HumanDiseaseOntology/master/src/ontology/imports/ncbitaxon_import.owl from: https://raw.githubusercontent.com/DiseaseOntology/HumanDiseaseOntology/master/src/ontology/imports/ncbitaxon_import.owl
[INFO] 2017-11-29 14:59:32,107 INFO  (ParserWrapper:82) Finished loading ontology: http://purl.obolibrary.org/obo/doid/imports/ncbitaxon_import.owl from: https://raw.githubusercontent.com/DiseaseOntology/HumanDiseaseOntology/master/src/ontology/imports/ncbitaxon_import.owl
[INFO] 2017-11-29 14:59:32,108 INFO  (ParserWrapper:75) Start loading ontology: http://purl.obolibrary.org/obo/doid/imports/cl_import.owl from: http://purl.obolibrary.org/obo/doid/imports/cl_import.owl
[INFO] 2017-11-29 14:59:32,743 INFO  (ParserWrapper:82) Finished loading ontology: http://purl.obolibrary.org/obo/doid/imports/cl_import.owl from: http://purl.obolibrary.org/obo/doid/imports/cl_import.owl
[INFO] 2017-11-29 14:59:32,744 INFO  (ParserWrapper:75) Start loading ontology: https://raw.githubusercontent.com/DiseaseOntology/HumanDiseaseOntology/master/src/ontology/imports/uberon_import.owl from: https://raw.githubusercontent.com/DiseaseOntology/HumanDiseaseOntology/master/src/ontology/imports/uberon_import.owl
[INFO] 2017-11-29 14:59:33,811 INFO  (ParserWrapper:82) Finished loading ontology: http://purl.obolibrary.org/obo/doid/imports/uberon_import.owl from: https://raw.githubusercontent.com/DiseaseOntology/HumanDiseaseOntology/master/src/ontology/imports/uberon_import.owl
[INFO] 2017-11-29 14:59:33,812 INFO  (ParserWrapper:75) Start loading ontology: http://purl.obolibrary.org/obo/symp.owl from: http://purl.obolibrary.org/obo/symp.owl
[INFO] 2017-11-29 14:59:34,312 INFO  (ParserWrapper:82) Finished loading ontology: http://purl.obolibrary.org/obo/symp.owl from: http://purl.obolibrary.org/obo/symp.owl
[INFO] 2017-11-29 14:59:34,313 INFO  (ParserWrapper:75) Start loading ontology: https://raw.githubusercontent.com/DiseaseOntology/HumanDiseaseOntology/master/src/ontology/imports/hp_import.owl from: https://raw.githubusercontent.com/DiseaseOntology/HumanDiseaseOntology/master/src/ontology/imports/hp_import.owl
[INFO] 2017-11-29 14:59:35,076 INFO  (ParserWrapper:82) Finished loading ontology: http://purl.obolibrary.org/obo/doid/imports/hp_import.owl from: https://raw.githubusercontent.com/DiseaseOntology/HumanDiseaseOntology/master/src/ontology/imports/hp_import.owl
[INFO] 2017-11-29 14:59:35,076 INFO  (ParserWrapper:75) Start loading ontology: https://raw.githubusercontent.com/DiseaseOntology/HumanDiseaseOntology/master/src/ontology/imports/omim_susc_import.owl from: https://raw.githubusercontent.com/DiseaseOntology/HumanDiseaseOntology/master/src/ontology/imports/omim_susc_import.owl
[INFO] 2017-11-29 14:59:35,252 INFO  (ParserWrapper:82) Finished loading ontology: https://raw.githubusercontent.com/DiseaseOntology/HumanDiseaseOntology/master/src/ontology/imports/omim_susc_import.owl from: https://raw.githubusercontent.com/DiseaseOntology/HumanDiseaseOntology/master/src/ontology/imports/omim_susc_import.owl
[INFO] 2017-11-29 14:59:35,253 INFO  (ParserWrapper:75) Start loading ontology: http://purl.obolibrary.org/obo/doid/imports/relations.owl from: http://purl.obolibrary.org/obo/doid/imports/relations.owl
[INFO] 2017-11-29 14:59:37,032 INFO  (ParserWrapper:82) Finished loading ontology: http://purl.obolibrary.org/obo/doid/imports/relations.owl from: http://purl.obolibrary.org/obo/doid/imports/relations.owl
[INFO] 2017-11-29 14:59:37,311 INFO  (ParserWrapper:82) Finished loading ontology: htts://raw.githubusercontent.com/DiseaseOntology/HumanDiseaseOntology/master/src/ontology/ext.owl from: http://purl.obolibrary.org/obo/doid/obo/ext.owl
[INFO] 2017-11-29 15:00:07,978 INFO  (ParserWrapper:82) Finished loading ontology: http://purl.obolibrary.org/obo/doid.owl from: file:/scratch/Shares/hunter/obo-ci/data/download/ontologies/doid/doid.owl
[INFO] 2017-11-29 15:00:07,991 INFO  (CommandRunner:3243) saving:http://purl.obolibrary.org/obo/doid.owl using RDF/XML Syntax
[INFO] ------------------------------------------------------------------------
[INFO] BUILD SUCCESS
[INFO] ------------------------------------------------------------------------
[INFO] Total time: 48.103 s
[INFO] Finished at: 2017-11-29T15:00:10-07:00
[INFO] Final Memory: 21M/1963M
[INFO] ------------------------------------------------------------------------
Wed Nov 29 15:00:10 MST 2017

Download validation successful. Triple count = 287564
