Wed Nov 29 14:59:39 MST 2017
Consolidating all ontology imports for: /scratch/Shares/hunter/obo-ci/data/download/ontologies/duo/duo.owl
[INFO] Error stacktraces are turned on.
[INFO] Scanning for projects...
[INFO]                                                                         
[INFO] ------------------------------------------------------------------------
[INFO] Building kabob-ontology-flatten 1.0
[INFO] ------------------------------------------------------------------------
[INFO] 
[INFO] --- exec-maven-plugin:1.1:exec (default-cli) @ kabob-ontology-flatten ---
[INFO] /bin/sh: module: line 1: syntax error: unexpected end of file
[INFO] /bin/sh: error importing function definition for `BASH_FUNC_module'
[INFO] 2017-11-29 14:59:47,255 INFO  (ParserWrapper:75) Start loading ontology: file:/scratch/Shares/hunter/obo-ci/data/download/ontologies/duo/duo.owl from: file:/scratch/Shares/hunter/obo-ci/data/download/ontologies/duo/duo.owl
[INFO] 2017-11-29 14:59:54,788 INFO  (ParserWrapper:75) Start loading ontology: http://purl.obolibrary.org/obo/iao/2015-02-23/iao.owl from: http://purl.obolibrary.org/obo/iao/2015-02-23/iao.owl
[INFO] 2017-11-29 14:59:56,335 INFO  (ParserWrapper:82) Finished loading ontology: http://purl.obolibrary.org/obo/iao.owl from: http://purl.obolibrary.org/obo/iao/2015-02-23/iao.owl
[INFO] 2017-11-29 14:59:56,820 INFO  (ParserWrapper:82) Finished loading ontology: http://purl.obolibrary.org/obo/duo.owl from: file:/scratch/Shares/hunter/obo-ci/data/download/ontologies/duo/duo.owl
[INFO] 2017-11-29 14:59:56,836 INFO  (OWLGraphWrapperBasic:280) Includes Ontology(OntologyID(OntologyIRI(<http://purl.obolibrary.org/obo/iao.owl>) VersionIRI(<http://purl.obolibrary.org/obo/iao/2015-02-23/iao.owl>))) [Axioms: 2744 Logical Axioms: 383]
[INFO] 2017-11-29 14:59:56,870 INFO  (CommandRunner:3243) saving:http://purl.obolibrary.org/obo/duo.owl using RDF/XML Syntax
[INFO] ------------------------------------------------------------------------
[INFO] BUILD SUCCESS
[INFO] ------------------------------------------------------------------------
[INFO] Total time: 16.170 s
[INFO] Finished at: 2017-11-29T14:59:57-07:00
[INFO] Final Memory: 21M/1963M
[INFO] ------------------------------------------------------------------------
Wed Nov 29 14:59:57 MST 2017
