Wed Nov 29 14:59:11 MST 2017
Ontology download URL: http://purl.obolibrary.org/obo/duo.owl
  % Total    % Received % Xferd  Average Speed   Time    Time     Time  Current
                                 Dload  Upload   Total   Spent    Left  Speed
  0     0    0     0    0     0      0      0 --:--:-- --:--:-- --:--:--     0100   329  100   329    0     0   1728      0 --:--:-- --:--:-- --:--:--  1731
  0     0    0     0    0     0      0      0 --:--:-- --:--:-- --:--:--     0100 78232  100 78232    0     0  62066      0  0:00:01  0:00:01 --:--:-- 89818
Wed Nov 29 14:59:12 MST 2017

Wed Nov 29 14:59:13 MST 2017
Validating ontology file: /scratch/Shares/hunter/obo-ci/data/download/ontologies/duo/duo.owl
[INFO] Error stacktraces are turned on.
[INFO] Scanning for projects...
[INFO]                                                                         
[INFO] ------------------------------------------------------------------------
[INFO] Building kabob-ontology-flatten 1.0
[INFO] ------------------------------------------------------------------------
[INFO] 
[INFO] --- exec-maven-plugin:1.1:exec (default-cli) @ kabob-ontology-flatten ---
[INFO] /bin/sh: module: line 1: syntax error: unexpected end of file
[INFO] /bin/sh: error importing function definition for `BASH_FUNC_module'
[INFO] 2017-11-29 14:59:23,103 INFO  (ParserWrapper:75) Start loading ontology: file:/scratch/Shares/hunter/obo-ci/data/download/ontologies/duo/duo.owl from: file:/scratch/Shares/hunter/obo-ci/data/download/ontologies/duo/duo.owl
[INFO] 2017-11-29 14:59:23,911 INFO  (ParserWrapper:75) Start loading ontology: http://purl.obolibrary.org/obo/iao/2015-02-23/iao.owl from: http://purl.obolibrary.org/obo/iao/2015-02-23/iao.owl
[INFO] 2017-11-29 14:59:25,937 INFO  (ParserWrapper:82) Finished loading ontology: http://purl.obolibrary.org/obo/iao.owl from: http://purl.obolibrary.org/obo/iao/2015-02-23/iao.owl
[INFO] 2017-11-29 14:59:26,846 INFO  (ParserWrapper:82) Finished loading ontology: http://purl.obolibrary.org/obo/duo.owl from: file:/scratch/Shares/hunter/obo-ci/data/download/ontologies/duo/duo.owl
[INFO] 2017-11-29 14:59:26,867 INFO  (CommandRunner:3243) saving:http://purl.obolibrary.org/obo/duo.owl using RDF/XML Syntax
[INFO] ------------------------------------------------------------------------
[INFO] BUILD SUCCESS
[INFO] ------------------------------------------------------------------------
[INFO] Total time: 11.922 s
[INFO] Finished at: 2017-11-29T14:59:27-07:00
[INFO] Final Memory: 21M/1963M
[INFO] ------------------------------------------------------------------------
Wed Nov 29 14:59:27 MST 2017

Download validation successful. Triple count = 2179
