Mon Oct 22 16:53:02 UTC 2018
Ontology download URL: http://purl.obolibrary.org/obo/eco.owl
  % Total    % Received % Xferd  Average Speed   Time    Time     Time  Current
                                 Dload  Upload   Total   Spent    Left  Speed
  0     0    0     0    0     0      0      0 --:--:-- --:--:-- --:--:--     0100   351  100   351    0     0   2199      0 --:--:-- --:--:-- --:--:--  2207
  0     0    0     0    0     0      0      0 --:--:-- --:--:-- --:--:--     0100 6823k  100 6823k    0     0  6302k      0  0:00:01  0:00:01 --:--:-- 9503k
Mon Oct 22 16:53:03 UTC 2018

Mon Oct 22 16:53:03 UTC 2018
Validating ontology file: /mnt/efsdata/obo-ci-data/download/ontologies/eco/eco.owl
[INFO] Error stacktraces are turned on.
[INFO] Scanning for projects...
[INFO]                                                                         
[INFO] ------------------------------------------------------------------------
[INFO] Building kabob-ontology-flatten 1.0
[INFO] ------------------------------------------------------------------------
[INFO] 
[INFO] --- exec-maven-plugin:1.1:exec (default-cli) @ kabob-ontology-flatten ---
[INFO] 2018-10-22 16:53:07,787 INFO  (ParserWrapper:75) Start loading ontology: file:/mnt/efsdata/obo-ci-data/download/ontologies/eco/eco.owl from: file:/mnt/efsdata/obo-ci-data/download/ontologies/eco/eco.owl
[INFO] 2018-10-22 16:53:10,628 INFO  (ParserWrapper:82) Finished loading ontology: http://purl.obolibrary.org/obo/eco.owl from: file:/mnt/efsdata/obo-ci-data/download/ontologies/eco/eco.owl
[INFO] 2018-10-22 16:53:10,640 INFO  (CommandRunner:3243) saving:http://purl.obolibrary.org/obo/eco.owl using RDF/XML Syntax
[INFO] ------------------------------------------------------------------------
[INFO] BUILD SUCCESS
[INFO] ------------------------------------------------------------------------
[INFO] Total time: 7.574s
[INFO] Finished at: Mon Oct 22 16:53:12 UTC 2018
[INFO] Final Memory: 5M/229M
[INFO] ------------------------------------------------------------------------
Mon Oct 22 16:53:12 UTC 2018

Download validation successful. Triple count = 101215
