Mon Oct 22 16:53:05 UTC 2018
Ontology download URL: http://purl.obolibrary.org/obo/ehdaa2.owl
  % Total    % Received % Xferd  Average Speed   Time    Time     Time  Current
                                 Dload  Upload   Total   Spent    Left  Speed
  0     0    0     0    0     0      0      0 --:--:-- --:--:-- --:--:--     0100   313  100   313    0     0   1888      0 --:--:-- --:--:-- --:--:--  1896
  0     0    0     0    0     0      0      0 --:--:-- --:--:-- --:--:--     0 48 4898k   48 2393k    0     0  1527k      0  0:00:03  0:00:01  0:00:02 2682k100 4898k  100 4898k    0     0  2818k      0  0:00:01  0:00:01 --:--:-- 4612k
Mon Oct 22 16:53:07 UTC 2018

Mon Oct 22 16:53:07 UTC 2018
Validating ontology file: /mnt/efsdata/obo-ci-data/download/ontologies/ehdaa2/ehdaa2.owl
[INFO] Error stacktraces are turned on.
[INFO] Scanning for projects...
[INFO]                                                                         
[INFO] ------------------------------------------------------------------------
[INFO] Building kabob-ontology-flatten 1.0
[INFO] ------------------------------------------------------------------------
[INFO] 
[INFO] --- exec-maven-plugin:1.1:exec (default-cli) @ kabob-ontology-flatten ---
[INFO] 2018-10-22 16:53:11,373 INFO  (ParserWrapper:75) Start loading ontology: file:/mnt/efsdata/obo-ci-data/download/ontologies/ehdaa2/ehdaa2.owl from: file:/mnt/efsdata/obo-ci-data/download/ontologies/ehdaa2/ehdaa2.owl
[INFO] 2018-10-22 16:53:13,277 INFO  (ParserWrapper:82) Finished loading ontology: http://purl.obolibrary.org/obo/ehdaa2.owl from: file:/mnt/efsdata/obo-ci-data/download/ontologies/ehdaa2/ehdaa2.owl
[INFO] 2018-10-22 16:53:13,289 INFO  (CommandRunner:3243) saving:http://purl.obolibrary.org/obo/ehdaa2.owl using RDF/XML Syntax
[INFO] ------------------------------------------------------------------------
[INFO] BUILD SUCCESS
[INFO] ------------------------------------------------------------------------
[INFO] Total time: 6.110s
[INFO] Finished at: Mon Oct 22 16:53:14 UTC 2018
[INFO] Final Memory: 5M/229M
[INFO] ------------------------------------------------------------------------
Mon Oct 22 16:53:14 UTC 2018

Download validation successful. Triple count = 94334
