Mon Oct 22 16:53:05 UTC 2018
Ontology download URL: http://purl.obolibrary.org/obo/emapa.owl
  % Total    % Received % Xferd  Average Speed   Time    Time     Time  Current
                                 Dload  Upload   Total   Spent    Left  Speed
  0     0    0     0    0     0      0      0 --:--:-- --:--:-- --:--:--     0100   355  100   355    0     0   1723      0 --:--:-- --:--:-- --:--:--  1731
  0     0    0     0    0     0      0      0 --:--:-- --:--:-- --:--:--     0 88 10.1M   88 9200k    0     0  7051k      0  0:00:01  0:00:01 --:--:-- 10.3M100 10.1M  100 10.1M    0     0  7701k      0  0:00:01  0:00:01 --:--:-- 11.1M
Mon Oct 22 16:53:06 UTC 2018

Mon Oct 22 16:53:07 UTC 2018
Validating ontology file: /mnt/efsdata/obo-ci-data/download/ontologies/emapa/emapa.owl
[INFO] Error stacktraces are turned on.
[INFO] Scanning for projects...
[INFO]                                                                         
[INFO] ------------------------------------------------------------------------
[INFO] Building kabob-ontology-flatten 1.0
[INFO] ------------------------------------------------------------------------
[INFO] 
[INFO] --- exec-maven-plugin:1.1:exec (default-cli) @ kabob-ontology-flatten ---
[INFO] 2018-10-22 16:53:10,732 INFO  (ParserWrapper:75) Start loading ontology: file:/mnt/efsdata/obo-ci-data/download/ontologies/emapa/emapa.owl from: file:/mnt/efsdata/obo-ci-data/download/ontologies/emapa/emapa.owl
[INFO] 2018-10-22 16:53:14,205 INFO  (ParserWrapper:82) Finished loading ontology: http://purl.obolibrary.org/obo/emapa.owl from: file:/mnt/efsdata/obo-ci-data/download/ontologies/emapa/emapa.owl
[INFO] 2018-10-22 16:53:14,219 INFO  (CommandRunner:3243) saving:http://purl.obolibrary.org/obo/emapa.owl using RDF/XML Syntax
[INFO] ------------------------------------------------------------------------
[INFO] BUILD SUCCESS
[INFO] ------------------------------------------------------------------------
[INFO] Total time: 8.878s
[INFO] Finished at: Mon Oct 22 16:53:17 UTC 2018
[INFO] Final Memory: 6M/289M
[INFO] ------------------------------------------------------------------------
Mon Oct 22 16:53:17 UTC 2018

Download validation successful. Triple count = 198911
