Wed Nov 29 14:59:11 MST 2017
Ontology download URL: http://purl.obolibrary.org/obo/envo.owl
  % Total    % Received % Xferd  Average Speed   Time    Time     Time  Current
                                 Dload  Upload   Total   Spent    Left  Speed
  0     0    0     0    0     0      0      0 --:--:-- --:--:-- --:--:--     0100   343  100   343    0     0   1875      0 --:--:-- --:--:-- --:--:--  1884
  0     0    0     0    0     0      0      0 --:--:-- --:--:-- --:--:--     0  0     0    0     0    0     0      0      0 --:--:--  0:00:01 --:--:--     0  2 9391k    2  207k    0     0  87014      0  0:01:50  0:00:02  0:01:48  104k 11 9391k   11 1119k    0     0   325k      0  0:00:28  0:00:03  0:00:25  374k 26 9391k   26 2479k    0     0   559k      0  0:00:16  0:00:04  0:00:12  622k 42 9391k   42 4015k    0     0   738k      0  0:00:12  0:00:05  0:00:07  805k 58 9391k   58 5519k    0     0   857k      0  0:00:10  0:00:06  0:00:04 1125k 73 9391k   73 6863k    0     0   923k      0  0:00:10  0:00:07  0:00:03 1331k 87 9391k   87 8239k    0     0   976k      0  0:00:09  0:00:08  0:00:01 1424k 99 9391k   99 9359k    0     0   966k      0  0:00:09  0:00:09 --:--:-- 1311k100 9391k  100 9391k    0     0   969k      0  0:00:09  0:00:09 --:--:-- 1265k
Wed Nov 29 14:59:21 MST 2017

Wed Nov 29 14:59:22 MST 2017
Validating ontology file: /scratch/Shares/hunter/obo-ci/data/download/ontologies/envo/envo.owl
[INFO] Error stacktraces are turned on.
[INFO] Scanning for projects...
[INFO]                                                                         
[INFO] ------------------------------------------------------------------------
[INFO] Building kabob-ontology-flatten 1.0
[INFO] ------------------------------------------------------------------------
[INFO] 
[INFO] --- exec-maven-plugin:1.1:exec (default-cli) @ kabob-ontology-flatten ---
[INFO] /bin/sh: module: line 1: syntax error: unexpected end of file
[INFO] /bin/sh: error importing function definition for `BASH_FUNC_module'
[INFO] 2017-11-29 14:59:29,936 INFO  (ParserWrapper:75) Start loading ontology: file:/scratch/Shares/hunter/obo-ci/data/download/ontologies/envo/envo.owl from: file:/scratch/Shares/hunter/obo-ci/data/download/ontologies/envo/envo.owl
[INFO] 2017-11-29 14:59:41,597 INFO  (ParserWrapper:82) Finished loading ontology: http://purl.obolibrary.org/obo/envo.owl from: file:/scratch/Shares/hunter/obo-ci/data/download/ontologies/envo/envo.owl
[INFO] 2017-11-29 14:59:41,621 INFO  (CommandRunner:3243) saving:http://purl.obolibrary.org/obo/envo.owl using RDF/XML Syntax
[INFO] ------------------------------------------------------------------------
[INFO] BUILD SUCCESS
[INFO] ------------------------------------------------------------------------
[INFO] Total time: 19.061 s
[INFO] Finished at: 2017-11-29T14:59:43-07:00
[INFO] Final Memory: 21M/1963M
[INFO] ------------------------------------------------------------------------
Wed Nov 29 14:59:43 MST 2017

Download validation successful. Triple count = 133865
