Mon Oct 22 16:53:17 UTC 2018
Consolidating all ontology imports for: /mnt/efsdata/obo-ci-data/download/ontologies/ero/ero.owl
[INFO] Error stacktraces are turned on.
[INFO] Scanning for projects...
[INFO]                                                                         
[INFO] ------------------------------------------------------------------------
[INFO] Building kabob-ontology-flatten 1.0
[INFO] ------------------------------------------------------------------------
[INFO] 
[INFO] --- exec-maven-plugin:1.1:exec (default-cli) @ kabob-ontology-flatten ---
[INFO] 2018-10-22 16:53:21,750 INFO  (ParserWrapper:75) Start loading ontology: file:/mnt/efsdata/obo-ci-data/download/ontologies/ero/ero.owl from: file:/mnt/efsdata/obo-ci-data/download/ontologies/ero/ero.owl
[INFO] 2018-10-22 16:53:23,480 INFO  (ParserWrapper:82) Finished loading ontology: http://purl.obolibrary.org/obo/ero.owl from: file:/mnt/efsdata/obo-ci-data/download/ontologies/ero/ero.owl
[INFO] 2018-10-22 16:53:23,492 INFO  (CommandRunner:3243) saving:http://purl.obolibrary.org/obo/ero.owl using RDF/XML Syntax
[INFO] ------------------------------------------------------------------------
[INFO] BUILD SUCCESS
[INFO] ------------------------------------------------------------------------
[INFO] Total time: 5.849s
[INFO] Finished at: Mon Oct 22 16:53:24 UTC 2018
[INFO] Final Memory: 5M/229M
[INFO] ------------------------------------------------------------------------
Mon Oct 22 16:53:25 UTC 2018
