Wed Nov 29 14:59:28 MST 2017
Consolidating all ontology imports for: /scratch/Shares/hunter/obo-ci/data/download/ontologies/fao/fao.owl
[INFO] Error stacktraces are turned on.
[INFO] Scanning for projects...
[INFO]                                                                         
[INFO] ------------------------------------------------------------------------
[INFO] Building kabob-ontology-flatten 1.0
[INFO] ------------------------------------------------------------------------
[INFO] 
[INFO] --- exec-maven-plugin:1.1:exec (default-cli) @ kabob-ontology-flatten ---
[INFO] /bin/sh: module: line 1: syntax error: unexpected end of file
[INFO] /bin/sh: error importing function definition for `BASH_FUNC_module'
[INFO] 2017-11-29 14:59:37,502 INFO  (ParserWrapper:75) Start loading ontology: file:/scratch/Shares/hunter/obo-ci/data/download/ontologies/fao/fao.owl from: file:/scratch/Shares/hunter/obo-ci/data/download/ontologies/fao/fao.owl
[INFO] 2017-11-29 14:59:38,237 INFO  (ParserWrapper:82) Finished loading ontology: http://purl.obolibrary.org/obo/fao.owl from: file:/scratch/Shares/hunter/obo-ci/data/download/ontologies/fao/fao.owl
[INFO] 2017-11-29 14:59:38,249 INFO  (CommandRunner:3243) saving:http://purl.obolibrary.org/obo/fao.owl using RDF/XML Syntax
[INFO] ------------------------------------------------------------------------
[INFO] BUILD SUCCESS
[INFO] ------------------------------------------------------------------------
[INFO] Total time: 8.484 s
[INFO] Finished at: 2017-11-29T14:59:38-07:00
[INFO] Final Memory: 21M/1963M
[INFO] ------------------------------------------------------------------------
Wed Nov 29 14:59:39 MST 2017
