Mon Oct 22 16:53:19 UTC 2018
Consolidating all ontology imports for: /mnt/efsdata/obo-ci-data/download/ontologies/fbbi/fbbi.owl
[INFO] Error stacktraces are turned on.
[INFO] Scanning for projects...
[INFO]                                                                         
[INFO] ------------------------------------------------------------------------
[INFO] Building kabob-ontology-flatten 1.0
[INFO] ------------------------------------------------------------------------
[INFO] 
[INFO] --- exec-maven-plugin:1.1:exec (default-cli) @ kabob-ontology-flatten ---
[INFO] 2018-10-22 16:53:22,590 INFO  (ParserWrapper:75) Start loading ontology: file:/mnt/efsdata/obo-ci-data/download/ontologies/fbbi/fbbi.owl from: file:/mnt/efsdata/obo-ci-data/download/ontologies/fbbi/fbbi.owl
[INFO] 2018-10-22 16:53:23,239 ERROR (OWLRDFConsumer:1764) Entity not properly recognized, missing triples in input? http://org.semanticweb.owlapi/error#Error1 for type Class
[INFO] 2018-10-22 16:53:23,316 INFO  (ParserWrapper:82) Finished loading ontology: http://purl.obolibrary.org/obo/fbbi.owl from: file:/mnt/efsdata/obo-ci-data/download/ontologies/fbbi/fbbi.owl
[INFO] 2018-10-22 16:53:23,331 INFO  (CommandRunner:3243) saving:http://purl.obolibrary.org/obo/fbbi.owl using RDF/XML Syntax
[INFO] ------------------------------------------------------------------------
[INFO] BUILD SUCCESS
[INFO] ------------------------------------------------------------------------
[INFO] Total time: 3.468s
[INFO] Finished at: Mon Oct 22 16:53:23 UTC 2018
[INFO] Final Memory: 5M/229M
[INFO] ------------------------------------------------------------------------
Mon Oct 22 16:53:23 UTC 2018
