Mon Oct 22 16:53:13 UTC 2018
Ontology download URL: http://purl.obolibrary.org/obo/fbbt/fbbt-simple.owl
  % Total    % Received % Xferd  Average Speed   Time    Time     Time  Current
                                 Dload  Upload   Total   Spent    Left  Speed
  0     0    0     0    0     0      0      0 --:--:-- --:--:-- --:--:--     0100   389  100   389    0     0   2378      0 --:--:-- --:--:-- --:--:--  2386
  0 28.9M    0  1915    0     0   2269      0  3:43:00 --:--:--  3:43:00  2269 24 28.9M   24 7407k    0     0  4032k      0  0:00:07  0:00:01  0:00:06 7457k 58 28.9M   58 16.9M    0     0  6115k      0  0:00:04  0:00:02  0:00:02 8701k100 28.9M  100 28.9M    0     0  8053k      0  0:00:03  0:00:03 --:--:-- 10.2M
Mon Oct 22 16:53:17 UTC 2018

Mon Oct 22 16:53:18 UTC 2018
Validating ontology file: /mnt/efsdata/obo-ci-data/download/ontologies/fbbt_fbbt-simple/fbbt_fbbt-simple.owl
[INFO] Error stacktraces are turned on.
[INFO] Scanning for projects...
[INFO]                                                                         
[INFO] ------------------------------------------------------------------------
[INFO] Building kabob-ontology-flatten 1.0
[INFO] ------------------------------------------------------------------------
[INFO] 
[INFO] --- exec-maven-plugin:1.1:exec (default-cli) @ kabob-ontology-flatten ---
[INFO] 2018-10-22 16:53:21,861 INFO  (ParserWrapper:75) Start loading ontology: file:/mnt/efsdata/obo-ci-data/download/ontologies/fbbt_fbbt-simple/fbbt_fbbt-simple.owl from: file:/mnt/efsdata/obo-ci-data/download/ontologies/fbbt_fbbt-simple/fbbt_fbbt-simple.owl
[INFO] 2018-10-22 16:53:29,061 INFO  (ParserWrapper:82) Finished loading ontology: http://purl.obolibrary.org/obo/fbbt/fbbt-simple.owl from: file:/mnt/efsdata/obo-ci-data/download/ontologies/fbbt_fbbt-simple/fbbt_fbbt-simple.owl
[INFO] 2018-10-22 16:53:29,073 INFO  (CommandRunner:3243) saving:http://purl.obolibrary.org/obo/fbbt/fbbt-simple.owl using RDF/XML Syntax
[INFO] ------------------------------------------------------------------------
[INFO] BUILD SUCCESS
[INFO] ------------------------------------------------------------------------
[INFO] Total time: 14.982s
[INFO] Finished at: Mon Oct 22 16:53:34 UTC 2018
[INFO] Final Memory: 6M/289M
[INFO] ------------------------------------------------------------------------
Mon Oct 22 16:53:34 UTC 2018

Download validation successful. Triple count = 393595
