Wed Nov 29 14:59:11 MST 2017
Ontology download URL: http://purl.obolibrary.org/obo/fbbt.owl
  % Total    % Received % Xferd  Average Speed   Time    Time     Time  Current
                                 Dload  Upload   Total   Spent    Left  Speed
  0     0    0     0    0     0      0      0 --:--:-- --:--:-- --:--:--     0100   382  100   382    0     0   2171      0 --:--:-- --:--:-- --:--:--  2182
  0     0    0     0    0     0      0      0 --:--:--  0:00:01 --:--:--     0  0 29.3M    0     0    0     0      0      0 --:--:--  0:00:01 --:--:--     0  1 29.3M    1  528k    0     0   182k      0  0:02:44  0:00:02  0:02:42  395k  5 29.3M    5 1536k    0     0   394k      0  0:01:16  0:00:03  0:01:13  656k 10 29.3M   10 3072k    0     0   628k      0  0:00:47  0:00:04  0:00:43  920k 18 29.3M   18 5472k    0     0   929k      0  0:00:32  0:00:05  0:00:27 1262k 30 29.3M   30 9280k    0     0  1347k      0  0:00:22  0:00:06  0:00:16 1890k 45 29.3M   45 13.4M    0     0  1744k      0  0:00:17  0:00:07  0:00:10 2646k 66 29.3M   66 19.5M    0     0  2255k      0  0:00:13  0:00:08  0:00:05 3705k100 29.3M  100 29.3M    0     0  3051k      0  0:00:09  0:00:09 --:--:-- 5445k
Wed Nov 29 14:59:21 MST 2017

Wed Nov 29 14:59:23 MST 2017
Validating ontology file: /scratch/Shares/hunter/obo-ci/data/download/ontologies/fbbt/fbbt.owl
[INFO] Error stacktraces are turned on.
[INFO] Scanning for projects...
[INFO]                                                                         
[INFO] ------------------------------------------------------------------------
[INFO] Building kabob-ontology-flatten 1.0
[INFO] ------------------------------------------------------------------------
[INFO] 
[INFO] --- exec-maven-plugin:1.1:exec (default-cli) @ kabob-ontology-flatten ---
[INFO] /bin/sh: module: line 1: syntax error: unexpected end of file
[INFO] /bin/sh: error importing function definition for `BASH_FUNC_module'
[INFO] 2017-11-29 14:59:29,997 INFO  (ParserWrapper:75) Start loading ontology: file:/scratch/Shares/hunter/obo-ci/data/download/ontologies/fbbt/fbbt.owl from: file:/scratch/Shares/hunter/obo-ci/data/download/ontologies/fbbt/fbbt.owl
[INFO] 2017-11-29 15:00:11,974 INFO  (ParserWrapper:82) Finished loading ontology: http://purl.obolibrary.org/obo/fbbt.owl from: file:/scratch/Shares/hunter/obo-ci/data/download/ontologies/fbbt/fbbt.owl
[INFO] 2017-11-29 15:00:11,988 INFO  (CommandRunner:3243) saving:http://purl.obolibrary.org/obo/fbbt.owl using RDF/XML Syntax
[INFO] ------------------------------------------------------------------------
[INFO] BUILD SUCCESS
[INFO] ------------------------------------------------------------------------
[INFO] Total time: 51.434 s
[INFO] Finished at: 2017-11-29T15:00:15-07:00
[INFO] Final Memory: 21M/1963M
[INFO] ------------------------------------------------------------------------
Wed Nov 29 15:00:16 MST 2017

Download validation successful. Triple count = 410706
