Wed Nov 29 14:59:11 MST 2017
Ontology download URL: http://purl.obolibrary.org/obo/fbcv.owl
  % Total    % Received % Xferd  Average Speed   Time    Time     Time  Current
                                 Dload  Upload   Total   Spent    Left  Speed
  0     0    0     0    0     0      0      0 --:--:-- --:--:-- --:--:--     0100   365  100   365    0     0   2043      0 --:--:-- --:--:-- --:--:--  2050
  0 4296k    0  1915    0     0   1488      0  0:49:16  0:00:01  0:49:15  1488 12 4296k   12  533k    0     0   282k      0  0:00:15  0:00:01  0:00:14  881k 42 4296k   42 1813k    0     0   627k      0  0:00:06  0:00:02  0:00:04 1130k 89 4296k   89 3861k    0     0   993k      0  0:00:04  0:00:03  0:00:01 1483k100 4296k  100 4296k    0     0  1060k      0  0:00:04  0:00:04 --:--:-- 1553k
Wed Nov 29 14:59:15 MST 2017

Wed Nov 29 14:59:16 MST 2017
Validating ontology file: /scratch/Shares/hunter/obo-ci/data/download/ontologies/fbcv/fbcv.owl
[INFO] Error stacktraces are turned on.
[INFO] Scanning for projects...
[INFO]                                                                         
[INFO] ------------------------------------------------------------------------
[INFO] Building kabob-ontology-flatten 1.0
[INFO] ------------------------------------------------------------------------
[INFO] 
[INFO] --- exec-maven-plugin:1.1:exec (default-cli) @ kabob-ontology-flatten ---
[INFO] /bin/sh: module: line 1: syntax error: unexpected end of file
[INFO] /bin/sh: error importing function definition for `BASH_FUNC_module'
[INFO] 2017-11-29 14:59:23,084 INFO  (ParserWrapper:75) Start loading ontology: file:/scratch/Shares/hunter/obo-ci/data/download/ontologies/fbcv/fbcv.owl from: file:/scratch/Shares/hunter/obo-ci/data/download/ontologies/fbcv/fbcv.owl
[INFO] 2017-11-29 14:59:30,837 INFO  (ParserWrapper:82) Finished loading ontology: http://purl.obolibrary.org/obo/fbcv.owl from: file:/scratch/Shares/hunter/obo-ci/data/download/ontologies/fbcv/fbcv.owl
[INFO] 2017-11-29 14:59:30,853 INFO  (CommandRunner:3243) saving:http://purl.obolibrary.org/obo/fbcv.owl using RDF/XML Syntax
[INFO] ------------------------------------------------------------------------
[INFO] BUILD SUCCESS
[INFO] ------------------------------------------------------------------------
[INFO] Total time: 16.956 s
[INFO] Finished at: 2017-11-29T14:59:34-07:00
[INFO] Final Memory: 21M/1963M
[INFO] ------------------------------------------------------------------------
Wed Nov 29 14:59:34 MST 2017

Download validation successful. Triple count = 56728
