Mon Oct 22 16:53:23 UTC 2018
Consolidating all ontology imports for: /mnt/efsdata/obo-ci-data/download/ontologies/fbdv_fbdv-simple/fbdv_fbdv-simple.owl
[INFO] Error stacktraces are turned on.
[INFO] Scanning for projects...
[INFO]                                                                         
[INFO] ------------------------------------------------------------------------
[INFO] Building kabob-ontology-flatten 1.0
[INFO] ------------------------------------------------------------------------
[INFO] 
[INFO] --- exec-maven-plugin:1.1:exec (default-cli) @ kabob-ontology-flatten ---
[INFO] 2018-10-22 16:53:27,574 INFO  (ParserWrapper:75) Start loading ontology: file:/mnt/efsdata/obo-ci-data/download/ontologies/fbdv_fbdv-simple/fbdv_fbdv-simple.owl from: file:/mnt/efsdata/obo-ci-data/download/ontologies/fbdv_fbdv-simple/fbdv_fbdv-simple.owl
[INFO] 2018-10-22 16:53:28,356 INFO  (ParserWrapper:82) Finished loading ontology: http://purl.obolibrary.org/obo/fbdv/fbdv-simple.owl from: file:/mnt/efsdata/obo-ci-data/download/ontologies/fbdv_fbdv-simple/fbdv_fbdv-simple.owl
[INFO] 2018-10-22 16:53:28,368 INFO  (CommandRunner:3243) saving:http://purl.obolibrary.org/obo/fbdv/fbdv-simple.owl using RDF/XML Syntax
[INFO] ------------------------------------------------------------------------
[INFO] BUILD SUCCESS
[INFO] ------------------------------------------------------------------------
[INFO] Total time: 3.721s
[INFO] Finished at: Mon Oct 22 16:53:28 UTC 2018
[INFO] Final Memory: 5M/229M
[INFO] ------------------------------------------------------------------------
Mon Oct 22 16:53:28 UTC 2018
