Wed Nov 29 14:59:11 MST 2017
Ontology download URL: http://purl.obolibrary.org/obo/fbdv.owl
  % Total    % Received % Xferd  Average Speed   Time    Time     Time  Current
                                 Dload  Upload   Total   Spent    Left  Speed
  0     0    0     0    0     0      0      0 --:--:-- --:--:-- --:--:--     0100   382  100   382    0     0   2182      0 --:--:-- --:--:-- --:--:--  2195
  0  612k    0  1916    0     0   1913      0  0:05:28  0:00:01  0:05:27  1913100  612k  100  612k    0     0   361k      0  0:00:01  0:00:01 --:--:--  879k
Wed Nov 29 14:59:13 MST 2017

Wed Nov 29 14:59:14 MST 2017
Validating ontology file: /scratch/Shares/hunter/obo-ci/data/download/ontologies/fbdv/fbdv.owl
[INFO] Error stacktraces are turned on.
[INFO] Scanning for projects...
[INFO]                                                                         
[INFO] ------------------------------------------------------------------------
[INFO] Building kabob-ontology-flatten 1.0
[INFO] ------------------------------------------------------------------------
[INFO] 
[INFO] --- exec-maven-plugin:1.1:exec (default-cli) @ kabob-ontology-flatten ---
[INFO] /bin/sh: module: line 1: syntax error: unexpected end of file
[INFO] /bin/sh: error importing function definition for `BASH_FUNC_module'
[INFO] 2017-11-29 14:59:23,083 INFO  (ParserWrapper:75) Start loading ontology: file:/scratch/Shares/hunter/obo-ci/data/download/ontologies/fbdv/fbdv.owl from: file:/scratch/Shares/hunter/obo-ci/data/download/ontologies/fbdv/fbdv.owl
[INFO] 2017-11-29 14:59:25,706 INFO  (ParserWrapper:82) Finished loading ontology: http://purl.obolibrary.org/obo/fbdv.owl from: file:/scratch/Shares/hunter/obo-ci/data/download/ontologies/fbdv/fbdv.owl
[INFO] 2017-11-29 14:59:25,719 INFO  (CommandRunner:3243) saving:http://purl.obolibrary.org/obo/fbdv.owl using RDF/XML Syntax
[INFO] ------------------------------------------------------------------------
[INFO] BUILD SUCCESS
[INFO] ------------------------------------------------------------------------
[INFO] Total time: 11.353 s
[INFO] Finished at: 2017-11-29T14:59:26-07:00
[INFO] Final Memory: 21M/1963M
[INFO] ------------------------------------------------------------------------
Wed Nov 29 14:59:26 MST 2017

Download validation successful. Triple count = 8621
