Wed Nov 29 14:59:11 MST 2017
Ontology download URL: http://purl.obolibrary.org/obo/fix.owl
  % Total    % Received % Xferd  Average Speed   Time    Time     Time  Current
                                 Dload  Upload   Total   Spent    Left  Speed
  0     0    0     0    0     0      0      0 --:--:-- --:--:-- --:--:--     0100   310  100   310    0     0   1770      0 --:--:-- --:--:-- --:--:--  1781
 99  859k   99  855k    0     0   935k      0 --:--:-- --:--:-- --:--:--  935k100  859k  100  859k    0     0   940k      0 --:--:-- --:--:-- --:--:-- 4642k
Wed Nov 29 14:59:12 MST 2017

Wed Nov 29 14:59:13 MST 2017
Validating ontology file: /scratch/Shares/hunter/obo-ci/data/download/ontologies/fix/fix.owl
[INFO] Error stacktraces are turned on.
[INFO] Scanning for projects...
[INFO]                                                                         
[INFO] ------------------------------------------------------------------------
[INFO] Building kabob-ontology-flatten 1.0
[INFO] ------------------------------------------------------------------------
[INFO] 
[INFO] --- exec-maven-plugin:1.1:exec (default-cli) @ kabob-ontology-flatten ---
[INFO] /bin/sh: module: line 1: syntax error: unexpected end of file
[INFO] /bin/sh: error importing function definition for `BASH_FUNC_module'
[INFO] 2017-11-29 14:59:23,085 INFO  (ParserWrapper:75) Start loading ontology: file:/scratch/Shares/hunter/obo-ci/data/download/ontologies/fix/fix.owl from: file:/scratch/Shares/hunter/obo-ci/data/download/ontologies/fix/fix.owl
[INFO] 2017-11-29 14:59:26,091 INFO  (ParserWrapper:82) Finished loading ontology: http://purl.obolibrary.org/obo/fix.owl from: file:/scratch/Shares/hunter/obo-ci/data/download/ontologies/fix/fix.owl
[INFO] 2017-11-29 14:59:26,105 INFO  (CommandRunner:3243) saving:http://purl.obolibrary.org/obo/fix.owl using RDF/XML Syntax
[INFO] ------------------------------------------------------------------------
[INFO] BUILD SUCCESS
[INFO] ------------------------------------------------------------------------
[INFO] Total time: 11.964 s
[INFO] Finished at: 2017-11-29T14:59:27-07:00
[INFO] Final Memory: 21M/1963M
[INFO] ------------------------------------------------------------------------
Wed Nov 29 14:59:27 MST 2017

Download validation successful. Triple count = 14918
