Wed Nov 29 14:59:11 MST 2017
Ontology download URL: http://purl.obolibrary.org/obo/flopo.owl
  % Total    % Received % Xferd  Average Speed   Time    Time     Time  Current
                                 Dload  Upload   Total   Spent    Left  Speed
  0     0    0     0    0     0      0      0 --:--:-- --:--:-- --:--:--     0100   356  100   356    0     0   1997      0 --:--:-- --:--:-- --:--:--  2000
100   164  100   164    0     0    204      0 --:--:-- --:--:-- --:--:--   204
  0     0    0     0    0     0      0      0 --:--:-- --:--:-- --:--:--     0  1 25.8M    1  416k    0     0   220k      0  0:02:00  0:00:01  0:01:59  445k 13 25.8M   13 3616k    0     0  1251k      0  0:00:21  0:00:02  0:00:19 1869k 32 25.8M   32 8688k    0     0  2233k      0  0:00:11  0:00:03  0:00:08 2961k 63 25.8M   63 16.3M    0     0  3426k      0  0:00:07  0:00:04  0:00:03 4258k100 25.8M  100 25.8M    0     0  4640k      0  0:00:05  0:00:05 --:--:-- 5575k
Wed Nov 29 14:59:17 MST 2017

Wed Nov 29 14:59:17 MST 2017
Validating ontology file: /scratch/Shares/hunter/obo-ci/data/download/ontologies/flopo/flopo.owl
[INFO] Error stacktraces are turned on.
[INFO] Scanning for projects...
[INFO]                                                                         
[INFO] ------------------------------------------------------------------------
[INFO] Building kabob-ontology-flatten 1.0
[INFO] ------------------------------------------------------------------------
[INFO] 
[INFO] --- exec-maven-plugin:1.1:exec (default-cli) @ kabob-ontology-flatten ---
[INFO] /bin/sh: module: line 1: syntax error: unexpected end of file
[INFO] /bin/sh: error importing function definition for `BASH_FUNC_module'
[INFO] 2017-11-29 14:59:25,022 INFO  (ParserWrapper:75) Start loading ontology: file:/scratch/Shares/hunter/obo-ci/data/download/ontologies/flopo/flopo.owl from: file:/scratch/Shares/hunter/obo-ci/data/download/ontologies/flopo/flopo.owl
[INFO] 2017-11-29 14:59:25,732 INFO  (ParserWrapper:75) Start loading ontology: http://purl.obolibrary.org/obo/po.owl from: http://purl.obolibrary.org/obo/po.owl
[INFO] 2017-11-29 14:59:27,956 INFO  (ParserWrapper:75) Start loading ontology: http://purl.obolibrary.org/obo/po/imports/ncbitaxon_import.owl from: http://purl.obolibrary.org/obo/po/imports/ncbitaxon_import.owl
[INFO] 2017-11-29 14:59:28,658 INFO  (ParserWrapper:82) Finished loading ontology: http://purl.obolibrary.org/obo/po/imports/ncbitaxon_import.owl from: http://purl.obolibrary.org/obo/po/imports/ncbitaxon_import.owl
[INFO] 2017-11-29 14:59:30,041 INFO  (ParserWrapper:82) Finished loading ontology: http://purl.obolibrary.org/obo/po.owl from: http://purl.obolibrary.org/obo/po.owl
[INFO] 2017-11-29 14:59:30,045 INFO  (ParserWrapper:75) Start loading ontology: http://purl.obolibrary.org/obo/pato.owl from: http://purl.obolibrary.org/obo/pato.owl
[INFO] 2017-11-29 14:59:31,706 INFO  (ParserWrapper:82) Finished loading ontology: http://purl.obolibrary.org/obo/pato.owl from: http://purl.obolibrary.org/obo/pato.owl
[INFO] 2017-11-29 15:00:11,371 INFO  (ParserWrapper:82) Finished loading ontology: http://purl.obolibrary.org/obo/flopo.owl from: file:/scratch/Shares/hunter/obo-ci/data/download/ontologies/flopo/flopo.owl
[INFO] 2017-11-29 15:00:11,384 INFO  (CommandRunner:3243) saving:http://purl.obolibrary.org/obo/flopo.owl using RDF/XML Syntax
[INFO] ------------------------------------------------------------------------
[INFO] BUILD SUCCESS
[INFO] ------------------------------------------------------------------------
[INFO] Total time: 01:07 min
[INFO] Finished at: 2017-11-29T15:00:26-07:00
[INFO] Final Memory: 21M/1963M
[INFO] ------------------------------------------------------------------------
Wed Nov 29 15:00:27 MST 2017

Download validation successful. Triple count = 566534
