Mon Oct 22 16:53:42 UTC 2018
Consolidating all ontology imports for: /mnt/efsdata/obo-ci-data/download/ontologies/flopo/flopo.owl
[INFO] Error stacktraces are turned on.
[INFO] Scanning for projects...
[INFO]                                                                         
[INFO] ------------------------------------------------------------------------
[INFO] Building kabob-ontology-flatten 1.0
[INFO] ------------------------------------------------------------------------
[INFO] 
[INFO] --- exec-maven-plugin:1.1:exec (default-cli) @ kabob-ontology-flatten ---
[INFO] 2018-10-22 16:53:46,350 INFO  (ParserWrapper:75) Start loading ontology: file:/mnt/efsdata/obo-ci-data/download/ontologies/flopo/flopo.owl from: file:/mnt/efsdata/obo-ci-data/download/ontologies/flopo/flopo.owl
[INFO] 2018-10-22 16:53:46,528 INFO  (ParserWrapper:75) Start loading ontology: http://purl.obolibrary.org/obo/po.owl from: http://purl.obolibrary.org/obo/po.owl
[INFO] 2018-10-22 16:53:47,410 INFO  (ParserWrapper:75) Start loading ontology: http://purl.obolibrary.org/obo/po/imports/ncbitaxon_import.owl from: http://purl.obolibrary.org/obo/po/imports/ncbitaxon_import.owl
[INFO] 2018-10-22 16:53:47,668 INFO  (ParserWrapper:82) Finished loading ontology: http://purl.obolibrary.org/obo/po/imports/ncbitaxon_import.owl from: http://purl.obolibrary.org/obo/po/imports/ncbitaxon_import.owl
[INFO] 2018-10-22 16:53:49,755 INFO  (ParserWrapper:82) Finished loading ontology: http://purl.obolibrary.org/obo/po.owl from: http://purl.obolibrary.org/obo/po.owl
[INFO] 2018-10-22 16:53:49,758 INFO  (ParserWrapper:75) Start loading ontology: http://purl.obolibrary.org/obo/pato.owl from: http://purl.obolibrary.org/obo/pato.owl
[INFO] 2018-10-22 16:53:50,817 INFO  (ParserWrapper:82) Finished loading ontology: http://purl.obolibrary.org/obo/pato.owl from: http://purl.obolibrary.org/obo/pato.owl
[INFO] 2018-10-22 16:53:56,375 INFO  (ParserWrapper:82) Finished loading ontology: http://purl.obolibrary.org/obo/flopo.owl from: file:/mnt/efsdata/obo-ci-data/download/ontologies/flopo/flopo.owl
[INFO] 2018-10-22 16:53:56,389 INFO  (OWLGraphWrapperBasic:280) Includes Ontology(OntologyID(OntologyIRI(<http://purl.obolibrary.org/obo/po.owl>) VersionIRI(<http://purl.obolibrary.org/obo/po/releases/2018-09-25/po.owl>))) [Axioms: 23566 Logical Axioms: 2897]
[INFO] 2018-10-22 16:53:56,569 INFO  (OWLGraphWrapperBasic:280) Includes Ontology(OntologyID(OntologyIRI(<http://purl.obolibrary.org/obo/po/imports/ncbitaxon_import.owl>) VersionIRI(<null>))) [Axioms: 64 Logical Axioms: 10]
[INFO] 2018-10-22 16:53:56,571 INFO  (OWLGraphWrapperBasic:280) Includes Ontology(OntologyID(OntologyIRI(<http://purl.obolibrary.org/obo/pato.owl>) VersionIRI(<http://purl.obolibrary.org/obo/pato/releases/2018-08-14/pato.owl>))) [Axioms: 21950 Logical Axioms: 2780]
[INFO] 2018-10-22 16:53:56,699 INFO  (CommandRunner:3243) saving:http://purl.obolibrary.org/obo/flopo.owl using RDF/XML Syntax
[INFO] ------------------------------------------------------------------------
[INFO] BUILD SUCCESS
[INFO] ------------------------------------------------------------------------
[INFO] Total time: 21.273s
[INFO] Finished at: Mon Oct 22 16:54:05 UTC 2018
[INFO] Final Memory: 5M/229M
[INFO] ------------------------------------------------------------------------
Mon Oct 22 16:54:05 UTC 2018
