Wed Nov 29 14:59:12 MST 2017
Ontology download URL: http://purl.obolibrary.org/obo/fma.owl
  % Total    % Received % Xferd  Average Speed   Time    Time     Time  Current
                                 Dload  Upload   Total   Spent    Left  Speed
  0     0    0     0    0     0      0      0 --:--:-- --:--:-- --:--:--     0100   310  100   310    0     0   1707      0 --:--:-- --:--:-- --:--:--  1712
  0 63.2M    0  2229    0     0   4249      0  4:20:19 --:--:--  4:20:19  4249  2 63.2M    2 1371k    0     0   957k      0  0:01:07  0:00:01  0:01:06 1505k  9 63.2M    9 5857k    0     0  2421k      0  0:00:26  0:00:02  0:00:24 3090k 15 63.2M   15 10.0M    0     0  3013k      0  0:00:21  0:00:03  0:00:18 3556k 24 63.2M   24 15.2M    0     0  3532k      0  0:00:18  0:00:04  0:00:14 4006k 37 63.2M   37 23.8M    0     0  4509k      0  0:00:14  0:00:05  0:00:09 4990k 49 63.2M   49 31.6M    0     0  5041k      0  0:00:12  0:00:06  0:00:06 6214k 59 63.2M   59 37.7M    0     0  5211k      0  0:00:12  0:00:07  0:00:05 6561k 69 63.2M   69 44.0M    0     0  5329k      0  0:00:12  0:00:08  0:00:04 6909k 76 63.2M   76 48.4M    0     0  5263k      0  0:00:12  0:00:09  0:00:03 6792k 83 63.2M   83 52.8M    0     0  5192k      0  0:00:12  0:00:10  0:00:02 5932k 89 63.2M   89 56.9M    0     0  5103k      0  0:00:12  0:00:11  0:00:01 5182k 96 63.2M   96 61.3M    0     0  5054k      0  0:00:12  0:00:12 --:--:-- 4821k100 63.2M  100 63.2M    0     0  5041k      0  0:00:12  0:00:12 --:--:-- 4488k
Wed Nov 29 14:59:24 MST 2017

Wed Nov 29 14:59:26 MST 2017
Validating ontology file: /scratch/Shares/hunter/obo-ci/data/download/ontologies/fma/fma.owl
[INFO] Error stacktraces are turned on.
[INFO] Scanning for projects...
[INFO]                                                                         
[INFO] ------------------------------------------------------------------------
[INFO] Building kabob-ontology-flatten 1.0
[INFO] ------------------------------------------------------------------------
[INFO] 
[INFO] --- exec-maven-plugin:1.1:exec (default-cli) @ kabob-ontology-flatten ---
[INFO] /bin/sh: module: line 1: syntax error: unexpected end of file
[INFO] /bin/sh: error importing function definition for `BASH_FUNC_module'
[INFO] 2017-11-29 14:59:35,145 INFO  (ParserWrapper:75) Start loading ontology: file:/scratch/Shares/hunter/obo-ci/data/download/ontologies/fma/fma.owl from: file:/scratch/Shares/hunter/obo-ci/data/download/ontologies/fma/fma.owl
[INFO] 2017-11-29 15:01:03,916 INFO  (ParserWrapper:82) Finished loading ontology: http://purl.obolibrary.org/obo/fma.owl from: file:/scratch/Shares/hunter/obo-ci/data/download/ontologies/fma/fma.owl
[INFO] 2017-11-29 15:01:03,929 INFO  (CommandRunner:3243) saving:http://purl.obolibrary.org/obo/fma.owl using RDF/XML Syntax
[INFO] ------------------------------------------------------------------------
[INFO] BUILD SUCCESS
[INFO] ------------------------------------------------------------------------
[INFO] Total time: 01:42 min
[INFO] Finished at: 2017-11-29T15:01:11-07:00
[INFO] Final Memory: 21M/1963M
[INFO] ------------------------------------------------------------------------
Wed Nov 29 15:01:11 MST 2017

Download validation successful. Triple count = 1172451
