Wed Nov 29 14:59:42 MST 2017
Consolidating all ontology imports for: /scratch/Shares/hunter/obo-ci/data/download/ontologies/foodon_core/foodon_core.owl
[INFO] Error stacktraces are turned on.
[INFO] Scanning for projects...
[INFO]                                                                         
[INFO] ------------------------------------------------------------------------
[INFO] Building kabob-ontology-flatten 1.0
[INFO] ------------------------------------------------------------------------
[INFO] 
[INFO] --- exec-maven-plugin:1.1:exec (default-cli) @ kabob-ontology-flatten ---
[INFO] /bin/sh: module: line 1: syntax error: unexpected end of file
[INFO] /bin/sh: error importing function definition for `BASH_FUNC_module'
[INFO] 2017-11-29 14:59:48,050 INFO  (ParserWrapper:75) Start loading ontology: file:/scratch/Shares/hunter/obo-ci/data/download/ontologies/foodon_core/foodon_core.owl from: file:/scratch/Shares/hunter/obo-ci/data/download/ontologies/foodon_core/foodon_core.owl
[INFO] 2017-11-29 14:59:48,455 INFO  (ParserWrapper:75) Start loading ontology: http://purl.obolibrary.org/obo/foodon/imports/gaz_import.owl from: http://purl.obolibrary.org/obo/foodon/imports/gaz_import.owl
[INFO] 2017-11-29 14:59:50,082 INFO  (ParserWrapper:82) Finished loading ontology: http://purl.obolibrary.org/obo/foodon/imports/gaz_import.owl from: http://purl.obolibrary.org/obo/foodon/imports/gaz_import.owl
[INFO] 2017-11-29 14:59:50,084 INFO  (ParserWrapper:75) Start loading ontology: http://purl.obolibrary.org/obo/foodon/imports/uberon_import.owl from: http://purl.obolibrary.org/obo/foodon/imports/uberon_import.owl
[INFO] 2017-11-29 14:59:50,565 INFO  (ParserWrapper:82) Finished loading ontology: http://purl.obolibrary.org/obo/foodon/imports/uberon_import.owl from: http://purl.obolibrary.org/obo/foodon/imports/uberon_import.owl
[INFO] 2017-11-29 14:59:50,567 INFO  (ParserWrapper:75) Start loading ontology: http://purl.obolibrary.org/obo/foodon/imports/obi_import.owl from: http://purl.obolibrary.org/obo/foodon/imports/obi_import.owl
[INFO] 2017-11-29 14:59:51,037 INFO  (ParserWrapper:82) Finished loading ontology: http://purl.obolibrary.org/obo/foodon/imports/obi_import.owl from: http://purl.obolibrary.org/obo/foodon/imports/obi_import.owl
[INFO] 2017-11-29 14:59:51,039 INFO  (ParserWrapper:75) Start loading ontology: http://purl.obolibrary.org/obo/foodon/imports/envo_import.owl from: http://purl.obolibrary.org/obo/foodon/imports/envo_import.owl
[INFO] 2017-11-29 14:59:51,556 INFO  (ParserWrapper:82) Finished loading ontology: http://purl.obolibrary.org/obo/foodon/imports/envo_import.owl from: http://purl.obolibrary.org/obo/foodon/imports/envo_import.owl
[INFO] 2017-11-29 14:59:51,558 INFO  (ParserWrapper:75) Start loading ontology: http://purl.obolibrary.org/obo/foodon/imports/geem_import.owl from: http://purl.obolibrary.org/obo/foodon/imports/geem_import.owl
[INFO] 2017-11-29 14:59:52,023 INFO  (ParserWrapper:82) Finished loading ontology: http://purl.obolibrary.org/obo/foodon/imports/geem_import.owl from: http://purl.obolibrary.org/obo/foodon/imports/geem_import.owl
[INFO] 2017-11-29 14:59:52,025 INFO  (ParserWrapper:75) Start loading ontology: http://purl.obolibrary.org/obo/foodon/imports/ecocore_import.owl from: http://purl.obolibrary.org/obo/foodon/imports/ecocore_import.owl
[INFO] 2017-11-29 14:59:52,509 INFO  (ParserWrapper:82) Finished loading ontology: http://purl.obolibrary.org/obo/foodon/imports/ecocore_import.owl from: http://purl.obolibrary.org/obo/foodon/imports/ecocore_import.owl
[INFO] 2017-11-29 14:59:52,511 INFO  (ParserWrapper:75) Start loading ontology: http://purl.obolibrary.org/obo/foodon/imports/ancestro_import.owl from: http://purl.obolibrary.org/obo/foodon/imports/ancestro_import.owl
[INFO] 2017-11-29 14:59:53,125 INFO  (ParserWrapper:82) Finished loading ontology: http://purl.obolibrary.org/obo/foodon/imports/ancestro_import.owl from: http://purl.obolibrary.org/obo/foodon/imports/ancestro_import.owl
[INFO] 2017-11-29 14:59:53,126 INFO  (ParserWrapper:75) Start loading ontology: http://purl.obolibrary.org/obo/foodon/imports/langual_import.owl from: http://purl.obolibrary.org/obo/foodon/imports/langual_import.owl
[INFO] 2017-11-29 14:59:54,501 INFO  (ParserWrapper:82) Finished loading ontology: http://purl.obolibrary.org/obo/foodon/imports/langual_import.owl from: http://purl.obolibrary.org/obo/foodon/imports/langual_import.owl
[INFO] 2017-11-29 14:59:54,506 INFO  (ParserWrapper:75) Start loading ontology: http://purl.obolibrary.org/obo/foodon/imports/pato_import.owl from: http://purl.obolibrary.org/obo/foodon/imports/pato_import.owl
[INFO] 2017-11-29 14:59:54,923 INFO  (ParserWrapper:82) Finished loading ontology: http://purl.obolibrary.org/obo/foodon/imports/pato_import.owl from: http://purl.obolibrary.org/obo/foodon/imports/pato_import.owl
[INFO] 2017-11-29 14:59:54,929 INFO  (ParserWrapper:75) Start loading ontology: http://purl.obolibrary.org/obo/foodon/imports/ncbitaxon_import.owl from: http://purl.obolibrary.org/obo/foodon/imports/ncbitaxon_import.owl
[INFO] 2017-11-29 14:59:55,578 INFO  (ParserWrapper:82) Finished loading ontology: http://purl.obolibrary.org/obo/foodon/imports/ncbitaxon_import.owl from: http://purl.obolibrary.org/obo/foodon/imports/ncbitaxon_import.owl
[INFO] 2017-11-29 14:59:55,584 INFO  (ParserWrapper:75) Start loading ontology: http://purl.obolibrary.org/obo/foodon/imports/chebi_import.owl from: http://purl.obolibrary.org/obo/foodon/imports/chebi_import.owl
[INFO] 2017-11-29 14:59:56,040 INFO  (ParserWrapper:82) Finished loading ontology: http://purl.obolibrary.org/obo/foodon/imports/chebi_import.owl from: http://purl.obolibrary.org/obo/foodon/imports/chebi_import.owl
[INFO] 2017-11-29 14:59:56,048 INFO  (ParserWrapper:75) Start loading ontology: http://purl.obolibrary.org/obo/foodon/imports/ro_import.owl from: http://purl.obolibrary.org/obo/foodon/imports/ro_import.owl
[INFO] 2017-11-29 14:59:56,470 INFO  (ParserWrapper:82) Finished loading ontology: http://purl.obolibrary.org/obo/foodon/imports/ro_import.owl from: http://purl.obolibrary.org/obo/foodon/imports/ro_import.owl
[INFO] 2017-11-29 14:59:56,477 INFO  (ParserWrapper:75) Start loading ontology: http://purl.obolibrary.org/obo/foodon/imports/po_import.owl from: http://purl.obolibrary.org/obo/foodon/imports/po_import.owl
[INFO] 2017-11-29 14:59:56,867 INFO  (ParserWrapper:82) Finished loading ontology: http://purl.obolibrary.org/obo/foodon/imports/po_import.owl from: http://purl.obolibrary.org/obo/foodon/imports/po_import.owl
[INFO] 2017-11-29 14:59:56,875 INFO  (ParserWrapper:75) Start loading ontology: http://purl.obolibrary.org/obo/foodon/imports/metadata_import.owl from: http://purl.obolibrary.org/obo/foodon/imports/metadata_import.owl
[INFO] 2017-11-29 14:59:57,271 INFO  (ParserWrapper:82) Finished loading ontology: http://purl.obolibrary.org/obo/foodon/imports/metadata_import.owl from: http://purl.obolibrary.org/obo/foodon/imports/metadata_import.owl
[INFO] 2017-11-29 14:59:57,278 INFO  (ParserWrapper:75) Start loading ontology: http://purl.obolibrary.org/obo/foodon/imports/eo_import.owl from: http://purl.obolibrary.org/obo/foodon/imports/eo_import.owl
[INFO] 2017-11-29 14:59:57,685 INFO  (ParserWrapper:82) Finished loading ontology: http://purl.obolibrary.org/obo/foodon/imports/eo_import.owl from: http://purl.obolibrary.org/obo/foodon/imports/eo_import.owl
[INFO] 2017-11-29 14:59:57,691 INFO  (ParserWrapper:75) Start loading ontology: http://purl.obolibrary.org/obo/foodon/imports/foodon_product_import.owl from: http://purl.obolibrary.org/obo/foodon/imports/foodon_product_import.owl
[INFO] 2017-11-29 14:59:58,686 INFO  (ParserWrapper:82) Finished loading ontology: http://purl.obolibrary.org/obo/foodon/imports/foodon_product_import.owl from: http://purl.obolibrary.org/obo/foodon/imports/foodon_product_import.owl
[INFO] 2017-11-29 14:59:58,692 INFO  (ParserWrapper:75) Start loading ontology: http://purl.obolibrary.org/obo/foodon/imports/product_type_import.owl from: http://purl.obolibrary.org/obo/foodon/imports/product_type_import.owl
[INFO] 2017-11-29 14:59:59,155 INFO  (ParserWrapper:82) Finished loading ontology: http://purl.obolibrary.org/obo/foodon/imports/product_type_import.owl from: http://purl.obolibrary.org/obo/foodon/imports/product_type_import.owl
[INFO] 2017-11-29 15:00:04,496 INFO  (ParserWrapper:82) Finished loading ontology: http://purl.obolibrary.org/obo/foodon.owl from: file:/scratch/Shares/hunter/obo-ci/data/download/ontologies/foodon_core/foodon_core.owl
[INFO] 2017-11-29 15:00:04,511 INFO  (OWLGraphWrapperBasic:280) Includes Ontology(OntologyID(OntologyIRI(<http://purl.obolibrary.org/obo/foodon/imports/geem_import.owl>) VersionIRI(<null>))) [Axioms: 156 Logical Axioms: 14]
[INFO] 2017-11-29 15:00:04,519 INFO  (OWLGraphWrapperBasic:280) Includes Ontology(OntologyID(OntologyIRI(<http://purl.obolibrary.org/obo/foodon/imports/uberon_import.owl>) VersionIRI(<null>))) [Axioms: 314 Logical Axioms: 39]
[INFO] 2017-11-29 15:00:04,522 INFO  (OWLGraphWrapperBasic:280) Includes Ontology(OntologyID(OntologyIRI(<http://purl.obolibrary.org/obo/foodon/imports/chebi_import.owl>) VersionIRI(<null>))) [Axioms: 3615 Logical Axioms: 1022]
[INFO] 2017-11-29 15:00:04,536 INFO  (OWLGraphWrapperBasic:280) Includes Ontology(OntologyID(OntologyIRI(<http://purl.obolibrary.org/obo/foodon/imports/eo_import.owl>) VersionIRI(<null>))) [Axioms: 0 Logical Axioms: 0]
[INFO] 2017-11-29 15:00:04,537 INFO  (OWLGraphWrapperBasic:280) Includes Ontology(OntologyID(OntologyIRI(<http://purl.obolibrary.org/obo/foodon/imports/metadata_import.owl>) VersionIRI(<null>))) [Axioms: 93 Logical Axioms: 0]
[INFO] 2017-11-29 15:00:04,537 INFO  (OWLGraphWrapperBasic:280) Includes Ontology(OntologyID(OntologyIRI(<http://purl.obolibrary.org/obo/foodon/imports/envo_import.owl>) VersionIRI(<null>))) [Axioms: 790 Logical Axioms: 166]
[INFO] 2017-11-29 15:00:04,539 INFO  (OWLGraphWrapperBasic:280) Includes Ontology(OntologyID(OntologyIRI(<http://purl.obolibrary.org/obo/foodon/imports/ecocore_import.owl>) VersionIRI(<null>))) [Axioms: 75 Logical Axioms: 14]
[INFO] 2017-11-29 15:00:04,540 INFO  (OWLGraphWrapperBasic:280) Includes Ontology(OntologyID(OntologyIRI(<http://purl.obolibrary.org/obo/foodon/imports/ncbitaxon_import.owl>) VersionIRI(<null>))) [Axioms: 12395 Logical Axioms: 2530]
[INFO] 2017-11-29 15:00:04,570 INFO  (OWLGraphWrapperBasic:280) Includes Ontology(OntologyID(OntologyIRI(<http://purl.obolibrary.org/obo/foodon/imports/po_import.owl>) VersionIRI(<null>))) [Axioms: 312 Logical Axioms: 64]
[INFO] 2017-11-29 15:00:04,572 INFO  (OWLGraphWrapperBasic:280) Includes Ontology(OntologyID(OntologyIRI(<http://purl.obolibrary.org/obo/foodon/imports/foodon_product_import.owl>) VersionIRI(<null>))) [Axioms: 51133 Logical Axioms: 9698]
[INFO] 2017-11-29 15:00:04,723 INFO  (OWLGraphWrapperBasic:280) Includes Ontology(OntologyID(OntologyIRI(<http://purl.obolibrary.org/obo/foodon/imports/product_type_import.owl>) VersionIRI(<null>))) [Axioms: 7617 Logical Axioms: 1047]
[INFO] 2017-11-29 15:00:04,739 INFO  (OWLGraphWrapperBasic:280) Includes Ontology(OntologyID(OntologyIRI(<http://purl.obolibrary.org/obo/foodon/imports/langual_import.owl>) VersionIRI(<null>))) [Axioms: 51663 Logical Axioms: 5954]
[INFO] 2017-11-29 15:00:04,870 INFO  (OWLGraphWrapperBasic:280) Includes Ontology(OntologyID(OntologyIRI(<http://purl.obolibrary.org/obo/foodon/imports/gaz_import.owl>) VersionIRI(<null>))) [Axioms: 1123 Logical Axioms: 0]
[INFO] 2017-11-29 15:00:04,872 INFO  (OWLGraphWrapperBasic:280) Includes Ontology(OntologyID(OntologyIRI(<http://purl.obolibrary.org/obo/foodon/imports/obi_import.owl>) VersionIRI(<null>))) [Axioms: 70 Logical Axioms: 8]
[INFO] 2017-11-29 15:00:04,873 INFO  (OWLGraphWrapperBasic:280) Includes Ontology(OntologyID(OntologyIRI(<http://purl.obolibrary.org/obo/foodon/imports/ancestro_import.owl>) VersionIRI(<null>))) [Axioms: 2021 Logical Axioms: 1169]
[INFO] 2017-11-29 15:00:04,877 INFO  (OWLGraphWrapperBasic:280) Includes Ontology(OntologyID(OntologyIRI(<http://purl.obolibrary.org/obo/foodon/imports/pato_import.owl>) VersionIRI(<null>))) [Axioms: 356 Logical Axioms: 93]
[INFO] 2017-11-29 15:00:04,878 INFO  (OWLGraphWrapperBasic:280) Includes Ontology(OntologyID(OntologyIRI(<http://purl.obolibrary.org/obo/foodon/imports/ro_import.owl>) VersionIRI(<null>))) [Axioms: 114 Logical Axioms: 6]
[INFO] 2017-11-29 15:00:04,881 INFO  (CommandRunner:3243) saving:http://purl.obolibrary.org/obo/foodon.owl using RDF/XML Syntax
[INFO] ------------------------------------------------------------------------
[INFO] BUILD SUCCESS
[INFO] ------------------------------------------------------------------------
[INFO] Total time: 23.957 s
[INFO] Finished at: 2017-11-29T15:00:07-07:00
[INFO] Final Memory: 21M/1963M
[INFO] ------------------------------------------------------------------------
Wed Nov 29 15:00:07 MST 2017
