Wed Nov 29 14:59:12 MST 2017
Ontology download URL: http://purl.obolibrary.org/obo/fypo.owl
  % Total    % Received % Xferd  Average Speed   Time    Time     Time  Current
                                 Dload  Upload   Total   Spent    Left  Speed
  0     0    0     0    0     0      0      0 --:--:-- --:--:-- --:--:--     0100   339  100   339    0     0   1819      0 --:--:-- --:--:-- --:--:--  1822
  0     0    0     0    0     0      0      0 --:--:-- --:--:-- --:--:--     0  0     0    0     0    0     0      0      0 --:--:--  0:00:01 --:--:--     0  0 55.9M    0  288k    0     0   116k      0  0:08:09  0:00:02  0:08:07  146k  1 55.9M    1 1056k    0     0   305k      0  0:03:07  0:00:03  0:03:04  355k  3 55.9M    3 2240k    0     0   502k      0  0:01:53  0:00:04  0:01:49  564k  6 55.9M    6 4000k    0     0   732k      0  0:01:18  0:00:05  0:01:13  805k 10 55.9M   10 6080k    0     0   941k      0  0:01:00  0:00:06  0:00:54 1240k 16 55.9M   16 9372k    0     0  1256k      0  0:00:45  0:00:07  0:00:38 1817k 24 55.9M   24 13.5M    0     0  1635k      0  0:00:34  0:00:08  0:00:26 2556k 39 55.9M   39 22.2M    0     0  2404k      0  0:00:23  0:00:09  0:00:14 4101k 63 55.9M   63 35.6M    0     0  3492k      0  0:00:16  0:00:10  0:00:06 6504k 89 55.9M   89 50.2M    0     0  4491k      0  0:00:12  0:00:11  0:00:01 9077k100 55.9M  100 55.9M    0     0  4836k      0  0:00:11  0:00:11 --:--:-- 10.6M
Wed Nov 29 14:59:25 MST 2017

Wed Nov 29 14:59:28 MST 2017
Validating ontology file: /scratch/Shares/hunter/obo-ci/data/download/ontologies/fypo/fypo.owl
[INFO] Error stacktraces are turned on.
[INFO] Scanning for projects...
[INFO]                                                                         
[INFO] ------------------------------------------------------------------------
[INFO] Building kabob-ontology-flatten 1.0
[INFO] ------------------------------------------------------------------------
[INFO] 
[INFO] --- exec-maven-plugin:1.1:exec (default-cli) @ kabob-ontology-flatten ---
[INFO] /bin/sh: module: line 1: syntax error: unexpected end of file
[INFO] /bin/sh: error importing function definition for `BASH_FUNC_module'
[INFO] 2017-11-29 14:59:35,868 INFO  (ParserWrapper:75) Start loading ontology: file:/scratch/Shares/hunter/obo-ci/data/download/ontologies/fypo/fypo.owl from: file:/scratch/Shares/hunter/obo-ci/data/download/ontologies/fypo/fypo.owl
[INFO] 2017-11-29 15:00:54,074 INFO  (ParserWrapper:82) Finished loading ontology: http://purl.obolibrary.org/obo/fypo.owl from: file:/scratch/Shares/hunter/obo-ci/data/download/ontologies/fypo/fypo.owl
[INFO] 2017-11-29 15:00:54,089 INFO  (CommandRunner:3243) saving:http://purl.obolibrary.org/obo/fypo.owl using RDF/XML Syntax
[INFO] ------------------------------------------------------------------------
[INFO] BUILD SUCCESS
[INFO] ------------------------------------------------------------------------
[INFO] Total time: 01:29 min
[INFO] Finished at: 2017-11-29T15:00:59-07:00
[INFO] Final Memory: 21M/1963M
[INFO] ------------------------------------------------------------------------
Wed Nov 29 15:00:59 MST 2017

Download validation successful. Triple count = 705775
