Wed Nov 29 15:17:31 MST 2017
Consolidating all ontology imports for: /scratch/Shares/hunter/obo-ci/data/download/ontologies/gaz/gaz.owl
[INFO] Error stacktraces are turned on.
[INFO] Scanning for projects...
[INFO]                                                                         
[INFO] ------------------------------------------------------------------------
[INFO] Building kabob-ontology-flatten 1.0
[INFO] ------------------------------------------------------------------------
[INFO] 
[INFO] --- exec-maven-plugin:1.1:exec (default-cli) @ kabob-ontology-flatten ---
[INFO] /bin/sh: module: line 1: syntax error: unexpected end of file
[INFO] /bin/sh: error importing function definition for `BASH_FUNC_module'
[INFO] 2017-11-29 15:17:45,559 INFO  (ParserWrapper:75) Start loading ontology: file:/scratch/Shares/hunter/obo-ci/data/download/ontologies/gaz/gaz.owl from: file:/scratch/Shares/hunter/obo-ci/data/download/ontologies/gaz/gaz.owl
[INFO] 2017-11-29 15:17:46,112 INFO  (ParserWrapper:75) Start loading ontology: http://purl.obolibrary.org/obo/envo.owl from: http://purl.obolibrary.org/obo/envo.owl
[INFO] 2017-11-29 15:17:50,766 INFO  (ParserWrapper:82) Finished loading ontology: http://purl.obolibrary.org/obo/envo.owl from: http://purl.obolibrary.org/obo/envo.owl
[INFO] 2017-11-29 15:35:20,251 INFO  (ParserWrapper:82) Finished loading ontology: http://purl.obolibrary.org/obo/gaz.owl from: file:/scratch/Shares/hunter/obo-ci/data/download/ontologies/gaz/gaz.owl
[INFO] 2017-11-29 15:35:20,270 INFO  (OWLGraphWrapperBasic:280) Includes Ontology(OntologyID(OntologyIRI(<http://purl.obolibrary.org/obo/envo.owl>) VersionIRI(<http://purl.obolibrary.org/obo/envo/releases/2017-08-22/envo.owl>))) [Axioms: 54212 Logical Axioms: 11210]
[INFO] 2017-11-29 15:35:20,646 INFO  (CommandRunner:3243) saving:http://purl.obolibrary.org/obo/gaz.owl using RDF/XML Syntax
[INFO] ------------------------------------------------------------------------
[INFO] BUILD SUCCESS
[INFO] ------------------------------------------------------------------------
[INFO] Total time: 19:03 min
[INFO] Finished at: 2017-11-29T15:36:35-07:00
[INFO] Final Memory: 21M/1963M
[INFO] ------------------------------------------------------------------------
Wed Nov 29 15:36:36 MST 2017
