Wed Nov 29 14:59:12 MST 2017
Ontology download URL: http://purl.obolibrary.org/obo/geno.owl
  % Total    % Received % Xferd  Average Speed   Time    Time     Time  Current
                                 Dload  Upload   Total   Spent    Left  Speed
  0     0    0     0    0     0      0      0 --:--:-- --:--:-- --:--:--     0100   365  100   365    0     0   2006      0 --:--:-- --:--:-- --:--:--  2016
  0     0    0     0    0     0      0      0 --:--:-- --:--:-- --:--:--     0 92  429k   92  399k    0     0   276k      0  0:00:01  0:00:01 --:--:--  419k100  429k  100  429k    0     0   289k      0  0:00:01  0:00:01 --:--:--  434k
Wed Nov 29 14:59:14 MST 2017

Wed Nov 29 14:59:15 MST 2017
Validating ontology file: /scratch/Shares/hunter/obo-ci/data/download/ontologies/geno/geno.owl
[INFO] Error stacktraces are turned on.
[INFO] Scanning for projects...
[INFO]                                                                         
[INFO] ------------------------------------------------------------------------
[INFO] Building kabob-ontology-flatten 1.0
[INFO] ------------------------------------------------------------------------
[INFO] 
[INFO] --- exec-maven-plugin:1.1:exec (default-cli) @ kabob-ontology-flatten ---
[INFO] /bin/sh: module: line 1: syntax error: unexpected end of file
[INFO] /bin/sh: error importing function definition for `BASH_FUNC_module'
[INFO] 2017-11-29 14:59:23,109 INFO  (ParserWrapper:75) Start loading ontology: file:/scratch/Shares/hunter/obo-ci/data/download/ontologies/geno/geno.owl from: file:/scratch/Shares/hunter/obo-ci/data/download/ontologies/geno/geno.owl
[INFO] 2017-11-29 14:59:23,891 INFO  (ParserWrapper:75) Start loading ontology: http://purl.obolibrary.org/obo/iao/dev/ontology-metadata.owl from: http://purl.obolibrary.org/obo/iao/dev/ontology-metadata.owl
[INFO] 2017-11-29 14:59:25,453 INFO  (ParserWrapper:82) Finished loading ontology: http://purl.obolibrary.org/obo/iao/ontology-metadata.owl from: http://purl.obolibrary.org/obo/iao/dev/ontology-metadata.owl
[INFO] 2017-11-29 14:59:25,456 INFO  (ParserWrapper:75) Start loading ontology: https://raw.githubusercontent.com/monarch-initiative/GENO-ontology/develop/src/ontology/imports/oboInOwl.owl from: https://raw.githubusercontent.com/monarch-initiative/GENO-ontology/develop/src/ontology/imports/oboInOwl.owl
[INFO] 2017-11-29 14:59:25,678 INFO  (ParserWrapper:82) Finished loading ontology: https://raw.githubusercontent.com/monarch-initiative/GENO-ontology/develop/src/ontology/imports/oboInOwl.owl from: https://raw.githubusercontent.com/monarch-initiative/GENO-ontology/develop/src/ontology/imports/oboInOwl.owl
[INFO] 2017-11-29 14:59:27,070 INFO  (ParserWrapper:82) Finished loading ontology: http://purl.obolibrary.org/obo/geno.owl from: file:/scratch/Shares/hunter/obo-ci/data/download/ontologies/geno/geno.owl
[INFO] 2017-11-29 14:59:27,080 INFO  (CommandRunner:3243) saving:http://purl.obolibrary.org/obo/geno.owl using RDF/XML Syntax
[INFO] ------------------------------------------------------------------------
[INFO] BUILD SUCCESS
[INFO] ------------------------------------------------------------------------
[INFO] Total time: 10.825 s
[INFO] Finished at: 2017-11-29T14:59:27-07:00
[INFO] Final Memory: 21M/1963M
[INFO] ------------------------------------------------------------------------
Wed Nov 29 14:59:27 MST 2017

Download validation successful. Triple count = 7038
