Wed Nov 29 14:59:36 MST 2017
Consolidating all ontology imports for: /scratch/Shares/hunter/obo-ci/data/download/ontologies/geno/geno.owl
[INFO] Error stacktraces are turned on.
[INFO] Scanning for projects...
[INFO]                                                                         
[INFO] ------------------------------------------------------------------------
[INFO] Building kabob-ontology-flatten 1.0
[INFO] ------------------------------------------------------------------------
[INFO] 
[INFO] --- exec-maven-plugin:1.1:exec (default-cli) @ kabob-ontology-flatten ---
[INFO] /bin/sh: module: line 1: syntax error: unexpected end of file
[INFO] /bin/sh: error importing function definition for `BASH_FUNC_module'
[INFO] 2017-11-29 14:59:44,206 INFO  (ParserWrapper:75) Start loading ontology: file:/scratch/Shares/hunter/obo-ci/data/download/ontologies/geno/geno.owl from: file:/scratch/Shares/hunter/obo-ci/data/download/ontologies/geno/geno.owl
[INFO] 2017-11-29 14:59:44,782 INFO  (ParserWrapper:75) Start loading ontology: http://purl.obolibrary.org/obo/iao/dev/ontology-metadata.owl from: http://purl.obolibrary.org/obo/iao/dev/ontology-metadata.owl
[INFO] 2017-11-29 14:59:46,191 INFO  (ParserWrapper:82) Finished loading ontology: http://purl.obolibrary.org/obo/iao/ontology-metadata.owl from: http://purl.obolibrary.org/obo/iao/dev/ontology-metadata.owl
[INFO] 2017-11-29 14:59:46,193 INFO  (ParserWrapper:75) Start loading ontology: https://raw.githubusercontent.com/monarch-initiative/GENO-ontology/develop/src/ontology/imports/oboInOwl.owl from: https://raw.githubusercontent.com/monarch-initiative/GENO-ontology/develop/src/ontology/imports/oboInOwl.owl
[INFO] 2017-11-29 14:59:46,386 INFO  (ParserWrapper:82) Finished loading ontology: https://raw.githubusercontent.com/monarch-initiative/GENO-ontology/develop/src/ontology/imports/oboInOwl.owl from: https://raw.githubusercontent.com/monarch-initiative/GENO-ontology/develop/src/ontology/imports/oboInOwl.owl
[INFO] 2017-11-29 14:59:47,049 INFO  (ParserWrapper:82) Finished loading ontology: http://purl.obolibrary.org/obo/geno.owl from: file:/scratch/Shares/hunter/obo-ci/data/download/ontologies/geno/geno.owl
[INFO] 2017-11-29 14:59:47,063 INFO  (OWLGraphWrapperBasic:280) Includes Ontology(OntologyID(OntologyIRI(<https://raw.githubusercontent.com/monarch-initiative/GENO-ontology/develop/src/ontology/imports/oboInOwl.owl>) VersionIRI(<null>))) [Axioms: 295 Logical Axioms: 63]
[INFO] 2017-11-29 14:59:47,073 INFO  (OWLGraphWrapperBasic:280) Includes Ontology(OntologyID(OntologyIRI(<http://purl.obolibrary.org/obo/iao/ontology-metadata.owl>) VersionIRI(<http://purl.obolibrary.org/obo/iao/dev/ontology-metadata.owl>))) [Axioms: 357 Logical Axioms: 36]
[INFO] 2017-11-29 14:59:47,077 INFO  (CommandRunner:3243) saving:http://purl.obolibrary.org/obo/geno.owl using RDF/XML Syntax
[INFO] ------------------------------------------------------------------------
[INFO] BUILD SUCCESS
[INFO] ------------------------------------------------------------------------
[INFO] Total time: 10.062 s
[INFO] Finished at: 2017-11-29T14:59:48-07:00
[INFO] Final Memory: 21M/1963M
[INFO] ------------------------------------------------------------------------
Wed Nov 29 14:59:48 MST 2017
