Mon Oct 22 16:53:29 UTC 2018
Ontology download URL: http://purl.obolibrary.org/obo/hancestro.owl
  % Total    % Received % Xferd  Average Speed   Time    Time     Time  Current
                                 Dload  Upload   Total   Spent    Left  Speed
  0     0    0     0    0     0      0      0 --:--:-- --:--:-- --:--:--     0100   340  100   340    0     0    809      0 --:--:-- --:--:-- --:--:--   811
 52  829k   52  431k    0     0   495k      0  0:00:01 --:--:--  0:00:01  495k100  829k  100  829k    0     0   900k      0 --:--:-- --:--:-- --:--:-- 7800k
Mon Oct 22 16:53:30 UTC 2018

Mon Oct 22 16:53:30 UTC 2018
Validating ontology file: /mnt/efsdata/obo-ci-data/download/ontologies/hancestro/hancestro.owl
[INFO] Error stacktraces are turned on.
[INFO] Scanning for projects...
[INFO]                                                                         
[INFO] ------------------------------------------------------------------------
[INFO] Building kabob-ontology-flatten 1.0
[INFO] ------------------------------------------------------------------------
[INFO] 
[INFO] --- exec-maven-plugin:1.1:exec (default-cli) @ kabob-ontology-flatten ---
[INFO] 2018-10-22 16:53:34,415 INFO  (ParserWrapper:75) Start loading ontology: file:/mnt/efsdata/obo-ci-data/download/ontologies/hancestro/hancestro.owl from: file:/mnt/efsdata/obo-ci-data/download/ontologies/hancestro/hancestro.owl
[INFO] 2018-10-22 16:53:35,541 INFO  (ParserWrapper:82) Finished loading ontology: http://purl.obolibrary.org/obo/hancestro/hancestro.owl from: file:/mnt/efsdata/obo-ci-data/download/ontologies/hancestro/hancestro.owl
[INFO] 2018-10-22 16:53:35,550 INFO  (CommandRunner:3243) saving:http://purl.obolibrary.org/obo/hancestro/hancestro.owl using RDF/XML Syntax
[INFO] ------------------------------------------------------------------------
[INFO] BUILD SUCCESS
[INFO] ------------------------------------------------------------------------
[INFO] Total time: 4.162s
[INFO] Finished at: Mon Oct 22 16:53:36 UTC 2018
[INFO] Final Memory: 5M/229M
[INFO] ------------------------------------------------------------------------
Mon Oct 22 16:53:36 UTC 2018

Download validation successful. Triple count = 16253
