Mon Oct 22 16:53:29 UTC 2018
Ontology download URL: http://purl.obolibrary.org/obo/hao.owl
  % Total    % Received % Xferd  Average Speed   Time    Time     Time  Current
                                 Dload  Upload   Total   Spent    Left  Speed
  0     0    0     0    0     0      0      0 --:--:-- --:--:-- --:--:--     0100   327  100   327    0     0   1941      0 --:--:-- --:--:-- --:--:--  1946
  0     0    0     0    0     0      0      0 --:--:-- --:--:-- --:--:--     0100 6728k  100 6728k    0     0  6194k      0  0:00:01  0:00:01 --:--:-- 9067k
Mon Oct 22 16:53:30 UTC 2018

Mon Oct 22 16:53:30 UTC 2018
Validating ontology file: /mnt/efsdata/obo-ci-data/download/ontologies/hao/hao.owl
[INFO] Error stacktraces are turned on.
[INFO] Scanning for projects...
[INFO]                                                                         
[INFO] ------------------------------------------------------------------------
[INFO] Building kabob-ontology-flatten 1.0
[INFO] ------------------------------------------------------------------------
[INFO] 
[INFO] --- exec-maven-plugin:1.1:exec (default-cli) @ kabob-ontology-flatten ---
[INFO] 2018-10-22 16:53:34,413 INFO  (ParserWrapper:75) Start loading ontology: file:/mnt/efsdata/obo-ci-data/download/ontologies/hao/hao.owl from: file:/mnt/efsdata/obo-ci-data/download/ontologies/hao/hao.owl
[INFO] 2018-10-22 16:53:37,048 INFO  (ParserWrapper:82) Finished loading ontology: http://purl.obolibrary.org/obo/hao.owl from: file:/mnt/efsdata/obo-ci-data/download/ontologies/hao/hao.owl
[INFO] 2018-10-22 16:53:37,061 INFO  (CommandRunner:3243) saving:http://purl.obolibrary.org/obo/hao.owl using RDF/XML Syntax
[INFO] ------------------------------------------------------------------------
[INFO] BUILD SUCCESS
[INFO] ------------------------------------------------------------------------
[INFO] Total time: 6.605s
[INFO] Finished at: Mon Oct 22 16:53:38 UTC 2018
[INFO] Final Memory: 6M/289M
[INFO] ------------------------------------------------------------------------
Mon Oct 22 16:53:38 UTC 2018

Download validation successful. Triple count = 114348
