Wed Nov 29 14:59:12 MST 2017
Ontology download URL: http://purl.obolibrary.org/obo/hom.owl
  % Total    % Received % Xferd  Average Speed   Time    Time     Time  Current
                                 Dload  Upload   Total   Spent    Left  Speed
  0     0    0     0    0     0      0      0 --:--:-- --:--:-- --:--:--     0100   310  100   310    0     0   1692      0 --:--:-- --:--:-- --:--:--  1703
  1  125k    1  1448    0     0   1432      0  0:01:29  0:00:01  0:01:28  1432100  125k  100  125k    0     0   123k      0  0:00:01  0:00:01 --:--:--  120M
Wed Nov 29 14:59:13 MST 2017

Wed Nov 29 14:59:14 MST 2017
Validating ontology file: /scratch/Shares/hunter/obo-ci/data/download/ontologies/hom/hom.owl
[INFO] Error stacktraces are turned on.
[INFO] Scanning for projects...
[INFO]                                                                         
[INFO] ------------------------------------------------------------------------
[INFO] Building kabob-ontology-flatten 1.0
[INFO] ------------------------------------------------------------------------
[INFO] 
[INFO] --- exec-maven-plugin:1.1:exec (default-cli) @ kabob-ontology-flatten ---
[INFO] /bin/sh: module: line 1: syntax error: unexpected end of file
[INFO] /bin/sh: error importing function definition for `BASH_FUNC_module'
[INFO] 2017-11-29 14:59:23,109 INFO  (ParserWrapper:75) Start loading ontology: file:/scratch/Shares/hunter/obo-ci/data/download/ontologies/hom/hom.owl from: file:/scratch/Shares/hunter/obo-ci/data/download/ontologies/hom/hom.owl
[INFO] 2017-11-29 14:59:24,466 INFO  (ParserWrapper:82) Finished loading ontology: http://purl.obolibrary.org/obo/hom.owl from: file:/scratch/Shares/hunter/obo-ci/data/download/ontologies/hom/hom.owl
[INFO] 2017-11-29 14:59:24,478 INFO  (CommandRunner:3243) saving:http://purl.obolibrary.org/obo/hom.owl using RDF/XML Syntax
[INFO] ------------------------------------------------------------------------
[INFO] BUILD SUCCESS
[INFO] ------------------------------------------------------------------------
[INFO] Total time: 8.573 s
[INFO] Finished at: 2017-11-29T14:59:24-07:00
[INFO] Final Memory: 21M/1963M
[INFO] ------------------------------------------------------------------------
Wed Nov 29 14:59:25 MST 2017

Download validation successful. Triple count = 1647
