Wed Nov 29 14:59:12 MST 2017
Ontology download URL: http://purl.obolibrary.org/obo/hsapdv.owl
  % Total    % Received % Xferd  Average Speed   Time    Time     Time  Current
                                 Dload  Upload   Total   Spent    Left  Speed
  0     0    0     0    0     0      0      0 --:--:-- --:--:-- --:--:--     0100   313  100   313    0     0   1696      0 --:--:-- --:--:-- --:--:--  1701
  1  596k    1  8025    0     0   7962      0  0:01:16  0:00:01  0:01:15  7962100  596k  100  596k    0     0   528k      0  0:00:01  0:00:01 --:--:-- 4901k
Wed Nov 29 14:59:14 MST 2017

Wed Nov 29 14:59:14 MST 2017
Validating ontology file: /scratch/Shares/hunter/obo-ci/data/download/ontologies/hsapdv/hsapdv.owl
[INFO] Error stacktraces are turned on.
[INFO] Scanning for projects...
[INFO]                                                                         
[INFO] ------------------------------------------------------------------------
[INFO] Building kabob-ontology-flatten 1.0
[INFO] ------------------------------------------------------------------------
[INFO] 
[INFO] --- exec-maven-plugin:1.1:exec (default-cli) @ kabob-ontology-flatten ---
[INFO] /bin/sh: module: line 1: syntax error: unexpected end of file
[INFO] /bin/sh: error importing function definition for `BASH_FUNC_module'
[INFO] 2017-11-29 14:59:23,109 INFO  (ParserWrapper:75) Start loading ontology: file:/scratch/Shares/hunter/obo-ci/data/download/ontologies/hsapdv/hsapdv.owl from: file:/scratch/Shares/hunter/obo-ci/data/download/ontologies/hsapdv/hsapdv.owl
[INFO] 2017-11-29 14:59:25,297 INFO  (ParserWrapper:82) Finished loading ontology: http://purl.obolibrary.org/obo/hsapdv.owl from: file:/scratch/Shares/hunter/obo-ci/data/download/ontologies/hsapdv/hsapdv.owl
[INFO] 2017-11-29 14:59:25,309 INFO  (CommandRunner:3243) saving:http://purl.obolibrary.org/obo/hsapdv.owl using RDF/XML Syntax
[INFO] ------------------------------------------------------------------------
[INFO] BUILD SUCCESS
[INFO] ------------------------------------------------------------------------
[INFO] Total time: 9.608 s
[INFO] Finished at: 2017-11-29T14:59:26-07:00
[INFO] Final Memory: 21M/1963M
[INFO] ------------------------------------------------------------------------
Wed Nov 29 14:59:26 MST 2017

Download validation successful. Triple count = 8869
