Wed Nov 29 14:59:43 MST 2017
Consolidating all ontology imports for: /scratch/Shares/hunter/obo-ci/data/download/ontologies/iao_d-acts/iao_d-acts.owl
[INFO] Error stacktraces are turned on.
[INFO] Scanning for projects...
[INFO]                                                                         
[INFO] ------------------------------------------------------------------------
[INFO] Building kabob-ontology-flatten 1.0
[INFO] ------------------------------------------------------------------------
[INFO] 
[INFO] --- exec-maven-plugin:1.1:exec (default-cli) @ kabob-ontology-flatten ---
[INFO] /bin/sh: module: line 1: syntax error: unexpected end of file
[INFO] /bin/sh: error importing function definition for `BASH_FUNC_module'
[INFO] 2017-11-29 14:59:53,758 INFO  (ParserWrapper:75) Start loading ontology: file:/scratch/Shares/hunter/obo-ci/data/download/ontologies/iao_d-acts/iao_d-acts.owl from: file:/scratch/Shares/hunter/obo-ci/data/download/ontologies/iao_d-acts/iao_d-acts.owl
[INFO] 2017-11-29 14:59:54,802 INFO  (ParserWrapper:75) Start loading ontology: http://purl.obolibrary.org/obo/bfo/2014-05-03/classes-only.owl from: http://purl.obolibrary.org/obo/bfo/2014-05-03/classes-only.owl
[INFO] 2017-11-29 14:59:56,618 INFO  (ParserWrapper:82) Finished loading ontology: http://purl.obolibrary.org/obo/bfo.owl from: http://purl.obolibrary.org/obo/bfo/2014-05-03/classes-only.owl
[INFO] 2017-11-29 14:59:56,619 INFO  (ParserWrapper:75) Start loading ontology: http://purl.obolibrary.org/obo/ro/core.owl from: http://purl.obolibrary.org/obo/ro/core.owl
[INFO] 2017-11-29 14:59:57,004 INFO  (ParserWrapper:75) Start loading ontology: http://purl.obolibrary.org/obo/ro/annotations.owl from: http://purl.obolibrary.org/obo/ro/annotations.owl
[INFO] 2017-11-29 14:59:57,691 INFO  (ParserWrapper:82) Finished loading ontology: http://purl.obolibrary.org/obo/ro/annotations.owl from: http://purl.obolibrary.org/obo/ro/annotations.owl
[INFO] 2017-11-29 14:59:57,692 INFO  (ParserWrapper:75) Start loading ontology: http://purl.obolibrary.org/obo/ro/bfo-axioms.owl from: http://purl.obolibrary.org/obo/ro/bfo-axioms.owl
[INFO] 2017-11-29 14:59:58,099 INFO  (ParserWrapper:82) Finished loading ontology: http://purl.obolibrary.org/obo/ro/bfo-axioms.owl from: http://purl.obolibrary.org/obo/ro/bfo-axioms.owl
[INFO] 2017-11-29 14:59:58,100 INFO  (ParserWrapper:75) Start loading ontology: http://purl.obolibrary.org/obo/ro/bfo-classes-minimal.owl from: http://purl.obolibrary.org/obo/ro/bfo-classes-minimal.owl
[INFO] 2017-11-29 14:59:58,501 INFO  (ParserWrapper:82) Finished loading ontology: http://purl.obolibrary.org/obo/ro/bfo-classes-minimal.owl from: http://purl.obolibrary.org/obo/ro/bfo-classes-minimal.owl
[INFO] 2017-11-29 14:59:58,544 INFO  (ParserWrapper:82) Finished loading ontology: http://purl.obolibrary.org/obo/ro/core.owl from: http://purl.obolibrary.org/obo/ro/core.owl
[INFO] 2017-11-29 14:59:58,547 INFO  (ParserWrapper:75) Start loading ontology: http://purl.obolibrary.org/obo/iao/pno/bfo2/pno.owl from: http://purl.obolibrary.org/obo/iao/pno/bfo2/pno.owl
[INFO] 2017-11-29 14:59:58,982 INFO  (ParserWrapper:82) Finished loading ontology: http://purl.obolibrary.org/obo/iao/pno/bfo2/pno.owl from: http://purl.obolibrary.org/obo/iao/pno/bfo2/pno.owl
[INFO] 2017-11-29 14:59:58,983 INFO  (ParserWrapper:75) Start loading ontology: http://purl.obolibrary.org/obo/iao/2015-02-23/iao.owl from: http://purl.obolibrary.org/obo/iao/2015-02-23/iao.owl
[INFO] 2017-11-29 14:59:59,602 INFO  (ParserWrapper:82) Finished loading ontology: http://purl.obolibrary.org/obo/iao.owl from: http://purl.obolibrary.org/obo/iao/2015-02-23/iao.owl
[INFO] 2017-11-29 15:00:03,576 INFO  (ParserWrapper:82) Finished loading ontology: http://purl.obolibrary.org/obo/iao/d-acts.owl from: file:/scratch/Shares/hunter/obo-ci/data/download/ontologies/iao_d-acts/iao_d-acts.owl
[INFO] 2017-11-29 15:00:03,591 INFO  (OWLGraphWrapperBasic:280) Includes Ontology(OntologyID(OntologyIRI(<http://purl.obolibrary.org/obo/ro/core.owl>) VersionIRI(<null>))) [Axioms: 278 Logical Axioms: 58]
[INFO] 2017-11-29 15:00:03,601 INFO  (OWLGraphWrapperBasic:280) Includes Ontology(OntologyID(OntologyIRI(<http://purl.obolibrary.org/obo/ro/bfo-axioms.owl>) VersionIRI(<null>))) [Axioms: 18 Logical Axioms: 7]
[INFO] 2017-11-29 15:00:03,601 INFO  (OWLGraphWrapperBasic:280) Includes Ontology(OntologyID(OntologyIRI(<http://purl.obolibrary.org/obo/ro/annotations.owl>) VersionIRI(<null>))) [Axioms: 61 Logical Axioms: 0]
[INFO] 2017-11-29 15:00:03,602 INFO  (OWLGraphWrapperBasic:280) Includes Ontology(OntologyID(OntologyIRI(<http://purl.obolibrary.org/obo/ro/bfo-classes-minimal.owl>) VersionIRI(<null>))) [Axioms: 53 Logical Axioms: 12]
[INFO] 2017-11-29 15:00:03,603 INFO  (OWLGraphWrapperBasic:280) Includes Ontology(OntologyID(OntologyIRI(<http://purl.obolibrary.org/obo/iao.owl>) VersionIRI(<http://purl.obolibrary.org/obo/iao/2015-02-23/iao.owl>))) [Axioms: 2744 Logical Axioms: 383]
[INFO] 2017-11-29 15:00:03,619 INFO  (OWLGraphWrapperBasic:280) Includes Ontology(OntologyID(OntologyIRI(<http://purl.obolibrary.org/obo/iao/pno/bfo2/pno.owl>) VersionIRI(<null>))) [Axioms: 233 Logical Axioms: 60]
[INFO] 2017-11-29 15:00:03,621 INFO  (OWLGraphWrapperBasic:280) Includes Ontology(OntologyID(OntologyIRI(<http://purl.obolibrary.org/obo/bfo.owl>) VersionIRI(<http://purl.obolibrary.org/obo/bfo/classes-only.owl>))) [Axioms: 570 Logical Axioms: 45]
[INFO] 2017-11-29 15:00:03,625 INFO  (CommandRunner:3243) saving:http://purl.obolibrary.org/obo/iao/d-acts.owl using RDF/XML Syntax
[INFO] ------------------------------------------------------------------------
[INFO] BUILD SUCCESS
[INFO] ------------------------------------------------------------------------
[INFO] Total time: 19.145 s
[INFO] Finished at: 2017-11-29T15:00:04-07:00
[INFO] Final Memory: 21M/1963M
[INFO] ------------------------------------------------------------------------
Wed Nov 29 15:00:04 MST 2017
