Mon Oct 22 16:53:45 UTC 2018
Consolidating all ontology imports for: /mnt/efsdata/obo-ci-data/download/ontologies/ico/ico.owl
[INFO] Error stacktraces are turned on.
[INFO] Scanning for projects...
[INFO]                                                                         
[INFO] ------------------------------------------------------------------------
[INFO] Building kabob-ontology-flatten 1.0
[INFO] ------------------------------------------------------------------------
[INFO] 
[INFO] --- exec-maven-plugin:1.1:exec (default-cli) @ kabob-ontology-flatten ---
[INFO] 2018-10-22 16:53:49,348 INFO  (ParserWrapper:75) Start loading ontology: file:/mnt/efsdata/obo-ci-data/download/ontologies/ico/ico.owl from: file:/mnt/efsdata/obo-ci-data/download/ontologies/ico/ico.owl
[INFO] 2018-10-22 16:53:50,487 INFO  (ParserWrapper:82) Finished loading ontology: http://purl.obolibrary.org/obo/ico.owl from: file:/mnt/efsdata/obo-ci-data/download/ontologies/ico/ico.owl
[INFO] 2018-10-22 16:53:50,498 INFO  (CommandRunner:3243) saving:http://purl.obolibrary.org/obo/ico.owl using RDF/XML Syntax
[INFO] ------------------------------------------------------------------------
[INFO] BUILD SUCCESS
[INFO] ------------------------------------------------------------------------
[INFO] Total time: 4.120s
[INFO] Finished at: Mon Oct 22 16:53:51 UTC 2018
[INFO] Final Memory: 6M/289M
[INFO] ------------------------------------------------------------------------
Mon Oct 22 16:53:51 UTC 2018
