Wed Nov 29 14:59:12 MST 2017
Ontology download URL: http://purl.obolibrary.org/obo/ico.owl
  % Total    % Received % Xferd  Average Speed   Time    Time     Time  Current
                                 Dload  Upload   Total   Spent    Left  Speed
  0     0    0     0    0     0      0      0 --:--:-- --:--:-- --:--:--     0100   354  100   354    0     0   1885      0 --:--:-- --:--:-- --:--:--  1893
  0  650k    0  1916    0     0   2388      0  0:04:39 --:--:--  0:04:39  2388100  650k  100  650k    0     0   376k      0  0:00:01  0:00:01 --:--:--  699k
Wed Nov 29 14:59:14 MST 2017

Wed Nov 29 14:59:15 MST 2017
Validating ontology file: /scratch/Shares/hunter/obo-ci/data/download/ontologies/ico/ico.owl
[INFO] Error stacktraces are turned on.
[INFO] Scanning for projects...
[INFO]                                                                         
[INFO] ------------------------------------------------------------------------
[INFO] Building kabob-ontology-flatten 1.0
[INFO] ------------------------------------------------------------------------
[INFO] 
[INFO] --- exec-maven-plugin:1.1:exec (default-cli) @ kabob-ontology-flatten ---
[INFO] /bin/sh: module: line 1: syntax error: unexpected end of file
[INFO] /bin/sh: error importing function definition for `BASH_FUNC_module'
[INFO] 2017-11-29 14:59:22,631 INFO  (ParserWrapper:75) Start loading ontology: file:/scratch/Shares/hunter/obo-ci/data/download/ontologies/ico/ico.owl from: file:/scratch/Shares/hunter/obo-ci/data/download/ontologies/ico/ico.owl
[INFO] 2017-11-29 14:59:25,679 INFO  (ParserWrapper:82) Finished loading ontology: http://purl.obolibrary.org/obo/ico.owl from: file:/scratch/Shares/hunter/obo-ci/data/download/ontologies/ico/ico.owl
[INFO] 2017-11-29 14:59:25,690 INFO  (CommandRunner:3243) saving:http://purl.obolibrary.org/obo/ico.owl using RDF/XML Syntax
[INFO] ------------------------------------------------------------------------
[INFO] BUILD SUCCESS
[INFO] ------------------------------------------------------------------------
[INFO] Total time: 10.247 s
[INFO] Finished at: 2017-11-29T14:59:26-07:00
[INFO] Final Memory: 21M/1963M
[INFO] ------------------------------------------------------------------------
Wed Nov 29 14:59:27 MST 2017

Download validation successful. Triple count = 11071
