Mon Oct 22 16:53:51 UTC 2018
Consolidating all ontology imports for: /mnt/efsdata/obo-ci-data/download/ontologies/kisao/kisao.owl
[INFO] Error stacktraces are turned on.
[INFO] Scanning for projects...
[INFO]                                                                         
[INFO] ------------------------------------------------------------------------
[INFO] Building kabob-ontology-flatten 1.0
[INFO] ------------------------------------------------------------------------
[INFO] 
[INFO] --- exec-maven-plugin:1.1:exec (default-cli) @ kabob-ontology-flatten ---
[INFO] 2018-10-22 16:53:55,203 INFO  (ParserWrapper:75) Start loading ontology: file:/mnt/efsdata/obo-ci-data/download/ontologies/kisao/kisao.owl from: file:/mnt/efsdata/obo-ci-data/download/ontologies/kisao/kisao.owl
[INFO] 2018-10-22 16:53:55,370 INFO  (ParserWrapper:75) Start loading ontology: http://www.biomodels.net/kisao/KISAO# from: http://www.biomodels.net/kisao/KISAO#
[INFO] 2018-10-22 16:53:56,894 INFO  (ParserWrapper:82) Finished loading ontology: http://www.biomodels.net/kisao/KISAO# from: http://www.biomodels.net/kisao/KISAO#
[INFO] 2018-10-22 16:53:56,936 INFO  (ParserWrapper:82) Finished loading ontology: http://www.biomodels.net/kisao/KISAO_FULL# from: file:/mnt/efsdata/obo-ci-data/download/ontologies/kisao/kisao.owl
[INFO] 2018-10-22 16:53:56,950 INFO  (OWLGraphWrapperBasic:280) Includes Ontology(OntologyID(OntologyIRI(<http://www.biomodels.net/kisao/KISAO#>) VersionIRI(<null>))) [Axioms: 2653 Logical Axioms: 805]
[INFO] 2018-10-22 16:53:56,990 INFO  (CommandRunner:3243) saving:http://www.biomodels.net/kisao/KISAO_FULL# using RDF/XML Syntax
[INFO] ------------------------------------------------------------------------
[INFO] BUILD SUCCESS
[INFO] ------------------------------------------------------------------------
[INFO] Total time: 4.853s
[INFO] Finished at: Mon Oct 22 16:53:57 UTC 2018
[INFO] Final Memory: 5M/229M
[INFO] ------------------------------------------------------------------------
Mon Oct 22 16:53:57 UTC 2018
