Wed Nov 29 14:59:13 MST 2017
Ontology download URL: http://purl.obolibrary.org/obo/ma.owl
  % Total    % Received % Xferd  Average Speed   Time    Time     Time  Current
                                 Dload  Upload   Total   Spent    Left  Speed
  0     0    0     0    0     0      0      0 --:--:-- --:--:-- --:--:--     0100   309  100   309    0     0   1445      0 --:--:-- --:--:-- --:--:--  1450
  0 2635k    0  5128    0     0   7608      0  0:05:54 --:--:--  0:05:54  7608100 2635k  100 2635k    0     0  1907k      0  0:00:01  0:00:01 --:--:-- 3721k
Wed Nov 29 14:59:15 MST 2017

Wed Nov 29 14:59:16 MST 2017
Validating ontology file: /scratch/Shares/hunter/obo-ci/data/download/ontologies/ma/ma.owl
[INFO] Error stacktraces are turned on.
[INFO] Scanning for projects...
[INFO]                                                                         
[INFO] ------------------------------------------------------------------------
[INFO] Building kabob-ontology-flatten 1.0
[INFO] ------------------------------------------------------------------------
[INFO] 
[INFO] --- exec-maven-plugin:1.1:exec (default-cli) @ kabob-ontology-flatten ---
[INFO] /bin/sh: module: line 1: syntax error: unexpected end of file
[INFO] /bin/sh: error importing function definition for `BASH_FUNC_module'
[INFO] 2017-11-29 14:59:23,663 INFO  (ParserWrapper:75) Start loading ontology: file:/scratch/Shares/hunter/obo-ci/data/download/ontologies/ma/ma.owl from: file:/scratch/Shares/hunter/obo-ci/data/download/ontologies/ma/ma.owl
[INFO] 2017-11-29 14:59:29,548 INFO  (ParserWrapper:82) Finished loading ontology: http://purl.obolibrary.org/obo/ma.owl from: file:/scratch/Shares/hunter/obo-ci/data/download/ontologies/ma/ma.owl
[INFO] 2017-11-29 14:59:29,559 INFO  (CommandRunner:3243) saving:http://purl.obolibrary.org/obo/ma.owl using RDF/XML Syntax
[INFO] ------------------------------------------------------------------------
[INFO] BUILD SUCCESS
[INFO] ------------------------------------------------------------------------
[INFO] Total time: 12.620 s
[INFO] Finished at: 2017-11-29T14:59:30-07:00
[INFO] Final Memory: 21M/1963M
[INFO] ------------------------------------------------------------------------
Wed Nov 29 14:59:30 MST 2017

Download validation successful. Triple count = 49147
