Mon Oct 22 16:53:45 UTC 2018
Ontology download URL: http://purl.obolibrary.org/obo/mamo.owl
  % Total    % Received % Xferd  Average Speed   Time    Time     Time  Current
                                 Dload  Upload   Total   Spent    Left  Speed
  0     0    0     0    0     0      0      0 --:--:-- --:--:-- --:--:--     0100   302  100   302    0     0    717      0 --:--:-- --:--:-- --:--:--   717100   302  100   302    0     0    717      0 --:--:-- --:--:-- --:--:--   717
100   232  100   232    0     0    239      0 --:--:-- --:--:-- --:--:--   239
  0     0    0     0    0     0      0      0 --:--:--  0:00:01 --:--:--     0100  184k  100  184k    0     0  97043      0  0:00:01  0:00:01 --:--:-- 1384k
Mon Oct 22 16:53:47 UTC 2018

Mon Oct 22 16:53:47 UTC 2018
Validating ontology file: /mnt/efsdata/obo-ci-data/download/ontologies/mamo/mamo.owl
[INFO] Error stacktraces are turned on.
[INFO] Scanning for projects...
[INFO]                                                                         
[INFO] ------------------------------------------------------------------------
[INFO] Building kabob-ontology-flatten 1.0
[INFO] ------------------------------------------------------------------------
[INFO] 
[INFO] --- exec-maven-plugin:1.1:exec (default-cli) @ kabob-ontology-flatten ---
[INFO] 2018-10-22 16:53:51,097 INFO  (ParserWrapper:75) Start loading ontology: file:/mnt/efsdata/obo-ci-data/download/ontologies/mamo/mamo.owl from: file:/mnt/efsdata/obo-ci-data/download/ontologies/mamo/mamo.owl
[INFO] 2018-10-22 16:53:51,472 INFO  (ParserWrapper:82) Finished loading ontology: http://identifiers.org/mamo from: file:/mnt/efsdata/obo-ci-data/download/ontologies/mamo/mamo.owl
[INFO] 2018-10-22 16:53:51,482 INFO  (CommandRunner:3243) saving:http://identifiers.org/mamo using RDF/XML Syntax
[INFO] ------------------------------------------------------------------------
[INFO] BUILD SUCCESS
[INFO] ------------------------------------------------------------------------
[INFO] Total time: 2.858s
[INFO] Finished at: Mon Oct 22 16:53:51 UTC 2018
[INFO] Final Memory: 5M/229M
[INFO] ------------------------------------------------------------------------
Mon Oct 22 16:53:51 UTC 2018

Download validation successful. Triple count = 1905
