Mon Oct 22 16:53:54 UTC 2018
Consolidating all ontology imports for: /mnt/efsdata/obo-ci-data/download/ontologies/mf/mf.owl
[INFO] Error stacktraces are turned on.
[INFO] Scanning for projects...
[INFO]                                                                         
[INFO] ------------------------------------------------------------------------
[INFO] Building kabob-ontology-flatten 1.0
[INFO] ------------------------------------------------------------------------
[INFO] 
[INFO] --- exec-maven-plugin:1.1:exec (default-cli) @ kabob-ontology-flatten ---
[INFO] 2018-10-22 16:53:58,091 INFO  (ParserWrapper:75) Start loading ontology: file:/mnt/efsdata/obo-ci-data/download/ontologies/mf/mf.owl from: file:/mnt/efsdata/obo-ci-data/download/ontologies/mf/mf.owl
[INFO] 2018-10-22 16:53:58,265 INFO  (ParserWrapper:75) Start loading ontology: http://purl.obolibrary.org/obo/iao/dev/ontology-metadata.owl from: http://purl.obolibrary.org/obo/iao/dev/ontology-metadata.owl
[INFO] 2018-10-22 16:53:59,159 INFO  (ParserWrapper:82) Finished loading ontology: http://purl.obolibrary.org/obo/iao/ontology-metadata.owl from: http://purl.obolibrary.org/obo/iao/dev/ontology-metadata.owl
[INFO] 2018-10-22 16:53:59,164 INFO  (ParserWrapper:75) Start loading ontology: http://purl.obolibrary.org/obo/MF/external/behavior-slim.owl from: http://purl.obolibrary.org/obo/MF/external/behavior-slim.owl
[INFO] 2018-10-22 16:53:59,359 INFO  (ParserWrapper:82) Finished loading ontology: http://purl.obolibrary.org/obo/MF/external/behavior-slim.owl from: http://purl.obolibrary.org/obo/MF/external/behavior-slim.owl
[INFO] 2018-10-22 16:53:59,360 INFO  (ParserWrapper:75) Start loading ontology: http://purl.obolibrary.org/obo/MF/external/GO_import.owl from: http://purl.obolibrary.org/obo/MF/external/GO_import.owl
[INFO] 2018-10-22 16:53:59,710 INFO  (ParserWrapper:82) Finished loading ontology: http://purl.obolibrary.org/obo/MF/external/GO_import.owl from: http://purl.obolibrary.org/obo/MF/external/GO_import.owl
[INFO] 2018-10-22 16:53:59,712 INFO  (ParserWrapper:75) Start loading ontology: http://purl.obolibrary.org/obo/MF/internal/MF-core.owl from: http://purl.obolibrary.org/obo/MF/internal/MF-core.owl
[INFO] 2018-10-22 16:53:59,890 INFO  (ParserWrapper:75) Start loading ontology: http://purl.obolibrary.org/obo/MF/external/ontology-metadata-slim.owl from: http://purl.obolibrary.org/obo/MF/external/ontology-metadata-slim.owl
[INFO] 2018-10-22 16:54:00,106 INFO  (ParserWrapper:82) Finished loading ontology: http://purl.obolibrary.org/obo/MF/external/ontology-metadata-slim.owl from: http://purl.obolibrary.org/obo/MF/external/ontology-metadata-slim.owl
[INFO] 2018-10-22 16:54:00,107 INFO  (ParserWrapper:75) Start loading ontology: http://purl.obolibrary.org/obo/MF/external/bfo-properties-slim.owl from: http://purl.obolibrary.org/obo/MF/external/bfo-properties-slim.owl
[INFO] 2018-10-22 16:54:00,315 INFO  (ParserWrapper:82) Finished loading ontology: http://purl.obolibrary.org/obo/MF/external/bfo-properties-slim.owl from: http://purl.obolibrary.org/obo/MF/external/bfo-properties-slim.owl
[INFO] 2018-10-22 16:54:00,371 INFO  (ParserWrapper:82) Finished loading ontology: http://purl.obolibrary.org/obo/MF/internal/MF-core.owl from: http://purl.obolibrary.org/obo/MF/internal/MF-core.owl
[INFO] 2018-10-22 16:54:00,373 INFO  (ParserWrapper:75) Start loading ontology: http://purl.obolibrary.org/obo/bfo.owl from: http://purl.obolibrary.org/obo/bfo.owl
[INFO] 2018-10-22 16:54:00,675 INFO  (ParserWrapper:82) Finished loading ontology: http://purl.obolibrary.org/obo/bfo.owl from: http://purl.obolibrary.org/obo/bfo.owl
[INFO] 2018-10-22 16:54:00,696 INFO  (ParserWrapper:82) Finished loading ontology: http://purl.obolibrary.org/obo/MF.owl from: file:/mnt/efsdata/obo-ci-data/download/ontologies/mf/mf.owl
[INFO] 2018-10-22 16:54:00,712 INFO  (OWLGraphWrapperBasic:280) Includes Ontology(OntologyID(OntologyIRI(<http://purl.obolibrary.org/obo/MF/external/GO_import.owl>) VersionIRI(<null>))) [Axioms: 1131 Logical Axioms: 250]
[INFO] 2018-10-22 16:54:00,735 INFO  (OWLGraphWrapperBasic:280) Includes Ontology(OntologyID(OntologyIRI(<http://purl.obolibrary.org/obo/MF/external/behavior-slim.owl>) VersionIRI(<null>))) [Axioms: 103 Logical Axioms: 29]
[INFO] 2018-10-22 16:54:00,737 INFO  (OWLGraphWrapperBasic:280) Includes Ontology(OntologyID(OntologyIRI(<http://purl.obolibrary.org/obo/MF/internal/MF-core.owl>) VersionIRI(<null>))) [Axioms: 366 Logical Axioms: 79]
[INFO] 2018-10-22 16:54:00,741 INFO  (OWLGraphWrapperBasic:280) Includes Ontology(OntologyID(OntologyIRI(<http://purl.obolibrary.org/obo/MF/external/bfo-properties-slim.owl>) VersionIRI(<null>))) [Axioms: 87 Logical Axioms: 9]
[INFO] 2018-10-22 16:54:00,742 INFO  (OWLGraphWrapperBasic:280) Includes Ontology(OntologyID(OntologyIRI(<http://purl.obolibrary.org/obo/MF/external/ontology-metadata-slim.owl>) VersionIRI(<null>))) [Axioms: 183 Logical Axioms: 0]
[INFO] 2018-10-22 16:54:00,744 INFO  (OWLGraphWrapperBasic:280) Includes Ontology(OntologyID(OntologyIRI(<http://purl.obolibrary.org/obo/bfo.owl>) VersionIRI(<http://purl.obolibrary.org/obo/bfo/2.0/bfo.owl>))) [Axioms: 575 Logical Axioms: 52]
[INFO] 2018-10-22 16:54:00,752 INFO  (OWLGraphWrapperBasic:280) Includes Ontology(OntologyID(OntologyIRI(<http://purl.obolibrary.org/obo/iao/ontology-metadata.owl>) VersionIRI(<http://purl.obolibrary.org/obo/iao/dev/ontology-metadata.owl>))) [Axioms: 357 Logical Axioms: 36]
[INFO] 2018-10-22 16:54:00,756 INFO  (CommandRunner:3243) saving:http://purl.obolibrary.org/obo/MF.owl using RDF/XML Syntax
[INFO] ------------------------------------------------------------------------
[INFO] BUILD SUCCESS
[INFO] ------------------------------------------------------------------------
[INFO] Total time: 5.263s
[INFO] Finished at: Mon Oct 22 16:54:01 UTC 2018
[INFO] Final Memory: 6M/289M
[INFO] ------------------------------------------------------------------------
Mon Oct 22 16:54:01 UTC 2018
