Wed Nov 29 14:59:13 MST 2017
Ontology download URL: http://purl.obolibrary.org/obo/mfmo.owl
  % Total    % Received % Xferd  Average Speed   Time    Time     Time  Current
                                 Dload  Upload   Total   Spent    Left  Speed
  0     0    0     0    0     0      0      0 --:--:-- --:--:-- --:--:--     0100   342  100   342    0     0   1576      0 --:--:-- --:--:-- --:--:--  1590
  0     0    0     0    0     0      0      0 --:--:-- --:--:-- --:--:--     0100  195k  100  195k    0     0   152k      0  0:00:01  0:00:01 --:--:--  278k
Wed Nov 29 14:59:15 MST 2017

Wed Nov 29 14:59:16 MST 2017
Validating ontology file: /scratch/Shares/hunter/obo-ci/data/download/ontologies/mfmo/mfmo.owl
[INFO] Error stacktraces are turned on.
[INFO] Scanning for projects...
[INFO]                                                                         
[INFO] ------------------------------------------------------------------------
[INFO] Building kabob-ontology-flatten 1.0
[INFO] ------------------------------------------------------------------------
[INFO] 
[INFO] --- exec-maven-plugin:1.1:exec (default-cli) @ kabob-ontology-flatten ---
[INFO] /bin/sh: module: line 1: syntax error: unexpected end of file
[INFO] /bin/sh: error importing function definition for `BASH_FUNC_module'
[INFO] 2017-11-29 14:59:23,651 INFO  (ParserWrapper:75) Start loading ontology: file:/scratch/Shares/hunter/obo-ci/data/download/ontologies/mfmo/mfmo.owl from: file:/scratch/Shares/hunter/obo-ci/data/download/ontologies/mfmo/mfmo.owl
[INFO] 2017-11-29 14:59:24,274 INFO  (ParserWrapper:75) Start loading ontology: http://purl.obolibrary.org/obo/ro.owl from: http://purl.obolibrary.org/obo/ro.owl
[INFO] 2017-11-29 14:59:26,637 INFO  (ParserWrapper:75) Start loading ontology: http://purl.obolibrary.org/obo/ro/annotations.owl from: http://purl.obolibrary.org/obo/ro/annotations.owl
[INFO] 2017-11-29 14:59:27,391 INFO  (ParserWrapper:82) Finished loading ontology: http://purl.obolibrary.org/obo/ro/annotations.owl from: http://purl.obolibrary.org/obo/ro/annotations.owl
[INFO] 2017-11-29 14:59:27,392 INFO  (ParserWrapper:75) Start loading ontology: http://purl.obolibrary.org/obo/ro/pato_import.owl from: http://purl.obolibrary.org/obo/ro/pato_import.owl
[INFO] 2017-11-29 14:59:28,065 INFO  (ParserWrapper:82) Finished loading ontology: http://purl.obolibrary.org/obo/ro/pato_import.owl from: http://purl.obolibrary.org/obo/ro/pato_import.owl
[INFO] 2017-11-29 14:59:28,066 INFO  (ParserWrapper:75) Start loading ontology: http://purl.obolibrary.org/obo/ro/temporal-intervals.owl from: http://purl.obolibrary.org/obo/ro/temporal-intervals.owl
[INFO] 2017-11-29 14:59:28,488 INFO  (ParserWrapper:75) Start loading ontology: http://purl.obolibrary.org/obo/ro/core.owl from: http://purl.obolibrary.org/obo/ro/core.owl
[INFO] 2017-11-29 14:59:29,030 INFO  (ParserWrapper:75) Start loading ontology: http://purl.obolibrary.org/obo/ro/bfo-axioms.owl from: http://purl.obolibrary.org/obo/ro/bfo-axioms.owl
[INFO] 2017-11-29 14:59:30,479 INFO  (ParserWrapper:82) Finished loading ontology: http://purl.obolibrary.org/obo/ro/bfo-axioms.owl from: http://purl.obolibrary.org/obo/ro/bfo-axioms.owl
[INFO] 2017-11-29 14:59:30,481 INFO  (ParserWrapper:75) Start loading ontology: http://purl.obolibrary.org/obo/ro/bfo-classes-minimal.owl from: http://purl.obolibrary.org/obo/ro/bfo-classes-minimal.owl
[INFO] 2017-11-29 14:59:31,141 INFO  (ParserWrapper:82) Finished loading ontology: http://purl.obolibrary.org/obo/ro/bfo-classes-minimal.owl from: http://purl.obolibrary.org/obo/ro/bfo-classes-minimal.owl
[INFO] 2017-11-29 14:59:31,203 INFO  (ParserWrapper:82) Finished loading ontology: http://purl.obolibrary.org/obo/ro/core.owl from: http://purl.obolibrary.org/obo/ro/core.owl
[INFO] 2017-11-29 14:59:31,224 INFO  (ParserWrapper:82) Finished loading ontology: http://purl.obolibrary.org/obo/ro/temporal-intervals.owl from: http://purl.obolibrary.org/obo/ro/temporal-intervals.owl
[INFO] 2017-11-29 14:59:31,225 INFO  (ParserWrapper:75) Start loading ontology: http://purl.obolibrary.org/obo/ro/go_cc_import.owl from: http://purl.obolibrary.org/obo/ro/go_cc_import.owl
[INFO] 2017-11-29 14:59:31,733 INFO  (ParserWrapper:82) Finished loading ontology: http://purl.obolibrary.org/obo/ro/go_cc_import.owl from: http://purl.obolibrary.org/obo/ro/go_cc_import.owl
[INFO] 2017-11-29 14:59:31,735 INFO  (ParserWrapper:75) Start loading ontology: http://purl.obolibrary.org/obo/ro/go_mf_import.owl from: http://purl.obolibrary.org/obo/ro/go_mf_import.owl
[INFO] 2017-11-29 14:59:32,088 INFO  (ParserWrapper:82) Finished loading ontology: http://purl.obolibrary.org/obo/ro/go_mf_import.owl from: http://purl.obolibrary.org/obo/ro/go_mf_import.owl
[INFO] 2017-11-29 14:59:32,089 INFO  (ParserWrapper:75) Start loading ontology: http://purl.obolibrary.org/obo/ro/rohom.owl from: http://purl.obolibrary.org/obo/ro/rohom.owl
[INFO] 2017-11-29 14:59:32,537 INFO  (ParserWrapper:82) Finished loading ontology: http://purl.obolibrary.org/obo/ro/rohom.owl from: http://purl.obolibrary.org/obo/ro/rohom.owl
[INFO] 2017-11-29 14:59:32,538 INFO  (ParserWrapper:75) Start loading ontology: http://purl.obolibrary.org/obo/ro/go-biotic.owl from: http://purl.obolibrary.org/obo/ro/go-biotic.owl
[INFO] 2017-11-29 14:59:32,923 INFO  (ParserWrapper:82) Finished loading ontology: http://purl.obolibrary.org/obo/ro/go-biotic.owl from: http://purl.obolibrary.org/obo/ro/go-biotic.owl
[INFO] 2017-11-29 14:59:32,924 INFO  (ParserWrapper:75) Start loading ontology: http://purl.obolibrary.org/obo/ro/el-constraints.owl from: http://purl.obolibrary.org/obo/ro/el-constraints.owl
[INFO] 2017-11-29 14:59:33,323 INFO  (ParserWrapper:82) Finished loading ontology: http://purl.obolibrary.org/obo/ro/el-constraints.owl from: http://purl.obolibrary.org/obo/ro/el-constraints.owl
[INFO] 2017-11-29 14:59:33,555 INFO  (ParserWrapper:82) Finished loading ontology: http://purl.obolibrary.org/obo/ro.owl from: http://purl.obolibrary.org/obo/ro.owl
[INFO] 2017-11-29 14:59:34,700 INFO  (ParserWrapper:82) Finished loading ontology: http://purl.obolibrary.org/obo/mfmo.owl from: file:/scratch/Shares/hunter/obo-ci/data/download/ontologies/mfmo/mfmo.owl
[INFO] 2017-11-29 14:59:34,711 INFO  (CommandRunner:3243) saving:http://purl.obolibrary.org/obo/mfmo.owl using RDF/XML Syntax
[INFO] ------------------------------------------------------------------------
[INFO] BUILD SUCCESS
[INFO] ------------------------------------------------------------------------
[INFO] Total time: 17.163 s
[INFO] Finished at: 2017-11-29T14:59:35-07:00
[INFO] Final Memory: 21M/1963M
[INFO] ------------------------------------------------------------------------
Wed Nov 29 14:59:35 MST 2017

Download validation successful. Triple count = 4487
