Wed Nov 29 14:59:14 MST 2017
Ontology download URL: http://purl.obolibrary.org/obo/mfoem.owl
  % Total    % Received % Xferd  Average Speed   Time    Time     Time  Current
                                 Dload  Upload   Total   Spent    Left  Speed
  0     0    0     0    0     0      0      0 --:--:-- --:--:-- --:--:--     0100   359  100   359    0     0   1674      0 --:--:-- --:--:-- --:--:--  1677
  0     0    0     0    0     0      0      0 --:--:-- --:--:-- --:--:--     0100  134k  100  134k    0     0   122k      0  0:00:01  0:00:01 --:--:--  237k
Wed Nov 29 14:59:15 MST 2017

Wed Nov 29 14:59:16 MST 2017
Validating ontology file: /scratch/Shares/hunter/obo-ci/data/download/ontologies/mfoem/mfoem.owl
[INFO] Error stacktraces are turned on.
[INFO] Scanning for projects...
[INFO]                                                                         
[INFO] ------------------------------------------------------------------------
[INFO] Building kabob-ontology-flatten 1.0
[INFO] ------------------------------------------------------------------------
[INFO] 
[INFO] --- exec-maven-plugin:1.1:exec (default-cli) @ kabob-ontology-flatten ---
[INFO] /bin/sh: module: line 1: syntax error: unexpected end of file
[INFO] /bin/sh: error importing function definition for `BASH_FUNC_module'
[INFO] 2017-11-29 14:59:23,628 INFO  (ParserWrapper:75) Start loading ontology: file:/scratch/Shares/hunter/obo-ci/data/download/ontologies/mfoem/mfoem.owl from: file:/scratch/Shares/hunter/obo-ci/data/download/ontologies/mfoem/mfoem.owl
[INFO] 2017-11-29 14:59:24,260 INFO  (ParserWrapper:75) Start loading ontology: http://purl.obolibrary.org/obo/MF.owl from: http://purl.obolibrary.org/obo/MF.owl
[INFO] 2017-11-29 14:59:26,267 INFO  (ParserWrapper:75) Start loading ontology: http://purl.obolibrary.org/obo/iao/dev/ontology-metadata.owl from: http://purl.obolibrary.org/obo/iao/dev/ontology-metadata.owl
[INFO] 2017-11-29 14:59:27,706 INFO  (ParserWrapper:82) Finished loading ontology: http://purl.obolibrary.org/obo/iao/ontology-metadata.owl from: http://purl.obolibrary.org/obo/iao/dev/ontology-metadata.owl
[INFO] 2017-11-29 14:59:27,707 INFO  (ParserWrapper:75) Start loading ontology: http://purl.obolibrary.org/obo/MF/external/behavior-slim.owl from: http://purl.obolibrary.org/obo/MF/external/behavior-slim.owl
[INFO] 2017-11-29 14:59:28,562 INFO  (ParserWrapper:82) Finished loading ontology: http://purl.obolibrary.org/obo/MF/external/behavior-slim.owl from: http://purl.obolibrary.org/obo/MF/external/behavior-slim.owl
[INFO] 2017-11-29 14:59:28,565 INFO  (ParserWrapper:75) Start loading ontology: http://purl.obolibrary.org/obo/MF/external/GO_import.owl from: http://purl.obolibrary.org/obo/MF/external/GO_import.owl
[INFO] 2017-11-29 14:59:29,022 INFO  (ParserWrapper:82) Finished loading ontology: http://purl.obolibrary.org/obo/MF/external/GO_import.owl from: http://purl.obolibrary.org/obo/MF/external/GO_import.owl
[INFO] 2017-11-29 14:59:29,024 INFO  (ParserWrapper:75) Start loading ontology: http://purl.obolibrary.org/obo/MF/internal/MF-core.owl from: http://purl.obolibrary.org/obo/MF/internal/MF-core.owl
[INFO] 2017-11-29 14:59:29,370 INFO  (ParserWrapper:75) Start loading ontology: http://purl.obolibrary.org/obo/MF/external/ontology-metadata-slim.owl from: http://purl.obolibrary.org/obo/MF/external/ontology-metadata-slim.owl
[INFO] 2017-11-29 14:59:30,283 INFO  (ParserWrapper:82) Finished loading ontology: http://purl.obolibrary.org/obo/MF/external/ontology-metadata-slim.owl from: http://purl.obolibrary.org/obo/MF/external/ontology-metadata-slim.owl
[INFO] 2017-11-29 14:59:30,284 INFO  (ParserWrapper:75) Start loading ontology: http://purl.obolibrary.org/obo/MF/external/bfo-properties-slim.owl from: http://purl.obolibrary.org/obo/MF/external/bfo-properties-slim.owl
[INFO] 2017-11-29 14:59:30,735 INFO  (ParserWrapper:82) Finished loading ontology: http://purl.obolibrary.org/obo/MF/external/bfo-properties-slim.owl from: http://purl.obolibrary.org/obo/MF/external/bfo-properties-slim.owl
[INFO] 2017-11-29 14:59:30,781 INFO  (ParserWrapper:82) Finished loading ontology: http://purl.obolibrary.org/obo/MF/internal/MF-core.owl from: http://purl.obolibrary.org/obo/MF/internal/MF-core.owl
[INFO] 2017-11-29 14:59:30,783 INFO  (ParserWrapper:75) Start loading ontology: http://purl.obolibrary.org/obo/bfo.owl from: http://purl.obolibrary.org/obo/bfo.owl
[INFO] 2017-11-29 14:59:31,327 INFO  (ParserWrapper:82) Finished loading ontology: http://purl.obolibrary.org/obo/bfo.owl from: http://purl.obolibrary.org/obo/bfo.owl
[INFO] 2017-11-29 14:59:31,336 INFO  (ParserWrapper:82) Finished loading ontology: http://purl.obolibrary.org/obo/MF.owl from: http://purl.obolibrary.org/obo/MF.owl
[INFO] 2017-11-29 14:59:31,498 INFO  (ParserWrapper:82) Finished loading ontology: http://purl.obolibrary.org/obo/MFOEM.owl from: file:/scratch/Shares/hunter/obo-ci/data/download/ontologies/mfoem/mfoem.owl
[INFO] 2017-11-29 14:59:31,509 INFO  (CommandRunner:3243) saving:http://purl.obolibrary.org/obo/MFOEM.owl using RDF/XML Syntax
[INFO] ------------------------------------------------------------------------
[INFO] BUILD SUCCESS
[INFO] ------------------------------------------------------------------------
[INFO] Total time: 16.843 s
[INFO] Finished at: 2017-11-29T14:59:34-07:00
[INFO] Final Memory: 21M/1963M
[INFO] ------------------------------------------------------------------------
Wed Nov 29 14:59:34 MST 2017

Download validation successful. Triple count = 3010
