Mon Oct 22 16:53:56 UTC 2018
Consolidating all ontology imports for: /mnt/efsdata/obo-ci-data/download/ontologies/mfoem/mfoem.owl
[INFO] Error stacktraces are turned on.
[INFO] Scanning for projects...
[INFO]                                                                         
[INFO] ------------------------------------------------------------------------
[INFO] Building kabob-ontology-flatten 1.0
[INFO] ------------------------------------------------------------------------
[INFO] 
[INFO] --- exec-maven-plugin:1.1:exec (default-cli) @ kabob-ontology-flatten ---
[INFO] 2018-10-22 16:53:59,839 INFO  (ParserWrapper:75) Start loading ontology: file:/mnt/efsdata/obo-ci-data/download/ontologies/mfoem/mfoem.owl from: file:/mnt/efsdata/obo-ci-data/download/ontologies/mfoem/mfoem.owl
[INFO] 2018-10-22 16:54:00,017 INFO  (ParserWrapper:75) Start loading ontology: http://purl.obolibrary.org/obo/MF.owl from: http://purl.obolibrary.org/obo/MF.owl
[INFO] 2018-10-22 16:54:00,776 INFO  (ParserWrapper:75) Start loading ontology: http://purl.obolibrary.org/obo/iao/dev/ontology-metadata.owl from: http://purl.obolibrary.org/obo/iao/dev/ontology-metadata.owl
[INFO] 2018-10-22 16:54:01,122 INFO  (ParserWrapper:82) Finished loading ontology: http://purl.obolibrary.org/obo/iao/ontology-metadata.owl from: http://purl.obolibrary.org/obo/iao/dev/ontology-metadata.owl
[INFO] 2018-10-22 16:54:01,124 INFO  (ParserWrapper:75) Start loading ontology: http://purl.obolibrary.org/obo/MF/external/behavior-slim.owl from: http://purl.obolibrary.org/obo/MF/external/behavior-slim.owl
[INFO] 2018-10-22 16:54:01,360 INFO  (ParserWrapper:82) Finished loading ontology: http://purl.obolibrary.org/obo/MF/external/behavior-slim.owl from: http://purl.obolibrary.org/obo/MF/external/behavior-slim.owl
[INFO] 2018-10-22 16:54:01,362 INFO  (ParserWrapper:75) Start loading ontology: http://purl.obolibrary.org/obo/MF/external/GO_import.owl from: http://purl.obolibrary.org/obo/MF/external/GO_import.owl
[INFO] 2018-10-22 16:54:02,163 INFO  (ParserWrapper:82) Finished loading ontology: http://purl.obolibrary.org/obo/MF/external/GO_import.owl from: http://purl.obolibrary.org/obo/MF/external/GO_import.owl
[INFO] 2018-10-22 16:54:02,165 INFO  (ParserWrapper:75) Start loading ontology: http://purl.obolibrary.org/obo/MF/internal/MF-core.owl from: http://purl.obolibrary.org/obo/MF/internal/MF-core.owl
[INFO] 2018-10-22 16:54:02,368 INFO  (ParserWrapper:75) Start loading ontology: http://purl.obolibrary.org/obo/MF/external/ontology-metadata-slim.owl from: http://purl.obolibrary.org/obo/MF/external/ontology-metadata-slim.owl
[INFO] 2018-10-22 16:54:02,644 INFO  (ParserWrapper:82) Finished loading ontology: http://purl.obolibrary.org/obo/MF/external/ontology-metadata-slim.owl from: http://purl.obolibrary.org/obo/MF/external/ontology-metadata-slim.owl
[INFO] 2018-10-22 16:54:02,645 INFO  (ParserWrapper:75) Start loading ontology: http://purl.obolibrary.org/obo/MF/external/bfo-properties-slim.owl from: http://purl.obolibrary.org/obo/MF/external/bfo-properties-slim.owl
[INFO] 2018-10-22 16:54:02,888 INFO  (ParserWrapper:82) Finished loading ontology: http://purl.obolibrary.org/obo/MF/external/bfo-properties-slim.owl from: http://purl.obolibrary.org/obo/MF/external/bfo-properties-slim.owl
[INFO] 2018-10-22 16:54:02,981 INFO  (ParserWrapper:82) Finished loading ontology: http://purl.obolibrary.org/obo/MF/internal/MF-core.owl from: http://purl.obolibrary.org/obo/MF/internal/MF-core.owl
[INFO] 2018-10-22 16:54:02,983 INFO  (ParserWrapper:75) Start loading ontology: http://purl.obolibrary.org/obo/bfo.owl from: http://purl.obolibrary.org/obo/bfo.owl
[INFO] 2018-10-22 16:54:03,306 INFO  (ParserWrapper:82) Finished loading ontology: http://purl.obolibrary.org/obo/bfo.owl from: http://purl.obolibrary.org/obo/bfo.owl
[INFO] 2018-10-22 16:54:03,330 INFO  (ParserWrapper:82) Finished loading ontology: http://purl.obolibrary.org/obo/MF.owl from: http://purl.obolibrary.org/obo/MF.owl
[INFO] 2018-10-22 16:54:03,424 INFO  (ParserWrapper:82) Finished loading ontology: http://purl.obolibrary.org/obo/MFOEM.owl from: file:/mnt/efsdata/obo-ci-data/download/ontologies/mfoem/mfoem.owl
[INFO] 2018-10-22 16:54:03,436 INFO  (OWLGraphWrapperBasic:280) Includes Ontology(OntologyID(OntologyIRI(<http://purl.obolibrary.org/obo/MF/external/GO_import.owl>) VersionIRI(<null>))) [Axioms: 1131 Logical Axioms: 250]
[INFO] 2018-10-22 16:54:03,458 INFO  (OWLGraphWrapperBasic:280) Includes Ontology(OntologyID(OntologyIRI(<http://purl.obolibrary.org/obo/MF.owl>) VersionIRI(<null>))) [Axioms: 63 Logical Axioms: 18]
[INFO] 2018-10-22 16:54:03,460 INFO  (OWLGraphWrapperBasic:280) Includes Ontology(OntologyID(OntologyIRI(<http://purl.obolibrary.org/obo/MF/external/behavior-slim.owl>) VersionIRI(<null>))) [Axioms: 103 Logical Axioms: 29]
[INFO] 2018-10-22 16:54:03,461 INFO  (OWLGraphWrapperBasic:280) Includes Ontology(OntologyID(OntologyIRI(<http://purl.obolibrary.org/obo/MF/internal/MF-core.owl>) VersionIRI(<null>))) [Axioms: 366 Logical Axioms: 79]
[INFO] 2018-10-22 16:54:03,467 INFO  (OWLGraphWrapperBasic:280) Includes Ontology(OntologyID(OntologyIRI(<http://purl.obolibrary.org/obo/MF/external/bfo-properties-slim.owl>) VersionIRI(<null>))) [Axioms: 87 Logical Axioms: 9]
[INFO] 2018-10-22 16:54:03,468 INFO  (OWLGraphWrapperBasic:280) Includes Ontology(OntologyID(OntologyIRI(<http://purl.obolibrary.org/obo/MF/external/ontology-metadata-slim.owl>) VersionIRI(<null>))) [Axioms: 183 Logical Axioms: 0]
[INFO] 2018-10-22 16:54:03,469 INFO  (OWLGraphWrapperBasic:280) Includes Ontology(OntologyID(OntologyIRI(<http://purl.obolibrary.org/obo/bfo.owl>) VersionIRI(<http://purl.obolibrary.org/obo/bfo/2.0/bfo.owl>))) [Axioms: 575 Logical Axioms: 52]
[INFO] 2018-10-22 16:54:03,473 INFO  (OWLGraphWrapperBasic:280) Includes Ontology(OntologyID(OntologyIRI(<http://purl.obolibrary.org/obo/iao/ontology-metadata.owl>) VersionIRI(<http://purl.obolibrary.org/obo/iao/dev/ontology-metadata.owl>))) [Axioms: 357 Logical Axioms: 36]
[INFO] 2018-10-22 16:54:03,479 INFO  (CommandRunner:3243) saving:http://purl.obolibrary.org/obo/MFOEM.owl using RDF/XML Syntax
[INFO] ------------------------------------------------------------------------
[INFO] BUILD SUCCESS
[INFO] ------------------------------------------------------------------------
[INFO] Total time: 6.369s
[INFO] Finished at: Mon Oct 22 16:54:03 UTC 2018
[INFO] Final Memory: 6M/289M
[INFO] ------------------------------------------------------------------------
Mon Oct 22 16:54:03 UTC 2018
