Mon Oct 22 16:54:00 UTC 2018
Consolidating all ontology imports for: /mnt/efsdata/obo-ci-data/download/ontologies/mfomd/mfomd.owl
[INFO] Error stacktraces are turned on.
[INFO] Scanning for projects...
[INFO]                                                                         
[INFO] ------------------------------------------------------------------------
[INFO] Building kabob-ontology-flatten 1.0
[INFO] ------------------------------------------------------------------------
[INFO] 
[INFO] --- exec-maven-plugin:1.1:exec (default-cli) @ kabob-ontology-flatten ---
[INFO] 2018-10-22 16:54:04,903 INFO  (ParserWrapper:75) Start loading ontology: file:/mnt/efsdata/obo-ci-data/download/ontologies/mfomd/mfomd.owl from: file:/mnt/efsdata/obo-ci-data/download/ontologies/mfomd/mfomd.owl
[INFO] 2018-10-22 16:54:05,097 INFO  (ParserWrapper:75) Start loading ontology: http://purl.obolibrary.org/obo/ogms.owl from: http://purl.obolibrary.org/obo/ogms.owl
[INFO] 2018-10-22 16:54:05,843 INFO  (ParserWrapper:75) Start loading ontology: http://purl.obolibrary.org/obo/iao/dev/ontology-metadata.owl from: http://purl.obolibrary.org/obo/iao/dev/ontology-metadata.owl
[INFO] 2018-10-22 16:54:06,224 INFO  (ParserWrapper:82) Finished loading ontology: http://purl.obolibrary.org/obo/iao/ontology-metadata.owl from: http://purl.obolibrary.org/obo/iao/dev/ontology-metadata.owl
[INFO] 2018-10-22 16:54:06,226 INFO  (ParserWrapper:75) Start loading ontology: http://protege.stanford.edu/plugins/owl/dc/protege-dc.owl from: http://protege.stanford.edu/plugins/owl/dc/protege-dc.owl
[INFO] 2018-10-22 16:54:06,513 INFO  (ParserWrapper:82) Finished loading ontology: http://protege.stanford.edu/plugins/owl/dc/protege-dc.owl from: http://protege.stanford.edu/plugins/owl/dc/protege-dc.owl
[INFO] 2018-10-22 16:54:06,514 INFO  (ParserWrapper:75) Start loading ontology: http://purl.obolibrary.org/obo/bfo/2.0/bfo.owl from: http://purl.obolibrary.org/obo/bfo/2.0/bfo.owl
[INFO] 2018-10-22 16:54:06,881 INFO  (ParserWrapper:82) Finished loading ontology: http://purl.obolibrary.org/obo/bfo.owl from: http://purl.obolibrary.org/obo/bfo/2.0/bfo.owl
[INFO] 2018-10-22 16:54:06,948 INFO  (ParserWrapper:82) Finished loading ontology: http://purl.obolibrary.org/obo/ogms.owl from: http://purl.obolibrary.org/obo/ogms.owl
[INFO] 2018-10-22 16:54:06,950 INFO  (ParserWrapper:75) Start loading ontology: http://purl.obolibrary.org/obo/MF.owl from: http://purl.obolibrary.org/obo/MF.owl
[INFO] 2018-10-22 16:54:07,138 INFO  (ParserWrapper:75) Start loading ontology: http://purl.obolibrary.org/obo/MF/external/behavior-slim.owl from: http://purl.obolibrary.org/obo/MF/external/behavior-slim.owl
[INFO] 2018-10-22 16:54:07,385 INFO  (ParserWrapper:82) Finished loading ontology: http://purl.obolibrary.org/obo/MF/external/behavior-slim.owl from: http://purl.obolibrary.org/obo/MF/external/behavior-slim.owl
[INFO] 2018-10-22 16:54:07,386 INFO  (ParserWrapper:75) Start loading ontology: http://purl.obolibrary.org/obo/MF/external/GO_import.owl from: http://purl.obolibrary.org/obo/MF/external/GO_import.owl
[INFO] 2018-10-22 16:54:07,693 INFO  (ParserWrapper:82) Finished loading ontology: http://purl.obolibrary.org/obo/MF/external/GO_import.owl from: http://purl.obolibrary.org/obo/MF/external/GO_import.owl
[INFO] 2018-10-22 16:54:07,694 INFO  (ParserWrapper:75) Start loading ontology: http://purl.obolibrary.org/obo/MF/internal/MF-core.owl from: http://purl.obolibrary.org/obo/MF/internal/MF-core.owl
[INFO] 2018-10-22 16:54:07,884 INFO  (ParserWrapper:75) Start loading ontology: http://purl.obolibrary.org/obo/MF/external/ontology-metadata-slim.owl from: http://purl.obolibrary.org/obo/MF/external/ontology-metadata-slim.owl
[INFO] 2018-10-22 16:54:08,185 INFO  (ParserWrapper:82) Finished loading ontology: http://purl.obolibrary.org/obo/MF/external/ontology-metadata-slim.owl from: http://purl.obolibrary.org/obo/MF/external/ontology-metadata-slim.owl
[INFO] 2018-10-22 16:54:08,186 INFO  (ParserWrapper:75) Start loading ontology: http://purl.obolibrary.org/obo/MF/external/bfo-properties-slim.owl from: http://purl.obolibrary.org/obo/MF/external/bfo-properties-slim.owl
[INFO] 2018-10-22 16:54:08,401 INFO  (ParserWrapper:82) Finished loading ontology: http://purl.obolibrary.org/obo/MF/external/bfo-properties-slim.owl from: http://purl.obolibrary.org/obo/MF/external/bfo-properties-slim.owl
[INFO] 2018-10-22 16:54:08,430 INFO  (ParserWrapper:82) Finished loading ontology: http://purl.obolibrary.org/obo/MF/internal/MF-core.owl from: http://purl.obolibrary.org/obo/MF/internal/MF-core.owl
[INFO] 2018-10-22 16:54:08,442 INFO  (ParserWrapper:82) Finished loading ontology: http://purl.obolibrary.org/obo/MF.owl from: http://purl.obolibrary.org/obo/MF.owl
[INFO] 2018-10-22 16:54:08,443 INFO  (ParserWrapper:75) Start loading ontology: http://purl.obolibrary.org/obo/MF/internal/MD-core.owl from: http://purl.obolibrary.org/obo/MF/internal/MD-core.owl
[INFO] 2018-10-22 16:54:08,633 INFO  (ParserWrapper:75) Start loading ontology: http://purl.obolibrary.org/obo/MF/external/doid-slim.owl from: http://purl.obolibrary.org/obo/MF/external/doid-slim.owl
[INFO] 2018-10-22 16:54:09,078 INFO  (ParserWrapper:82) Finished loading ontology: http://purl.obolibrary.org/obo/MFOMD/external/doid-slim.owl from: http://purl.obolibrary.org/obo/MF/external/doid-slim.owl
[INFO] 2018-10-22 16:54:09,129 INFO  (ParserWrapper:82) Finished loading ontology: http://purl.obolibrary.org/obo/MF/internal/MD-core.owl from: http://purl.obolibrary.org/obo/MF/internal/MD-core.owl
[INFO] 2018-10-22 16:54:09,143 INFO  (ParserWrapper:82) Finished loading ontology: http://purl.obolibrary.org/obo/MFOMD.owl from: file:/mnt/efsdata/obo-ci-data/download/ontologies/mfomd/mfomd.owl
[INFO] 2018-10-22 16:54:09,158 INFO  (OWLGraphWrapperBasic:280) Includes Ontology(OntologyID(OntologyIRI(<http://purl.obolibrary.org/obo/ogms.owl>) VersionIRI(<null>))) [Axioms: 586 Logical Axioms: 84]
[INFO] 2018-10-22 16:54:09,174 INFO  (OWLGraphWrapperBasic:280) Includes Ontology(OntologyID(OntologyIRI(<http://protege.stanford.edu/plugins/owl/dc/protege-dc.owl>) VersionIRI(<null>))) [Axioms: 75 Logical Axioms: 0]
[INFO] 2018-10-22 16:54:09,175 INFO  (OWLGraphWrapperBasic:280) Includes Ontology(OntologyID(OntologyIRI(<http://purl.obolibrary.org/obo/bfo.owl>) VersionIRI(<http://purl.obolibrary.org/obo/bfo/2.0/bfo.owl>))) [Axioms: 575 Logical Axioms: 52]
[INFO] 2018-10-22 16:54:09,180 INFO  (OWLGraphWrapperBasic:280) Includes Ontology(OntologyID(OntologyIRI(<http://purl.obolibrary.org/obo/iao/ontology-metadata.owl>) VersionIRI(<http://purl.obolibrary.org/obo/iao/dev/ontology-metadata.owl>))) [Axioms: 357 Logical Axioms: 36]
[INFO] 2018-10-22 16:54:09,186 INFO  (OWLGraphWrapperBasic:280) Includes Ontology(OntologyID(OntologyIRI(<http://purl.obolibrary.org/obo/MF/internal/MD-core.owl>) VersionIRI(<null>))) [Axioms: 1063 Logical Axioms: 137]
[INFO] 2018-10-22 16:54:09,194 INFO  (OWLGraphWrapperBasic:280) Includes Ontology(OntologyID(OntologyIRI(<http://purl.obolibrary.org/obo/MF/external/bfo-properties-slim.owl>) VersionIRI(<null>))) [Axioms: 87 Logical Axioms: 9]
[INFO] 2018-10-22 16:54:09,195 INFO  (OWLGraphWrapperBasic:280) Includes Ontology(OntologyID(OntologyIRI(<http://purl.obolibrary.org/obo/MFOMD/external/doid-slim.owl>) VersionIRI(<null>))) [Axioms: 3005 Logical Axioms: 223]
[INFO] 2018-10-22 16:54:09,220 INFO  (OWLGraphWrapperBasic:280) Includes Ontology(OntologyID(OntologyIRI(<http://purl.obolibrary.org/obo/MF/external/ontology-metadata-slim.owl>) VersionIRI(<null>))) [Axioms: 183 Logical Axioms: 0]
[INFO] 2018-10-22 16:54:09,221 INFO  (OWLGraphWrapperBasic:280) Includes Ontology(OntologyID(OntologyIRI(<http://purl.obolibrary.org/obo/MF/internal/MF-core.owl>) VersionIRI(<null>))) [Axioms: 366 Logical Axioms: 79]
[INFO] 2018-10-22 16:54:09,224 INFO  (OWLGraphWrapperBasic:280) Includes Ontology(OntologyID(OntologyIRI(<http://purl.obolibrary.org/obo/MF.owl>) VersionIRI(<null>))) [Axioms: 63 Logical Axioms: 18]
[INFO] 2018-10-22 16:54:09,224 INFO  (OWLGraphWrapperBasic:280) Includes Ontology(OntologyID(OntologyIRI(<http://purl.obolibrary.org/obo/MF/external/GO_import.owl>) VersionIRI(<null>))) [Axioms: 1131 Logical Axioms: 250]
[INFO] 2018-10-22 16:54:09,233 INFO  (OWLGraphWrapperBasic:280) Includes Ontology(OntologyID(OntologyIRI(<http://purl.obolibrary.org/obo/MF/external/behavior-slim.owl>) VersionIRI(<null>))) [Axioms: 103 Logical Axioms: 29]
[INFO] 2018-10-22 16:54:09,234 INFO  (CommandRunner:3243) saving:http://purl.obolibrary.org/obo/MFOMD.owl using RDF/XML Syntax
[INFO] ------------------------------------------------------------------------
[INFO] BUILD SUCCESS
[INFO] ------------------------------------------------------------------------
[INFO] Total time: 7.600s
[INFO] Finished at: Mon Oct 22 16:54:09 UTC 2018
[INFO] Final Memory: 5M/229M
[INFO] ------------------------------------------------------------------------
Mon Oct 22 16:54:09 UTC 2018
