Mon Oct 22 16:53:50 UTC 2018
Ontology download URL: http://purl.obolibrary.org/obo/mi.owl
  % Total    % Received % Xferd  Average Speed   Time    Time     Time  Current
                                 Dload  Upload   Total   Spent    Left  Speed
  0     0    0     0    0     0      0      0 --:--:-- --:--:-- --:--:--     0100   309  100   309    0     0   1728      0 --:--:-- --:--:-- --:--:--  1735
  0 3669k    0  8592    0     0  12672      0  0:04:56 --:--:--  0:04:56 12672 83 3669k   83 3082k    0     0  2277k      0  0:00:01  0:00:01 --:--:-- 4547k100 3669k  100 3669k    0     0  2571k      0  0:00:01  0:00:01 --:--:-- 4888k
Mon Oct 22 16:53:52 UTC 2018

Mon Oct 22 16:53:52 UTC 2018
Validating ontology file: /mnt/efsdata/obo-ci-data/download/ontologies/mi/mi.owl
[INFO] Error stacktraces are turned on.
[INFO] Scanning for projects...
[INFO]                                                                         
[INFO] ------------------------------------------------------------------------
[INFO] Building kabob-ontology-flatten 1.0
[INFO] ------------------------------------------------------------------------
[INFO] 
[INFO] --- exec-maven-plugin:1.1:exec (default-cli) @ kabob-ontology-flatten ---
[INFO] 2018-10-22 16:53:56,286 INFO  (ParserWrapper:75) Start loading ontology: file:/mnt/efsdata/obo-ci-data/download/ontologies/mi/mi.owl from: file:/mnt/efsdata/obo-ci-data/download/ontologies/mi/mi.owl
[INFO] 2018-10-22 16:53:57,918 INFO  (ParserWrapper:82) Finished loading ontology: http://purl.obolibrary.org/obo/mi.owl from: file:/mnt/efsdata/obo-ci-data/download/ontologies/mi/mi.owl
[INFO] 2018-10-22 16:53:57,928 INFO  (CommandRunner:3243) saving:http://purl.obolibrary.org/obo/mi.owl using RDF/XML Syntax
[INFO] ------------------------------------------------------------------------
[INFO] BUILD SUCCESS
[INFO] ------------------------------------------------------------------------
[INFO] Total time: 5.145s
[INFO] Finished at: Mon Oct 22 16:53:58 UTC 2018
[INFO] Final Memory: 6M/289M
[INFO] ------------------------------------------------------------------------
Mon Oct 22 16:53:58 UTC 2018

Download validation successful. Triple count = 44882
