Wed Nov 29 14:59:40 MST 2017
Consolidating all ontology imports for: /scratch/Shares/hunter/obo-ci/data/download/ontologies/miapa/miapa.owl
[INFO] Error stacktraces are turned on.
[INFO] Scanning for projects...
[INFO]                                                                         
[INFO] ------------------------------------------------------------------------
[INFO] Building kabob-ontology-flatten 1.0
[INFO] ------------------------------------------------------------------------
[INFO] 
[INFO] --- exec-maven-plugin:1.1:exec (default-cli) @ kabob-ontology-flatten ---
[INFO] /bin/sh: module: line 1: syntax error: unexpected end of file
[INFO] /bin/sh: error importing function definition for `BASH_FUNC_module'
[INFO] 2017-11-29 14:59:47,589 INFO  (ParserWrapper:75) Start loading ontology: file:/scratch/Shares/hunter/obo-ci/data/download/ontologies/miapa/miapa.owl from: file:/scratch/Shares/hunter/obo-ci/data/download/ontologies/miapa/miapa.owl
[INFO] 2017-11-29 14:59:48,362 INFO  (ParserWrapper:75) Start loading ontology: http://purl.obolibrary.org/obo/cdao.owl from: http://purl.obolibrary.org/obo/cdao.owl
[INFO] 2017-11-29 14:59:49,697 INFO  (ParserWrapper:75) Start loading ontology: http://purl.obolibrary.org/obo/iao/ontology-metadata.owl from: http://purl.obolibrary.org/obo/iao/ontology-metadata.owl
[INFO] 2017-11-29 14:59:50,560 INFO  (ParserWrapper:82) Finished loading ontology: http://purl.obolibrary.org/obo/iao/ontology-metadata.owl from: http://purl.obolibrary.org/obo/iao/ontology-metadata.owl
[INFO] 2017-11-29 14:59:50,768 INFO  (ParserWrapper:82) Finished loading ontology: http://purl.obolibrary.org/obo/cdao.owl from: http://purl.obolibrary.org/obo/cdao.owl
[INFO] 2017-11-29 14:59:50,770 INFO  (ParserWrapper:75) Start loading ontology: http://www.w3.org/ns/prov-o from: http://www.w3.org/ns/prov-o
[INFO] 2017-11-29 14:59:51,623 ERROR (OWLOntologyManagerImpl:1138) Illegal redeclarations of entities: reuse of entity http://www.w3.org/ns/prov#wasRevisionOf in punning not allowed [Declaration(ObjectProperty(<http://www.w3.org/ns/prov#wasRevisionOf>)), Declaration(AnnotationProperty(<http://www.w3.org/ns/prov#wasRevisionOf>))]
[INFO] 2017-11-29 14:59:51,624 ERROR (OWLOntologyManagerImpl:1138) Illegal redeclarations of entities: reuse of entity http://www.w3.org/ns/prov#specializationOf in punning not allowed [Declaration(ObjectProperty(<http://www.w3.org/ns/prov#specializationOf>)), Declaration(AnnotationProperty(<http://www.w3.org/ns/prov#specializationOf>))]
[INFO] 2017-11-29 14:59:51,626 INFO  (ParserWrapper:82) Finished loading ontology: http://www.w3.org/ns/prov-o# from: http://www.w3.org/ns/prov-o
[INFO] 2017-11-29 14:59:53,799 ERROR (OWLOntologyManagerImpl:1138) Illegal redeclarations of entities: reuse of entity http://www.w3.org/ns/prov#wasRevisionOf in punning not allowed [Declaration(ObjectProperty(<http://www.w3.org/ns/prov#wasRevisionOf>)), Declaration(AnnotationProperty(<http://www.w3.org/ns/prov#wasRevisionOf>))]
[INFO] 2017-11-29 14:59:53,799 ERROR (OWLOntologyManagerImpl:1138) Illegal redeclarations of entities: reuse of entity http://www.w3.org/ns/prov#specializationOf in punning not allowed [Declaration(ObjectProperty(<http://www.w3.org/ns/prov#specializationOf>)), Declaration(AnnotationProperty(<http://www.w3.org/ns/prov#specializationOf>))]
[INFO] 2017-11-29 14:59:53,800 INFO  (ParserWrapper:82) Finished loading ontology: http://purl.obolibrary.org/obo/miapa.owl from: file:/scratch/Shares/hunter/obo-ci/data/download/ontologies/miapa/miapa.owl
[INFO] 2017-11-29 14:59:53,815 INFO  (OWLGraphWrapperBasic:280) Includes Ontology(OntologyID(OntologyIRI(<http://www.w3.org/ns/prov-o#>) VersionIRI(<http://www.w3.org/ns/prov-o-20130430>))) [Axioms: 973 Logical Axioms: 181]
[INFO] 2017-11-29 14:59:53,831 INFO  (OWLGraphWrapperBasic:280) Includes Ontology(OntologyID(OntologyIRI(<http://purl.obolibrary.org/obo/cdao.owl>) VersionIRI(<http://purl.obolibrary.org/obo/cdao/2013-02-01/cdao.owl>))) [Axioms: 931 Logical Axioms: 421]
[INFO] 2017-11-29 14:59:53,841 INFO  (OWLGraphWrapperBasic:280) Includes Ontology(OntologyID(OntologyIRI(<http://purl.obolibrary.org/obo/iao/ontology-metadata.owl>) VersionIRI(<http://purl.obolibrary.org/obo/iao/2017-03-24/ontology-metadata.owl>))) [Axioms: 351 Logical Axioms: 35]
[INFO] 2017-11-29 14:59:53,845 INFO  (CommandRunner:3243) saving:http://purl.obolibrary.org/obo/miapa.owl using RDF/XML Syntax
[INFO] ------------------------------------------------------------------------
[INFO] BUILD SUCCESS
[INFO] ------------------------------------------------------------------------
[INFO] Total time: 13.388 s
[INFO] Finished at: 2017-11-29T14:59:54-07:00
[INFO] Final Memory: 21M/1963M
[INFO] ------------------------------------------------------------------------
Wed Nov 29 14:59:55 MST 2017
