Mon Oct 22 16:53:51 UTC 2018
Ontology download URL: http://purl.obolibrary.org/obo/micro.owl
  % Total    % Received % Xferd  Average Speed   Time    Time     Time  Current
                                 Dload  Upload   Total   Spent    Left  Speed
  0     0    0     0    0     0      0      0 --:--:-- --:--:-- --:--:--     0100   360  100   360    0     0   1867      0 --:--:-- --:--:-- --:--:--  1865100   360  100   360    0     0   1867      0 --:--:-- --:--:-- --:--:--  1865
 68  9.8M   68 6864k    0     0  6051k      0  0:00:01  0:00:01 --:--:-- 6051k100  9.8M  100  9.8M    0     0  8081k      0  0:00:01  0:00:01 --:--:-- 27.8M
Mon Oct 22 16:53:53 UTC 2018

Mon Oct 22 16:53:53 UTC 2018
Validating ontology file: /mnt/efsdata/obo-ci-data/download/ontologies/micro/micro.owl
[INFO] Error stacktraces are turned on.
[INFO] Scanning for projects...
[INFO]                                                                         
[INFO] ------------------------------------------------------------------------
[INFO] Building kabob-ontology-flatten 1.0
[INFO] ------------------------------------------------------------------------
[INFO] 
[INFO] --- exec-maven-plugin:1.1:exec (default-cli) @ kabob-ontology-flatten ---
[INFO] 2018-10-22 16:53:57,019 INFO  (ParserWrapper:75) Start loading ontology: file:/mnt/efsdata/obo-ci-data/download/ontologies/micro/micro.owl from: file:/mnt/efsdata/obo-ci-data/download/ontologies/micro/micro.owl
[INFO] 2018-10-22 16:53:57,215 INFO  (ParserWrapper:75) Start loading ontology: https://raw.githubusercontent.com/carrineblank/MicrO/master/MicrOandImportModules/BFO_imports.owl from: https://raw.githubusercontent.com/carrineblank/MicrO/master/MicrOandImportModules/BFO_imports.owl
[INFO] 2018-10-22 16:53:58,261 INFO  (ParserWrapper:82) Finished loading ontology: https://raw.githubusercontent.com/carrineblank/MicrO/master/MicrOandImportModules/BFO_imports.owl from: https://raw.githubusercontent.com/carrineblank/MicrO/master/MicrOandImportModules/BFO_imports.owl
[INFO] 2018-10-22 16:53:58,262 INFO  (ParserWrapper:75) Start loading ontology: https://raw.githubusercontent.com/carrineblank/MicrO/master/MicrOandImportModules/BSPO_imports.owl from: https://raw.githubusercontent.com/carrineblank/MicrO/master/MicrOandImportModules/BSPO_imports.owl
[INFO] 2018-10-22 16:53:58,663 INFO  (ParserWrapper:82) Finished loading ontology: https://raw.githubusercontent.com/carrineblank/MicrO/master/MicrOandImportModules/BSPO_imports.owl from: https://raw.githubusercontent.com/carrineblank/MicrO/master/MicrOandImportModules/BSPO_imports.owl
[INFO] 2018-10-22 16:53:58,664 INFO  (ParserWrapper:75) Start loading ontology: https://raw.githubusercontent.com/carrineblank/MicrO/master/MicrOandImportModules/CHMO_imports.owl from: https://raw.githubusercontent.com/carrineblank/MicrO/master/MicrOandImportModules/CHMO_imports.owl
[INFO] 2018-10-22 16:53:58,923 INFO  (ParserWrapper:82) Finished loading ontology: https://raw.githubusercontent.com/carrineblank/MicrO/master/MicrOandImportModules/CHMO_imports.owl from: https://raw.githubusercontent.com/carrineblank/MicrO/master/MicrOandImportModules/CHMO_imports.owl
[INFO] 2018-10-22 16:53:58,927 INFO  (ParserWrapper:75) Start loading ontology: https://raw.githubusercontent.com/carrineblank/MicrO/master/MicrOandImportModules/CL_imports.owl from: https://raw.githubusercontent.com/carrineblank/MicrO/master/MicrOandImportModules/CL_imports.owl
[INFO] 2018-10-22 16:53:59,306 INFO  (ParserWrapper:82) Finished loading ontology: https://raw.githubusercontent.com/carrineblank/MicrO/master/MicrOandImportModules/CL_imports.owl from: https://raw.githubusercontent.com/carrineblank/MicrO/master/MicrOandImportModules/CL_imports.owl
[INFO] 2018-10-22 16:53:59,309 INFO  (ParserWrapper:75) Start loading ontology: https://raw.githubusercontent.com/carrineblank/MicrO/master/MicrOandImportModules/ChEBI_imports.owl from: https://raw.githubusercontent.com/carrineblank/MicrO/master/MicrOandImportModules/ChEBI_imports.owl
[INFO] 2018-10-22 16:54:04,780 INFO  (ParserWrapper:82) Finished loading ontology: https://raw.githubusercontent.com/carrineblank/MicrO/master/MicrOandImportModules/ChEBI_imports.owl from: https://raw.githubusercontent.com/carrineblank/MicrO/master/MicrOandImportModules/ChEBI_imports.owl
[INFO] 2018-10-22 16:54:04,790 INFO  (ParserWrapper:75) Start loading ontology: https://raw.githubusercontent.com/carrineblank/MicrO/master/MicrOandImportModules/DRON_imports.owl from: https://raw.githubusercontent.com/carrineblank/MicrO/master/MicrOandImportModules/DRON_imports.owl
[INFO] 2018-10-22 16:54:04,990 INFO  (ParserWrapper:82) Finished loading ontology: https://raw.githubusercontent.com/carrineblank/MicrO/master/MicrOandImportModules/DRON_imports.owl from: https://raw.githubusercontent.com/carrineblank/MicrO/master/MicrOandImportModules/DRON_imports.owl
[INFO] 2018-10-22 16:54:05,006 INFO  (ParserWrapper:75) Start loading ontology: https://raw.githubusercontent.com/carrineblank/MicrO/master/MicrOandImportModules/ENVO_imports.owl from: https://raw.githubusercontent.com/carrineblank/MicrO/master/MicrOandImportModules/ENVO_imports.owl
[INFO] 2018-10-22 16:54:05,561 INFO  (ParserWrapper:82) Finished loading ontology: http://ontofox.hegroup.org/ENVO_imports.owl from: https://raw.githubusercontent.com/carrineblank/MicrO/master/MicrOandImportModules/ENVO_imports.owl
[INFO] 2018-10-22 16:54:05,569 INFO  (ParserWrapper:75) Start loading ontology: https://raw.githubusercontent.com/carrineblank/MicrO/master/MicrOandImportModules/FMA_imports.owl from: https://raw.githubusercontent.com/carrineblank/MicrO/master/MicrOandImportModules/FMA_imports.owl
[INFO] 2018-10-22 16:54:05,736 INFO  (ParserWrapper:82) Finished loading ontology: https://raw.githubusercontent.com/carrineblank/MicrO/master/MicrOandImportModules/FMA_imports.owl from: https://raw.githubusercontent.com/carrineblank/MicrO/master/MicrOandImportModules/FMA_imports.owl
[INFO] 2018-10-22 16:54:05,745 INFO  (ParserWrapper:75) Start loading ontology: https://raw.githubusercontent.com/carrineblank/MicrO/master/MicrOandImportModules/GO_imports.owl from: https://raw.githubusercontent.com/carrineblank/MicrO/master/MicrOandImportModules/GO_imports.owl
[INFO] 2018-10-22 16:54:06,077 INFO  (ParserWrapper:82) Finished loading ontology: https://raw.githubusercontent.com/carrineblank/MicrO/master/MicrOandImportModules/GO_imports.owl from: https://raw.githubusercontent.com/carrineblank/MicrO/master/MicrOandImportModules/GO_imports.owl
[INFO] 2018-10-22 16:54:06,086 INFO  (ParserWrapper:75) Start loading ontology: https://raw.githubusercontent.com/carrineblank/MicrO/master/MicrOandImportModules/IAO_imports.owl from: https://raw.githubusercontent.com/carrineblank/MicrO/master/MicrOandImportModules/IAO_imports.owl
[INFO] 2018-10-22 16:54:06,248 INFO  (ParserWrapper:82) Finished loading ontology: https://raw.githubusercontent.com/carrineblank/MicrO/master/MicrOandImportModules/IAO_imports.owl from: https://raw.githubusercontent.com/carrineblank/MicrO/master/MicrOandImportModules/IAO_imports.owl
[INFO] 2018-10-22 16:54:06,257 INFO  (ParserWrapper:75) Start loading ontology: https://raw.githubusercontent.com/carrineblank/MicrO/master/MicrOandImportModules/IDO_imports.owl from: https://raw.githubusercontent.com/carrineblank/MicrO/master/MicrOandImportModules/IDO_imports.owl
[INFO] 2018-10-22 16:54:06,422 INFO  (ParserWrapper:82) Finished loading ontology: https://raw.githubusercontent.com/carrineblank/MicrO/master/MicrOandImportModules/IDO_imports.owl from: https://raw.githubusercontent.com/carrineblank/MicrO/master/MicrOandImportModules/IDO_imports.owl
[INFO] 2018-10-22 16:54:06,430 INFO  (ParserWrapper:75) Start loading ontology: https://raw.githubusercontent.com/carrineblank/MicrO/master/MicrOandImportModules/NCBITax_imports.owl from: https://raw.githubusercontent.com/carrineblank/MicrO/master/MicrOandImportModules/NCBITax_imports.owl
[INFO] 2018-10-22 16:54:06,659 INFO  (ParserWrapper:82) Finished loading ontology: http://ontofox.hegroup.org/githubusercontent.com/carrineblank/MicrO/master/MicrOandImportModules/NCBITax_imports.owl from: https://raw.githubusercontent.com/carrineblank/MicrO/master/MicrOandImportModules/NCBITax_imports.owl
[INFO] 2018-10-22 16:54:06,667 INFO  (ParserWrapper:75) Start loading ontology: https://raw.githubusercontent.com/carrineblank/MicrO/master/MicrOandImportModules/NDF-RT_imports.owl from: https://raw.githubusercontent.com/carrineblank/MicrO/master/MicrOandImportModules/NDF-RT_imports.owl
[INFO] 2018-10-22 16:54:06,805 ERROR (OWLOntologyManagerImpl:1138) Illegal redeclarations of entities: reuse of entity http://evs.nci.nih.gov/ftp1/NDF-RT/NDF-RT.owl#Synonym in punning not allowed [Declaration(DataProperty(<http://evs.nci.nih.gov/ftp1/NDF-RT/NDF-RT.owl#Synonym>)), Declaration(AnnotationProperty(<http://evs.nci.nih.gov/ftp1/NDF-RT/NDF-RT.owl#Synonym>))]
[INFO] 2018-10-22 16:54:06,806 ERROR (OWLOntologyManagerImpl:1138) Illegal redeclarations of entities: reuse of entity http://evs.nci.nih.gov/ftp1/NDF-RT/NDF-RT.owl#RxNorm_Name in punning not allowed [Declaration(DataProperty(<http://evs.nci.nih.gov/ftp1/NDF-RT/NDF-RT.owl#RxNorm_Name>)), Declaration(AnnotationProperty(<http://evs.nci.nih.gov/ftp1/NDF-RT/NDF-RT.owl#RxNorm_Name>))]
[INFO] 2018-10-22 16:54:06,806 ERROR (OWLOntologyManagerImpl:1138) Illegal redeclarations of entities: reuse of entity http://evs.nci.nih.gov/ftp1/NDF-RT/NDF-RT.owl#Display_Name in punning not allowed [Declaration(AnnotationProperty(<http://evs.nci.nih.gov/ftp1/NDF-RT/NDF-RT.owl#Display_Name>)), Declaration(DataProperty(<http://evs.nci.nih.gov/ftp1/NDF-RT/NDF-RT.owl#Display_Name>))]
[INFO] 2018-10-22 16:54:06,806 ERROR (OWLOntologyManagerImpl:1138) Illegal redeclarations of entities: reuse of entity http://evs.nci.nih.gov/ftp1/NDF-RT/NDF-RT.owl#UMLS_CUI in punning not allowed [Declaration(DataProperty(<http://evs.nci.nih.gov/ftp1/NDF-RT/NDF-RT.owl#UMLS_CUI>)), Declaration(AnnotationProperty(<http://evs.nci.nih.gov/ftp1/NDF-RT/NDF-RT.owl#UMLS_CUI>))]
[INFO] 2018-10-22 16:54:06,807 ERROR (OWLOntologyManagerImpl:1138) Illegal redeclarations of entities: reuse of entity http://evs.nci.nih.gov/ftp1/NDF-RT/NDF-RT.owl#RxNorm_CUI in punning not allowed [Declaration(DataProperty(<http://evs.nci.nih.gov/ftp1/NDF-RT/NDF-RT.owl#RxNorm_CUI>)), Declaration(AnnotationProperty(<http://evs.nci.nih.gov/ftp1/NDF-RT/NDF-RT.owl#RxNorm_CUI>))]
[INFO] 2018-10-22 16:54:06,807 ERROR (OWLOntologyManagerImpl:1138) Illegal redeclarations of entities: reuse of entity http://evs.nci.nih.gov/ftp1/NDF-RT/NDF-RT.owl#MeSH_DUI in punning not allowed [Declaration(DataProperty(<http://evs.nci.nih.gov/ftp1/NDF-RT/NDF-RT.owl#MeSH_DUI>)), Declaration(AnnotationProperty(<http://evs.nci.nih.gov/ftp1/NDF-RT/NDF-RT.owl#MeSH_DUI>))]
[INFO] 2018-10-22 16:54:06,807 ERROR (OWLOntologyManagerImpl:1138) Illegal redeclarations of entities: reuse of entity http://evs.nci.nih.gov/ftp1/NDF-RT/NDF-RT.owl#NUI in punning not allowed [Declaration(AnnotationProperty(<http://evs.nci.nih.gov/ftp1/NDF-RT/NDF-RT.owl#NUI>)), Declaration(DataProperty(<http://evs.nci.nih.gov/ftp1/NDF-RT/NDF-RT.owl#NUI>))]
[INFO] 2018-10-22 16:54:06,807 ERROR (OWLOntologyManagerImpl:1138) Illegal redeclarations of entities: reuse of entity http://evs.nci.nih.gov/ftp1/NDF-RT/NDF-RT.owl#MeSH_Name in punning not allowed [Declaration(DataProperty(<http://evs.nci.nih.gov/ftp1/NDF-RT/NDF-RT.owl#MeSH_Name>)), Declaration(AnnotationProperty(<http://evs.nci.nih.gov/ftp1/NDF-RT/NDF-RT.owl#MeSH_Name>))]
[INFO] 2018-10-22 16:54:06,808 ERROR (OWLOntologyManagerImpl:1138) Illegal redeclarations of entities: reuse of entity http://evs.nci.nih.gov/ftp1/NDF-RT/NDF-RT.owl#MeSH_CUI in punning not allowed [Declaration(DataProperty(<http://evs.nci.nih.gov/ftp1/NDF-RT/NDF-RT.owl#MeSH_CUI>)), Declaration(AnnotationProperty(<http://evs.nci.nih.gov/ftp1/NDF-RT/NDF-RT.owl#MeSH_CUI>))]
[INFO] 2018-10-22 16:54:06,809 ERROR (OWLOntologyManagerImpl:1138) Illegal redeclarations of entities: reuse of entity http://evs.nci.nih.gov/ftp1/NDF-RT/NDF-RT.owl#MeSH_Definition in punning not allowed [Declaration(DataProperty(<http://evs.nci.nih.gov/ftp1/NDF-RT/NDF-RT.owl#MeSH_Definition>)), Declaration(AnnotationProperty(<http://evs.nci.nih.gov/ftp1/NDF-RT/NDF-RT.owl#MeSH_Definition>))]
[INFO] 2018-10-22 16:54:06,809 INFO  (ParserWrapper:82) Finished loading ontology: https://raw.githubusercontent.com/carrineblank/MicrO/master/MicrOandImportModules/NDF-RT_imports.owl from: https://raw.githubusercontent.com/carrineblank/MicrO/master/MicrOandImportModules/NDF-RT_imports.owl
[INFO] 2018-10-22 16:54:06,817 INFO  (ParserWrapper:75) Start loading ontology: https://raw.githubusercontent.com/carrineblank/MicrO/master/MicrOandImportModules/OBI_imports.owl from: https://raw.githubusercontent.com/carrineblank/MicrO/master/MicrOandImportModules/OBI_imports.owl
[INFO] 2018-10-22 16:54:06,972 ERROR (OWLOntologyManagerImpl:1138) Illegal redeclarations of entities: reuse of entity http://purl.obolibrary.org/obo/OBI_0000293 in punning not allowed [Declaration(AnnotationProperty(<http://purl.obolibrary.org/obo/OBI_0000293>)), Declaration(ObjectProperty(<http://purl.obolibrary.org/obo/OBI_0000293>))]
[INFO] 2018-10-22 16:54:06,972 ERROR (OWLOntologyManagerImpl:1138) Illegal redeclarations of entities: reuse of entity http://purl.obolibrary.org/obo/OBI_0000299 in punning not allowed [Declaration(ObjectProperty(<http://purl.obolibrary.org/obo/OBI_0000299>)), Declaration(AnnotationProperty(<http://purl.obolibrary.org/obo/OBI_0000299>))]
[INFO] 2018-10-22 16:54:06,974 INFO  (ParserWrapper:82) Finished loading ontology: https://raw.githubusercontent.com/carrineblank/MicrO/master/MicrOandImportModules/OBI_imports.owl from: https://raw.githubusercontent.com/carrineblank/MicrO/master/MicrOandImportModules/OBI_imports.owl
[INFO] 2018-10-22 16:54:06,987 INFO  (ParserWrapper:75) Start loading ontology: https://raw.githubusercontent.com/carrineblank/MicrO/master/MicrOandImportModules/PATO_imports.owl from: https://raw.githubusercontent.com/carrineblank/MicrO/master/MicrOandImportModules/PATO_imports.owl
[INFO] 2018-10-22 16:54:07,420 INFO  (ParserWrapper:82) Finished loading ontology: https://raw.githubusercontent.com/carrineblank/MicrO/master/MicrOandImportModules/PATO_imports.owl from: https://raw.githubusercontent.com/carrineblank/MicrO/master/MicrOandImportModules/PATO_imports.owl
[INFO] 2018-10-22 16:54:07,429 INFO  (ParserWrapper:75) Start loading ontology: https://raw.githubusercontent.com/carrineblank/MicrO/master/MicrOandImportModules/PO_imports.owl from: https://raw.githubusercontent.com/carrineblank/MicrO/master/MicrOandImportModules/PO_imports.owl
[INFO] 2018-10-22 16:54:07,587 INFO  (ParserWrapper:82) Finished loading ontology: https://raw.githubusercontent.com/carrineblank/MicrO/master/MicrOandImportModules/PO_imports.owl from: https://raw.githubusercontent.com/carrineblank/MicrO/master/MicrOandImportModules/PO_imports.owl
[INFO] 2018-10-22 16:54:07,595 INFO  (ParserWrapper:75) Start loading ontology: https://raw.githubusercontent.com/carrineblank/MicrO/master/MicrOandImportModules/PR_imports.owl from: https://raw.githubusercontent.com/carrineblank/MicrO/master/MicrOandImportModules/PR_imports.owl
[INFO] 2018-10-22 16:54:07,730 INFO  (ParserWrapper:82) Finished loading ontology: https://raw.githubusercontent.com/carrineblank/MicrO/master/MicrOandImportModules/PR_imports.owl from: https://raw.githubusercontent.com/carrineblank/MicrO/master/MicrOandImportModules/PR_imports.owl
[INFO] 2018-10-22 16:54:07,741 INFO  (ParserWrapper:75) Start loading ontology: https://raw.githubusercontent.com/carrineblank/MicrO/master/MicrOandImportModules/REO_imports.owl from: https://raw.githubusercontent.com/carrineblank/MicrO/master/MicrOandImportModules/REO_imports.owl
[INFO] 2018-10-22 16:54:07,887 INFO  (ParserWrapper:82) Finished loading ontology: https://raw.githubusercontent.com/carrineblank/MicrO/master/MicrOandImportModules/REO_imports.owl from: https://raw.githubusercontent.com/carrineblank/MicrO/master/MicrOandImportModules/REO_imports.owl
[INFO] 2018-10-22 16:54:07,895 INFO  (ParserWrapper:75) Start loading ontology: https://raw.githubusercontent.com/carrineblank/MicrO/master/MicrOandImportModules/RO_imports.owl from: https://raw.githubusercontent.com/carrineblank/MicrO/master/MicrOandImportModules/RO_imports.owl
[INFO] 2018-10-22 16:54:08,099 ERROR (OWLOntologyManagerImpl:1138) Illegal redeclarations of entities: reuse of entity http://purl.obolibrary.org/obo/BFO_0000054 in punning not allowed [Declaration(AnnotationProperty(<http://purl.obolibrary.org/obo/BFO_0000054>)), Declaration(ObjectProperty(<http://purl.obolibrary.org/obo/BFO_0000054>))]
[INFO] 2018-10-22 16:54:08,100 ERROR (OWLOntologyManagerImpl:1138) Illegal redeclarations of entities: reuse of entity http://purl.obolibrary.org/obo/RO_0002526 in punning not allowed [Declaration(ObjectProperty(<http://purl.obolibrary.org/obo/RO_0002526>)), Declaration(AnnotationProperty(<http://purl.obolibrary.org/obo/RO_0002526>))]
[INFO] 2018-10-22 16:54:08,100 ERROR (OWLOntologyManagerImpl:1138) Illegal redeclarations of entities: reuse of entity http://purl.obolibrary.org/obo/RO_0002303 in punning not allowed [Declaration(AnnotationProperty(<http://purl.obolibrary.org/obo/RO_0002303>)), Declaration(ObjectProperty(<http://purl.obolibrary.org/obo/RO_0002303>))]
[INFO] 2018-10-22 16:54:08,100 ERROR (OWLOntologyManagerImpl:1138) Illegal redeclarations of entities: reuse of entity http://purl.obolibrary.org/obo/BFO_0000055 in punning not allowed [Declaration(AnnotationProperty(<http://purl.obolibrary.org/obo/BFO_0000055>)), Declaration(ObjectProperty(<http://purl.obolibrary.org/obo/BFO_0000055>))]
[INFO] 2018-10-22 16:54:08,100 ERROR (OWLOntologyManagerImpl:1138) Illegal redeclarations of entities: reuse of entity http://purl.obolibrary.org/obo/RO_0002576 in punning not allowed [Declaration(AnnotationProperty(<http://purl.obolibrary.org/obo/RO_0002576>)), Declaration(ObjectProperty(<http://purl.obolibrary.org/obo/RO_0002576>))]
[INFO] 2018-10-22 16:54:08,101 ERROR (OWLOntologyManagerImpl:1138) Illegal redeclarations of entities: reuse of entity http://purl.obolibrary.org/obo/RO_0002220 in punning not allowed [Declaration(ObjectProperty(<http://purl.obolibrary.org/obo/RO_0002220>)), Declaration(AnnotationProperty(<http://purl.obolibrary.org/obo/RO_0002220>))]
[INFO] 2018-10-22 16:54:08,101 ERROR (OWLOntologyManagerImpl:1138) Illegal redeclarations of entities: reuse of entity http://purl.obolibrary.org/obo/RO_0002509 in punning not allowed [Declaration(ObjectProperty(<http://purl.obolibrary.org/obo/RO_0002509>)), Declaration(AnnotationProperty(<http://purl.obolibrary.org/obo/RO_0002509>))]
[INFO] 2018-10-22 16:54:08,102 INFO  (ParserWrapper:82) Finished loading ontology: https://raw.githubusercontent.com/carrineblank/MicrO/master/MicrOandImportModules/RO_imports.owl from: https://raw.githubusercontent.com/carrineblank/MicrO/master/MicrOandImportModules/RO_imports.owl
[INFO] 2018-10-22 16:54:08,109 INFO  (ParserWrapper:75) Start loading ontology: https://raw.githubusercontent.com/carrineblank/MicrO/master/MicrOandImportModules/Uberon_imports.owl from: https://raw.githubusercontent.com/carrineblank/MicrO/master/MicrOandImportModules/Uberon_imports.owl
[INFO] 2018-10-22 16:54:08,330 INFO  (ParserWrapper:82) Finished loading ontology: https://raw.githubusercontent.com/carrineblank/MicrO/master/MicrOandImportModules/Uberon_imports.owl from: https://raw.githubusercontent.com/carrineblank/MicrO/master/MicrOandImportModules/Uberon_imports.owl
[INFO] 2018-10-22 16:54:10,463 ERROR (OWLOntologyManagerImpl:1138) Illegal redeclarations of entities: reuse of entity http://purl.obolibrary.org/obo/BFO_0000054 in punning not allowed [Declaration(AnnotationProperty(<http://purl.obolibrary.org/obo/BFO_0000054>)), Declaration(ObjectProperty(<http://purl.obolibrary.org/obo/BFO_0000054>))]
[INFO] 2018-10-22 16:54:10,463 ERROR (OWLOntologyManagerImpl:1138) Illegal redeclarations of entities: reuse of entity http://purl.obolibrary.org/obo/RO_0002526 in punning not allowed [Declaration(ObjectProperty(<http://purl.obolibrary.org/obo/RO_0002526>)), Declaration(AnnotationProperty(<http://purl.obolibrary.org/obo/RO_0002526>))]
[INFO] 2018-10-22 16:54:10,463 ERROR (OWLOntologyManagerImpl:1138) Illegal redeclarations of entities: reuse of entity http://evs.nci.nih.gov/ftp1/NDF-RT/NDF-RT.owl#Display_Name in punning not allowed [Declaration(AnnotationProperty(<http://evs.nci.nih.gov/ftp1/NDF-RT/NDF-RT.owl#Display_Name>)), Declaration(DataProperty(<http://evs.nci.nih.gov/ftp1/NDF-RT/NDF-RT.owl#Display_Name>))]
[INFO] 2018-10-22 16:54:10,464 ERROR (OWLOntologyManagerImpl:1138) Illegal redeclarations of entities: reuse of entity http://evs.nci.nih.gov/ftp1/NDF-RT/NDF-RT.owl#UMLS_CUI in punning not allowed [Declaration(DataProperty(<http://evs.nci.nih.gov/ftp1/NDF-RT/NDF-RT.owl#UMLS_CUI>)), Declaration(AnnotationProperty(<http://evs.nci.nih.gov/ftp1/NDF-RT/NDF-RT.owl#UMLS_CUI>))]
[INFO] 2018-10-22 16:54:10,464 ERROR (OWLOntologyManagerImpl:1138) Illegal redeclarations of entities: reuse of entity http://purl.obolibrary.org/obo/RO_0002303 in punning not allowed [Declaration(AnnotationProperty(<http://purl.obolibrary.org/obo/RO_0002303>)), Declaration(ObjectProperty(<http://purl.obolibrary.org/obo/RO_0002303>))]
[INFO] 2018-10-22 16:54:10,464 ERROR (OWLOntologyManagerImpl:1138) Illegal redeclarations of entities: reuse of entity http://purl.obolibrary.org/obo/BFO_0000055 in punning not allowed [Declaration(AnnotationProperty(<http://purl.obolibrary.org/obo/BFO_0000055>)), Declaration(ObjectProperty(<http://purl.obolibrary.org/obo/BFO_0000055>))]
[INFO] 2018-10-22 16:54:10,464 ERROR (OWLOntologyManagerImpl:1138) Illegal redeclarations of entities: reuse of entity http://purl.obolibrary.org/obo/RO_0002576 in punning not allowed [Declaration(AnnotationProperty(<http://purl.obolibrary.org/obo/RO_0002576>)), Declaration(ObjectProperty(<http://purl.obolibrary.org/obo/RO_0002576>))]
[INFO] 2018-10-22 16:54:10,464 ERROR (OWLOntologyManagerImpl:1138) Illegal redeclarations of entities: reuse of entity http://evs.nci.nih.gov/ftp1/NDF-RT/NDF-RT.owl#MeSH_DUI in punning not allowed [Declaration(DataProperty(<http://evs.nci.nih.gov/ftp1/NDF-RT/NDF-RT.owl#MeSH_DUI>)), Declaration(AnnotationProperty(<http://evs.nci.nih.gov/ftp1/NDF-RT/NDF-RT.owl#MeSH_DUI>))]
[INFO] 2018-10-22 16:54:10,464 ERROR (OWLOntologyManagerImpl:1138) Illegal redeclarations of entities: reuse of entity http://evs.nci.nih.gov/ftp1/NDF-RT/NDF-RT.owl#NUI in punning not allowed [Declaration(AnnotationProperty(<http://evs.nci.nih.gov/ftp1/NDF-RT/NDF-RT.owl#NUI>)), Declaration(DataProperty(<http://evs.nci.nih.gov/ftp1/NDF-RT/NDF-RT.owl#NUI>))]
[INFO] 2018-10-22 16:54:10,465 ERROR (OWLOntologyManagerImpl:1138) Illegal redeclarations of entities: reuse of entity http://evs.nci.nih.gov/ftp1/NDF-RT/NDF-RT.owl#MeSH_CUI in punning not allowed [Declaration(DataProperty(<http://evs.nci.nih.gov/ftp1/NDF-RT/NDF-RT.owl#MeSH_CUI>)), Declaration(AnnotationProperty(<http://evs.nci.nih.gov/ftp1/NDF-RT/NDF-RT.owl#MeSH_CUI>))]
[INFO] 2018-10-22 16:54:10,465 ERROR (OWLOntologyManagerImpl:1138) Illegal redeclarations of entities: reuse of entity http://purl.obolibrary.org/obo/RO_0002509 in punning not allowed [Declaration(ObjectProperty(<http://purl.obolibrary.org/obo/RO_0002509>)), Declaration(AnnotationProperty(<http://purl.obolibrary.org/obo/RO_0002509>))]
[INFO] 2018-10-22 16:54:10,465 ERROR (OWLOntologyManagerImpl:1138) Illegal redeclarations of entities: reuse of entity http://evs.nci.nih.gov/ftp1/NDF-RT/NDF-RT.owl#Synonym in punning not allowed [Declaration(DataProperty(<http://evs.nci.nih.gov/ftp1/NDF-RT/NDF-RT.owl#Synonym>)), Declaration(AnnotationProperty(<http://evs.nci.nih.gov/ftp1/NDF-RT/NDF-RT.owl#Synonym>))]
[INFO] 2018-10-22 16:54:10,465 ERROR (OWLOntologyManagerImpl:1138) Illegal redeclarations of entities: reuse of entity http://evs.nci.nih.gov/ftp1/NDF-RT/NDF-RT.owl#RxNorm_Name in punning not allowed [Declaration(DataProperty(<http://evs.nci.nih.gov/ftp1/NDF-RT/NDF-RT.owl#RxNorm_Name>)), Declaration(AnnotationProperty(<http://evs.nci.nih.gov/ftp1/NDF-RT/NDF-RT.owl#RxNorm_Name>))]
[INFO] 2018-10-22 16:54:10,465 ERROR (OWLOntologyManagerImpl:1138) Illegal redeclarations of entities: reuse of entity http://purl.obolibrary.org/obo/OBI_0000293 in punning not allowed [Declaration(AnnotationProperty(<http://purl.obolibrary.org/obo/OBI_0000293>)), Declaration(ObjectProperty(<http://purl.obolibrary.org/obo/OBI_0000293>))]
[INFO] 2018-10-22 16:54:10,466 ERROR (OWLOntologyManagerImpl:1138) Illegal redeclarations of entities: reuse of entity http://evs.nci.nih.gov/ftp1/NDF-RT/NDF-RT.owl#RxNorm_CUI in punning not allowed [Declaration(DataProperty(<http://evs.nci.nih.gov/ftp1/NDF-RT/NDF-RT.owl#RxNorm_CUI>)), Declaration(AnnotationProperty(<http://evs.nci.nih.gov/ftp1/NDF-RT/NDF-RT.owl#RxNorm_CUI>))]
[INFO] 2018-10-22 16:54:10,466 ERROR (OWLOntologyManagerImpl:1138) Illegal redeclarations of entities: reuse of entity http://purl.obolibrary.org/obo/RO_0002220 in punning not allowed [Declaration(ObjectProperty(<http://purl.obolibrary.org/obo/RO_0002220>)), Declaration(AnnotationProperty(<http://purl.obolibrary.org/obo/RO_0002220>))]
[INFO] 2018-10-22 16:54:10,466 ERROR (OWLOntologyManagerImpl:1138) Illegal redeclarations of entities: reuse of entity http://evs.nci.nih.gov/ftp1/NDF-RT/NDF-RT.owl#MeSH_Name in punning not allowed [Declaration(DataProperty(<http://evs.nci.nih.gov/ftp1/NDF-RT/NDF-RT.owl#MeSH_Name>)), Declaration(AnnotationProperty(<http://evs.nci.nih.gov/ftp1/NDF-RT/NDF-RT.owl#MeSH_Name>))]
[INFO] 2018-10-22 16:54:10,466 ERROR (OWLOntologyManagerImpl:1138) Illegal redeclarations of entities: reuse of entity http://purl.obolibrary.org/obo/OBI_0000299 in punning not allowed [Declaration(ObjectProperty(<http://purl.obolibrary.org/obo/OBI_0000299>)), Declaration(AnnotationProperty(<http://purl.obolibrary.org/obo/OBI_0000299>))]
[INFO] 2018-10-22 16:54:10,466 ERROR (OWLOntologyManagerImpl:1138) Illegal redeclarations of entities: reuse of entity http://evs.nci.nih.gov/ftp1/NDF-RT/NDF-RT.owl#MeSH_Definition in punning not allowed [Declaration(DataProperty(<http://evs.nci.nih.gov/ftp1/NDF-RT/NDF-RT.owl#MeSH_Definition>)), Declaration(AnnotationProperty(<http://evs.nci.nih.gov/ftp1/NDF-RT/NDF-RT.owl#MeSH_Definition>))]
[INFO] 2018-10-22 16:54:10,508 INFO  (ParserWrapper:82) Finished loading ontology: http://purl.obolibrary.org/obo/MicrO.owl from: file:/mnt/efsdata/obo-ci-data/download/ontologies/micro/micro.owl
[INFO] 2018-10-22 16:54:10,522 INFO  (CommandRunner:3243) saving:http://purl.obolibrary.org/obo/MicrO.owl using RDF/XML Syntax
[INFO] ------------------------------------------------------------------------
[INFO] BUILD SUCCESS
[INFO] ------------------------------------------------------------------------
[INFO] Total time: 19.266s
[INFO] Finished at: Mon Oct 22 16:54:13 UTC 2018
[INFO] Final Memory: 6M/289M
[INFO] ------------------------------------------------------------------------
Mon Oct 22 16:54:14 UTC 2018

Download validation successful. Triple count = 211612
