Mon Oct 22 16:54:14 UTC 2018
Consolidating all ontology imports for: /mnt/efsdata/obo-ci-data/download/ontologies/micro/micro.owl
[INFO] Error stacktraces are turned on.
[INFO] Scanning for projects...
[INFO]                                                                         
[INFO] ------------------------------------------------------------------------
[INFO] Building kabob-ontology-flatten 1.0
[INFO] ------------------------------------------------------------------------
[INFO] 
[INFO] --- exec-maven-plugin:1.1:exec (default-cli) @ kabob-ontology-flatten ---
[INFO] 2018-10-22 16:54:18,096 INFO  (ParserWrapper:75) Start loading ontology: file:/mnt/efsdata/obo-ci-data/download/ontologies/micro/micro.owl from: file:/mnt/efsdata/obo-ci-data/download/ontologies/micro/micro.owl
[INFO] 2018-10-22 16:54:18,285 INFO  (ParserWrapper:75) Start loading ontology: https://raw.githubusercontent.com/carrineblank/MicrO/master/MicrOandImportModules/BFO_imports.owl from: https://raw.githubusercontent.com/carrineblank/MicrO/master/MicrOandImportModules/BFO_imports.owl
[INFO] 2018-10-22 16:54:18,935 INFO  (ParserWrapper:82) Finished loading ontology: https://raw.githubusercontent.com/carrineblank/MicrO/master/MicrOandImportModules/BFO_imports.owl from: https://raw.githubusercontent.com/carrineblank/MicrO/master/MicrOandImportModules/BFO_imports.owl
[INFO] 2018-10-22 16:54:18,937 INFO  (ParserWrapper:75) Start loading ontology: https://raw.githubusercontent.com/carrineblank/MicrO/master/MicrOandImportModules/BSPO_imports.owl from: https://raw.githubusercontent.com/carrineblank/MicrO/master/MicrOandImportModules/BSPO_imports.owl
[INFO] 2018-10-22 16:54:19,237 INFO  (ParserWrapper:82) Finished loading ontology: https://raw.githubusercontent.com/carrineblank/MicrO/master/MicrOandImportModules/BSPO_imports.owl from: https://raw.githubusercontent.com/carrineblank/MicrO/master/MicrOandImportModules/BSPO_imports.owl
[INFO] 2018-10-22 16:54:19,239 INFO  (ParserWrapper:75) Start loading ontology: https://raw.githubusercontent.com/carrineblank/MicrO/master/MicrOandImportModules/CHMO_imports.owl from: https://raw.githubusercontent.com/carrineblank/MicrO/master/MicrOandImportModules/CHMO_imports.owl
[INFO] 2018-10-22 16:54:19,370 INFO  (ParserWrapper:82) Finished loading ontology: https://raw.githubusercontent.com/carrineblank/MicrO/master/MicrOandImportModules/CHMO_imports.owl from: https://raw.githubusercontent.com/carrineblank/MicrO/master/MicrOandImportModules/CHMO_imports.owl
[INFO] 2018-10-22 16:54:19,372 INFO  (ParserWrapper:75) Start loading ontology: https://raw.githubusercontent.com/carrineblank/MicrO/master/MicrOandImportModules/CL_imports.owl from: https://raw.githubusercontent.com/carrineblank/MicrO/master/MicrOandImportModules/CL_imports.owl
[INFO] 2018-10-22 16:54:19,612 INFO  (ParserWrapper:82) Finished loading ontology: https://raw.githubusercontent.com/carrineblank/MicrO/master/MicrOandImportModules/CL_imports.owl from: https://raw.githubusercontent.com/carrineblank/MicrO/master/MicrOandImportModules/CL_imports.owl
[INFO] 2018-10-22 16:54:19,614 INFO  (ParserWrapper:75) Start loading ontology: https://raw.githubusercontent.com/carrineblank/MicrO/master/MicrOandImportModules/ChEBI_imports.owl from: https://raw.githubusercontent.com/carrineblank/MicrO/master/MicrOandImportModules/ChEBI_imports.owl
[INFO] 2018-10-22 16:54:24,863 INFO  (ParserWrapper:82) Finished loading ontology: https://raw.githubusercontent.com/carrineblank/MicrO/master/MicrOandImportModules/ChEBI_imports.owl from: https://raw.githubusercontent.com/carrineblank/MicrO/master/MicrOandImportModules/ChEBI_imports.owl
[INFO] 2018-10-22 16:54:24,869 INFO  (ParserWrapper:75) Start loading ontology: https://raw.githubusercontent.com/carrineblank/MicrO/master/MicrOandImportModules/DRON_imports.owl from: https://raw.githubusercontent.com/carrineblank/MicrO/master/MicrOandImportModules/DRON_imports.owl
[INFO] 2018-10-22 16:54:24,895 INFO  (ParserWrapper:82) Finished loading ontology: https://raw.githubusercontent.com/carrineblank/MicrO/master/MicrOandImportModules/DRON_imports.owl from: https://raw.githubusercontent.com/carrineblank/MicrO/master/MicrOandImportModules/DRON_imports.owl
[INFO] 2018-10-22 16:54:24,905 INFO  (ParserWrapper:75) Start loading ontology: https://raw.githubusercontent.com/carrineblank/MicrO/master/MicrOandImportModules/ENVO_imports.owl from: https://raw.githubusercontent.com/carrineblank/MicrO/master/MicrOandImportModules/ENVO_imports.owl
[INFO] 2018-10-22 16:54:25,271 INFO  (ParserWrapper:82) Finished loading ontology: http://ontofox.hegroup.org/ENVO_imports.owl from: https://raw.githubusercontent.com/carrineblank/MicrO/master/MicrOandImportModules/ENVO_imports.owl
[INFO] 2018-10-22 16:54:25,280 INFO  (ParserWrapper:75) Start loading ontology: https://raw.githubusercontent.com/carrineblank/MicrO/master/MicrOandImportModules/FMA_imports.owl from: https://raw.githubusercontent.com/carrineblank/MicrO/master/MicrOandImportModules/FMA_imports.owl
[INFO] 2018-10-22 16:54:25,300 INFO  (ParserWrapper:82) Finished loading ontology: https://raw.githubusercontent.com/carrineblank/MicrO/master/MicrOandImportModules/FMA_imports.owl from: https://raw.githubusercontent.com/carrineblank/MicrO/master/MicrOandImportModules/FMA_imports.owl
[INFO] 2018-10-22 16:54:25,311 INFO  (ParserWrapper:75) Start loading ontology: https://raw.githubusercontent.com/carrineblank/MicrO/master/MicrOandImportModules/GO_imports.owl from: https://raw.githubusercontent.com/carrineblank/MicrO/master/MicrOandImportModules/GO_imports.owl
[INFO] 2018-10-22 16:54:25,492 INFO  (ParserWrapper:82) Finished loading ontology: https://raw.githubusercontent.com/carrineblank/MicrO/master/MicrOandImportModules/GO_imports.owl from: https://raw.githubusercontent.com/carrineblank/MicrO/master/MicrOandImportModules/GO_imports.owl
[INFO] 2018-10-22 16:54:25,502 INFO  (ParserWrapper:75) Start loading ontology: https://raw.githubusercontent.com/carrineblank/MicrO/master/MicrOandImportModules/IAO_imports.owl from: https://raw.githubusercontent.com/carrineblank/MicrO/master/MicrOandImportModules/IAO_imports.owl
[INFO] 2018-10-22 16:54:25,531 INFO  (ParserWrapper:82) Finished loading ontology: https://raw.githubusercontent.com/carrineblank/MicrO/master/MicrOandImportModules/IAO_imports.owl from: https://raw.githubusercontent.com/carrineblank/MicrO/master/MicrOandImportModules/IAO_imports.owl
[INFO] 2018-10-22 16:54:25,542 INFO  (ParserWrapper:75) Start loading ontology: https://raw.githubusercontent.com/carrineblank/MicrO/master/MicrOandImportModules/IDO_imports.owl from: https://raw.githubusercontent.com/carrineblank/MicrO/master/MicrOandImportModules/IDO_imports.owl
[INFO] 2018-10-22 16:54:25,581 INFO  (ParserWrapper:82) Finished loading ontology: https://raw.githubusercontent.com/carrineblank/MicrO/master/MicrOandImportModules/IDO_imports.owl from: https://raw.githubusercontent.com/carrineblank/MicrO/master/MicrOandImportModules/IDO_imports.owl
[INFO] 2018-10-22 16:54:25,591 INFO  (ParserWrapper:75) Start loading ontology: https://raw.githubusercontent.com/carrineblank/MicrO/master/MicrOandImportModules/NCBITax_imports.owl from: https://raw.githubusercontent.com/carrineblank/MicrO/master/MicrOandImportModules/NCBITax_imports.owl
[INFO] 2018-10-22 16:54:25,704 INFO  (ParserWrapper:82) Finished loading ontology: http://ontofox.hegroup.org/githubusercontent.com/carrineblank/MicrO/master/MicrOandImportModules/NCBITax_imports.owl from: https://raw.githubusercontent.com/carrineblank/MicrO/master/MicrOandImportModules/NCBITax_imports.owl
[INFO] 2018-10-22 16:54:25,712 INFO  (ParserWrapper:75) Start loading ontology: https://raw.githubusercontent.com/carrineblank/MicrO/master/MicrOandImportModules/NDF-RT_imports.owl from: https://raw.githubusercontent.com/carrineblank/MicrO/master/MicrOandImportModules/NDF-RT_imports.owl
[INFO] 2018-10-22 16:54:25,745 ERROR (OWLOntologyManagerImpl:1138) Illegal redeclarations of entities: reuse of entity http://evs.nci.nih.gov/ftp1/NDF-RT/NDF-RT.owl#Synonym in punning not allowed [Declaration(DataProperty(<http://evs.nci.nih.gov/ftp1/NDF-RT/NDF-RT.owl#Synonym>)), Declaration(AnnotationProperty(<http://evs.nci.nih.gov/ftp1/NDF-RT/NDF-RT.owl#Synonym>))]
[INFO] 2018-10-22 16:54:25,746 ERROR (OWLOntologyManagerImpl:1138) Illegal redeclarations of entities: reuse of entity http://evs.nci.nih.gov/ftp1/NDF-RT/NDF-RT.owl#RxNorm_Name in punning not allowed [Declaration(DataProperty(<http://evs.nci.nih.gov/ftp1/NDF-RT/NDF-RT.owl#RxNorm_Name>)), Declaration(AnnotationProperty(<http://evs.nci.nih.gov/ftp1/NDF-RT/NDF-RT.owl#RxNorm_Name>))]
[INFO] 2018-10-22 16:54:25,746 ERROR (OWLOntologyManagerImpl:1138) Illegal redeclarations of entities: reuse of entity http://evs.nci.nih.gov/ftp1/NDF-RT/NDF-RT.owl#Display_Name in punning not allowed [Declaration(AnnotationProperty(<http://evs.nci.nih.gov/ftp1/NDF-RT/NDF-RT.owl#Display_Name>)), Declaration(DataProperty(<http://evs.nci.nih.gov/ftp1/NDF-RT/NDF-RT.owl#Display_Name>))]
[INFO] 2018-10-22 16:54:25,746 ERROR (OWLOntologyManagerImpl:1138) Illegal redeclarations of entities: reuse of entity http://evs.nci.nih.gov/ftp1/NDF-RT/NDF-RT.owl#UMLS_CUI in punning not allowed [Declaration(DataProperty(<http://evs.nci.nih.gov/ftp1/NDF-RT/NDF-RT.owl#UMLS_CUI>)), Declaration(AnnotationProperty(<http://evs.nci.nih.gov/ftp1/NDF-RT/NDF-RT.owl#UMLS_CUI>))]
[INFO] 2018-10-22 16:54:25,747 ERROR (OWLOntologyManagerImpl:1138) Illegal redeclarations of entities: reuse of entity http://evs.nci.nih.gov/ftp1/NDF-RT/NDF-RT.owl#RxNorm_CUI in punning not allowed [Declaration(DataProperty(<http://evs.nci.nih.gov/ftp1/NDF-RT/NDF-RT.owl#RxNorm_CUI>)), Declaration(AnnotationProperty(<http://evs.nci.nih.gov/ftp1/NDF-RT/NDF-RT.owl#RxNorm_CUI>))]
[INFO] 2018-10-22 16:54:25,747 ERROR (OWLOntologyManagerImpl:1138) Illegal redeclarations of entities: reuse of entity http://evs.nci.nih.gov/ftp1/NDF-RT/NDF-RT.owl#MeSH_DUI in punning not allowed [Declaration(DataProperty(<http://evs.nci.nih.gov/ftp1/NDF-RT/NDF-RT.owl#MeSH_DUI>)), Declaration(AnnotationProperty(<http://evs.nci.nih.gov/ftp1/NDF-RT/NDF-RT.owl#MeSH_DUI>))]
[INFO] 2018-10-22 16:54:25,747 ERROR (OWLOntologyManagerImpl:1138) Illegal redeclarations of entities: reuse of entity http://evs.nci.nih.gov/ftp1/NDF-RT/NDF-RT.owl#NUI in punning not allowed [Declaration(AnnotationProperty(<http://evs.nci.nih.gov/ftp1/NDF-RT/NDF-RT.owl#NUI>)), Declaration(DataProperty(<http://evs.nci.nih.gov/ftp1/NDF-RT/NDF-RT.owl#NUI>))]
[INFO] 2018-10-22 16:54:25,747 ERROR (OWLOntologyManagerImpl:1138) Illegal redeclarations of entities: reuse of entity http://evs.nci.nih.gov/ftp1/NDF-RT/NDF-RT.owl#MeSH_Name in punning not allowed [Declaration(DataProperty(<http://evs.nci.nih.gov/ftp1/NDF-RT/NDF-RT.owl#MeSH_Name>)), Declaration(AnnotationProperty(<http://evs.nci.nih.gov/ftp1/NDF-RT/NDF-RT.owl#MeSH_Name>))]
[INFO] 2018-10-22 16:54:25,748 ERROR (OWLOntologyManagerImpl:1138) Illegal redeclarations of entities: reuse of entity http://evs.nci.nih.gov/ftp1/NDF-RT/NDF-RT.owl#MeSH_CUI in punning not allowed [Declaration(DataProperty(<http://evs.nci.nih.gov/ftp1/NDF-RT/NDF-RT.owl#MeSH_CUI>)), Declaration(AnnotationProperty(<http://evs.nci.nih.gov/ftp1/NDF-RT/NDF-RT.owl#MeSH_CUI>))]
[INFO] 2018-10-22 16:54:25,748 ERROR (OWLOntologyManagerImpl:1138) Illegal redeclarations of entities: reuse of entity http://evs.nci.nih.gov/ftp1/NDF-RT/NDF-RT.owl#MeSH_Definition in punning not allowed [Declaration(DataProperty(<http://evs.nci.nih.gov/ftp1/NDF-RT/NDF-RT.owl#MeSH_Definition>)), Declaration(AnnotationProperty(<http://evs.nci.nih.gov/ftp1/NDF-RT/NDF-RT.owl#MeSH_Definition>))]
[INFO] 2018-10-22 16:54:25,749 INFO  (ParserWrapper:82) Finished loading ontology: https://raw.githubusercontent.com/carrineblank/MicrO/master/MicrOandImportModules/NDF-RT_imports.owl from: https://raw.githubusercontent.com/carrineblank/MicrO/master/MicrOandImportModules/NDF-RT_imports.owl
[INFO] 2018-10-22 16:54:25,771 INFO  (ParserWrapper:75) Start loading ontology: https://raw.githubusercontent.com/carrineblank/MicrO/master/MicrOandImportModules/OBI_imports.owl from: https://raw.githubusercontent.com/carrineblank/MicrO/master/MicrOandImportModules/OBI_imports.owl
[INFO] 2018-10-22 16:54:25,810 ERROR (OWLOntologyManagerImpl:1138) Illegal redeclarations of entities: reuse of entity http://purl.obolibrary.org/obo/OBI_0000293 in punning not allowed [Declaration(AnnotationProperty(<http://purl.obolibrary.org/obo/OBI_0000293>)), Declaration(ObjectProperty(<http://purl.obolibrary.org/obo/OBI_0000293>))]
[INFO] 2018-10-22 16:54:25,810 ERROR (OWLOntologyManagerImpl:1138) Illegal redeclarations of entities: reuse of entity http://purl.obolibrary.org/obo/OBI_0000299 in punning not allowed [Declaration(ObjectProperty(<http://purl.obolibrary.org/obo/OBI_0000299>)), Declaration(AnnotationProperty(<http://purl.obolibrary.org/obo/OBI_0000299>))]
[INFO] 2018-10-22 16:54:25,811 INFO  (ParserWrapper:82) Finished loading ontology: https://raw.githubusercontent.com/carrineblank/MicrO/master/MicrOandImportModules/OBI_imports.owl from: https://raw.githubusercontent.com/carrineblank/MicrO/master/MicrOandImportModules/OBI_imports.owl
[INFO] 2018-10-22 16:54:25,825 INFO  (ParserWrapper:75) Start loading ontology: https://raw.githubusercontent.com/carrineblank/MicrO/master/MicrOandImportModules/PATO_imports.owl from: https://raw.githubusercontent.com/carrineblank/MicrO/master/MicrOandImportModules/PATO_imports.owl
[INFO] 2018-10-22 16:54:26,163 INFO  (ParserWrapper:82) Finished loading ontology: https://raw.githubusercontent.com/carrineblank/MicrO/master/MicrOandImportModules/PATO_imports.owl from: https://raw.githubusercontent.com/carrineblank/MicrO/master/MicrOandImportModules/PATO_imports.owl
[INFO] 2018-10-22 16:54:26,188 INFO  (ParserWrapper:75) Start loading ontology: https://raw.githubusercontent.com/carrineblank/MicrO/master/MicrOandImportModules/PO_imports.owl from: https://raw.githubusercontent.com/carrineblank/MicrO/master/MicrOandImportModules/PO_imports.owl
[INFO] 2018-10-22 16:54:26,223 INFO  (ParserWrapper:82) Finished loading ontology: https://raw.githubusercontent.com/carrineblank/MicrO/master/MicrOandImportModules/PO_imports.owl from: https://raw.githubusercontent.com/carrineblank/MicrO/master/MicrOandImportModules/PO_imports.owl
[INFO] 2018-10-22 16:54:26,233 INFO  (ParserWrapper:75) Start loading ontology: https://raw.githubusercontent.com/carrineblank/MicrO/master/MicrOandImportModules/PR_imports.owl from: https://raw.githubusercontent.com/carrineblank/MicrO/master/MicrOandImportModules/PR_imports.owl
[INFO] 2018-10-22 16:54:26,254 INFO  (ParserWrapper:82) Finished loading ontology: https://raw.githubusercontent.com/carrineblank/MicrO/master/MicrOandImportModules/PR_imports.owl from: https://raw.githubusercontent.com/carrineblank/MicrO/master/MicrOandImportModules/PR_imports.owl
[INFO] 2018-10-22 16:54:26,266 INFO  (ParserWrapper:75) Start loading ontology: https://raw.githubusercontent.com/carrineblank/MicrO/master/MicrOandImportModules/REO_imports.owl from: https://raw.githubusercontent.com/carrineblank/MicrO/master/MicrOandImportModules/REO_imports.owl
[INFO] 2018-10-22 16:54:26,281 INFO  (ParserWrapper:82) Finished loading ontology: https://raw.githubusercontent.com/carrineblank/MicrO/master/MicrOandImportModules/REO_imports.owl from: https://raw.githubusercontent.com/carrineblank/MicrO/master/MicrOandImportModules/REO_imports.owl
[INFO] 2018-10-22 16:54:26,290 INFO  (ParserWrapper:75) Start loading ontology: https://raw.githubusercontent.com/carrineblank/MicrO/master/MicrOandImportModules/RO_imports.owl from: https://raw.githubusercontent.com/carrineblank/MicrO/master/MicrOandImportModules/RO_imports.owl
[INFO] 2018-10-22 16:54:26,353 ERROR (OWLOntologyManagerImpl:1138) Illegal redeclarations of entities: reuse of entity http://purl.obolibrary.org/obo/BFO_0000054 in punning not allowed [Declaration(AnnotationProperty(<http://purl.obolibrary.org/obo/BFO_0000054>)), Declaration(ObjectProperty(<http://purl.obolibrary.org/obo/BFO_0000054>))]
[INFO] 2018-10-22 16:54:26,355 ERROR (OWLOntologyManagerImpl:1138) Illegal redeclarations of entities: reuse of entity http://purl.obolibrary.org/obo/RO_0002526 in punning not allowed [Declaration(ObjectProperty(<http://purl.obolibrary.org/obo/RO_0002526>)), Declaration(AnnotationProperty(<http://purl.obolibrary.org/obo/RO_0002526>))]
[INFO] 2018-10-22 16:54:26,356 ERROR (OWLOntologyManagerImpl:1138) Illegal redeclarations of entities: reuse of entity http://purl.obolibrary.org/obo/RO_0002303 in punning not allowed [Declaration(AnnotationProperty(<http://purl.obolibrary.org/obo/RO_0002303>)), Declaration(ObjectProperty(<http://purl.obolibrary.org/obo/RO_0002303>))]
[INFO] 2018-10-22 16:54:26,356 ERROR (OWLOntologyManagerImpl:1138) Illegal redeclarations of entities: reuse of entity http://purl.obolibrary.org/obo/BFO_0000055 in punning not allowed [Declaration(AnnotationProperty(<http://purl.obolibrary.org/obo/BFO_0000055>)), Declaration(ObjectProperty(<http://purl.obolibrary.org/obo/BFO_0000055>))]
[INFO] 2018-10-22 16:54:26,356 ERROR (OWLOntologyManagerImpl:1138) Illegal redeclarations of entities: reuse of entity http://purl.obolibrary.org/obo/RO_0002576 in punning not allowed [Declaration(AnnotationProperty(<http://purl.obolibrary.org/obo/RO_0002576>)), Declaration(ObjectProperty(<http://purl.obolibrary.org/obo/RO_0002576>))]
[INFO] 2018-10-22 16:54:26,356 ERROR (OWLOntologyManagerImpl:1138) Illegal redeclarations of entities: reuse of entity http://purl.obolibrary.org/obo/RO_0002220 in punning not allowed [Declaration(ObjectProperty(<http://purl.obolibrary.org/obo/RO_0002220>)), Declaration(AnnotationProperty(<http://purl.obolibrary.org/obo/RO_0002220>))]
[INFO] 2018-10-22 16:54:26,357 ERROR (OWLOntologyManagerImpl:1138) Illegal redeclarations of entities: reuse of entity http://purl.obolibrary.org/obo/RO_0002509 in punning not allowed [Declaration(ObjectProperty(<http://purl.obolibrary.org/obo/RO_0002509>)), Declaration(AnnotationProperty(<http://purl.obolibrary.org/obo/RO_0002509>))]
[INFO] 2018-10-22 16:54:26,358 INFO  (ParserWrapper:82) Finished loading ontology: https://raw.githubusercontent.com/carrineblank/MicrO/master/MicrOandImportModules/RO_imports.owl from: https://raw.githubusercontent.com/carrineblank/MicrO/master/MicrOandImportModules/RO_imports.owl
[INFO] 2018-10-22 16:54:26,369 INFO  (ParserWrapper:75) Start loading ontology: https://raw.githubusercontent.com/carrineblank/MicrO/master/MicrOandImportModules/Uberon_imports.owl from: https://raw.githubusercontent.com/carrineblank/MicrO/master/MicrOandImportModules/Uberon_imports.owl
[INFO] 2018-10-22 16:54:26,455 INFO  (ParserWrapper:82) Finished loading ontology: https://raw.githubusercontent.com/carrineblank/MicrO/master/MicrOandImportModules/Uberon_imports.owl from: https://raw.githubusercontent.com/carrineblank/MicrO/master/MicrOandImportModules/Uberon_imports.owl
[INFO] 2018-10-22 16:54:29,041 ERROR (OWLOntologyManagerImpl:1138) Illegal redeclarations of entities: reuse of entity http://purl.obolibrary.org/obo/BFO_0000054 in punning not allowed [Declaration(AnnotationProperty(<http://purl.obolibrary.org/obo/BFO_0000054>)), Declaration(ObjectProperty(<http://purl.obolibrary.org/obo/BFO_0000054>))]
[INFO] 2018-10-22 16:54:29,041 ERROR (OWLOntologyManagerImpl:1138) Illegal redeclarations of entities: reuse of entity http://purl.obolibrary.org/obo/RO_0002526 in punning not allowed [Declaration(ObjectProperty(<http://purl.obolibrary.org/obo/RO_0002526>)), Declaration(AnnotationProperty(<http://purl.obolibrary.org/obo/RO_0002526>))]
[INFO] 2018-10-22 16:54:29,042 ERROR (OWLOntologyManagerImpl:1138) Illegal redeclarations of entities: reuse of entity http://evs.nci.nih.gov/ftp1/NDF-RT/NDF-RT.owl#Display_Name in punning not allowed [Declaration(AnnotationProperty(<http://evs.nci.nih.gov/ftp1/NDF-RT/NDF-RT.owl#Display_Name>)), Declaration(DataProperty(<http://evs.nci.nih.gov/ftp1/NDF-RT/NDF-RT.owl#Display_Name>))]
[INFO] 2018-10-22 16:54:29,042 ERROR (OWLOntologyManagerImpl:1138) Illegal redeclarations of entities: reuse of entity http://evs.nci.nih.gov/ftp1/NDF-RT/NDF-RT.owl#UMLS_CUI in punning not allowed [Declaration(DataProperty(<http://evs.nci.nih.gov/ftp1/NDF-RT/NDF-RT.owl#UMLS_CUI>)), Declaration(AnnotationProperty(<http://evs.nci.nih.gov/ftp1/NDF-RT/NDF-RT.owl#UMLS_CUI>))]
[INFO] 2018-10-22 16:54:29,042 ERROR (OWLOntologyManagerImpl:1138) Illegal redeclarations of entities: reuse of entity http://purl.obolibrary.org/obo/RO_0002303 in punning not allowed [Declaration(AnnotationProperty(<http://purl.obolibrary.org/obo/RO_0002303>)), Declaration(ObjectProperty(<http://purl.obolibrary.org/obo/RO_0002303>))]
[INFO] 2018-10-22 16:54:29,042 ERROR (OWLOntologyManagerImpl:1138) Illegal redeclarations of entities: reuse of entity http://purl.obolibrary.org/obo/BFO_0000055 in punning not allowed [Declaration(AnnotationProperty(<http://purl.obolibrary.org/obo/BFO_0000055>)), Declaration(ObjectProperty(<http://purl.obolibrary.org/obo/BFO_0000055>))]
[INFO] 2018-10-22 16:54:29,042 ERROR (OWLOntologyManagerImpl:1138) Illegal redeclarations of entities: reuse of entity http://purl.obolibrary.org/obo/RO_0002576 in punning not allowed [Declaration(AnnotationProperty(<http://purl.obolibrary.org/obo/RO_0002576>)), Declaration(ObjectProperty(<http://purl.obolibrary.org/obo/RO_0002576>))]
[INFO] 2018-10-22 16:54:29,044 ERROR (OWLOntologyManagerImpl:1138) Illegal redeclarations of entities: reuse of entity http://evs.nci.nih.gov/ftp1/NDF-RT/NDF-RT.owl#MeSH_DUI in punning not allowed [Declaration(DataProperty(<http://evs.nci.nih.gov/ftp1/NDF-RT/NDF-RT.owl#MeSH_DUI>)), Declaration(AnnotationProperty(<http://evs.nci.nih.gov/ftp1/NDF-RT/NDF-RT.owl#MeSH_DUI>))]
[INFO] 2018-10-22 16:54:29,044 ERROR (OWLOntologyManagerImpl:1138) Illegal redeclarations of entities: reuse of entity http://evs.nci.nih.gov/ftp1/NDF-RT/NDF-RT.owl#NUI in punning not allowed [Declaration(AnnotationProperty(<http://evs.nci.nih.gov/ftp1/NDF-RT/NDF-RT.owl#NUI>)), Declaration(DataProperty(<http://evs.nci.nih.gov/ftp1/NDF-RT/NDF-RT.owl#NUI>))]
[INFO] 2018-10-22 16:54:29,044 ERROR (OWLOntologyManagerImpl:1138) Illegal redeclarations of entities: reuse of entity http://evs.nci.nih.gov/ftp1/NDF-RT/NDF-RT.owl#MeSH_CUI in punning not allowed [Declaration(DataProperty(<http://evs.nci.nih.gov/ftp1/NDF-RT/NDF-RT.owl#MeSH_CUI>)), Declaration(AnnotationProperty(<http://evs.nci.nih.gov/ftp1/NDF-RT/NDF-RT.owl#MeSH_CUI>))]
[INFO] 2018-10-22 16:54:29,044 ERROR (OWLOntologyManagerImpl:1138) Illegal redeclarations of entities: reuse of entity http://purl.obolibrary.org/obo/RO_0002509 in punning not allowed [Declaration(ObjectProperty(<http://purl.obolibrary.org/obo/RO_0002509>)), Declaration(AnnotationProperty(<http://purl.obolibrary.org/obo/RO_0002509>))]
[INFO] 2018-10-22 16:54:29,044 ERROR (OWLOntologyManagerImpl:1138) Illegal redeclarations of entities: reuse of entity http://evs.nci.nih.gov/ftp1/NDF-RT/NDF-RT.owl#Synonym in punning not allowed [Declaration(DataProperty(<http://evs.nci.nih.gov/ftp1/NDF-RT/NDF-RT.owl#Synonym>)), Declaration(AnnotationProperty(<http://evs.nci.nih.gov/ftp1/NDF-RT/NDF-RT.owl#Synonym>))]
[INFO] 2018-10-22 16:54:29,045 ERROR (OWLOntologyManagerImpl:1138) Illegal redeclarations of entities: reuse of entity http://evs.nci.nih.gov/ftp1/NDF-RT/NDF-RT.owl#RxNorm_Name in punning not allowed [Declaration(DataProperty(<http://evs.nci.nih.gov/ftp1/NDF-RT/NDF-RT.owl#RxNorm_Name>)), Declaration(AnnotationProperty(<http://evs.nci.nih.gov/ftp1/NDF-RT/NDF-RT.owl#RxNorm_Name>))]
[INFO] 2018-10-22 16:54:29,045 ERROR (OWLOntologyManagerImpl:1138) Illegal redeclarations of entities: reuse of entity http://purl.obolibrary.org/obo/OBI_0000293 in punning not allowed [Declaration(AnnotationProperty(<http://purl.obolibrary.org/obo/OBI_0000293>)), Declaration(ObjectProperty(<http://purl.obolibrary.org/obo/OBI_0000293>))]
[INFO] 2018-10-22 16:54:29,045 ERROR (OWLOntologyManagerImpl:1138) Illegal redeclarations of entities: reuse of entity http://evs.nci.nih.gov/ftp1/NDF-RT/NDF-RT.owl#RxNorm_CUI in punning not allowed [Declaration(DataProperty(<http://evs.nci.nih.gov/ftp1/NDF-RT/NDF-RT.owl#RxNorm_CUI>)), Declaration(AnnotationProperty(<http://evs.nci.nih.gov/ftp1/NDF-RT/NDF-RT.owl#RxNorm_CUI>))]
[INFO] 2018-10-22 16:54:29,045 ERROR (OWLOntologyManagerImpl:1138) Illegal redeclarations of entities: reuse of entity http://purl.obolibrary.org/obo/RO_0002220 in punning not allowed [Declaration(ObjectProperty(<http://purl.obolibrary.org/obo/RO_0002220>)), Declaration(AnnotationProperty(<http://purl.obolibrary.org/obo/RO_0002220>))]
[INFO] 2018-10-22 16:54:29,045 ERROR (OWLOntologyManagerImpl:1138) Illegal redeclarations of entities: reuse of entity http://evs.nci.nih.gov/ftp1/NDF-RT/NDF-RT.owl#MeSH_Name in punning not allowed [Declaration(DataProperty(<http://evs.nci.nih.gov/ftp1/NDF-RT/NDF-RT.owl#MeSH_Name>)), Declaration(AnnotationProperty(<http://evs.nci.nih.gov/ftp1/NDF-RT/NDF-RT.owl#MeSH_Name>))]
[INFO] 2018-10-22 16:54:29,046 ERROR (OWLOntologyManagerImpl:1138) Illegal redeclarations of entities: reuse of entity http://purl.obolibrary.org/obo/OBI_0000299 in punning not allowed [Declaration(ObjectProperty(<http://purl.obolibrary.org/obo/OBI_0000299>)), Declaration(AnnotationProperty(<http://purl.obolibrary.org/obo/OBI_0000299>))]
[INFO] 2018-10-22 16:54:29,046 ERROR (OWLOntologyManagerImpl:1138) Illegal redeclarations of entities: reuse of entity http://evs.nci.nih.gov/ftp1/NDF-RT/NDF-RT.owl#MeSH_Definition in punning not allowed [Declaration(DataProperty(<http://evs.nci.nih.gov/ftp1/NDF-RT/NDF-RT.owl#MeSH_Definition>)), Declaration(AnnotationProperty(<http://evs.nci.nih.gov/ftp1/NDF-RT/NDF-RT.owl#MeSH_Definition>))]
[INFO] 2018-10-22 16:54:29,104 INFO  (ParserWrapper:82) Finished loading ontology: http://purl.obolibrary.org/obo/MicrO.owl from: file:/mnt/efsdata/obo-ci-data/download/ontologies/micro/micro.owl
[INFO] 2018-10-22 16:54:29,117 INFO  (OWLGraphWrapperBasic:280) Includes Ontology(OntologyID(OntologyIRI(<https://raw.githubusercontent.com/carrineblank/MicrO/master/MicrOandImportModules/IDO_imports.owl>) VersionIRI(<null>))) [Axioms: 810 Logical Axioms: 73]
[INFO] 2018-10-22 16:54:29,133 INFO  (OWLGraphWrapperBasic:280) Includes Ontology(OntologyID(OntologyIRI(<https://raw.githubusercontent.com/carrineblank/MicrO/master/MicrOandImportModules/RO_imports.owl>) VersionIRI(<null>))) [Axioms: 1121 Logical Axioms: 172]
[INFO] 2018-10-22 16:54:29,156 INFO  (OWLGraphWrapperBasic:280) Includes Ontology(OntologyID(OntologyIRI(<https://raw.githubusercontent.com/carrineblank/MicrO/master/MicrOandImportModules/IAO_imports.owl>) VersionIRI(<null>))) [Axioms: 11 Logical Axioms: 3]
[INFO] 2018-10-22 16:54:29,160 INFO  (OWLGraphWrapperBasic:280) Includes Ontology(OntologyID(OntologyIRI(<https://raw.githubusercontent.com/carrineblank/MicrO/master/MicrOandImportModules/ChEBI_imports.owl>) VersionIRI(<null>))) [Axioms: 179018 Logical Axioms: 17212]
[INFO] 2018-10-22 16:54:30,447 INFO  (OWLGraphWrapperBasic:280) Includes Ontology(OntologyID(OntologyIRI(<https://raw.githubusercontent.com/carrineblank/MicrO/master/MicrOandImportModules/CL_imports.owl>) VersionIRI(<null>))) [Axioms: 3022 Logical Axioms: 346]
[INFO] 2018-10-22 16:54:30,460 INFO  (OWLGraphWrapperBasic:280) Includes Ontology(OntologyID(OntologyIRI(<https://raw.githubusercontent.com/carrineblank/MicrO/master/MicrOandImportModules/DRON_imports.owl>) VersionIRI(<null>))) [Axioms: 93 Logical Axioms: 1]
[INFO] 2018-10-22 16:54:30,466 INFO  (OWLGraphWrapperBasic:280) Includes Ontology(OntologyID(OntologyIRI(<https://raw.githubusercontent.com/carrineblank/MicrO/master/MicrOandImportModules/BSPO_imports.owl>) VersionIRI(<null>))) [Axioms: 945 Logical Axioms: 274]
[INFO] 2018-10-22 16:54:30,471 INFO  (OWLGraphWrapperBasic:280) Includes Ontology(OntologyID(OntologyIRI(<http://ontofox.hegroup.org/ENVO_imports.owl>) VersionIRI(<null>))) [Axioms: 18222 Logical Axioms: 2081]
[INFO] 2018-10-22 16:54:30,594 INFO  (OWLGraphWrapperBasic:280) Includes Ontology(OntologyID(OntologyIRI(<https://raw.githubusercontent.com/carrineblank/MicrO/master/MicrOandImportModules/BFO_imports.owl>) VersionIRI(<null>))) [Axioms: 168 Logical Axioms: 7]
[INFO] 2018-10-22 16:54:30,596 INFO  (OWLGraphWrapperBasic:280) Includes Ontology(OntologyID(OntologyIRI(<https://raw.githubusercontent.com/carrineblank/MicrO/master/MicrOandImportModules/CHMO_imports.owl>) VersionIRI(<null>))) [Axioms: 904 Logical Axioms: 106]
[INFO] 2018-10-22 16:54:30,603 INFO  (OWLGraphWrapperBasic:280) Includes Ontology(OntologyID(OntologyIRI(<https://raw.githubusercontent.com/carrineblank/MicrO/master/MicrOandImportModules/PATO_imports.owl>) VersionIRI(<null>))) [Axioms: 15741 Logical Axioms: 1789]
[INFO] 2018-10-22 16:54:30,668 INFO  (OWLGraphWrapperBasic:280) Includes Ontology(OntologyID(OntologyIRI(<https://raw.githubusercontent.com/carrineblank/MicrO/master/MicrOandImportModules/REO_imports.owl>) VersionIRI(<null>))) [Axioms: 98 Logical Axioms: 1]
[INFO] 2018-10-22 16:54:30,670 INFO  (OWLGraphWrapperBasic:280) Includes Ontology(OntologyID(OntologyIRI(<http://ontofox.hegroup.org/githubusercontent.com/carrineblank/MicrO/master/MicrOandImportModules/NCBITax_imports.owl>) VersionIRI(<null>))) [Axioms: 5353 Logical Axioms: 564]
[INFO] 2018-10-22 16:54:30,693 INFO  (OWLGraphWrapperBasic:280) Includes Ontology(OntologyID(OntologyIRI(<https://raw.githubusercontent.com/carrineblank/MicrO/master/MicrOandImportModules/GO_imports.owl>) VersionIRI(<null>))) [Axioms: 9372 Logical Axioms: 879]
[INFO] 2018-10-22 16:54:30,734 INFO  (OWLGraphWrapperBasic:280) Includes Ontology(OntologyID(OntologyIRI(<https://raw.githubusercontent.com/carrineblank/MicrO/master/MicrOandImportModules/PO_imports.owl>) VersionIRI(<null>))) [Axioms: 395 Logical Axioms: 20]
[INFO] 2018-10-22 16:54:30,735 INFO  (OWLGraphWrapperBasic:280) Includes Ontology(OntologyID(OntologyIRI(<https://raw.githubusercontent.com/carrineblank/MicrO/master/MicrOandImportModules/Uberon_imports.owl>) VersionIRI(<null>))) [Axioms: 2902 Logical Axioms: 209]
[INFO] 2018-10-22 16:54:30,747 INFO  (OWLGraphWrapperBasic:280) Includes Ontology(OntologyID(OntologyIRI(<https://raw.githubusercontent.com/carrineblank/MicrO/master/MicrOandImportModules/PR_imports.owl>) VersionIRI(<null>))) [Axioms: 54 Logical Axioms: 4]
[INFO] 2018-10-22 16:54:30,748 INFO  (OWLGraphWrapperBasic:280) Includes Ontology(OntologyID(OntologyIRI(<https://raw.githubusercontent.com/carrineblank/MicrO/master/MicrOandImportModules/NDF-RT_imports.owl>) VersionIRI(<null>))) [Axioms: 561 Logical Axioms: 41]
[INFO] 2018-10-22 16:54:30,751 INFO  (OWLGraphWrapperBasic:280) Includes Ontology(OntologyID(OntologyIRI(<https://raw.githubusercontent.com/carrineblank/MicrO/master/MicrOandImportModules/OBI_imports.owl>) VersionIRI(<null>))) [Axioms: 376 Logical Axioms: 45]
[INFO] 2018-10-22 16:54:30,753 INFO  (OWLGraphWrapperBasic:280) Includes Ontology(OntologyID(OntologyIRI(<https://raw.githubusercontent.com/carrineblank/MicrO/master/MicrOandImportModules/FMA_imports.owl>) VersionIRI(<null>))) [Axioms: 42 Logical Axioms: 3]
[INFO] 2018-10-22 16:54:30,755 INFO  (CommandRunner:3243) saving:http://purl.obolibrary.org/obo/MicrO.owl using RDF/XML Syntax
[INFO] ------------------------------------------------------------------------
[INFO] BUILD SUCCESS
[INFO] ------------------------------------------------------------------------
[INFO] Total time: 22.805s
[INFO] Finished at: Mon Oct 22 16:54:38 UTC 2018
[INFO] Final Memory: 6M/289M
[INFO] ------------------------------------------------------------------------
Mon Oct 22 16:54:38 UTC 2018
