Mon Oct 22 16:54:11 UTC 2018
Consolidating all ontology imports for: /mnt/efsdata/obo-ci-data/download/ontologies/mod/mod.owl
[INFO] Error stacktraces are turned on.
[INFO] Scanning for projects...
[INFO]                                                                         
[INFO] ------------------------------------------------------------------------
[INFO] Building kabob-ontology-flatten 1.0
[INFO] ------------------------------------------------------------------------
[INFO] 
[INFO] --- exec-maven-plugin:1.1:exec (default-cli) @ kabob-ontology-flatten ---
[INFO] 2018-10-22 16:54:15,443 INFO  (ParserWrapper:75) Start loading ontology: file:/mnt/efsdata/obo-ci-data/download/ontologies/mod/mod.owl from: file:/mnt/efsdata/obo-ci-data/download/ontologies/mod/mod.owl
[INFO] 2018-10-22 16:54:20,664 INFO  (ParserWrapper:82) Finished loading ontology: http://purl.obolibrary.org/obo/mod.owl from: file:/mnt/efsdata/obo-ci-data/download/ontologies/mod/mod.owl
[INFO] 2018-10-22 16:54:20,677 INFO  (CommandRunner:3243) saving:http://purl.obolibrary.org/obo/mod.owl using RDF/XML Syntax
[INFO] ------------------------------------------------------------------------
[INFO] BUILD SUCCESS
[INFO] ------------------------------------------------------------------------
[INFO] Total time: 10.284s
[INFO] Finished at: Mon Oct 22 16:54:23 UTC 2018
[INFO] Final Memory: 6M/289M
[INFO] ------------------------------------------------------------------------
Mon Oct 22 16:54:23 UTC 2018
