Wed Nov 29 15:04:00 MST 2017
Consolidating all ontology imports for: /scratch/Shares/hunter/obo-ci/data/download/ontologies/mondo/mondo.owl
[INFO] Error stacktraces are turned on.
[INFO] Scanning for projects...
[INFO]                                                                         
[INFO] ------------------------------------------------------------------------
[INFO] Building kabob-ontology-flatten 1.0
[INFO] ------------------------------------------------------------------------
[INFO] 
[INFO] --- exec-maven-plugin:1.1:exec (default-cli) @ kabob-ontology-flatten ---
[INFO] /bin/sh: module: line 1: syntax error: unexpected end of file
[INFO] /bin/sh: error importing function definition for `BASH_FUNC_module'
[INFO] 2017-11-29 15:04:11,409 INFO  (ParserWrapper:75) Start loading ontology: file:/scratch/Shares/hunter/obo-ci/data/download/ontologies/mondo/mondo.owl from: file:/scratch/Shares/hunter/obo-ci/data/download/ontologies/mondo/mondo.owl
[INFO] 2017-11-29 15:04:11,802 INFO  (ParserWrapper:75) Start loading ontology: http://purl.obolibrary.org/obo/mondo/imports/cl_import.owl from: http://purl.obolibrary.org/obo/mondo/imports/cl_import.owl
[INFO] 2017-11-29 15:04:14,558 INFO  (ParserWrapper:82) Finished loading ontology: null from: http://purl.obolibrary.org/obo/mondo/imports/cl_import.owl
[INFO] 2017-11-29 15:04:14,559 INFO  (ParserWrapper:75) Start loading ontology: http://purl.obolibrary.org/obo/mondo/imports/go_import.owl from: http://purl.obolibrary.org/obo/mondo/imports/go_import.owl
[INFO] 2017-11-29 15:04:17,003 INFO  (ParserWrapper:82) Finished loading ontology: null from: http://purl.obolibrary.org/obo/mondo/imports/go_import.owl
[INFO] 2017-11-29 15:04:17,005 INFO  (ParserWrapper:75) Start loading ontology: http://purl.obolibrary.org/obo/mondo/imports/uberon_import.owl from: http://purl.obolibrary.org/obo/mondo/imports/uberon_import.owl
[INFO] 2017-11-29 15:04:19,331 INFO  (ParserWrapper:82) Finished loading ontology: null from: http://purl.obolibrary.org/obo/mondo/imports/uberon_import.owl
[INFO] 2017-11-29 15:04:19,332 INFO  (ParserWrapper:75) Start loading ontology: http://purl.obolibrary.org/obo/mondo/imports/ro_import.owl from: http://purl.obolibrary.org/obo/mondo/imports/ro_import.owl
[INFO] 2017-11-29 15:04:21,523 INFO  (ParserWrapper:82) Finished loading ontology: null from: http://purl.obolibrary.org/obo/mondo/imports/ro_import.owl
[INFO] 2017-11-29 15:04:21,524 INFO  (ParserWrapper:75) Start loading ontology: http://purl.obolibrary.org/obo/mondo/imports/pato_import.owl from: http://purl.obolibrary.org/obo/mondo/imports/pato_import.owl
[INFO] 2017-11-29 15:04:25,196 INFO  (ParserWrapper:82) Finished loading ontology: null from: http://purl.obolibrary.org/obo/mondo/imports/pato_import.owl
[INFO] 2017-11-29 15:04:25,199 INFO  (ParserWrapper:75) Start loading ontology: http://purl.obolibrary.org/obo/mondo/imports/mfoem_import.owl from: http://purl.obolibrary.org/obo/mondo/imports/mfoem_import.owl
[INFO] 2017-11-29 15:04:27,713 INFO  (ParserWrapper:82) Finished loading ontology: null from: http://purl.obolibrary.org/obo/mondo/imports/mfoem_import.owl
[INFO] 2017-11-29 15:09:30,400 INFO  (ParserWrapper:82) Finished loading ontology: http://purl.obolibrary.org/obo/mondo.owl from: file:/scratch/Shares/hunter/obo-ci/data/download/ontologies/mondo/mondo.owl
[INFO] 2017-11-29 15:09:30,420 INFO  (OWLGraphWrapperBasic:280) Includes Ontology(OntologyID(Anonymous-11)) [Axioms: 0 Logical Axioms: 0]
[INFO] 2017-11-29 15:09:30,423 INFO  (OWLGraphWrapperBasic:280) Includes Ontology(OntologyID(Anonymous-9)) [Axioms: 0 Logical Axioms: 0]
[INFO] 2017-11-29 15:09:30,424 INFO  (OWLGraphWrapperBasic:280) Includes Ontology(OntologyID(Anonymous-3)) [Axioms: 0 Logical Axioms: 0]
[INFO] 2017-11-29 15:09:30,425 INFO  (OWLGraphWrapperBasic:280) Includes Ontology(OntologyID(Anonymous-13)) [Axioms: 0 Logical Axioms: 0]
[INFO] 2017-11-29 15:09:30,425 INFO  (OWLGraphWrapperBasic:280) Includes Ontology(OntologyID(Anonymous-7)) [Axioms: 0 Logical Axioms: 0]
[INFO] 2017-11-29 15:09:30,425 INFO  (OWLGraphWrapperBasic:280) Includes Ontology(OntologyID(Anonymous-5)) [Axioms: 0 Logical Axioms: 0]
[INFO] 2017-11-29 15:09:30,427 INFO  (CommandRunner:3243) saving:http://purl.obolibrary.org/obo/mondo.owl using RDF/XML Syntax
[INFO] ------------------------------------------------------------------------
[INFO] BUILD SUCCESS
[INFO] ------------------------------------------------------------------------
[INFO] Total time: 05:43 min
[INFO] Finished at: 2017-11-29T15:09:45-07:00
[INFO] Final Memory: 21M/1963M
[INFO] ------------------------------------------------------------------------
Wed Nov 29 15:09:45 MST 2017
