Wed Nov 29 14:59:14 MST 2017
Ontology download URL: http://purl.obolibrary.org/obo/mop.owl
  % Total    % Received % Xferd  Average Speed   Time    Time     Time  Current
                                 Dload  Upload   Total   Spent    Left  Speed
  0     0    0     0    0     0      0      0 --:--:-- --:--:-- --:--:--     0100   337  100   337    0     0   1545      0 --:--:-- --:--:-- --:--:--  1552
  0     0    0     0    0     0      0      0 --:--:-- --:--:-- --:--:--     0  3 4660k    3  159k    0     0   104k      0  0:00:44  0:00:01  0:00:43  165k 17 4660k   17  831k    0     0   329k      0  0:00:14  0:00:02  0:00:12  422k 33 4660k   33 1542k    0     0   436k      0  0:00:10  0:00:03  0:00:07  518k 45 4660k   45 2134k    0     0   472k      0  0:00:09  0:00:04  0:00:05  538k 57 4660k   57 2662k    0     0   482k      0  0:00:09  0:00:05  0:00:04  536k 68 4660k   68 3190k    0     0   489k      0  0:00:09  0:00:06  0:00:03  606k 76 4660k   76 3558k    0     0   473k      0  0:00:09  0:00:07  0:00:02  545k 84 4660k   84 3958k    0     0   464k      0  0:00:10  0:00:08  0:00:02  484k 93 4660k   93 4358k    0     0   457k      0  0:00:10  0:00:09  0:00:01  443k100 4660k  100 4660k    0     0   452k      0  0:00:10  0:00:10 --:--:--  418k
Wed Nov 29 14:59:24 MST 2017

Wed Nov 29 14:59:26 MST 2017
Validating ontology file: /scratch/Shares/hunter/obo-ci/data/download/ontologies/mop/mop.owl
[INFO] Error stacktraces are turned on.
[INFO] Scanning for projects...
[INFO]                                                                         
[INFO] ------------------------------------------------------------------------
[INFO] Building kabob-ontology-flatten 1.0
[INFO] ------------------------------------------------------------------------
[INFO] 
[INFO] --- exec-maven-plugin:1.1:exec (default-cli) @ kabob-ontology-flatten ---
[INFO] /bin/sh: module: line 1: syntax error: unexpected end of file
[INFO] /bin/sh: error importing function definition for `BASH_FUNC_module'
[INFO] 2017-11-29 14:59:35,163 INFO  (ParserWrapper:75) Start loading ontology: file:/scratch/Shares/hunter/obo-ci/data/download/ontologies/mop/mop.owl from: file:/scratch/Shares/hunter/obo-ci/data/download/ontologies/mop/mop.owl
[INFO] 2017-11-29 14:59:41,066 INFO  (ParserWrapper:82) Finished loading ontology: http://purl.obolibrary.org/obo/mop.owl from: file:/scratch/Shares/hunter/obo-ci/data/download/ontologies/mop/mop.owl
[INFO] 2017-11-29 14:59:41,083 INFO  (CommandRunner:3243) saving:http://purl.obolibrary.org/obo/mop.owl using RDF/XML Syntax
[INFO] ------------------------------------------------------------------------
[INFO] BUILD SUCCESS
[INFO] ------------------------------------------------------------------------
[INFO] Total time: 14.418 s
[INFO] Finished at: 2017-11-29T14:59:42-07:00
[INFO] Final Memory: 21M/1963M
[INFO] ------------------------------------------------------------------------
Wed Nov 29 14:59:42 MST 2017

Download validation successful. Triple count = 67055
