Wed Nov 29 14:59:17 MST 2017
Ontology download URL: http://purl.obolibrary.org/obo/mp-hp-view.owl
  % Total    % Received % Xferd  Average Speed   Time    Time     Time  Current
                                 Dload  Upload   Total   Spent    Left  Speed
  0     0    0     0    0     0      0      0 --:--:-- --:--:-- --:--:--     0100   308  100   308    0     0   1257      0 --:--:-- --:--:-- --:--:--  1262
  0     0    0     0    0     0      0      0 --:--:-- --:--:-- --:--:--     0100   215  100   215    0     0    198      0  0:00:01  0:00:01 --:--:--   294
100   326  100   326    0     0    262      0  0:00:01  0:00:01 --:--:--   262
  0     0    0     0    0     0      0      0 --:--:--  0:00:01 --:--:--     0  0     0    0  206k    0     0  85263      0 --:--:--  0:00:02 --:--:--  206k  0     0    0  236k    0     0  97664      0 --:--:--  0:00:02 --:--:--  236k
Wed Nov 29 14:59:20 MST 2017

Wed Nov 29 14:59:21 MST 2017
Validating ontology file: /scratch/Shares/hunter/obo-ci/data/download/ontologies/mp-hp-view/mp-hp-view.owl
[INFO] Error stacktraces are turned on.
[INFO] Scanning for projects...
[INFO]                                                                         
[INFO] ------------------------------------------------------------------------
[INFO] Building kabob-ontology-flatten 1.0
[INFO] ------------------------------------------------------------------------
[INFO] 
[INFO] --- exec-maven-plugin:1.1:exec (default-cli) @ kabob-ontology-flatten ---
[INFO] /bin/sh: module: line 1: syntax error: unexpected end of file
[INFO] /bin/sh: error importing function definition for `BASH_FUNC_module'
[INFO] 2017-11-29 14:59:30,562 INFO  (ParserWrapper:75) Start loading ontology: file:/scratch/Shares/hunter/obo-ci/data/download/ontologies/mp-hp-view/mp-hp-view.owl from: file:/scratch/Shares/hunter/obo-ci/data/download/ontologies/mp-hp-view/mp-hp-view.owl
[INFO] 2017-11-29 14:59:31,548 INFO  (ParserWrapper:82) Finished loading ontology: null from: file:/scratch/Shares/hunter/obo-ci/data/download/ontologies/mp-hp-view/mp-hp-view.owl
[INFO] 2017-11-29 14:59:31,563 INFO  (CommandRunner:3243) saving: using RDF/XML Syntax
[INFO] ------------------------------------------------------------------------
[INFO] BUILD SUCCESS
[INFO] ------------------------------------------------------------------------
[INFO] Total time: 10.427 s
[INFO] Finished at: 2017-11-29T14:59:34-07:00
[INFO] Final Memory: 21M/1963M
[INFO] ------------------------------------------------------------------------
Wed Nov 29 14:59:34 MST 2017

Download validation successful. Triple count = 15
