Wed Nov 29 14:59:14 MST 2017
Ontology download URL: http://purl.obolibrary.org/obo/mp.owl
  % Total    % Received % Xferd  Average Speed   Time    Time     Time  Current
                                 Dload  Upload   Total   Spent    Left  Speed
  0     0    0     0    0     0      0      0 --:--:-- --:--:-- --:--:--     0100   309  100   309    0     0   1438      0 --:--:-- --:--:-- --:--:--  1443
  0 33.1M    0  2229    0     0   4268      0  2:15:34 --:--:--  2:15:34  4268  4 33.1M    4 1463k    0     0   955k      0  0:00:35  0:00:01  0:00:34 1448k 11 33.1M   11 4044k    0     0  1619k      0  0:00:20  0:00:02  0:00:18 2046k 19 33.1M   19 6755k    0     0  1916k      0  0:00:17  0:00:03  0:00:14 2248k 27 33.1M   27 9349k    0     0  2076k      0  0:00:16  0:00:04  0:00:12 2347k 36 33.1M   36 12.2M    0     0  2271k      0  0:00:14  0:00:05  0:00:09 2507k 45 33.1M   45 15.0M    0     0  2361k      0  0:00:14  0:00:06  0:00:08 2793k 54 33.1M   54 18.1M    0     0  2482k      0  0:00:13  0:00:07  0:00:06 2912k 64 33.1M   64 21.2M    0     0  2556k      0  0:00:13  0:00:08  0:00:05 3010k 72 33.1M   72 23.9M    0     0  2585k      0  0:00:13  0:00:09  0:00:04 3044k 83 33.1M   83 27.4M    0     0  2683k      0  0:00:12  0:00:10  0:00:02 3140k100 33.1M  100 33.1M    0     0  3013k      0  0:00:11  0:00:11 --:--:-- 3908k
Wed Nov 29 14:59:25 MST 2017

Wed Nov 29 14:59:31 MST 2017
Validating ontology file: /scratch/Shares/hunter/obo-ci/data/download/ontologies/mp/mp.owl
[INFO] Error stacktraces are turned on.
[INFO] Scanning for projects...
[INFO]                                                                         
[INFO] ------------------------------------------------------------------------
[INFO] Building kabob-ontology-flatten 1.0
[INFO] ------------------------------------------------------------------------
[INFO] 
[INFO] --- exec-maven-plugin:1.1:exec (default-cli) @ kabob-ontology-flatten ---
[INFO] /bin/sh: module: line 1: syntax error: unexpected end of file
[INFO] /bin/sh: error importing function definition for `BASH_FUNC_module'
[INFO] 2017-11-29 14:59:38,786 INFO  (ParserWrapper:75) Start loading ontology: file:/scratch/Shares/hunter/obo-ci/data/download/ontologies/mp/mp.owl from: file:/scratch/Shares/hunter/obo-ci/data/download/ontologies/mp/mp.owl
[INFO] 2017-11-29 14:59:39,387 INFO  (ParserWrapper:75) Start loading ontology: http://purl.obolibrary.org/obo/upheno/imports/pr_import.owl from: http://purl.obolibrary.org/obo/upheno/imports/pr_import.owl
[INFO] 2017-11-29 14:59:40,736 INFO  (ParserWrapper:82) Finished loading ontology: http://purl.obolibrary.org/obo/upheno/imports/pr_import.owl from: http://purl.obolibrary.org/obo/upheno/imports/pr_import.owl
[INFO] 2017-11-29 14:59:40,739 INFO  (ParserWrapper:75) Start loading ontology: http://purl.obolibrary.org/obo/upheno/imports/extra.owl from: http://purl.obolibrary.org/obo/upheno/imports/extra.owl
[INFO] 2017-11-29 14:59:41,217 INFO  (ParserWrapper:75) Start loading ontology: http://purl.obolibrary.org/obo/upheno/imports/pato_import.owl from: http://purl.obolibrary.org/obo/upheno/imports/pato_import.owl
[INFO] 2017-11-29 14:59:41,888 INFO  (ParserWrapper:82) Finished loading ontology: http://purl.obolibrary.org/obo/upheno/imports/pato_import.owl from: http://purl.obolibrary.org/obo/upheno/imports/pato_import.owl
[INFO] 2017-11-29 14:59:41,914 INFO  (ParserWrapper:82) Finished loading ontology: http://purl.obolibrary.org/obo/upheno/imports/extra.owl from: http://purl.obolibrary.org/obo/upheno/imports/extra.owl
[INFO] 2017-11-29 14:59:41,916 INFO  (ParserWrapper:75) Start loading ontology: http://purl.obolibrary.org/obo/upheno/imports/chebi_import.owl from: http://purl.obolibrary.org/obo/upheno/imports/chebi_import.owl
[INFO] 2017-11-29 14:59:42,711 INFO  (ParserWrapper:82) Finished loading ontology: http://purl.obolibrary.org/obo/upheno/imports/chebi_import.owl from: http://purl.obolibrary.org/obo/upheno/imports/chebi_import.owl
[INFO] 2017-11-29 14:59:42,716 INFO  (ParserWrapper:75) Start loading ontology: http://purl.obolibrary.org/obo/upheno/imports/uberon_import.owl from: http://purl.obolibrary.org/obo/upheno/imports/uberon_import.owl
[INFO] 2017-11-29 14:59:45,200 INFO  (ParserWrapper:82) Finished loading ontology: http://purl.obolibrary.org/obo/upheno/imports/uberon_import.owl from: http://purl.obolibrary.org/obo/upheno/imports/uberon_import.owl
[INFO] 2017-11-29 14:59:45,209 INFO  (ParserWrapper:75) Start loading ontology: http://purl.obolibrary.org/obo/upheno/imports/ro_import.owl from: http://purl.obolibrary.org/obo/upheno/imports/ro_import.owl
[INFO] 2017-11-29 14:59:45,877 INFO  (ParserWrapper:82) Finished loading ontology: http://purl.obolibrary.org/obo/upheno/imports/ro_import.owl from: http://purl.obolibrary.org/obo/upheno/imports/ro_import.owl
[INFO] 2017-11-29 14:59:45,892 INFO  (ParserWrapper:75) Start loading ontology: http://purl.obolibrary.org/obo/upheno/imports/nbo_import.owl from: http://purl.obolibrary.org/obo/upheno/imports/nbo_import.owl
[INFO] 2017-11-29 14:59:46,452 INFO  (ParserWrapper:82) Finished loading ontology: http://purl.obolibrary.org/obo/upheno/imports/nbo_import.owl from: http://purl.obolibrary.org/obo/upheno/imports/nbo_import.owl
[INFO] 2017-11-29 14:59:46,459 INFO  (ParserWrapper:75) Start loading ontology: http://purl.obolibrary.org/obo/upheno/imports/cl_import.owl from: http://purl.obolibrary.org/obo/upheno/imports/cl_import.owl
[INFO] 2017-11-29 14:59:47,150 INFO  (ParserWrapper:82) Finished loading ontology: http://purl.obolibrary.org/obo/upheno/imports/cl_import.owl from: http://purl.obolibrary.org/obo/upheno/imports/cl_import.owl
[INFO] 2017-11-29 14:59:47,158 INFO  (ParserWrapper:75) Start loading ontology: http://purl.obolibrary.org/obo/upheno/imports/mpath_import.owl from: http://purl.obolibrary.org/obo/upheno/imports/mpath_import.owl
[INFO] 2017-11-29 14:59:47,825 INFO  (ParserWrapper:82) Finished loading ontology: http://purl.obolibrary.org/obo/upheno/imports/mpath_import.owl from: http://purl.obolibrary.org/obo/upheno/imports/mpath_import.owl
[INFO] 2017-11-29 14:59:47,839 INFO  (ParserWrapper:75) Start loading ontology: http://purl.obolibrary.org/obo/upheno/imports/doid_import.owl from: http://purl.obolibrary.org/obo/upheno/imports/doid_import.owl
[INFO] 2017-11-29 14:59:48,428 INFO  (ParserWrapper:82) Finished loading ontology: http://purl.obolibrary.org/obo/upheno/imports/doid_import.owl from: http://purl.obolibrary.org/obo/upheno/imports/doid_import.owl
[INFO] 2017-11-29 14:59:48,438 INFO  (ParserWrapper:75) Start loading ontology: http://purl.obolibrary.org/obo/upheno/imports/go_import.owl from: http://purl.obolibrary.org/obo/upheno/imports/go_import.owl
[INFO] 2017-11-29 14:59:50,551 INFO  (ParserWrapper:82) Finished loading ontology: http://purl.obolibrary.org/obo/upheno/imports/go_import.owl from: http://purl.obolibrary.org/obo/upheno/imports/go_import.owl
[INFO] 2017-11-29 15:00:45,069 INFO  (ParserWrapper:82) Finished loading ontology: http://purl.obolibrary.org/obo/mp.owl from: file:/scratch/Shares/hunter/obo-ci/data/download/ontologies/mp/mp.owl
[INFO] 2017-11-29 15:00:45,085 INFO  (CommandRunner:3243) saving:http://purl.obolibrary.org/obo/mp.owl using RDF/XML Syntax
[INFO] ------------------------------------------------------------------------
[INFO] BUILD SUCCESS
[INFO] ------------------------------------------------------------------------
[INFO] Total time: 01:15 min
[INFO] Finished at: 2017-11-29T15:00:49-07:00
[INFO] Final Memory: 21M/1963M
[INFO] ------------------------------------------------------------------------
Wed Nov 29 15:00:50 MST 2017

Download validation successful. Triple count = 457480
