Wed Nov 29 14:59:13 MST 2017
Ontology download URL: http://purl.obolibrary.org/obo/mpath.owl
  % Total    % Received % Xferd  Average Speed   Time    Time     Time  Current
                                 Dload  Upload   Total   Spent    Left  Speed
  0     0    0     0    0     0      0      0 --:--:-- --:--:-- --:--:--     0100   312  100   312    0     0   1460      0 --:--:-- --:--:-- --:--:--  1464
  0 1397k    0   784    0     0   1184      0  0:20:08 --:--:--  0:20:08  1184100 1397k  100 1397k    0     0  1086k      0  0:00:01  0:00:01 --:--:-- 2241k
Wed Nov 29 14:59:15 MST 2017

Wed Nov 29 14:59:17 MST 2017
Validating ontology file: /scratch/Shares/hunter/obo-ci/data/download/ontologies/mpath/mpath.owl
[INFO] Error stacktraces are turned on.
[INFO] Scanning for projects...
[INFO]                                                                         
[INFO] ------------------------------------------------------------------------
[INFO] Building kabob-ontology-flatten 1.0
[INFO] ------------------------------------------------------------------------
[INFO] 
[INFO] --- exec-maven-plugin:1.1:exec (default-cli) @ kabob-ontology-flatten ---
[INFO] /bin/sh: module: line 1: syntax error: unexpected end of file
[INFO] /bin/sh: error importing function definition for `BASH_FUNC_module'
[INFO] 2017-11-29 14:59:25,007 INFO  (ParserWrapper:75) Start loading ontology: file:/scratch/Shares/hunter/obo-ci/data/download/ontologies/mpath/mpath.owl from: file:/scratch/Shares/hunter/obo-ci/data/download/ontologies/mpath/mpath.owl
[INFO] 2017-11-29 14:59:29,542 INFO  (ParserWrapper:82) Finished loading ontology: http://purl.obolibrary.org/obo/mpath.owl from: file:/scratch/Shares/hunter/obo-ci/data/download/ontologies/mpath/mpath.owl
[INFO] 2017-11-29 14:59:29,560 INFO  (CommandRunner:3243) saving:http://purl.obolibrary.org/obo/mpath.owl using RDF/XML Syntax
[INFO] ------------------------------------------------------------------------
[INFO] BUILD SUCCESS
[INFO] ------------------------------------------------------------------------
[INFO] Total time: 11.680 s
[INFO] Finished at: 2017-11-29T14:59:30-07:00
[INFO] Final Memory: 21M/1963M
[INFO] ------------------------------------------------------------------------
Wed Nov 29 14:59:30 MST 2017

Download validation successful. Triple count = 18613
