Mon Oct 22 16:54:09 UTC 2018
Consolidating all ontology imports for: /mnt/efsdata/obo-ci-data/download/ontologies/mpath/mpath.owl
[INFO] Error stacktraces are turned on.
[INFO] Scanning for projects...
[INFO]                                                                         
[INFO] ------------------------------------------------------------------------
[INFO] Building kabob-ontology-flatten 1.0
[INFO] ------------------------------------------------------------------------
[INFO] 
[INFO] --- exec-maven-plugin:1.1:exec (default-cli) @ kabob-ontology-flatten ---
[INFO] 2018-10-22 16:54:13,098 INFO  (ParserWrapper:75) Start loading ontology: file:/mnt/efsdata/obo-ci-data/download/ontologies/mpath/mpath.owl from: file:/mnt/efsdata/obo-ci-data/download/ontologies/mpath/mpath.owl
[INFO] 2018-10-22 16:54:14,218 INFO  (ParserWrapper:82) Finished loading ontology: http://purl.obolibrary.org/obo/mpath.owl from: file:/mnt/efsdata/obo-ci-data/download/ontologies/mpath/mpath.owl
[INFO] 2018-10-22 16:54:14,228 INFO  (CommandRunner:3243) saving:http://purl.obolibrary.org/obo/mpath.owl using RDF/XML Syntax
[INFO] ------------------------------------------------------------------------
[INFO] BUILD SUCCESS
[INFO] ------------------------------------------------------------------------
[INFO] Total time: 4.425s
[INFO] Finished at: Mon Oct 22 16:54:14 UTC 2018
[INFO] Final Memory: 5M/229M
[INFO] ------------------------------------------------------------------------
Mon Oct 22 16:54:14 UTC 2018
