Wed Nov 29 14:59:14 MST 2017
Ontology download URL: http://purl.obolibrary.org/obo/mpio.owl
  % Total    % Received % Xferd  Average Speed   Time    Time     Time  Current
                                 Dload  Upload   Total   Spent    Left  Speed
  0     0    0     0    0     0      0      0 --:--:-- --:--:-- --:--:--     0100   339  100   339    0     0   1592      0 --:--:-- --:--:-- --:--:--  1599
  0     0    0     0    0     0      0      0 --:--:-- --:--:-- --:--:--     0100 82470  100 82470    0     0  78426      0  0:00:01  0:00:01 --:--:--  139k
Wed Nov 29 14:59:15 MST 2017

Wed Nov 29 14:59:17 MST 2017
Validating ontology file: /scratch/Shares/hunter/obo-ci/data/download/ontologies/mpio/mpio.owl
[INFO] Error stacktraces are turned on.
[INFO] Scanning for projects...
[INFO]                                                                         
[INFO] ------------------------------------------------------------------------
[INFO] Building kabob-ontology-flatten 1.0
[INFO] ------------------------------------------------------------------------
[INFO] 
[INFO] --- exec-maven-plugin:1.1:exec (default-cli) @ kabob-ontology-flatten ---
[INFO] /bin/sh: module: line 1: syntax error: unexpected end of file
[INFO] /bin/sh: error importing function definition for `BASH_FUNC_module'
[INFO] 2017-11-29 14:59:25,009 INFO  (ParserWrapper:75) Start loading ontology: file:/scratch/Shares/hunter/obo-ci/data/download/ontologies/mpio/mpio.owl from: file:/scratch/Shares/hunter/obo-ci/data/download/ontologies/mpio/mpio.owl
[INFO] 2017-11-29 14:59:25,804 INFO  (ParserWrapper:75) Start loading ontology: http://purl.obolibrary.org/obo/iao/2015-02-23/ontology-metadata.owl from: http://purl.obolibrary.org/obo/iao/2015-02-23/ontology-metadata.owl
[INFO] 2017-11-29 14:59:27,345 INFO  (ParserWrapper:82) Finished loading ontology: http://purl.obolibrary.org/obo/iao/ontology-metadata.owl from: http://purl.obolibrary.org/obo/iao/2015-02-23/ontology-metadata.owl
[INFO] 2017-11-29 14:59:28,068 INFO  (ParserWrapper:82) Finished loading ontology: http://purl.obolibrary.org/obo/mpio.owl from: file:/scratch/Shares/hunter/obo-ci/data/download/ontologies/mpio/mpio.owl
[INFO] 2017-11-29 14:59:28,079 INFO  (CommandRunner:3243) saving:http://purl.obolibrary.org/obo/mpio.owl using RDF/XML Syntax
[INFO] ------------------------------------------------------------------------
[INFO] BUILD SUCCESS
[INFO] ------------------------------------------------------------------------
[INFO] Total time: 10.004 s
[INFO] Finished at: 2017-11-29T14:59:28-07:00
[INFO] Final Memory: 21M/1963M
[INFO] ------------------------------------------------------------------------
Wed Nov 29 14:59:28 MST 2017

Download validation successful. Triple count = 1140
