Mon Oct 22 16:54:10 UTC 2018
Consolidating all ontology imports for: /mnt/efsdata/obo-ci-data/download/ontologies/mpio/mpio.owl
[INFO] Error stacktraces are turned on.
[INFO] Scanning for projects...
[INFO]                                                                         
[INFO] ------------------------------------------------------------------------
[INFO] Building kabob-ontology-flatten 1.0
[INFO] ------------------------------------------------------------------------
[INFO] 
[INFO] --- exec-maven-plugin:1.1:exec (default-cli) @ kabob-ontology-flatten ---
[INFO] 2018-10-22 16:54:13,756 INFO  (ParserWrapper:75) Start loading ontology: file:/mnt/efsdata/obo-ci-data/download/ontologies/mpio/mpio.owl from: file:/mnt/efsdata/obo-ci-data/download/ontologies/mpio/mpio.owl
[INFO] 2018-10-22 16:54:13,932 INFO  (ParserWrapper:75) Start loading ontology: http://purl.obolibrary.org/obo/iao/2015-02-23/ontology-metadata.owl from: http://purl.obolibrary.org/obo/iao/2015-02-23/ontology-metadata.owl
[INFO] 2018-10-22 16:54:14,824 INFO  (ParserWrapper:82) Finished loading ontology: http://purl.obolibrary.org/obo/iao/ontology-metadata.owl from: http://purl.obolibrary.org/obo/iao/2015-02-23/ontology-metadata.owl
[INFO] 2018-10-22 16:54:14,953 INFO  (ParserWrapper:82) Finished loading ontology: http://purl.obolibrary.org/obo/mpio.owl from: file:/mnt/efsdata/obo-ci-data/download/ontologies/mpio/mpio.owl
[INFO] 2018-10-22 16:54:14,964 INFO  (OWLGraphWrapperBasic:280) Includes Ontology(OntologyID(OntologyIRI(<http://purl.obolibrary.org/obo/iao/ontology-metadata.owl>) VersionIRI(<http://purl.obolibrary.org/obo/iao/2015-02-23/ontology-metadata.owl>))) [Axioms: 322 Logical Axioms: 35]
[INFO] 2018-10-22 16:54:14,975 INFO  (CommandRunner:3243) saving:http://purl.obolibrary.org/obo/mpio.owl using RDF/XML Syntax
[INFO] ------------------------------------------------------------------------
[INFO] BUILD SUCCESS
[INFO] ------------------------------------------------------------------------
[INFO] Total time: 3.846s
[INFO] Finished at: Mon Oct 22 16:54:15 UTC 2018
[INFO] Final Memory: 5M/229M
[INFO] ------------------------------------------------------------------------
Mon Oct 22 16:54:15 UTC 2018
