Wed Nov 29 14:59:42 MST 2017
Consolidating all ontology imports for: /scratch/Shares/hunter/obo-ci/data/download/ontologies/ms/ms.owl
[INFO] Error stacktraces are turned on.
[INFO] Scanning for projects...
[INFO]                                                                         
[INFO] ------------------------------------------------------------------------
[INFO] Building kabob-ontology-flatten 1.0
[INFO] ------------------------------------------------------------------------
[INFO] 
[INFO] --- exec-maven-plugin:1.1:exec (default-cli) @ kabob-ontology-flatten ---
[INFO] /bin/sh: module: line 1: syntax error: unexpected end of file
[INFO] /bin/sh: error importing function definition for `BASH_FUNC_module'
[INFO] 2017-11-29 14:59:48,054 INFO  (ParserWrapper:75) Start loading ontology: file:/scratch/Shares/hunter/obo-ci/data/download/ontologies/ms/ms.owl from: file:/scratch/Shares/hunter/obo-ci/data/download/ontologies/ms/ms.owl
[INFO] 2017-11-29 14:59:48,459 INFO  (ParserWrapper:75) Start loading ontology: http://ontologies.berkeleybop.org/pato.obo from: http://ontologies.berkeleybop.org/pato.obo
[INFO] 2017-11-29 14:59:52,032 INFO  (ParserWrapper:82) Finished loading ontology: http://purl.obolibrary.org/obo/pato.owl from: http://ontologies.berkeleybop.org/pato.obo
[INFO] 2017-11-29 14:59:52,035 INFO  (ParserWrapper:75) Start loading ontology: http://ontologies.berkeleybop.org/uo.obo from: http://ontologies.berkeleybop.org/uo.obo
[INFO] 2017-11-29 14:59:53,508 INFO  (ParserWrapper:82) Finished loading ontology: http://purl.obolibrary.org/obo/uo.owl from: http://ontologies.berkeleybop.org/uo.obo
[INFO] 2017-11-29 15:00:04,100 INFO  (ParserWrapper:82) Finished loading ontology: http://purl.obolibrary.org/obo/ms.owl from: file:/scratch/Shares/hunter/obo-ci/data/download/ontologies/ms/ms.owl
[INFO] 2017-11-29 15:00:04,114 INFO  (OWLGraphWrapperBasic:280) Includes Ontology(OntologyID(OntologyIRI(<http://purl.obolibrary.org/obo/pato.owl>) VersionIRI(<http://purl.obolibrary.org/obo/pato/releases/2017-07-10/pato.owl>))) [Axioms: 20719 Logical Axioms: 2411]
[INFO] 2017-11-29 15:00:04,208 INFO  (OWLGraphWrapperBasic:280) Includes Ontology(OntologyID(OntologyIRI(<http://purl.obolibrary.org/obo/uo.owl>) VersionIRI(<http://purl.obolibrary.org/obo/uo/releases/2017-09-25/uo.owl>))) [Axioms: 3198 Logical Axioms: 389]
[INFO] 2017-11-29 15:00:04,221 INFO  (CommandRunner:3243) saving:http://purl.obolibrary.org/obo/ms.owl using RDF/XML Syntax
[INFO] ------------------------------------------------------------------------
[INFO] BUILD SUCCESS
[INFO] ------------------------------------------------------------------------
[INFO] Total time: 22.010 s
[INFO] Finished at: 2017-11-29T15:00:05-07:00
[INFO] Final Memory: 21M/1963M
[INFO] ------------------------------------------------------------------------
Wed Nov 29 15:00:05 MST 2017
