Mon Oct 22 16:58:01 UTC 2018
Consolidating all ontology imports for: /mnt/efsdata/obo-ci-data/download/ontologies/nbo/nbo.owl
[INFO] Error stacktraces are turned on.
[INFO] Scanning for projects...
[INFO]                                                                         
[INFO] ------------------------------------------------------------------------
[INFO] Building kabob-ontology-flatten 1.0
[INFO] ------------------------------------------------------------------------
[INFO] 
[INFO] --- exec-maven-plugin:1.1:exec (default-cli) @ kabob-ontology-flatten ---
[INFO] 2018-10-22 16:58:04,754 INFO  (ParserWrapper:75) Start loading ontology: file:/mnt/efsdata/obo-ci-data/download/ontologies/nbo/nbo.owl from: file:/mnt/efsdata/obo-ci-data/download/ontologies/nbo/nbo.owl
[INFO] 2018-10-22 16:58:04,923 INFO  (ParserWrapper:75) Start loading ontology: http://purl.obolibrary.org/obo/uberon.owl from: http://purl.obolibrary.org/obo/uberon.owl
[INFO] 2018-10-22 16:58:23,992 INFO  (ParserWrapper:82) Finished loading ontology: http://purl.obolibrary.org/obo/uberon.owl from: http://purl.obolibrary.org/obo/uberon.owl
[INFO] 2018-10-22 16:58:24,012 INFO  (ParserWrapper:75) Start loading ontology: http://purl.obolibrary.org/obo/chebi.owl from: http://purl.obolibrary.org/obo/chebi.owl
[INFO] 2018-10-22 17:01:06,475 INFO  (ParserWrapper:82) Finished loading ontology: http://purl.obolibrary.org/obo/chebi.owl from: http://purl.obolibrary.org/obo/chebi.owl
[INFO] 2018-10-22 17:01:06,525 INFO  (ParserWrapper:75) Start loading ontology: http://purl.obolibrary.org/obo/go.owl from: http://purl.obolibrary.org/obo/go.owl
[INFO] 2018-10-22 17:01:19,941 INFO  (ParserWrapper:82) Finished loading ontology: http://purl.obolibrary.org/obo/go.owl from: http://purl.obolibrary.org/obo/go.owl
[INFO] 2018-10-22 17:01:19,986 INFO  (ParserWrapper:75) Start loading ontology: http://purl.obolibrary.org/obo/pato.owl from: http://purl.obolibrary.org/obo/pato.owl
[INFO] 2018-10-22 17:01:21,074 INFO  (ParserWrapper:82) Finished loading ontology: http://purl.obolibrary.org/obo/pato.owl from: http://purl.obolibrary.org/obo/pato.owl
[INFO] 2018-10-22 17:01:25,034 INFO  (ParserWrapper:82) Finished loading ontology: http://purl.obolibrary.org/obo/nbo.owl from: file:/mnt/efsdata/obo-ci-data/download/ontologies/nbo/nbo.owl
[INFO] 2018-10-22 17:01:25,044 INFO  (OWLGraphWrapperBasic:280) Includes Ontology(OntologyID(OntologyIRI(<http://purl.obolibrary.org/obo/go.owl>) VersionIRI(<http://purl.obolibrary.org/obo/go/releases/2018-10-19/go.owl>))) [Axioms: 580474 Logical Axioms: 108172]
[INFO] 2018-10-22 17:01:27,113 INFO  (OWLGraphWrapperBasic:280) Includes Ontology(OntologyID(OntologyIRI(<http://purl.obolibrary.org/obo/pato.owl>) VersionIRI(<http://purl.obolibrary.org/obo/pato/releases/2018-08-14/pato.owl>))) [Axioms: 21950 Logical Axioms: 2780]
[INFO] 2018-10-22 17:01:27,172 INFO  (OWLGraphWrapperBasic:280) Includes Ontology(OntologyID(OntologyIRI(<http://purl.obolibrary.org/obo/uberon.owl>) VersionIRI(<http://purl.obolibrary.org/obo/uberon/releases/2018-10-14/uberon.owl>))) [Axioms: 229731 Logical Axioms: 43026]
[INFO] 2018-10-22 17:01:28,058 INFO  (OWLGraphWrapperBasic:280) Includes Ontology(OntologyID(OntologyIRI(<http://purl.obolibrary.org/obo/chebi.owl>) VersionIRI(<http://purl.obolibrary.org/obo/chebi/168/chebi.owl>))) [Axioms: 2117348 Logical Axioms: 250484]
[INFO] 2018-10-22 17:01:35,732 INFO  (CommandRunner:3243) saving:http://purl.obolibrary.org/obo/nbo.owl using RDF/XML Syntax
[INFO] ------------------------------------------------------------------------
[INFO] BUILD SUCCESS
[INFO] ------------------------------------------------------------------------
[INFO] Total time: 4:31.931s
[INFO] Finished at: Mon Oct 22 17:02:34 UTC 2018
[INFO] Final Memory: 5M/229M
[INFO] ------------------------------------------------------------------------
Mon Oct 22 17:02:34 UTC 2018
