Wed Nov 29 14:59:14 MST 2017
Ontology download URL: http://purl.obolibrary.org/obo/ncbitaxon/subsets/taxslim.owl
  % Total    % Received % Xferd  Average Speed   Time    Time     Time  Current
                                 Dload  Upload   Total   Spent    Left  Speed
  0     0    0     0    0     0      0      0 --:--:-- --:--:-- --:--:--     0100   332  100   332    0     0   1519      0 --:--:-- --:--:-- --:--:--  1522
  0 21.5M    0  4344    0     0   7701      0  0:48:56 --:--:--  0:48:56  7701  7 21.5M    7 1618k    0     0  1178k      0  0:00:18  0:00:01  0:00:17 1992k 20 21.5M   20 4582k    0     0  1940k      0  0:00:11  0:00:02  0:00:09 2546k 34 21.5M   34 7680k    0     0  2279k      0  0:00:09  0:00:03  0:00:06 2735k 52 21.5M   52 11.3M    0     0  2675k      0  0:00:08  0:00:04  0:00:04 3071k 92 21.5M   92 19.8M    0     0  3794k      0  0:00:05  0:00:05 --:--:-- 4238k100 21.5M  100 21.5M    0     0  3972k      0  0:00:05  0:00:05 --:--:-- 4889k
Wed Nov 29 14:59:19 MST 2017

Wed Nov 29 14:59:21 MST 2017
Validating ontology file: /scratch/Shares/hunter/obo-ci/data/download/ontologies/ncbitaxon_subsets_taxslim/ncbitaxon_subsets_taxslim.owl
[INFO] Error stacktraces are turned on.
[INFO] Scanning for projects...
[INFO]                                                                         
[INFO] ------------------------------------------------------------------------
[INFO] Building kabob-ontology-flatten 1.0
[INFO] ------------------------------------------------------------------------
[INFO] 
[INFO] --- exec-maven-plugin:1.1:exec (default-cli) @ kabob-ontology-flatten ---
[INFO] /bin/sh: module: line 1: syntax error: unexpected end of file
[INFO] /bin/sh: error importing function definition for `BASH_FUNC_module'
[INFO] 2017-11-29 14:59:29,737 INFO  (ParserWrapper:75) Start loading ontology: file:/scratch/Shares/hunter/obo-ci/data/download/ontologies/ncbitaxon_subsets_taxslim/ncbitaxon_subsets_taxslim.owl from: file:/scratch/Shares/hunter/obo-ci/data/download/ontologies/ncbitaxon_subsets_taxslim/ncbitaxon_subsets_taxslim.owl
[INFO] 2017-11-29 14:59:58,508 INFO  (ParserWrapper:82) Finished loading ontology: http://purl.obolibrary.org/obo/ncbitaxon/subsets/taxslim.owl from: file:/scratch/Shares/hunter/obo-ci/data/download/ontologies/ncbitaxon_subsets_taxslim/ncbitaxon_subsets_taxslim.owl
[INFO] 2017-11-29 14:59:58,525 INFO  (CommandRunner:3243) saving:http://purl.obolibrary.org/obo/ncbitaxon/subsets/taxslim.owl using RDF/XML Syntax
[INFO] ------------------------------------------------------------------------
[INFO] BUILD SUCCESS
[INFO] ------------------------------------------------------------------------
[INFO] Total time: 40.401 s
[INFO] Finished at: 2017-11-29T15:00:03-07:00
[INFO] Final Memory: 21M/1963M
[INFO] ------------------------------------------------------------------------
Wed Nov 29 15:00:03 MST 2017

Download validation successful. Triple count = 307444
