Mon Oct 22 16:59:11 UTC 2018
Consolidating all ontology imports for: /mnt/efsdata/obo-ci-data/download/ontologies/ncit_ncit-plus/ncit_ncit-plus.owl
[INFO] Error stacktraces are turned on.
[INFO] Scanning for projects...
[INFO]                                                                         
[INFO] ------------------------------------------------------------------------
[INFO] Building kabob-ontology-flatten 1.0
[INFO] ------------------------------------------------------------------------
[INFO] 
[INFO] --- exec-maven-plugin:1.1:exec (default-cli) @ kabob-ontology-flatten ---
[INFO] 2018-10-22 16:59:15,364 INFO  (ParserWrapper:75) Start loading ontology: file:/mnt/efsdata/obo-ci-data/download/ontologies/ncit_ncit-plus/ncit_ncit-plus.owl from: file:/mnt/efsdata/obo-ci-data/download/ontologies/ncit_ncit-plus/ncit_ncit-plus.owl
[INFO] 2018-10-22 17:00:43,876 INFO  (ParserWrapper:82) Finished loading ontology: http://purl.obolibrary.org/obo/ncit/ncit-plus.owl from: file:/mnt/efsdata/obo-ci-data/download/ontologies/ncit_ncit-plus/ncit_ncit-plus.owl
[INFO] 2018-10-22 17:00:43,884 INFO  (CommandRunner:3243) saving:http://purl.obolibrary.org/obo/ncit/ncit-plus.owl using RDF/XML Syntax
[INFO] ------------------------------------------------------------------------
[INFO] BUILD SUCCESS
[INFO] ------------------------------------------------------------------------
[INFO] Total time: 2:34.247s
[INFO] Finished at: Mon Oct 22 17:01:46 UTC 2018
[INFO] Final Memory: 5M/229M
[INFO] ------------------------------------------------------------------------
Mon Oct 22 17:01:47 UTC 2018
