Mon Oct 22 16:59:11 UTC 2018
Consolidating all ontology imports for: /mnt/efsdata/obo-ci-data/download/ontologies/ncit/ncit.owl
[INFO] Error stacktraces are turned on.
[INFO] Scanning for projects...
[INFO]                                                                         
[INFO] ------------------------------------------------------------------------
[INFO] Building kabob-ontology-flatten 1.0
[INFO] ------------------------------------------------------------------------
[INFO] 
[INFO] --- exec-maven-plugin:1.1:exec (default-cli) @ kabob-ontology-flatten ---
[INFO] 2018-10-22 16:59:15,951 INFO  (ParserWrapper:75) Start loading ontology: file:/mnt/efsdata/obo-ci-data/download/ontologies/ncit/ncit.owl from: file:/mnt/efsdata/obo-ci-data/download/ontologies/ncit/ncit.owl
[INFO] 2018-10-22 17:00:46,439 INFO  (ParserWrapper:82) Finished loading ontology: http://purl.obolibrary.org/obo/ncit.owl from: file:/mnt/efsdata/obo-ci-data/download/ontologies/ncit/ncit.owl
[INFO] 2018-10-22 17:00:46,451 INFO  (CommandRunner:3243) saving:http://purl.obolibrary.org/obo/ncit.owl using RDF/XML Syntax
[INFO] ------------------------------------------------------------------------
[INFO] BUILD SUCCESS
[INFO] ------------------------------------------------------------------------
[INFO] Total time: 2:37.266s
[INFO] Finished at: Mon Oct 22 17:01:50 UTC 2018
[INFO] Final Memory: 6M/289M
[INFO] ------------------------------------------------------------------------
Mon Oct 22 17:01:50 UTC 2018
