Wed Nov 29 14:59:14 MST 2017
Ontology download URL: http://purl.obolibrary.org/obo/oarcs.owl
  % Total    % Received % Xferd  Average Speed   Time    Time     Time  Current
                                 Dload  Upload   Total   Spent    Left  Speed
  0     0    0     0    0     0      0      0 --:--:-- --:--:-- --:--:--     0100   345  100   345    0     0   1594      0 --:--:-- --:--:-- --:--:--  1597
  0     0    0     0    0     0      0      0 --:--:-- --:--:-- --:--:--     0 59  673k   59  399k    0     0   292k      0  0:00:02  0:00:01  0:00:01  442k100  673k  100  673k    0     0   440k      0  0:00:01  0:00:01 --:--:--  631k
Wed Nov 29 14:59:15 MST 2017

Wed Nov 29 14:59:17 MST 2017
Validating ontology file: /scratch/Shares/hunter/obo-ci/data/download/ontologies/oarcs/oarcs.owl
[INFO] Error stacktraces are turned on.
[INFO] Scanning for projects...
[INFO]                                                                         
[INFO] ------------------------------------------------------------------------
[INFO] Building kabob-ontology-flatten 1.0
[INFO] ------------------------------------------------------------------------
[INFO] 
[INFO] --- exec-maven-plugin:1.1:exec (default-cli) @ kabob-ontology-flatten ---
[INFO] /bin/sh: module: line 1: syntax error: unexpected end of file
[INFO] /bin/sh: error importing function definition for `BASH_FUNC_module'
[INFO] 2017-11-29 14:59:25,007 INFO  (ParserWrapper:75) Start loading ontology: file:/scratch/Shares/hunter/obo-ci/data/download/ontologies/oarcs/oarcs.owl from: file:/scratch/Shares/hunter/obo-ci/data/download/ontologies/oarcs/oarcs.owl
[INFO] 2017-11-29 14:59:28,389 INFO  (ParserWrapper:82) Finished loading ontology: http://purl.obolibrary.org/obo/oarcs.owl from: file:/scratch/Shares/hunter/obo-ci/data/download/ontologies/oarcs/oarcs.owl
[INFO] 2017-11-29 14:59:28,400 INFO  (CommandRunner:3243) saving:http://purl.obolibrary.org/obo/oarcs.owl using RDF/XML Syntax
[INFO] ------------------------------------------------------------------------
[INFO] BUILD SUCCESS
[INFO] ------------------------------------------------------------------------
[INFO] Total time: 10.077 s
[INFO] Finished at: 2017-11-29T14:59:29-07:00
[INFO] Final Memory: 21M/1963M
[INFO] ------------------------------------------------------------------------
Wed Nov 29 14:59:29 MST 2017

Download validation successful. Triple count = 12008
