Wed Nov 29 14:59:14 MST 2017
Ontology download URL: http://purl.obolibrary.org/obo/obcs.owl
  % Total    % Received % Xferd  Average Speed   Time    Time     Time  Current
                                 Dload  Upload   Total   Spent    Left  Speed
  0     0    0     0    0     0      0      0 --:--:-- --:--:-- --:--:--     0100   361  100   361    0     0   1613      0 --:--:-- --:--:-- --:--:--  1618
  0     0    0     0    0     0      0      0 --:--:-- --:--:-- --:--:--     0 58 1149k   58  671k    0     0   493k      0  0:00:02  0:00:01  0:00:01  749k100 1149k  100 1149k    0     0   757k      0  0:00:01  0:00:01 --:--:-- 1093k
Wed Nov 29 14:59:15 MST 2017

Wed Nov 29 14:59:17 MST 2017
Validating ontology file: /scratch/Shares/hunter/obo-ci/data/download/ontologies/obcs/obcs.owl
[INFO] Error stacktraces are turned on.
[INFO] Scanning for projects...
[INFO]                                                                         
[INFO] ------------------------------------------------------------------------
[INFO] Building kabob-ontology-flatten 1.0
[INFO] ------------------------------------------------------------------------
[INFO] 
[INFO] --- exec-maven-plugin:1.1:exec (default-cli) @ kabob-ontology-flatten ---
[INFO] /bin/sh: module: line 1: syntax error: unexpected end of file
[INFO] /bin/sh: error importing function definition for `BASH_FUNC_module'
[INFO] 2017-11-29 14:59:25,007 INFO  (ParserWrapper:75) Start loading ontology: file:/scratch/Shares/hunter/obo-ci/data/download/ontologies/obcs/obcs.owl from: file:/scratch/Shares/hunter/obo-ci/data/download/ontologies/obcs/obcs.owl
[INFO] 2017-11-29 14:59:29,508 INFO  (ParserWrapper:82) Finished loading ontology: http://purl.obolibrary.org/obo/obcs.owl from: file:/scratch/Shares/hunter/obo-ci/data/download/ontologies/obcs/obcs.owl
[INFO] 2017-11-29 14:59:29,526 INFO  (CommandRunner:3243) saving:http://purl.obolibrary.org/obo/obcs.owl using RDF/XML Syntax
[INFO] ------------------------------------------------------------------------
[INFO] BUILD SUCCESS
[INFO] ------------------------------------------------------------------------
[INFO] Total time: 11.283 s
[INFO] Finished at: 2017-11-29T14:59:30-07:00
[INFO] Final Memory: 21M/1963M
[INFO] ------------------------------------------------------------------------
Wed Nov 29 14:59:30 MST 2017

Download validation successful. Triple count = 17413
