Mon Oct 22 16:52:51 UTC 2018
Consolidating all ontology imports for: /mnt/efsdata/obo-ci-data/download/ontologies/obi/obi.owl
[INFO] Error stacktraces are turned on.
[INFO] Scanning for projects...
[INFO]                                                                         
[INFO] ------------------------------------------------------------------------
[INFO] Building kabob-ontology-flatten 1.0
[INFO] ------------------------------------------------------------------------
[INFO] 
[INFO] --- exec-maven-plugin:1.1:exec (default-cli) @ kabob-ontology-flatten ---
[INFO] 2018-10-22 16:52:55,835 INFO  (ParserWrapper:75) Start loading ontology: file:/mnt/efsdata/obo-ci-data/download/ontologies/obi/obi.owl from: file:/mnt/efsdata/obo-ci-data/download/ontologies/obi/obi.owl
[INFO] 2018-10-22 16:52:58,101 INFO  (ParserWrapper:82) Finished loading ontology: http://purl.obolibrary.org/obo/obi.owl from: file:/mnt/efsdata/obo-ci-data/download/ontologies/obi/obi.owl
[INFO] 2018-10-22 16:52:58,111 INFO  (CommandRunner:3243) saving:http://purl.obolibrary.org/obo/obi.owl using RDF/XML Syntax
[INFO] ------------------------------------------------------------------------
[INFO] BUILD SUCCESS
[INFO] ------------------------------------------------------------------------
[INFO] Total time: 7.175s
[INFO] Finished at: Mon Oct 22 16:53:00 UTC 2018
[INFO] Final Memory: 6M/289M
[INFO] ------------------------------------------------------------------------
Mon Oct 22 16:53:00 UTC 2018
