Wed Nov 29 14:59:11 MST 2017
Ontology download URL: http://purl.obolibrary.org/obo/obi/obi_core.owl
  % Total    % Received % Xferd  Average Speed   Time    Time     Time  Current
                                 Dload  Upload   Total   Spent    Left  Speed
  0     0    0     0    0     0      0      0 --:--:-- --:--:-- --:--:--     0  0     0    0     0    0     0      0      0 --:--:-- --:--:-- --:--:--     0100   344  100   344    0     0   1897      0 --:--:-- --:--:-- --:--:--  1890
  0  346k    0  1917    0     0   1666      0  0:03:32  0:00:01  0:03:31  1666100  346k  100  346k    0     0   245k      0  0:00:01  0:00:01 --:--:-- 1320k
Wed Nov 29 14:59:12 MST 2017

Wed Nov 29 14:59:13 MST 2017
Validating ontology file: /scratch/Shares/hunter/obo-ci/data/download/ontologies/obi_obi_core/obi_obi_core.owl
[INFO] Error stacktraces are turned on.
[INFO] Scanning for projects...
[INFO]                                                                         
[INFO] ------------------------------------------------------------------------
[INFO] Building kabob-ontology-flatten 1.0
[INFO] ------------------------------------------------------------------------
[INFO] 
[INFO] --- exec-maven-plugin:1.1:exec (default-cli) @ kabob-ontology-flatten ---
[INFO] /bin/sh: module: line 1: syntax error: unexpected end of file
[INFO] /bin/sh: error importing function definition for `BASH_FUNC_module'
[INFO] 2017-11-29 14:59:21,909 INFO  (ParserWrapper:75) Start loading ontology: file:/scratch/Shares/hunter/obo-ci/data/download/ontologies/obi_obi_core/obi_obi_core.owl from: file:/scratch/Shares/hunter/obo-ci/data/download/ontologies/obi_obi_core/obi_obi_core.owl
[INFO] 2017-11-29 14:59:23,255 INFO  (ParserWrapper:82) Finished loading ontology: http://purl.obolibrary.org/obo/obi/obi_core.owl from: file:/scratch/Shares/hunter/obo-ci/data/download/ontologies/obi_obi_core/obi_obi_core.owl
[INFO] 2017-11-29 14:59:23,268 INFO  (CommandRunner:3243) saving:http://purl.obolibrary.org/obo/obi/obi_core.owl using RDF/XML Syntax
[INFO] ------------------------------------------------------------------------
[INFO] BUILD SUCCESS
[INFO] ------------------------------------------------------------------------
[INFO] Total time: 8.933 s
[INFO] Finished at: 2017-11-29T14:59:23-07:00
[INFO] Final Memory: 21M/1963M
[INFO] ------------------------------------------------------------------------
Wed Nov 29 14:59:24 MST 2017

Download validation successful. Triple count = 4535
