Mon Oct 22 16:54:18 UTC 2018
Ontology download URL: http://purl.obolibrary.org/obo/obib.owl
  % Total    % Received % Xferd  Average Speed   Time    Time     Time  Current
                                 Dload  Upload   Total   Spent    Left  Speed
  0     0    0     0    0     0      0      0 --:--:-- --:--:-- --:--:--     0  0     0    0     0    0     0      0      0 --:--:-- --:--:-- --:--:--     0100   344  100   344    0     0   2159      0 --:--:-- --:--:-- --:--:--  2150
 37 2494k   37  927k    0     0   910k      0  0:00:02  0:00:01  0:00:01  910k100 2494k  100 2494k    0     0  1654k      0  0:00:01  0:00:01 --:--:-- 3204k
Mon Oct 22 16:54:20 UTC 2018

Mon Oct 22 16:54:20 UTC 2018
Validating ontology file: /mnt/efsdata/obo-ci-data/download/ontologies/obib/obib.owl
[INFO] Error stacktraces are turned on.
[INFO] Scanning for projects...
[INFO]                                                                         
[INFO] ------------------------------------------------------------------------
[INFO] Building kabob-ontology-flatten 1.0
[INFO] ------------------------------------------------------------------------
[INFO] 
[INFO] --- exec-maven-plugin:1.1:exec (default-cli) @ kabob-ontology-flatten ---
[INFO] 2018-10-22 16:54:24,206 INFO  (ParserWrapper:75) Start loading ontology: file:/mnt/efsdata/obo-ci-data/download/ontologies/obib/obib.owl from: file:/mnt/efsdata/obo-ci-data/download/ontologies/obib/obib.owl
[INFO] 2018-10-22 16:54:25,671 INFO  (ParserWrapper:82) Finished loading ontology: http://purl.obolibrary.org/obo/obib.owl from: file:/mnt/efsdata/obo-ci-data/download/ontologies/obib/obib.owl
[INFO] 2018-10-22 16:54:25,681 INFO  (CommandRunner:3243) saving:http://purl.obolibrary.org/obo/obib.owl using RDF/XML Syntax
[INFO] ------------------------------------------------------------------------
[INFO] BUILD SUCCESS
[INFO] ------------------------------------------------------------------------
[INFO] Total time: 4.833s
[INFO] Finished at: Mon Oct 22 16:54:26 UTC 2018
[INFO] Final Memory: 5M/229M
[INFO] ------------------------------------------------------------------------
Mon Oct 22 16:54:26 UTC 2018

Download validation successful. Triple count = 36395
