Wed Nov 29 14:59:14 MST 2017
Ontology download URL: http://purl.obolibrary.org/obo/ogms.owl
  % Total    % Received % Xferd  Average Speed   Time    Time     Time  Current
                                 Dload  Upload   Total   Spent    Left  Speed
  0     0    0     0    0     0      0      0 --:--:-- --:--:-- --:--:--     0  0     0    0     0    0     0      0      0 --:--:-- --:--:-- --:--:--     0100   341  100   341    0     0   1567      0 --:--:-- --:--:-- --:--:--  1564
100 64443  100 64443    0     0  59988      0  0:00:01  0:00:01 --:--:-- 59988
Wed Nov 29 14:59:15 MST 2017

Wed Nov 29 14:59:16 MST 2017
Validating ontology file: /scratch/Shares/hunter/obo-ci/data/download/ontologies/ogms/ogms.owl
[INFO] Error stacktraces are turned on.
[INFO] Scanning for projects...
[INFO]                                                                         
[INFO] ------------------------------------------------------------------------
[INFO] Building kabob-ontology-flatten 1.0
[INFO] ------------------------------------------------------------------------
[INFO] 
[INFO] --- exec-maven-plugin:1.1:exec (default-cli) @ kabob-ontology-flatten ---
[INFO] /bin/sh: module: line 1: syntax error: unexpected end of file
[INFO] /bin/sh: error importing function definition for `BASH_FUNC_module'
[INFO] 2017-11-29 14:59:22,569 INFO  (ParserWrapper:75) Start loading ontology: file:/scratch/Shares/hunter/obo-ci/data/download/ontologies/ogms/ogms.owl from: file:/scratch/Shares/hunter/obo-ci/data/download/ontologies/ogms/ogms.owl
[INFO] 2017-11-29 14:59:23,270 INFO  (ParserWrapper:75) Start loading ontology: http://purl.obolibrary.org/obo/iao/dev/ontology-metadata.owl from: http://purl.obolibrary.org/obo/iao/dev/ontology-metadata.owl
[INFO] 2017-11-29 14:59:25,291 INFO  (ParserWrapper:82) Finished loading ontology: http://purl.obolibrary.org/obo/iao/ontology-metadata.owl from: http://purl.obolibrary.org/obo/iao/dev/ontology-metadata.owl
[INFO] 2017-11-29 14:59:25,293 INFO  (ParserWrapper:75) Start loading ontology: http://protege.stanford.edu/plugins/owl/dc/protege-dc.owl from: http://protege.stanford.edu/plugins/owl/dc/protege-dc.owl
[INFO] 2017-11-29 14:59:26,974 INFO  (ParserWrapper:82) Finished loading ontology: http://protege.stanford.edu/plugins/owl/dc/protege-dc.owl from: http://protege.stanford.edu/plugins/owl/dc/protege-dc.owl
[INFO] 2017-11-29 14:59:26,975 INFO  (ParserWrapper:75) Start loading ontology: http://purl.obolibrary.org/obo/bfo/2.0/bfo.owl from: http://purl.obolibrary.org/obo/bfo/2.0/bfo.owl
[INFO] 2017-11-29 14:59:27,893 INFO  (ParserWrapper:82) Finished loading ontology: http://purl.obolibrary.org/obo/bfo.owl from: http://purl.obolibrary.org/obo/bfo/2.0/bfo.owl
[INFO] 2017-11-29 14:59:28,239 INFO  (ParserWrapper:82) Finished loading ontology: http://purl.obolibrary.org/obo/ogms.owl from: file:/scratch/Shares/hunter/obo-ci/data/download/ontologies/ogms/ogms.owl
[INFO] 2017-11-29 14:59:28,256 INFO  (CommandRunner:3243) saving:http://purl.obolibrary.org/obo/ogms.owl using RDF/XML Syntax
[INFO] ------------------------------------------------------------------------
[INFO] BUILD SUCCESS
[INFO] ------------------------------------------------------------------------
[INFO] Total time: 10.980 s
[INFO] Finished at: 2017-11-29T14:59:28-07:00
[INFO] Final Memory: 21M/1963M
[INFO] ------------------------------------------------------------------------
Wed Nov 29 14:59:28 MST 2017

Download validation successful. Triple count = 1259
