Wed Nov 29 14:59:15 MST 2017
Ontology download URL: http://purl.obolibrary.org/obo/ohmi.owl
  % Total    % Received % Xferd  Average Speed   Time    Time     Time  Current
                                 Dload  Upload   Total   Spent    Left  Speed
  0     0    0     0    0     0      0      0 --:--:-- --:--:-- --:--:--     0100   348  100   348    0     0    954      0 --:--:-- --:--:-- --:--:--   956
  0     0    0     0    0     0      0      0 --:--:-- --:--:-- --:--:--     0  8 1503k    8  127k    0     0  86270      0  0:00:17  0:00:01  0:00:16  141k 56 1503k   56  853k    0     0   340k      0  0:00:04  0:00:02  0:00:02  451k100 1503k  100 1503k    0     0   481k      0  0:00:03  0:00:03 --:--:--  599k
Wed Nov 29 14:59:19 MST 2017

Wed Nov 29 14:59:21 MST 2017
Validating ontology file: /scratch/Shares/hunter/obo-ci/data/download/ontologies/ohmi/ohmi.owl
[INFO] Error stacktraces are turned on.
[INFO] Scanning for projects...
[INFO]                                                                         
[INFO] ------------------------------------------------------------------------
[INFO] Building kabob-ontology-flatten 1.0
[INFO] ------------------------------------------------------------------------
[INFO] 
[INFO] --- exec-maven-plugin:1.1:exec (default-cli) @ kabob-ontology-flatten ---
[INFO] /bin/sh: module: line 1: syntax error: unexpected end of file
[INFO] /bin/sh: error importing function definition for `BASH_FUNC_module'
[INFO] 2017-11-29 14:59:28,906 INFO  (ParserWrapper:75) Start loading ontology: file:/scratch/Shares/hunter/obo-ci/data/download/ontologies/ohmi/ohmi.owl from: file:/scratch/Shares/hunter/obo-ci/data/download/ontologies/ohmi/ohmi.owl
[INFO] 2017-11-29 14:59:31,588 INFO  (ParserWrapper:82) Finished loading ontology: http://purl.obolibrary.org/obo/ohmi.owl from: file:/scratch/Shares/hunter/obo-ci/data/download/ontologies/ohmi/ohmi.owl
[INFO] 2017-11-29 14:59:31,600 INFO  (CommandRunner:3243) saving:http://purl.obolibrary.org/obo/ohmi.owl using RDF/XML Syntax
[INFO] ------------------------------------------------------------------------
[INFO] BUILD SUCCESS
[INFO] ------------------------------------------------------------------------
[INFO] Total time: 12.674 s
[INFO] Finished at: 2017-11-29T14:59:35-07:00
[INFO] Final Memory: 21M/1963M
[INFO] ------------------------------------------------------------------------
Wed Nov 29 14:59:35 MST 2017

Download validation successful. Triple count = 26434
