Mon Oct 22 16:54:34 UTC 2018
Consolidating all ontology imports for: /mnt/efsdata/obo-ci-data/download/ontologies/omiabis/omiabis.owl
[INFO] Error stacktraces are turned on.
[INFO] Scanning for projects...
[INFO]                                                                         
[INFO] ------------------------------------------------------------------------
[INFO] Building kabob-ontology-flatten 1.0
[INFO] ------------------------------------------------------------------------
[INFO] 
[INFO] --- exec-maven-plugin:1.1:exec (default-cli) @ kabob-ontology-flatten ---
[INFO] 2018-10-22 16:54:37,902 INFO  (ParserWrapper:75) Start loading ontology: file:/mnt/efsdata/obo-ci-data/download/ontologies/omiabis/omiabis.owl from: file:/mnt/efsdata/obo-ci-data/download/ontologies/omiabis/omiabis.owl
[INFO] 2018-10-22 16:54:38,962 INFO  (ParserWrapper:82) Finished loading ontology: http://purl.obolibrary.org/obo/omiabis.owl from: file:/mnt/efsdata/obo-ci-data/download/ontologies/omiabis/omiabis.owl
[INFO] 2018-10-22 16:54:38,974 INFO  (CommandRunner:3243) saving:http://purl.obolibrary.org/obo/omiabis.owl using RDF/XML Syntax
[INFO] ------------------------------------------------------------------------
[INFO] BUILD SUCCESS
[INFO] ------------------------------------------------------------------------
[INFO] Total time: 3.844s
[INFO] Finished at: Mon Oct 22 16:54:39 UTC 2018
[INFO] Final Memory: 5M/229M
[INFO] ------------------------------------------------------------------------
Mon Oct 22 16:54:39 UTC 2018
