Mon Oct 22 16:54:27 UTC 2018
Ontology download URL: http://purl.obolibrary.org/obo/omiabis.owl
  % Total    % Received % Xferd  Average Speed   Time    Time     Time  Current
                                 Dload  Upload   Total   Spent    Left  Speed
  0     0    0     0    0     0      0      0 --:--:-- --:--:-- --:--:--     0  0     0    0     0    0     0      0      0 --:--:-- --:--:-- --:--:--     0100   363  100   363    0     0    867      0 --:--:-- --:--:-- --:--:--   868
100  966k  100  966k    0     0  1003k      0 --:--:-- --:--:-- --:--:-- 1003k
Mon Oct 22 16:54:28 UTC 2018

Mon Oct 22 16:54:28 UTC 2018
Validating ontology file: /mnt/efsdata/obo-ci-data/download/ontologies/omiabis/omiabis.owl
[INFO] Error stacktraces are turned on.
[INFO] Scanning for projects...
[INFO]                                                                         
[INFO] ------------------------------------------------------------------------
[INFO] Building kabob-ontology-flatten 1.0
[INFO] ------------------------------------------------------------------------
[INFO] 
[INFO] --- exec-maven-plugin:1.1:exec (default-cli) @ kabob-ontology-flatten ---
[INFO] 2018-10-22 16:54:32,407 INFO  (ParserWrapper:75) Start loading ontology: file:/mnt/efsdata/obo-ci-data/download/ontologies/omiabis/omiabis.owl from: file:/mnt/efsdata/obo-ci-data/download/ontologies/omiabis/omiabis.owl
[INFO] 2018-10-22 16:54:33,435 INFO  (ParserWrapper:82) Finished loading ontology: http://purl.obolibrary.org/obo/omiabis.owl from: file:/mnt/efsdata/obo-ci-data/download/ontologies/omiabis/omiabis.owl
[INFO] 2018-10-22 16:54:33,448 INFO  (CommandRunner:3243) saving:http://purl.obolibrary.org/obo/omiabis.owl using RDF/XML Syntax
[INFO] ------------------------------------------------------------------------
[INFO] BUILD SUCCESS
[INFO] ------------------------------------------------------------------------
[INFO] Total time: 3.944s
[INFO] Finished at: Mon Oct 22 16:54:34 UTC 2018
[INFO] Final Memory: 5M/229M
[INFO] ------------------------------------------------------------------------
Mon Oct 22 16:54:34 UTC 2018

Download validation successful. Triple count = 13710
