Mon Oct 22 16:54:29 UTC 2018
Ontology download URL: http://purl.obolibrary.org/obo/omit.owl
  % Total    % Received % Xferd  Average Speed   Time    Time     Time  Current
                                 Dload  Upload   Total   Spent    Left  Speed
  0     0    0     0    0     0      0      0 --:--:-- --:--:-- --:--:--     0  0     0    0     0    0     0      0      0 --:--:-- --:--:-- --:--:--     0100   346  100   346    0     0   2031      0 --:--:-- --:--:-- --:--:--  2023
  0     0    0     0    0     0      0      0 --:--:-- --:--:-- --:--:--     0
  4 33.2M    4 1584k    0     0  1471k      0  0:00:23  0:00:01  0:00:22 1471k 41 33.2M   41 13.9M    0     0  6868k      0  0:00:04  0:00:02  0:00:02 12.3M100 33.2M  100 33.2M    0     0  10.9M      0  0:00:03  0:00:03 --:--:-- 16.1M
Mon Oct 22 16:54:33 UTC 2018

Mon Oct 22 16:54:33 UTC 2018
Validating ontology file: /mnt/efsdata/obo-ci-data/download/ontologies/omit/omit.owl
[INFO] Error stacktraces are turned on.
[INFO] Scanning for projects...
[INFO]                                                                         
[INFO] ------------------------------------------------------------------------
[INFO] Building kabob-ontology-flatten 1.0
[INFO] ------------------------------------------------------------------------
[INFO] 
[INFO] --- exec-maven-plugin:1.1:exec (default-cli) @ kabob-ontology-flatten ---
[INFO] 2018-10-22 16:54:37,584 INFO  (ParserWrapper:75) Start loading ontology: file:/mnt/efsdata/obo-ci-data/download/ontologies/omit/omit.owl from: file:/mnt/efsdata/obo-ci-data/download/ontologies/omit/omit.owl
[INFO] 2018-10-22 16:54:37,770 INFO  (ParserWrapper:75) Start loading ontology: http://purl.obolibrary.org/obo/ncro/2015-12-10/ncro.owl from: http://purl.obolibrary.org/obo/ncro/2015-12-10/ncro.owl
[INFO] 2018-10-22 16:54:38,688 INFO  (ParserWrapper:75) Start loading ontology: http://purl.obolibrary.org/obo/bfo.owl from: http://purl.obolibrary.org/obo/bfo.owl
[INFO] 2018-10-22 16:54:39,166 INFO  (ParserWrapper:82) Finished loading ontology: http://purl.obolibrary.org/obo/bfo.owl from: http://purl.obolibrary.org/obo/bfo.owl
[INFO] 2018-10-22 16:54:39,168 INFO  (ParserWrapper:75) Start loading ontology: http://purl.obolibrary.org/obo/iao/ontology-metadata.owl from: http://purl.obolibrary.org/obo/iao/ontology-metadata.owl
[INFO] 2018-10-22 16:54:39,418 INFO  (ParserWrapper:82) Finished loading ontology: http://purl.obolibrary.org/obo/iao/ontology-metadata.owl from: http://purl.obolibrary.org/obo/iao/ontology-metadata.owl
[INFO] 2018-10-22 16:54:39,420 INFO  (ParserWrapper:75) Start loading ontology: http://purl.obolibrary.org/obo/ncro/2015-12-10/chebi-imports.owl from: http://purl.obolibrary.org/obo/ncro/2015-12-10/chebi-imports.owl
[INFO] 2018-10-22 16:54:39,750 INFO  (ParserWrapper:82) Finished loading ontology: http://purl.obolibrary.org/obo/chebi-imports.owl from: http://purl.obolibrary.org/obo/ncro/2015-12-10/chebi-imports.owl
[INFO] 2018-10-22 16:54:39,752 INFO  (ParserWrapper:75) Start loading ontology: http://purl.obolibrary.org/obo/ncro/2015-12-10/clo-imports.owl from: http://purl.obolibrary.org/obo/ncro/2015-12-10/clo-imports.owl
[INFO] 2018-10-22 16:54:40,078 INFO  (ParserWrapper:82) Finished loading ontology: http://purl.obolibrary.org/obo/clo-imports.owl from: http://purl.obolibrary.org/obo/ncro/2015-12-10/clo-imports.owl
[INFO] 2018-10-22 16:54:40,079 INFO  (ParserWrapper:75) Start loading ontology: http://purl.obolibrary.org/obo/ncro/2015-12-10/doid-imports.owl from: http://purl.obolibrary.org/obo/ncro/2015-12-10/doid-imports.owl
[INFO] 2018-10-22 16:54:40,405 INFO  (ParserWrapper:82) Finished loading ontology: http://purl.obolibrary.org/obo/ncro/doid-imports.owl from: http://purl.obolibrary.org/obo/ncro/2015-12-10/doid-imports.owl
[INFO] 2018-10-22 16:54:40,406 INFO  (ParserWrapper:75) Start loading ontology: http://purl.obolibrary.org/obo/ncro/2015-12-10/go-imports.owl from: http://purl.obolibrary.org/obo/ncro/2015-12-10/go-imports.owl
[INFO] 2018-10-22 16:54:40,856 INFO  (ParserWrapper:82) Finished loading ontology: http://purl.obolibrary.org/obo/ncro/go-imports.owl from: http://purl.obolibrary.org/obo/ncro/2015-12-10/go-imports.owl
[INFO] 2018-10-22 16:54:40,858 INFO  (ParserWrapper:75) Start loading ontology: http://purl.obolibrary.org/obo/ncro/2015-12-10/iao-imports.owl from: http://purl.obolibrary.org/obo/ncro/2015-12-10/iao-imports.owl
[INFO] 2018-10-22 16:54:41,163 INFO  (ParserWrapper:82) Finished loading ontology: http://purl.obolibrary.org/obo/ncro/iao-imports.owl from: http://purl.obolibrary.org/obo/ncro/2015-12-10/iao-imports.owl
[INFO] 2018-10-22 16:54:41,166 INFO  (ParserWrapper:75) Start loading ontology: http://purl.obolibrary.org/obo/ncro/2015-12-10/obi-imports.owl from: http://purl.obolibrary.org/obo/ncro/2015-12-10/obi-imports.owl
[INFO] 2018-10-22 16:54:41,483 INFO  (ParserWrapper:82) Finished loading ontology: http://purl.obolibrary.org/obo/ncro/obi-imports.owl from: http://purl.obolibrary.org/obo/ncro/2015-12-10/obi-imports.owl
[INFO] 2018-10-22 16:54:41,485 INFO  (ParserWrapper:75) Start loading ontology: http://purl.obolibrary.org/obo/ncro/2015-12-10/pr-imports.owl from: http://purl.obolibrary.org/obo/ncro/2015-12-10/pr-imports.owl
[INFO] 2018-10-22 16:54:41,770 INFO  (ParserWrapper:82) Finished loading ontology: http://purl.obolibrary.org/obo/ncro/pr-imports.owl from: http://purl.obolibrary.org/obo/ncro/2015-12-10/pr-imports.owl
[INFO] 2018-10-22 16:54:41,772 INFO  (ParserWrapper:75) Start loading ontology: http://purl.obolibrary.org/obo/ncro/2015-12-10/ro-imports.owl from: http://purl.obolibrary.org/obo/ncro/2015-12-10/ro-imports.owl
[INFO] 2018-10-22 16:54:42,081 INFO  (ParserWrapper:82) Finished loading ontology: http://purl.obolibrary.org/obo/ncro/ro-imports.owl from: http://purl.obolibrary.org/obo/ncro/2015-12-10/ro-imports.owl
[INFO] 2018-10-22 16:54:42,083 INFO  (ParserWrapper:75) Start loading ontology: http://purl.obolibrary.org/obo/ncro/2015-12-10/so-imports.owl from: http://purl.obolibrary.org/obo/ncro/2015-12-10/so-imports.owl
[INFO] 2018-10-22 16:54:42,437 INFO  (ParserWrapper:82) Finished loading ontology: http://purl.obolibrary.org/obo/ncro/so-imports.owl from: http://purl.obolibrary.org/obo/ncro/2015-12-10/so-imports.owl
[INFO] 2018-10-22 16:54:42,440 INFO  (ParserWrapper:75) Start loading ontology: http://purl.obolibrary.org/obo/ncro/2015-12-10/uberon-imports.owl from: http://purl.obolibrary.org/obo/ncro/2015-12-10/uberon-imports.owl
[INFO] 2018-10-22 16:54:42,717 INFO  (ParserWrapper:82) Finished loading ontology: http://purl.obolibrary.org/obo/ncro/uberon-imports.owl from: http://purl.obolibrary.org/obo/ncro/2015-12-10/uberon-imports.owl
[INFO] 2018-10-22 16:54:43,478 INFO  (ParserWrapper:82) Finished loading ontology: http://purl.obolibrary.org/obo/ncro/ncro.owl from: http://purl.obolibrary.org/obo/ncro/2015-12-10/ncro.owl
[INFO] 2018-10-22 16:54:51,997 INFO  (ParserWrapper:82) Finished loading ontology: http://purl.obolibrary.org/obo/omit.owl from: file:/mnt/efsdata/obo-ci-data/download/ontologies/omit/omit.owl
[INFO] 2018-10-22 16:54:52,007 INFO  (CommandRunner:3243) saving:http://purl.obolibrary.org/obo/omit.owl using RDF/XML Syntax
[INFO] ------------------------------------------------------------------------
[INFO] BUILD SUCCESS
[INFO] ------------------------------------------------------------------------
[INFO] Total time: 25.597s
[INFO] Finished at: Mon Oct 22 16:55:00 UTC 2018
[INFO] Final Memory: 6M/289M
[INFO] ------------------------------------------------------------------------
Mon Oct 22 16:55:00 UTC 2018

Download validation successful. Triple count = 920504
