Wed Nov 29 14:59:16 MST 2017
Ontology download URL: http://purl.obolibrary.org/obo/omp.owl
  % Total    % Received % Xferd  Average Speed   Time    Time     Time  Current
                                 Dload  Upload   Total   Spent    Left  Speed
  0     0    0     0    0     0      0      0 --:--:-- --:--:-- --:--:--     0100   310  100   310    0     0   1302      0 --:--:-- --:--:-- --:--:--  1308
  0 3695k    0  1432    0     0   1897      0  0:33:14 --:--:--  0:33:14  1897 71 3695k   71 2656k    0     0  2020k      0  0:00:01  0:00:01 --:--:-- 4732k100 3695k  100 3695k    0     0  2560k      0  0:00:01  0:00:01 --:--:-- 5361k
Wed Nov 29 14:59:17 MST 2017

Wed Nov 29 14:59:17 MST 2017
Validating ontology file: /scratch/Shares/hunter/obo-ci/data/download/ontologies/omp/omp.owl
[INFO] Error stacktraces are turned on.
[INFO] Scanning for projects...
[INFO]                                                                         
[INFO] ------------------------------------------------------------------------
[INFO] Building kabob-ontology-flatten 1.0
[INFO] ------------------------------------------------------------------------
[INFO] 
[INFO] --- exec-maven-plugin:1.1:exec (default-cli) @ kabob-ontology-flatten ---
[INFO] /bin/sh: module: line 1: syntax error: unexpected end of file
[INFO] /bin/sh: error importing function definition for `BASH_FUNC_module'
[INFO] 2017-11-29 14:59:24,990 INFO  (ParserWrapper:75) Start loading ontology: file:/scratch/Shares/hunter/obo-ci/data/download/ontologies/omp/omp.owl from: file:/scratch/Shares/hunter/obo-ci/data/download/ontologies/omp/omp.owl
[INFO] 2017-11-29 14:59:31,358 INFO  (ParserWrapper:82) Finished loading ontology: http://purl.obolibrary.org/obo/omp.owl from: file:/scratch/Shares/hunter/obo-ci/data/download/ontologies/omp/omp.owl
[INFO] 2017-11-29 14:59:31,370 INFO  (CommandRunner:3243) saving:http://purl.obolibrary.org/obo/omp.owl using RDF/XML Syntax
[INFO] ------------------------------------------------------------------------
[INFO] BUILD SUCCESS
[INFO] ------------------------------------------------------------------------
[INFO] Total time: 15.350 s
[INFO] Finished at: 2017-11-29T14:59:34-07:00
[INFO] Final Memory: 21M/1963M
[INFO] ------------------------------------------------------------------------
Wed Nov 29 14:59:34 MST 2017

Download validation successful. Triple count = 46632
