Mon Oct 22 16:54:38 UTC 2018
Consolidating all ontology imports for: /mnt/efsdata/obo-ci-data/download/ontologies/omp/omp.owl
[INFO] Error stacktraces are turned on.
[INFO] Scanning for projects...
[INFO]                                                                         
[INFO] ------------------------------------------------------------------------
[INFO] Building kabob-ontology-flatten 1.0
[INFO] ------------------------------------------------------------------------
[INFO] 
[INFO] --- exec-maven-plugin:1.1:exec (default-cli) @ kabob-ontology-flatten ---
[INFO] 2018-10-22 16:54:42,528 INFO  (ParserWrapper:75) Start loading ontology: file:/mnt/efsdata/obo-ci-data/download/ontologies/omp/omp.owl from: file:/mnt/efsdata/obo-ci-data/download/ontologies/omp/omp.owl
[INFO] 2018-10-22 16:54:44,324 INFO  (ParserWrapper:82) Finished loading ontology: http://purl.obolibrary.org/obo/omp.owl from: file:/mnt/efsdata/obo-ci-data/download/ontologies/omp/omp.owl
[INFO] 2018-10-22 16:54:44,335 INFO  (CommandRunner:3243) saving:http://purl.obolibrary.org/obo/omp.owl using RDF/XML Syntax
[INFO] ------------------------------------------------------------------------
[INFO] BUILD SUCCESS
[INFO] ------------------------------------------------------------------------
[INFO] Total time: 5.391s
[INFO] Finished at: Mon Oct 22 16:54:45 UTC 2018
[INFO] Final Memory: 6M/289M
[INFO] ------------------------------------------------------------------------
Mon Oct 22 16:54:45 UTC 2018
