Wed Nov 29 14:59:16 MST 2017
Ontology download URL: http://purl.obolibrary.org/obo/omrse.owl
  % Total    % Received % Xferd  Average Speed   Time    Time     Time  Current
                                 Dload  Upload   Total   Spent    Left  Speed
  0     0    0     0    0     0      0      0 --:--:-- --:--:-- --:--:--     0100   337  100   337    0     0   1426      0 --:--:-- --:--:-- --:--:--  1427
  0     0    0     0    0     0      0      0 --:--:-- --:--:-- --:--:--     0  0  211k    0  1916    0     0   1449      0  0:02:29  0:00:01  0:02:28  2443 67  211k   67  143k    0     0  62803      0  0:00:03  0:00:02  0:00:01 81633100  211k  100  211k    0     0  79208      0  0:00:02  0:00:02 --:--:-- 98704
Wed Nov 29 14:59:18 MST 2017

Wed Nov 29 14:59:19 MST 2017
Validating ontology file: /scratch/Shares/hunter/obo-ci/data/download/ontologies/omrse/omrse.owl
[INFO] Error stacktraces are turned on.
[INFO] Scanning for projects...
[INFO]                                                                         
[INFO] ------------------------------------------------------------------------
[INFO] Building kabob-ontology-flatten 1.0
[INFO] ------------------------------------------------------------------------
[INFO] 
[INFO] --- exec-maven-plugin:1.1:exec (default-cli) @ kabob-ontology-flatten ---
[INFO] /bin/sh: module: line 1: syntax error: unexpected end of file
[INFO] /bin/sh: error importing function definition for `BASH_FUNC_module'
[INFO] 2017-11-29 14:59:26,841 INFO  (ParserWrapper:75) Start loading ontology: file:/scratch/Shares/hunter/obo-ci/data/download/ontologies/omrse/omrse.owl from: file:/scratch/Shares/hunter/obo-ci/data/download/ontologies/omrse/omrse.owl
[INFO] 2017-11-29 14:59:27,623 INFO  (ParserWrapper:75) Start loading ontology: http://purl.obolibrary.org/obo/bfo/2014-05-03/classes-only.owl from: http://purl.obolibrary.org/obo/bfo/2014-05-03/classes-only.owl
[INFO] 2017-11-29 14:59:29,376 INFO  (ParserWrapper:82) Finished loading ontology: http://purl.obolibrary.org/obo/bfo.owl from: http://purl.obolibrary.org/obo/bfo/2014-05-03/classes-only.owl
[INFO] 2017-11-29 14:59:29,378 INFO  (ParserWrapper:75) Start loading ontology: http://purl.obolibrary.org/obo/iao/pno/bfo2/pno.owl from: http://purl.obolibrary.org/obo/iao/pno/bfo2/pno.owl
[INFO] 2017-11-29 14:59:29,815 INFO  (ParserWrapper:75) Start loading ontology: http://purl.obolibrary.org/obo/ro/core.owl from: http://purl.obolibrary.org/obo/ro/core.owl
[INFO] 2017-11-29 14:59:30,384 INFO  (ParserWrapper:75) Start loading ontology: http://purl.obolibrary.org/obo/ro/annotations.owl from: http://purl.obolibrary.org/obo/ro/annotations.owl
[INFO] 2017-11-29 14:59:30,970 INFO  (ParserWrapper:82) Finished loading ontology: http://purl.obolibrary.org/obo/ro/annotations.owl from: http://purl.obolibrary.org/obo/ro/annotations.owl
[INFO] 2017-11-29 14:59:30,971 INFO  (ParserWrapper:75) Start loading ontology: http://purl.obolibrary.org/obo/ro/bfo-axioms.owl from: http://purl.obolibrary.org/obo/ro/bfo-axioms.owl
[INFO] 2017-11-29 14:59:31,571 INFO  (ParserWrapper:82) Finished loading ontology: http://purl.obolibrary.org/obo/ro/bfo-axioms.owl from: http://purl.obolibrary.org/obo/ro/bfo-axioms.owl
[INFO] 2017-11-29 14:59:31,573 INFO  (ParserWrapper:75) Start loading ontology: http://purl.obolibrary.org/obo/ro/bfo-classes-minimal.owl from: http://purl.obolibrary.org/obo/ro/bfo-classes-minimal.owl
[INFO] 2017-11-29 14:59:31,973 INFO  (ParserWrapper:82) Finished loading ontology: http://purl.obolibrary.org/obo/ro/bfo-classes-minimal.owl from: http://purl.obolibrary.org/obo/ro/bfo-classes-minimal.owl
[INFO] 2017-11-29 14:59:32,017 INFO  (ParserWrapper:82) Finished loading ontology: http://purl.obolibrary.org/obo/ro/core.owl from: http://purl.obolibrary.org/obo/ro/core.owl
[INFO] 2017-11-29 14:59:32,055 INFO  (ParserWrapper:82) Finished loading ontology: http://purl.obolibrary.org/obo/iao/pno/bfo2/pno.owl from: http://purl.obolibrary.org/obo/iao/pno/bfo2/pno.owl
[INFO] 2017-11-29 14:59:32,056 INFO  (ParserWrapper:75) Start loading ontology: http://purl.obolibrary.org/obo/iao/ontology-metadata.owl from: http://purl.obolibrary.org/obo/iao/ontology-metadata.owl
[INFO] 2017-11-29 14:59:32,459 INFO  (ParserWrapper:82) Finished loading ontology: http://purl.obolibrary.org/obo/iao/ontology-metadata.owl from: http://purl.obolibrary.org/obo/iao/ontology-metadata.owl
[INFO] 2017-11-29 14:59:32,460 INFO  (ParserWrapper:75) Start loading ontology: http://purl.obolibrary.org/obo/iao/2015-02-23/iao.owl from: http://purl.obolibrary.org/obo/iao/2015-02-23/iao.owl
[INFO] 2017-11-29 14:59:32,986 INFO  (ParserWrapper:82) Finished loading ontology: http://purl.obolibrary.org/obo/iao.owl from: http://purl.obolibrary.org/obo/iao/2015-02-23/iao.owl
[INFO] 2017-11-29 14:59:34,688 INFO  (ParserWrapper:82) Finished loading ontology: http://purl.obolibrary.org/obo/omrse.owl from: file:/scratch/Shares/hunter/obo-ci/data/download/ontologies/omrse/omrse.owl
[INFO] 2017-11-29 14:59:34,700 INFO  (CommandRunner:3243) saving:http://purl.obolibrary.org/obo/omrse.owl using RDF/XML Syntax
[INFO] ------------------------------------------------------------------------
[INFO] BUILD SUCCESS
[INFO] ------------------------------------------------------------------------
[INFO] Total time: 13.801 s
[INFO] Finished at: 2017-11-29T14:59:34-07:00
[INFO] Final Memory: 21M/1963M
[INFO] ------------------------------------------------------------------------
Wed Nov 29 14:59:35 MST 2017

Download validation successful. Triple count = 3972
