Wed Nov 29 14:59:16 MST 2017
Ontology download URL: http://purl.obolibrary.org/obo/ontoneo.owl
  % Total    % Received % Xferd  Average Speed   Time    Time     Time  Current
                                 Dload  Upload   Total   Spent    Left  Speed
  0     0    0     0    0     0      0      0 --:--:-- --:--:-- --:--:--     0100   345  100   345    0     0   1400      0 --:--:-- --:--:-- --:--:--  1402
  0     0    0     0    0     0      0      0 --:--:-- --:--:-- --:--:--     0  0  452k    0  1916    0     0   1248      0  0:06:11  0:00:01  0:06:10  1983 24  452k   24  111k    0     0  49018      0  0:00:09  0:00:02  0:00:07 64905 66  452k   66  303k    0     0  93563      0  0:00:04  0:00:03  0:00:01  110k100  452k  100  452k    0     0   107k      0  0:00:04  0:00:04 --:--:--  124k
Wed Nov 29 14:59:21 MST 2017

Wed Nov 29 14:59:22 MST 2017
Validating ontology file: /scratch/Shares/hunter/obo-ci/data/download/ontologies/ontoneo/ontoneo.owl
[INFO] Error stacktraces are turned on.
[INFO] Scanning for projects...
[INFO]                                                                         
[INFO] ------------------------------------------------------------------------
[INFO] Building kabob-ontology-flatten 1.0
[INFO] ------------------------------------------------------------------------
[INFO] 
[INFO] --- exec-maven-plugin:1.1:exec (default-cli) @ kabob-ontology-flatten ---
[INFO] /bin/sh: module: line 1: syntax error: unexpected end of file
[INFO] /bin/sh: error importing function definition for `BASH_FUNC_module'
[INFO] 2017-11-29 14:59:30,252 INFO  (ParserWrapper:75) Start loading ontology: file:/scratch/Shares/hunter/obo-ci/data/download/ontologies/ontoneo/ontoneo.owl from: file:/scratch/Shares/hunter/obo-ci/data/download/ontologies/ontoneo/ontoneo.owl
[INFO] 2017-11-29 14:59:30,698 INFO  (ParserWrapper:75) Start loading ontology: http://purl.obolibrary.org/obo/ontoneo/import/bcgo_import.owl from: http://purl.obolibrary.org/obo/ontoneo/import/bcgo_import.owl
[INFO] 2017-11-29 14:59:31,806 INFO  (ParserWrapper:82) Finished loading ontology: http://purl.obolibrary.org/obo/ontoneo/import/bcgo_import.owl from: http://purl.obolibrary.org/obo/ontoneo/import/bcgo_import.owl
[INFO] 2017-11-29 14:59:31,807 INFO  (ParserWrapper:75) Start loading ontology: http://purl.obolibrary.org/obo/ontoneo/import/bfo_import.owl from: http://purl.obolibrary.org/obo/ontoneo/import/bfo_import.owl
[INFO] 2017-11-29 14:59:32,270 INFO  (ParserWrapper:82) Finished loading ontology: http://purl.obolibrary.org/obo/ontoneo/import/bfo_import.owl from: http://purl.obolibrary.org/obo/ontoneo/import/bfo_import.owl
[INFO] 2017-11-29 14:59:32,271 INFO  (ParserWrapper:75) Start loading ontology: http://purl.obolibrary.org/obo/ontoneo/import/cl_import.owl from: http://purl.obolibrary.org/obo/ontoneo/import/cl_import.owl
[INFO] 2017-11-29 14:59:32,754 INFO  (ParserWrapper:82) Finished loading ontology: http://purl.obolibrary.org/obo/ontoneo/import/cl_import.owl from: http://purl.obolibrary.org/obo/ontoneo/import/cl_import.owl
[INFO] 2017-11-29 14:59:32,755 INFO  (ParserWrapper:75) Start loading ontology: http://purl.obolibrary.org/obo/ontoneo/import/d-acts_import.owl from: http://purl.obolibrary.org/obo/ontoneo/import/d-acts_import.owl
[INFO] 2017-11-29 14:59:33,195 INFO  (ParserWrapper:82) Finished loading ontology: http://purl.obolibrary.org/obo/ontoneo/import/d-acts_import.owl from: http://purl.obolibrary.org/obo/ontoneo/import/d-acts_import.owl
[INFO] 2017-11-29 14:59:33,196 INFO  (ParserWrapper:75) Start loading ontology: http://purl.obolibrary.org/obo/ontoneo/import/doid_import.owl from: http://purl.obolibrary.org/obo/ontoneo/import/doid_import.owl
[INFO] 2017-11-29 14:59:33,809 INFO  (ParserWrapper:82) Finished loading ontology: http://purl.obolibrary.org/obo/ontoneo/import/doid_import.owl from: http://purl.obolibrary.org/obo/ontoneo/import/doid_import.owl
[INFO] 2017-11-29 14:59:33,811 INFO  (ParserWrapper:75) Start loading ontology: http://purl.obolibrary.org/obo/ontoneo/import/efo_import.owl from: http://purl.obolibrary.org/obo/ontoneo/import/efo_import.owl
[INFO] 2017-11-29 14:59:34,207 INFO  (ParserWrapper:82) Finished loading ontology: http://purl.obolibrary.org/obo/ontoneo/import/efo_import.owl from: http://purl.obolibrary.org/obo/ontoneo/import/efo_import.owl
[INFO] 2017-11-29 14:59:34,209 INFO  (ParserWrapper:75) Start loading ontology: http://purl.obolibrary.org/obo/ontoneo/import/ero_import.owl from: http://purl.obolibrary.org/obo/ontoneo/import/ero_import.owl
[INFO] 2017-11-29 14:59:34,724 INFO  (ParserWrapper:82) Finished loading ontology: http://purl.obolibrary.org/obo/ontoneo/import/ero_import.owl from: http://purl.obolibrary.org/obo/ontoneo/import/ero_import.owl
[INFO] 2017-11-29 14:59:34,726 INFO  (ParserWrapper:75) Start loading ontology: http://purl.obolibrary.org/obo/ontoneo/import/fma_import.owl from: http://purl.obolibrary.org/obo/ontoneo/import/fma_import.owl
[INFO] 2017-11-29 14:59:35,317 INFO  (ParserWrapper:82) Finished loading ontology: http://purl.obolibrary.org/obo/ontoneo/import/fma_import.owl from: http://purl.obolibrary.org/obo/ontoneo/import/fma_import.owl
[INFO] 2017-11-29 14:59:35,319 INFO  (ParserWrapper:75) Start loading ontology: http://purl.obolibrary.org/obo/ontoneo/import/go_import.owl from: http://purl.obolibrary.org/obo/ontoneo/import/go_import.owl
[INFO] 2017-11-29 14:59:35,844 INFO  (ParserWrapper:82) Finished loading ontology: http://purl.obolibrary.org/obo/ontoneo/import/go_import.owl from: http://purl.obolibrary.org/obo/ontoneo/import/go_import.owl
[INFO] 2017-11-29 14:59:35,845 INFO  (ParserWrapper:75) Start loading ontology: http://purl.obolibrary.org/obo/ontoneo/import/hp_import.owl from: http://purl.obolibrary.org/obo/ontoneo/import/hp_import.owl
[INFO] 2017-11-29 14:59:36,390 INFO  (ParserWrapper:82) Finished loading ontology: http://purl.obolibrary.org/obo/ontoneo/import/hp_import.owl from: http://purl.obolibrary.org/obo/ontoneo/import/hp_import.owl
[INFO] 2017-11-29 14:59:36,391 INFO  (ParserWrapper:75) Start loading ontology: http://purl.obolibrary.org/obo/ontoneo/import/iao_import.owl from: http://purl.obolibrary.org/obo/ontoneo/import/iao_import.owl
[INFO] 2017-11-29 14:59:36,883 ERROR (OWLOntologyManagerImpl:1138) Illegal redeclarations of entities: reuse of entity http://purl.obolibrary.org/obo/IAO_0000404 in punning not allowed [Declaration(DataProperty(<http://purl.obolibrary.org/obo/IAO_0000404>)), Declaration(AnnotationProperty(<http://purl.obolibrary.org/obo/IAO_0000404>))]
[INFO] 2017-11-29 14:59:36,884 ERROR (OWLOntologyManagerImpl:1138) Illegal redeclarations of entities: reuse of entity http://purl.obolibrary.org/obo/IAO_0000405 in punning not allowed [Declaration(AnnotationProperty(<http://purl.obolibrary.org/obo/IAO_0000405>)), Declaration(DataProperty(<http://purl.obolibrary.org/obo/IAO_0000405>))]
[INFO] 2017-11-29 14:59:36,885 ERROR (OWLOntologyManagerImpl:1138) Illegal redeclarations of entities: reuse of entity http://purl.obolibrary.org/obo/IAO_0000406 in punning not allowed [Declaration(AnnotationProperty(<http://purl.obolibrary.org/obo/IAO_0000406>)), Declaration(DataProperty(<http://purl.obolibrary.org/obo/IAO_0000406>))]
[INFO] 2017-11-29 14:59:36,885 ERROR (OWLOntologyManagerImpl:1138) Illegal redeclarations of entities: reuse of entity http://purl.obolibrary.org/obo/IAO_0000407 in punning not allowed [Declaration(ObjectProperty(<http://purl.obolibrary.org/obo/IAO_0000407>)), Declaration(AnnotationProperty(<http://purl.obolibrary.org/obo/IAO_0000407>))]
[INFO] 2017-11-29 14:59:36,886 INFO  (ParserWrapper:82) Finished loading ontology: http://purl.obolibrary.org/obo/ontoneo/import/iao_import.owl from: http://purl.obolibrary.org/obo/ontoneo/import/iao_import.owl
[INFO] 2017-11-29 14:59:36,888 INFO  (ParserWrapper:75) Start loading ontology: http://purl.obolibrary.org/obo/ontoneo/import/mp_import.owl from: http://purl.obolibrary.org/obo/ontoneo/import/mp_import.owl
[INFO] 2017-11-29 14:59:37,306 INFO  (ParserWrapper:82) Finished loading ontology: http://purl.obolibrary.org/obo/ontoneo/import/mp_import.owl from: http://purl.obolibrary.org/obo/ontoneo/import/mp_import.owl
[INFO] 2017-11-29 14:59:37,308 INFO  (ParserWrapper:75) Start loading ontology: http://purl.obolibrary.org/obo/ontoneo/import/mpath_import.owl from: http://purl.obolibrary.org/obo/ontoneo/import/mpath_import.owl
[INFO] 2017-11-29 14:59:37,740 INFO  (ParserWrapper:82) Finished loading ontology: http://purl.obolibrary.org/obo/ontoneo/import/mpath_import.owl from: http://purl.obolibrary.org/obo/ontoneo/import/mpath_import.owl
[INFO] 2017-11-29 14:59:37,741 INFO  (ParserWrapper:75) Start loading ontology: http://purl.obolibrary.org/obo/ontoneo/import/oae_import.owl from: http://purl.obolibrary.org/obo/ontoneo/import/oae_import.owl
[INFO] 2017-11-29 14:59:38,165 INFO  (ParserWrapper:82) Finished loading ontology: http://purl.obolibrary.org/obo/ontoneo/import/oae_import.owl from: http://purl.obolibrary.org/obo/ontoneo/import/oae_import.owl
[INFO] 2017-11-29 14:59:38,171 INFO  (ParserWrapper:75) Start loading ontology: http://purl.obolibrary.org/obo/ontoneo/import/obi_import.owl from: http://purl.obolibrary.org/obo/ontoneo/import/obi_import.owl
[INFO] 2017-11-29 14:59:38,635 INFO  (ParserWrapper:82) Finished loading ontology: http://purl.obolibrary.org/obo/ontoneo/import/obi_import.owl from: http://purl.obolibrary.org/obo/ontoneo/import/obi_import.owl
[INFO] 2017-11-29 14:59:38,636 INFO  (ParserWrapper:75) Start loading ontology: http://purl.obolibrary.org/obo/ontoneo/import/ogms_import.owl from: http://purl.obolibrary.org/obo/ontoneo/import/ogms_import.owl
[INFO] 2017-11-29 14:59:39,116 INFO  (ParserWrapper:82) Finished loading ontology: http://purl.obolibrary.org/obo/ontoneo/import/ogms_import.owl from: http://purl.obolibrary.org/obo/ontoneo/import/ogms_import.owl
[INFO] 2017-11-29 14:59:39,119 INFO  (ParserWrapper:75) Start loading ontology: http://purl.obolibrary.org/obo/ontoneo/import/omiabis_import.owl from: http://purl.obolibrary.org/obo/ontoneo/import/omiabis_import.owl
[INFO] 2017-11-29 14:59:39,531 INFO  (ParserWrapper:82) Finished loading ontology: http://purl.obolibrary.org/obo/ontoneo/import/omiabis_import.owl from: http://purl.obolibrary.org/obo/ontoneo/import/omiabis_import.owl
[INFO] 2017-11-29 14:59:39,533 INFO  (ParserWrapper:75) Start loading ontology: http://purl.obolibrary.org/obo/ontoneo/import/omrse_import.owl from: http://purl.obolibrary.org/obo/ontoneo/import/omrse_import.owl
[INFO] 2017-11-29 14:59:39,981 ERROR (OWLOntologyManagerImpl:1138) Illegal redeclarations of entities: reuse of entity http://purl.obolibrary.org/obo/OMRSE_00000136 in punning not allowed [Declaration(AnnotationProperty(<http://purl.obolibrary.org/obo/OMRSE_00000136>)), Declaration(DataProperty(<http://purl.obolibrary.org/obo/OMRSE_00000136>))]
[INFO] 2017-11-29 14:59:39,981 INFO  (ParserWrapper:82) Finished loading ontology: http://purl.obolibrary.org/obo/ontoneo/import/omrse_import.owl from: http://purl.obolibrary.org/obo/ontoneo/import/omrse_import.owl
[INFO] 2017-11-29 14:59:39,995 INFO  (ParserWrapper:75) Start loading ontology: http://purl.obolibrary.org/obo/ontoneo/import/pato_import.owl from: http://purl.obolibrary.org/obo/ontoneo/import/pato_import.owl
[INFO] 2017-11-29 14:59:40,470 INFO  (ParserWrapper:82) Finished loading ontology: http://purl.obolibrary.org/obo/ontoneo/import/pato_import.owl from: http://purl.obolibrary.org/obo/ontoneo/import/pato_import.owl
[INFO] 2017-11-29 14:59:40,472 INFO  (ParserWrapper:75) Start loading ontology: http://purl.obolibrary.org/obo/ontoneo/import/ro_import.owl from: http://purl.obolibrary.org/obo/ontoneo/import/ro_import.owl
[INFO] 2017-11-29 14:59:41,065 ERROR (OWLOntologyManagerImpl:1138) Illegal redeclarations of entities: reuse of entity http://purl.obolibrary.org/obo/RO_0002514 in punning not allowed [Declaration(AnnotationProperty(<http://purl.obolibrary.org/obo/RO_0002514>)), Declaration(ObjectProperty(<http://purl.obolibrary.org/obo/RO_0002514>))]
[INFO] 2017-11-29 14:59:41,065 ERROR (OWLOntologyManagerImpl:1138) Illegal redeclarations of entities: reuse of entity http://purl.obolibrary.org/obo/RO_0002009 in punning not allowed [Declaration(ObjectProperty(<http://purl.obolibrary.org/obo/RO_0002009>)), Declaration(AnnotationProperty(<http://purl.obolibrary.org/obo/RO_0002009>))]
[INFO] 2017-11-29 14:59:41,065 ERROR (OWLOntologyManagerImpl:1138) Illegal redeclarations of entities: reuse of entity http://purl.obolibrary.org/obo/RO_0002226 in punning not allowed [Declaration(AnnotationProperty(<http://purl.obolibrary.org/obo/RO_0002226>)), Declaration(ObjectProperty(<http://purl.obolibrary.org/obo/RO_0002226>))]
[INFO] 2017-11-29 14:59:41,065 ERROR (OWLOntologyManagerImpl:1138) Illegal redeclarations of entities: reuse of entity http://purl.obolibrary.org/obo/RO_0002303 in punning not allowed [Declaration(AnnotationProperty(<http://purl.obolibrary.org/obo/RO_0002303>)), Declaration(ObjectProperty(<http://purl.obolibrary.org/obo/RO_0002303>))]
[INFO] 2017-11-29 14:59:41,066 ERROR (OWLOntologyManagerImpl:1138) Illegal redeclarations of entities: reuse of entity http://purl.obolibrary.org/obo/RO_0002565 in punning not allowed [Declaration(AnnotationProperty(<http://purl.obolibrary.org/obo/RO_0002565>)), Declaration(ObjectProperty(<http://purl.obolibrary.org/obo/RO_0002565>))]
[INFO] 2017-11-29 14:59:41,066 ERROR (OWLOntologyManagerImpl:1138) Illegal redeclarations of entities: reuse of entity http://purl.obolibrary.org/obo/RO_0002576 in punning not allowed [Declaration(AnnotationProperty(<http://purl.obolibrary.org/obo/RO_0002576>)), Declaration(ObjectProperty(<http://purl.obolibrary.org/obo/RO_0002576>))]
[INFO] 2017-11-29 14:59:41,066 ERROR (OWLOntologyManagerImpl:1138) Illegal redeclarations of entities: reuse of entity http://purl.obolibrary.org/obo/RO_0002507 in punning not allowed [Declaration(AnnotationProperty(<http://purl.obolibrary.org/obo/RO_0002507>)), Declaration(ObjectProperty(<http://purl.obolibrary.org/obo/RO_0002507>))]
[INFO] 2017-11-29 14:59:41,067 ERROR (OWLOntologyManagerImpl:1138) Illegal redeclarations of entities: reuse of entity http://purl.obolibrary.org/obo/RO_0002093 in punning not allowed [Declaration(ObjectProperty(<http://purl.obolibrary.org/obo/RO_0002093>)), Declaration(AnnotationProperty(<http://purl.obolibrary.org/obo/RO_0002093>))]
[INFO] 2017-11-29 14:59:41,067 ERROR (OWLOntologyManagerImpl:1138) Illegal redeclarations of entities: reuse of entity http://purl.obolibrary.org/obo/RO_0002476 in punning not allowed [Declaration(ObjectProperty(<http://purl.obolibrary.org/obo/RO_0002476>)), Declaration(AnnotationProperty(<http://purl.obolibrary.org/obo/RO_0002476>))]
[INFO] 2017-11-29 14:59:41,067 ERROR (OWLOntologyManagerImpl:1138) Illegal redeclarations of entities: reuse of entity http://purl.obolibrary.org/obo/RO_0002256 in punning not allowed [Declaration(ObjectProperty(<http://purl.obolibrary.org/obo/RO_0002256>)), Declaration(AnnotationProperty(<http://purl.obolibrary.org/obo/RO_0002256>))]
[INFO] 2017-11-29 14:59:41,067 ERROR (OWLOntologyManagerImpl:1138) Illegal redeclarations of entities: reuse of entity http://purl.obolibrary.org/obo/RO_0002254 in punning not allowed [Declaration(AnnotationProperty(<http://purl.obolibrary.org/obo/RO_0002254>)), Declaration(ObjectProperty(<http://purl.obolibrary.org/obo/RO_0002254>))]
[INFO] 2017-11-29 14:59:41,068 ERROR (OWLOntologyManagerImpl:1138) Illegal redeclarations of entities: reuse of entity http://purl.obolibrary.org/obo/RO_0002100 in punning not allowed [Declaration(AnnotationProperty(<http://purl.obolibrary.org/obo/RO_0002100>)), Declaration(ObjectProperty(<http://purl.obolibrary.org/obo/RO_0002100>))]
[INFO] 2017-11-29 14:59:41,068 ERROR (OWLOntologyManagerImpl:1138) Illegal redeclarations of entities: reuse of entity http://purl.obolibrary.org/obo/RO_0002086 in punning not allowed [Declaration(ObjectProperty(<http://purl.obolibrary.org/obo/RO_0002086>)), Declaration(AnnotationProperty(<http://purl.obolibrary.org/obo/RO_0002086>))]
[INFO] 2017-11-29 14:59:41,068 ERROR (OWLOntologyManagerImpl:1138) Illegal redeclarations of entities: reuse of entity http://purl.obolibrary.org/obo/RO_0002295 in punning not allowed [Declaration(AnnotationProperty(<http://purl.obolibrary.org/obo/RO_0002295>)), Declaration(ObjectProperty(<http://purl.obolibrary.org/obo/RO_0002295>))]
[INFO] 2017-11-29 14:59:41,068 ERROR (OWLOntologyManagerImpl:1138) Illegal redeclarations of entities: reuse of entity http://purl.obolibrary.org/obo/RO_0002010 in punning not allowed [Declaration(AnnotationProperty(<http://purl.obolibrary.org/obo/RO_0002010>)), Declaration(ObjectProperty(<http://purl.obolibrary.org/obo/RO_0002010>))]
[INFO] 2017-11-29 14:59:41,068 ERROR (OWLOntologyManagerImpl:1138) Illegal redeclarations of entities: reuse of entity http://purl.obolibrary.org/obo/RO_0002150 in punning not allowed [Declaration(ObjectProperty(<http://purl.obolibrary.org/obo/RO_0002150>)), Declaration(AnnotationProperty(<http://purl.obolibrary.org/obo/RO_0002150>))]
[INFO] 2017-11-29 14:59:41,070 INFO  (ParserWrapper:82) Finished loading ontology: http://purl.obolibrary.org/obo/ontoneo/import/ro_import.owl from: http://purl.obolibrary.org/obo/ontoneo/import/ro_import.owl
[INFO] 2017-11-29 14:59:41,071 INFO  (ParserWrapper:75) Start loading ontology: http://purl.obolibrary.org/obo/ontoneo/import/sio_import.owl from: http://purl.obolibrary.org/obo/ontoneo/import/sio_import.owl
[INFO] 2017-11-29 14:59:41,590 INFO  (ParserWrapper:82) Finished loading ontology: http://purl.obolibrary.org/obo/ontoneo/import/sio_import.owl from: http://purl.obolibrary.org/obo/ontoneo/import/sio_import.owl
[INFO] 2017-11-29 14:59:41,592 INFO  (ParserWrapper:75) Start loading ontology: http://purl.obolibrary.org/obo/ontoneo/import/symp_import.owl from: http://purl.obolibrary.org/obo/ontoneo/import/symp_import.owl
[INFO] 2017-11-29 14:59:42,127 INFO  (ParserWrapper:82) Finished loading ontology: http://purl.obolibrary.org/obo/ontoneo/import/symp_import.owl from: http://purl.obolibrary.org/obo/ontoneo/import/symp_import.owl
[INFO] 2017-11-29 14:59:42,130 INFO  (ParserWrapper:75) Start loading ontology: http://purl.obolibrary.org/obo/ontoneo/import/uberon_import.owl from: http://purl.obolibrary.org/obo/ontoneo/import/uberon_import.owl
[INFO] 2017-11-29 14:59:42,667 INFO  (ParserWrapper:82) Finished loading ontology: http://purl.obolibrary.org/obo/ontoneo/import/uberon_import.owl from: http://purl.obolibrary.org/obo/ontoneo/import/uberon_import.owl
[INFO] 2017-11-29 14:59:42,669 INFO  (ParserWrapper:75) Start loading ontology: http://purl.obolibrary.org/obo/ontoneo/import/vo_import.owl from: http://purl.obolibrary.org/obo/ontoneo/import/vo_import.owl
[INFO] 2017-11-29 14:59:43,193 INFO  (ParserWrapper:82) Finished loading ontology: http://purl.obolibrary.org/obo/ontoneo/import/vo_import.owl from: http://purl.obolibrary.org/obo/ontoneo/import/vo_import.owl
[INFO] 2017-11-29 14:59:43,366 ERROR (OWLOntologyManagerImpl:1138) Illegal redeclarations of entities: reuse of entity http://purl.obolibrary.org/obo/RO_0002514 in punning not allowed [Declaration(AnnotationProperty(<http://purl.obolibrary.org/obo/RO_0002514>)), Declaration(ObjectProperty(<http://purl.obolibrary.org/obo/RO_0002514>))]
[INFO] 2017-11-29 14:59:43,366 ERROR (OWLOntologyManagerImpl:1138) Illegal redeclarations of entities: reuse of entity http://purl.obolibrary.org/obo/RO_0002009 in punning not allowed [Declaration(ObjectProperty(<http://purl.obolibrary.org/obo/RO_0002009>)), Declaration(AnnotationProperty(<http://purl.obolibrary.org/obo/RO_0002009>))]
[INFO] 2017-11-29 14:59:43,366 ERROR (OWLOntologyManagerImpl:1138) Illegal redeclarations of entities: reuse of entity http://purl.obolibrary.org/obo/RO_0002226 in punning not allowed [Declaration(AnnotationProperty(<http://purl.obolibrary.org/obo/RO_0002226>)), Declaration(ObjectProperty(<http://purl.obolibrary.org/obo/RO_0002226>))]
[INFO] 2017-11-29 14:59:43,367 ERROR (OWLOntologyManagerImpl:1138) Illegal redeclarations of entities: reuse of entity http://purl.obolibrary.org/obo/RO_0002303 in punning not allowed [Declaration(AnnotationProperty(<http://purl.obolibrary.org/obo/RO_0002303>)), Declaration(ObjectProperty(<http://purl.obolibrary.org/obo/RO_0002303>))]
[INFO] 2017-11-29 14:59:43,367 ERROR (OWLOntologyManagerImpl:1138) Illegal redeclarations of entities: reuse of entity http://purl.obolibrary.org/obo/RO_0002565 in punning not allowed [Declaration(AnnotationProperty(<http://purl.obolibrary.org/obo/RO_0002565>)), Declaration(ObjectProperty(<http://purl.obolibrary.org/obo/RO_0002565>))]
[INFO] 2017-11-29 14:59:43,367 ERROR (OWLOntologyManagerImpl:1138) Illegal redeclarations of entities: reuse of entity http://purl.obolibrary.org/obo/RO_0002576 in punning not allowed [Declaration(AnnotationProperty(<http://purl.obolibrary.org/obo/RO_0002576>)), Declaration(ObjectProperty(<http://purl.obolibrary.org/obo/RO_0002576>))]
[INFO] 2017-11-29 14:59:43,367 ERROR (OWLOntologyManagerImpl:1138) Illegal redeclarations of entities: reuse of entity http://purl.obolibrary.org/obo/RO_0002507 in punning not allowed [Declaration(AnnotationProperty(<http://purl.obolibrary.org/obo/RO_0002507>)), Declaration(ObjectProperty(<http://purl.obolibrary.org/obo/RO_0002507>))]
[INFO] 2017-11-29 14:59:43,367 ERROR (OWLOntologyManagerImpl:1138) Illegal redeclarations of entities: reuse of entity http://purl.obolibrary.org/obo/OMRSE_00000136 in punning not allowed [Declaration(AnnotationProperty(<http://purl.obolibrary.org/obo/OMRSE_00000136>)), Declaration(DataProperty(<http://purl.obolibrary.org/obo/OMRSE_00000136>))]
[INFO] 2017-11-29 14:59:43,367 ERROR (OWLOntologyManagerImpl:1138) Illegal redeclarations of entities: reuse of entity http://purl.obolibrary.org/obo/RO_0002093 in punning not allowed [Declaration(ObjectProperty(<http://purl.obolibrary.org/obo/RO_0002093>)), Declaration(AnnotationProperty(<http://purl.obolibrary.org/obo/RO_0002093>))]
[INFO] 2017-11-29 14:59:43,368 ERROR (OWLOntologyManagerImpl:1138) Illegal redeclarations of entities: reuse of entity http://purl.obolibrary.org/obo/RO_0002476 in punning not allowed [Declaration(ObjectProperty(<http://purl.obolibrary.org/obo/RO_0002476>)), Declaration(AnnotationProperty(<http://purl.obolibrary.org/obo/RO_0002476>))]
[INFO] 2017-11-29 14:59:43,368 ERROR (OWLOntologyManagerImpl:1138) Illegal redeclarations of entities: reuse of entity http://purl.obolibrary.org/obo/RO_0002256 in punning not allowed [Declaration(ObjectProperty(<http://purl.obolibrary.org/obo/RO_0002256>)), Declaration(AnnotationProperty(<http://purl.obolibrary.org/obo/RO_0002256>))]
[INFO] 2017-11-29 14:59:43,368 ERROR (OWLOntologyManagerImpl:1138) Illegal redeclarations of entities: reuse of entity http://purl.obolibrary.org/obo/RO_0002254 in punning not allowed [Declaration(AnnotationProperty(<http://purl.obolibrary.org/obo/RO_0002254>)), Declaration(ObjectProperty(<http://purl.obolibrary.org/obo/RO_0002254>))]
[INFO] 2017-11-29 14:59:43,368 ERROR (OWLOntologyManagerImpl:1138) Illegal redeclarations of entities: reuse of entity http://purl.obolibrary.org/obo/RO_0002100 in punning not allowed [Declaration(AnnotationProperty(<http://purl.obolibrary.org/obo/RO_0002100>)), Declaration(ObjectProperty(<http://purl.obolibrary.org/obo/RO_0002100>))]
[INFO] 2017-11-29 14:59:43,368 ERROR (OWLOntologyManagerImpl:1138) Illegal redeclarations of entities: reuse of entity http://purl.obolibrary.org/obo/IAO_0000404 in punning not allowed [Declaration(DataProperty(<http://purl.obolibrary.org/obo/IAO_0000404>)), Declaration(AnnotationProperty(<http://purl.obolibrary.org/obo/IAO_0000404>))]
[INFO] 2017-11-29 14:59:43,368 ERROR (OWLOntologyManagerImpl:1138) Illegal redeclarations of entities: reuse of entity http://purl.obolibrary.org/obo/RO_0002086 in punning not allowed [Declaration(ObjectProperty(<http://purl.obolibrary.org/obo/RO_0002086>)), Declaration(AnnotationProperty(<http://purl.obolibrary.org/obo/RO_0002086>))]
[INFO] 2017-11-29 14:59:43,368 ERROR (OWLOntologyManagerImpl:1138) Illegal redeclarations of entities: reuse of entity http://purl.obolibrary.org/obo/RO_0002295 in punning not allowed [Declaration(AnnotationProperty(<http://purl.obolibrary.org/obo/RO_0002295>)), Declaration(ObjectProperty(<http://purl.obolibrary.org/obo/RO_0002295>))]
[INFO] 2017-11-29 14:59:43,369 ERROR (OWLOntologyManagerImpl:1138) Illegal redeclarations of entities: reuse of entity http://purl.obolibrary.org/obo/IAO_0000405 in punning not allowed [Declaration(AnnotationProperty(<http://purl.obolibrary.org/obo/IAO_0000405>)), Declaration(DataProperty(<http://purl.obolibrary.org/obo/IAO_0000405>))]
[INFO] 2017-11-29 14:59:43,369 ERROR (OWLOntologyManagerImpl:1138) Illegal redeclarations of entities: reuse of entity http://purl.obolibrary.org/obo/RO_0002010 in punning not allowed [Declaration(AnnotationProperty(<http://purl.obolibrary.org/obo/RO_0002010>)), Declaration(ObjectProperty(<http://purl.obolibrary.org/obo/RO_0002010>))]
[INFO] 2017-11-29 14:59:43,369 ERROR (OWLOntologyManagerImpl:1138) Illegal redeclarations of entities: reuse of entity http://purl.obolibrary.org/obo/IAO_0000406 in punning not allowed [Declaration(AnnotationProperty(<http://purl.obolibrary.org/obo/IAO_0000406>)), Declaration(DataProperty(<http://purl.obolibrary.org/obo/IAO_0000406>))]
[INFO] 2017-11-29 14:59:43,369 ERROR (OWLOntologyManagerImpl:1138) Illegal redeclarations of entities: reuse of entity http://purl.obolibrary.org/obo/RO_0002150 in punning not allowed [Declaration(ObjectProperty(<http://purl.obolibrary.org/obo/RO_0002150>)), Declaration(AnnotationProperty(<http://purl.obolibrary.org/obo/RO_0002150>))]
[INFO] 2017-11-29 14:59:43,369 ERROR (OWLOntologyManagerImpl:1138) Illegal redeclarations of entities: reuse of entity http://purl.obolibrary.org/obo/IAO_0000407 in punning not allowed [Declaration(ObjectProperty(<http://purl.obolibrary.org/obo/IAO_0000407>)), Declaration(AnnotationProperty(<http://purl.obolibrary.org/obo/IAO_0000407>))]
[INFO] 2017-11-29 14:59:43,371 INFO  (ParserWrapper:82) Finished loading ontology: http://purl.obolibrary.org/obo/ontoneo/ontoneo.owl from: file:/scratch/Shares/hunter/obo-ci/data/download/ontologies/ontoneo/ontoneo.owl
[INFO] 2017-11-29 14:59:43,382 INFO  (CommandRunner:3243) saving:http://purl.obolibrary.org/obo/ontoneo/ontoneo.owl using RDF/XML Syntax
[INFO] ------------------------------------------------------------------------
[INFO] BUILD SUCCESS
[INFO] ------------------------------------------------------------------------
[INFO] Total time: 20.401 s
[INFO] Finished at: 2017-11-29T14:59:44-07:00
[INFO] Final Memory: 21M/1963M
[INFO] ------------------------------------------------------------------------
Wed Nov 29 14:59:44 MST 2017

Download validation successful. Triple count = 8595
