Wed Nov 29 14:59:44 MST 2017
Consolidating all ontology imports for: /scratch/Shares/hunter/obo-ci/data/download/ontologies/ontoneo/ontoneo.owl
[INFO] Error stacktraces are turned on.
[INFO] Scanning for projects...
[INFO]                                                                         
[INFO] ------------------------------------------------------------------------
[INFO] Building kabob-ontology-flatten 1.0
[INFO] ------------------------------------------------------------------------
[INFO] 
[INFO] --- exec-maven-plugin:1.1:exec (default-cli) @ kabob-ontology-flatten ---
[INFO] /bin/sh: module: line 1: syntax error: unexpected end of file
[INFO] /bin/sh: error importing function definition for `BASH_FUNC_module'
[INFO] 2017-11-29 14:59:54,616 INFO  (ParserWrapper:75) Start loading ontology: file:/scratch/Shares/hunter/obo-ci/data/download/ontologies/ontoneo/ontoneo.owl from: file:/scratch/Shares/hunter/obo-ci/data/download/ontologies/ontoneo/ontoneo.owl
[INFO] 2017-11-29 14:59:55,180 INFO  (ParserWrapper:75) Start loading ontology: http://purl.obolibrary.org/obo/ontoneo/import/bcgo_import.owl from: http://purl.obolibrary.org/obo/ontoneo/import/bcgo_import.owl
[INFO] 2017-11-29 14:59:56,384 INFO  (ParserWrapper:82) Finished loading ontology: http://purl.obolibrary.org/obo/ontoneo/import/bcgo_import.owl from: http://purl.obolibrary.org/obo/ontoneo/import/bcgo_import.owl
[INFO] 2017-11-29 14:59:56,385 INFO  (ParserWrapper:75) Start loading ontology: http://purl.obolibrary.org/obo/ontoneo/import/bfo_import.owl from: http://purl.obolibrary.org/obo/ontoneo/import/bfo_import.owl
[INFO] 2017-11-29 14:59:56,907 INFO  (ParserWrapper:82) Finished loading ontology: http://purl.obolibrary.org/obo/ontoneo/import/bfo_import.owl from: http://purl.obolibrary.org/obo/ontoneo/import/bfo_import.owl
[INFO] 2017-11-29 14:59:56,908 INFO  (ParserWrapper:75) Start loading ontology: http://purl.obolibrary.org/obo/ontoneo/import/cl_import.owl from: http://purl.obolibrary.org/obo/ontoneo/import/cl_import.owl
[INFO] 2017-11-29 14:59:57,351 INFO  (ParserWrapper:82) Finished loading ontology: http://purl.obolibrary.org/obo/ontoneo/import/cl_import.owl from: http://purl.obolibrary.org/obo/ontoneo/import/cl_import.owl
[INFO] 2017-11-29 14:59:57,354 INFO  (ParserWrapper:75) Start loading ontology: http://purl.obolibrary.org/obo/ontoneo/import/d-acts_import.owl from: http://purl.obolibrary.org/obo/ontoneo/import/d-acts_import.owl
[INFO] 2017-11-29 14:59:57,775 INFO  (ParserWrapper:82) Finished loading ontology: http://purl.obolibrary.org/obo/ontoneo/import/d-acts_import.owl from: http://purl.obolibrary.org/obo/ontoneo/import/d-acts_import.owl
[INFO] 2017-11-29 14:59:57,776 INFO  (ParserWrapper:75) Start loading ontology: http://purl.obolibrary.org/obo/ontoneo/import/doid_import.owl from: http://purl.obolibrary.org/obo/ontoneo/import/doid_import.owl
[INFO] 2017-11-29 14:59:58,362 INFO  (ParserWrapper:82) Finished loading ontology: http://purl.obolibrary.org/obo/ontoneo/import/doid_import.owl from: http://purl.obolibrary.org/obo/ontoneo/import/doid_import.owl
[INFO] 2017-11-29 14:59:58,364 INFO  (ParserWrapper:75) Start loading ontology: http://purl.obolibrary.org/obo/ontoneo/import/efo_import.owl from: http://purl.obolibrary.org/obo/ontoneo/import/efo_import.owl
[INFO] 2017-11-29 14:59:58,755 INFO  (ParserWrapper:82) Finished loading ontology: http://purl.obolibrary.org/obo/ontoneo/import/efo_import.owl from: http://purl.obolibrary.org/obo/ontoneo/import/efo_import.owl
[INFO] 2017-11-29 14:59:58,756 INFO  (ParserWrapper:75) Start loading ontology: http://purl.obolibrary.org/obo/ontoneo/import/ero_import.owl from: http://purl.obolibrary.org/obo/ontoneo/import/ero_import.owl
[INFO] 2017-11-29 14:59:59,156 INFO  (ParserWrapper:82) Finished loading ontology: http://purl.obolibrary.org/obo/ontoneo/import/ero_import.owl from: http://purl.obolibrary.org/obo/ontoneo/import/ero_import.owl
[INFO] 2017-11-29 14:59:59,157 INFO  (ParserWrapper:75) Start loading ontology: http://purl.obolibrary.org/obo/ontoneo/import/fma_import.owl from: http://purl.obolibrary.org/obo/ontoneo/import/fma_import.owl
[INFO] 2017-11-29 14:59:59,640 INFO  (ParserWrapper:82) Finished loading ontology: http://purl.obolibrary.org/obo/ontoneo/import/fma_import.owl from: http://purl.obolibrary.org/obo/ontoneo/import/fma_import.owl
[INFO] 2017-11-29 14:59:59,642 INFO  (ParserWrapper:75) Start loading ontology: http://purl.obolibrary.org/obo/ontoneo/import/go_import.owl from: http://purl.obolibrary.org/obo/ontoneo/import/go_import.owl
[INFO] 2017-11-29 15:00:00,043 INFO  (ParserWrapper:82) Finished loading ontology: http://purl.obolibrary.org/obo/ontoneo/import/go_import.owl from: http://purl.obolibrary.org/obo/ontoneo/import/go_import.owl
[INFO] 2017-11-29 15:00:00,045 INFO  (ParserWrapper:75) Start loading ontology: http://purl.obolibrary.org/obo/ontoneo/import/hp_import.owl from: http://purl.obolibrary.org/obo/ontoneo/import/hp_import.owl
[INFO] 2017-11-29 15:00:00,458 INFO  (ParserWrapper:82) Finished loading ontology: http://purl.obolibrary.org/obo/ontoneo/import/hp_import.owl from: http://purl.obolibrary.org/obo/ontoneo/import/hp_import.owl
[INFO] 2017-11-29 15:00:00,459 INFO  (ParserWrapper:75) Start loading ontology: http://purl.obolibrary.org/obo/ontoneo/import/iao_import.owl from: http://purl.obolibrary.org/obo/ontoneo/import/iao_import.owl
[INFO] 2017-11-29 15:00:20,482 INFO  (ParserWrapper:82) Finished loading ontology: null from: http://purl.obolibrary.org/obo/ontoneo/import/iao_import.owl
[INFO] 2017-11-29 15:00:26,618 INFO  (ParserWrapper:82) Finished loading ontology: null from: file:/scratch/Shares/hunter/obo-ci/data/download/ontologies/ontoneo/ontoneo.owl
[INFO] 2017-11-29 15:00:26,623 ERROR (CommandRunner:4317) could not parse:/scratch/Shares/hunter/obo-ci/data/download/ontologies/ontoneo/ontoneo.owl
[INFO] org.semanticweb.owlapi.model.UnloadableImportException: Could not load imported ontology: <http://purl.obolibrary.org/obo/ontoneo/import/iao_import.owl> Cause: connect timed out
[INFO] 	at uk.ac.manchester.cs.owl.owlapi.OWLOntologyManagerImpl.makeLoadImportRequest(OWLOntologyManagerImpl.java:1690)
[INFO] 	at org.semanticweb.owlapi.rdf.rdfxml.parser.TripleHandlers$TPImportsHandler.handleTriple(TripleHandlers.java:1558)
[INFO] 	at org.semanticweb.owlapi.rdf.rdfxml.parser.TripleHandlers$HandlerAccessor.handleStreaming(TripleHandlers.java:194)
[INFO] 	at org.semanticweb.owlapi.rdf.rdfxml.parser.OWLRDFConsumer.statementWithResourceValue(OWLRDFConsumer.java:1501)
[INFO] 	at org.semanticweb.owlapi.rdf.rdfxml.parser.RDFParser.statementWithResourceValue(RDFParser.java:365)
[INFO] 	at org.semanticweb.owlapi.rdf.rdfxml.parser.EmptyPropertyElement.startElement(StartRDF.java:236)
[INFO] 	at org.semanticweb.owlapi.rdf.rdfxml.parser.PropertyElementList.startElement(StartRDF.java:658)
[INFO] 	at org.semanticweb.owlapi.rdf.rdfxml.parser.RDFParser.startElement(RDFParser.java:196)
[INFO] 	at org.apache.xerces.parsers.AbstractSAXParser.startElement(Unknown Source)
[INFO] 	at org.apache.xerces.parsers.AbstractXMLDocumentParser.emptyElement(Unknown Source)
[INFO] 	at org.apache.xerces.impl.dtd.XMLDTDValidator.emptyElement(Unknown Source)
[INFO] 	at org.apache.xerces.impl.XMLNSDocumentScannerImpl.scanStartElement(Unknown Source)
[INFO] 	at org.apache.xerces.impl.XMLDocumentFragmentScannerImpl$FragmentContentDispatcher.dispatch(Unknown Source)
[INFO] 	at org.apache.xerces.impl.XMLDocumentFragmentScannerImpl.scanDocument(Unknown Source)
[INFO] 	at org.apache.xerces.parsers.XML11Configuration.parse(Unknown Source)
[INFO] 	at org.apache.xerces.parsers.XML11Configuration.parse(Unknown Source)
[INFO] 	at org.apache.xerces.parsers.XMLParser.parse(Unknown Source)
[INFO] 	at org.apache.xerces.parsers.AbstractSAXParser.parse(Unknown Source)
[INFO] 	at org.apache.xerces.jaxp.SAXParserImpl$JAXPSAXParser.parse(Unknown Source)
[INFO] 	at org.apache.xerces.jaxp.SAXParserImpl.parse(Unknown Source)
[INFO] 	at org.semanticweb.owlapi.rdf.rdfxml.parser.RDFParser.parse(RDFParser.java:140)
[INFO] 	at org.semanticweb.owlapi.rdf.rdfxml.parser.RDFXMLParser.parse(RDFXMLParser.java:73)
[INFO] 	at uk.ac.manchester.cs.owl.owlapi.OWLOntologyFactoryImpl.loadOWLOntology(OWLOntologyFactoryImpl.java:197)
[INFO] 	at uk.ac.manchester.cs.owl.owlapi.OWLOntologyManagerImpl.actualParse(OWLOntologyManagerImpl.java:1098)
[INFO] 	at uk.ac.manchester.cs.owl.owlapi.OWLOntologyManagerImpl.loadOntology(OWLOntologyManagerImpl.java:1054)
[INFO] 	at uk.ac.manchester.cs.owl.owlapi.OWLOntologyManagerImpl.loadOntology(OWLOntologyManagerImpl.java:957)
[INFO] 	at uk.ac.manchester.cs.owl.owlapi.OWLOntologyManagerImpl.loadOntology(OWLOntologyManagerImpl.java:913)
[INFO] 	at owltools.io.ParserWrapper.parseOWL(ParserWrapper.java:163)
[INFO] 	at owltools.io.ParserWrapper.parseOWL(ParserWrapper.java:150)
[INFO] 	at owltools.io.ParserWrapper.parse(ParserWrapper.java:132)
[INFO] 	at owltools.cli.CommandRunner.runSingleIteration(CommandRunner.java:4305)
[INFO] 	at owltools.cli.CommandRunnerBase.run(CommandRunnerBase.java:76)
[INFO] 	at owltools.cli.CommandRunnerBase.run(CommandRunnerBase.java:68)
[INFO] 	at owltools.cli.CommandLineInterface.main(CommandLineInterface.java:12)
[INFO] Caused by: org.semanticweb.owlapi.io.OWLOntologyCreationIOException: connect timed out
[INFO] 	at uk.ac.manchester.cs.owl.owlapi.OWLOntologyFactoryImpl.loadOWLOntology(OWLOntologyFactoryImpl.java:207)
[INFO] 	at uk.ac.manchester.cs.owl.owlapi.OWLOntologyManagerImpl.actualParse(OWLOntologyManagerImpl.java:1098)
[INFO] 	at uk.ac.manchester.cs.owl.owlapi.OWLOntologyManagerImpl.loadOntology(OWLOntologyManagerImpl.java:1054)
[INFO] 	at uk.ac.manchester.cs.owl.owlapi.OWLOntologyManagerImpl.loadOntology(OWLOntologyManagerImpl.java:957)
[INFO] 	at uk.ac.manchester.cs.owl.owlapi.OWLOntologyManagerImpl.loadImports(OWLOntologyManagerImpl.java:1648)
[INFO] 	at uk.ac.manchester.cs.owl.owlapi.OWLOntologyManagerImpl.makeLoadImportRequest(OWLOntologyManagerImpl.java:1684)
[INFO] 	... 33 more
[INFO] Caused by: java.net.SocketTimeoutException: connect timed out
[INFO] 	at java.net.PlainSocketImpl.socketConnect(Native Method)
[INFO] 	at java.net.AbstractPlainSocketImpl.doConnect(AbstractPlainSocketImpl.java:350)
[INFO] 	at java.net.AbstractPlainSocketImpl.connectToAddress(AbstractPlainSocketImpl.java:206)
[INFO] 	at java.net.AbstractPlainSocketImpl.connect(AbstractPlainSocketImpl.java:188)
[INFO] 	at java.net.SocksSocketImpl.connect(SocksSocketImpl.java:392)
[INFO] 	at java.net.Socket.connect(Socket.java:589)
[INFO] 	at sun.net.NetworkClient.doConnect(NetworkClient.java:175)
[INFO] 	at sun.net.www.http.HttpClient.openServer(HttpClient.java:432)
[INFO] 	at sun.net.www.http.HttpClient.openServer(HttpClient.java:527)
[INFO] 	at sun.net.www.http.HttpClient.<init>(HttpClient.java:211)
[INFO] 	at sun.net.www.http.HttpClient.New(HttpClient.java:308)
[INFO] 	at sun.net.www.http.HttpClient.New(HttpClient.java:326)
[INFO] 	at sun.net.www.protocol.http.HttpURLConnection.getNewHttpClient(HttpURLConnection.java:1169)
[INFO] 	at sun.net.www.protocol.http.HttpURLConnection.plainConnect0(HttpURLConnection.java:1105)
[INFO] 	at sun.net.www.protocol.http.HttpURLConnection.plainConnect(HttpURLConnection.java:999)
[INFO] 	at sun.net.www.protocol.http.HttpURLConnection.connect(HttpURLConnection.java:933)
[INFO] 	at org.semanticweb.owlapi.io.AbstractOWLParser.getInputStream(AbstractOWLParser.java:102)
[INFO] 	at org.semanticweb.owlapi.io.AbstractOWLParser.getInputSource(AbstractOWLParser.java:232)
[INFO] 	at org.semanticweb.owlapi.rdf.rdfxml.parser.RDFXMLParser.parse(RDFXMLParser.java:72)
[INFO] 	at uk.ac.manchester.cs.owl.owlapi.OWLOntologyFactoryImpl.loadOWLOntology(OWLOntologyFactoryImpl.java:197)
[INFO] 	... 38 more
[INFO] ------------------------------------------------------------------------
[INFO] BUILD FAILURE
[INFO] ------------------------------------------------------------------------
[INFO] Total time: 40.984 s
[INFO] Finished at: 2017-11-29T15:00:26-07:00
[INFO] Final Memory: 21M/1963M
[INFO] ------------------------------------------------------------------------
[ERROR] Failed to execute goal org.codehaus.mojo:exec-maven-plugin:1.1:exec (default-cli) on project kabob-ontology-flatten: Result of /bin/sh -c cd /scratch/Shares/hunter/obo-ci/obo-ci.git/scripts/download && java -Xmx8G -DentityExpansionLimit=4086000 -Djava.awt.headless=true -DlauncherDir=/scratch/Shares/hunter/obo-ci/obo-ci.git -classpath /scratch/Shares/hunter/obo-ci/obo-ci.git/scripts/download/target/classes:/scratch/Users/wiba1694/m2/org/bbop/OWLTools-Runner/0.3.0-SNAPSHOT/OWLTools-Runner-0.3.0-SNAPSHOT.jar owltools.cli.CommandLineInterface /scratch/Shares/hunter/obo-ci/data/download/ontologies/ontoneo/ontoneo.owl --merge-import-closure -o -f nt /scratch/Shares/hunter/obo-ci/data/download/ontologies/ontoneo/ontoneo_flat.owl execution is: '1'. -> [Help 1]
org.apache.maven.lifecycle.LifecycleExecutionException: Failed to execute goal org.codehaus.mojo:exec-maven-plugin:1.1:exec (default-cli) on project kabob-ontology-flatten: Result of /bin/sh -c cd /scratch/Shares/hunter/obo-ci/obo-ci.git/scripts/download && java -Xmx8G -DentityExpansionLimit=4086000 -Djava.awt.headless=true -DlauncherDir=/scratch/Shares/hunter/obo-ci/obo-ci.git -classpath /scratch/Shares/hunter/obo-ci/obo-ci.git/scripts/download/target/classes:/scratch/Users/wiba1694/m2/org/bbop/OWLTools-Runner/0.3.0-SNAPSHOT/OWLTools-Runner-0.3.0-SNAPSHOT.jar owltools.cli.CommandLineInterface /scratch/Shares/hunter/obo-ci/data/download/ontologies/ontoneo/ontoneo.owl --merge-import-closure -o -f nt /scratch/Shares/hunter/obo-ci/data/download/ontologies/ontoneo/ontoneo_flat.owl execution is: '1'.
	at org.apache.maven.lifecycle.internal.MojoExecutor.execute(MojoExecutor.java:216)
	at org.apache.maven.lifecycle.internal.MojoExecutor.execute(MojoExecutor.java:153)
	at org.apache.maven.lifecycle.internal.MojoExecutor.execute(MojoExecutor.java:145)
	at org.apache.maven.lifecycle.internal.LifecycleModuleBuilder.buildProject(LifecycleModuleBuilder.java:116)
	at org.apache.maven.lifecycle.internal.LifecycleModuleBuilder.buildProject(LifecycleModuleBuilder.java:80)
	at org.apache.maven.lifecycle.internal.builder.singlethreaded.SingleThreadedBuilder.build(SingleThreadedBuilder.java:51)
	at org.apache.maven.lifecycle.internal.LifecycleStarter.execute(LifecycleStarter.java:120)
	at org.apache.maven.DefaultMaven.doExecute(DefaultMaven.java:347)
	at org.apache.maven.DefaultMaven.execute(DefaultMaven.java:154)
	at org.apache.maven.cli.MavenCli.execute(MavenCli.java:584)
	at org.apache.maven.cli.MavenCli.doMain(MavenCli.java:213)
	at org.apache.maven.cli.MavenCli.main(MavenCli.java:157)
	at sun.reflect.NativeMethodAccessorImpl.invoke0(Native Method)
	at sun.reflect.NativeMethodAccessorImpl.invoke(NativeMethodAccessorImpl.java:62)
	at sun.reflect.DelegatingMethodAccessorImpl.invoke(DelegatingMethodAccessorImpl.java:43)
	at java.lang.reflect.Method.invoke(Method.java:497)
	at org.codehaus.plexus.classworlds.launcher.Launcher.launchEnhanced(Launcher.java:289)
	at org.codehaus.plexus.classworlds.launcher.Launcher.launch(Launcher.java:229)
	at org.codehaus.plexus.classworlds.launcher.Launcher.mainWithExitCode(Launcher.java:415)
	at org.codehaus.plexus.classworlds.launcher.Launcher.main(Launcher.java:356)
Caused by: org.apache.maven.plugin.MojoExecutionException: Result of /bin/sh -c cd /scratch/Shares/hunter/obo-ci/obo-ci.git/scripts/download && java -Xmx8G -DentityExpansionLimit=4086000 -Djava.awt.headless=true -DlauncherDir=/scratch/Shares/hunter/obo-ci/obo-ci.git -classpath /scratch/Shares/hunter/obo-ci/obo-ci.git/scripts/download/target/classes:/scratch/Users/wiba1694/m2/org/bbop/OWLTools-Runner/0.3.0-SNAPSHOT/OWLTools-Runner-0.3.0-SNAPSHOT.jar owltools.cli.CommandLineInterface /scratch/Shares/hunter/obo-ci/data/download/ontologies/ontoneo/ontoneo.owl --merge-import-closure -o -f nt /scratch/Shares/hunter/obo-ci/data/download/ontologies/ontoneo/ontoneo_flat.owl execution is: '1'.
	at org.codehaus.mojo.exec.ExecMojo.execute(ExecMojo.java:260)
	at org.apache.maven.plugin.DefaultBuildPluginManager.executeMojo(DefaultBuildPluginManager.java:132)
	at org.apache.maven.lifecycle.internal.MojoExecutor.execute(MojoExecutor.java:208)
	... 19 more
[ERROR] 
[ERROR] Re-run Maven using the -X switch to enable full debug logging.
[ERROR] 
[ERROR] For more information about the errors and possible solutions, please read the following articles:
[ERROR] [Help 1] http://cwiki.apache.org/confluence/display/MAVEN/MojoExecutionException
Wed Nov 29 15:00:27 MST 2017
