Wed Nov 29 14:59:16 MST 2017
Ontology download URL: http://purl.obolibrary.org/obo/oostt.owl
  % Total    % Received % Xferd  Average Speed   Time    Time     Time  Current
                                 Dload  Upload   Total   Spent    Left  Speed
  0     0    0     0    0     0      0      0 --:--:-- --:--:-- --:--:--     0100   331  100   331    0     0    724      0 --:--:-- --:--:-- --:--:--   725
  0     0    0     0    0     0      0      0 --:--:-- --:--:-- --:--:--     0 55  491k   55  271k    0     0   149k      0  0:00:03  0:00:01  0:00:02  272k100  491k  100  491k    0     0   222k      0  0:00:02  0:00:02 --:--:--  353k
Wed Nov 29 14:59:18 MST 2017

Wed Nov 29 14:59:19 MST 2017
Validating ontology file: /scratch/Shares/hunter/obo-ci/data/download/ontologies/oostt/oostt.owl
[INFO] Error stacktraces are turned on.
[INFO] Scanning for projects...
[INFO]                                                                         
[INFO] ------------------------------------------------------------------------
[INFO] Building kabob-ontology-flatten 1.0
[INFO] ------------------------------------------------------------------------
[INFO] 
[INFO] --- exec-maven-plugin:1.1:exec (default-cli) @ kabob-ontology-flatten ---
[INFO] /bin/sh: module: line 1: syntax error: unexpected end of file
[INFO] /bin/sh: error importing function definition for `BASH_FUNC_module'
[INFO] 2017-11-29 14:59:26,859 INFO  (ParserWrapper:75) Start loading ontology: file:/scratch/Shares/hunter/obo-ci/data/download/ontologies/oostt/oostt.owl from: file:/scratch/Shares/hunter/obo-ci/data/download/ontologies/oostt/oostt.owl
[INFO] 2017-11-29 14:59:27,907 INFO  (ParserWrapper:75) Start loading ontology: http://purl.obolibrary.org/obo/iao/d-acts/dev/d-acts.owl from: http://purl.obolibrary.org/obo/iao/d-acts/dev/d-acts.owl
[INFO] 2017-11-29 14:59:29,499 INFO  (ParserWrapper:75) Start loading ontology: http://purl.obolibrary.org/obo/bfo/2014-05-03/classes-only.owl from: http://purl.obolibrary.org/obo/bfo/2014-05-03/classes-only.owl
[INFO] 2017-11-29 14:59:30,670 INFO  (ParserWrapper:82) Finished loading ontology: http://purl.obolibrary.org/obo/bfo.owl from: http://purl.obolibrary.org/obo/bfo/2014-05-03/classes-only.owl
[INFO] 2017-11-29 14:59:30,672 INFO  (ParserWrapper:75) Start loading ontology: http://purl.obolibrary.org/obo/ro/core.owl from: http://purl.obolibrary.org/obo/ro/core.owl
[INFO] 2017-11-29 14:59:31,027 INFO  (ParserWrapper:75) Start loading ontology: http://purl.obolibrary.org/obo/ro/annotations.owl from: http://purl.obolibrary.org/obo/ro/annotations.owl
[INFO] 2017-11-29 14:59:31,768 INFO  (ParserWrapper:82) Finished loading ontology: http://purl.obolibrary.org/obo/ro/annotations.owl from: http://purl.obolibrary.org/obo/ro/annotations.owl
[INFO] 2017-11-29 14:59:31,769 INFO  (ParserWrapper:75) Start loading ontology: http://purl.obolibrary.org/obo/ro/bfo-axioms.owl from: http://purl.obolibrary.org/obo/ro/bfo-axioms.owl
[INFO] 2017-11-29 14:59:32,057 INFO  (ParserWrapper:82) Finished loading ontology: http://purl.obolibrary.org/obo/ro/bfo-axioms.owl from: http://purl.obolibrary.org/obo/ro/bfo-axioms.owl
[INFO] 2017-11-29 14:59:32,058 INFO  (ParserWrapper:75) Start loading ontology: http://purl.obolibrary.org/obo/ro/bfo-classes-minimal.owl from: http://purl.obolibrary.org/obo/ro/bfo-classes-minimal.owl
[INFO] 2017-11-29 14:59:32,357 INFO  (ParserWrapper:82) Finished loading ontology: http://purl.obolibrary.org/obo/ro/bfo-classes-minimal.owl from: http://purl.obolibrary.org/obo/ro/bfo-classes-minimal.owl
[INFO] 2017-11-29 14:59:32,407 INFO  (ParserWrapper:82) Finished loading ontology: http://purl.obolibrary.org/obo/ro/core.owl from: http://purl.obolibrary.org/obo/ro/core.owl
[INFO] 2017-11-29 14:59:32,407 INFO  (ParserWrapper:75) Start loading ontology: http://purl.obolibrary.org/obo/iao/pno/bfo2/pno.owl from: http://purl.obolibrary.org/obo/iao/pno/bfo2/pno.owl
[INFO] 2017-11-29 14:59:32,766 INFO  (ParserWrapper:82) Finished loading ontology: http://purl.obolibrary.org/obo/iao/pno/bfo2/pno.owl from: http://purl.obolibrary.org/obo/iao/pno/bfo2/pno.owl
[INFO] 2017-11-29 14:59:32,767 INFO  (ParserWrapper:75) Start loading ontology: http://purl.obolibrary.org/obo/iao/2015-02-23/iao.owl from: http://purl.obolibrary.org/obo/iao/2015-02-23/iao.owl
[INFO] 2017-11-29 14:59:33,322 INFO  (ParserWrapper:82) Finished loading ontology: http://purl.obolibrary.org/obo/iao.owl from: http://purl.obolibrary.org/obo/iao/2015-02-23/iao.owl
[INFO] 2017-11-29 14:59:33,348 INFO  (ParserWrapper:82) Finished loading ontology: http://purl.obolibrary.org/obo/iao/d-acts/dev/d-acts.owl from: http://purl.obolibrary.org/obo/iao/d-acts/dev/d-acts.owl
[INFO] 2017-11-29 14:59:35,098 INFO  (ParserWrapper:82) Finished loading ontology: http://purl.obolibrary.org/obo/oostt.owl from: file:/scratch/Shares/hunter/obo-ci/data/download/ontologies/oostt/oostt.owl
[INFO] 2017-11-29 14:59:35,111 INFO  (CommandRunner:3243) saving:http://purl.obolibrary.org/obo/oostt.owl using RDF/XML Syntax
[INFO] ------------------------------------------------------------------------
[INFO] BUILD SUCCESS
[INFO] ------------------------------------------------------------------------
[INFO] Total time: 14.518 s
[INFO] Finished at: 2017-11-29T14:59:35-07:00
[INFO] Final Memory: 21M/1963M
[INFO] ------------------------------------------------------------------------
Wed Nov 29 14:59:35 MST 2017

Download validation successful. Triple count = 7701
