Mon Oct 22 16:54:33 UTC 2018
Ontology download URL: http://purl.obolibrary.org/obo/opl.owl
  % Total    % Received % Xferd  Average Speed   Time    Time     Time  Current
                                 Dload  Upload   Total   Spent    Left  Speed
  0     0    0     0    0     0      0      0 --:--:-- --:--:-- --:--:--     0  0     0    0     0    0     0      0      0 --:--:-- --:--:-- --:--:--     0100   360  100   360    0     0    860      0 --:--:-- --:--:-- --:--:--   859
100  509k  100  509k    0     0   549k      0 --:--:-- --:--:-- --:--:--  549k
Mon Oct 22 16:54:34 UTC 2018

Mon Oct 22 16:54:35 UTC 2018
Validating ontology file: /mnt/efsdata/obo-ci-data/download/ontologies/opl/opl.owl
[INFO] Error stacktraces are turned on.
[INFO] Scanning for projects...
[INFO]                                                                         
[INFO] ------------------------------------------------------------------------
[INFO] Building kabob-ontology-flatten 1.0
[INFO] ------------------------------------------------------------------------
[INFO] 
[INFO] --- exec-maven-plugin:1.1:exec (default-cli) @ kabob-ontology-flatten ---
[INFO] 2018-10-22 16:54:43,354 INFO  (ParserWrapper:75) Start loading ontology: file:/mnt/efsdata/obo-ci-data/download/ontologies/opl/opl.owl from: file:/mnt/efsdata/obo-ci-data/download/ontologies/opl/opl.owl
[INFO] 2018-10-22 16:54:44,254 INFO  (ParserWrapper:82) Finished loading ontology: http://purl.obolibrary.org/obo/opl.owl from: file:/mnt/efsdata/obo-ci-data/download/ontologies/opl/opl.owl
[INFO] 2018-10-22 16:54:44,264 INFO  (CommandRunner:3243) saving:http://purl.obolibrary.org/obo/opl.owl using RDF/XML Syntax
[INFO] ------------------------------------------------------------------------
[INFO] BUILD SUCCESS
[INFO] ------------------------------------------------------------------------
[INFO] Total time: 5.790s
[INFO] Finished at: Mon Oct 22 16:54:44 UTC 2018
[INFO] Final Memory: 5M/229M
[INFO] ------------------------------------------------------------------------
Mon Oct 22 16:54:44 UTC 2018

Download validation successful. Triple count = 8202
