Mon Oct 22 16:54:36 UTC 2018
Ontology download URL: http://purl.obolibrary.org/obo/ovae.owl
  % Total    % Received % Xferd  Average Speed   Time    Time     Time  Current
                                 Dload  Upload   Total   Spent    Left  Speed
  0     0    0     0    0     0      0      0 --:--:-- --:--:-- --:--:--     0100   357  100   357    0     0   2133      0 --:--:-- --:--:-- --:--:--  2137
  0 3852k    0  1914    0     0   3200      0  0:20:32 --:--:--  0:20:32  3200100 3852k  100 3852k    0     0  4040k      0 --:--:-- --:--:-- --:--:-- 10.5M
Mon Oct 22 16:54:37 UTC 2018

Mon Oct 22 16:54:37 UTC 2018
Validating ontology file: /mnt/efsdata/obo-ci-data/download/ontologies/ovae/ovae.owl
[INFO] Error stacktraces are turned on.
[INFO] Scanning for projects...
[INFO]                                                                         
[INFO] ------------------------------------------------------------------------
[INFO] Building kabob-ontology-flatten 1.0
[INFO] ------------------------------------------------------------------------
[INFO] 
[INFO] --- exec-maven-plugin:1.1:exec (default-cli) @ kabob-ontology-flatten ---
[INFO] 2018-10-22 16:54:41,515 INFO  (ParserWrapper:75) Start loading ontology: file:/mnt/efsdata/obo-ci-data/download/ontologies/ovae/ovae.owl from: file:/mnt/efsdata/obo-ci-data/download/ontologies/ovae/ovae.owl
[INFO] 2018-10-22 16:54:43,652 ERROR (OWLOntologyManagerImpl:1138) Illegal redeclarations of entities: reuse of entity http://purl.obolibrary.org/obo/OBI_0000293 in punning not allowed [Declaration(AnnotationProperty(<http://purl.obolibrary.org/obo/OBI_0000293>)), Declaration(ObjectProperty(<http://purl.obolibrary.org/obo/OBI_0000293>))]
[INFO] 2018-10-22 16:54:43,653 ERROR (OWLOntologyManagerImpl:1138) Illegal redeclarations of entities: reuse of entity http://purl.obolibrary.org/obo/OBI_0000299 in punning not allowed [Declaration(ObjectProperty(<http://purl.obolibrary.org/obo/OBI_0000299>)), Declaration(AnnotationProperty(<http://purl.obolibrary.org/obo/OBI_0000299>))]
[INFO] 2018-10-22 16:54:43,719 INFO  (ParserWrapper:82) Finished loading ontology: http://purl.obolibrary.org/obo/ovae.owl from: file:/mnt/efsdata/obo-ci-data/download/ontologies/ovae/ovae.owl
[INFO] 2018-10-22 16:54:43,728 INFO  (CommandRunner:3243) saving:http://purl.obolibrary.org/obo/ovae.owl using RDF/XML Syntax
[INFO] ------------------------------------------------------------------------
[INFO] BUILD SUCCESS
[INFO] ------------------------------------------------------------------------
[INFO] Total time: 5.885s
[INFO] Finished at: Mon Oct 22 16:54:45 UTC 2018
[INFO] Final Memory: 5M/229M
[INFO] ------------------------------------------------------------------------
Mon Oct 22 16:54:45 UTC 2018

Download validation successful. Triple count = 65099
