Wed Nov 29 14:59:11 MST 2017
Ontology download URL: http://purl.obolibrary.org/obo/pato.owl
  % Total    % Received % Xferd  Average Speed   Time    Time     Time  Current
                                 Dload  Upload   Total   Spent    Left  Speed
  0     0    0     0    0     0      0      0 --:--:-- --:--:-- --:--:--     0100   337  100   337    0     0   1801      0 --:--:-- --:--:-- --:--:--  1811
  0     0    0     0    0     0      0      0 --:--:-- --:--:-- --:--:--     0  0 3492k    0  1917    0     0   1524      0  0:39:06  0:00:01  0:39:05  2208 31 3492k   31 1103k    0     0   500k      0  0:00:06  0:00:02  0:00:04  607k 81 3492k   81 2831k    0     0   883k      0  0:00:03  0:00:03 --:--:-- 1006k100 3492k  100 3492k    0     0   999k      0  0:00:03  0:00:03 --:--:-- 1125k
Wed Nov 29 14:59:14 MST 2017

Wed Nov 29 14:59:15 MST 2017
Validating ontology file: /scratch/Shares/hunter/obo-ci/data/download/ontologies/pato/pato.owl
[INFO] Error stacktraces are turned on.
[INFO] Scanning for projects...
[INFO]                                                                         
[INFO] ------------------------------------------------------------------------
[INFO] Building kabob-ontology-flatten 1.0
[INFO] ------------------------------------------------------------------------
[INFO] 
[INFO] --- exec-maven-plugin:1.1:exec (default-cli) @ kabob-ontology-flatten ---
[INFO] /bin/sh: module: line 1: syntax error: unexpected end of file
[INFO] /bin/sh: error importing function definition for `BASH_FUNC_module'
[INFO] 2017-11-29 14:59:22,617 INFO  (ParserWrapper:75) Start loading ontology: file:/scratch/Shares/hunter/obo-ci/data/download/ontologies/pato/pato.owl from: file:/scratch/Shares/hunter/obo-ci/data/download/ontologies/pato/pato.owl
[INFO] 2017-11-29 14:59:29,720 INFO  (ParserWrapper:82) Finished loading ontology: http://purl.obolibrary.org/obo/pato.owl from: file:/scratch/Shares/hunter/obo-ci/data/download/ontologies/pato/pato.owl
[INFO] 2017-11-29 14:59:29,732 INFO  (CommandRunner:3243) saving:http://purl.obolibrary.org/obo/pato.owl using RDF/XML Syntax
[INFO] ------------------------------------------------------------------------
[INFO] BUILD SUCCESS
[INFO] ------------------------------------------------------------------------
[INFO] Total time: 13.786 s
[INFO] Finished at: 2017-11-29T14:59:30-07:00
[INFO] Final Memory: 21M/1963M
[INFO] ------------------------------------------------------------------------
Wed Nov 29 14:59:30 MST 2017

Download validation successful. Triple count = 50114
