Mon Oct 22 16:54:36 UTC 2018
Ontology download URL: http://purl.obolibrary.org/obo/pdro.owl
  % Total    % Received % Xferd  Average Speed   Time    Time     Time  Current
                                 Dload  Upload   Total   Spent    Left  Speed
  0     0    0     0    0     0      0      0 --:--:-- --:--:-- --:--:--     0  0     0    0     0    0     0      0      0 --:--:-- --:--:-- --:--:--     0100   331  100   331    0     0    796      0 --:--:-- --:--:-- --:--:--   795
100  301k  100  301k    0     0   322k      0 --:--:-- --:--:-- --:--:--  322k
Mon Oct 22 16:54:37 UTC 2018

Mon Oct 22 16:54:38 UTC 2018
Validating ontology file: /mnt/efsdata/obo-ci-data/download/ontologies/pdro/pdro.owl
[INFO] Error stacktraces are turned on.
[INFO] Scanning for projects...
[INFO]                                                                         
[INFO] ------------------------------------------------------------------------
[INFO] Building kabob-ontology-flatten 1.0
[INFO] ------------------------------------------------------------------------
[INFO] 
[INFO] --- exec-maven-plugin:1.1:exec (default-cli) @ kabob-ontology-flatten ---
[INFO] 2018-10-22 16:54:46,833 INFO  (ParserWrapper:75) Start loading ontology: file:/mnt/efsdata/obo-ci-data/download/ontologies/pdro/pdro.owl from: file:/mnt/efsdata/obo-ci-data/download/ontologies/pdro/pdro.owl
[INFO] 2018-10-22 16:54:47,514 INFO  (ParserWrapper:82) Finished loading ontology: http://purl.obolibrary.org/obo/PDRO.owl from: file:/mnt/efsdata/obo-ci-data/download/ontologies/pdro/pdro.owl
[INFO] 2018-10-22 16:54:47,546 INFO  (CommandRunner:3243) saving:http://purl.obolibrary.org/obo/PDRO.owl using RDF/XML Syntax
[INFO] ------------------------------------------------------------------------
[INFO] BUILD SUCCESS
[INFO] ------------------------------------------------------------------------
[INFO] Total time: 5.705s
[INFO] Finished at: Mon Oct 22 16:54:47 UTC 2018
[INFO] Final Memory: 5M/229M
[INFO] ------------------------------------------------------------------------
Mon Oct 22 16:54:47 UTC 2018

Download validation successful. Triple count = 4466
