Mon Oct 22 16:54:37 UTC 2018
Ontology download URL: http://purl.obolibrary.org/obo/pdumdv.owl
  % Total    % Received % Xferd  Average Speed   Time    Time     Time  Current
                                 Dload  Upload   Total   Spent    Left  Speed
  0     0    0     0    0     0      0      0 --:--:-- --:--:-- --:--:--     0100   313  100   313    0     0   1855      0 --:--:-- --:--:-- --:--:--  1863
  0     0    0     0    0     0      0      0 --:--:-- --:--:-- --:--:--     0100 73234  100 73234    0     0  82817      0 --:--:-- --:--:-- --:--:--  154k
Mon Oct 22 16:54:38 UTC 2018

Mon Oct 22 16:54:38 UTC 2018
Validating ontology file: /mnt/efsdata/obo-ci-data/download/ontologies/pdumdv/pdumdv.owl
[INFO] Error stacktraces are turned on.
[INFO] Scanning for projects...
[INFO]                                                                         
[INFO] ------------------------------------------------------------------------
[INFO] Building kabob-ontology-flatten 1.0
[INFO] ------------------------------------------------------------------------
[INFO] 
[INFO] --- exec-maven-plugin:1.1:exec (default-cli) @ kabob-ontology-flatten ---
[INFO] 2018-10-22 16:54:42,442 INFO  (ParserWrapper:75) Start loading ontology: file:/mnt/efsdata/obo-ci-data/download/ontologies/pdumdv/pdumdv.owl from: file:/mnt/efsdata/obo-ci-data/download/ontologies/pdumdv/pdumdv.owl
[INFO] 2018-10-22 16:54:42,763 INFO  (ParserWrapper:82) Finished loading ontology: http://purl.obolibrary.org/obo/pdumdv.owl from: file:/mnt/efsdata/obo-ci-data/download/ontologies/pdumdv/pdumdv.owl
[INFO] 2018-10-22 16:54:42,773 INFO  (CommandRunner:3243) saving:http://purl.obolibrary.org/obo/pdumdv.owl using RDF/XML Syntax
[INFO] ------------------------------------------------------------------------
[INFO] BUILD SUCCESS
[INFO] ------------------------------------------------------------------------
[INFO] Total time: 2.824s
[INFO] Finished at: Mon Oct 22 16:54:42 UTC 2018
[INFO] Final Memory: 5M/229M
[INFO] ------------------------------------------------------------------------
Mon Oct 22 16:54:43 UTC 2018

Download validation successful. Triple count = 853
