Wed Nov 29 14:59:16 MST 2017
Ontology download URL: http://purl.obolibrary.org/obo/plana.owl
  % Total    % Received % Xferd  Average Speed   Time    Time     Time  Current
                                 Dload  Upload   Total   Spent    Left  Speed
  0     0    0     0    0     0      0      0 --:--:-- --:--:-- --:--:--     0100   350  100   350    0     0   1161      0 --:--:-- --:--:-- --:--:--  1162
  0     0    0     0    0     0      0      0 --:--:--  0:00:01 --:--:--     0 89 1372k   89 1231k    0     0   658k      0  0:00:02  0:00:01  0:00:01 1584k100 1372k  100 1372k    0     0   720k      0  0:00:01  0:00:01 --:--:-- 1688k
Wed Nov 29 14:59:18 MST 2017

Wed Nov 29 14:59:18 MST 2017
Validating ontology file: /scratch/Shares/hunter/obo-ci/data/download/ontologies/plana/plana.owl
[INFO] Error stacktraces are turned on.
[INFO] Scanning for projects...
[INFO]                                                                         
[INFO] ------------------------------------------------------------------------
[INFO] Building kabob-ontology-flatten 1.0
[INFO] ------------------------------------------------------------------------
[INFO] 
[INFO] --- exec-maven-plugin:1.1:exec (default-cli) @ kabob-ontology-flatten ---
[INFO] /bin/sh: module: line 1: syntax error: unexpected end of file
[INFO] /bin/sh: error importing function definition for `BASH_FUNC_module'
[INFO] 2017-11-29 14:59:25,960 INFO  (ParserWrapper:75) Start loading ontology: file:/scratch/Shares/hunter/obo-ci/data/download/ontologies/plana/plana.owl from: file:/scratch/Shares/hunter/obo-ci/data/download/ontologies/plana/plana.owl
[INFO] 2017-11-29 14:59:30,128 INFO  (ParserWrapper:82) Finished loading ontology: http://purl.obolibrary.org/obo from: file:/scratch/Shares/hunter/obo-ci/data/download/ontologies/plana/plana.owl
[INFO] 2017-11-29 14:59:30,141 INFO  (CommandRunner:3243) saving:http://purl.obolibrary.org/obo using RDF/XML Syntax
[INFO] ------------------------------------------------------------------------
[INFO] BUILD SUCCESS
[INFO] ------------------------------------------------------------------------
[INFO] Total time: 10.412 s
[INFO] Finished at: 2017-11-29T14:59:30-07:00
[INFO] Final Memory: 21M/1963M
[INFO] ------------------------------------------------------------------------
Wed Nov 29 14:59:31 MST 2017

Download validation successful. Triple count = 19501
