Wed Nov 29 14:59:10 MST 2017
Ontology download URL: http://purl.obolibrary.org/obo/po.owl
  % Total    % Received % Xferd  Average Speed   Time    Time     Time  Current
                                 Dload  Upload   Total   Spent    Left  Speed
  0     0    0     0    0     0      0      0 --:--:-- --:--:-- --:--:--     0100   341  100   341    0     0   1834      0 --:--:-- --:--:-- --:--:--  1843
  0     0    0     0    0     0      0      0 --:--:-- --:--:-- --:--:--     0  0 6711k    0     0    0     0      0      0 --:--:--  0:00:01 --:--:--     0 12 6711k   12  848k    0     0   379k      0  0:00:17  0:00:02  0:00:15  461k 34 6711k   34 2336k    0     0   722k      0  0:00:09  0:00:03  0:00:06  823k 70 6711k   70 4720k    0     0  1114k      0  0:00:06  0:00:04  0:00:02 1230k100 6711k  100 6711k    0     0  1394k      0  0:00:04  0:00:04 --:--:-- 1520k
Wed Nov 29 14:59:16 MST 2017

Wed Nov 29 14:59:17 MST 2017
Validating ontology file: /scratch/Shares/hunter/obo-ci/data/download/ontologies/po/po.owl
[INFO] Error stacktraces are turned on.
[INFO] Scanning for projects...
[INFO]                                                                         
[INFO] ------------------------------------------------------------------------
[INFO] Building kabob-ontology-flatten 1.0
[INFO] ------------------------------------------------------------------------
[INFO] 
[INFO] --- exec-maven-plugin:1.1:exec (default-cli) @ kabob-ontology-flatten ---
[INFO] /bin/sh: module: line 1: syntax error: unexpected end of file
[INFO] /bin/sh: error importing function definition for `BASH_FUNC_module'
[INFO] 2017-11-29 14:59:24,519 INFO  (ParserWrapper:75) Start loading ontology: file:/scratch/Shares/hunter/obo-ci/data/download/ontologies/po/po.owl from: file:/scratch/Shares/hunter/obo-ci/data/download/ontologies/po/po.owl
[INFO] 2017-11-29 14:59:25,193 INFO  (ParserWrapper:75) Start loading ontology: http://purl.obolibrary.org/obo/po/imports/ncbitaxon_import.owl from: http://purl.obolibrary.org/obo/po/imports/ncbitaxon_import.owl
[INFO] 2017-11-29 14:59:26,790 INFO  (ParserWrapper:82) Finished loading ontology: http://purl.obolibrary.org/obo/po/imports/ncbitaxon_import.owl from: http://purl.obolibrary.org/obo/po/imports/ncbitaxon_import.owl
[INFO] 2017-11-29 14:59:37,310 INFO  (ParserWrapper:82) Finished loading ontology: http://purl.obolibrary.org/obo/po.owl from: file:/scratch/Shares/hunter/obo-ci/data/download/ontologies/po/po.owl
[INFO] 2017-11-29 14:59:37,325 INFO  (CommandRunner:3243) saving:http://purl.obolibrary.org/obo/po.owl using RDF/XML Syntax
[INFO] ------------------------------------------------------------------------
[INFO] BUILD SUCCESS
[INFO] ------------------------------------------------------------------------
[INFO] Total time: 19.960 s
[INFO] Finished at: 2017-11-29T14:59:38-07:00
[INFO] Final Memory: 21M/1963M
[INFO] ------------------------------------------------------------------------
Wed Nov 29 14:59:38 MST 2017

Download validation successful. Triple count = 80083
