Mon Oct 22 16:54:42 UTC 2018
Ontology download URL: http://purl.obolibrary.org/obo/ppo.owl
  % Total    % Received % Xferd  Average Speed   Time    Time     Time  Current
                                 Dload  Upload   Total   Spent    Left  Speed
  0     0    0     0    0     0      0      0 --:--:-- --:--:-- --:--:--     0100   360  100   360    0     0   2094      0 --:--:-- --:--:-- --:--:--  2105
100 1552k  100 1552k    0     0  2245k      0 --:--:-- --:--:-- --:--:-- 2245k
Mon Oct 22 16:54:43 UTC 2018

Mon Oct 22 16:54:43 UTC 2018
Validating ontology file: /mnt/efsdata/obo-ci-data/download/ontologies/ppo/ppo.owl
[INFO] Error stacktraces are turned on.
[INFO] Scanning for projects...
[INFO]                                                                         
[INFO] ------------------------------------------------------------------------
[INFO] Building kabob-ontology-flatten 1.0
[INFO] ------------------------------------------------------------------------
[INFO] 
[INFO] --- exec-maven-plugin:1.1:exec (default-cli) @ kabob-ontology-flatten ---
[INFO] 2018-10-22 16:54:47,131 INFO  (ParserWrapper:75) Start loading ontology: file:/mnt/efsdata/obo-ci-data/download/ontologies/ppo/ppo.owl from: file:/mnt/efsdata/obo-ci-data/download/ontologies/ppo/ppo.owl
[INFO] 2018-10-22 16:54:48,350 INFO  (ParserWrapper:82) Finished loading ontology: https://raw.githubusercontent.com/PlantPhenoOntology/ppo/master/ppo.owl from: file:/mnt/efsdata/obo-ci-data/download/ontologies/ppo/ppo.owl
[INFO] 2018-10-22 16:54:48,365 INFO  (CommandRunner:3243) saving:https://raw.githubusercontent.com/PlantPhenoOntology/ppo/master/ppo.owl using RDF/XML Syntax
[INFO] ------------------------------------------------------------------------
[INFO] BUILD SUCCESS
[INFO] ------------------------------------------------------------------------
[INFO] Total time: 4.135s
[INFO] Finished at: Mon Oct 22 16:54:49 UTC 2018
[INFO] Final Memory: 5M/229M
[INFO] ------------------------------------------------------------------------
Mon Oct 22 16:54:49 UTC 2018

Download validation successful. Triple count = 21719
