Mon Oct 22 16:54:49 UTC 2018
Consolidating all ontology imports for: /mnt/efsdata/obo-ci-data/download/ontologies/ppo/ppo.owl
[INFO] Error stacktraces are turned on.
[INFO] Scanning for projects...
[INFO]                                                                         
[INFO] ------------------------------------------------------------------------
[INFO] Building kabob-ontology-flatten 1.0
[INFO] ------------------------------------------------------------------------
[INFO] 
[INFO] --- exec-maven-plugin:1.1:exec (default-cli) @ kabob-ontology-flatten ---
[INFO] 2018-10-22 16:54:52,854 INFO  (ParserWrapper:75) Start loading ontology: file:/mnt/efsdata/obo-ci-data/download/ontologies/ppo/ppo.owl from: file:/mnt/efsdata/obo-ci-data/download/ontologies/ppo/ppo.owl
[INFO] 2018-10-22 16:54:54,083 INFO  (ParserWrapper:82) Finished loading ontology: https://raw.githubusercontent.com/PlantPhenoOntology/ppo/master/ppo.owl from: file:/mnt/efsdata/obo-ci-data/download/ontologies/ppo/ppo.owl
[INFO] 2018-10-22 16:54:54,095 INFO  (CommandRunner:3243) saving:https://raw.githubusercontent.com/PlantPhenoOntology/ppo/master/ppo.owl using RDF/XML Syntax
[INFO] ------------------------------------------------------------------------
[INFO] BUILD SUCCESS
[INFO] ------------------------------------------------------------------------
[INFO] Total time: 4.230s
[INFO] Finished at: Mon Oct 22 16:54:54 UTC 2018
[INFO] Final Memory: 5M/229M
[INFO] ------------------------------------------------------------------------
Mon Oct 22 16:54:54 UTC 2018
