Wed Nov 29 14:59:14 MST 2017
Ontology download URL: http://purl.obolibrary.org/obo/pre/mondo.owl
  % Total    % Received % Xferd  Average Speed   Time    Time     Time  Current
                                 Dload  Upload   Total   Spent    Left  Speed
  0     0    0     0    0     0      0      0 --:--:-- --:--:-- --:--:--     0100   307  100   307    0     0   1426      0 --:--:-- --:--:-- --:--:--  1427
100   214  100   214    0     0    211      0  0:00:01  0:00:01 --:--:--   211100   214  100   214    0     0    211      0  0:00:01  0:00:01 --:--:--     0
100   326  100   326    0     0    271      0  0:00:01  0:00:01 --:--:--   271
  0     0    0  224k    0     0   143k      0 --:--:--  0:00:01 --:--:--  143k  0     0    0  236k    0     0   150k      0 --:--:--  0:00:01 --:--:-- 11.3M
Wed Nov 29 14:59:15 MST 2017

Wed Nov 29 14:59:17 MST 2017
Validating ontology file: /scratch/Shares/hunter/obo-ci/data/download/ontologies/pre_mondo/pre_mondo.owl
[INFO] Error stacktraces are turned on.
[INFO] Scanning for projects...
[INFO]                                                                         
[INFO] ------------------------------------------------------------------------
[INFO] Building kabob-ontology-flatten 1.0
[INFO] ------------------------------------------------------------------------
[INFO] 
[INFO] --- exec-maven-plugin:1.1:exec (default-cli) @ kabob-ontology-flatten ---
[INFO] /bin/sh: module: line 1: syntax error: unexpected end of file
[INFO] /bin/sh: error importing function definition for `BASH_FUNC_module'
[INFO] 2017-11-29 14:59:25,011 INFO  (ParserWrapper:75) Start loading ontology: file:/scratch/Shares/hunter/obo-ci/data/download/ontologies/pre_mondo/pre_mondo.owl from: file:/scratch/Shares/hunter/obo-ci/data/download/ontologies/pre_mondo/pre_mondo.owl
[INFO] 2017-11-29 14:59:27,028 INFO  (ParserWrapper:82) Finished loading ontology: null from: file:/scratch/Shares/hunter/obo-ci/data/download/ontologies/pre_mondo/pre_mondo.owl
[INFO] 2017-11-29 14:59:27,039 INFO  (CommandRunner:3243) saving: using RDF/XML Syntax
[INFO] ------------------------------------------------------------------------
[INFO] BUILD SUCCESS
[INFO] ------------------------------------------------------------------------
[INFO] Total time: 8.530 s
[INFO] Finished at: 2017-11-29T14:59:27-07:00
[INFO] Final Memory: 21M/1963M
[INFO] ------------------------------------------------------------------------
Wed Nov 29 14:59:27 MST 2017

Download validation successful. Triple count = 15
