Wed Nov 29 14:59:16 MST 2017
Ontology download URL: http://purl.obolibrary.org/obo/rex.owl
  % Total    % Received % Xferd  Average Speed   Time    Time     Time  Current
                                 Dload  Upload   Total   Spent    Left  Speed
  0     0    0     0    0     0      0      0 --:--:-- --:--:-- --:--:--     0100   310  100   310    0     0    871      0 --:--:-- --:--:-- --:--:--   873
  0  661k    0  3681    0     0   4294      0  0:02:37 --:--:--  0:02:37  4294 38  661k   38  254k    0     0   165k      0  0:00:03  0:00:01  0:00:02  371k100  661k  100  661k    0     0   273k      0  0:00:02  0:00:02 --:--:--  420k
Wed Nov 29 14:59:19 MST 2017

Wed Nov 29 14:59:21 MST 2017
Validating ontology file: /scratch/Shares/hunter/obo-ci/data/download/ontologies/rex/rex.owl
[INFO] Error stacktraces are turned on.
[INFO] Scanning for projects...
[INFO]                                                                         
[INFO] ------------------------------------------------------------------------
[INFO] Building kabob-ontology-flatten 1.0
[INFO] ------------------------------------------------------------------------
[INFO] 
[INFO] --- exec-maven-plugin:1.1:exec (default-cli) @ kabob-ontology-flatten ---
[INFO] /bin/sh: module: line 1: syntax error: unexpected end of file
[INFO] /bin/sh: error importing function definition for `BASH_FUNC_module'
[INFO] 2017-11-29 14:59:30,180 INFO  (ParserWrapper:75) Start loading ontology: file:/scratch/Shares/hunter/obo-ci/data/download/ontologies/rex/rex.owl from: file:/scratch/Shares/hunter/obo-ci/data/download/ontologies/rex/rex.owl
[INFO] 2017-11-29 14:59:31,496 INFO  (ParserWrapper:82) Finished loading ontology: http://purl.obolibrary.org/obo/rex.owl from: file:/scratch/Shares/hunter/obo-ci/data/download/ontologies/rex/rex.owl
[INFO] 2017-11-29 14:59:31,507 INFO  (CommandRunner:3243) saving:http://purl.obolibrary.org/obo/rex.owl using RDF/XML Syntax
[INFO] ------------------------------------------------------------------------
[INFO] BUILD SUCCESS
[INFO] ------------------------------------------------------------------------
[INFO] Total time: 11.267 s
[INFO] Finished at: 2017-11-29T14:59:34-07:00
[INFO] Final Memory: 21M/1963M
[INFO] ------------------------------------------------------------------------
Wed Nov 29 14:59:34 MST 2017

Download validation successful. Triple count = 9614
