Wed Nov 29 14:59:16 MST 2017
Ontology download URL: http://purl.obolibrary.org/obo/ro/core.owl
  % Total    % Received % Xferd  Average Speed   Time    Time     Time  Current
                                 Dload  Upload   Total   Spent    Left  Speed
  0     0    0     0    0     0      0      0 --:--:-- --:--:-- --:--:--     0100   339  100   339    0     0   1371      0 --:--:-- --:--:-- --:--:--  1378
  0     0    0     0    0     0      0      0 --:--:-- --:--:-- --:--:--     0 65 40690   65 26579    0     0  17226      0  0:00:02  0:00:01  0:00:01 26901100 40690  100 40690    0     0  25406      0  0:00:01  0:00:01 --:--:-- 38900
Wed Nov 29 14:59:18 MST 2017

Wed Nov 29 14:59:20 MST 2017
Validating ontology file: /scratch/Shares/hunter/obo-ci/data/download/ontologies/ro_core/ro_core.owl
[INFO] Error stacktraces are turned on.
[INFO] Scanning for projects...
[INFO]                                                                         
[INFO] ------------------------------------------------------------------------
[INFO] Building kabob-ontology-flatten 1.0
[INFO] ------------------------------------------------------------------------
[INFO] 
[INFO] --- exec-maven-plugin:1.1:exec (default-cli) @ kabob-ontology-flatten ---
[INFO] /bin/sh: module: line 1: syntax error: unexpected end of file
[INFO] /bin/sh: error importing function definition for `BASH_FUNC_module'
[INFO] 2017-11-29 14:59:27,621 INFO  (ParserWrapper:75) Start loading ontology: file:/scratch/Shares/hunter/obo-ci/data/download/ontologies/ro_core/ro_core.owl from: file:/scratch/Shares/hunter/obo-ci/data/download/ontologies/ro_core/ro_core.owl
[INFO] 2017-11-29 14:59:28,564 INFO  (ParserWrapper:75) Start loading ontology: http://purl.obolibrary.org/obo/ro/annotations.owl from: http://purl.obolibrary.org/obo/ro/annotations.owl
[INFO] 2017-11-29 14:59:30,369 INFO  (ParserWrapper:82) Finished loading ontology: http://purl.obolibrary.org/obo/ro/annotations.owl from: http://purl.obolibrary.org/obo/ro/annotations.owl
[INFO] 2017-11-29 14:59:30,370 INFO  (ParserWrapper:75) Start loading ontology: http://purl.obolibrary.org/obo/ro/bfo-axioms.owl from: http://purl.obolibrary.org/obo/ro/bfo-axioms.owl
[INFO] 2017-11-29 14:59:30,766 INFO  (ParserWrapper:82) Finished loading ontology: http://purl.obolibrary.org/obo/ro/bfo-axioms.owl from: http://purl.obolibrary.org/obo/ro/bfo-axioms.owl
[INFO] 2017-11-29 14:59:30,767 INFO  (ParserWrapper:75) Start loading ontology: http://purl.obolibrary.org/obo/ro/bfo-classes-minimal.owl from: http://purl.obolibrary.org/obo/ro/bfo-classes-minimal.owl
[INFO] 2017-11-29 14:59:31,133 INFO  (ParserWrapper:82) Finished loading ontology: http://purl.obolibrary.org/obo/ro/bfo-classes-minimal.owl from: http://purl.obolibrary.org/obo/ro/bfo-classes-minimal.owl
[INFO] 2017-11-29 14:59:31,413 INFO  (ParserWrapper:82) Finished loading ontology: http://purl.obolibrary.org/obo/ro/core.owl from: file:/scratch/Shares/hunter/obo-ci/data/download/ontologies/ro_core/ro_core.owl
[INFO] 2017-11-29 14:59:31,422 INFO  (CommandRunner:3243) saving:http://purl.obolibrary.org/obo/ro/core.owl using RDF/XML Syntax
[INFO] ------------------------------------------------------------------------
[INFO] BUILD SUCCESS
[INFO] ------------------------------------------------------------------------
[INFO] Total time: 9.662 s
[INFO] Finished at: 2017-11-29T14:59:31-07:00
[INFO] Final Memory: 21M/1963M
[INFO] ------------------------------------------------------------------------
Wed Nov 29 14:59:34 MST 2017

Download validation successful. Triple count = 526
