Wed Nov 29 14:59:17 MST 2017
Ontology download URL: http://purl.obolibrary.org/obo/ro.owl
  % Total    % Received % Xferd  Average Speed   Time    Time     Time  Current
                                 Dload  Upload   Total   Spent    Left  Speed
  0     0    0     0    0     0      0      0 --:--:-- --:--:-- --:--:--     0100   337  100   337    0     0   1341      0 --:--:-- --:--:-- --:--:--  1342
  0     0    0     0    0     0      0      0 --:--:-- --:--:-- --:--:--     0100  511k  100  511k    0     0   369k      0  0:00:01  0:00:01 --:--:--  573k
Wed Nov 29 14:59:18 MST 2017

Wed Nov 29 14:59:19 MST 2017
Validating ontology file: /scratch/Shares/hunter/obo-ci/data/download/ontologies/ro/ro.owl
[INFO] Error stacktraces are turned on.
[INFO] Scanning for projects...
[INFO]                                                                         
[INFO] ------------------------------------------------------------------------
[INFO] Building kabob-ontology-flatten 1.0
[INFO] ------------------------------------------------------------------------
[INFO] 
[INFO] --- exec-maven-plugin:1.1:exec (default-cli) @ kabob-ontology-flatten ---
[INFO] /bin/sh: module: line 1: syntax error: unexpected end of file
[INFO] /bin/sh: error importing function definition for `BASH_FUNC_module'
[INFO] 2017-11-29 14:59:26,859 INFO  (ParserWrapper:75) Start loading ontology: file:/scratch/Shares/hunter/obo-ci/data/download/ontologies/ro/ro.owl from: file:/scratch/Shares/hunter/obo-ci/data/download/ontologies/ro/ro.owl
[INFO] 2017-11-29 14:59:27,330 INFO  (ParserWrapper:75) Start loading ontology: http://purl.obolibrary.org/obo/ro/annotations.owl from: http://purl.obolibrary.org/obo/ro/annotations.owl
[INFO] 2017-11-29 14:59:29,670 INFO  (ParserWrapper:82) Finished loading ontology: http://purl.obolibrary.org/obo/ro/annotations.owl from: http://purl.obolibrary.org/obo/ro/annotations.owl
[INFO] 2017-11-29 14:59:29,671 INFO  (ParserWrapper:75) Start loading ontology: http://purl.obolibrary.org/obo/ro/pato_import.owl from: http://purl.obolibrary.org/obo/ro/pato_import.owl
[INFO] 2017-11-29 14:59:30,106 INFO  (ParserWrapper:82) Finished loading ontology: http://purl.obolibrary.org/obo/ro/pato_import.owl from: http://purl.obolibrary.org/obo/ro/pato_import.owl
[INFO] 2017-11-29 14:59:30,108 INFO  (ParserWrapper:75) Start loading ontology: http://purl.obolibrary.org/obo/ro/temporal-intervals.owl from: http://purl.obolibrary.org/obo/ro/temporal-intervals.owl
[INFO] 2017-11-29 14:59:30,603 INFO  (ParserWrapper:75) Start loading ontology: http://purl.obolibrary.org/obo/ro/core.owl from: http://purl.obolibrary.org/obo/ro/core.owl
[INFO] 2017-11-29 14:59:31,176 INFO  (ParserWrapper:75) Start loading ontology: http://purl.obolibrary.org/obo/ro/bfo-axioms.owl from: http://purl.obolibrary.org/obo/ro/bfo-axioms.owl
[INFO] 2017-11-29 14:59:31,973 INFO  (ParserWrapper:82) Finished loading ontology: http://purl.obolibrary.org/obo/ro/bfo-axioms.owl from: http://purl.obolibrary.org/obo/ro/bfo-axioms.owl
[INFO] 2017-11-29 14:59:31,974 INFO  (ParserWrapper:75) Start loading ontology: http://purl.obolibrary.org/obo/ro/bfo-classes-minimal.owl from: http://purl.obolibrary.org/obo/ro/bfo-classes-minimal.owl
[INFO] 2017-11-29 14:59:32,317 INFO  (ParserWrapper:82) Finished loading ontology: http://purl.obolibrary.org/obo/ro/bfo-classes-minimal.owl from: http://purl.obolibrary.org/obo/ro/bfo-classes-minimal.owl
[INFO] 2017-11-29 14:59:32,380 INFO  (ParserWrapper:82) Finished loading ontology: http://purl.obolibrary.org/obo/ro/core.owl from: http://purl.obolibrary.org/obo/ro/core.owl
[INFO] 2017-11-29 14:59:32,400 INFO  (ParserWrapper:82) Finished loading ontology: http://purl.obolibrary.org/obo/ro/temporal-intervals.owl from: http://purl.obolibrary.org/obo/ro/temporal-intervals.owl
[INFO] 2017-11-29 14:59:32,402 INFO  (ParserWrapper:75) Start loading ontology: http://purl.obolibrary.org/obo/ro/go_cc_import.owl from: http://purl.obolibrary.org/obo/ro/go_cc_import.owl
[INFO] 2017-11-29 14:59:32,715 INFO  (ParserWrapper:82) Finished loading ontology: http://purl.obolibrary.org/obo/ro/go_cc_import.owl from: http://purl.obolibrary.org/obo/ro/go_cc_import.owl
[INFO] 2017-11-29 14:59:32,716 INFO  (ParserWrapper:75) Start loading ontology: http://purl.obolibrary.org/obo/ro/go_mf_import.owl from: http://purl.obolibrary.org/obo/ro/go_mf_import.owl
[INFO] 2017-11-29 14:59:33,076 INFO  (ParserWrapper:82) Finished loading ontology: http://purl.obolibrary.org/obo/ro/go_mf_import.owl from: http://purl.obolibrary.org/obo/ro/go_mf_import.owl
[INFO] 2017-11-29 14:59:33,078 INFO  (ParserWrapper:75) Start loading ontology: http://purl.obolibrary.org/obo/ro/rohom.owl from: http://purl.obolibrary.org/obo/ro/rohom.owl
[INFO] 2017-11-29 14:59:33,531 INFO  (ParserWrapper:82) Finished loading ontology: http://purl.obolibrary.org/obo/ro/rohom.owl from: http://purl.obolibrary.org/obo/ro/rohom.owl
[INFO] 2017-11-29 14:59:33,532 INFO  (ParserWrapper:75) Start loading ontology: http://purl.obolibrary.org/obo/ro/go-biotic.owl from: http://purl.obolibrary.org/obo/ro/go-biotic.owl
[INFO] 2017-11-29 14:59:33,916 INFO  (ParserWrapper:82) Finished loading ontology: http://purl.obolibrary.org/obo/ro/go-biotic.owl from: http://purl.obolibrary.org/obo/ro/go-biotic.owl
[INFO] 2017-11-29 14:59:33,918 INFO  (ParserWrapper:75) Start loading ontology: http://purl.obolibrary.org/obo/ro/el-constraints.owl from: http://purl.obolibrary.org/obo/ro/el-constraints.owl
[INFO] 2017-11-29 14:59:34,236 INFO  (ParserWrapper:82) Finished loading ontology: http://purl.obolibrary.org/obo/ro/el-constraints.owl from: http://purl.obolibrary.org/obo/ro/el-constraints.owl
[INFO] 2017-11-29 14:59:35,147 INFO  (ParserWrapper:82) Finished loading ontology: http://purl.obolibrary.org/obo/ro.owl from: file:/scratch/Shares/hunter/obo-ci/data/download/ontologies/ro/ro.owl
[INFO] 2017-11-29 14:59:35,158 INFO  (CommandRunner:3243) saving:http://purl.obolibrary.org/obo/ro.owl using RDF/XML Syntax
[INFO] ------------------------------------------------------------------------
[INFO] BUILD SUCCESS
[INFO] ------------------------------------------------------------------------
[INFO] Total time: 15.214 s
[INFO] Finished at: 2017-11-29T14:59:35-07:00
[INFO] Final Memory: 21M/1963M
[INFO] ------------------------------------------------------------------------
Wed Nov 29 14:59:35 MST 2017

Download validation successful. Triple count = 8806
