Wed Nov 29 14:59:43 MST 2017
Consolidating all ontology imports for: /scratch/Shares/hunter/obo-ci/data/download/ontologies/ro/ro.owl
[INFO] Error stacktraces are turned on.
[INFO] Scanning for projects...
[INFO]                                                                         
[INFO] ------------------------------------------------------------------------
[INFO] Building kabob-ontology-flatten 1.0
[INFO] ------------------------------------------------------------------------
[INFO] 
[INFO] --- exec-maven-plugin:1.1:exec (default-cli) @ kabob-ontology-flatten ---
[INFO] /bin/sh: module: line 1: syntax error: unexpected end of file
[INFO] /bin/sh: error importing function definition for `BASH_FUNC_module'
[INFO] 2017-11-29 14:59:54,641 INFO  (ParserWrapper:75) Start loading ontology: file:/scratch/Shares/hunter/obo-ci/data/download/ontologies/ro/ro.owl from: file:/scratch/Shares/hunter/obo-ci/data/download/ontologies/ro/ro.owl
[INFO] 2017-11-29 14:59:55,168 INFO  (ParserWrapper:75) Start loading ontology: http://purl.obolibrary.org/obo/ro/annotations.owl from: http://purl.obolibrary.org/obo/ro/annotations.owl
[INFO] 2017-11-29 14:59:56,437 INFO  (ParserWrapper:82) Finished loading ontology: http://purl.obolibrary.org/obo/ro/annotations.owl from: http://purl.obolibrary.org/obo/ro/annotations.owl
[INFO] 2017-11-29 14:59:56,438 INFO  (ParserWrapper:75) Start loading ontology: http://purl.obolibrary.org/obo/ro/pato_import.owl from: http://purl.obolibrary.org/obo/ro/pato_import.owl
[INFO] 2017-11-29 14:59:56,847 INFO  (ParserWrapper:82) Finished loading ontology: http://purl.obolibrary.org/obo/ro/pato_import.owl from: http://purl.obolibrary.org/obo/ro/pato_import.owl
[INFO] 2017-11-29 14:59:56,848 INFO  (ParserWrapper:75) Start loading ontology: http://purl.obolibrary.org/obo/ro/temporal-intervals.owl from: http://purl.obolibrary.org/obo/ro/temporal-intervals.owl
[INFO] 2017-11-29 14:59:57,243 INFO  (ParserWrapper:75) Start loading ontology: http://purl.obolibrary.org/obo/ro/core.owl from: http://purl.obolibrary.org/obo/ro/core.owl
[INFO] 2017-11-29 14:59:57,892 INFO  (ParserWrapper:75) Start loading ontology: http://purl.obolibrary.org/obo/ro/bfo-axioms.owl from: http://purl.obolibrary.org/obo/ro/bfo-axioms.owl
[INFO] 2017-11-29 14:59:58,532 INFO  (ParserWrapper:82) Finished loading ontology: http://purl.obolibrary.org/obo/ro/bfo-axioms.owl from: http://purl.obolibrary.org/obo/ro/bfo-axioms.owl
[INFO] 2017-11-29 14:59:58,533 INFO  (ParserWrapper:75) Start loading ontology: http://purl.obolibrary.org/obo/ro/bfo-classes-minimal.owl from: http://purl.obolibrary.org/obo/ro/bfo-classes-minimal.owl
[INFO] 2017-11-29 14:59:58,948 INFO  (ParserWrapper:82) Finished loading ontology: http://purl.obolibrary.org/obo/ro/bfo-classes-minimal.owl from: http://purl.obolibrary.org/obo/ro/bfo-classes-minimal.owl
[INFO] 2017-11-29 14:59:59,012 INFO  (ParserWrapper:82) Finished loading ontology: http://purl.obolibrary.org/obo/ro/core.owl from: http://purl.obolibrary.org/obo/ro/core.owl
[INFO] 2017-11-29 14:59:59,033 INFO  (ParserWrapper:82) Finished loading ontology: http://purl.obolibrary.org/obo/ro/temporal-intervals.owl from: http://purl.obolibrary.org/obo/ro/temporal-intervals.owl
[INFO] 2017-11-29 14:59:59,034 INFO  (ParserWrapper:75) Start loading ontology: http://purl.obolibrary.org/obo/ro/go_cc_import.owl from: http://purl.obolibrary.org/obo/ro/go_cc_import.owl
[INFO] 2017-11-29 14:59:59,435 INFO  (ParserWrapper:82) Finished loading ontology: http://purl.obolibrary.org/obo/ro/go_cc_import.owl from: http://purl.obolibrary.org/obo/ro/go_cc_import.owl
[INFO] 2017-11-29 14:59:59,437 INFO  (ParserWrapper:75) Start loading ontology: http://purl.obolibrary.org/obo/ro/go_mf_import.owl from: http://purl.obolibrary.org/obo/ro/go_mf_import.owl
[INFO] 2017-11-29 14:59:59,805 INFO  (ParserWrapper:82) Finished loading ontology: http://purl.obolibrary.org/obo/ro/go_mf_import.owl from: http://purl.obolibrary.org/obo/ro/go_mf_import.owl
[INFO] 2017-11-29 14:59:59,806 INFO  (ParserWrapper:75) Start loading ontology: http://purl.obolibrary.org/obo/ro/rohom.owl from: http://purl.obolibrary.org/obo/ro/rohom.owl
[INFO] 2017-11-29 15:00:00,273 INFO  (ParserWrapper:82) Finished loading ontology: http://purl.obolibrary.org/obo/ro/rohom.owl from: http://purl.obolibrary.org/obo/ro/rohom.owl
[INFO] 2017-11-29 15:00:00,274 INFO  (ParserWrapper:75) Start loading ontology: http://purl.obolibrary.org/obo/ro/go-biotic.owl from: http://purl.obolibrary.org/obo/ro/go-biotic.owl
[INFO] 2017-11-29 15:00:00,654 INFO  (ParserWrapper:82) Finished loading ontology: http://purl.obolibrary.org/obo/ro/go-biotic.owl from: http://purl.obolibrary.org/obo/ro/go-biotic.owl
[INFO] 2017-11-29 15:00:00,656 INFO  (ParserWrapper:75) Start loading ontology: http://purl.obolibrary.org/obo/ro/el-constraints.owl from: http://purl.obolibrary.org/obo/ro/el-constraints.owl
[INFO] 2017-11-29 15:00:01,045 INFO  (ParserWrapper:82) Finished loading ontology: http://purl.obolibrary.org/obo/ro/el-constraints.owl from: http://purl.obolibrary.org/obo/ro/el-constraints.owl
[INFO] 2017-11-29 15:00:04,711 INFO  (ParserWrapper:82) Finished loading ontology: http://purl.obolibrary.org/obo/ro.owl from: file:/scratch/Shares/hunter/obo-ci/data/download/ontologies/ro/ro.owl
[INFO] 2017-11-29 15:00:04,724 INFO  (OWLGraphWrapperBasic:280) Includes Ontology(OntologyID(OntologyIRI(<http://purl.obolibrary.org/obo/ro/pato_import.owl>) VersionIRI(<null>))) [Axioms: 20 Logical Axioms: 6]
[INFO] 2017-11-29 15:00:04,730 INFO  (OWLGraphWrapperBasic:280) Includes Ontology(OntologyID(OntologyIRI(<http://purl.obolibrary.org/obo/ro/core.owl>) VersionIRI(<null>))) [Axioms: 278 Logical Axioms: 58]
[INFO] 2017-11-29 15:00:04,736 INFO  (OWLGraphWrapperBasic:280) Includes Ontology(OntologyID(OntologyIRI(<http://purl.obolibrary.org/obo/ro/bfo-axioms.owl>) VersionIRI(<null>))) [Axioms: 18 Logical Axioms: 7]
[INFO] 2017-11-29 15:00:04,737 INFO  (OWLGraphWrapperBasic:280) Includes Ontology(OntologyID(OntologyIRI(<http://purl.obolibrary.org/obo/ro/annotations.owl>) VersionIRI(<null>))) [Axioms: 61 Logical Axioms: 0]
[INFO] 2017-11-29 15:00:04,738 INFO  (OWLGraphWrapperBasic:280) Includes Ontology(OntologyID(OntologyIRI(<http://purl.obolibrary.org/obo/ro/bfo-classes-minimal.owl>) VersionIRI(<null>))) [Axioms: 53 Logical Axioms: 12]
[INFO] 2017-11-29 15:00:04,739 INFO  (OWLGraphWrapperBasic:280) Includes Ontology(OntologyID(OntologyIRI(<http://purl.obolibrary.org/obo/ro/temporal-intervals.owl>) VersionIRI(<null>))) [Axioms: 146 Logical Axioms: 45]
[INFO] 2017-11-29 15:00:04,740 INFO  (OWLGraphWrapperBasic:280) Includes Ontology(OntologyID(OntologyIRI(<http://purl.obolibrary.org/obo/ro/go_mf_import.owl>) VersionIRI(<null>))) [Axioms: 29 Logical Axioms: 9]
[INFO] 2017-11-29 15:00:04,741 INFO  (OWLGraphWrapperBasic:280) Includes Ontology(OntologyID(OntologyIRI(<http://purl.obolibrary.org/obo/ro/el-constraints.owl>) VersionIRI(<null>))) [Axioms: 6 Logical Axioms: 2]
[INFO] 2017-11-29 15:00:04,741 INFO  (OWLGraphWrapperBasic:280) Includes Ontology(OntologyID(OntologyIRI(<http://purl.obolibrary.org/obo/ro/go_cc_import.owl>) VersionIRI(<null>))) [Axioms: 49 Logical Axioms: 14]
[INFO] 2017-11-29 15:00:04,742 INFO  (OWLGraphWrapperBasic:280) Includes Ontology(OntologyID(OntologyIRI(<http://purl.obolibrary.org/obo/ro/go-biotic.owl>) VersionIRI(<null>))) [Axioms: 42 Logical Axioms: 16]
[INFO] 2017-11-29 15:00:04,743 INFO  (OWLGraphWrapperBasic:280) Includes Ontology(OntologyID(OntologyIRI(<http://purl.obolibrary.org/obo/ro/rohom.owl>) VersionIRI(<null>))) [Axioms: 731 Logical Axioms: 148]
[INFO] 2017-11-29 15:00:04,750 INFO  (CommandRunner:3243) saving:http://purl.obolibrary.org/obo/ro.owl using RDF/XML Syntax
[INFO] ------------------------------------------------------------------------
[INFO] BUILD SUCCESS
[INFO] ------------------------------------------------------------------------
[INFO] Total time: 20.468 s
[INFO] Finished at: 2017-11-29T15:00:05-07:00
[INFO] Final Memory: 21M/1963M
[INFO] ------------------------------------------------------------------------
Wed Nov 29 15:00:05 MST 2017
