Wed Nov 29 14:59:16 MST 2017
Ontology download URL: http://purl.obolibrary.org/obo/ro/subsets/ro-neuro.owl
  % Total    % Received % Xferd  Average Speed   Time    Time     Time  Current
                                 Dload  Upload   Total   Spent    Left  Speed
  0     0    0     0    0     0      0      0 --:--:-- --:--:-- --:--:--     0100   351  100   351    0     0    687      0 --:--:-- --:--:-- --:--:--   688
  0     0    0     0    0     0      0      0 --:--:-- --:--:-- --:--:--     0  4 40332    4  1918    0     0   1056      0  0:00:38  0:00:01  0:00:37  1973100 40332  100 40332    0     0  20447      0  0:00:01  0:00:01 --:--:-- 35755
Wed Nov 29 14:59:18 MST 2017

Wed Nov 29 14:59:20 MST 2017
Validating ontology file: /scratch/Shares/hunter/obo-ci/data/download/ontologies/ro_subsets_ro-neuro/ro_subsets_ro-neuro.owl
[INFO] Error stacktraces are turned on.
[INFO] Scanning for projects...
[INFO]                                                                         
[INFO] ------------------------------------------------------------------------
[INFO] Building kabob-ontology-flatten 1.0
[INFO] ------------------------------------------------------------------------
[INFO] 
[INFO] --- exec-maven-plugin:1.1:exec (default-cli) @ kabob-ontology-flatten ---
[INFO] /bin/sh: module: line 1: syntax error: unexpected end of file
[INFO] /bin/sh: error importing function definition for `BASH_FUNC_module'
[INFO] 2017-11-29 14:59:27,619 INFO  (ParserWrapper:75) Start loading ontology: file:/scratch/Shares/hunter/obo-ci/data/download/ontologies/ro_subsets_ro-neuro/ro_subsets_ro-neuro.owl from: file:/scratch/Shares/hunter/obo-ci/data/download/ontologies/ro_subsets_ro-neuro/ro_subsets_ro-neuro.owl
[INFO] 2017-11-29 14:59:28,578 INFO  (ParserWrapper:75) Start loading ontology: http://purl.obolibrary.org/obo/iao/dev/ontology-metadata.owl from: http://purl.obolibrary.org/obo/iao/dev/ontology-metadata.owl
[INFO] 2017-11-29 14:59:30,148 INFO  (ParserWrapper:82) Finished loading ontology: http://purl.obolibrary.org/obo/iao/ontology-metadata.owl from: http://purl.obolibrary.org/obo/iao/dev/ontology-metadata.owl
[INFO] 2017-11-29 14:59:30,342 INFO  (ParserWrapper:82) Finished loading ontology: http://purl.obolibrary.org/obo/ro.owl from: file:/scratch/Shares/hunter/obo-ci/data/download/ontologies/ro_subsets_ro-neuro/ro_subsets_ro-neuro.owl
[INFO] 2017-11-29 14:59:30,353 INFO  (CommandRunner:3243) saving:http://purl.obolibrary.org/obo/ro.owl using RDF/XML Syntax
[INFO] ------------------------------------------------------------------------
[INFO] BUILD SUCCESS
[INFO] ------------------------------------------------------------------------
[INFO] Total time: 8.575 s
[INFO] Finished at: 2017-11-29T14:59:30-07:00
[INFO] Final Memory: 21M/1963M
[INFO] ------------------------------------------------------------------------
Wed Nov 29 14:59:30 MST 2017

Download validation successful. Triple count = 880
