Wed Nov 29 14:59:16 MST 2017
Ontology download URL: http://purl.obolibrary.org/obo/ro/subsets/ro-eco.owl
  % Total    % Received % Xferd  Average Speed   Time    Time     Time  Current
                                 Dload  Upload   Total   Spent    Left  Speed
  0     0    0     0    0     0      0      0 --:--:-- --:--:-- --:--:--     0100   349  100   349    0     0   1446      0 --:--:-- --:--:-- --:--:--  1448
  0     0    0     0    0     0      0      0 --:--:-- --:--:-- --:--:--     0100  444k  100  444k    0     0   326k      0  0:00:01  0:00:01 --:--:--  511k
Wed Nov 29 14:59:18 MST 2017

Wed Nov 29 14:59:19 MST 2017
Validating ontology file: /scratch/Shares/hunter/obo-ci/data/download/ontologies/ro_subsets_ro-eco/ro_subsets_ro-eco.owl
[INFO] Error stacktraces are turned on.
[INFO] Scanning for projects...
[INFO]                                                                         
[INFO] ------------------------------------------------------------------------
[INFO] Building kabob-ontology-flatten 1.0
[INFO] ------------------------------------------------------------------------
[INFO] 
[INFO] --- exec-maven-plugin:1.1:exec (default-cli) @ kabob-ontology-flatten ---
[INFO] /bin/sh: module: line 1: syntax error: unexpected end of file
[INFO] /bin/sh: error importing function definition for `BASH_FUNC_module'
[INFO] 2017-11-29 14:59:27,620 INFO  (ParserWrapper:75) Start loading ontology: file:/scratch/Shares/hunter/obo-ci/data/download/ontologies/ro_subsets_ro-eco/ro_subsets_ro-eco.owl from: file:/scratch/Shares/hunter/obo-ci/data/download/ontologies/ro_subsets_ro-eco/ro_subsets_ro-eco.owl
[INFO] 2017-11-29 14:59:29,535 INFO  (ParserWrapper:82) Finished loading ontology: http://purl.obolibrary.org/obo/ro/subsets/ro-eco.owl from: file:/scratch/Shares/hunter/obo-ci/data/download/ontologies/ro_subsets_ro-eco/ro_subsets_ro-eco.owl
[INFO] 2017-11-29 14:59:29,548 INFO  (CommandRunner:3243) saving:http://purl.obolibrary.org/obo/ro/subsets/ro-eco.owl using RDF/XML Syntax
[INFO] ------------------------------------------------------------------------
[INFO] BUILD SUCCESS
[INFO] ------------------------------------------------------------------------
[INFO] Total time: 8.890 s
[INFO] Finished at: 2017-11-29T14:59:30-07:00
[INFO] Final Memory: 21M/1963M
[INFO] ------------------------------------------------------------------------
Wed Nov 29 14:59:30 MST 2017

Download validation successful. Triple count = 7632
