Mon Oct 22 16:54:48 UTC 2018
Ontology download URL: http://purl.obolibrary.org/obo/ro/subsets/ro-interaction.owl
  % Total    % Received % Xferd  Average Speed   Time    Time     Time  Current
                                 Dload  Upload   Total   Spent    Left  Speed
  0     0    0     0    0     0      0      0 --:--:-- --:--:-- --:--:--     0  0     0    0     0    0     0      0      0 --:--:-- --:--:-- --:--:--     0100   357  100   357    0     0    872      0 --:--:-- --:--:-- --:--:--   870
100  420k  100  420k    0     0   486k      0 --:--:-- --:--:-- --:--:--  486k
Mon Oct 22 16:54:49 UTC 2018

Mon Oct 22 16:54:49 UTC 2018
Validating ontology file: /mnt/efsdata/obo-ci-data/download/ontologies/ro_subsets_ro-interaction/ro_subsets_ro-interaction.owl
[INFO] Error stacktraces are turned on.
[INFO] Scanning for projects...
[INFO]                                                                         
[INFO] ------------------------------------------------------------------------
[INFO] Building kabob-ontology-flatten 1.0
[INFO] ------------------------------------------------------------------------
[INFO] 
[INFO] --- exec-maven-plugin:1.1:exec (default-cli) @ kabob-ontology-flatten ---
[INFO] 2018-10-22 16:54:53,318 INFO  (ParserWrapper:75) Start loading ontology: file:/mnt/efsdata/obo-ci-data/download/ontologies/ro_subsets_ro-interaction/ro_subsets_ro-interaction.owl from: file:/mnt/efsdata/obo-ci-data/download/ontologies/ro_subsets_ro-interaction/ro_subsets_ro-interaction.owl
[INFO] 2018-10-22 16:54:54,053 INFO  (ParserWrapper:82) Finished loading ontology: http://purl.obolibrary.org/obo/ro/subsets/ro-interaction.owl from: file:/mnt/efsdata/obo-ci-data/download/ontologies/ro_subsets_ro-interaction/ro_subsets_ro-interaction.owl
[INFO] 2018-10-22 16:54:54,064 INFO  (CommandRunner:3243) saving:http://purl.obolibrary.org/obo/ro/subsets/ro-interaction.owl using RDF/XML Syntax
[INFO] ------------------------------------------------------------------------
[INFO] BUILD SUCCESS
[INFO] ------------------------------------------------------------------------
[INFO] Total time: 3.373s
[INFO] Finished at: Mon Oct 22 16:54:54 UTC 2018
[INFO] Final Memory: 5M/229M
[INFO] ------------------------------------------------------------------------
Mon Oct 22 16:54:54 UTC 2018

Download validation successful. Triple count = 6536
