Wed Nov 29 14:59:16 MST 2017
Ontology download URL: http://purl.obolibrary.org/obo/rs.owl
  % Total    % Received % Xferd  Average Speed   Time    Time     Time  Current
                                 Dload  Upload   Total   Spent    Left  Speed
  0     0    0     0    0     0      0      0 --:--:-- --:--:-- --:--:--     0100   309  100   309    0     0    836      0 --:--:-- --:--:-- --:--:--   837
  0     0    0     0    0     0      0      0 --:--:-- --:--:-- --:--:--     0  5 4504k    5  265k    0     0   179k      0  0:00:25  0:00:01  0:00:24  268k 14 4504k   14  665k    0     0   270k      0  0:00:16  0:00:02  0:00:14  338k 25 4504k   25 1166k    0     0   333k      0  0:00:13  0:00:03  0:00:10  388k 36 4504k   36 1657k    0     0   368k      0  0:00:12  0:00:04  0:00:08  414k 48 4504k   48 2163k    0     0   394k      0  0:00:11  0:00:05  0:00:06  433k 58 4504k   58 2638k    0     0   409k      0  0:00:10  0:00:06  0:00:04  478k 69 4504k   69 3131k    0     0   420k      0  0:00:10  0:00:07  0:00:03  493k 88 4504k   88 3979k    0     0   471k      0  0:00:09  0:00:08  0:00:01  569k100 4504k  100 4504k    0     0   502k      0  0:00:08  0:00:08 --:--:--  638k
Wed Nov 29 14:59:26 MST 2017

Wed Nov 29 14:59:30 MST 2017
Validating ontology file: /scratch/Shares/hunter/obo-ci/data/download/ontologies/rs/rs.owl
[INFO] Error stacktraces are turned on.
[INFO] Scanning for projects...
[INFO]                                                                         
[INFO] ------------------------------------------------------------------------
[INFO] Building kabob-ontology-flatten 1.0
[INFO] ------------------------------------------------------------------------
[INFO] 
[INFO] --- exec-maven-plugin:1.1:exec (default-cli) @ kabob-ontology-flatten ---
[INFO] /bin/sh: module: line 1: syntax error: unexpected end of file
[INFO] /bin/sh: error importing function definition for `BASH_FUNC_module'
[INFO] 2017-11-29 14:59:38,438 INFO  (ParserWrapper:75) Start loading ontology: file:/scratch/Shares/hunter/obo-ci/data/download/ontologies/rs/rs.owl from: file:/scratch/Shares/hunter/obo-ci/data/download/ontologies/rs/rs.owl
[INFO] 2017-11-29 14:59:45,313 INFO  (ParserWrapper:82) Finished loading ontology: http://purl.obolibrary.org/obo/rs.owl from: file:/scratch/Shares/hunter/obo-ci/data/download/ontologies/rs/rs.owl
[INFO] 2017-11-29 14:59:45,326 INFO  (CommandRunner:3243) saving:http://purl.obolibrary.org/obo/rs.owl using RDF/XML Syntax
[INFO] ------------------------------------------------------------------------
[INFO] BUILD SUCCESS
[INFO] ------------------------------------------------------------------------
[INFO] Total time: 11.920 s
[INFO] Finished at: 2017-11-29T14:59:46-07:00
[INFO] Final Memory: 21M/1963M
[INFO] ------------------------------------------------------------------------
Wed Nov 29 14:59:46 MST 2017

Download validation successful. Triple count = 66120
