Wed Nov 29 14:59:16 MST 2017
Ontology download URL: http://purl.obolibrary.org/obo/rxno.owl
  % Total    % Received % Xferd  Average Speed   Time    Time     Time  Current
                                 Dload  Upload   Total   Spent    Left  Speed
  0     0    0     0    0     0      0      0 --:--:-- --:--:-- --:--:--     0100   338  100   338    0     0    778      0 --:--:-- --:--:-- --:--:--   778
  0     0    0     0    0     0      0      0 --:--:-- --:--:-- --:--:--     0 26 1329k   26  351k    0     0   228k      0  0:00:05  0:00:01  0:00:04  403k100 1329k  100 1329k    0     0   757k      0  0:00:01  0:00:01 --:--:-- 1219k
Wed Nov 29 14:59:18 MST 2017

Wed Nov 29 14:59:21 MST 2017
Validating ontology file: /scratch/Shares/hunter/obo-ci/data/download/ontologies/rxno/rxno.owl
[INFO] Error stacktraces are turned on.
[INFO] Scanning for projects...
[INFO]                                                                         
[INFO] ------------------------------------------------------------------------
[INFO] Building kabob-ontology-flatten 1.0
[INFO] ------------------------------------------------------------------------
[INFO] 
[INFO] --- exec-maven-plugin:1.1:exec (default-cli) @ kabob-ontology-flatten ---
[INFO] /bin/sh: module: line 1: syntax error: unexpected end of file
[INFO] /bin/sh: error importing function definition for `BASH_FUNC_module'
[INFO] 2017-11-29 14:59:28,324 INFO  (ParserWrapper:75) Start loading ontology: file:/scratch/Shares/hunter/obo-ci/data/download/ontologies/rxno/rxno.owl from: file:/scratch/Shares/hunter/obo-ci/data/download/ontologies/rxno/rxno.owl
[INFO] 2017-11-29 14:59:30,686 INFO  (ParserWrapper:82) Finished loading ontology: http://purl.obolibrary.org/obo/rxno.obo.owl from: file:/scratch/Shares/hunter/obo-ci/data/download/ontologies/rxno/rxno.owl
[INFO] 2017-11-29 14:59:30,697 INFO  (CommandRunner:3243) saving:http://purl.obolibrary.org/obo/rxno.obo.owl using RDF/XML Syntax
[INFO] ------------------------------------------------------------------------
[INFO] BUILD SUCCESS
[INFO] ------------------------------------------------------------------------
[INFO] Total time: 8.702 s
[INFO] Finished at: 2017-11-29T14:59:31-07:00
[INFO] Final Memory: 21M/1963M
[INFO] ------------------------------------------------------------------------
Wed Nov 29 14:59:31 MST 2017

Download validation successful. Triple count = 18862
