Wed Nov 29 14:59:16 MST 2017
Ontology download URL: http://purl.obolibrary.org/obo/sbo.owl
  % Total    % Received % Xferd  Average Speed   Time    Time     Time  Current
                                 Dload  Upload   Total   Spent    Left  Speed
  0     0    0     0    0     0      0      0 --:--:-- --:--:-- --:--:--     0  0     0    0     0    0     0      0      0 --:--:-- --:--:-- --:--:--     0100   318  100   318    0     0   1302      0 --:--:-- --:--:-- --:--:--  1303
  0  468k    0  2573    0     0   2001      0  0:03:59  0:00:01  0:03:58  2001 29  468k   29  138k    0     0  67681      0  0:00:07  0:00:02  0:00:05  168k100  468k  100  468k    0     0   176k      0  0:00:02  0:00:02 --:--:--  340k
Wed Nov 29 14:59:19 MST 2017

Wed Nov 29 14:59:21 MST 2017
Validating ontology file: /scratch/Shares/hunter/obo-ci/data/download/ontologies/sbo/sbo.owl
[INFO] Error stacktraces are turned on.
[INFO] Scanning for projects...
[INFO]                                                                         
[INFO] ------------------------------------------------------------------------
[INFO] Building kabob-ontology-flatten 1.0
[INFO] ------------------------------------------------------------------------
[INFO] 
[INFO] --- exec-maven-plugin:1.1:exec (default-cli) @ kabob-ontology-flatten ---
[INFO] /bin/sh: module: line 1: syntax error: unexpected end of file
[INFO] /bin/sh: error importing function definition for `BASH_FUNC_module'
[INFO] 2017-11-29 14:59:30,181 INFO  (ParserWrapper:75) Start loading ontology: file:/scratch/Shares/hunter/obo-ci/data/download/ontologies/sbo/sbo.owl from: file:/scratch/Shares/hunter/obo-ci/data/download/ontologies/sbo/sbo.owl
[INFO] 2017-11-29 14:59:31,558 INFO  (ParserWrapper:82) Finished loading ontology: http://biomodels.net/SBO/ from: file:/scratch/Shares/hunter/obo-ci/data/download/ontologies/sbo/sbo.owl
[INFO] 2017-11-29 14:59:31,571 INFO  (CommandRunner:3243) saving:http://biomodels.net/SBO/ using RDF/XML Syntax
[INFO] ------------------------------------------------------------------------
[INFO] BUILD SUCCESS
[INFO] ------------------------------------------------------------------------
[INFO] Total time: 10.894 s
[INFO] Finished at: 2017-11-29T14:59:34-07:00
[INFO] Final Memory: 21M/1963M
[INFO] ------------------------------------------------------------------------
Wed Nov 29 14:59:34 MST 2017

Download validation successful. Triple count = 12969
