Mon Oct 22 16:54:57 UTC 2018
Ontology download URL: http://purl.obolibrary.org/obo/so.owl
  % Total    % Received % Xferd  Average Speed   Time    Time     Time  Current
                                 Dload  Upload   Total   Spent    Left  Speed
  0     0    0     0    0     0      0      0 --:--:-- --:--:-- --:--:--     0100   352  100   352    0     0    840      0 --:--:-- --:--:-- --:--:--   842
  0 4671k    0  1914    0     0   2087      0  0:38:12 --:--:--  0:38:12  2087100 4671k  100 4671k    0     0  2816k      0  0:00:01  0:00:01 --:--:-- 6301k
Mon Oct 22 16:54:59 UTC 2018

Mon Oct 22 16:54:59 UTC 2018
Validating ontology file: /mnt/efsdata/obo-ci-data/download/ontologies/so/so.owl
[INFO] Error stacktraces are turned on.
[INFO] Scanning for projects...
[INFO]                                                                         
[INFO] ------------------------------------------------------------------------
[INFO] Building kabob-ontology-flatten 1.0
[INFO] ------------------------------------------------------------------------
[INFO] 
[INFO] --- exec-maven-plugin:1.1:exec (default-cli) @ kabob-ontology-flatten ---
[INFO] 2018-10-22 16:55:03,286 INFO  (ParserWrapper:75) Start loading ontology: file:/mnt/efsdata/obo-ci-data/download/ontologies/so/so.owl from: file:/mnt/efsdata/obo-ci-data/download/ontologies/so/so.owl
[INFO] 2018-10-22 16:55:05,153 INFO  (ParserWrapper:82) Finished loading ontology: http://purl.obolibrary.org/obo/so.owl from: file:/mnt/efsdata/obo-ci-data/download/ontologies/so/so.owl
[INFO] 2018-10-22 16:55:05,165 INFO  (CommandRunner:3243) saving:http://purl.obolibrary.org/obo/so.owl using RDF/XML Syntax
[INFO] ------------------------------------------------------------------------
[INFO] BUILD SUCCESS
[INFO] ------------------------------------------------------------------------
[INFO] Total time: 5.344s
[INFO] Finished at: Mon Oct 22 16:55:06 UTC 2018
[INFO] Final Memory: 5M/229M
[INFO] ------------------------------------------------------------------------
Mon Oct 22 16:55:06 UTC 2018

Download validation successful. Triple count = 61058
