Wed Nov 29 14:59:17 MST 2017
Ontology download URL: http://purl.obolibrary.org/obo/swo.owl
  % Total    % Received % Xferd  Average Speed   Time    Time     Time  Current
                                 Dload  Upload   Total   Spent    Left  Speed
  0     0    0     0    0     0      0      0 --:--:-- --:--:-- --:--:--     0100   352  100   352    0     0    818      0 --:--:-- --:--:-- --:--:--   820
  0     0    0     0    0     0      0      0 --:--:-- --:--:-- --:--:--     0  1 3282k    1 64692    0     0  37845      0  0:01:28  0:00:01  0:01:27 70241 14 3282k   14  479k    0     0   177k      0  0:00:18  0:00:02  0:00:16  250k 31 3282k   31 1023k    0     0   275k      0  0:00:11  0:00:03  0:00:08  350k 60 3282k   60 1994k    0     0   423k      0  0:00:07  0:00:04  0:00:03  509k100 3282k  100 3282k    0     0   601k      0  0:00:05  0:00:05 --:--:--  703k
Wed Nov 29 14:59:22 MST 2017

Wed Nov 29 14:59:22 MST 2017
Validating ontology file: /scratch/Shares/hunter/obo-ci/data/download/ontologies/swo/swo.owl
[INFO] Error stacktraces are turned on.
[INFO] Scanning for projects...
[INFO]                                                                         
[INFO] ------------------------------------------------------------------------
[INFO] Building kabob-ontology-flatten 1.0
[INFO] ------------------------------------------------------------------------
[INFO] 
[INFO] --- exec-maven-plugin:1.1:exec (default-cli) @ kabob-ontology-flatten ---
[INFO] /bin/sh: module: line 1: syntax error: unexpected end of file
[INFO] /bin/sh: error importing function definition for `BASH_FUNC_module'
[INFO] 2017-11-29 14:59:29,940 INFO  (ParserWrapper:75) Start loading ontology: file:/scratch/Shares/hunter/obo-ci/data/download/ontologies/swo/swo.owl from: file:/scratch/Shares/hunter/obo-ci/data/download/ontologies/swo/swo.owl
[INFO] 2017-11-29 14:59:37,166 INFO  (ParserWrapper:82) Finished loading ontology: http://www.ebi.ac.uk/swo/swo.owl from: file:/scratch/Shares/hunter/obo-ci/data/download/ontologies/swo/swo.owl
[INFO] 2017-11-29 14:59:37,178 INFO  (CommandRunner:3243) saving:http://www.ebi.ac.uk/swo/swo.owl using RDF/XML Syntax
[INFO] ------------------------------------------------------------------------
[INFO] BUILD SUCCESS
[INFO] ------------------------------------------------------------------------
[INFO] Total time: 14.121 s
[INFO] Finished at: 2017-11-29T14:59:38-07:00
[INFO] Final Memory: 21M/1963M
[INFO] ------------------------------------------------------------------------
Wed Nov 29 14:59:38 MST 2017

Download validation successful. Triple count = 64670
