Wed Nov 29 14:59:17 MST 2017
Ontology download URL: http://purl.obolibrary.org/obo/symp.owl
  % Total    % Received % Xferd  Average Speed   Time    Time     Time  Current
                                 Dload  Upload   Total   Spent    Left  Speed
  0     0    0     0    0     0      0      0 --:--:-- --:--:-- --:--:--     0100   350  100   350    0     0    953      0 --:--:-- --:--:-- --:--:--   956
  0     0    0     0    0     0      0      0 --:--:-- --:--:-- --:--:--     0 30  876k   30  271k    0     0   162k      0  0:00:05  0:00:01  0:00:04  292k100  876k  100  876k    0     0   346k      0  0:00:02  0:00:02 --:--:--  491k
Wed Nov 29 14:59:19 MST 2017

Wed Nov 29 14:59:21 MST 2017
Validating ontology file: /scratch/Shares/hunter/obo-ci/data/download/ontologies/symp/symp.owl
[INFO] Error stacktraces are turned on.
[INFO] Scanning for projects...
[INFO]                                                                         
[INFO] ------------------------------------------------------------------------
[INFO] Building kabob-ontology-flatten 1.0
[INFO] ------------------------------------------------------------------------
[INFO] 
[INFO] --- exec-maven-plugin:1.1:exec (default-cli) @ kabob-ontology-flatten ---
[INFO] /bin/sh: module: line 1: syntax error: unexpected end of file
[INFO] /bin/sh: error importing function definition for `BASH_FUNC_module'
[INFO] 2017-11-29 14:59:29,736 INFO  (ParserWrapper:75) Start loading ontology: file:/scratch/Shares/hunter/obo-ci/data/download/ontologies/symp/symp.owl from: file:/scratch/Shares/hunter/obo-ci/data/download/ontologies/symp/symp.owl
[INFO] 2017-11-29 14:59:31,074 INFO  (ParserWrapper:82) Finished loading ontology: http://purl.obolibrary.org/obo/symp.owl from: file:/scratch/Shares/hunter/obo-ci/data/download/ontologies/symp/symp.owl
[INFO] 2017-11-29 14:59:31,084 INFO  (CommandRunner:3243) saving:http://purl.obolibrary.org/obo/symp.owl using RDF/XML Syntax
[INFO] ------------------------------------------------------------------------
[INFO] BUILD SUCCESS
[INFO] ------------------------------------------------------------------------
[INFO] Total time: 7.894 s
[INFO] Finished at: 2017-11-29T14:59:31-07:00
[INFO] Final Memory: 21M/1963M
[INFO] ------------------------------------------------------------------------
Wed Nov 29 14:59:31 MST 2017

Download validation successful. Triple count = 13252
