Mon Oct 22 16:55:04 UTC 2018
Ontology download URL: http://purl.obolibrary.org/obo/taxrank.owl
  % Total    % Received % Xferd  Average Speed   Time    Time     Time  Current
                                 Dload  Upload   Total   Spent    Left  Speed
  0     0    0     0    0     0      0      0 --:--:-- --:--:-- --:--:--     0100   340  100   340    0     0   2097      0 --:--:-- --:--:-- --:--:--  2098
100 60225  100 60225    0     0   107k      0 --:--:-- --:--:-- --:--:--  107k
Mon Oct 22 16:55:04 UTC 2018

Mon Oct 22 16:55:04 UTC 2018
Validating ontology file: /mnt/efsdata/obo-ci-data/download/ontologies/taxrank/taxrank.owl
[INFO] Error stacktraces are turned on.
[INFO] Scanning for projects...
[INFO]                                                                         
[INFO] ------------------------------------------------------------------------
[INFO] Building kabob-ontology-flatten 1.0
[INFO] ------------------------------------------------------------------------
[INFO] 
[INFO] --- exec-maven-plugin:1.1:exec (default-cli) @ kabob-ontology-flatten ---
[INFO] 2018-10-22 16:55:08,497 INFO  (ParserWrapper:75) Start loading ontology: file:/mnt/efsdata/obo-ci-data/download/ontologies/taxrank/taxrank.owl from: file:/mnt/efsdata/obo-ci-data/download/ontologies/taxrank/taxrank.owl
[INFO] 2018-10-22 16:55:08,807 INFO  (ParserWrapper:82) Finished loading ontology: http://purl.obolibrary.org/obo/taxrank.owl from: file:/mnt/efsdata/obo-ci-data/download/ontologies/taxrank/taxrank.owl
[INFO] 2018-10-22 16:55:08,817 INFO  (CommandRunner:3243) saving:http://purl.obolibrary.org/obo/taxrank.owl using RDF/XML Syntax
[INFO] ------------------------------------------------------------------------
[INFO] BUILD SUCCESS
[INFO] ------------------------------------------------------------------------
[INFO] Total time: 2.700s
[INFO] Finished at: Mon Oct 22 16:55:08 UTC 2018
[INFO] Final Memory: 5M/229M
[INFO] ------------------------------------------------------------------------
Mon Oct 22 16:55:09 UTC 2018

Download validation successful. Triple count = 946
