Wed Nov 29 14:59:17 MST 2017
Ontology download URL: http://purl.obolibrary.org/obo/trans.owl
  % Total    % Received % Xferd  Average Speed   Time    Time     Time  Current
                                 Dload  Upload   Total   Spent    Left  Speed
  0     0    0     0    0     0      0      0 --:--:-- --:--:-- --:--:--     0100   377  100   377    0     0   1544      0 --:--:-- --:--:-- --:--:--  1551
  0     0    0     0    0     0      0      0 --:--:-- --:--:-- --:--:--     0100 48626  100 48626    0     0  39576      0  0:00:01  0:00:01 --:--:-- 65008
Wed Nov 29 14:59:18 MST 2017

Wed Nov 29 14:59:20 MST 2017
Validating ontology file: /scratch/Shares/hunter/obo-ci/data/download/ontologies/trans/trans.owl
[INFO] Error stacktraces are turned on.
[INFO] Scanning for projects...
[INFO]                                                                         
[INFO] ------------------------------------------------------------------------
[INFO] Building kabob-ontology-flatten 1.0
[INFO] ------------------------------------------------------------------------
[INFO] 
[INFO] --- exec-maven-plugin:1.1:exec (default-cli) @ kabob-ontology-flatten ---
[INFO] /bin/sh: module: line 1: syntax error: unexpected end of file
[INFO] /bin/sh: error importing function definition for `BASH_FUNC_module'
[INFO] 2017-11-29 14:59:27,600 INFO  (ParserWrapper:75) Start loading ontology: file:/scratch/Shares/hunter/obo-ci/data/download/ontologies/trans/trans.owl from: file:/scratch/Shares/hunter/obo-ci/data/download/ontologies/trans/trans.owl
[INFO] 2017-11-29 14:59:29,120 INFO  (ParserWrapper:82) Finished loading ontology: http://purl.obolibrary.org/obo/trans.owl from: file:/scratch/Shares/hunter/obo-ci/data/download/ontologies/trans/trans.owl
[INFO] 2017-11-29 14:59:29,130 INFO  (CommandRunner:3243) saving:http://purl.obolibrary.org/obo/trans.owl using RDF/XML Syntax
[INFO] ------------------------------------------------------------------------
[INFO] BUILD SUCCESS
[INFO] ------------------------------------------------------------------------
[INFO] Total time: 7.311 s
[INFO] Finished at: 2017-11-29T14:59:29-07:00
[INFO] Final Memory: 21M/1963M
[INFO] ------------------------------------------------------------------------
Wed Nov 29 14:59:29 MST 2017

Download validation successful. Triple count = 629
