Mon Oct 22 16:55:08 UTC 2018
Ontology download URL: http://purl.obolibrary.org/obo/tto.owl
  % Total    % Received % Xferd  Average Speed   Time    Time     Time  Current
                                 Dload  Upload   Total   Spent    Left  Speed
  0     0    0     0    0     0      0      0 --:--:-- --:--:-- --:--:--     0  0     0    0     0    0     0      0      0 --:--:-- --:--:-- --:--:--     0100   354  100   354    0     0   2048      0 --:--:-- --:--:-- --:--:--  2046
  0 67.5M    0  416k    0     0   388k      0  0:02:57  0:00:01  0:02:56  388k  4 67.5M    4 2768k    0     0  1338k      0  0:00:51  0:00:02  0:00:49 2354k  8 67.5M    8 5808k    0     0  1893k      0  0:00:36  0:00:03  0:00:33 2697k 13 67.5M   13 9600k    0     0  2359k      0  0:00:29  0:00:04  0:00:25 3062k 20 67.5M   20 13.8M    0     0  2791k      0  0:00:24  0:00:05  0:00:19 3433k 26 67.5M   26 17.8M    0     0  3011k      0  0:00:22  0:00:06  0:00:16 3571k 32 67.5M   32 21.9M    0     0  3176k      0  0:00:21  0:00:07  0:00:14 3936k 38 67.5M   38 25.9M    0     0  3292k      0  0:00:21  0:00:08  0:00:13 4150k 45 67.5M   45 30.4M    0     0  3440k      0  0:00:20  0:00:09  0:00:11 4320k 52 67.5M   52 35.2M    0     0  3583k      0  0:00:19  0:00:10  0:00:09 4387k 60 67.5M   60 40.9M    0     0  3787k      0  0:00:18  0:00:11  0:00:07 4729k 70 67.5M   70 47.4M    0     0  4027k      0  0:00:17  0:00:12  0:00:05 5232k 81 67.5M   81 55.2M    0     0  4325k      0  0:00:15  0:00:13  0:00:02 5993k 96 67.5M   96 65.5M    0     0  4768k      0  0:00:14  0:00:14 --:--:-- 7177k100 67.5M  100 67.5M    0     0  4860k      0  0:00:14  0:00:14 --:--:-- 7947k
Mon Oct 22 16:55:23 UTC 2018

Mon Oct 22 16:55:23 UTC 2018
Validating ontology file: /mnt/efsdata/obo-ci-data/download/ontologies/tto/tto.owl
[INFO] Error stacktraces are turned on.
[INFO] Scanning for projects...
[INFO]                                                                         
[INFO] ------------------------------------------------------------------------
[INFO] Building kabob-ontology-flatten 1.0
[INFO] ------------------------------------------------------------------------
[INFO] 
[INFO] --- exec-maven-plugin:1.1:exec (default-cli) @ kabob-ontology-flatten ---
[INFO] 2018-10-22 16:55:27,623 INFO  (ParserWrapper:75) Start loading ontology: file:/mnt/efsdata/obo-ci-data/download/ontologies/tto/tto.owl from: file:/mnt/efsdata/obo-ci-data/download/ontologies/tto/tto.owl
[INFO] 2018-10-22 16:55:44,532 INFO  (ParserWrapper:82) Finished loading ontology: http://purl.obolibrary.org/obo/tto.owl from: file:/mnt/efsdata/obo-ci-data/download/ontologies/tto/tto.owl
[INFO] 2018-10-22 16:55:44,543 INFO  (CommandRunner:3243) saving:http://purl.obolibrary.org/obo/tto.owl using RDF/XML Syntax
[INFO] ------------------------------------------------------------------------
[INFO] BUILD SUCCESS
[INFO] ------------------------------------------------------------------------
[INFO] Total time: 27.583s
[INFO] Finished at: Mon Oct 22 16:55:52 UTC 2018
[INFO] Final Memory: 5M/229M
[INFO] ------------------------------------------------------------------------
Mon Oct 22 16:55:52 UTC 2018

Download validation successful. Triple count = 942616
