Mon Oct 22 16:55:10 UTC 2018
Ontology download URL: http://purl.obolibrary.org/obo/uberon/uberon-base.owl
  % Total    % Received % Xferd  Average Speed   Time    Time     Time  Current
                                 Dload  Upload   Total   Spent    Left  Speed
  0     0    0     0    0     0      0      0 --:--:-- --:--:-- --:--:--     0100   325  100   325    0     0   1577      0 --:--:-- --:--:-- --:--:--  1585
  0 66.2M    0 44392    0     0  51939      0  0:22:16 --:--:--  0:22:16 51939  8 66.2M    8 5633k    0     0  3067k      0  0:00:22  0:00:01  0:00:21 5687k 21 66.2M   21 13.9M    0     0  5031k      0  0:00:13  0:00:02  0:00:11 7176k 28 66.2M   28 18.5M    0     0  4957k      0  0:00:13  0:00:03  0:00:10 6362k 38 66.2M   38 25.5M    0     0  5404k      0  0:00:12  0:00:04  0:00:08 6553k 48 66.2M   48 31.8M    0     0  5585k      0  0:00:12  0:00:05  0:00:07 6533k 57 66.2M   57 38.1M    0     0  5718k      0  0:00:11  0:00:06  0:00:05 6693k 66 66.2M   66 44.1M    0     0  5763k      0  0:00:11  0:00:07  0:00:04 6179k 75 66.2M   75 49.9M    0     0  5791k      0  0:00:11  0:00:08  0:00:03 6430k 83 66.2M   83 55.3M    0     0  5761k      0  0:00:11  0:00:09  0:00:02 6107k 93 66.2M   93 61.8M    0     0  5847k      0  0:00:11  0:00:10  0:00:01 6154k100 66.2M  100 66.2M    0     0  5812k      0  0:00:11  0:00:11 --:--:-- 5946k
Mon Oct 22 16:55:22 UTC 2018

Mon Oct 22 16:55:22 UTC 2018
Validating ontology file: /mnt/efsdata/obo-ci-data/download/ontologies/uberon_uberon-base/uberon_uberon-base.owl
[INFO] Error stacktraces are turned on.
[INFO] Scanning for projects...
[INFO]                                                                         
[INFO] ------------------------------------------------------------------------
[INFO] Building kabob-ontology-flatten 1.0
[INFO] ------------------------------------------------------------------------
[INFO] 
[INFO] --- exec-maven-plugin:1.1:exec (default-cli) @ kabob-ontology-flatten ---
[INFO] 2018-10-22 16:55:26,831 INFO  (ParserWrapper:75) Start loading ontology: file:/mnt/efsdata/obo-ci-data/download/ontologies/uberon_uberon-base/uberon_uberon-base.owl from: file:/mnt/efsdata/obo-ci-data/download/ontologies/uberon_uberon-base/uberon_uberon-base.owl
[INFO] 2018-10-22 16:55:40,811 INFO  (ParserWrapper:82) Finished loading ontology: http://purl.obolibrary.org/obo/uberon/uberon-base.owl from: file:/mnt/efsdata/obo-ci-data/download/ontologies/uberon_uberon-base/uberon_uberon-base.owl
[INFO] 2018-10-22 16:55:40,825 INFO  (CommandRunner:3243) saving:http://purl.obolibrary.org/obo/uberon/uberon-base.owl using RDF/XML Syntax
[INFO] ------------------------------------------------------------------------
[INFO] BUILD SUCCESS
[INFO] ------------------------------------------------------------------------
[INFO] Total time: 27.464s
[INFO] Finished at: Mon Oct 22 16:55:51 UTC 2018
[INFO] Final Memory: 5M/229M
[INFO] ------------------------------------------------------------------------
Mon Oct 22 16:55:51 UTC 2018

Download validation successful. Triple count = 864681
