Mon Oct 22 16:55:57 UTC 2018
Consolidating all ontology imports for: /mnt/efsdata/obo-ci-data/download/ontologies/uberon/uberon.owl
[INFO] Error stacktraces are turned on.
[INFO] Scanning for projects...
[INFO]                                                                         
[INFO] ------------------------------------------------------------------------
[INFO] Building kabob-ontology-flatten 1.0
[INFO] ------------------------------------------------------------------------
[INFO] 
[INFO] --- exec-maven-plugin:1.1:exec (default-cli) @ kabob-ontology-flatten ---
[INFO] 2018-10-22 16:56:01,851 INFO  (ParserWrapper:75) Start loading ontology: file:/mnt/efsdata/obo-ci-data/download/ontologies/uberon/uberon.owl from: file:/mnt/efsdata/obo-ci-data/download/ontologies/uberon/uberon.owl
[INFO] 2018-10-22 16:56:18,048 INFO  (ParserWrapper:82) Finished loading ontology: http://purl.obolibrary.org/obo/uberon.owl from: file:/mnt/efsdata/obo-ci-data/download/ontologies/uberon/uberon.owl
[INFO] 2018-10-22 16:56:18,058 INFO  (CommandRunner:3243) saving:http://purl.obolibrary.org/obo/uberon.owl using RDF/XML Syntax
[INFO] ------------------------------------------------------------------------
[INFO] BUILD SUCCESS
[INFO] ------------------------------------------------------------------------
[INFO] Total time: 27.537s
[INFO] Finished at: Mon Oct 22 16:56:26 UTC 2018
[INFO] Final Memory: 6M/289M
[INFO] ------------------------------------------------------------------------
Mon Oct 22 16:56:26 UTC 2018
