Wed Nov 29 14:59:17 MST 2017
Ontology download URL: http://purl.obolibrary.org/obo/uberon/bridge/uberon-bridge-to-ma.owl
  % Total    % Received % Xferd  Average Speed   Time    Time     Time  Current
                                 Dload  Upload   Total   Spent    Left  Speed
  0     0    0     0    0     0      0      0 --:--:-- --:--:-- --:--:--     0100   340  100   340    0     0    900      0 --:--:-- --:--:-- --:--:--   901
  0 3405k    0  3684    0     0   5186      0  0:11:12 --:--:--  0:11:12  5186 38 3405k   38 1308k    0     0   836k      0  0:00:04  0:00:01  0:00:03 1526k100 3405k  100 3405k    0     0  1433k      0  0:00:02  0:00:02 --:--:-- 2043k
Wed Nov 29 14:59:19 MST 2017

Wed Nov 29 14:59:21 MST 2017
Validating ontology file: /scratch/Shares/hunter/obo-ci/data/download/ontologies/uberon_bridge_uberon-bridge-to-ma/uberon_bridge_uberon-bridge-to-ma.owl
[INFO] Error stacktraces are turned on.
[INFO] Scanning for projects...
[INFO]                                                                         
[INFO] ------------------------------------------------------------------------
[INFO] Building kabob-ontology-flatten 1.0
[INFO] ------------------------------------------------------------------------
[INFO] 
[INFO] --- exec-maven-plugin:1.1:exec (default-cli) @ kabob-ontology-flatten ---
[INFO] /bin/sh: module: line 1: syntax error: unexpected end of file
[INFO] /bin/sh: error importing function definition for `BASH_FUNC_module'
[INFO] 2017-11-29 14:59:30,545 INFO  (ParserWrapper:75) Start loading ontology: file:/scratch/Shares/hunter/obo-ci/data/download/ontologies/uberon_bridge_uberon-bridge-to-ma/uberon_bridge_uberon-bridge-to-ma.owl from: file:/scratch/Shares/hunter/obo-ci/data/download/ontologies/uberon_bridge_uberon-bridge-to-ma/uberon_bridge_uberon-bridge-to-ma.owl
[INFO] 2017-11-29 14:59:37,784 INFO  (ParserWrapper:82) Finished loading ontology: http://purl.obolibrary.org/obo/uberon/bridge/uberon-bridge-to-ma.owl from: file:/scratch/Shares/hunter/obo-ci/data/download/ontologies/uberon_bridge_uberon-bridge-to-ma/uberon_bridge_uberon-bridge-to-ma.owl
[INFO] 2017-11-29 14:59:37,795 INFO  (CommandRunner:3243) saving:http://purl.obolibrary.org/obo/uberon/bridge/uberon-bridge-to-ma.owl using RDF/XML Syntax
[INFO] ------------------------------------------------------------------------
[INFO] BUILD SUCCESS
[INFO] ------------------------------------------------------------------------
[INFO] Total time: 15.088 s
[INFO] Finished at: 2017-11-29T14:59:39-07:00
[INFO] Final Memory: 21M/1963M
[INFO] ------------------------------------------------------------------------
Wed Nov 29 14:59:39 MST 2017

Download validation successful. Triple count = 80142
