Mon Oct 22 16:56:28 UTC 2018
Consolidating all ontology imports for: /mnt/efsdata/obo-ci-data/download/ontologies/uberon_composite-metazoan/uberon_composite-metazoan.owl
[INFO] Error stacktraces are turned on.
[INFO] Scanning for projects...
[INFO]                                                                         
[INFO] ------------------------------------------------------------------------
[INFO] Building kabob-ontology-flatten 1.0
[INFO] ------------------------------------------------------------------------
[INFO] 
[INFO] --- exec-maven-plugin:1.1:exec (default-cli) @ kabob-ontology-flatten ---
[INFO] 2018-10-22 16:56:32,482 INFO  (ParserWrapper:75) Start loading ontology: file:/mnt/efsdata/obo-ci-data/download/ontologies/uberon_composite-metazoan/uberon_composite-metazoan.owl from: file:/mnt/efsdata/obo-ci-data/download/ontologies/uberon_composite-metazoan/uberon_composite-metazoan.owl
[INFO] 2018-10-22 16:57:06,242 INFO  (ParserWrapper:82) Finished loading ontology: http://purl.obolibrary.org/obo/uberon/bridge/collected-metazoan.owl from: file:/mnt/efsdata/obo-ci-data/download/ontologies/uberon_composite-metazoan/uberon_composite-metazoan.owl
[INFO] 2018-10-22 16:57:06,256 INFO  (CommandRunner:3243) saving:http://purl.obolibrary.org/obo/uberon/bridge/collected-metazoan.owl using RDF/XML Syntax
[INFO] ------------------------------------------------------------------------
[INFO] BUILD SUCCESS
[INFO] ------------------------------------------------------------------------
[INFO] Total time: 52.376s
[INFO] Finished at: Mon Oct 22 16:57:22 UTC 2018
[INFO] Final Memory: 5M/229M
[INFO] ------------------------------------------------------------------------
Mon Oct 22 16:57:22 UTC 2018
