Wed Nov 29 14:59:17 MST 2017
Ontology download URL: http://purl.obolibrary.org/obo/uberon/ext.owl
  % Total    % Received % Xferd  Average Speed   Time    Time     Time  Current
                                 Dload  Upload   Total   Spent    Left  Speed
  0     0    0     0    0     0      0      0 --:--:-- --:--:-- --:--:--     0100   317  100   317    0     0    643      0 --:--:-- --:--:-- --:--:--   644
  0 68.7M    0 30168    0     0  32325      0  0:37:08 --:--:--  0:37:08 32325  2 68.7M    2 1841k    0     0   950k      0  0:01:14  0:00:01  0:01:13 1804k  6 68.7M    6 4906k    0     0  1655k      0  0:00:42  0:00:02  0:00:40 2402k 10 68.7M   10 7358k    0     0  1869k      0  0:00:37  0:00:03  0:00:34 2441k 14 68.7M   14 10.0M    0     0  2092k      0  0:00:33  0:00:04  0:00:29 2573k 19 68.7M   19 13.3M    0     0  2310k      0  0:00:30  0:00:05  0:00:25 2736k 24 68.7M   24 16.6M    0     0  2465k      0  0:00:28  0:00:06  0:00:22 3053k 30 68.7M   30 21.1M    0     0  2728k      0  0:00:25  0:00:07  0:00:18 3367k 38 68.7M   38 26.7M    0     0  3061k      0  0:00:22  0:00:08  0:00:14 3998k 47 68.7M   47 32.8M    0     0  3385k      0  0:00:20  0:00:09  0:00:11 4658k 58 68.7M   58 40.0M    0     0  3747k      0  0:00:18  0:00:10  0:00:08 5451k 69 68.7M   69 47.4M    0     0  4074k      0  0:00:17  0:00:11  0:00:06 6304k 80 68.7M   80 55.4M    0     0  4298k      0  0:00:16  0:00:13  0:00:03 6657k 91 68.7M   91 63.0M    0     0  4633k      0  0:00:15  0:00:13  0:00:02 7456k100 68.7M  100 68.7M    0     0  4852k      0  0:00:14  0:00:14 --:--:-- 8052k
Wed Nov 29 14:59:34 MST 2017

Wed Nov 29 14:59:44 MST 2017
Validating ontology file: /scratch/Shares/hunter/obo-ci/data/download/ontologies/uberon_ext/uberon_ext.owl
[INFO] Error stacktraces are turned on.
[INFO] Scanning for projects...
[INFO]                                                                         
[INFO] ------------------------------------------------------------------------
[INFO] Building kabob-ontology-flatten 1.0
[INFO] ------------------------------------------------------------------------
[INFO] 
[INFO] --- exec-maven-plugin:1.1:exec (default-cli) @ kabob-ontology-flatten ---
[INFO] /bin/sh: module: line 1: syntax error: unexpected end of file
[INFO] /bin/sh: error importing function definition for `BASH_FUNC_module'
[INFO] 2017-11-29 14:59:54,614 INFO  (ParserWrapper:75) Start loading ontology: file:/scratch/Shares/hunter/obo-ci/data/download/ontologies/uberon_ext/uberon_ext.owl from: file:/scratch/Shares/hunter/obo-ci/data/download/ontologies/uberon_ext/uberon_ext.owl
[INFO] 2017-11-29 14:59:55,152 INFO  (ParserWrapper:75) Start loading ontology: http://purl.obolibrary.org/obo/uberon/go_import.owl from: http://purl.obolibrary.org/obo/uberon/go_import.owl
[INFO] 2017-11-29 14:59:56,638 INFO  (ParserWrapper:82) Finished loading ontology: http://purl.obolibrary.org/obo/uberon/go_import.owl from: http://purl.obolibrary.org/obo/uberon/go_import.owl
[INFO] 2017-11-29 14:59:56,642 INFO  (ParserWrapper:75) Start loading ontology: http://purl.obolibrary.org/obo/uberon/cl_import.owl from: http://purl.obolibrary.org/obo/uberon/cl_import.owl
[INFO] 2017-11-29 14:59:58,079 INFO  (ParserWrapper:82) Finished loading ontology: http://purl.obolibrary.org/obo/uberon/cl_import.owl from: http://purl.obolibrary.org/obo/uberon/cl_import.owl
[INFO] 2017-11-29 14:59:58,083 INFO  (ParserWrapper:75) Start loading ontology: http://purl.obolibrary.org/obo/uberon/pr_import.owl from: http://purl.obolibrary.org/obo/uberon/pr_import.owl
[INFO] 2017-11-29 14:59:58,597 INFO  (ParserWrapper:82) Finished loading ontology: http://purl.obolibrary.org/obo/uberon/pr_import.owl from: http://purl.obolibrary.org/obo/uberon/pr_import.owl
[INFO] 2017-11-29 14:59:58,602 INFO  (ParserWrapper:75) Start loading ontology: http://purl.obolibrary.org/obo/uberon/ncbitaxon_import.owl from: http://purl.obolibrary.org/obo/uberon/ncbitaxon_import.owl
[INFO] 2017-11-29 14:59:59,403 INFO  (ParserWrapper:82) Finished loading ontology: http://purl.obolibrary.org/obo/uberon/ncbitaxon_import.owl from: http://purl.obolibrary.org/obo/uberon/ncbitaxon_import.owl
[INFO] 2017-11-29 14:59:59,410 INFO  (ParserWrapper:75) Start loading ontology: http://purl.obolibrary.org/obo/uberon/chebi_import.owl from: http://purl.obolibrary.org/obo/uberon/chebi_import.owl
[INFO] 2017-11-29 15:00:00,080 INFO  (ParserWrapper:82) Finished loading ontology: http://purl.obolibrary.org/obo/uberon/chebi_import.owl from: http://purl.obolibrary.org/obo/uberon/chebi_import.owl
[INFO] 2017-11-29 15:00:00,084 INFO  (ParserWrapper:75) Start loading ontology: http://purl.obolibrary.org/obo/uberon/envo_import.owl from: http://purl.obolibrary.org/obo/uberon/envo_import.owl
[INFO] 2017-11-29 15:00:00,579 INFO  (ParserWrapper:82) Finished loading ontology: http://purl.obolibrary.org/obo/uberon/envo_import.owl from: http://purl.obolibrary.org/obo/uberon/envo_import.owl
[INFO] 2017-11-29 15:00:00,584 INFO  (ParserWrapper:75) Start loading ontology: http://purl.obolibrary.org/obo/uberon/nbo_import.owl from: http://purl.obolibrary.org/obo/uberon/nbo_import.owl
[INFO] 2017-11-29 15:00:01,108 INFO  (ParserWrapper:82) Finished loading ontology: http://purl.obolibrary.org/obo/uberon/nbo_import.owl from: http://purl.obolibrary.org/obo/uberon/nbo_import.owl
[INFO] 2017-11-29 15:00:01,114 INFO  (ParserWrapper:75) Start loading ontology: http://purl.obolibrary.org/obo/uberon/ro_import.owl from: http://purl.obolibrary.org/obo/uberon/ro_import.owl
[INFO] 2017-11-29 15:00:01,924 INFO  (ParserWrapper:82) Finished loading ontology: http://purl.obolibrary.org/obo/uberon/ro_import.owl from: http://purl.obolibrary.org/obo/uberon/ro_import.owl
[INFO] 2017-11-29 15:00:01,932 INFO  (ParserWrapper:75) Start loading ontology: http://purl.obolibrary.org/obo/uberon/pato_import.owl from: http://purl.obolibrary.org/obo/uberon/pato_import.owl
[INFO] 2017-11-29 15:00:02,492 INFO  (ParserWrapper:82) Finished loading ontology: http://purl.obolibrary.org/obo/uberon/pato_import.owl from: http://purl.obolibrary.org/obo/uberon/pato_import.owl
[INFO] 2017-11-29 15:01:37,743 INFO  (ParserWrapper:82) Finished loading ontology: http://purl.obolibrary.org/obo/uberon/ext.owl from: file:/scratch/Shares/hunter/obo-ci/data/download/ontologies/uberon_ext/uberon_ext.owl
[INFO] 2017-11-29 15:01:37,758 INFO  (CommandRunner:3243) saving:http://purl.obolibrary.org/obo/uberon/ext.owl using RDF/XML Syntax
[INFO] ------------------------------------------------------------------------
[INFO] BUILD SUCCESS
[INFO] ------------------------------------------------------------------------
[INFO] Total time: 01:58 min
[INFO] Finished at: 2017-11-29T15:01:43-07:00
[INFO] Final Memory: 21M/1963M
[INFO] ------------------------------------------------------------------------
Wed Nov 29 15:01:44 MST 2017

Download validation successful. Triple count = 928364
