Mon Oct 22 16:55:17 UTC 2018
Ontology download URL: http://purl.obolibrary.org/obo/uo.owl
  % Total    % Received % Xferd  Average Speed   Time    Time     Time  Current
                                 Dload  Upload   Total   Spent    Left  Speed
  0     0    0     0    0     0      0      0 --:--:-- --:--:-- --:--:--     0100   309  100   309    0     0   1654      0 --:--:-- --:--:-- --:--:--  1661
  0     0    0     0    0     0      0      0 --:--:-- --:--:-- --:--:--     0100  637k  100  637k    0     0   568k      0  0:00:01  0:00:01 --:--:--  959k
Mon Oct 22 16:55:18 UTC 2018

Mon Oct 22 16:55:18 UTC 2018
Validating ontology file: /mnt/efsdata/obo-ci-data/download/ontologies/uo/uo.owl
[INFO] Error stacktraces are turned on.
[INFO] Scanning for projects...
[INFO]                                                                         
[INFO] ------------------------------------------------------------------------
[INFO] Building kabob-ontology-flatten 1.0
[INFO] ------------------------------------------------------------------------
[INFO] 
[INFO] --- exec-maven-plugin:1.1:exec (default-cli) @ kabob-ontology-flatten ---
[INFO] 2018-10-22 16:55:22,582 INFO  (ParserWrapper:75) Start loading ontology: file:/mnt/efsdata/obo-ci-data/download/ontologies/uo/uo.owl from: file:/mnt/efsdata/obo-ci-data/download/ontologies/uo/uo.owl
[INFO] 2018-10-22 16:55:23,372 INFO  (ParserWrapper:82) Finished loading ontology: http://purl.obolibrary.org/obo/uo.owl from: file:/mnt/efsdata/obo-ci-data/download/ontologies/uo/uo.owl
[INFO] 2018-10-22 16:55:23,383 INFO  (CommandRunner:3243) saving:http://purl.obolibrary.org/obo/uo.owl using RDF/XML Syntax
[INFO] ------------------------------------------------------------------------
[INFO] BUILD SUCCESS
[INFO] ------------------------------------------------------------------------
[INFO] Total time: 3.791s
[INFO] Finished at: Mon Oct 22 16:55:23 UTC 2018
[INFO] Final Memory: 6M/289M
[INFO] ------------------------------------------------------------------------
Mon Oct 22 16:55:23 UTC 2018

Download validation successful. Triple count = 8759
