Mon Oct 22 16:55:20 UTC 2018
Ontology download URL: http://purl.obolibrary.org/obo/vo.owl
  % Total    % Received % Xferd  Average Speed   Time    Time     Time  Current
                                 Dload  Upload   Total   Spent    Left  Speed
  0     0    0     0    0     0      0      0 --:--:-- --:--:-- --:--:--     0100   346  100   346    0     0   1816      0 --:--:-- --:--:-- --:--:--  1821
  0     0    0     0    0     0      0      0 --:--:-- --:--:-- --:--:--     0 63 5351k   63 3408k    0     0  2762k      0  0:00:01  0:00:01 --:--:-- 3921k100 5351k  100 5351k    0     0  3612k      0  0:00:01  0:00:01 --:--:-- 4795k
Mon Oct 22 16:55:22 UTC 2018

Mon Oct 22 16:55:22 UTC 2018
Validating ontology file: /mnt/efsdata/obo-ci-data/download/ontologies/vo/vo.owl
[INFO] Error stacktraces are turned on.
[INFO] Scanning for projects...
[INFO]                                                                         
[INFO] ------------------------------------------------------------------------
[INFO] Building kabob-ontology-flatten 1.0
[INFO] ------------------------------------------------------------------------
[INFO] 
[INFO] --- exec-maven-plugin:1.1:exec (default-cli) @ kabob-ontology-flatten ---
[INFO] 2018-10-22 16:55:26,071 INFO  (ParserWrapper:75) Start loading ontology: file:/mnt/efsdata/obo-ci-data/download/ontologies/vo/vo.owl from: file:/mnt/efsdata/obo-ci-data/download/ontologies/vo/vo.owl
[INFO] 2018-10-22 16:55:28,861 ERROR (OWLOntologyManagerImpl:1138) Illegal redeclarations of entities: reuse of entity http://purl.obolibrary.org/obo/OBI_0000293 in punning not allowed [Declaration(AnnotationProperty(<http://purl.obolibrary.org/obo/OBI_0000293>)), Declaration(ObjectProperty(<http://purl.obolibrary.org/obo/OBI_0000293>))]
[INFO] 2018-10-22 16:55:28,862 ERROR (OWLOntologyManagerImpl:1138) Illegal redeclarations of entities: reuse of entity http://purl.obolibrary.org/obo/OBI_0000299 in punning not allowed [Declaration(ObjectProperty(<http://purl.obolibrary.org/obo/OBI_0000299>)), Declaration(AnnotationProperty(<http://purl.obolibrary.org/obo/OBI_0000299>))]
[INFO] 2018-10-22 16:55:28,965 INFO  (ParserWrapper:82) Finished loading ontology: http://purl.obolibrary.org/obo/vo.owl from: file:/mnt/efsdata/obo-ci-data/download/ontologies/vo/vo.owl
[INFO] 2018-10-22 16:55:28,975 INFO  (CommandRunner:3243) saving:http://purl.obolibrary.org/obo/vo.owl using RDF/XML Syntax
[INFO] ------------------------------------------------------------------------
[INFO] BUILD SUCCESS
[INFO] ------------------------------------------------------------------------
[INFO] Total time: 7.423s
[INFO] Finished at: Mon Oct 22 16:55:31 UTC 2018
[INFO] Final Memory: 6M/289M
[INFO] ------------------------------------------------------------------------
Mon Oct 22 16:55:31 UTC 2018

Download validation successful. Triple count = 119666
