Mon Oct 22 16:55:31 UTC 2018
Consolidating all ontology imports for: /mnt/efsdata/obo-ci-data/download/ontologies/vt/vt.owl
[INFO] Error stacktraces are turned on.
[INFO] Scanning for projects...
[INFO]                                                                         
[INFO] ------------------------------------------------------------------------
[INFO] Building kabob-ontology-flatten 1.0
[INFO] ------------------------------------------------------------------------
[INFO] 
[INFO] --- exec-maven-plugin:1.1:exec (default-cli) @ kabob-ontology-flatten ---
[INFO] 2018-10-22 16:55:35,117 INFO  (ParserWrapper:75) Start loading ontology: file:/mnt/efsdata/obo-ci-data/download/ontologies/vt/vt.owl from: file:/mnt/efsdata/obo-ci-data/download/ontologies/vt/vt.owl
[INFO] 2018-10-22 16:55:37,190 INFO  (ParserWrapper:82) Finished loading ontology: http://purl.obolibrary.org/obo/TEMP from: file:/mnt/efsdata/obo-ci-data/download/ontologies/vt/vt.owl
[INFO] 2018-10-22 16:55:37,200 INFO  (CommandRunner:3243) saving:http://purl.obolibrary.org/obo/TEMP using RDF/XML Syntax
[INFO] ------------------------------------------------------------------------
[INFO] BUILD SUCCESS
[INFO] ------------------------------------------------------------------------
[INFO] Total time: 5.898s
[INFO] Finished at: Mon Oct 22 16:55:38 UTC 2018
[INFO] Final Memory: 5M/229M
[INFO] ------------------------------------------------------------------------
Mon Oct 22 16:55:38 UTC 2018
