Mon Oct 22 16:55:24 UTC 2018
Ontology download URL: http://purl.obolibrary.org/obo/wbbt.owl
  % Total    % Received % Xferd  Average Speed   Time    Time     Time  Current
                                 Dload  Upload   Total   Spent    Left  Speed
  0     0    0     0    0     0      0      0 --:--:-- --:--:-- --:--:--     0100   311  100   311    0     0   1546      0 --:--:-- --:--:-- --:--:--  1547100   311  100   311    0     0   1545      0 --:--:-- --:--:-- --:--:--  1539
 42 10.5M   42 4609k    0     0  3899k      0  0:00:02  0:00:01  0:00:01 3899k100 10.5M  100 10.5M    0     0  5205k      0  0:00:02  0:00:02 --:--:-- 6922k
Mon Oct 22 16:55:27 UTC 2018

Mon Oct 22 16:55:27 UTC 2018
Validating ontology file: /mnt/efsdata/obo-ci-data/download/ontologies/wbbt/wbbt.owl
[INFO] Error stacktraces are turned on.
[INFO] Scanning for projects...
[INFO]                                                                         
[INFO] ------------------------------------------------------------------------
[INFO] Building kabob-ontology-flatten 1.0
[INFO] ------------------------------------------------------------------------
[INFO] 
[INFO] --- exec-maven-plugin:1.1:exec (default-cli) @ kabob-ontology-flatten ---
[INFO] 2018-10-22 16:55:30,989 INFO  (ParserWrapper:75) Start loading ontology: file:/mnt/efsdata/obo-ci-data/download/ontologies/wbbt/wbbt.owl from: file:/mnt/efsdata/obo-ci-data/download/ontologies/wbbt/wbbt.owl
[INFO] 2018-10-22 16:55:34,668 INFO  (ParserWrapper:82) Finished loading ontology: http://purl.obolibrary.org/obo/wbbt.owl from: file:/mnt/efsdata/obo-ci-data/download/ontologies/wbbt/wbbt.owl
[INFO] 2018-10-22 16:55:34,679 INFO  (CommandRunner:3243) saving:http://purl.obolibrary.org/obo/wbbt.owl using RDF/XML Syntax
[INFO] ------------------------------------------------------------------------
[INFO] BUILD SUCCESS
[INFO] ------------------------------------------------------------------------
[INFO] Total time: 8.669s
[INFO] Finished at: Mon Oct 22 16:55:37 UTC 2018
[INFO] Final Memory: 5M/229M
[INFO] ------------------------------------------------------------------------
Mon Oct 22 16:55:37 UTC 2018

Download validation successful. Triple count = 176700
