Mon Oct 22 16:55:37 UTC 2018
Consolidating all ontology imports for: /mnt/efsdata/obo-ci-data/download/ontologies/wbbt/wbbt.owl
[INFO] Error stacktraces are turned on.
[INFO] Scanning for projects...
[INFO]                                                                         
[INFO] ------------------------------------------------------------------------
[INFO] Building kabob-ontology-flatten 1.0
[INFO] ------------------------------------------------------------------------
[INFO] 
[INFO] --- exec-maven-plugin:1.1:exec (default-cli) @ kabob-ontology-flatten ---
[INFO] 2018-10-22 16:55:41,729 INFO  (ParserWrapper:75) Start loading ontology: file:/mnt/efsdata/obo-ci-data/download/ontologies/wbbt/wbbt.owl from: file:/mnt/efsdata/obo-ci-data/download/ontologies/wbbt/wbbt.owl
[INFO] 2018-10-22 16:55:45,547 INFO  (ParserWrapper:82) Finished loading ontology: http://purl.obolibrary.org/obo/wbbt.owl from: file:/mnt/efsdata/obo-ci-data/download/ontologies/wbbt/wbbt.owl
[INFO] 2018-10-22 16:55:45,560 INFO  (CommandRunner:3243) saving:http://purl.obolibrary.org/obo/wbbt.owl using RDF/XML Syntax
[INFO] ------------------------------------------------------------------------
[INFO] BUILD SUCCESS
[INFO] ------------------------------------------------------------------------
[INFO] Total time: 10.106s
[INFO] Finished at: Mon Oct 22 16:55:49 UTC 2018
[INFO] Final Memory: 5M/229M
[INFO] ------------------------------------------------------------------------
Mon Oct 22 16:55:49 UTC 2018
