Wed Nov 29 14:59:11 MST 2017
Ontology download URL: http://purl.obolibrary.org/obo/xao.owl
  % Total    % Received % Xferd  Average Speed   Time    Time     Time  Current
                                 Dload  Upload   Total   Spent    Left  Speed
  0     0    0     0    0     0      0      0 --:--:-- --:--:-- --:--:--     0100   310  100   310    0     0   1636      0 --:--:-- --:--:-- --:--:--  1631100   310  100   310    0     0   1636      0 --:--:-- --:--:-- --:--:--  1631
 16 4083k   16  659k    0     0   590k      0  0:00:06  0:00:01  0:00:05  590k100 4083k  100 4083k    0     0  2103k      0  0:00:01  0:00:01 --:--:-- 4155k
Wed Nov 29 14:59:13 MST 2017

Wed Nov 29 14:59:14 MST 2017
Validating ontology file: /scratch/Shares/hunter/obo-ci/data/download/ontologies/xao/xao.owl
[INFO] Error stacktraces are turned on.
[INFO] Scanning for projects...
[INFO]                                                                         
[INFO] ------------------------------------------------------------------------
[INFO] Building kabob-ontology-flatten 1.0
[INFO] ------------------------------------------------------------------------
[INFO] 
[INFO] --- exec-maven-plugin:1.1:exec (default-cli) @ kabob-ontology-flatten ---
[INFO] /bin/sh: module: line 1: syntax error: unexpected end of file
[INFO] /bin/sh: error importing function definition for `BASH_FUNC_module'
[INFO] 2017-11-29 14:59:22,617 INFO  (ParserWrapper:75) Start loading ontology: file:/scratch/Shares/hunter/obo-ci/data/download/ontologies/xao/xao.owl from: file:/scratch/Shares/hunter/obo-ci/data/download/ontologies/xao/xao.owl
[INFO] 2017-11-29 14:59:31,267 INFO  (ParserWrapper:82) Finished loading ontology: http://purl.obolibrary.org/obo/xao.owl from: file:/scratch/Shares/hunter/obo-ci/data/download/ontologies/xao/xao.owl
[INFO] 2017-11-29 14:59:31,279 INFO  (CommandRunner:3243) saving:http://purl.obolibrary.org/obo/xao.owl using RDF/XML Syntax
[INFO] ------------------------------------------------------------------------
[INFO] BUILD SUCCESS
[INFO] ------------------------------------------------------------------------
[INFO] Total time: 18.580 s
[INFO] Finished at: 2017-11-29T14:59:34-07:00
[INFO] Final Memory: 21M/1963M
[INFO] ------------------------------------------------------------------------
Wed Nov 29 14:59:34 MST 2017

Download validation successful. Triple count = 61595
