Wed Nov 29 14:59:19 MST 2017
Ontology download URL: http://purl.obolibrary.org/obo/zeco.owl
  % Total    % Received % Xferd  Average Speed   Time    Time     Time  Current
                                 Dload  Upload   Total   Spent    Left  Speed
  0     0    0     0    0     0      0      0 --:--:-- --:--:-- --:--:--     0  0     0    0     0    0     0      0      0 --:--:-- --:--:-- --:--:--     0100   371  100   371    0     0   1293      0 --:--:-- --:--:-- --:--:--  1292
  2 86245    2  1918    0     0   1628      0  0:00:52  0:00:01  0:00:51  1628100 86245  100 86245    0     0  58034      0  0:00:01  0:00:01 --:--:--  267k
Wed Nov 29 14:59:20 MST 2017

Wed Nov 29 14:59:22 MST 2017
Validating ontology file: /scratch/Shares/hunter/obo-ci/data/download/ontologies/zeco/zeco.owl
[INFO] Error stacktraces are turned on.
[INFO] Scanning for projects...
[INFO]                                                                         
[INFO] ------------------------------------------------------------------------
[INFO] Building kabob-ontology-flatten 1.0
[INFO] ------------------------------------------------------------------------
[INFO] 
[INFO] --- exec-maven-plugin:1.1:exec (default-cli) @ kabob-ontology-flatten ---
[INFO] /bin/sh: module: line 1: syntax error: unexpected end of file
[INFO] /bin/sh: error importing function definition for `BASH_FUNC_module'
[INFO] 2017-11-29 14:59:30,334 INFO  (ParserWrapper:75) Start loading ontology: file:/scratch/Shares/hunter/obo-ci/data/download/ontologies/zeco/zeco.owl from: file:/scratch/Shares/hunter/obo-ci/data/download/ontologies/zeco/zeco.owl
[INFO] 2017-11-29 14:59:31,009 INFO  (ParserWrapper:82) Finished loading ontology: http://purl.obolibrary.org/obo/zeco.owl from: file:/scratch/Shares/hunter/obo-ci/data/download/ontologies/zeco/zeco.owl
[INFO] 2017-11-29 14:59:31,020 INFO  (CommandRunner:3243) saving:http://purl.obolibrary.org/obo/zeco.owl using RDF/XML Syntax
[INFO] ------------------------------------------------------------------------
[INFO] BUILD SUCCESS
[INFO] ------------------------------------------------------------------------
[INFO] Total time: 7.726 s
[INFO] Finished at: 2017-11-29T14:59:31-07:00
[INFO] Final Memory: 21M/1963M
[INFO] ------------------------------------------------------------------------
Wed Nov 29 14:59:31 MST 2017

Download validation successful. Triple count = 1812
