Wed Nov 29 14:59:11 MST 2017
Ontology download URL: http://purl.obolibrary.org/obo/zfa.owl
  % Total    % Received % Xferd  Average Speed   Time    Time     Time  Current
                                 Dload  Upload   Total   Spent    Left  Speed
  0     0    0     0    0     0      0      0 --:--:-- --:--:-- --:--:--     0100   310  100   310    0     0   1669      0 --:--:-- --:--:-- --:--:--  1675
  0 8333k    0  5128    0     0   8547      0  0:16:38 --:--:--  0:16:38  8547 72 8333k   72 6006k    0     0  4411k      0  0:00:01  0:00:01 --:--:-- 7876k100 8333k  100 8333k    0     0  5518k      0  0:00:01  0:00:01 --:--:-- 9141k
Wed Nov 29 14:59:12 MST 2017

Wed Nov 29 14:59:14 MST 2017
Validating ontology file: /scratch/Shares/hunter/obo-ci/data/download/ontologies/zfa/zfa.owl
[INFO] Error stacktraces are turned on.
[INFO] Scanning for projects...
[INFO]                                                                         
[INFO] ------------------------------------------------------------------------
[INFO] Building kabob-ontology-flatten 1.0
[INFO] ------------------------------------------------------------------------
[INFO] 
[INFO] --- exec-maven-plugin:1.1:exec (default-cli) @ kabob-ontology-flatten ---
[INFO] /bin/sh: module: line 1: syntax error: unexpected end of file
[INFO] /bin/sh: error importing function definition for `BASH_FUNC_module'
[INFO] 2017-11-29 14:59:23,649 INFO  (ParserWrapper:75) Start loading ontology: file:/scratch/Shares/hunter/obo-ci/data/download/ontologies/zfa/zfa.owl from: file:/scratch/Shares/hunter/obo-ci/data/download/ontologies/zfa/zfa.owl
[INFO] 2017-11-29 14:59:36,957 INFO  (ParserWrapper:82) Finished loading ontology: http://purl.obolibrary.org/obo/zfa.owl from: file:/scratch/Shares/hunter/obo-ci/data/download/ontologies/zfa/zfa.owl
[INFO] 2017-11-29 14:59:36,970 INFO  (CommandRunner:3243) saving:http://purl.obolibrary.org/obo/zfa.owl using RDF/XML Syntax
[INFO] ------------------------------------------------------------------------
[INFO] BUILD SUCCESS
[INFO] ------------------------------------------------------------------------
[INFO] Total time: 22.554 s
[INFO] Finished at: 2017-11-29T14:59:38-07:00
[INFO] Final Memory: 21M/1963M
[INFO] ------------------------------------------------------------------------
Wed Nov 29 14:59:38 MST 2017

Download validation successful. Triple count = 123826
