Mon Oct 22 16:55:29 UTC 2018
Ontology download URL: http://purl.obolibrary.org/obo/zfs.owl
  % Total    % Received % Xferd  Average Speed   Time    Time     Time  Current
                                 Dload  Upload   Total   Spent    Left  Speed
  0     0    0     0    0     0      0      0 --:--:-- --:--:-- --:--:--     0100   310  100   310    0     0    759      0 --:--:-- --:--:-- --:--:--   759
  2 74652    2  2234    0     0   3795      0  0:00:19 --:--:--  0:00:19  3795100 74652  100 74652    0     0    98k      0 --:--:-- --:--:-- --:--:--  474k
Mon Oct 22 16:55:30 UTC 2018

Mon Oct 22 16:55:30 UTC 2018
Validating ontology file: /mnt/efsdata/obo-ci-data/download/ontologies/zfs/zfs.owl
[INFO] Error stacktraces are turned on.
[INFO] Scanning for projects...
[INFO]                                                                         
[INFO] ------------------------------------------------------------------------
[INFO] Building kabob-ontology-flatten 1.0
[INFO] ------------------------------------------------------------------------
[INFO] 
[INFO] --- exec-maven-plugin:1.1:exec (default-cli) @ kabob-ontology-flatten ---
[INFO] 2018-10-22 16:55:34,243 INFO  (ParserWrapper:75) Start loading ontology: file:/mnt/efsdata/obo-ci-data/download/ontologies/zfs/zfs.owl from: file:/mnt/efsdata/obo-ci-data/download/ontologies/zfs/zfs.owl
[INFO] 2018-10-22 16:55:34,590 INFO  (ParserWrapper:82) Finished loading ontology: http://purl.obolibrary.org/obo/zfs.owl from: file:/mnt/efsdata/obo-ci-data/download/ontologies/zfs/zfs.owl
[INFO] 2018-10-22 16:55:34,598 INFO  (CommandRunner:3243) saving:http://purl.obolibrary.org/obo/zfs.owl using RDF/XML Syntax
[INFO] ------------------------------------------------------------------------
[INFO] BUILD SUCCESS
[INFO] ------------------------------------------------------------------------
[INFO] Total time: 2.845s
[INFO] Finished at: Mon Oct 22 16:55:34 UTC 2018
[INFO] Final Memory: 5M/229M
[INFO] ------------------------------------------------------------------------
Mon Oct 22 16:55:34 UTC 2018

Download validation successful. Triple count = 1419
