Sat Dec  2 12:52:13 MST 2017
Querying for incoherent classes in: /scratch/Shares/hunter/obo-ci/data-all/base/ontologies/apo/apo_flat.owl
[INFO] Error stacktraces are turned on.
[INFO] Scanning for projects...
[INFO]                                                                         
[INFO] ------------------------------------------------------------------------
[INFO] Building incoherent-query 1.0
[INFO] ------------------------------------------------------------------------
[INFO] 
[INFO] --- exec-maven-plugin:1.1:exec (default-cli) @ incoherent-query ---
[INFO] /bin/sh: module: line 1: syntax error: unexpected end of file
[INFO] /bin/sh: error importing function definition for `BASH_FUNC_module'
[INFO] 2017-12-02 12:52:17,982 INFO  (ParserWrapper:75) Start loading ontology: file:/scratch/Shares/hunter/obo-ci/data-all/base/ontologies/apo/apo_flat.owl from: file:/scratch/Shares/hunter/obo-ci/data-all/base/ontologies/apo/apo_flat.owl
[INFO] 2017-12-02 12:52:19,536 INFO  (ParserWrapper:82) Finished loading ontology: http://purl.obolibrary.org/obo/apo.owl from: file:/scratch/Shares/hunter/obo-ci/data-all/base/ontologies/apo/apo_flat.owl
[INFO] # PARSING: <http://www.w3.org/2002/07/owl#Nothing>
[INFO] 2017-12-02 12:52:19,825 INFO  (ManchesterSyntaxTool:130) parsing: <http://www.w3.org/2002/07/owl#Nothing>
[INFO] # QUERY: owl:Nothing owl:Nothing
[INFO] 2017-12-02 12:52:19,964 INFO  (ConfigurationFactory:83) Loading default configuration parameters for class org.semanticweb.elk.reasoner.config.ReasonerConfiguration
[INFO] 2017-12-02 12:52:21,305 INFO  (Reasoner:117) ELK reasoner was created
[INFO] 2017-12-02 12:52:21,319 INFO  (CommandRunner:6042) Created reasoner: org.semanticweb.elk.owlapi.ElkReasoner@58fe0499
[INFO] 2017-12-02 12:52:21,334 INFO  (LoggingStageExecutor:70) Loading of Axioms started
[INFO] 2017-12-02 12:52:21,370 INFO  (AbstractReasonerStage:161) Loading of Axioms using 64 workers
[INFO] 2017-12-02 12:52:21,449 INFO  (LoggingStageExecutor:103) Loading of Axioms took 109 ms
[INFO] 2017-12-02 12:52:21,450 INFO  (LoggingStageExecutor:70) Property Saturation Initialization started
[INFO] 2017-12-02 12:52:21,458 INFO  (AbstractReasonerStage:161) Property Saturation Initialization using 64 workers
[INFO] 2017-12-02 12:52:21,459 INFO  (LoggingStageExecutor:103) Property Saturation Initialization took 9 ms
[INFO] 2017-12-02 12:52:21,460 INFO  (LoggingStageExecutor:70) Reflexive Property Computation started
[INFO] 2017-12-02 12:52:21,498 INFO  (AbstractReasonerStage:161) Reflexive Property Computation using 64 workers
[INFO] 2017-12-02 12:52:21,573 INFO  (LoggingStageExecutor:103) Reflexive Property Computation took 112 ms
[INFO] 2017-12-02 12:52:21,573 INFO  (LoggingStageExecutor:70) Object Property Hierarchy and Composition Computation started
[INFO] 2017-12-02 12:52:21,587 INFO  (AbstractReasonerStage:161) Object Property Hierarchy and Composition Computation using 64 workers
[INFO] 2017-12-02 12:52:21,597 INFO  (LoggingStageExecutor:103) Object Property Hierarchy and Composition Computation took 21 ms
[INFO] 2017-12-02 12:52:21,597 INFO  (LoggingStageExecutor:70) Context Initialization started
[INFO] 2017-12-02 12:52:21,600 INFO  (AbstractReasonerStage:161) Context Initialization using 64 workers
[INFO] 2017-12-02 12:52:21,614 INFO  (LoggingStageExecutor:103) Context Initialization took 16 ms
[INFO] 2017-12-02 12:52:21,614 INFO  (LoggingStageExecutor:70) Consistency Checking started
[INFO] 2017-12-02 12:52:21,667 INFO  (AbstractReasonerStage:161) Consistency Checking using 64 workers
[INFO] 2017-12-02 12:52:21,790 INFO  (LoggingStageExecutor:103) Consistency Checking took 170 ms
[INFO] 2017-12-02 12:52:21,791 INFO  (LoggingStageExecutor:70) Class Taxonomy Computation started
[INFO] 2017-12-02 12:52:21,860 INFO  (AbstractReasonerStage:161) Class Taxonomy Computation using 64 workers
[INFO] 2017-12-02 12:52:21,949 INFO  (LoggingStageExecutor:103) Class Taxonomy Computation took 158 ms
[INFO] E: owl:Nothing owl:Nothing
[INFO] 2017-12-02 12:52:21,961 INFO  (CommandRunnerBase:78) disposing of org.semanticweb.elk.owlapi.ElkReasoner@58fe0499
[INFO] 2017-12-02 12:52:22,012 INFO  (Reasoner:231) ELK reasoner has shut down
[INFO] 2017-12-02 12:52:22,012 INFO  (CommandRunnerBase:70) disposing of org.semanticweb.elk.owlapi.ElkReasoner@58fe0499
[INFO] ------------------------------------------------------------------------
[INFO] BUILD SUCCESS
[INFO] ------------------------------------------------------------------------
[INFO] Total time: 7.432 s
[INFO] Finished at: 2017-12-02T12:52:22-07:00
[INFO] Final Memory: 21M/1963M
[INFO] ------------------------------------------------------------------------
Sat Dec  2 12:52:22 MST 2017
