Tue Oct 23 18:47:07 UTC 2018
Querying for incoherent classes in: /mnt/efsdata/obo-ci-data/base/ontologies/apo/apo_flat.owl
[INFO] Error stacktraces are turned on.
[INFO] Scanning for projects...
[INFO]                                                                         
[INFO] ------------------------------------------------------------------------
[INFO] Building incoherent-query 1.0
[INFO] ------------------------------------------------------------------------
[INFO] 
[INFO] --- exec-maven-plugin:1.1:exec (default-cli) @ incoherent-query ---
[INFO] 2018-10-23 18:47:11,233 INFO  (ParserWrapper:75) Start loading ontology: file:/mnt/efsdata/obo-ci-data/base/ontologies/apo/apo_flat.owl from: file:/mnt/efsdata/obo-ci-data/base/ontologies/apo/apo_flat.owl
[INFO] 2018-10-23 18:47:12,152 INFO  (ParserWrapper:82) Finished loading ontology: http://purl.obolibrary.org/obo/apo.owl from: file:/mnt/efsdata/obo-ci-data/base/ontologies/apo/apo_flat.owl
[INFO] # PARSING: <http://www.w3.org/2002/07/owl#Nothing>
[INFO] 2018-10-23 18:47:12,206 INFO  (ManchesterSyntaxTool:130) parsing: <http://www.w3.org/2002/07/owl#Nothing>
[INFO] # QUERY: owl:Nothing owl:Nothing
[INFO] 2018-10-23 18:47:12,431 INFO  (CommandRunner:6042) Created reasoner: org.semanticweb.HermiT.Reasoner@53499d85
[INFO] E: owl:Nothing owl:Nothing
[INFO] 2018-10-23 18:47:12,545 INFO  (CommandRunnerBase:78) disposing of org.semanticweb.HermiT.Reasoner@53499d85
[INFO] 2018-10-23 18:47:12,545 INFO  (CommandRunnerBase:70) disposing of org.semanticweb.HermiT.Reasoner@53499d85
[INFO] ------------------------------------------------------------------------
[INFO] BUILD SUCCESS
[INFO] ------------------------------------------------------------------------
[INFO] Total time: 3.933s
[INFO] Finished at: Tue Oct 23 18:47:12 UTC 2018
[INFO] Final Memory: 6M/289M
[INFO] ------------------------------------------------------------------------
Tue Oct 23 18:47:12 UTC 2018
