Tue Oct 23 18:47:09 UTC 2018
Querying for incoherent classes in: /mnt/efsdata/obo-ci-data/base/ontologies/aro/aro_flat.owl
[INFO] Error stacktraces are turned on.
[INFO] Scanning for projects...
[INFO]                                                                         
[INFO] ------------------------------------------------------------------------
[INFO] Building incoherent-query 1.0
[INFO] ------------------------------------------------------------------------
[INFO] 
[INFO] --- exec-maven-plugin:1.1:exec (default-cli) @ incoherent-query ---
[INFO] 2018-10-23 18:47:12,963 INFO  (ParserWrapper:75) Start loading ontology: file:/mnt/efsdata/obo-ci-data/base/ontologies/aro/aro_flat.owl from: file:/mnt/efsdata/obo-ci-data/base/ontologies/aro/aro_flat.owl
[INFO] 2018-10-23 18:47:15,156 INFO  (ParserWrapper:82) Finished loading ontology: http://purl.obolibrary.org/obo/antibiotic_resistance.owl from: file:/mnt/efsdata/obo-ci-data/base/ontologies/aro/aro_flat.owl
[INFO] # PARSING: <http://www.w3.org/2002/07/owl#Nothing>
[INFO] 2018-10-23 18:47:15,212 INFO  (ManchesterSyntaxTool:130) parsing: <http://www.w3.org/2002/07/owl#Nothing>
[INFO] # QUERY: owl:Nothing owl:Nothing
[INFO] 2018-10-23 18:47:15,264 INFO  (ConfigurationFactory:83) Loading default configuration parameters for class org.semanticweb.elk.reasoner.config.ReasonerConfiguration
[INFO] 2018-10-23 18:47:15,434 INFO  (Reasoner:117) ELK reasoner was created
[INFO] 2018-10-23 18:47:15,435 INFO  (CommandRunner:6042) Created reasoner: org.semanticweb.elk.owlapi.ElkReasoner@75f65e45
[INFO] 2018-10-23 18:47:15,436 INFO  (LoggingStageExecutor:70) Loading of Axioms started
[INFO] 2018-10-23 18:47:15,440 INFO  (AbstractReasonerStage:161) Loading of Axioms using 2 workers
[INFO] 2018-10-23 18:47:15,632 INFO  (LoggingStageExecutor:103) Loading of Axioms took 193 ms
[INFO] 2018-10-23 18:47:15,633 INFO  (LoggingStageExecutor:70) Property Saturation Initialization started
[INFO] 2018-10-23 18:47:15,634 INFO  (AbstractReasonerStage:161) Property Saturation Initialization using 2 workers
[INFO] 2018-10-23 18:47:15,634 INFO  (LoggingStageExecutor:103) Property Saturation Initialization took 1 ms
[INFO] 2018-10-23 18:47:15,634 INFO  (LoggingStageExecutor:70) Reflexive Property Computation started
[INFO] 2018-10-23 18:47:15,639 INFO  (AbstractReasonerStage:161) Reflexive Property Computation using 2 workers
[INFO] 2018-10-23 18:47:15,644 INFO  (LoggingStageExecutor:103) Reflexive Property Computation took 9 ms
[INFO] 2018-10-23 18:47:15,644 INFO  (LoggingStageExecutor:70) Object Property Hierarchy and Composition Computation started
[INFO] 2018-10-23 18:47:15,648 INFO  (AbstractReasonerStage:161) Object Property Hierarchy and Composition Computation using 2 workers
[INFO] 2018-10-23 18:47:15,651 INFO  (LoggingStageExecutor:103) Object Property Hierarchy and Composition Computation took 5 ms
[INFO] 2018-10-23 18:47:15,652 INFO  (LoggingStageExecutor:70) Context Initialization started
[INFO] 2018-10-23 18:47:15,652 INFO  (AbstractReasonerStage:161) Context Initialization using 2 workers
[INFO] 2018-10-23 18:47:15,655 INFO  (LoggingStageExecutor:103) Context Initialization took 3 ms
[INFO] 2018-10-23 18:47:15,655 INFO  (LoggingStageExecutor:70) Consistency Checking started
[INFO] 2018-10-23 18:47:15,660 INFO  (AbstractReasonerStage:161) Consistency Checking using 2 workers
[INFO] 2018-10-23 18:47:15,666 INFO  (LoggingStageExecutor:103) Consistency Checking took 10 ms
[INFO] 2018-10-23 18:47:15,666 INFO  (LoggingStageExecutor:70) Class Taxonomy Computation started
[INFO] 2018-10-23 18:47:15,678 INFO  (AbstractReasonerStage:161) Class Taxonomy Computation using 2 workers
[INFO] 2018-10-23 18:47:15,895 INFO  (LoggingStageExecutor:103) Class Taxonomy Computation took 228 ms
[INFO] E: owl:Nothing owl:Nothing
[INFO] 2018-10-23 18:47:15,898 INFO  (CommandRunnerBase:78) disposing of org.semanticweb.elk.owlapi.ElkReasoner@75f65e45
[INFO] 2018-10-23 18:47:15,903 INFO  (Reasoner:231) ELK reasoner has shut down
[INFO] 2018-10-23 18:47:15,903 INFO  (CommandRunnerBase:70) disposing of org.semanticweb.elk.owlapi.ElkReasoner@75f65e45
[INFO] ------------------------------------------------------------------------
[INFO] BUILD SUCCESS
[INFO] ------------------------------------------------------------------------
[INFO] Total time: 5.555s
[INFO] Finished at: Tue Oct 23 18:47:15 UTC 2018
[INFO] Final Memory: 5M/229M
[INFO] ------------------------------------------------------------------------
Tue Oct 23 18:47:16 UTC 2018
