Tue Oct 23 18:47:11 UTC 2018
Querying for incoherent classes in: /mnt/efsdata/obo-ci-data/base/ontologies/bcgo/bcgo_flat.owl
[INFO] Error stacktraces are turned on.
[INFO] Scanning for projects...
[INFO]                                                                         
[INFO] ------------------------------------------------------------------------
[INFO] Building incoherent-query 1.0
[INFO] ------------------------------------------------------------------------
[INFO] 
[INFO] --- exec-maven-plugin:1.1:exec (default-cli) @ incoherent-query ---
[INFO] 2018-10-23 18:47:14,949 INFO  (ParserWrapper:75) Start loading ontology: file:/mnt/efsdata/obo-ci-data/base/ontologies/bcgo/bcgo_flat.owl from: file:/mnt/efsdata/obo-ci-data/base/ontologies/bcgo/bcgo_flat.owl
[INFO] 2018-10-23 18:47:16,625 ERROR (OWLOntologyManagerImpl:1138) Illegal redeclarations of entities: reuse of entity http://purl.obolibrary.org/obo/BFO_0000062 in punning not allowed [Declaration(AnnotationProperty(<http://purl.obolibrary.org/obo/BFO_0000062>)), Declaration(ObjectProperty(<http://purl.obolibrary.org/obo/BFO_0000062>))]
[INFO] 2018-10-23 18:47:16,626 ERROR (OWLOntologyManagerImpl:1138) Illegal redeclarations of entities: reuse of entity http://purl.obolibrary.org/obo/BFO_0000063 in punning not allowed [Declaration(ObjectProperty(<http://purl.obolibrary.org/obo/BFO_0000063>)), Declaration(AnnotationProperty(<http://purl.obolibrary.org/obo/BFO_0000063>))]
[INFO] 2018-10-23 18:47:16,663 INFO  (ParserWrapper:82) Finished loading ontology: http://purl.obolibrary.org/obo/bcgo.owl from: file:/mnt/efsdata/obo-ci-data/base/ontologies/bcgo/bcgo_flat.owl
[INFO] # PARSING: <http://www.w3.org/2002/07/owl#Nothing>
[INFO] 2018-10-23 18:47:16,710 INFO  (ManchesterSyntaxTool:130) parsing: <http://www.w3.org/2002/07/owl#Nothing>
[INFO] # QUERY: owl:Nothing owl:Nothing
[INFO] 2018-10-23 18:47:17,884 INFO  (CommandRunner:6042) Created reasoner: org.semanticweb.HermiT.Reasoner@240df292
[INFO] E: owl:Nothing owl:Nothing
[INFO] 2018-10-23 18:48:19,025 INFO  (CommandRunnerBase:78) disposing of org.semanticweb.HermiT.Reasoner@240df292
[INFO] 2018-10-23 18:48:19,025 INFO  (CommandRunnerBase:70) disposing of org.semanticweb.HermiT.Reasoner@240df292
[INFO] ------------------------------------------------------------------------
[INFO] BUILD SUCCESS
[INFO] ------------------------------------------------------------------------
[INFO] Total time: 1:06.522s
[INFO] Finished at: Tue Oct 23 18:48:19 UTC 2018
[INFO] Final Memory: 5M/229M
[INFO] ------------------------------------------------------------------------
Tue Oct 23 18:48:19 UTC 2018
