Sat Dec  2 12:52:09 MST 2017
Querying for incoherent classes in: /scratch/Shares/hunter/obo-ci/data-all/base/ontologies/bfo/bfo_flat.owl
[INFO] Error stacktraces are turned on.
[INFO] Scanning for projects...
[INFO]                                                                         
[INFO] ------------------------------------------------------------------------
[INFO] Building incoherent-query 1.0
[INFO] ------------------------------------------------------------------------
[INFO] 
[INFO] --- exec-maven-plugin:1.1:exec (default-cli) @ incoherent-query ---
[INFO] /bin/sh: module: line 1: syntax error: unexpected end of file
[INFO] /bin/sh: error importing function definition for `BASH_FUNC_module'
[INFO] 2017-12-02 12:52:14,224 INFO  (ParserWrapper:75) Start loading ontology: file:/scratch/Shares/hunter/obo-ci/data-all/base/ontologies/bfo/bfo_flat.owl from: file:/scratch/Shares/hunter/obo-ci/data-all/base/ontologies/bfo/bfo_flat.owl
[INFO] 2017-12-02 12:52:14,914 INFO  (ParserWrapper:82) Finished loading ontology: http://purl.obolibrary.org/obo/bfo.owl from: file:/scratch/Shares/hunter/obo-ci/data-all/base/ontologies/bfo/bfo_flat.owl
[INFO] # PARSING: <http://www.w3.org/2002/07/owl#Nothing>
[INFO] 2017-12-02 12:52:15,002 INFO  (ManchesterSyntaxTool:130) parsing: <http://www.w3.org/2002/07/owl#Nothing>
[INFO] # QUERY: owl:Nothing owl:Nothing
[INFO] 2017-12-02 12:52:15,051 INFO  (ConfigurationFactory:83) Loading default configuration parameters for class org.semanticweb.elk.reasoner.config.ReasonerConfiguration
[INFO] 2017-12-02 12:52:15,453 INFO  (Reasoner:117) ELK reasoner was created
[INFO] 2017-12-02 12:52:15,456 INFO  (CommandRunner:6042) Created reasoner: org.semanticweb.elk.owlapi.ElkReasoner@3b7ff809
[INFO] 2017-12-02 12:52:15,466 INFO  (LoggingStageExecutor:70) Loading of Axioms started
[INFO] 2017-12-02 12:52:15,486 INFO  (AbstractReasonerStage:161) Loading of Axioms using 64 workers
[INFO] 2017-12-02 12:52:15,515 INFO  (LoggingStageExecutor:103) Loading of Axioms took 38 ms
[INFO] 2017-12-02 12:52:15,516 INFO  (LoggingStageExecutor:70) Property Saturation Initialization started
[INFO] 2017-12-02 12:52:15,518 INFO  (AbstractReasonerStage:161) Property Saturation Initialization using 64 workers
[INFO] 2017-12-02 12:52:15,519 INFO  (LoggingStageExecutor:103) Property Saturation Initialization took 2 ms
[INFO] 2017-12-02 12:52:15,519 INFO  (LoggingStageExecutor:70) Reflexive Property Computation started
[INFO] 2017-12-02 12:52:15,532 INFO  (AbstractReasonerStage:161) Reflexive Property Computation using 64 workers
[INFO] 2017-12-02 12:52:15,556 INFO  (LoggingStageExecutor:103) Reflexive Property Computation took 36 ms
[INFO] 2017-12-02 12:52:15,557 INFO  (LoggingStageExecutor:70) Object Property Hierarchy and Composition Computation started
[INFO] 2017-12-02 12:52:15,568 INFO  (AbstractReasonerStage:161) Object Property Hierarchy and Composition Computation using 64 workers
[INFO] 2017-12-02 12:52:15,575 INFO  (LoggingStageExecutor:103) Object Property Hierarchy and Composition Computation took 15 ms
[INFO] 2017-12-02 12:52:15,575 INFO  (LoggingStageExecutor:70) Context Initialization started
[INFO] 2017-12-02 12:52:15,578 INFO  (AbstractReasonerStage:161) Context Initialization using 64 workers
[INFO] 2017-12-02 12:52:15,586 INFO  (LoggingStageExecutor:103) Context Initialization took 10 ms
[INFO] 2017-12-02 12:52:15,586 INFO  (LoggingStageExecutor:70) Consistency Checking started
[INFO] 2017-12-02 12:52:15,606 INFO  (AbstractReasonerStage:161) Consistency Checking using 64 workers
[INFO] 2017-12-02 12:52:15,700 INFO  (LoggingStageExecutor:103) Consistency Checking took 113 ms
[INFO] 2017-12-02 12:52:15,701 INFO  (LoggingStageExecutor:70) Class Taxonomy Computation started
[INFO] 2017-12-02 12:52:15,727 INFO  (AbstractReasonerStage:161) Class Taxonomy Computation using 64 workers
[INFO] 2017-12-02 12:52:15,749 INFO  (LoggingStageExecutor:103) Class Taxonomy Computation took 48 ms
[INFO] E: owl:Nothing owl:Nothing
[INFO] 2017-12-02 12:52:15,758 INFO  (CommandRunnerBase:78) disposing of org.semanticweb.elk.owlapi.ElkReasoner@3b7ff809
[INFO] 2017-12-02 12:52:15,763 INFO  (Reasoner:231) ELK reasoner has shut down
[INFO] 2017-12-02 12:52:15,764 INFO  (CommandRunnerBase:70) disposing of org.semanticweb.elk.owlapi.ElkReasoner@3b7ff809
[INFO] ------------------------------------------------------------------------
[INFO] BUILD SUCCESS
[INFO] ------------------------------------------------------------------------
[INFO] Total time: 4.583 s
[INFO] Finished at: 2017-12-02T12:52:15-07:00
[INFO] Final Memory: 21M/1963M
[INFO] ------------------------------------------------------------------------
Sat Dec  2 12:52:16 MST 2017
