Tue Oct 23 18:47:14 UTC 2018
Querying for incoherent classes in: /mnt/efsdata/obo-ci-data/base/ontologies/bspo/bspo_flat.owl
[INFO] Error stacktraces are turned on.
[INFO] Scanning for projects...
[INFO]                                                                         
[INFO] ------------------------------------------------------------------------
[INFO] Building incoherent-query 1.0
[INFO] ------------------------------------------------------------------------
[INFO] 
[INFO] --- exec-maven-plugin:1.1:exec (default-cli) @ incoherent-query ---
[INFO] 2018-10-23 18:47:18,086 INFO  (ParserWrapper:75) Start loading ontology: file:/mnt/efsdata/obo-ci-data/base/ontologies/bspo/bspo_flat.owl from: file:/mnt/efsdata/obo-ci-data/base/ontologies/bspo/bspo_flat.owl
[INFO] 2018-10-23 18:47:18,878 INFO  (ParserWrapper:82) Finished loading ontology: http://purl.obolibrary.org/obo/bspo.owl from: file:/mnt/efsdata/obo-ci-data/base/ontologies/bspo/bspo_flat.owl
[INFO] # PARSING: <http://www.w3.org/2002/07/owl#Nothing>
[INFO] 2018-10-23 18:47:18,924 INFO  (ManchesterSyntaxTool:130) parsing: <http://www.w3.org/2002/07/owl#Nothing>
[INFO] # QUERY: owl:Nothing owl:Nothing
[INFO] 2018-10-23 18:47:18,949 INFO  (ConfigurationFactory:83) Loading default configuration parameters for class org.semanticweb.elk.reasoner.config.ReasonerConfiguration
[INFO] 2018-10-23 18:47:19,095 INFO  (Reasoner:117) ELK reasoner was created
[INFO] 2018-10-23 18:47:19,096 INFO  (CommandRunner:6042) Created reasoner: org.semanticweb.elk.owlapi.ElkReasoner@62f4ff3b
[INFO] 2018-10-23 18:47:19,097 INFO  (LoggingStageExecutor:70) Loading of Axioms started
[INFO] 2018-10-23 18:47:19,101 INFO  (AbstractReasonerStage:161) Loading of Axioms using 2 workers
[INFO] 2018-10-23 18:47:19,121 WARN  (ChangeIndexingProcessor:66) [reasoner.indexing.axiomIgnored]ELK does not support DisjointObjectProperties. Axiom ignored:
[INFO] DisjointObjectProperties(<http://purl.obolibrary.org/obo/BSPO_0000105> <http://purl.obolibrary.org/obo/BSPO_0000106>)
[INFO] 2018-10-23 18:47:19,122 WARN  (ChangeIndexingProcessor:66) [reasoner.indexing.axiomIgnored]ELK does not support InverseObjectProperties. Axiom ignored:
[INFO] InverseObjectProperties(<http://purl.obolibrary.org/obo/BSPO_0000107> <http://purl.obolibrary.org/obo/BSPO_0000108>)
[INFO] 2018-10-23 18:47:19,132 WARN  (ChangeIndexingProcessor:66) [reasoner.indexing.axiomIgnored]ELK does not support ObjectPropertyRange. Axiom ignored:
[INFO] ObjectPropertyRange(<http://purl.obolibrary.org/obo/BSPO_0015007> <http://purl.obolibrary.org/obo/BSPO_0000010>)
[INFO] 2018-10-23 18:47:19,134 WARN  (ChangeIndexingProcessor:66) [reasoner.indexing.axiomIgnored]ELK does not support ObjectPropertyRange. Axiom ignored:
[INFO] ObjectPropertyRange(<http://purl.obolibrary.org/obo/BSPO_0000104> <http://purl.obolibrary.org/obo/BSPO_0000010>)
[INFO] 2018-10-23 18:47:19,135 WARN  (ChangeIndexingProcessor:66) [reasoner.indexing.axiomIgnored]ELK does not support SymmetricObjectProperty. Axiom ignored:
[INFO] SymmetricObjectProperty(<http://purl.obolibrary.org/obo/RO_0002220>)
[INFO] 2018-10-23 18:47:19,136 WARN  (ChangeIndexingProcessor:66) [reasoner.indexing.axiomIgnored]ELK does not support ObjectPropertyRange. Axiom ignored:
[INFO] ObjectPropertyRange(<http://purl.obolibrary.org/obo/BSPO_0015002> <http://purl.obolibrary.org/obo/BSPO_0000010>)
[INFO] 2018-10-23 18:47:19,138 WARN  (ChangeIndexingProcessor:66) [reasoner.indexing.axiomIgnored]ELK does not support InverseObjectProperties. Axiom ignored:
[INFO] InverseObjectProperties(<http://purl.obolibrary.org/obo/BSPO_0000096> <http://purl.obolibrary.org/obo/BSPO_0000099>)
[INFO] 2018-10-23 18:47:19,139 WARN  (ChangeIndexingProcessor:66) [reasoner.indexing.axiomIgnored]ELK does not support InverseObjectProperties. Axiom ignored:
[INFO] InverseObjectProperties(<http://purl.obolibrary.org/obo/BSPO_0015009> <http://purl.obolibrary.org/obo/BSPO_0015012>)
[INFO] 2018-10-23 18:47:19,143 WARN  (ChangeIndexingProcessor:66) [reasoner.indexing.axiomIgnored]ELK does not support InverseObjectProperties. Axiom ignored:
[INFO] InverseObjectProperties(<http://purl.obolibrary.org/obo/BSPO_0000097> <http://purl.obolibrary.org/obo/BSPO_0000100>)
[INFO] 2018-10-23 18:47:19,144 WARN  (ChangeIndexingProcessor:66) [reasoner.indexing.axiomIgnored]ELK does not support ObjectPropertyRange. Axiom ignored:
[INFO] ObjectPropertyRange(<http://purl.obolibrary.org/obo/BSPO_0015004> <http://purl.obolibrary.org/obo/CARO_0000000>)
[INFO] 2018-10-23 18:47:19,146 WARN  (ChangeIndexingProcessor:66) [reasoner.indexing.axiomIgnored]ELK does not support InverseObjectProperties. Axiom ignored:
[INFO] InverseObjectProperties(<http://purl.obolibrary.org/obo/BSPO_0000120> <http://purl.obolibrary.org/obo/BSPO_0000121>)
[INFO] 2018-10-23 18:47:19,147 WARN  (ChangeIndexingProcessor:66) [reasoner.indexing.axiomIgnored]ELK does not support InverseObjectProperties. Axiom ignored:
[INFO] InverseObjectProperties(<http://purl.obolibrary.org/obo/BSPO_0000098> <http://purl.obolibrary.org/obo/BSPO_0000102>)
[INFO] 2018-10-23 18:47:19,149 WARN  (ChangeIndexingProcessor:66) [reasoner.indexing.axiomIgnored]ELK does not support InverseObjectProperties. Axiom ignored:
[INFO] InverseObjectProperties(<http://purl.obolibrary.org/obo/BSPO_0015011> <http://purl.obolibrary.org/obo/BSPO_0015015>)
[INFO] 2018-10-23 18:47:19,150 WARN  (ChangeIndexingProcessor:66) [reasoner.indexing.axiomIgnored]ELK does not support InverseObjectProperties. Axiom ignored:
[INFO] InverseObjectProperties(<http://purl.obolibrary.org/obo/BSPO_0015010> <http://purl.obolibrary.org/obo/BSPO_0015013>)
[INFO] 2018-10-23 18:47:19,153 WARN  (ChangeIndexingProcessor:66) [reasoner.indexing.axiomIgnored]ELK does not support InverseObjectProperties. Axiom ignored:
[INFO] InverseObjectProperties(<http://purl.obolibrary.org/obo/BSPO_0015016> <http://purl.obolibrary.org/obo/BSPO_0015017>)
[INFO] 2018-10-23 18:47:19,153 WARN  (ChangeIndexingProcessor:66) [reasoner.indexing.axiomIgnored]ELK does not support ObjectPropertyRange. Axiom ignored:
[INFO] ObjectPropertyRange(<http://purl.obolibrary.org/obo/BSPO_0015001> <http://purl.obolibrary.org/obo/BSPO_0000010>)
[INFO] 2018-10-23 18:47:19,155 WARN  (ChangeIndexingProcessor:66) [reasoner.indexing.axiomIgnored]ELK does not support InverseObjectProperties. Axiom ignored:
[INFO] InverseObjectProperties(<http://purl.obolibrary.org/obo/BFO_0000050> <http://purl.obolibrary.org/obo/BFO_0000051>)
[INFO] 2018-10-23 18:47:19,161 WARN  (ChangeIndexingProcessor:66) [reasoner.indexing.axiomIgnored]ELK does not support ObjectPropertyRange. Axiom ignored:
[INFO] ObjectPropertyRange(<http://purl.obolibrary.org/obo/BSPO_0015005> <http://purl.obolibrary.org/obo/BSPO_0000400>)
[INFO] 2018-10-23 18:47:19,162 WARN  (ChangeIndexingProcessor:66) [reasoner.indexing.axiomIgnored]ELK does not support SymmetricObjectProperty. Axiom ignored:
[INFO] SymmetricObjectProperty(<http://purl.obolibrary.org/obo/BSPO_0000105>)
[INFO] 2018-10-23 18:47:19,162 WARN  (ChangeIndexingProcessor:66) [reasoner.indexing.axiomIgnored]ELK does not support SymmetricObjectProperty. Axiom ignored:
[INFO] SymmetricObjectProperty(<http://purl.obolibrary.org/obo/BSPO_0000106>)
[INFO] 2018-10-23 18:47:19,163 WARN  (ChangeIndexingProcessor:66) [reasoner.indexing.axiomIgnored]ELK does not support ObjectPropertyRange. Axiom ignored:
[INFO] ObjectPropertyRange(<http://purl.obolibrary.org/obo/#_has_start_point> <http://purl.obolibrary.org/obo/CARO_0000000>)
[INFO] 2018-10-23 18:47:19,165 WARN  (ChangeIndexingProcessor:66) [reasoner.indexing.axiomIgnored]ELK does not support InverseObjectProperties. Axiom ignored:
[INFO] InverseObjectProperties(<http://purl.obolibrary.org/obo/BSPO_0001107> <http://purl.obolibrary.org/obo/BSPO_0015014>)
[INFO] 2018-10-23 18:47:19,167 WARN  (ChangeIndexingProcessor:66) [reasoner.indexing.axiomIgnored]ELK does not support InverseObjectProperties. Axiom ignored:
[INFO] InverseObjectProperties(<http://purl.obolibrary.org/obo/BSPO_0000110> <http://purl.obolibrary.org/obo/BSPO_0000111>)
[INFO] 2018-10-23 18:47:19,168 INFO  (LoggingStageExecutor:103) Loading of Axioms took 68 ms
[INFO] 2018-10-23 18:47:19,168 INFO  (LoggingStageExecutor:70) Property Saturation Initialization started
[INFO] 2018-10-23 18:47:19,170 INFO  (AbstractReasonerStage:161) Property Saturation Initialization using 2 workers
[INFO] 2018-10-23 18:47:19,170 INFO  (LoggingStageExecutor:103) Property Saturation Initialization took 1 ms
[INFO] 2018-10-23 18:47:19,170 INFO  (LoggingStageExecutor:70) Reflexive Property Computation started
[INFO] 2018-10-23 18:47:19,175 INFO  (AbstractReasonerStage:161) Reflexive Property Computation using 2 workers
[INFO] 2018-10-23 18:47:19,176 INFO  (LoggingStageExecutor:103) Reflexive Property Computation took 5 ms
[INFO] 2018-10-23 18:47:19,177 INFO  (LoggingStageExecutor:70) Object Property Hierarchy and Composition Computation started
[INFO] 2018-10-23 18:47:19,179 INFO  (AbstractReasonerStage:161) Object Property Hierarchy and Composition Computation using 2 workers
[INFO] 2018-10-23 18:47:19,187 INFO  (LoggingStageExecutor:103) Object Property Hierarchy and Composition Computation took 10 ms
[INFO] 2018-10-23 18:47:19,187 INFO  (LoggingStageExecutor:70) Context Initialization started
[INFO] 2018-10-23 18:47:19,188 INFO  (AbstractReasonerStage:161) Context Initialization using 2 workers
[INFO] 2018-10-23 18:47:19,190 INFO  (LoggingStageExecutor:103) Context Initialization took 3 ms
[INFO] 2018-10-23 18:47:19,191 INFO  (LoggingStageExecutor:70) Consistency Checking started
[INFO] 2018-10-23 18:47:19,195 INFO  (AbstractReasonerStage:161) Consistency Checking using 2 workers
[INFO] 2018-10-23 18:47:19,201 INFO  (LoggingStageExecutor:103) Consistency Checking took 9 ms
[INFO] 2018-10-23 18:47:19,201 INFO  (LoggingStageExecutor:70) Class Taxonomy Computation started
[INFO] 2018-10-23 18:47:19,212 INFO  (AbstractReasonerStage:161) Class Taxonomy Computation using 2 workers
[INFO] 2018-10-23 18:47:19,268 INFO  (LoggingStageExecutor:103) Class Taxonomy Computation took 67 ms
[INFO] E: owl:Nothing owl:Nothing
[INFO] 2018-10-23 18:47:19,272 INFO  (CommandRunnerBase:78) disposing of org.semanticweb.elk.owlapi.ElkReasoner@62f4ff3b
[INFO] 2018-10-23 18:47:19,275 INFO  (Reasoner:231) ELK reasoner has shut down
[INFO] 2018-10-23 18:47:19,275 INFO  (CommandRunnerBase:70) disposing of org.semanticweb.elk.owlapi.ElkReasoner@62f4ff3b
[INFO] ------------------------------------------------------------------------
[INFO] BUILD SUCCESS
[INFO] ------------------------------------------------------------------------
[INFO] Total time: 3.727s
[INFO] Finished at: Tue Oct 23 18:47:19 UTC 2018
[INFO] Final Memory: 5M/229M
[INFO] ------------------------------------------------------------------------
Tue Oct 23 18:47:19 UTC 2018
