Sat Dec  2 12:52:13 MST 2017
Querying for incoherent classes in: /scratch/Shares/hunter/obo-ci/data-all/base/ontologies/caro/caro_flat.owl
[INFO] Error stacktraces are turned on.
[INFO] Scanning for projects...
[INFO]                                                                         
[INFO] ------------------------------------------------------------------------
[INFO] Building incoherent-query 1.0
[INFO] ------------------------------------------------------------------------
[INFO] 
[INFO] --- exec-maven-plugin:1.1:exec (default-cli) @ incoherent-query ---
[INFO] /bin/sh: module: line 1: syntax error: unexpected end of file
[INFO] /bin/sh: error importing function definition for `BASH_FUNC_module'
[INFO] 2017-12-02 12:52:18,449 INFO  (ParserWrapper:75) Start loading ontology: file:/scratch/Shares/hunter/obo-ci/data-all/base/ontologies/caro/caro_flat.owl from: file:/scratch/Shares/hunter/obo-ci/data-all/base/ontologies/caro/caro_flat.owl
[INFO] 2017-12-02 12:52:24,082 ERROR (OWLOntologyManagerImpl:1138) Illegal redeclarations of entities: reuse of entity http://purl.obolibrary.org/obo/RO_0002215 in punning not allowed [Declaration(AnnotationProperty(<http://purl.obolibrary.org/obo/RO_0002215>)), Declaration(ObjectProperty(<http://purl.obolibrary.org/obo/RO_0002215>))]
[INFO] 2017-12-02 12:52:24,129 INFO  (ParserWrapper:82) Finished loading ontology: http://purl.obolibrary.org/obo/caro/caro.owl from: file:/scratch/Shares/hunter/obo-ci/data-all/base/ontologies/caro/caro_flat.owl
[INFO] # PARSING: <http://www.w3.org/2002/07/owl#Nothing>
[INFO] 2017-12-02 12:52:24,214 INFO  (ManchesterSyntaxTool:130) parsing: <http://www.w3.org/2002/07/owl#Nothing>
[INFO] # QUERY: owl:Nothing owl:Nothing
[INFO] 2017-12-02 12:52:24,340 INFO  (ConfigurationFactory:83) Loading default configuration parameters for class org.semanticweb.elk.reasoner.config.ReasonerConfiguration
[INFO] 2017-12-02 12:52:24,659 INFO  (Reasoner:117) ELK reasoner was created
[INFO] 2017-12-02 12:52:24,661 INFO  (CommandRunner:6042) Created reasoner: org.semanticweb.elk.owlapi.ElkReasoner@14b030a0
[INFO] 2017-12-02 12:52:24,664 INFO  (LoggingStageExecutor:70) Loading of Axioms started
[INFO] 2017-12-02 12:52:24,671 INFO  (AbstractReasonerStage:161) Loading of Axioms using 64 workers
[INFO] 2017-12-02 12:52:24,721 WARN  (ChangeIndexingProcessor:66) [reasoner.indexing.axiomIgnored]ELK does not support ObjectMinCardinality. Axiom ignored:
[INFO] EquivalentClasses(<http://purl.obolibrary.org/obo/CARO_0020000> ObjectIntersectionOf(<http://purl.obolibrary.org/obo/CARO_0000006> ObjectSomeValuesFrom(<http://purl.obolibrary.org/obo/RO_0000053> <http://purl.obolibrary.org/obo/PATO_0010001>) ObjectMinCardinality(2 <http://purl.obolibrary.org/obo/RO_0002180>)))
[INFO] 2017-12-02 12:52:24,723 WARN  (ChangeIndexingProcessor:66) [reasoner.indexing.axiomIgnored]ELK does not support ObjectMinCardinality. Axiom ignored:
[INFO] EquivalentClasses(<http://purl.obolibrary.org/obo/CARO_0000024> ObjectIntersectionOf(<http://purl.obolibrary.org/obo/CARO_0020004> ObjectMinCardinality(2 <http://purl.obolibrary.org/obo/RO_0002180>)))
[INFO] 2017-12-02 12:52:24,724 WARN  (ChangeIndexingProcessor:66) [reasoner.indexing.axiomIgnored]ELK does not support DisjointUnion. Axiom ignored:
[INFO] DisjointUnion(<http://purl.obolibrary.org/obo/CARO_0000000> <http://purl.obolibrary.org/obo/CARO_0000006> <http://purl.obolibrary.org/obo/CARO_0000007>)
[INFO] 2017-12-02 12:52:24,731 WARN  (ChangeIndexingProcessor:66) [reasoner.indexing.axiomIgnored]ELK does not support ObjectMinCardinality. Axiom ignored:
[INFO] EquivalentClasses(<http://purl.obolibrary.org/obo/CARO_0002101> ObjectIntersectionOf(<http://purl.obolibrary.org/obo/CARO_0002100> ObjectSomeValuesFrom(<http://purl.obolibrary.org/obo/RO_0000053> <http://purl.obolibrary.org/obo/PATO_0010001>) ObjectMinCardinality(2 <http://purl.obolibrary.org/obo/RO_0002180>)))
[INFO] 2017-12-02 12:52:24,733 WARN  (ChangeIndexingProcessor:66) [reasoner.indexing.axiomIgnored]ELK does not support ObjectPropertyRange. Axiom ignored:
[INFO] ObjectPropertyRange(<http://purl.obolibrary.org/obo/RO_0000087> <http://purl.obolibrary.org/obo/BFO_0000023>)
[INFO] 2017-12-02 12:52:24,738 WARN  (ChangeIndexingProcessor:66) [reasoner.indexing.axiomIgnored]ELK does not support ObjectPropertyRange. Axiom ignored:
[INFO] ObjectPropertyRange(<http://purl.obolibrary.org/obo/RO_0000085> <http://purl.obolibrary.org/obo/BFO_0000034>)
[INFO] 2017-12-02 12:52:24,739 WARN  (ChangeIndexingProcessor:66) [reasoner.indexing.axiomIgnored]ELK does not support ObjectPropertyRange. Axiom ignored:
[INFO] ObjectPropertyRange(<http://purl.obolibrary.org/obo/RO_0000086> <http://purl.obolibrary.org/obo/BFO_0000019>)
[INFO] 2017-12-02 12:52:24,744 WARN  (ChangeIndexingProcessor:66) [reasoner.indexing.axiomIgnored]ELK does not support ObjectMinCardinality. Axiom ignored:
[INFO] SubClassOf(<http://purl.obolibrary.org/obo/CARO_0000055> ObjectMinCardinality(2 <http://purl.obolibrary.org/obo/RO_0002180>))
[INFO] 2017-12-02 12:52:24,746 WARN  (ChangeIndexingProcessor:66) [reasoner.indexing.axiomIgnored]ELK does not support ObjectAllValuesFrom. Axiom ignored:
[INFO] EquivalentClasses(<http://purl.obolibrary.org/obo/PCO_0000000> ObjectIntersectionOf(<http://purl.obolibrary.org/obo/BFO_0000027> ObjectAllValuesFrom(<http://purl.obolibrary.org/obo/RO_0002351> <http://purl.obolibrary.org/obo/CARO_0001010>) ObjectMinCardinality(2 <http://purl.obolibrary.org/obo/RO_0002351>)))
[INFO] 2017-12-02 12:52:24,747 WARN  (ChangeIndexingProcessor:66) [reasoner.indexing.axiomIgnored]ELK does not support InverseObjectProperties. Axiom ignored:
[INFO] InverseObjectProperties(<http://purl.obolibrary.org/obo/RO_0001000> <http://purl.obolibrary.org/obo/RO_0001001>)
[INFO] 2017-12-02 12:52:24,748 WARN  (ChangeIndexingProcessor:66) [reasoner.indexing.axiomIgnored]ELK does not support ObjectPropertyRange. Axiom ignored:
[INFO] ObjectPropertyRange(<http://purl.obolibrary.org/obo/RO_0002002> <http://purl.obolibrary.org/obo/BFO_0000141>)
[INFO] 2017-12-02 12:52:24,749 WARN  (ChangeIndexingProcessor:66) [reasoner.indexing.axiomIgnored]ELK does not support InverseObjectProperties. Axiom ignored:
[INFO] InverseObjectProperties(<http://purl.obolibrary.org/obo/RO_0000058> <http://purl.obolibrary.org/obo/RO_0000059>)
[INFO] 2017-12-02 12:52:24,749 WARN  (ChangeIndexingProcessor:66) [reasoner.indexing.axiomIgnored]ELK does not support InverseObjectProperties. Axiom ignored:
[INFO] InverseObjectProperties(<http://purl.obolibrary.org/obo/RO_0000056> <http://purl.obolibrary.org/obo/RO_0000057>)
[INFO] 2017-12-02 12:52:24,751 WARN  (ChangeIndexingProcessor:66) [reasoner.indexing.axiomIgnored]ELK does not support ObjectExactCardinality. Axiom ignored:
[INFO] EquivalentClasses(<http://purl.obolibrary.org/obo/CARO_0000021> ObjectIntersectionOf(<http://purl.obolibrary.org/obo/CARO_0020004> ObjectExactCardinality(1 <http://purl.obolibrary.org/obo/RO_0002180>)))
[INFO] 2017-12-02 12:52:24,752 WARN  (ChangeIndexingProcessor:66) [reasoner.indexing.axiomIgnored]ELK does not support InverseObjectProperties. Axiom ignored:
[INFO] InverseObjectProperties(<http://purl.obolibrary.org/obo/RO_0000052> <http://purl.obolibrary.org/obo/RO_0000053>)
[INFO] 2017-12-02 12:52:24,754 WARN  (IndexedObjectUnionOf:92) [reasoner.indexing.IndexedObjectUnionOf]ELK does not support positive occurrences of ObjectUnionOf. Reasoning might be incomplete!
[INFO] 2017-12-02 12:52:24,757 WARN  (ChangeIndexingProcessor:66) [reasoner.indexing.axiomIgnored]ELK does not support InverseObjectProperties. Axiom ignored:
[INFO] InverseObjectProperties(<http://purl.obolibrary.org/obo/RO_0002350> <http://purl.obolibrary.org/obo/RO_0002351>)
[INFO] 2017-12-02 12:52:24,757 WARN  (ChangeIndexingProcessor:66) [reasoner.indexing.axiomIgnored]ELK does not support InverseObjectProperties. Axiom ignored:
[INFO] InverseObjectProperties(<http://purl.obolibrary.org/obo/RO_0000081> <http://purl.obolibrary.org/obo/RO_0000087>)
[INFO] 2017-12-02 12:52:24,757 WARN  (ChangeIndexingProcessor:66) [reasoner.indexing.axiomIgnored]ELK does not support InverseObjectProperties. Axiom ignored:
[INFO] InverseObjectProperties(<http://purl.obolibrary.org/obo/RO_0000080> <http://purl.obolibrary.org/obo/RO_0000086>)
[INFO] 2017-12-02 12:52:24,758 WARN  (ChangeIndexingProcessor:66) [reasoner.indexing.axiomIgnored]ELK does not support InverseObjectProperties. Axiom ignored:
[INFO] InverseObjectProperties(<http://purl.obolibrary.org/obo/RO_0001015> <http://purl.obolibrary.org/obo/RO_0001025>)
[INFO] 2017-12-02 12:52:24,758 WARN  (ChangeIndexingProcessor:66) [reasoner.indexing.axiomIgnored]ELK does not support ObjectPropertyRange. Axiom ignored:
[INFO] ObjectPropertyRange(<http://purl.obolibrary.org/obo/RO_0002002> <http://purl.obolibrary.org/obo/CARO_0000010>)
[INFO] 2017-12-02 12:52:24,758 WARN  (ChangeIndexingProcessor:66) [reasoner.indexing.axiomIgnored]ELK does not support InverseObjectProperties. Axiom ignored:
[INFO] InverseObjectProperties(<http://purl.obolibrary.org/obo/RO_0000079> <http://purl.obolibrary.org/obo/RO_0000085>)
[INFO] 2017-12-02 12:52:24,759 WARN  (ChangeIndexingProcessor:66) [reasoner.indexing.axiomIgnored]ELK does not support InverseObjectProperties. Axiom ignored:
[INFO] InverseObjectProperties(<http://purl.obolibrary.org/obo/RO_0002217> <http://purl.obolibrary.org/obo/RO_0002218>)
[INFO] 2017-12-02 12:52:24,762 WARN  (ChangeIndexingProcessor:66) [reasoner.indexing.axiomIgnored]ELK does not support InverseObjectProperties. Axiom ignored:
[INFO] InverseObjectProperties(<http://purl.obolibrary.org/obo/RO_0000091> <http://purl.obolibrary.org/obo/RO_0000092>)
[INFO] 2017-12-02 12:52:24,763 WARN  (ChangeIndexingProcessor:66) [reasoner.indexing.axiomIgnored]ELK does not support ObjectPropertyRange. Axiom ignored:
[INFO] ObjectPropertyRange(<http://purl.obolibrary.org/obo/BFO_0000054> <http://purl.obolibrary.org/obo/BFO_0000015>)
[INFO] 2017-12-02 12:52:24,763 WARN  (ChangeIndexingProcessor:66) [reasoner.indexing.axiomIgnored]ELK does not support InverseObjectProperties. Axiom ignored:
[INFO] InverseObjectProperties(<http://purl.obolibrary.org/obo/RO_0002000> <http://purl.obolibrary.org/obo/RO_0002002>)
[INFO] 2017-12-02 12:52:24,764 WARN  (ChangeIndexingProcessor:66) [reasoner.indexing.axiomIgnored]ELK does not support ObjectPropertyRange. Axiom ignored:
[INFO] ObjectPropertyRange(<http://purl.obolibrary.org/obo/BFO_0000055> <http://purl.obolibrary.org/obo/BFO_0000017>)
[INFO] 2017-12-02 12:52:24,766 WARN  (ChangeIndexingProcessor:66) [reasoner.indexing.axiomIgnored]ELK does not support ObjectPropertyRange. Axiom ignored:
[INFO] ObjectPropertyRange(<http://purl.obolibrary.org/obo/RO_0000059> <http://purl.obolibrary.org/obo/BFO_0000031>)
[INFO] 2017-12-02 12:52:24,767 WARN  (ChangeIndexingProcessor:66) [reasoner.indexing.axiomIgnored]ELK does not support ObjectPropertyRange. Axiom ignored:
[INFO] ObjectPropertyRange(<http://purl.obolibrary.org/obo/RO_0000058> <http://purl.obolibrary.org/obo/BFO_0000020>)
[INFO] 2017-12-02 12:52:24,769 WARN  (ChangeIndexingProcessor:66) [reasoner.indexing.axiomIgnored]ELK does not support ObjectPropertyRange. Axiom ignored:
[INFO] ObjectPropertyRange(<http://purl.obolibrary.org/obo/RO_0000057> <http://purl.obolibrary.org/obo/BFO_0000002>)
[INFO] 2017-12-02 12:52:24,769 WARN  (ChangeIndexingProcessor:66) [reasoner.indexing.axiomIgnored]ELK does not support ObjectExactCardinality. Axiom ignored:
[INFO] SubClassOf(<http://purl.obolibrary.org/obo/CARO_0000064> ObjectExactCardinality(1 <http://purl.obolibrary.org/obo/RO_0002180>))
[INFO] 2017-12-02 12:52:24,769 WARN  (ChangeIndexingProcessor:66) [reasoner.indexing.axiomIgnored]ELK does not support ObjectPropertyRange. Axiom ignored:
[INFO] ObjectPropertyRange(<http://purl.obolibrary.org/obo/RO_0000056> <http://purl.obolibrary.org/obo/BFO_0000003>)
[INFO] 2017-12-02 12:52:24,770 WARN  (ChangeIndexingProcessor:66) [reasoner.indexing.axiomIgnored]ELK does not support ObjectAllValuesFrom. Axiom ignored:
[INFO] SubClassOf(<http://purl.obolibrary.org/obo/CARO_0000064> ObjectAllValuesFrom(<http://purl.obolibrary.org/obo/RO_0002180> <http://purl.obolibrary.org/obo/CARO_0000013>))
[INFO] 2017-12-02 12:52:24,770 WARN  (ChangeIndexingProcessor:66) [reasoner.indexing.axiomIgnored]ELK does not support ObjectPropertyRange. Axiom ignored:
[INFO] ObjectPropertyRange(<http://purl.obolibrary.org/obo/RO_0000053> <http://purl.obolibrary.org/obo/BFO_0000020>)
[INFO] 2017-12-02 12:52:24,774 WARN  (ChangeIndexingProcessor:66) [reasoner.indexing.axiomIgnored]ELK does not support ObjectExactCardinality. Axiom ignored:
[INFO] EquivalentClasses(<http://purl.obolibrary.org/obo/CARO_0020005> ObjectIntersectionOf(<http://purl.obolibrary.org/obo/CARO_0020004> ObjectExactCardinality(1 <http://purl.obolibrary.org/obo/RO_0002180>)))
[INFO] 2017-12-02 12:52:24,775 WARN  (ChangeIndexingProcessor:66) [reasoner.indexing.axiomIgnored]ELK does not support ObjectAllValuesFrom. Axiom ignored:
[INFO] SubClassOf(<http://purl.obolibrary.org/obo/CARO_0001000> ObjectIntersectionOf(<http://purl.obolibrary.org/obo/CARO_0000003> ObjectAllValuesFrom(<http://purl.obolibrary.org/obo/BFO_0000051> ObjectComplementOf(<http://purl.obolibrary.org/obo/CARO_0000013>)) ObjectMinCardinality(2 <http://purl.obolibrary.org/obo/RO_0002180>)))
[INFO] 2017-12-02 12:52:24,781 WARN  (ChangeIndexingProcessor:66) [reasoner.indexing.axiomIgnored]ELK does not support IrreflexiveObjectProperty. Axiom ignored:
[INFO] IrreflexiveObjectProperty(<http://purl.obolibrary.org/obo/RO_0002351>)
[INFO] 2017-12-02 12:52:24,782 WARN  (ChangeIndexingProcessor:66) [reasoner.indexing.axiomIgnored]ELK does not support InverseObjectProperties. Axiom ignored:
[INFO] InverseObjectProperties(<http://purl.obolibrary.org/obo/BFO_0000066> <http://purl.obolibrary.org/obo/BFO_0000067>)
[INFO] 2017-12-02 12:52:24,783 WARN  (ChangeIndexingProcessor:66) [reasoner.indexing.axiomIgnored]ELK does not support ObjectMinCardinality. Axiom ignored:
[INFO] SubClassOf(<http://purl.obolibrary.org/obo/CARO_0010002> ObjectMinCardinality(2 <http://purl.obolibrary.org/obo/RO_0002180>))
[INFO] 2017-12-02 12:52:24,784 WARN  (ChangeIndexingProcessor:66) [reasoner.indexing.axiomIgnored]ELK does not support ObjectExactCardinality. Axiom ignored:
[INFO] EquivalentClasses(<http://purl.obolibrary.org/obo/CARO_0000040> ObjectIntersectionOf(<http://purl.obolibrary.org/obo/CARO_0000003> ObjectExactCardinality(0 <http://purl.obolibrary.org/obo/RO_0002180>) ObjectExactCardinality(0 <http://purl.obolibrary.org/obo/RO_0002180>)))
[INFO] 2017-12-02 12:52:24,785 WARN  (ChangeIndexingProcessor:66) [reasoner.indexing.axiomIgnored]ELK does not support ObjectPropertyRange. Axiom ignored:
[INFO] ObjectPropertyRange(<http://purl.obolibrary.org/obo/RO_0000091> <http://purl.obolibrary.org/obo/BFO_0000016>)
[INFO] 2017-12-02 12:52:24,786 WARN  (ChangeIndexingProcessor:66) [reasoner.indexing.axiomIgnored]ELK does not support InverseObjectProperties. Axiom ignored:
[INFO] InverseObjectProperties(<http://purl.obolibrary.org/obo/BFO_0000054> <http://purl.obolibrary.org/obo/BFO_0000055>)
[INFO] 2017-12-02 12:52:24,786 WARN  (ChangeIndexingProcessor:66) [reasoner.indexing.axiomIgnored]ELK does not support InverseObjectProperties. Axiom ignored:
[INFO] InverseObjectProperties(<http://purl.obolibrary.org/obo/BFO_0000050> <http://purl.obolibrary.org/obo/BFO_0000051>)
[INFO] 2017-12-02 12:52:24,789 WARN  (ChangeIndexingProcessor:66) [reasoner.indexing.axiomIgnored]ELK does not support ObjectPropertyRange. Axiom ignored:
[INFO] ObjectPropertyRange(<http://purl.obolibrary.org/obo/BFO_0000066> <http://purl.obolibrary.org/obo/BFO_0000004>)
[INFO] 2017-12-02 12:52:24,791 WARN  (IndexedObjectUnionOf:92) [reasoner.indexing.IndexedObjectUnionOf]ELK does not support positive occurrences of ObjectUnionOf. Reasoning might be incomplete!
[INFO] 2017-12-02 12:52:24,792 WARN  (IndexedObjectComplementOf:84) [reasoner.indexing.IndexedObjectComplementOf]ELK does not support negative occurrences of ObjectComplementOf. Reasoning might be incomplete!
[INFO] 2017-12-02 12:52:24,794 INFO  (LoggingStageExecutor:103) Loading of Axioms took 126 ms
[INFO] 2017-12-02 12:52:24,795 INFO  (LoggingStageExecutor:70) Property Saturation Initialization started
[INFO] 2017-12-02 12:52:24,796 INFO  (AbstractReasonerStage:161) Property Saturation Initialization using 64 workers
[INFO] 2017-12-02 12:52:24,797 INFO  (LoggingStageExecutor:103) Property Saturation Initialization took 1 ms
[INFO] 2017-12-02 12:52:24,797 INFO  (LoggingStageExecutor:70) Reflexive Property Computation started
[INFO] 2017-12-02 12:52:24,806 INFO  (AbstractReasonerStage:161) Reflexive Property Computation using 64 workers
[INFO] 2017-12-02 12:52:24,822 INFO  (LoggingStageExecutor:103) Reflexive Property Computation took 24 ms
[INFO] 2017-12-02 12:52:24,822 INFO  (LoggingStageExecutor:70) Object Property Hierarchy and Composition Computation started
[INFO] 2017-12-02 12:52:24,828 INFO  (AbstractReasonerStage:161) Object Property Hierarchy and Composition Computation using 64 workers
[INFO] 2017-12-02 12:52:24,894 INFO  (LoggingStageExecutor:103) Object Property Hierarchy and Composition Computation took 71 ms
[INFO] 2017-12-02 12:52:24,894 INFO  (LoggingStageExecutor:70) Context Initialization started
[INFO] 2017-12-02 12:52:24,896 INFO  (AbstractReasonerStage:161) Context Initialization using 64 workers
[INFO] 2017-12-02 12:52:24,901 INFO  (LoggingStageExecutor:103) Context Initialization took 6 ms
[INFO] 2017-12-02 12:52:24,901 INFO  (LoggingStageExecutor:70) Consistency Checking started
[INFO] 2017-12-02 12:52:24,916 INFO  (AbstractReasonerStage:161) Consistency Checking using 64 workers
[INFO] 2017-12-02 12:52:24,958 INFO  (LoggingStageExecutor:103) Consistency Checking took 56 ms
[INFO] 2017-12-02 12:52:24,958 INFO  (LoggingStageExecutor:70) Class Taxonomy Computation started
[INFO] 2017-12-02 12:52:24,977 INFO  (AbstractReasonerStage:161) Class Taxonomy Computation using 64 workers
[INFO] 2017-12-02 12:52:25,029 INFO  (LoggingStageExecutor:103) Class Taxonomy Computation took 70 ms
[INFO] E: owl:Nothing owl:Nothing
[INFO] 2017-12-02 12:52:25,034 INFO  (CommandRunnerBase:78) disposing of org.semanticweb.elk.owlapi.ElkReasoner@14b030a0
[INFO] 2017-12-02 12:52:25,040 INFO  (Reasoner:231) ELK reasoner has shut down
[INFO] 2017-12-02 12:52:25,040 INFO  (CommandRunnerBase:70) disposing of org.semanticweb.elk.owlapi.ElkReasoner@14b030a0
[INFO] ------------------------------------------------------------------------
[INFO] BUILD SUCCESS
[INFO] ------------------------------------------------------------------------
[INFO] Total time: 10.497 s
[INFO] Finished at: 2017-12-02T12:52:25-07:00
[INFO] Final Memory: 21M/1963M
[INFO] ------------------------------------------------------------------------
Sat Dec  2 12:52:25 MST 2017
