Sat Dec  2 12:52:13 MST 2017
Querying for incoherent classes in: /scratch/Shares/hunter/obo-ci/data-all/base/ontologies/clo/clo_flat.owl
[INFO] Error stacktraces are turned on.
[INFO] Scanning for projects...
[INFO]                                                                         
[INFO] ------------------------------------------------------------------------
[INFO] Building incoherent-query 1.0
[INFO] ------------------------------------------------------------------------
[INFO] 
[INFO] --- exec-maven-plugin:1.1:exec (default-cli) @ incoherent-query ---
[INFO] /bin/sh: module: line 1: syntax error: unexpected end of file
[INFO] /bin/sh: error importing function definition for `BASH_FUNC_module'
[INFO] 2017-12-02 12:52:18,320 INFO  (ParserWrapper:75) Start loading ontology: file:/scratch/Shares/hunter/obo-ci/data-all/base/ontologies/clo/clo_flat.owl from: file:/scratch/Shares/hunter/obo-ci/data-all/base/ontologies/clo/clo_flat.owl
[INFO] 2017-12-02 12:52:35,777 ERROR (OWLOntologyManagerImpl:1138) Illegal redeclarations of entities: reuse of entity http://purl.obolibrary.org/obo/RO_0002091 in punning not allowed [Declaration(AnnotationProperty(<http://purl.obolibrary.org/obo/RO_0002091>)), Declaration(ObjectProperty(<http://purl.obolibrary.org/obo/RO_0002091>))]
[INFO] 2017-12-02 12:52:35,778 ERROR (OWLOntologyManagerImpl:1138) Illegal redeclarations of entities: reuse of entity http://purl.obolibrary.org/obo/BFO_0000062 in punning not allowed [Declaration(AnnotationProperty(<http://purl.obolibrary.org/obo/BFO_0000062>)), Declaration(ObjectProperty(<http://purl.obolibrary.org/obo/BFO_0000062>))]
[INFO] 2017-12-02 12:52:35,778 ERROR (OWLOntologyManagerImpl:1138) Illegal redeclarations of entities: reuse of entity http://purl.obolibrary.org/obo/BFO_0000063 in punning not allowed [Declaration(ObjectProperty(<http://purl.obolibrary.org/obo/BFO_0000063>)), Declaration(AnnotationProperty(<http://purl.obolibrary.org/obo/BFO_0000063>))]
[INFO] 2017-12-02 12:52:35,779 ERROR (OWLOntologyManagerImpl:1138) Illegal redeclarations of entities: reuse of entity http://purl.obolibrary.org/obo/RO_0002222 in punning not allowed [Declaration(AnnotationProperty(<http://purl.obolibrary.org/obo/RO_0002222>)), Declaration(ObjectProperty(<http://purl.obolibrary.org/obo/RO_0002222>))]
[INFO] 2017-12-02 12:52:35,779 ERROR (OWLOntologyManagerImpl:1138) Illegal redeclarations of entities: reuse of entity http://purl.obolibrary.org/obo/RO_0000087 in punning not allowed [Declaration(ObjectProperty(<http://purl.obolibrary.org/obo/RO_0000087>)), Declaration(AnnotationProperty(<http://purl.obolibrary.org/obo/RO_0000087>))]
[INFO] 2017-12-02 12:52:35,779 ERROR (OWLOntologyManagerImpl:1138) Illegal redeclarations of entities: reuse of entity http://purl.obolibrary.org/obo/RO_0002161 in punning not allowed [Declaration(ObjectProperty(<http://purl.obolibrary.org/obo/RO_0002161>)), Declaration(AnnotationProperty(<http://purl.obolibrary.org/obo/RO_0002161>))]
[INFO] 2017-12-02 12:52:36,043 INFO  (ParserWrapper:82) Finished loading ontology: http://purl.obolibrary.org/obo/clo.owl from: file:/scratch/Shares/hunter/obo-ci/data-all/base/ontologies/clo/clo_flat.owl
[INFO] # PARSING: <http://www.w3.org/2002/07/owl#Nothing>
[INFO] 2017-12-02 12:52:36,159 INFO  (ManchesterSyntaxTool:130) parsing: <http://www.w3.org/2002/07/owl#Nothing>
[INFO] # QUERY: owl:Nothing owl:Nothing
[INFO] 2017-12-02 12:52:39,189 INFO  (CommandRunner:6042) Created reasoner: org.semanticweb.HermiT.Reasoner@5588536f
