Sat Dec  2 12:52:13 MST 2017
Querying for incoherent classes in: /scratch/Shares/hunter/obo-ci/data-all/base/ontologies/ddpheno/ddpheno_flat.owl
[INFO] Error stacktraces are turned on.
[INFO] Scanning for projects...
[INFO]                                                                         
[INFO] ------------------------------------------------------------------------
[INFO] Building incoherent-query 1.0
[INFO] ------------------------------------------------------------------------
[INFO] 
[INFO] --- exec-maven-plugin:1.1:exec (default-cli) @ incoherent-query ---
[INFO] /bin/sh: module: line 1: syntax error: unexpected end of file
[INFO] /bin/sh: error importing function definition for `BASH_FUNC_module'
[INFO] 2017-12-02 12:52:18,778 INFO  (ParserWrapper:75) Start loading ontology: file:/scratch/Shares/hunter/obo-ci/data-all/base/ontologies/ddpheno/ddpheno_flat.owl from: file:/scratch/Shares/hunter/obo-ci/data-all/base/ontologies/ddpheno/ddpheno_flat.owl
[INFO] 2017-12-02 12:52:21,097 INFO  (ParserWrapper:82) Finished loading ontology: http://purl.obolibrary.org/obo/ddpheno.owl from: file:/scratch/Shares/hunter/obo-ci/data-all/base/ontologies/ddpheno/ddpheno_flat.owl
[INFO] # PARSING: <http://www.w3.org/2002/07/owl#Nothing>
[INFO] 2017-12-02 12:52:21,422 INFO  (ManchesterSyntaxTool:130) parsing: <http://www.w3.org/2002/07/owl#Nothing>
[INFO] # QUERY: owl:Nothing owl:Nothing
[INFO] 2017-12-02 12:52:21,532 INFO  (ConfigurationFactory:83) Loading default configuration parameters for class org.semanticweb.elk.reasoner.config.ReasonerConfiguration
[INFO] 2017-12-02 12:52:22,492 INFO  (Reasoner:117) ELK reasoner was created
[INFO] 2017-12-02 12:52:22,497 INFO  (CommandRunner:6042) Created reasoner: org.semanticweb.elk.owlapi.ElkReasoner@1cbf6e72
[INFO] 2017-12-02 12:52:22,510 INFO  (LoggingStageExecutor:70) Loading of Axioms started
[INFO] 2017-12-02 12:52:22,528 INFO  (AbstractReasonerStage:161) Loading of Axioms using 64 workers
[INFO] 2017-12-02 12:52:22,584 INFO  (LoggingStageExecutor:103) Loading of Axioms took 69 ms
[INFO] 2017-12-02 12:52:22,585 INFO  (LoggingStageExecutor:70) Property Saturation Initialization started
[INFO] 2017-12-02 12:52:22,587 INFO  (AbstractReasonerStage:161) Property Saturation Initialization using 64 workers
[INFO] 2017-12-02 12:52:22,588 INFO  (LoggingStageExecutor:103) Property Saturation Initialization took 2 ms
[INFO] 2017-12-02 12:52:22,588 INFO  (LoggingStageExecutor:70) Reflexive Property Computation started
[INFO] 2017-12-02 12:52:22,615 INFO  (AbstractReasonerStage:161) Reflexive Property Computation using 64 workers
[INFO] 2017-12-02 12:52:22,653 INFO  (LoggingStageExecutor:103) Reflexive Property Computation took 64 ms
[INFO] 2017-12-02 12:52:22,654 INFO  (LoggingStageExecutor:70) Object Property Hierarchy and Composition Computation started
[INFO] 2017-12-02 12:52:22,672 INFO  (AbstractReasonerStage:161) Object Property Hierarchy and Composition Computation using 64 workers
[INFO] 2017-12-02 12:52:22,720 INFO  (LoggingStageExecutor:103) Object Property Hierarchy and Composition Computation took 64 ms
[INFO] 2017-12-02 12:52:22,720 INFO  (LoggingStageExecutor:70) Context Initialization started
[INFO] 2017-12-02 12:52:22,725 INFO  (AbstractReasonerStage:161) Context Initialization using 64 workers
[INFO] 2017-12-02 12:52:22,744 INFO  (LoggingStageExecutor:103) Context Initialization took 23 ms
[INFO] 2017-12-02 12:52:22,744 INFO  (LoggingStageExecutor:70) Consistency Checking started
[INFO] 2017-12-02 12:52:22,762 INFO  (AbstractReasonerStage:161) Consistency Checking using 64 workers
[INFO] 2017-12-02 12:52:22,797 INFO  (LoggingStageExecutor:103) Consistency Checking took 53 ms
[INFO] 2017-12-02 12:52:22,798 INFO  (LoggingStageExecutor:70) Class Taxonomy Computation started
[INFO] 2017-12-02 12:52:22,849 INFO  (AbstractReasonerStage:161) Class Taxonomy Computation using 64 workers
[INFO] 2017-12-02 12:52:22,937 INFO  (LoggingStageExecutor:103) Class Taxonomy Computation took 139 ms
[INFO] E: owl:Nothing owl:Nothing
[INFO] 2017-12-02 12:52:22,943 INFO  (CommandRunnerBase:78) disposing of org.semanticweb.elk.owlapi.ElkReasoner@1cbf6e72
[INFO] 2017-12-02 12:52:22,951 INFO  (Reasoner:231) ELK reasoner has shut down
[INFO] 2017-12-02 12:52:22,951 INFO  (CommandRunnerBase:70) disposing of org.semanticweb.elk.owlapi.ElkReasoner@1cbf6e72
[INFO] ------------------------------------------------------------------------
[INFO] BUILD SUCCESS
[INFO] ------------------------------------------------------------------------
[INFO] Total time: 8.013 s
[INFO] Finished at: 2017-12-02T12:52:23-07:00
[INFO] Final Memory: 21M/1963M
[INFO] ------------------------------------------------------------------------
Sat Dec  2 12:52:23 MST 2017
