Tue Oct 23 18:47:46 UTC 2018
Querying for incoherent classes in: /mnt/efsdata/obo-ci-data/base/ontologies/dideo/dideo_flat.owl
[INFO] Error stacktraces are turned on.
[INFO] Scanning for projects...
[INFO]                                                                         
[INFO] ------------------------------------------------------------------------
[INFO] Building incoherent-query 1.0
[INFO] ------------------------------------------------------------------------
[INFO] 
[INFO] --- exec-maven-plugin:1.1:exec (default-cli) @ incoherent-query ---
[INFO] 2018-10-23 18:47:50,081 INFO  (ParserWrapper:75) Start loading ontology: file:/mnt/efsdata/obo-ci-data/base/ontologies/dideo/dideo_flat.owl from: file:/mnt/efsdata/obo-ci-data/base/ontologies/dideo/dideo_flat.owl
[INFO] 2018-10-23 18:47:51,245 INFO  (ParserWrapper:82) Finished loading ontology: http://purl.obolibrary.org/obo/dideo.owl from: file:/mnt/efsdata/obo-ci-data/base/ontologies/dideo/dideo_flat.owl
[INFO] # PARSING: <http://www.w3.org/2002/07/owl#Nothing>
[INFO] 2018-10-23 18:47:51,294 INFO  (ManchesterSyntaxTool:130) parsing: <http://www.w3.org/2002/07/owl#Nothing>
[INFO] # QUERY: owl:Nothing owl:Nothing
[INFO] 2018-10-23 18:47:52,056 INFO  (CommandRunner:6042) Created reasoner: org.semanticweb.HermiT.Reasoner@6baf25d7
[INFO] E: owl:Nothing owl:Nothing
[INFO] 2018-10-23 18:47:55,696 INFO  (CommandRunnerBase:78) disposing of org.semanticweb.HermiT.Reasoner@6baf25d7
[INFO] 2018-10-23 18:47:55,696 INFO  (CommandRunnerBase:70) disposing of org.semanticweb.HermiT.Reasoner@6baf25d7
[INFO] ------------------------------------------------------------------------
[INFO] BUILD SUCCESS
[INFO] ------------------------------------------------------------------------
[INFO] Total time: 8.292s
[INFO] Finished at: Tue Oct 23 18:47:55 UTC 2018
[INFO] Final Memory: 5M/229M
[INFO] ------------------------------------------------------------------------
Tue Oct 23 18:47:55 UTC 2018
