Tue Oct 23 18:47:53 UTC 2018
Querying for incoherent classes in: /mnt/efsdata/obo-ci-data/base/ontologies/duo/duo_flat.owl
[INFO] Error stacktraces are turned on.
[INFO] Scanning for projects...
[INFO]                                                                         
[INFO] ------------------------------------------------------------------------
[INFO] Building incoherent-query 1.0
[INFO] ------------------------------------------------------------------------
[INFO] 
[INFO] --- exec-maven-plugin:1.1:exec (default-cli) @ incoherent-query ---
[INFO] 2018-10-23 18:47:57,254 INFO  (ParserWrapper:75) Start loading ontology: file:/mnt/efsdata/obo-ci-data/base/ontologies/duo/duo_flat.owl from: file:/mnt/efsdata/obo-ci-data/base/ontologies/duo/duo_flat.owl
[INFO] 2018-10-23 18:47:58,105 INFO  (ParserWrapper:82) Finished loading ontology: http://purl.obolibrary.org/obo/duo.owl from: file:/mnt/efsdata/obo-ci-data/base/ontologies/duo/duo_flat.owl
[INFO] # PARSING: <http://www.w3.org/2002/07/owl#Nothing>
[INFO] 2018-10-23 18:47:58,158 INFO  (ManchesterSyntaxTool:130) parsing: <http://www.w3.org/2002/07/owl#Nothing>
[INFO] # QUERY: owl:Nothing owl:Nothing
[INFO] 2018-10-23 18:47:58,833 INFO  (CommandRunner:6042) Created reasoner: org.semanticweb.HermiT.Reasoner@bd1111a
[INFO] E: owl:Nothing owl:Nothing
[INFO] 2018-10-23 18:47:59,792 INFO  (CommandRunnerBase:78) disposing of org.semanticweb.HermiT.Reasoner@bd1111a
[INFO] 2018-10-23 18:47:59,793 INFO  (CommandRunnerBase:70) disposing of org.semanticweb.HermiT.Reasoner@bd1111a
[INFO] ------------------------------------------------------------------------
[INFO] BUILD SUCCESS
[INFO] ------------------------------------------------------------------------
[INFO] Total time: 5.103s
[INFO] Finished at: Tue Oct 23 18:47:59 UTC 2018
[INFO] Final Memory: 6M/289M
[INFO] ------------------------------------------------------------------------
Tue Oct 23 18:47:59 UTC 2018
