Tue Oct 23 18:47:58 UTC 2018
Querying for incoherent classes in: /mnt/efsdata/obo-ci-data/base/ontologies/ehdaa2/ehdaa2_flat.owl
[INFO] Error stacktraces are turned on.
[INFO] Scanning for projects...
[INFO]                                                                         
[INFO] ------------------------------------------------------------------------
[INFO] Building incoherent-query 1.0
[INFO] ------------------------------------------------------------------------
[INFO] 
[INFO] --- exec-maven-plugin:1.1:exec (default-cli) @ incoherent-query ---
[INFO] 2018-10-23 18:48:02,472 INFO  (ParserWrapper:75) Start loading ontology: file:/mnt/efsdata/obo-ci-data/base/ontologies/ehdaa2/ehdaa2_flat.owl from: file:/mnt/efsdata/obo-ci-data/base/ontologies/ehdaa2/ehdaa2_flat.owl
[INFO] 2018-10-23 18:48:04,567 INFO  (ParserWrapper:82) Finished loading ontology: http://purl.obolibrary.org/obo/ehdaa2.owl from: file:/mnt/efsdata/obo-ci-data/base/ontologies/ehdaa2/ehdaa2_flat.owl
[INFO] # PARSING: <http://www.w3.org/2002/07/owl#Nothing>
[INFO] 2018-10-23 18:48:04,621 INFO  (ManchesterSyntaxTool:130) parsing: <http://www.w3.org/2002/07/owl#Nothing>
[INFO] # QUERY: owl:Nothing owl:Nothing
[INFO] 2018-10-23 18:48:04,658 INFO  (ConfigurationFactory:83) Loading default configuration parameters for class org.semanticweb.elk.reasoner.config.ReasonerConfiguration
[INFO] 2018-10-23 18:48:04,832 INFO  (Reasoner:117) ELK reasoner was created
[INFO] 2018-10-23 18:48:04,833 INFO  (CommandRunner:6042) Created reasoner: org.semanticweb.elk.owlapi.ElkReasoner@75f65e45
[INFO] 2018-10-23 18:48:04,834 INFO  (LoggingStageExecutor:70) Loading of Axioms started
[INFO] 2018-10-23 18:48:04,840 INFO  (AbstractReasonerStage:161) Loading of Axioms using 2 workers
[INFO] 2018-10-23 18:48:05,101 INFO  (LoggingStageExecutor:103) Loading of Axioms took 262 ms
[INFO] 2018-10-23 18:48:05,101 INFO  (LoggingStageExecutor:70) Property Saturation Initialization started
[INFO] 2018-10-23 18:48:05,102 INFO  (AbstractReasonerStage:161) Property Saturation Initialization using 2 workers
[INFO] 2018-10-23 18:48:05,103 INFO  (LoggingStageExecutor:103) Property Saturation Initialization took 1 ms
[INFO] 2018-10-23 18:48:05,103 INFO  (LoggingStageExecutor:70) Reflexive Property Computation started
[INFO] 2018-10-23 18:48:05,108 INFO  (AbstractReasonerStage:161) Reflexive Property Computation using 2 workers
[INFO] 2018-10-23 18:48:05,112 INFO  (LoggingStageExecutor:103) Reflexive Property Computation took 8 ms
[INFO] 2018-10-23 18:48:05,112 INFO  (LoggingStageExecutor:70) Object Property Hierarchy and Composition Computation started
[INFO] 2018-10-23 18:48:05,116 INFO  (AbstractReasonerStage:161) Object Property Hierarchy and Composition Computation using 2 workers
[INFO] 2018-10-23 18:48:05,120 INFO  (LoggingStageExecutor:103) Object Property Hierarchy and Composition Computation took 5 ms
[INFO] 2018-10-23 18:48:05,120 INFO  (LoggingStageExecutor:70) Context Initialization started
[INFO] 2018-10-23 18:48:05,121 INFO  (AbstractReasonerStage:161) Context Initialization using 2 workers
[INFO] 2018-10-23 18:48:05,123 INFO  (LoggingStageExecutor:103) Context Initialization took 3 ms
[INFO] 2018-10-23 18:48:05,123 INFO  (LoggingStageExecutor:70) Consistency Checking started
[INFO] 2018-10-23 18:48:05,128 INFO  (AbstractReasonerStage:161) Consistency Checking using 2 workers
[INFO] 2018-10-23 18:48:05,135 INFO  (LoggingStageExecutor:103) Consistency Checking took 11 ms
[INFO] 2018-10-23 18:48:05,135 INFO  (LoggingStageExecutor:70) Class Taxonomy Computation started
[INFO] 2018-10-23 18:48:05,147 INFO  (AbstractReasonerStage:161) Class Taxonomy Computation using 2 workers
[INFO] 2018-10-23 18:48:06,020 INFO  (LoggingStageExecutor:103) Class Taxonomy Computation took 884 ms
[INFO] E: owl:Nothing owl:Nothing
[INFO] 2018-10-23 18:48:06,024 INFO  (CommandRunnerBase:78) disposing of org.semanticweb.elk.owlapi.ElkReasoner@75f65e45
[INFO] 2018-10-23 18:48:06,029 INFO  (Reasoner:231) ELK reasoner has shut down
[INFO] 2018-10-23 18:48:06,029 INFO  (CommandRunnerBase:70) disposing of org.semanticweb.elk.owlapi.ElkReasoner@75f65e45
[INFO] ------------------------------------------------------------------------
[INFO] BUILD SUCCESS
[INFO] ------------------------------------------------------------------------
[INFO] Total time: 6.623s
[INFO] Finished at: Tue Oct 23 18:48:06 UTC 2018
[INFO] Final Memory: 6M/289M
[INFO] ------------------------------------------------------------------------
Tue Oct 23 18:48:06 UTC 2018
