Tue Oct 23 18:48:02 UTC 2018
Querying for incoherent classes in: /mnt/efsdata/obo-ci-data/base/ontologies/envo/envo_flat.owl
[INFO] Error stacktraces are turned on.
[INFO] Scanning for projects...
[INFO]                                                                         
[INFO] ------------------------------------------------------------------------
[INFO] Building incoherent-query 1.0
[INFO] ------------------------------------------------------------------------
[INFO] 
[INFO] --- exec-maven-plugin:1.1:exec (default-cli) @ incoherent-query ---
[INFO] 2018-10-23 18:48:06,569 INFO  (ParserWrapper:75) Start loading ontology: file:/mnt/efsdata/obo-ci-data/base/ontologies/envo/envo_flat.owl from: file:/mnt/efsdata/obo-ci-data/base/ontologies/envo/envo_flat.owl
[INFO] 2018-10-23 18:48:10,770 INFO  (ParserWrapper:82) Finished loading ontology: http://purl.obolibrary.org/obo/envo.owl from: file:/mnt/efsdata/obo-ci-data/base/ontologies/envo/envo_flat.owl
[INFO] # PARSING: <http://www.w3.org/2002/07/owl#Nothing>
[INFO] 2018-10-23 18:48:10,839 INFO  (ManchesterSyntaxTool:130) parsing: <http://www.w3.org/2002/07/owl#Nothing>
[INFO] # QUERY: owl:Nothing owl:Nothing
[INFO] 2018-10-23 18:48:10,914 INFO  (ConfigurationFactory:83) Loading default configuration parameters for class org.semanticweb.elk.reasoner.config.ReasonerConfiguration
[INFO] 2018-10-23 18:48:11,153 INFO  (Reasoner:117) ELK reasoner was created
[INFO] 2018-10-23 18:48:11,154 INFO  (CommandRunner:6042) Created reasoner: org.semanticweb.elk.owlapi.ElkReasoner@5b43fbf6
[INFO] 2018-10-23 18:48:11,156 INFO  (LoggingStageExecutor:70) Loading of Axioms started
[INFO] 2018-10-23 18:48:11,163 INFO  (AbstractReasonerStage:161) Loading of Axioms using 2 workers
[INFO] 2018-10-23 18:48:11,187 WARN  (ChangeIndexingProcessor:66) [reasoner.indexing.axiomIgnored]ELK does not support ObjectAllValuesFrom. Axiom ignored:
[INFO] EquivalentClasses(<http://purl.obolibrary.org/obo/FOODON_03413340> ObjectIntersectionOf(ObjectSomeValuesFrom(<http://purl.obolibrary.org/obo/FOODON_00001303> <http://purl.obolibrary.org/obo/NCBITaxon_4513>) ObjectAllValuesFrom(<http://purl.obolibrary.org/obo/FOODON_00001303> <http://purl.obolibrary.org/obo/NCBITaxon_4513>)))
[INFO] 2018-10-23 18:48:11,212 WARN  (ChangeIndexingProcessor:66) [reasoner.indexing.axiomIgnored]ELK does not support ObjectAllValuesFrom. Axiom ignored:
[INFO] EquivalentClasses(<http://purl.obolibrary.org/obo/FOODON_03413341> ObjectIntersectionOf(ObjectSomeValuesFrom(<http://purl.obolibrary.org/obo/FOODON_00001303> <http://purl.obolibrary.org/obo/NCBITaxon_4513>) ObjectAllValuesFrom(<http://purl.obolibrary.org/obo/FOODON_00001303> <http://purl.obolibrary.org/obo/NCBITaxon_4513>)))
[INFO] 2018-10-23 18:48:11,276 WARN  (IndexedObjectUnionOf:92) [reasoner.indexing.IndexedObjectUnionOf]ELK does not support positive occurrences of ObjectUnionOf. Reasoning might be incomplete!
[INFO] 2018-10-23 18:48:11,284 WARN  (IndexedObjectUnionOf:92) [reasoner.indexing.IndexedObjectUnionOf]ELK does not support positive occurrences of ObjectUnionOf. Reasoning might be incomplete!
[INFO] 2018-10-23 18:48:11,285 WARN  (IndexedObjectUnionOf:92) [reasoner.indexing.IndexedObjectUnionOf]ELK does not support positive occurrences of ObjectUnionOf. Reasoning might be incomplete!
[INFO] 2018-10-23 18:48:11,286 WARN  (IndexedObjectUnionOf:92) [reasoner.indexing.IndexedObjectUnionOf]ELK does not support positive occurrences of ObjectUnionOf. Reasoning might be incomplete!
[INFO] 2018-10-23 18:48:11,291 WARN  (ChangeIndexingProcessor:66) [reasoner.indexing.axiomIgnored]ELK does not support ObjectPropertyRange. Axiom ignored:
[INFO] ObjectPropertyRange(<http://purl.obolibrary.org/obo/RO_0002150> <http://purl.obolibrary.org/obo/BFO_0000004>)
[INFO] 2018-10-23 18:48:11,294 WARN  (IndexedObjectUnionOf:92) [reasoner.indexing.IndexedObjectUnionOf]ELK does not support positive occurrences of ObjectUnionOf. Reasoning might be incomplete!
[INFO] 2018-10-23 18:48:11,300 WARN  (IndexedObjectUnionOf:92) [reasoner.indexing.IndexedObjectUnionOf]ELK does not support positive occurrences of ObjectUnionOf. Reasoning might be incomplete!
[INFO] 2018-10-23 18:48:11,303 WARN  (ChangeIndexingProcessor:66) [reasoner.indexing.axiomIgnored]ELK does not support ObjectMinCardinality. Axiom ignored:
[INFO] SubClassOf(<http://purl.obolibrary.org/obo/ENVO_00000045> ObjectMinCardinality(1 <http://purl.obolibrary.org/obo/RO_0002151>))
[INFO] 2018-10-23 18:48:11,303 WARN  (IndexedObjectUnionOf:92) [reasoner.indexing.IndexedObjectUnionOf]ELK does not support positive occurrences of ObjectUnionOf. Reasoning might be incomplete!
[INFO] 2018-10-23 18:48:11,305 WARN  (IndexedObjectUnionOf:92) [reasoner.indexing.IndexedObjectUnionOf]ELK does not support positive occurrences of ObjectUnionOf. Reasoning might be incomplete!
[INFO] 2018-10-23 18:48:11,312 WARN  (IndexedObjectUnionOf:92) [reasoner.indexing.IndexedObjectUnionOf]ELK does not support positive occurrences of ObjectUnionOf. Reasoning might be incomplete!
[INFO] 2018-10-23 18:48:11,314 WARN  (IndexedObjectUnionOf:92) [reasoner.indexing.IndexedObjectUnionOf]ELK does not support positive occurrences of ObjectUnionOf. Reasoning might be incomplete!
[INFO] 2018-10-23 18:48:11,316 WARN  (IndexedObjectUnionOf:92) [reasoner.indexing.IndexedObjectUnionOf]ELK does not support positive occurrences of ObjectUnionOf. Reasoning might be incomplete!
[INFO] 2018-10-23 18:48:11,316 WARN  (IndexedObjectUnionOf:92) [reasoner.indexing.IndexedObjectUnionOf]ELK does not support positive occurrences of ObjectUnionOf. Reasoning might be incomplete!
[INFO] 2018-10-23 18:48:11,323 WARN  (IndexedObjectUnionOf:92) [reasoner.indexing.IndexedObjectUnionOf]ELK does not support positive occurrences of ObjectUnionOf. Reasoning might be incomplete!
[INFO] 2018-10-23 18:48:11,323 WARN  (IndexedObjectUnionOf:92) [reasoner.indexing.IndexedObjectUnionOf]ELK does not support positive occurrences of ObjectUnionOf. Reasoning might be incomplete!
[INFO] 2018-10-23 18:48:11,327 WARN  (ChangeIndexingProcessor:66) [reasoner.indexing.axiomIgnored]ELK does not support ObjectAllValuesFrom. Axiom ignored:
[INFO] EquivalentClasses(<http://purl.obolibrary.org/obo/FOODON_03412415> ObjectIntersectionOf(ObjectSomeValuesFrom(<http://purl.obolibrary.org/obo/FOODON_00001303> <http://purl.obolibrary.org/obo/NCBITaxon_3712>) ObjectAllValuesFrom(<http://purl.obolibrary.org/obo/FOODON_00001303> <http://purl.obolibrary.org/obo/NCBITaxon_3712>)))
[INFO] 2018-10-23 18:48:11,328 WARN  (IndexedObjectUnionOf:92) [reasoner.indexing.IndexedObjectUnionOf]ELK does not support positive occurrences of ObjectUnionOf. Reasoning might be incomplete!
[INFO] 2018-10-23 18:48:11,330 WARN  (IndexedObjectUnionOf:92) [reasoner.indexing.IndexedObjectUnionOf]ELK does not support positive occurrences of ObjectUnionOf. Reasoning might be incomplete!
[INFO] 2018-10-23 18:48:11,332 WARN  (IndexedObjectUnionOf:92) [reasoner.indexing.IndexedObjectUnionOf]ELK does not support positive occurrences of ObjectUnionOf. Reasoning might be incomplete!
[INFO] 2018-10-23 18:48:11,333 WARN  (IndexedObjectUnionOf:92) [reasoner.indexing.IndexedObjectUnionOf]ELK does not support positive occurrences of ObjectUnionOf. Reasoning might be incomplete!
[INFO] 2018-10-23 18:48:11,336 WARN  (ChangeIndexingProcessor:66) [reasoner.indexing.axiomIgnored]ELK does not support ObjectAllValuesFrom. Axiom ignored:
[INFO] EquivalentClasses(<http://purl.obolibrary.org/obo/FOODON_03411161> ObjectIntersectionOf(ObjectSomeValuesFrom(<http://purl.obolibrary.org/obo/FOODON_00001303> <http://purl.obolibrary.org/obo/NCBITaxon_9913>) ObjectAllValuesFrom(<http://purl.obolibrary.org/obo/FOODON_00001303> <http://purl.obolibrary.org/obo/NCBITaxon_9913>)))
[INFO] 2018-10-23 18:48:11,337 WARN  (ChangeIndexingProcessor:66) [reasoner.indexing.axiomIgnored]ELK does not support ObjectAllValuesFrom. Axiom ignored:
[INFO] EquivalentClasses(<http://purl.obolibrary.org/obo/FOODON_03413367> ObjectIntersectionOf(ObjectSomeValuesFrom(<http://purl.obolibrary.org/obo/FOODON_00001303> <http://purl.obolibrary.org/obo/NCBITaxon_9913>) ObjectAllValuesFrom(<http://purl.obolibrary.org/obo/FOODON_00001303> <http://purl.obolibrary.org/obo/NCBITaxon_9913>)))
[INFO] 2018-10-23 18:48:11,340 WARN  (ChangeIndexingProcessor:66) [reasoner.indexing.axiomIgnored]ELK does not support ObjectPropertyRange. Axiom ignored:
[INFO] ObjectPropertyRange(<http://purl.obolibrary.org/obo/RO_0009501> <http://purl.obolibrary.org/obo/BFO_0000015>)
[INFO] 2018-10-23 18:48:11,346 WARN  (ChangeIndexingProcessor:66) [reasoner.indexing.axiomIgnored]ELK does not support ObjectMinCardinality. Axiom ignored:
[INFO] SubClassOf(<http://purl.obolibrary.org/obo/ENVO_01000804> ObjectMinCardinality(1 <http://purl.obolibrary.org/obo/BFO_0000051>))
[INFO] 2018-10-23 18:48:11,347 WARN  (ChangeIndexingProcessor:66) [reasoner.indexing.axiomIgnored]ELK does not support ObjectPropertyRange. Axiom ignored:
[INFO] ObjectPropertyRange(<http://purl.obolibrary.org/obo/RO_0002501> <http://purl.obolibrary.org/obo/BFO_0000003>)
[INFO] 2018-10-23 18:48:11,353 WARN  (IndexedObjectUnionOf:92) [reasoner.indexing.IndexedObjectUnionOf]ELK does not support positive occurrences of ObjectUnionOf. Reasoning might be incomplete!
[INFO] 2018-10-23 18:48:11,354 WARN  (ChangeIndexingProcessor:66) [reasoner.indexing.axiomIgnored]ELK does not support ObjectAllValuesFrom. Axiom ignored:
[INFO] EquivalentClasses(<http://purl.obolibrary.org/obo/FOODON_03411078> ObjectIntersectionOf(ObjectSomeValuesFrom(<http://purl.obolibrary.org/obo/FOODON_00001303> <http://purl.obolibrary.org/obo/NCBITaxon_4081>) ObjectAllValuesFrom(<http://purl.obolibrary.org/obo/FOODON_00001303> <http://purl.obolibrary.org/obo/NCBITaxon_4081>)))
[INFO] 2018-10-23 18:48:11,355 WARN  (ChangeIndexingProcessor:66) [reasoner.indexing.axiomIgnored]ELK does not support ObjectPropertyRange. Axiom ignored:
[INFO] ObjectPropertyRange(<http://purl.obolibrary.org/obo/RO_0002008> ObjectIntersectionOf(<http://purl.obolibrary.org/obo/BFO_0000002> ObjectSomeValuesFrom(<http://purl.obolibrary.org/obo/RO_0000053> <http://purl.obolibrary.org/obo/PATO_0001199>)))
[INFO] 2018-10-23 18:48:11,355 WARN  (IndexedObjectUnionOf:92) [reasoner.indexing.IndexedObjectUnionOf]ELK does not support positive occurrences of ObjectUnionOf. Reasoning might be incomplete!
[INFO] 2018-10-23 18:48:11,358 WARN  (IndexedObjectUnionOf:92) [reasoner.indexing.IndexedObjectUnionOf]ELK does not support positive occurrences of ObjectUnionOf. Reasoning might be incomplete!
[INFO] 2018-10-23 18:48:11,360 WARN  (IndexedObjectUnionOf:92) [reasoner.indexing.IndexedObjectUnionOf]ELK does not support positive occurrences of ObjectUnionOf. Reasoning might be incomplete!
[INFO] 2018-10-23 18:48:11,361 WARN  (ChangeIndexingProcessor:66) [reasoner.indexing.axiomIgnored]ELK does not support ObjectAllValuesFrom. Axiom ignored:
[INFO] EquivalentClasses(<http://purl.obolibrary.org/obo/FOODON_03413346> ObjectIntersectionOf(ObjectSomeValuesFrom(<http://purl.obolibrary.org/obo/FOODON_00001303> <http://purl.obolibrary.org/obo/NCBITaxon_283210>) ObjectAllValuesFrom(<http://purl.obolibrary.org/obo/FOODON_00001303> <http://purl.obolibrary.org/obo/NCBITaxon_283210>)))
[INFO] 2018-10-23 18:48:11,361 WARN  (IndexedObjectUnionOf:92) [reasoner.indexing.IndexedObjectUnionOf]ELK does not support positive occurrences of ObjectUnionOf. Reasoning might be incomplete!
[INFO] 2018-10-23 18:48:11,375 WARN  (ChangeIndexingProcessor:66) [reasoner.indexing.axiomIgnored]ELK does not support ObjectAllValuesFrom. Axiom ignored:
[INFO] EquivalentClasses(<http://purl.obolibrary.org/obo/FOODON_03412248> ObjectIntersectionOf(ObjectSomeValuesFrom(<http://purl.obolibrary.org/obo/FOODON_00001303> <http://purl.obolibrary.org/obo/NCBITaxon_9823>) ObjectAllValuesFrom(<http://purl.obolibrary.org/obo/FOODON_00001303> <http://purl.obolibrary.org/obo/NCBITaxon_9823>)))
[INFO] 2018-10-23 18:48:11,379 WARN  (IndexedObjectUnionOf:92) [reasoner.indexing.IndexedObjectUnionOf]ELK does not support positive occurrences of ObjectUnionOf. Reasoning might be incomplete!
[INFO] 2018-10-23 18:48:11,384 WARN  (IndexedObjectUnionOf:92) [reasoner.indexing.IndexedObjectUnionOf]ELK does not support positive occurrences of ObjectUnionOf. Reasoning might be incomplete!
[INFO] 2018-10-23 18:48:11,385 WARN  (IndexedObjectUnionOf:92) [reasoner.indexing.IndexedObjectUnionOf]ELK does not support positive occurrences of ObjectUnionOf. Reasoning might be incomplete!
[INFO] 2018-10-23 18:48:11,386 WARN  (ChangeIndexingProcessor:66) [reasoner.indexing.axiomIgnored]ELK does not support InverseObjectProperties. Axiom ignored:
[INFO] InverseObjectProperties(<http://purl.obolibrary.org/obo/RO_0002327> <http://purl.obolibrary.org/obo/RO_0002333>)
[INFO] 2018-10-23 18:48:11,386 WARN  (IndexedObjectUnionOf:92) [reasoner.indexing.IndexedObjectUnionOf]ELK does not support positive occurrences of ObjectUnionOf. Reasoning might be incomplete!
[INFO] 2018-10-23 18:48:11,393 WARN  (ChangeIndexingProcessor:66) [reasoner.indexing.axiomIgnored]ELK does not support ObjectAllValuesFrom. Axiom ignored:
[INFO] EquivalentClasses(<http://purl.obolibrary.org/obo/FOODON_03411281> ObjectIntersectionOf(ObjectSomeValuesFrom(<http://purl.obolibrary.org/obo/FOODON_00001303> <http://purl.obolibrary.org/obo/NCBITaxon_3712>) ObjectAllValuesFrom(<http://purl.obolibrary.org/obo/FOODON_00001303> <http://purl.obolibrary.org/obo/NCBITaxon_3712>)))
[INFO] 2018-10-23 18:48:11,396 WARN  (IndexedObjectUnionOf:92) [reasoner.indexing.IndexedObjectUnionOf]ELK does not support positive occurrences of ObjectUnionOf. Reasoning might be incomplete!
[INFO] 2018-10-23 18:48:11,397 WARN  (ChangeIndexingProcessor:66) [reasoner.indexing.axiomIgnored]ELK does not support ObjectAllValuesFrom. Axiom ignored:
[INFO] EquivalentClasses(<http://purl.obolibrary.org/obo/FOODON_03411276> ObjectIntersectionOf(ObjectSomeValuesFrom(<http://purl.obolibrary.org/obo/FOODON_00001303> <http://purl.obolibrary.org/obo/NCBITaxon_4081>) ObjectAllValuesFrom(<http://purl.obolibrary.org/obo/FOODON_00001303> <http://purl.obolibrary.org/obo/NCBITaxon_4081>)))
[INFO] 2018-10-23 18:48:11,401 WARN  (IndexedObjectUnionOf:92) [reasoner.indexing.IndexedObjectUnionOf]ELK does not support positive occurrences of ObjectUnionOf. Reasoning might be incomplete!
[INFO] 2018-10-23 18:48:11,402 WARN  (ChangeIndexingProcessor:66) [reasoner.indexing.axiomIgnored]ELK does not support ObjectPropertyRange. Axiom ignored:
[INFO] ObjectPropertyRange(<http://purl.obolibrary.org/obo/RO_0002258> <http://purl.obolibrary.org/obo/BFO_0000002>)
[INFO] 2018-10-23 18:48:11,403 WARN  (IndexedObjectUnionOf:92) [reasoner.indexing.IndexedObjectUnionOf]ELK does not support positive occurrences of ObjectUnionOf. Reasoning might be incomplete!
[INFO] 2018-10-23 18:48:11,404 WARN  (ChangeIndexingProcessor:66) [reasoner.indexing.axiomIgnored]ELK does not support InverseObjectProperties. Axiom ignored:
[INFO] InverseObjectProperties(<http://purl.obolibrary.org/obo/RO_0002350> <http://purl.obolibrary.org/obo/RO_0002351>)
[INFO] 2018-10-23 18:48:11,407 WARN  (ChangeIndexingProcessor:66) [reasoner.indexing.axiomIgnored]ELK does not support ObjectMinCardinality. Axiom ignored:
[INFO] SubClassOf(<http://purl.obolibrary.org/obo/ENVO_00000479> ObjectMinCardinality(2 <http://purl.obolibrary.org/obo/RO_0002131>))
[INFO] 2018-10-23 18:48:11,408 WARN  (IndexedObjectUnionOf:92) [reasoner.indexing.IndexedObjectUnionOf]ELK does not support positive occurrences of ObjectUnionOf. Reasoning might be incomplete!
[INFO] 2018-10-23 18:48:11,409 WARN  (ChangeIndexingProcessor:66) [reasoner.indexing.axiomIgnored]ELK does not support ObjectMinCardinality. Axiom ignored:
[INFO] SubClassOf(<http://purl.obolibrary.org/obo/ENVO_01001066> ObjectMinCardinality(2 <http://purl.obolibrary.org/obo/RO_0000057>))
[INFO] 2018-10-23 18:48:11,412 WARN  (ChangeIndexingProcessor:66) [reasoner.indexing.axiomIgnored]ELK does not support ObjectPropertyRange. Axiom ignored:
[INFO] ObjectPropertyRange(<http://purl.obolibrary.org/obo/RO_0002506> <http://purl.obolibrary.org/obo/BFO_0000040>)
[INFO] 2018-10-23 18:48:11,414 WARN  (ChangeIndexingProcessor:66) [reasoner.indexing.axiomIgnored]ELK does not support ObjectMinCardinality. Axiom ignored:
[INFO] SubClassOf(<http://purl.obolibrary.org/obo/ENVO_00000080> ObjectMinCardinality(2 <http://purl.obolibrary.org/obo/RO_0002131>))
[INFO] 2018-10-23 18:48:11,416 WARN  (ChangeIndexingProcessor:66) [reasoner.indexing.axiomIgnored]ELK does not support ObjectPropertyRange. Axiom ignored:
[INFO] ObjectPropertyRange(<http://purl.obolibrary.org/obo/RO_0002507> <http://purl.obolibrary.org/obo/BFO_0000040>)
[INFO] 2018-10-23 18:48:11,420 WARN  (ChangeIndexingProcessor:66) [reasoner.indexing.axiomIgnored]ELK does not support ObjectAllValuesFrom. Axiom ignored:
[INFO] EquivalentClasses(<http://purl.obolibrary.org/obo/FOODON_03411367> ObjectIntersectionOf(ObjectSomeValuesFrom(<http://purl.obolibrary.org/obo/FOODON_00001303> <http://purl.obolibrary.org/obo/NCBITaxon_3906>) ObjectAllValuesFrom(<http://purl.obolibrary.org/obo/FOODON_00001303> <http://purl.obolibrary.org/obo/NCBITaxon_3906>)))
[INFO] 2018-10-23 18:48:11,422 WARN  (ChangeIndexingProcessor:66) [reasoner.indexing.axiomIgnored]ELK does not support ObjectPropertyRange. Axiom ignored:
[INFO] ObjectPropertyRange(<http://purl.obolibrary.org/obo/RO_0002595> <http://purl.obolibrary.org/obo/BFO_0000015>)
[INFO] 2018-10-23 18:48:11,425 WARN  (ChangeIndexingProcessor:66) [reasoner.indexing.axiomIgnored]ELK does not support ObjectPropertyRange. Axiom ignored:
[INFO] ObjectPropertyRange(<http://purl.obolibrary.org/obo/RO_0002509> <http://purl.obolibrary.org/obo/BFO_0000040>)
[INFO] 2018-10-23 18:48:11,426 WARN  (IndexedObjectUnionOf:92) [reasoner.indexing.IndexedObjectUnionOf]ELK does not support positive occurrences of ObjectUnionOf. Reasoning might be incomplete!
[INFO] 2018-10-23 18:48:11,430 WARN  (ChangeIndexingProcessor:66) [reasoner.indexing.axiomIgnored]ELK does not support ObjectAllValuesFrom. Axiom ignored:
[INFO] EquivalentClasses(<http://purl.obolibrary.org/obo/FOODON_03411663> ObjectIntersectionOf(ObjectSomeValuesFrom(<http://purl.obolibrary.org/obo/FOODON_00001303> <http://purl.obolibrary.org/obo/NCBITaxon_3906>) ObjectAllValuesFrom(<http://purl.obolibrary.org/obo/FOODON_00001303> <http://purl.obolibrary.org/obo/NCBITaxon_3906>)))
[INFO] 2018-10-23 18:48:11,430 WARN  (ChangeIndexingProcessor:66) [reasoner.indexing.axiomIgnored]ELK does not support ObjectPropertyRange. Axiom ignored:
[INFO] ObjectPropertyRange(<http://purl.obolibrary.org/obo/RO_0002211> <http://purl.obolibrary.org/obo/BFO_0000015>)
[INFO] 2018-10-23 18:48:11,431 WARN  (IndexedObjectUnionOf:92) [reasoner.indexing.IndexedObjectUnionOf]ELK does not support positive occurrences of ObjectUnionOf. Reasoning might be incomplete!
[INFO] 2018-10-23 18:48:11,433 WARN  (ChangeIndexingProcessor:66) [reasoner.indexing.axiomIgnored]ELK does not support DataPropertyDomain. Axiom ignored:
[INFO] DataPropertyDomain(<http://purl.obolibrary.org/obo/IAO_0000004> <http://purl.obolibrary.org/obo/IAO_0000032>)
[INFO] 2018-10-23 18:48:11,436 WARN  (ChangeIndexingProcessor:66) [reasoner.indexing.axiomIgnored]ELK does not support ObjectMinCardinality. Axiom ignored:
[INFO] SubClassOf(<http://purl.obolibrary.org/obo/ENVO_00000478> ObjectMinCardinality(2 <http://purl.obolibrary.org/obo/RO_0002131>))
[INFO] 2018-10-23 18:48:11,436 WARN  (ChangeIndexingProcessor:66) [reasoner.indexing.axiomIgnored]ELK does not support ObjectAllValuesFrom. Axiom ignored:
[INFO] EquivalentClasses(<http://purl.obolibrary.org/obo/FOODON_03411322> ObjectIntersectionOf(ObjectSomeValuesFrom(<http://purl.obolibrary.org/obo/FOODON_00001303> <http://purl.obolibrary.org/obo/NCBITaxon_4530>) ObjectAllValuesFrom(<http://purl.obolibrary.org/obo/FOODON_00001303> <http://purl.obolibrary.org/obo/NCBITaxon_4530>)))
[INFO] 2018-10-23 18:48:11,454 WARN  (ChangeIndexingProcessor:66) [reasoner.indexing.axiomIgnored]ELK does not support ObjectPropertyRange. Axiom ignored:
[INFO] ObjectPropertyRange(<http://purl.obolibrary.org/obo/BFO_0000054> <http://purl.obolibrary.org/obo/BFO_0000015>)
[INFO] 2018-10-23 18:48:11,455 WARN  (ChangeIndexingProcessor:66) [reasoner.indexing.axiomIgnored]ELK does not support InverseObjectProperties. Axiom ignored:
[INFO] InverseObjectProperties(<http://purl.obolibrary.org/obo/RO_0002500> <http://purl.obolibrary.org/obo/RO_0002608>)
[INFO] 2018-10-23 18:48:11,458 WARN  (ChangeIndexingProcessor:66) [reasoner.indexing.axiomIgnored]ELK does not support ObjectInverseOf. Axiom ignored:
[INFO] DisjointObjectProperties(<http://purl.obolibrary.org/obo/RO_0000052> ObjectInverseOf(<http://purl.obolibrary.org/obo/RO_0000053>))
[INFO] 2018-10-23 18:48:11,459 WARN  (ChangeIndexingProcessor:66) [reasoner.indexing.axiomIgnored]ELK does not support ObjectPropertyRange. Axiom ignored:
[INFO] ObjectPropertyRange(<http://purl.obolibrary.org/obo/BFO_0000055> <http://purl.obolibrary.org/obo/BFO_0000017>)
[INFO] 2018-10-23 18:48:11,463 WARN  (IndexedObjectUnionOf:92) [reasoner.indexing.IndexedObjectUnionOf]ELK does not support positive occurrences of ObjectUnionOf. Reasoning might be incomplete!
[INFO] 2018-10-23 18:48:11,463 WARN  (IndexedObjectComplementOf:84) [reasoner.indexing.IndexedObjectComplementOf]ELK does not support negative occurrences of ObjectComplementOf. Reasoning might be incomplete!
[INFO] 2018-10-23 18:48:11,464 WARN  (ChangeIndexingProcessor:66) [reasoner.indexing.axiomIgnored]ELK does not support ObjectPropertyRange. Axiom ignored:
[INFO] ObjectPropertyRange(<http://purl.obolibrary.org/obo/RO_0002215> <http://purl.obolibrary.org/obo/BFO_0000015>)
[INFO] 2018-10-23 18:48:11,486 WARN  (ChangeIndexingProcessor:66) [reasoner.indexing.axiomIgnored]ELK does not support ObjectMinCardinality. Axiom ignored:
[INFO] SubClassOf(<http://purl.obolibrary.org/obo/UBERON_0004111> ObjectIntersectionOf(ObjectMinCardinality(2 <http://purl.obolibrary.org/obo/RO_0002176>) ObjectMaxCardinality(2 <http://purl.obolibrary.org/obo/RO_0002176>)))
[INFO] 2018-10-23 18:48:11,492 WARN  (ChangeIndexingProcessor:66) [reasoner.indexing.axiomIgnored]ELK does not support ObjectAllValuesFrom. Axiom ignored:
[INFO] EquivalentClasses(<http://purl.obolibrary.org/obo/FOODON_03411726> ObjectIntersectionOf(ObjectSomeValuesFrom(<http://purl.obolibrary.org/obo/FOODON_00001303> <http://purl.obolibrary.org/obo/NCBITaxon_3891>) ObjectAllValuesFrom(<http://purl.obolibrary.org/obo/FOODON_00001303> <http://purl.obolibrary.org/obo/NCBITaxon_3891>)))
[INFO] 2018-10-23 18:48:11,502 WARN  (IndexedObjectUnionOf:92) [reasoner.indexing.IndexedObjectUnionOf]ELK does not support positive occurrences of ObjectUnionOf. Reasoning might be incomplete!
[INFO] 2018-10-23 18:48:11,504 WARN  (ChangeIndexingProcessor:66) [reasoner.indexing.axiomIgnored]ELK does not support ObjectAllValuesFrom. Axiom ignored:
[INFO] EquivalentClasses(<http://purl.obolibrary.org/obo/FOODON_00001155> ObjectIntersectionOf(ObjectSomeValuesFrom(<http://purl.obolibrary.org/obo/FOODON_00001303> <http://purl.obolibrary.org/obo/NCBITaxon_3654>) ObjectAllValuesFrom(<http://purl.obolibrary.org/obo/FOODON_00001303> <http://purl.obolibrary.org/obo/NCBITaxon_3654>)))
[INFO] 2018-10-23 18:48:11,504 WARN  (ChangeIndexingProcessor:66) [reasoner.indexing.axiomIgnored]ELK does not support ObjectAllValuesFrom. Axiom ignored:
[INFO] EquivalentClasses(<http://purl.obolibrary.org/obo/FOODON_03412421> ObjectIntersectionOf(ObjectSomeValuesFrom(<http://purl.obolibrary.org/obo/FOODON_00001303> <http://purl.obolibrary.org/obo/NCBITaxon_3712>) ObjectAllValuesFrom(<http://purl.obolibrary.org/obo/FOODON_00001303> <http://purl.obolibrary.org/obo/NCBITaxon_3712>)))
[INFO] 2018-10-23 18:48:11,506 WARN  (IndexedObjectUnionOf:92) [reasoner.indexing.IndexedObjectUnionOf]ELK does not support positive occurrences of ObjectUnionOf. Reasoning might be incomplete!
[INFO] 2018-10-23 18:48:11,511 WARN  (ChangeIndexingProcessor:66) [reasoner.indexing.axiomIgnored]ELK does not support ObjectAllValuesFrom. Axiom ignored:
[INFO] EquivalentClasses(<http://purl.obolibrary.org/obo/FOODON_03414325> ObjectIntersectionOf(ObjectSomeValuesFrom(<http://purl.obolibrary.org/obo/FOODON_00001303> <http://purl.obolibrary.org/obo/NCBITaxon_4081>) ObjectAllValuesFrom(<http://purl.obolibrary.org/obo/FOODON_00001303> <http://purl.obolibrary.org/obo/NCBITaxon_4081>)))
[INFO] 2018-10-23 18:48:11,511 WARN  (IndexedObjectUnionOf:92) [reasoner.indexing.IndexedObjectUnionOf]ELK does not support positive occurrences of ObjectUnionOf. Reasoning might be incomplete!
[INFO] 2018-10-23 18:48:11,513 WARN  (ChangeIndexingProcessor:66) [reasoner.indexing.axiomIgnored]ELK does not support ObjectAllValuesFrom. Axiom ignored:
[INFO] EquivalentClasses(<http://purl.obolibrary.org/obo/FOODON_03411136> ObjectIntersectionOf(ObjectSomeValuesFrom(<http://purl.obolibrary.org/obo/FOODON_00001303> <http://purl.obolibrary.org/obo/NCBITaxon_9823>) ObjectAllValuesFrom(<http://purl.obolibrary.org/obo/FOODON_00001303> <http://purl.obolibrary.org/obo/NCBITaxon_9823>)))
[INFO] 2018-10-23 18:48:11,513 WARN  (IndexedObjectUnionOf:92) [reasoner.indexing.IndexedObjectUnionOf]ELK does not support positive occurrences of ObjectUnionOf. Reasoning might be incomplete!
[INFO] 2018-10-23 18:48:11,516 WARN  (IndexedObjectUnionOf:92) [reasoner.indexing.IndexedObjectUnionOf]ELK does not support positive occurrences of ObjectUnionOf. Reasoning might be incomplete!
[INFO] 2018-10-23 18:48:11,517 WARN  (ChangeIndexingProcessor:66) [reasoner.indexing.axiomIgnored]ELK does not support FunctionalDataProperty. Axiom ignored:
[INFO] FunctionalDataProperty(<http://purl.obolibrary.org/obo/IAO_0000004>)
[INFO] 2018-10-23 18:48:11,518 WARN  (IndexedObjectComplementOf:84) [reasoner.indexing.IndexedObjectComplementOf]ELK does not support negative occurrences of ObjectComplementOf. Reasoning might be incomplete!
[INFO] 2018-10-23 18:48:11,519 WARN  (IndexedObjectUnionOf:92) [reasoner.indexing.IndexedObjectUnionOf]ELK does not support positive occurrences of ObjectUnionOf. Reasoning might be incomplete!
[INFO] 2018-10-23 18:48:11,524 WARN  (ChangeIndexingProcessor:66) [reasoner.indexing.axiomIgnored]ELK does not support ObjectAllValuesFrom. Axiom ignored:
[INFO] EquivalentClasses(<http://purl.obolibrary.org/obo/FOODON_03412072> ObjectIntersectionOf(ObjectSomeValuesFrom(<http://purl.obolibrary.org/obo/FOODON_00001303> <http://purl.obolibrary.org/obo/NCBITaxon_3712>) ObjectAllValuesFrom(<http://purl.obolibrary.org/obo/FOODON_00001303> <http://purl.obolibrary.org/obo/NCBITaxon_3712>)))
[INFO] 2018-10-23 18:48:11,524 WARN  (IndexedObjectUnionOf:92) [reasoner.indexing.IndexedObjectUnionOf]ELK does not support positive occurrences of ObjectUnionOf. Reasoning might be incomplete!
[INFO] 2018-10-23 18:48:11,525 WARN  (ChangeIndexingProcessor:66) [reasoner.indexing.axiomIgnored]ELK does not support ObjectPropertyRange. Axiom ignored:
[INFO] ObjectPropertyRange(<http://purl.obolibrary.org/obo/RO_0000057> <http://purl.obolibrary.org/obo/BFO_0000002>)
[INFO] 2018-10-23 18:48:11,526 WARN  (ChangeIndexingProcessor:66) [reasoner.indexing.axiomIgnored]ELK does not support ObjectPropertyRange. Axiom ignored:
[INFO] ObjectPropertyRange(<http://purl.obolibrary.org/obo/BFO_0000062> <http://purl.obolibrary.org/obo/BFO_0000003>)
[INFO] 2018-10-23 18:48:11,527 WARN  (ChangeIndexingProcessor:66) [reasoner.indexing.axiomIgnored]ELK does not support ObjectAllValuesFrom. Axiom ignored:
[INFO] EquivalentClasses(<http://purl.obolibrary.org/obo/FOODON_03413418> ObjectIntersectionOf(ObjectSomeValuesFrom(<http://purl.obolibrary.org/obo/FOODON_00001303> <http://purl.obolibrary.org/obo/NCBITaxon_115715>) ObjectAllValuesFrom(<http://purl.obolibrary.org/obo/FOODON_00001303> <http://purl.obolibrary.org/obo/NCBITaxon_115715>)))
[INFO] 2018-10-23 18:48:11,527 WARN  (ChangeIndexingProcessor:66) [reasoner.indexing.axiomIgnored]ELK does not support ObjectMinCardinality. Axiom ignored:
[INFO] SubClassOf(<http://purl.obolibrary.org/obo/ENVO_01000899> ObjectMinCardinality(2 <http://purl.obolibrary.org/obo/RO_0000057>))
[INFO] 2018-10-23 18:48:11,528 WARN  (IndexedObjectUnionOf:92) [reasoner.indexing.IndexedObjectUnionOf]ELK does not support positive occurrences of ObjectUnionOf. Reasoning might be incomplete!
[INFO] 2018-10-23 18:48:11,532 WARN  (ChangeIndexingProcessor:66) [reasoner.indexing.axiomIgnored]ELK does not support ObjectPropertyRange. Axiom ignored:
[INFO] ObjectPropertyRange(<http://purl.obolibrary.org/obo/RO_0000056> <http://purl.obolibrary.org/obo/BFO_0000003>)
[INFO] 2018-10-23 18:48:11,533 WARN  (ChangeIndexingProcessor:66) [reasoner.indexing.axiomIgnored]ELK does not support ObjectPropertyRange. Axiom ignored:
[INFO] ObjectPropertyRange(<http://purl.obolibrary.org/obo/BFO_0000063> <http://purl.obolibrary.org/obo/BFO_0000003>)
[INFO] 2018-10-23 18:48:11,534 WARN  (IndexedObjectUnionOf:92) [reasoner.indexing.IndexedObjectUnionOf]ELK does not support positive occurrences of ObjectUnionOf. Reasoning might be incomplete!
[INFO] 2018-10-23 18:48:11,535 WARN  (ChangeIndexingProcessor:66) [reasoner.indexing.axiomIgnored]ELK does not support DifferentIndividuals. Axiom ignored:
[INFO] DifferentIndividuals(<http://purl.obolibrary.org/obo/IAO_0000120> <http://purl.obolibrary.org/obo/IAO_0000121> <http://purl.obolibrary.org/obo/IAO_0000122> <http://purl.obolibrary.org/obo/IAO_0000123> <http://purl.obolibrary.org/obo/IAO_0000124> <http://purl.obolibrary.org/obo/IAO_0000125> <http://purl.obolibrary.org/obo/IAO_0000423> <http://purl.obolibrary.org/obo/IAO_0000428>)
[INFO] 2018-10-23 18:48:11,536 WARN  (ChangeIndexingProcessor:66) [reasoner.indexing.axiomIgnored]ELK does not support ObjectPropertyRange. Axiom ignored:
[INFO] ObjectPropertyRange(<http://purl.obolibrary.org/obo/RO_0000053> <http://purl.obolibrary.org/obo/BFO_0000020>)
[INFO] 2018-10-23 18:48:11,537 WARN  (IndexedObjectUnionOf:92) [reasoner.indexing.IndexedObjectUnionOf]ELK does not support positive occurrences of ObjectUnionOf. Reasoning might be incomplete!
[INFO] 2018-10-23 18:48:11,540 WARN  (ChangeIndexingProcessor:66) [reasoner.indexing.axiomIgnored]ELK does not support ObjectPropertyRange. Axiom ignored:
[INFO] ObjectPropertyRange(<http://purl.obolibrary.org/obo/RO_0003001> <http://purl.obolibrary.org/obo/BFO_0000040>)
[INFO] 2018-10-23 18:48:11,541 WARN  (ChangeIndexingProcessor:66) [reasoner.indexing.axiomIgnored]ELK does not support InverseObjectProperties. Axiom ignored:
[INFO] InverseObjectProperties(<http://purl.obolibrary.org/obo/RO_0002418> <http://purl.obolibrary.org/obo/RO_0002427>)
[INFO] 2018-10-23 18:48:11,543 WARN  (IndexedObjectUnionOf:92) [reasoner.indexing.IndexedObjectUnionOf]ELK does not support positive occurrences of ObjectUnionOf. Reasoning might be incomplete!
[INFO] 2018-10-23 18:48:11,544 WARN  (ChangeIndexingProcessor:66) [reasoner.indexing.axiomIgnored]ELK does not support ObjectPropertyRange. Axiom ignored:
[INFO] ObjectPropertyRange(<http://purl.obolibrary.org/obo/RO_0003000> <http://purl.obolibrary.org/obo/BFO_0000040>)
[INFO] 2018-10-23 18:48:11,546 WARN  (IndexedObjectUnionOf:92) [reasoner.indexing.IndexedObjectUnionOf]ELK does not support positive occurrences of ObjectUnionOf. Reasoning might be incomplete!
[INFO] 2018-10-23 18:48:11,550 WARN  (ChangeIndexingProcessor:66) [reasoner.indexing.axiomIgnored]ELK does not support InverseObjectProperties. Axiom ignored:
[INFO] InverseObjectProperties(<http://purl.obolibrary.org/obo/RO_0002405> <http://purl.obolibrary.org/obo/RO_0002412>)
[INFO] 2018-10-23 18:48:11,550 WARN  (ChangeIndexingProcessor:66) [reasoner.indexing.axiomIgnored]ELK does not support InverseObjectProperties. Axiom ignored:
[INFO] InverseObjectProperties(<http://purl.obolibrary.org/obo/RO_0002404> <http://purl.obolibrary.org/obo/RO_0002411>)
[INFO] 2018-10-23 18:48:11,552 WARN  (IndexedObjectUnionOf:92) [reasoner.indexing.IndexedObjectUnionOf]ELK does not support positive occurrences of ObjectUnionOf. Reasoning might be incomplete!
[INFO] 2018-10-23 18:48:11,552 WARN  (ChangeIndexingProcessor:66) [reasoner.indexing.axiomIgnored]ELK does not support ObjectMinCardinality. Axiom ignored:
[INFO] SubClassOf(<http://purl.obolibrary.org/obo/ENVO_01000898> ObjectMinCardinality(1 <http://purl.obolibrary.org/obo/RO_0000057>))
[INFO] 2018-10-23 18:48:11,554 WARN  (ChangeIndexingProcessor:66) [reasoner.indexing.axiomIgnored]ELK does not support ObjectAllValuesFrom. Axiom ignored:
[INFO] EquivalentClasses(<http://purl.obolibrary.org/obo/FOODON_03411623> ObjectIntersectionOf(ObjectSomeValuesFrom(<http://purl.obolibrary.org/obo/FOODON_00001303> <http://purl.obolibrary.org/obo/NCBITaxon_4442>) ObjectAllValuesFrom(<http://purl.obolibrary.org/obo/FOODON_00001303> <http://purl.obolibrary.org/obo/NCBITaxon_4442>)))
[INFO] 2018-10-23 18:48:11,558 WARN  (IndexedObjectUnionOf:92) [reasoner.indexing.IndexedObjectUnionOf]ELK does not support positive occurrences of ObjectUnionOf. Reasoning might be incomplete!
[INFO] 2018-10-23 18:48:11,558 WARN  (IndexedObjectUnionOf:92) [reasoner.indexing.IndexedObjectUnionOf]ELK does not support positive occurrences of ObjectUnionOf. Reasoning might be incomplete!
[INFO] 2018-10-23 18:48:11,559 WARN  (ChangeIndexingProcessor:66) [reasoner.indexing.axiomIgnored]ELK does not support ObjectInverseOf. Axiom ignored:
[INFO] DisjointObjectProperties(<http://purl.obolibrary.org/obo/BFO_0000050> ObjectInverseOf(<http://purl.obolibrary.org/obo/BFO_0000051>))
[INFO] 2018-10-23 18:48:11,559 WARN  (IndexedObjectUnionOf:92) [reasoner.indexing.IndexedObjectUnionOf]ELK does not support positive occurrences of ObjectUnionOf. Reasoning might be incomplete!
[INFO] 2018-10-23 18:48:11,561 WARN  (ChangeIndexingProcessor:66) [reasoner.indexing.axiomIgnored]ELK does not support ObjectMinCardinality. Axiom ignored:
[INFO] SubClassOf(<http://purl.obolibrary.org/obo/ENVO_01000902> ObjectMinCardinality(1 <http://purl.obolibrary.org/obo/RO_0000057>))
[INFO] 2018-10-23 18:48:11,564 WARN  (IndexedObjectUnionOf:92) [reasoner.indexing.IndexedObjectUnionOf]ELK does not support positive occurrences of ObjectUnionOf. Reasoning might be incomplete!
[INFO] 2018-10-23 18:48:11,566 WARN  (IndexedObjectUnionOf:92) [reasoner.indexing.IndexedObjectUnionOf]ELK does not support positive occurrences of ObjectUnionOf. Reasoning might be incomplete!
[INFO] 2018-10-23 18:48:11,568 WARN  (IndexedObjectUnionOf:92) [reasoner.indexing.IndexedObjectUnionOf]ELK does not support positive occurrences of ObjectUnionOf. Reasoning might be incomplete!
[INFO] 2018-10-23 18:48:11,573 WARN  (IndexedObjectUnionOf:92) [reasoner.indexing.IndexedObjectUnionOf]ELK does not support positive occurrences of ObjectUnionOf. Reasoning might be incomplete!
[INFO] 2018-10-23 18:48:11,574 WARN  (IndexedObjectUnionOf:92) [reasoner.indexing.IndexedObjectUnionOf]ELK does not support positive occurrences of ObjectUnionOf. Reasoning might be incomplete!
[INFO] 2018-10-23 18:48:11,584 WARN  (ChangeIndexingProcessor:66) [reasoner.indexing.axiomIgnored]ELK does not support ObjectAllValuesFrom. Axiom ignored:
[INFO] EquivalentClasses(<http://purl.obolibrary.org/obo/FOODON_03413798> ObjectIntersectionOf(ObjectSomeValuesFrom(<http://purl.obolibrary.org/obo/FOODON_00001303> <http://purl.obolibrary.org/obo/NCBITaxon_27292>) ObjectAllValuesFrom(<http://purl.obolibrary.org/obo/FOODON_00001303> <http://purl.obolibrary.org/obo/NCBITaxon_27292>)))
[INFO] 2018-10-23 18:48:11,587 WARN  (IndexedObjectUnionOf:92) [reasoner.indexing.IndexedObjectUnionOf]ELK does not support positive occurrences of ObjectUnionOf. Reasoning might be incomplete!
[INFO] 2018-10-23 18:48:11,588 WARN  (IndexedObjectUnionOf:92) [reasoner.indexing.IndexedObjectUnionOf]ELK does not support positive occurrences of ObjectUnionOf. Reasoning might be incomplete!
[INFO] 2018-10-23 18:48:11,589 WARN  (ChangeIndexingProcessor:66) [reasoner.indexing.axiomIgnored]ELK does not support ObjectAllValuesFrom. Axiom ignored:
[INFO] EquivalentClasses(<http://purl.obolibrary.org/obo/FOODON_03411280> ObjectIntersectionOf(ObjectSomeValuesFrom(<http://purl.obolibrary.org/obo/FOODON_00001303> <http://purl.obolibrary.org/obo/NCBITaxon_9823>) ObjectAllValuesFrom(<http://purl.obolibrary.org/obo/FOODON_00001303> <http://purl.obolibrary.org/obo/NCBITaxon_9823>)))
[INFO] 2018-10-23 18:48:11,590 WARN  (ChangeIndexingProcessor:66) [reasoner.indexing.axiomIgnored]ELK does not support ObjectPropertyRange. Axiom ignored:
[INFO] ObjectPropertyRange(<http://purl.obolibrary.org/obo/RO_0002220> <http://purl.obolibrary.org/obo/BFO_0000004>)
[INFO] 2018-10-23 18:48:11,593 WARN  (ChangeIndexingProcessor:66) [reasoner.indexing.axiomIgnored]ELK does not support ObjectAllValuesFrom. Axiom ignored:
[INFO] EquivalentClasses(<http://purl.obolibrary.org/obo/FOODON_03413355> ObjectIntersectionOf(ObjectSomeValuesFrom(<http://purl.obolibrary.org/obo/FOODON_00001303> <http://purl.obolibrary.org/obo/NCBITaxon_3712>) ObjectAllValuesFrom(<http://purl.obolibrary.org/obo/FOODON_00001303> <http://purl.obolibrary.org/obo/NCBITaxon_3712>)))
[INFO] 2018-10-23 18:48:11,594 WARN  (IndexedObjectUnionOf:92) [reasoner.indexing.IndexedObjectUnionOf]ELK does not support positive occurrences of ObjectUnionOf. Reasoning might be incomplete!
[INFO] 2018-10-23 18:48:11,597 WARN  (ChangeIndexingProcessor:66) [reasoner.indexing.axiomIgnored]ELK does not support ObjectPropertyRange. Axiom ignored:
[INFO] ObjectPropertyRange(<http://purl.obolibrary.org/obo/RO_0000091> <http://purl.obolibrary.org/obo/BFO_0000016>)
[INFO] 2018-10-23 18:48:11,597 WARN  (ChangeIndexingProcessor:66) [reasoner.indexing.axiomIgnored]ELK does not support ObjectAllValuesFrom. Axiom ignored:
[INFO] EquivalentClasses(<http://purl.obolibrary.org/obo/FOODON_03411232> ObjectIntersectionOf(ObjectSomeValuesFrom(<http://purl.obolibrary.org/obo/FOODON_00001303> <http://purl.obolibrary.org/obo/NCBITaxon_4577>) ObjectAllValuesFrom(<http://purl.obolibrary.org/obo/FOODON_00001303> <http://purl.obolibrary.org/obo/NCBITaxon_4577>)))
[INFO] 2018-10-23 18:48:11,598 WARN  (IndexedObjectUnionOf:92) [reasoner.indexing.IndexedObjectUnionOf]ELK does not support positive occurrences of ObjectUnionOf. Reasoning might be incomplete!
[INFO] 2018-10-23 18:48:11,602 WARN  (ChangeIndexingProcessor:66) [reasoner.indexing.axiomIgnored]ELK does not support DifferentIndividuals. Axiom ignored:
[INFO] DifferentIndividuals(<http://purl.obolibrary.org/obo/IAO_0000226> <http://purl.obolibrary.org/obo/IAO_0000227> <http://purl.obolibrary.org/obo/IAO_0000228> <http://purl.obolibrary.org/obo/IAO_0000229>)
[INFO] 2018-10-23 18:48:11,602 WARN  (ChangeIndexingProcessor:66) [reasoner.indexing.axiomIgnored]ELK does not support ObjectPropertyRange. Axiom ignored:
[INFO] ObjectPropertyRange(<http://purl.obolibrary.org/obo/RO_0002222> <http://purl.obolibrary.org/obo/BFO_0000003>)
[INFO] 2018-10-23 18:48:11,606 WARN  (IndexedObjectUnionOf:92) [reasoner.indexing.IndexedObjectUnionOf]ELK does not support positive occurrences of ObjectUnionOf. Reasoning might be incomplete!
[INFO] 2018-10-23 18:48:11,606 WARN  (IndexedObjectComplementOf:84) [reasoner.indexing.IndexedObjectComplementOf]ELK does not support negative occurrences of ObjectComplementOf. Reasoning might be incomplete!
[INFO] 2018-10-23 18:48:11,609 WARN  (IndexedObjectUnionOf:92) [reasoner.indexing.IndexedObjectUnionOf]ELK does not support positive occurrences of ObjectUnionOf. Reasoning might be incomplete!
[INFO] 2018-10-23 18:48:11,611 WARN  (ChangeIndexingProcessor:66) [reasoner.indexing.axiomIgnored]ELK does not support ObjectPropertyRange. Axiom ignored:
[INFO] ObjectPropertyRange(<http://purl.obolibrary.org/obo/BFO_0000066> <http://purl.obolibrary.org/obo/BFO_0000004>)
[INFO] 2018-10-23 18:48:11,612 WARN  (IndexedObjectComplementOf:84) [reasoner.indexing.IndexedObjectComplementOf]ELK does not support negative occurrences of ObjectComplementOf. Reasoning might be incomplete!
[INFO] 2018-10-23 18:48:11,612 WARN  (IndexedObjectUnionOf:92) [reasoner.indexing.IndexedObjectUnionOf]ELK does not support positive occurrences of ObjectUnionOf. Reasoning might be incomplete!
[INFO] 2018-10-23 18:48:11,614 WARN  (IndexedObjectUnionOf:92) [reasoner.indexing.IndexedObjectUnionOf]ELK does not support positive occurrences of ObjectUnionOf. Reasoning might be incomplete!
[INFO] 2018-10-23 18:48:11,614 WARN  (IndexedObjectUnionOf:92) [reasoner.indexing.IndexedObjectUnionOf]ELK does not support positive occurrences of ObjectUnionOf. Reasoning might be incomplete!
[INFO] 2018-10-23 18:48:11,615 WARN  (ChangeIndexingProcessor:66) [reasoner.indexing.axiomIgnored]ELK does not support ObjectMaxCardinality. Axiom ignored:
[INFO] SubClassOf(<http://purl.obolibrary.org/obo/ENVO_01001228> ObjectIntersectionOf(ObjectSomeValuesFrom(<http://purl.obolibrary.org/obo/BFO_0000067> <http://purl.obolibrary.org/obo/ENVO_01001130>) ObjectMaxCardinality(1 <http://purl.obolibrary.org/obo/RO_0002218>)))
[INFO] 2018-10-23 18:48:11,615 WARN  (ChangeIndexingProcessor:66) [reasoner.indexing.axiomIgnored]ELK does not support ObjectMinCardinality. Axiom ignored:
[INFO] SubClassOf(<http://purl.obolibrary.org/obo/ENVO_01000778> ObjectMinCardinality(1 <http://purl.obolibrary.org/obo/RO_0002131>))
[INFO] 2018-10-23 18:48:11,617 WARN  (ChangeIndexingProcessor:66) [reasoner.indexing.axiomIgnored]ELK does not support ObjectAllValuesFrom. Axiom ignored:
[INFO] EquivalentClasses(<http://purl.obolibrary.org/obo/FOODON_03411245> ObjectIntersectionOf(ObjectSomeValuesFrom(<http://purl.obolibrary.org/obo/FOODON_00001303> <http://purl.obolibrary.org/obo/NCBITaxon_283210>) ObjectAllValuesFrom(<http://purl.obolibrary.org/obo/FOODON_00001303> <http://purl.obolibrary.org/obo/NCBITaxon_283210>)))
[INFO] 2018-10-23 18:48:11,617 WARN  (IndexedObjectUnionOf:92) [reasoner.indexing.IndexedObjectUnionOf]ELK does not support positive occurrences of ObjectUnionOf. Reasoning might be incomplete!
[INFO] 2018-10-23 18:48:11,619 WARN  (ChangeIndexingProcessor:66) [reasoner.indexing.axiomIgnored]ELK does not support IrreflexiveObjectProperty. Axiom ignored:
[INFO] IrreflexiveObjectProperty(<http://purl.obolibrary.org/obo/RO_0009001>)
[INFO] 2018-10-23 18:48:11,628 WARN  (ChangeIndexingProcessor:66) [reasoner.indexing.axiomIgnored]ELK does not support ObjectAllValuesFrom. Axiom ignored:
[INFO] EquivalentClasses(<http://purl.obolibrary.org/obo/FOODON_03411406> ObjectIntersectionOf(ObjectSomeValuesFrom(<http://purl.obolibrary.org/obo/FOODON_00001303> <http://purl.obolibrary.org/obo/NCBITaxon_3712>) ObjectAllValuesFrom(<http://purl.obolibrary.org/obo/FOODON_00001303> <http://purl.obolibrary.org/obo/NCBITaxon_3712>)))
[INFO] 2018-10-23 18:48:11,629 WARN  (ChangeIndexingProcessor:66) [reasoner.indexing.axiomIgnored]ELK does not support ObjectAllValuesFrom. Axiom ignored:
[INFO] EquivalentClasses(<http://purl.obolibrary.org/obo/FOODON_03411218> ObjectIntersectionOf(ObjectSomeValuesFrom(<http://purl.obolibrary.org/obo/FOODON_00001303> <http://purl.obolibrary.org/obo/NCBITaxon_4113>) ObjectAllValuesFrom(<http://purl.obolibrary.org/obo/FOODON_00001303> <http://purl.obolibrary.org/obo/NCBITaxon_4113>)))
[INFO] 2018-10-23 18:48:11,630 WARN  (ChangeIndexingProcessor:66) [reasoner.indexing.axiomIgnored]ELK does not support ObjectAllValuesFrom. Axiom ignored:
[INFO] EquivalentClasses(<http://purl.obolibrary.org/obo/FOODON_03413330> ObjectIntersectionOf(ObjectSomeValuesFrom(<http://purl.obolibrary.org/obo/FOODON_00001303> <http://purl.obolibrary.org/obo/NCBITaxon_51953>) ObjectAllValuesFrom(<http://purl.obolibrary.org/obo/FOODON_00001303> <http://purl.obolibrary.org/obo/NCBITaxon_51953>)))
[INFO] 2018-10-23 18:48:11,630 WARN  (ChangeIndexingProcessor:66) [reasoner.indexing.axiomIgnored]ELK does not support ObjectMinCardinality. Axiom ignored:
[INFO] SubClassOf(<http://purl.obolibrary.org/obo/ENVO_00000062> ObjectMinCardinality(1 <http://purl.obolibrary.org/obo/RO_0001015>))
[INFO] 2018-10-23 18:48:11,631 WARN  (IndexedObjectUnionOf:92) [reasoner.indexing.IndexedObjectUnionOf]ELK does not support positive occurrences of ObjectUnionOf. Reasoning might be incomplete!
[INFO] 2018-10-23 18:48:11,632 WARN  (IndexedObjectUnionOf:92) [reasoner.indexing.IndexedObjectUnionOf]ELK does not support positive occurrences of ObjectUnionOf. Reasoning might be incomplete!
[INFO] 2018-10-23 18:48:11,634 WARN  (ChangeIndexingProcessor:66) [reasoner.indexing.axiomIgnored]ELK does not support ObjectAllValuesFrom. Axiom ignored:
[INFO] EquivalentClasses(<http://purl.obolibrary.org/obo/FOODON_03411172> ObjectIntersectionOf(ObjectSomeValuesFrom(<http://purl.obolibrary.org/obo/FOODON_00001303> <http://purl.obolibrary.org/obo/NCBITaxon_3827>) ObjectAllValuesFrom(<http://purl.obolibrary.org/obo/FOODON_00001303> <http://purl.obolibrary.org/obo/NCBITaxon_3827>)))
[INFO] 2018-10-23 18:48:11,635 WARN  (IndexedObjectUnionOf:92) [reasoner.indexing.IndexedObjectUnionOf]ELK does not support positive occurrences of ObjectUnionOf. Reasoning might be incomplete!
[INFO] 2018-10-23 18:48:11,636 WARN  (IndexedObjectUnionOf:92) [reasoner.indexing.IndexedObjectUnionOf]ELK does not support positive occurrences of ObjectUnionOf. Reasoning might be incomplete!
[INFO] 2018-10-23 18:48:11,638 WARN  (IndexedObjectUnionOf:92) [reasoner.indexing.IndexedObjectUnionOf]ELK does not support positive occurrences of ObjectUnionOf. Reasoning might be incomplete!
[INFO] 2018-10-23 18:48:11,639 WARN  (IndexedObjectUnionOf:92) [reasoner.indexing.IndexedObjectUnionOf]ELK does not support positive occurrences of ObjectUnionOf. Reasoning might be incomplete!
[INFO] 2018-10-23 18:48:11,640 WARN  (ChangeIndexingProcessor:66) [reasoner.indexing.axiomIgnored]ELK does not support ObjectMinCardinality. Axiom ignored:
[INFO] SubClassOf(<http://purl.obolibrary.org/obo/ENVO_01000947> ObjectMinCardinality(2 <http://purl.obolibrary.org/obo/RO_0002131>))
[INFO] 2018-10-23 18:48:11,642 WARN  (ChangeIndexingProcessor:66) [reasoner.indexing.axiomIgnored]ELK does not support ObjectInverseOf. Axiom ignored:
[INFO] SubObjectPropertyOf(<http://purl.obolibrary.org/obo/RO_0002333> ObjectInverseOf(<http://purl.obolibrary.org/obo/RO_0002215>))
[INFO] 2018-10-23 18:48:11,646 WARN  (IndexedObjectUnionOf:92) [reasoner.indexing.IndexedObjectUnionOf]ELK does not support positive occurrences of ObjectUnionOf. Reasoning might be incomplete!
[INFO] 2018-10-23 18:48:11,647 WARN  (IndexedObjectUnionOf:92) [reasoner.indexing.IndexedObjectUnionOf]ELK does not support positive occurrences of ObjectUnionOf. Reasoning might be incomplete!
[INFO] 2018-10-23 18:48:11,649 WARN  (ChangeIndexingProcessor:66) [reasoner.indexing.axiomIgnored]ELK does not support ObjectOneOf. Axiom ignored:
[INFO] EquivalentClasses(<http://purl.obolibrary.org/obo/IAO_0000225> ObjectOneOf(<http://purl.obolibrary.org/obo/IAO_0000229> <http://purl.obolibrary.org/obo/IAO_0000227> <http://purl.obolibrary.org/obo/IAO_0000228> <http://purl.obolibrary.org/obo/IAO_0000226> <http://purl.obolibrary.org/obo/IAO_0000103>))
[INFO] 2018-10-23 18:48:11,650 WARN  (ChangeIndexingProcessor:66) [reasoner.indexing.axiomIgnored]ELK does not support ObjectPropertyRange. Axiom ignored:
[INFO] ObjectPropertyRange(<http://purl.obolibrary.org/obo/RO_0002170> ObjectSomeValuesFrom(<http://purl.obolibrary.org/obo/BFO_0000050> <http://purl.obolibrary.org/obo/RO_0002577>))
[INFO] 2018-10-23 18:48:11,652 WARN  (ChangeIndexingProcessor:66) [reasoner.indexing.axiomIgnored]ELK does not support ObjectInverseOf. Axiom ignored:
[INFO] SubObjectPropertyOf(ObjectPropertyChain(<http://purl.obolibrary.org/obo/RO_0001025> ObjectInverseOf(<http://purl.obolibrary.org/obo/RO_0001025>)) <http://purl.obolibrary.org/obo/RO_0002379>)
[INFO] 2018-10-23 18:48:11,655 WARN  (IndexedObjectUnionOf:92) [reasoner.indexing.IndexedObjectUnionOf]ELK does not support positive occurrences of ObjectUnionOf. Reasoning might be incomplete!
[INFO] 2018-10-23 18:48:11,656 WARN  (ChangeIndexingProcessor:66) [reasoner.indexing.axiomIgnored]ELK does not support InverseObjectProperties. Axiom ignored:
[INFO] InverseObjectProperties(<http://purl.obolibrary.org/obo/RO_0002258> <http://purl.obolibrary.org/obo/RO_0002286>)
[INFO] 2018-10-23 18:48:11,659 WARN  (ChangeIndexingProcessor:66) [reasoner.indexing.axiomIgnored]ELK does not support SymmetricObjectProperty. Axiom ignored:
[INFO] SymmetricObjectProperty(<http://purl.obolibrary.org/obo/RO_0002434>)
[INFO] 2018-10-23 18:48:11,660 WARN  (ChangeIndexingProcessor:66) [reasoner.indexing.axiomIgnored]ELK does not support SymmetricObjectProperty. Axiom ignored:
[INFO] SymmetricObjectProperty(<http://purl.obolibrary.org/obo/RO_0002436>)
[INFO] 2018-10-23 18:48:11,660 WARN  (ChangeIndexingProcessor:66) [reasoner.indexing.axiomIgnored]ELK does not support SymmetricObjectProperty. Axiom ignored:
[INFO] SymmetricObjectProperty(<http://purl.obolibrary.org/obo/RO_0002437>)
[INFO] 2018-10-23 18:48:11,662 WARN  (ChangeIndexingProcessor:66) [reasoner.indexing.axiomIgnored]ELK does not support SubDataPropertyOf. Axiom ignored:
[INFO] SubDataPropertyOf(<http://purl.obolibrary.org/obo/IAO_0000004> <http://www.w3.org/2002/07/owl#topDataProperty>)
[INFO] 2018-10-23 18:48:11,667 WARN  (IndexedObjectUnionOf:92) [reasoner.indexing.IndexedObjectUnionOf]ELK does not support positive occurrences of ObjectUnionOf. Reasoning might be incomplete!
[INFO] 2018-10-23 18:48:11,667 WARN  (IndexedObjectUnionOf:92) [reasoner.indexing.IndexedObjectUnionOf]ELK does not support positive occurrences of ObjectUnionOf. Reasoning might be incomplete!
[INFO] 2018-10-23 18:48:11,668 WARN  (IndexedObjectUnionOf:92) [reasoner.indexing.IndexedObjectUnionOf]ELK does not support positive occurrences of ObjectUnionOf. Reasoning might be incomplete!
[INFO] 2018-10-23 18:48:11,669 WARN  (ChangeIndexingProcessor:66) [reasoner.indexing.axiomIgnored]ELK does not support ObjectAllValuesFrom. Axiom ignored:
[INFO] EquivalentClasses(<http://purl.obolibrary.org/obo/FOODON_03412043> ObjectIntersectionOf(ObjectSomeValuesFrom(<http://purl.obolibrary.org/obo/FOODON_00001303> <http://purl.obolibrary.org/obo/NCBITaxon_1010633>) ObjectAllValuesFrom(<http://purl.obolibrary.org/obo/FOODON_00001303> <http://purl.obolibrary.org/obo/NCBITaxon_1010633>)))
[INFO] 2018-10-23 18:48:11,669 WARN  (IndexedObjectUnionOf:92) [reasoner.indexing.IndexedObjectUnionOf]ELK does not support positive occurrences of ObjectUnionOf. Reasoning might be incomplete!
[INFO] 2018-10-23 18:48:11,675 WARN  (ChangeIndexingProcessor:66) [reasoner.indexing.axiomIgnored]ELK does not support DisjointUnion. Axiom ignored:
[INFO] DisjointUnion(<http://purl.obolibrary.org/obo/ENVO_00000051> <http://purl.obolibrary.org/obo/ENVO_00002119> <http://purl.obolibrary.org/obo/ENVO_00002120> <http://purl.obolibrary.org/obo/ENVO_00002181>)
[INFO] 2018-10-23 18:48:11,676 WARN  (ChangeIndexingProcessor:66) [reasoner.indexing.axiomIgnored]ELK does not support ObjectInverseOf. Axiom ignored:
[INFO] SubObjectPropertyOf(ObjectPropertyChain(ObjectInverseOf(<http://purl.obolibrary.org/obo/BFO_0000066>) <http://purl.obolibrary.org/obo/RO_0002234>) <http://purl.obolibrary.org/obo/RO_0003000>)
[INFO] 2018-10-23 18:48:11,677 WARN  (IndexedObjectUnionOf:92) [reasoner.indexing.IndexedObjectUnionOf]ELK does not support positive occurrences of ObjectUnionOf. Reasoning might be incomplete!
[INFO] 2018-10-23 18:48:11,679 WARN  (ChangeIndexingProcessor:66) [reasoner.indexing.axiomIgnored]ELK does not support ObjectMinCardinality. Axiom ignored:
[INFO] SubClassOf(<http://purl.obolibrary.org/obo/ENVO_00000428> ObjectMinCardinality(2 <http://purl.obolibrary.org/obo/BFO_0000051>))
[INFO] 2018-10-23 18:48:11,681 WARN  (IndexedObjectUnionOf:92) [reasoner.indexing.IndexedObjectUnionOf]ELK does not support positive occurrences of ObjectUnionOf. Reasoning might be incomplete!
[INFO] 2018-10-23 18:48:11,682 WARN  (ChangeIndexingProcessor:66) [reasoner.indexing.axiomIgnored]ELK does not support ObjectOneOf. Axiom ignored:
[INFO] EquivalentClasses(<http://www.geneontology.org/formats/oboInOwl#Subset> ObjectOneOf(<http://purl.obolibrary.org/obo/IAO_0000224>))
[INFO] 2018-10-23 18:48:11,688 WARN  (ChangeIndexingProcessor:66) [reasoner.indexing.axiomIgnored]ELK does not support ObjectPropertyRange. Axiom ignored:
[INFO] ObjectPropertyRange(<http://purl.obolibrary.org/obo/RO_0002177> <http://purl.obolibrary.org/obo/BFO_0000040>)
[INFO] 2018-10-23 18:48:11,689 WARN  (IndexedObjectUnionOf:92) [reasoner.indexing.IndexedObjectUnionOf]ELK does not support positive occurrences of ObjectUnionOf. Reasoning might be incomplete!
[INFO] 2018-10-23 18:48:11,693 WARN  (ChangeIndexingProcessor:66) [reasoner.indexing.axiomIgnored]ELK does not support InverseObjectProperties. Axiom ignored:
[INFO] InverseObjectProperties(<http://purl.obolibrary.org/obo/RO_0002088> <http://purl.obolibrary.org/obo/RO_0002091>)
[INFO] 2018-10-23 18:48:11,693 WARN  (ChangeIndexingProcessor:66) [reasoner.indexing.axiomIgnored]ELK does not support InverseObjectProperties. Axiom ignored:
[INFO] InverseObjectProperties(<http://purl.obolibrary.org/obo/RO_0002085> <http://purl.obolibrary.org/obo/RO_0002092>)
[INFO] 2018-10-23 18:48:11,693 WARN  (ChangeIndexingProcessor:66) [reasoner.indexing.axiomIgnored]ELK does not support InverseObjectProperties. Axiom ignored:
[INFO] InverseObjectProperties(<http://purl.obolibrary.org/obo/RO_0002084> <http://purl.obolibrary.org/obo/RO_0002093>)
[INFO] 2018-10-23 18:48:11,694 WARN  (ChangeIndexingProcessor:66) [reasoner.indexing.axiomIgnored]ELK does not support InverseObjectProperties. Axiom ignored:
[INFO] InverseObjectProperties(<http://purl.obolibrary.org/obo/RO_0002087> <http://purl.obolibrary.org/obo/RO_0002090>)
[INFO] 2018-10-23 18:48:11,696 WARN  (ChangeIndexingProcessor:66) [reasoner.indexing.axiomIgnored]ELK does not support ObjectPropertyRange. Axiom ignored:
[INFO] ObjectPropertyRange(<http://purl.obolibrary.org/obo/RO_0000087> <http://purl.obolibrary.org/obo/BFO_0000023>)
[INFO] 2018-10-23 18:48:11,698 WARN  (ChangeIndexingProcessor:66) [reasoner.indexing.axiomIgnored]ELK does not support ObjectPropertyRange. Axiom ignored:
[INFO] ObjectPropertyRange(<http://purl.obolibrary.org/obo/RO_0000085> <http://purl.obolibrary.org/obo/BFO_0000034>)
[INFO] 2018-10-23 18:48:11,699 WARN  (IndexedObjectUnionOf:92) [reasoner.indexing.IndexedObjectUnionOf]ELK does not support positive occurrences of ObjectUnionOf. Reasoning might be incomplete!
[INFO] 2018-10-23 18:48:11,699 WARN  (IndexedObjectUnionOf:92) [reasoner.indexing.IndexedObjectUnionOf]ELK does not support positive occurrences of ObjectUnionOf. Reasoning might be incomplete!
[INFO] 2018-10-23 18:48:11,700 WARN  (IndexedObjectUnionOf:92) [reasoner.indexing.IndexedObjectUnionOf]ELK does not support positive occurrences of ObjectUnionOf. Reasoning might be incomplete!
[INFO] 2018-10-23 18:48:11,701 WARN  (ChangeIndexingProcessor:66) [reasoner.indexing.axiomIgnored]ELK does not support ObjectAllValuesFrom. Axiom ignored:
[INFO] EquivalentClasses(<http://purl.obolibrary.org/obo/FOODON_03413745> ObjectIntersectionOf(ObjectSomeValuesFrom(<http://purl.obolibrary.org/obo/FOODON_00001303> <http://purl.obolibrary.org/obo/NCBITaxon_4081>) ObjectAllValuesFrom(<http://purl.obolibrary.org/obo/FOODON_00001303> <http://purl.obolibrary.org/obo/NCBITaxon_4081>)))
[INFO] 2018-10-23 18:48:11,708 WARN  (ChangeIndexingProcessor:66) [reasoner.indexing.axiomIgnored]ELK does not support ObjectPropertyRange. Axiom ignored:
[INFO] ObjectPropertyRange(<http://purl.obolibrary.org/obo/RO_0000086> <http://purl.obolibrary.org/obo/BFO_0000019>)
[INFO] 2018-10-23 18:48:11,711 WARN  (ChangeIndexingProcessor:66) [reasoner.indexing.axiomIgnored]ELK does not support InverseObjectProperties. Axiom ignored:
[INFO] InverseObjectProperties(<http://purl.obolibrary.org/obo/RO_0003000> <http://purl.obolibrary.org/obo/RO_0003001>)
[INFO] 2018-10-23 18:48:11,715 WARN  (IndexedObjectUnionOf:92) [reasoner.indexing.IndexedObjectUnionOf]ELK does not support positive occurrences of ObjectUnionOf. Reasoning might be incomplete!
[INFO] 2018-10-23 18:48:11,715 WARN  (ChangeIndexingProcessor:66) [reasoner.indexing.axiomIgnored]ELK does not support ObjectAllValuesFrom. Axiom ignored:
[INFO] EquivalentClasses(<http://purl.obolibrary.org/obo/FOODON_03411380> ObjectIntersectionOf(ObjectSomeValuesFrom(<http://purl.obolibrary.org/obo/FOODON_00001303> <http://purl.obolibrary.org/obo/NCBITaxon_4577>) ObjectAllValuesFrom(<http://purl.obolibrary.org/obo/FOODON_00001303> <http://purl.obolibrary.org/obo/NCBITaxon_4577>)))
[INFO] 2018-10-23 18:48:11,717 WARN  (ChangeIndexingProcessor:66) [reasoner.indexing.axiomIgnored]ELK does not support InverseObjectProperties. Axiom ignored:
[INFO] InverseObjectProperties(<http://purl.obolibrary.org/obo/RO_0002202> <http://purl.obolibrary.org/obo/RO_0002203>)
[INFO] 2018-10-23 18:48:11,718 WARN  (ChangeIndexingProcessor:66) [reasoner.indexing.axiomIgnored]ELK does not support InverseObjectProperties. Axiom ignored:
[INFO] InverseObjectProperties(<http://purl.obolibrary.org/obo/RO_0001000> <http://purl.obolibrary.org/obo/RO_0001001>)
[INFO] 2018-10-23 18:48:11,720 WARN  (ChangeIndexingProcessor:66) [reasoner.indexing.axiomIgnored]ELK does not support ObjectOneOf. Axiom ignored:
[INFO] EquivalentClasses(<http://purl.obolibrary.org/obo/IAO_0000078> ObjectOneOf(<http://purl.obolibrary.org/obo/IAO_0000428> <http://purl.obolibrary.org/obo/IAO_0000423> <http://purl.obolibrary.org/obo/IAO_0000124> <http://purl.obolibrary.org/obo/IAO_0000125> <http://purl.obolibrary.org/obo/IAO_0000122> <http://purl.obolibrary.org/obo/IAO_0000002> <http://purl.obolibrary.org/obo/IAO_0000123> <http://purl.obolibrary.org/obo/IAO_0000120> <http://purl.obolibrary.org/obo/IAO_0000121>))
[INFO] 2018-10-23 18:48:11,721 WARN  (ChangeIndexingProcessor:66) [reasoner.indexing.axiomIgnored]ELK does not support InverseObjectProperties. Axiom ignored:
[INFO] InverseObjectProperties(<http://purl.obolibrary.org/obo/RO_0002457> <http://purl.obolibrary.org/obo/RO_0002469>)
[INFO] 2018-10-23 18:48:11,721 WARN  (ChangeIndexingProcessor:66) [reasoner.indexing.axiomIgnored]ELK does not support ObjectMinCardinality. Axiom ignored:
[INFO] SubClassOf(<http://purl.obolibrary.org/obo/ENVO_01001353> ObjectMinCardinality(2 <http://purl.obolibrary.org/obo/BFO_0000067>))
[INFO] 2018-10-23 18:48:11,724 WARN  (IndexedObjectUnionOf:92) [reasoner.indexing.IndexedObjectUnionOf]ELK does not support positive occurrences of ObjectUnionOf. Reasoning might be incomplete!
[INFO] 2018-10-23 18:48:11,725 WARN  (ChangeIndexingProcessor:66) [reasoner.indexing.axiomIgnored]ELK does not support ObjectPropertyRange. Axiom ignored:
[INFO] ObjectPropertyRange(<http://purl.obolibrary.org/obo/RO_0002231> <http://purl.obolibrary.org/obo/BFO_0000004>)
[INFO] 2018-10-23 18:48:11,725 WARN  (ChangeIndexingProcessor:66) [reasoner.indexing.axiomIgnored]ELK does not support InverseObjectProperties. Axiom ignored:
[INFO] InverseObjectProperties(<http://purl.obolibrary.org/obo/RO_0000056> <http://purl.obolibrary.org/obo/RO_0000057>)
[INFO] 2018-10-23 18:48:11,727 WARN  (ChangeIndexingProcessor:66) [reasoner.indexing.axiomIgnored]ELK does not support InverseObjectProperties. Axiom ignored:
[INFO] InverseObjectProperties(<http://purl.obolibrary.org/obo/RO_0000052> <http://purl.obolibrary.org/obo/RO_0000053>)
[INFO] 2018-10-23 18:48:11,728 WARN  (ChangeIndexingProcessor:66) [reasoner.indexing.axiomIgnored]ELK does not support ObjectMinCardinality. Axiom ignored:
[INFO] SubClassOf(<http://purl.obolibrary.org/obo/UBERON_0007651> ObjectMinCardinality(2 <http://purl.obolibrary.org/obo/RO_0002176>))
[INFO] 2018-10-23 18:48:11,729 WARN  (ChangeIndexingProcessor:66) [reasoner.indexing.axiomIgnored]ELK does not support ObjectMinCardinality. Axiom ignored:
[INFO] SubClassOf(<http://purl.obolibrary.org/obo/ENVO_01001229> ObjectMinCardinality(2 <http://purl.obolibrary.org/obo/RO_0002131>))
[INFO] 2018-10-23 18:48:11,732 WARN  (ChangeIndexingProcessor:66) [reasoner.indexing.axiomIgnored]ELK does not support ObjectPropertyRange. Axiom ignored:
[INFO] ObjectPropertyRange(<http://purl.obolibrary.org/obo/RO_0002232> <http://purl.obolibrary.org/obo/BFO_0000004>)
[INFO] 2018-10-23 18:48:11,732 WARN  (ChangeIndexingProcessor:66) [reasoner.indexing.axiomIgnored]ELK does not support ObjectAllValuesFrom. Axiom ignored:
[INFO] EquivalentClasses(<http://purl.obolibrary.org/obo/FOODON_03411201> ObjectIntersectionOf(ObjectSomeValuesFrom(<http://purl.obolibrary.org/obo/FOODON_00001303> <http://purl.obolibrary.org/obo/NCBITaxon_9913>) ObjectAllValuesFrom(<http://purl.obolibrary.org/obo/FOODON_00001303> <http://purl.obolibrary.org/obo/NCBITaxon_9913>)))
[INFO] 2018-10-23 18:48:11,733 WARN  (IndexedObjectUnionOf:92) [reasoner.indexing.IndexedObjectUnionOf]ELK does not support positive occurrences of ObjectUnionOf. Reasoning might be incomplete!
[INFO] 2018-10-23 18:48:11,735 WARN  (ChangeIndexingProcessor:66) [reasoner.indexing.axiomIgnored]ELK does not support InverseObjectProperties. Axiom ignored:
[INFO] InverseObjectProperties(<http://purl.obolibrary.org/obo/RO_0002223> <http://purl.obolibrary.org/obo/RO_0002224>)
[INFO] 2018-10-23 18:48:11,736 WARN  (ChangeIndexingProcessor:66) [reasoner.indexing.axiomIgnored]ELK does not support ObjectMinCardinality. Axiom ignored:
[INFO] SubClassOf(<http://purl.obolibrary.org/obo/ENVO_02500030> ObjectMinCardinality(1 <http://purl.obolibrary.org/obo/BFO_0000051>))
[INFO] 2018-10-23 18:48:11,736 WARN  (IndexedObjectUnionOf:92) [reasoner.indexing.IndexedObjectUnionOf]ELK does not support positive occurrences of ObjectUnionOf. Reasoning might be incomplete!
[INFO] 2018-10-23 18:48:11,737 WARN  (ChangeIndexingProcessor:66) [reasoner.indexing.axiomIgnored]ELK does not support ObjectMinCardinality. Axiom ignored:
[INFO] SubClassOf(<http://purl.obolibrary.org/obo/ENVO_02500030> ObjectMinCardinality(1 <http://purl.obolibrary.org/obo/RO_0000057>))
[INFO] 2018-10-23 18:48:11,738 WARN  (ChangeIndexingProcessor:66) [reasoner.indexing.axiomIgnored]ELK does not support ObjectPropertyRange. Axiom ignored:
[INFO] ObjectPropertyRange(<http://purl.obolibrary.org/obo/RO_0002375> <http://purl.obolibrary.org/obo/BFO_0000040>)
[INFO] 2018-10-23 18:48:11,738 WARN  (ChangeIndexingProcessor:66) [reasoner.indexing.axiomIgnored]ELK does not support InverseObjectProperties. Axiom ignored:
[INFO] InverseObjectProperties(<http://purl.obolibrary.org/obo/RO_0000081> <http://purl.obolibrary.org/obo/RO_0000087>)
[INFO] 2018-10-23 18:48:11,739 WARN  (ChangeIndexingProcessor:66) [reasoner.indexing.axiomIgnored]ELK does not support InverseObjectProperties. Axiom ignored:
[INFO] InverseObjectProperties(<http://purl.obolibrary.org/obo/RO_0000080> <http://purl.obolibrary.org/obo/RO_0000086>)
[INFO] 2018-10-23 18:48:11,740 WARN  (ChangeIndexingProcessor:66) [reasoner.indexing.axiomIgnored]ELK does not support InverseObjectProperties. Axiom ignored:
[INFO] InverseObjectProperties(<http://purl.obolibrary.org/obo/RO_0002219> <http://purl.obolibrary.org/obo/RO_0002221>)
[INFO] 2018-10-23 18:48:11,741 WARN  (ChangeIndexingProcessor:66) [reasoner.indexing.axiomIgnored]ELK does not support InverseObjectProperties. Axiom ignored:
[INFO] InverseObjectProperties(<http://purl.obolibrary.org/obo/RO_0001015> <http://purl.obolibrary.org/obo/RO_0001025>)
[INFO] 2018-10-23 18:48:11,742 WARN  (ChangeIndexingProcessor:66) [reasoner.indexing.axiomIgnored]ELK does not support InverseObjectProperties. Axiom ignored:
[INFO] InverseObjectProperties(<http://purl.obolibrary.org/obo/RO_0000079> <http://purl.obolibrary.org/obo/RO_0000085>)
[INFO] 2018-10-23 18:48:11,743 WARN  (ChangeIndexingProcessor:66) [reasoner.indexing.axiomIgnored]ELK does not support InverseObjectProperties. Axiom ignored:
[INFO] InverseObjectProperties(<http://purl.obolibrary.org/obo/RO_0002217> <http://purl.obolibrary.org/obo/RO_0002218>)
[INFO] 2018-10-23 18:48:11,744 WARN  (ChangeIndexingProcessor:66) [reasoner.indexing.axiomIgnored]ELK does not support InverseObjectProperties. Axiom ignored:
[INFO] InverseObjectProperties(<http://purl.obolibrary.org/obo/RO_0001018> <http://purl.obolibrary.org/obo/RO_0001019>)
[INFO] 2018-10-23 18:48:11,744 WARN  (IndexedObjectUnionOf:92) [reasoner.indexing.IndexedObjectUnionOf]ELK does not support positive occurrences of ObjectUnionOf. Reasoning might be incomplete!
[INFO] 2018-10-23 18:48:11,747 WARN  (ChangeIndexingProcessor:66) [reasoner.indexing.axiomIgnored]ELK does not support ObjectAllValuesFrom. Axiom ignored:
[INFO] EquivalentClasses(<http://purl.obolibrary.org/obo/FOODON_03411724> ObjectIntersectionOf(ObjectSomeValuesFrom(<http://purl.obolibrary.org/obo/FOODON_00001303> <http://purl.obolibrary.org/obo/NCBITaxon_3917>) ObjectAllValuesFrom(<http://purl.obolibrary.org/obo/FOODON_00001303> <http://purl.obolibrary.org/obo/NCBITaxon_3917>)))
[INFO] 2018-10-23 18:48:11,756 WARN  (ChangeIndexingProcessor:66) [reasoner.indexing.axiomIgnored]ELK does not support DataPropertyRange. Axiom ignored:
[INFO] DataPropertyRange(<http://purl.obolibrary.org/obo/IAO_0000004> <http://www.w3.org/2001/XMLSchema#double>)
[INFO] 2018-10-23 18:48:11,758 WARN  (ChangeIndexingProcessor:66) [reasoner.indexing.axiomIgnored]ELK does not support ObjectPropertyRange. Axiom ignored:
[INFO] ObjectPropertyRange(<http://purl.obolibrary.org/obo/RO_0002233> <http://purl.obolibrary.org/obo/BFO_0000040>)
[INFO] 2018-10-23 18:48:11,764 WARN  (ChangeIndexingProcessor:66) [reasoner.indexing.axiomIgnored]ELK does not support InverseFunctionalObjectProperty. Axiom ignored:
[INFO] InverseFunctionalObjectProperty(<http://purl.obolibrary.org/obo/envo#has_condition>)
[INFO] 2018-10-23 18:48:11,765 WARN  (IndexedObjectUnionOf:92) [reasoner.indexing.IndexedObjectUnionOf]ELK does not support positive occurrences of ObjectUnionOf. Reasoning might be incomplete!
[INFO] 2018-10-23 18:48:11,766 WARN  (IndexedObjectUnionOf:92) [reasoner.indexing.IndexedObjectUnionOf]ELK does not support positive occurrences of ObjectUnionOf. Reasoning might be incomplete!
[INFO] 2018-10-23 18:48:11,767 WARN  (ChangeIndexingProcessor:66) [reasoner.indexing.axiomIgnored]ELK does not support ObjectPropertyRange. Axiom ignored:
[INFO] ObjectPropertyRange(<http://purl.obolibrary.org/obo/RO_0002479> <http://purl.obolibrary.org/obo/BFO_0000004>)
[INFO] 2018-10-23 18:48:11,767 WARN  (IndexedObjectUnionOf:92) [reasoner.indexing.IndexedObjectUnionOf]ELK does not support positive occurrences of ObjectUnionOf. Reasoning might be incomplete!
[INFO] 2018-10-23 18:48:11,769 WARN  (IndexedObjectUnionOf:92) [reasoner.indexing.IndexedObjectUnionOf]ELK does not support positive occurrences of ObjectUnionOf. Reasoning might be incomplete!
[INFO] 2018-10-23 18:48:11,770 WARN  (ChangeIndexingProcessor:66) [reasoner.indexing.axiomIgnored]ELK does not support InverseObjectProperties. Axiom ignored:
[INFO] InverseObjectProperties(<http://purl.obolibrary.org/obo/RO_0000091> <http://purl.obolibrary.org/obo/RO_0000092>)
[INFO] 2018-10-23 18:48:11,772 WARN  (ChangeIndexingProcessor:66) [reasoner.indexing.axiomIgnored]ELK does not support InverseObjectProperties. Axiom ignored:
[INFO] InverseObjectProperties(<http://purl.obolibrary.org/obo/RO_0002229> <http://purl.obolibrary.org/obo/RO_0002230>)
[INFO] 2018-10-23 18:48:11,773 WARN  (IndexedObjectUnionOf:92) [reasoner.indexing.IndexedObjectUnionOf]ELK does not support positive occurrences of ObjectUnionOf. Reasoning might be incomplete!
[INFO] 2018-10-23 18:48:11,775 WARN  (IndexedObjectComplementOf:84) [reasoner.indexing.IndexedObjectComplementOf]ELK does not support negative occurrences of ObjectComplementOf. Reasoning might be incomplete!
[INFO] 2018-10-23 18:48:11,776 WARN  (ChangeIndexingProcessor:66) [reasoner.indexing.axiomIgnored]ELK does not support ObjectOneOf. Axiom ignored:
[INFO] EquivalentClasses(<http://purl.obolibrary.org/obo/IAO_0000409> ObjectOneOf(<http://purl.obolibrary.org/obo/IAO_0000410> <http://purl.obolibrary.org/obo/IAO_0000421> <http://purl.obolibrary.org/obo/IAO_0000420>))
[INFO] 2018-10-23 18:48:11,778 WARN  (IndexedObjectUnionOf:92) [reasoner.indexing.IndexedObjectUnionOf]ELK does not support positive occurrences of ObjectUnionOf. Reasoning might be incomplete!
[INFO] 2018-10-23 18:48:11,778 WARN  (ChangeIndexingProcessor:66) [reasoner.indexing.axiomIgnored]ELK does not support ObjectPropertyRange. Axiom ignored:
[INFO] ObjectPropertyRange(<http://purl.obolibrary.org/obo/RO_0002334> <http://purl.obolibrary.org/obo/BFO_0000015>)
[INFO] 2018-10-23 18:48:11,780 WARN  (ChangeIndexingProcessor:66) [reasoner.indexing.axiomIgnored]ELK does not support ObjectAllValuesFrom. Axiom ignored:
[INFO] EquivalentClasses(<http://purl.obolibrary.org/obo/FOODON_03412846> ObjectIntersectionOf(ObjectSomeValuesFrom(<http://purl.obolibrary.org/obo/FOODON_00001303> <http://purl.obolibrary.org/obo/NCBITaxon_2>) ObjectAllValuesFrom(<http://purl.obolibrary.org/obo/FOODON_00001303> <http://purl.obolibrary.org/obo/NCBITaxon_2>)))
[INFO] 2018-10-23 18:48:11,781 WARN  (ChangeIndexingProcessor:66) [reasoner.indexing.axiomIgnored]ELK does not support ObjectAllValuesFrom. Axiom ignored:
[INFO] EquivalentClasses(<http://purl.obolibrary.org/obo/FOODON_03411471> ObjectIntersectionOf(ObjectSomeValuesFrom(<http://purl.obolibrary.org/obo/FOODON_00001303> <http://purl.obolibrary.org/obo/NCBITaxon_3656>) ObjectAllValuesFrom(<http://purl.obolibrary.org/obo/FOODON_00001303> <http://purl.obolibrary.org/obo/NCBITaxon_3656>)))
[INFO] 2018-10-23 18:48:11,781 WARN  (ChangeIndexingProcessor:66) [reasoner.indexing.axiomIgnored]ELK does not support ObjectPropertyRange. Axiom ignored:
[INFO] ObjectPropertyRange(<http://purl.obolibrary.org/obo/RO_0001018> <http://purl.obolibrary.org/obo/BFO_0000004>)
[INFO] 2018-10-23 18:48:11,786 WARN  (IndexedObjectComplementOf:84) [reasoner.indexing.IndexedObjectComplementOf]ELK does not support negative occurrences of ObjectComplementOf. Reasoning might be incomplete!
[INFO] 2018-10-23 18:48:11,786 WARN  (IndexedObjectUnionOf:92) [reasoner.indexing.IndexedObjectUnionOf]ELK does not support positive occurrences of ObjectUnionOf. Reasoning might be incomplete!
[INFO] 2018-10-23 18:48:11,787 WARN  (ChangeIndexingProcessor:66) [reasoner.indexing.axiomIgnored]ELK does not support InverseObjectProperties. Axiom ignored:
[INFO] InverseObjectProperties(<http://purl.obolibrary.org/obo/RO_0002254> <http://purl.obolibrary.org/obo/RO_0002255>)
[INFO] 2018-10-23 18:48:11,790 WARN  (IndexedObjectUnionOf:92) [reasoner.indexing.IndexedObjectUnionOf]ELK does not support positive occurrences of ObjectUnionOf. Reasoning might be incomplete!
[INFO] 2018-10-23 18:48:11,790 WARN  (IndexedObjectUnionOf:92) [reasoner.indexing.IndexedObjectUnionOf]ELK does not support positive occurrences of ObjectUnionOf. Reasoning might be incomplete!
[INFO] 2018-10-23 18:48:11,793 WARN  (IndexedObjectUnionOf:92) [reasoner.indexing.IndexedObjectUnionOf]ELK does not support positive occurrences of ObjectUnionOf. Reasoning might be incomplete!
[INFO] 2018-10-23 18:48:11,793 WARN  (IndexedObjectUnionOf:92) [reasoner.indexing.IndexedObjectUnionOf]ELK does not support positive occurrences of ObjectUnionOf. Reasoning might be incomplete!
[INFO] 2018-10-23 18:48:11,794 WARN  (IndexedObjectUnionOf:92) [reasoner.indexing.IndexedObjectUnionOf]ELK does not support positive occurrences of ObjectUnionOf. Reasoning might be incomplete!
[INFO] 2018-10-23 18:48:11,801 WARN  (IndexedObjectUnionOf:92) [reasoner.indexing.IndexedObjectUnionOf]ELK does not support positive occurrences of ObjectUnionOf. Reasoning might be incomplete!
[INFO] 2018-10-23 18:48:11,804 WARN  (ChangeIndexingProcessor:66) [reasoner.indexing.axiomIgnored]ELK does not support InverseObjectProperties. Axiom ignored:
[INFO] InverseObjectProperties(<http://purl.obolibrary.org/obo/RO_0002507> <http://purl.obolibrary.org/obo/RO_0002508>)
[INFO] 2018-10-23 18:48:11,809 WARN  (IndexedObjectUnionOf:92) [reasoner.indexing.IndexedObjectUnionOf]ELK does not support positive occurrences of ObjectUnionOf. Reasoning might be incomplete!
[INFO] 2018-10-23 18:48:11,809 WARN  (IndexedObjectUnionOf:92) [reasoner.indexing.IndexedObjectUnionOf]ELK does not support positive occurrences of ObjectUnionOf. Reasoning might be incomplete!
[INFO] 2018-10-23 18:48:11,810 WARN  (IndexedObjectUnionOf:92) [reasoner.indexing.IndexedObjectUnionOf]ELK does not support positive occurrences of ObjectUnionOf. Reasoning might be incomplete!
[INFO] 2018-10-23 18:48:11,811 WARN  (IndexedObjectUnionOf:92) [reasoner.indexing.IndexedObjectUnionOf]ELK does not support positive occurrences of ObjectUnionOf. Reasoning might be incomplete!
[INFO] 2018-10-23 18:48:11,813 WARN  (ChangeIndexingProcessor:66) [reasoner.indexing.axiomIgnored]ELK does not support ObjectAllValuesFrom. Axiom ignored:
[INFO] EquivalentClasses(<http://purl.obolibrary.org/obo/FOODON_03413400> ObjectIntersectionOf(ObjectSomeValuesFrom(<http://purl.obolibrary.org/obo/FOODON_00001303> <http://purl.obolibrary.org/obo/NCBITaxon_3823>) ObjectAllValuesFrom(<http://purl.obolibrary.org/obo/FOODON_00001303> <http://purl.obolibrary.org/obo/NCBITaxon_3823>)))
[INFO] 2018-10-23 18:48:11,814 WARN  (IndexedObjectUnionOf:92) [reasoner.indexing.IndexedObjectUnionOf]ELK does not support positive occurrences of ObjectUnionOf. Reasoning might be incomplete!
[INFO] 2018-10-23 18:48:11,816 WARN  (ChangeIndexingProcessor:66) [reasoner.indexing.axiomIgnored]ELK does not support ObjectAllValuesFrom. Axiom ignored:
[INFO] EquivalentClasses(<http://purl.obolibrary.org/obo/FOODON_03412067> ObjectIntersectionOf(ObjectSomeValuesFrom(<http://purl.obolibrary.org/obo/FOODON_00001303> <http://purl.obolibrary.org/obo/NCBITaxon_3656>) ObjectAllValuesFrom(<http://purl.obolibrary.org/obo/FOODON_00001303> <http://purl.obolibrary.org/obo/NCBITaxon_3656>)))
[INFO] 2018-10-23 18:48:11,825 WARN  (ChangeIndexingProcessor:66) [reasoner.indexing.axiomIgnored]ELK does not support ObjectPropertyRange. Axiom ignored:
[INFO] ObjectPropertyRange(<http://purl.obolibrary.org/obo/RO_0002434> <http://purl.obolibrary.org/obo/BFO_0000040>)
[INFO] 2018-10-23 18:48:11,827 WARN  (ChangeIndexingProcessor:66) [reasoner.indexing.axiomIgnored]ELK does not support ObjectMinCardinality. Axiom ignored:
[INFO] SubClassOf(<http://purl.obolibrary.org/obo/ENVO_01001095> ObjectMinCardinality(2 <http://purl.obolibrary.org/obo/RO_0000057>))
[INFO] 2018-10-23 18:48:11,831 WARN  (ChangeIndexingProcessor:66) [reasoner.indexing.axiomIgnored]ELK does not support ObjectMinCardinality. Axiom ignored:
[INFO] SubClassOf(<http://purl.obolibrary.org/obo/ENVO_01001094> ObjectMinCardinality(2 <http://purl.obolibrary.org/obo/RO_0000057>))
[INFO] 2018-10-23 18:48:11,832 WARN  (ChangeIndexingProcessor:66) [reasoner.indexing.axiomIgnored]ELK does not support ObjectMinCardinality. Axiom ignored:
[INFO] SubClassOf(<http://purl.obolibrary.org/obo/ENVO_01000941> ObjectMinCardinality(1 <http://purl.obolibrary.org/obo/RO_0002131>))
[INFO] 2018-10-23 18:48:11,835 WARN  (ChangeIndexingProcessor:66) [reasoner.indexing.axiomIgnored]ELK does not support ObjectMinCardinality. Axiom ignored:
[INFO] SubClassOf(<http://purl.obolibrary.org/obo/ENVO_01001150> ObjectMinCardinality(1 <http://purl.obolibrary.org/obo/BFO_0000051>))
[INFO] 2018-10-23 18:48:11,839 WARN  (ChangeIndexingProcessor:66) [reasoner.indexing.axiomIgnored]ELK does not support DataMinCardinality. Axiom ignored:
[INFO] SubClassOf(<http://purl.obolibrary.org/obo/IAO_0000032> DataMinCardinality(1 <http://purl.obolibrary.org/obo/IAO_0000004>))
[INFO] 2018-10-23 18:48:11,840 WARN  (IndexedObjectComplementOf:84) [reasoner.indexing.IndexedObjectComplementOf]ELK does not support negative occurrences of ObjectComplementOf. Reasoning might be incomplete!
[INFO] 2018-10-23 18:48:11,841 WARN  (IndexedObjectUnionOf:92) [reasoner.indexing.IndexedObjectUnionOf]ELK does not support positive occurrences of ObjectUnionOf. Reasoning might be incomplete!
[INFO] 2018-10-23 18:48:11,842 WARN  (ChangeIndexingProcessor:66) [reasoner.indexing.axiomIgnored]ELK does not support ObjectPropertyRange. Axiom ignored:
[INFO] ObjectPropertyRange(<http://purl.obolibrary.org/obo/RO_0002437> <http://purl.obolibrary.org/obo/BFO_0000040>)
[INFO] 2018-10-23 18:48:11,847 WARN  (ChangeIndexingProcessor:66) [reasoner.indexing.axiomIgnored]ELK does not support ObjectMinCardinality. Axiom ignored:
[INFO] SubClassOf(<http://purl.obolibrary.org/obo/ENVO_01001096> ObjectMinCardinality(2 <http://purl.obolibrary.org/obo/RO_0000057>))
[INFO] 2018-10-23 18:48:11,848 WARN  (IndexedObjectUnionOf:92) [reasoner.indexing.IndexedObjectUnionOf]ELK does not support positive occurrences of ObjectUnionOf. Reasoning might be incomplete!
[INFO] 2018-10-23 18:48:11,851 WARN  (IndexedObjectUnionOf:92) [reasoner.indexing.IndexedObjectUnionOf]ELK does not support positive occurrences of ObjectUnionOf. Reasoning might be incomplete!
[INFO] 2018-10-23 18:48:11,852 WARN  (ChangeIndexingProcessor:66) [reasoner.indexing.axiomIgnored]ELK does not support ObjectMinCardinality. Axiom ignored:
[INFO] SubClassOf(<http://purl.obolibrary.org/obo/ENVO_01001151> ObjectMinCardinality(1 <http://purl.obolibrary.org/obo/BFO_0000051>))
[INFO] 2018-10-23 18:48:11,855 WARN  (ChangeIndexingProcessor:66) [reasoner.indexing.axiomIgnored]ELK does not support ObjectAllValuesFrom. Axiom ignored:
[INFO] EquivalentClasses(<http://purl.obolibrary.org/obo/FOODON_03411100> ObjectIntersectionOf(ObjectSomeValuesFrom(<http://purl.obolibrary.org/obo/FOODON_00001303> <http://purl.obolibrary.org/obo/NCBITaxon_3917>) ObjectAllValuesFrom(<http://purl.obolibrary.org/obo/FOODON_00001303> <http://purl.obolibrary.org/obo/NCBITaxon_3917>)))
[INFO] 2018-10-23 18:48:11,856 WARN  (IndexedObjectUnionOf:92) [reasoner.indexing.IndexedObjectUnionOf]ELK does not support positive occurrences of ObjectUnionOf. Reasoning might be incomplete!
[INFO] 2018-10-23 18:48:11,858 WARN  (ChangeIndexingProcessor:66) [reasoner.indexing.axiomIgnored]ELK does not support ObjectAllValuesFrom. Axiom ignored:
[INFO] EquivalentClasses(<http://purl.obolibrary.org/obo/FOODON_03413376> ObjectIntersectionOf(ObjectSomeValuesFrom(<http://purl.obolibrary.org/obo/FOODON_00001303> <http://purl.obolibrary.org/obo/NCBITaxon_3712>) ObjectAllValuesFrom(<http://purl.obolibrary.org/obo/FOODON_00001303> <http://purl.obolibrary.org/obo/NCBITaxon_3712>)))
[INFO] 2018-10-23 18:48:11,858 WARN  (ChangeIndexingProcessor:66) [reasoner.indexing.axiomIgnored]ELK does not support ObjectAllValuesFrom. Axiom ignored:
[INFO] EquivalentClasses(<http://purl.obolibrary.org/obo/FOODON_03413375> ObjectIntersectionOf(ObjectSomeValuesFrom(<http://purl.obolibrary.org/obo/FOODON_00001303> <http://purl.obolibrary.org/obo/NCBITaxon_3712>) ObjectAllValuesFrom(<http://purl.obolibrary.org/obo/FOODON_00001303> <http://purl.obolibrary.org/obo/NCBITaxon_3712>)))
[INFO] 2018-10-23 18:48:11,860 WARN  (IndexedObjectUnionOf:92) [reasoner.indexing.IndexedObjectUnionOf]ELK does not support positive occurrences of ObjectUnionOf. Reasoning might be incomplete!
[INFO] 2018-10-23 18:48:11,866 WARN  (IndexedObjectUnionOf:92) [reasoner.indexing.IndexedObjectUnionOf]ELK does not support positive occurrences of ObjectUnionOf. Reasoning might be incomplete!
[INFO] 2018-10-23 18:48:11,869 WARN  (ChangeIndexingProcessor:66) [reasoner.indexing.axiomIgnored]ELK does not support ObjectAllValuesFrom. Axiom ignored:
[INFO] EquivalentClasses(<http://purl.obolibrary.org/obo/ENVO_01001373> ObjectIntersectionOf(<http://purl.obolibrary.org/obo/ENVO_01001359> ObjectAllValuesFrom(<http://purl.obolibrary.org/obo/RO_0002233> <http://purl.obolibrary.org/obo/ENVO_01000797>)))
[INFO] 2018-10-23 18:48:11,871 WARN  (IndexedObjectUnionOf:92) [reasoner.indexing.IndexedObjectUnionOf]ELK does not support positive occurrences of ObjectUnionOf. Reasoning might be incomplete!
[INFO] 2018-10-23 18:48:11,872 WARN  (IndexedObjectUnionOf:92) [reasoner.indexing.IndexedObjectUnionOf]ELK does not support positive occurrences of ObjectUnionOf. Reasoning might be incomplete!
[INFO] 2018-10-23 18:48:11,876 WARN  (ChangeIndexingProcessor:66) [reasoner.indexing.axiomIgnored]ELK does not support ObjectMinCardinality. Axiom ignored:
[INFO] SubClassOf(<http://purl.obolibrary.org/obo/ENVO_01001098> ObjectMinCardinality(2 <http://purl.obolibrary.org/obo/RO_0002131>))
[INFO] 2018-10-23 18:48:11,877 WARN  (IndexedObjectUnionOf:92) [reasoner.indexing.IndexedObjectUnionOf]ELK does not support positive occurrences of ObjectUnionOf. Reasoning might be incomplete!
[INFO] 2018-10-23 18:48:11,878 WARN  (ChangeIndexingProcessor:66) [reasoner.indexing.axiomIgnored]ELK does not support IrreflexiveObjectProperty. Axiom ignored:
[INFO] IrreflexiveObjectProperty(<http://purl.obolibrary.org/obo/RO_0002351>)
[INFO] 2018-10-23 18:48:11,880 WARN  (ChangeIndexingProcessor:66) [reasoner.indexing.axiomIgnored]ELK does not support ObjectAllValuesFrom. Axiom ignored:
[INFO] EquivalentClasses(<http://purl.obolibrary.org/obo/FOODON_03307879> ObjectIntersectionOf(<http://purl.obolibrary.org/obo/FOODON_00001152> ObjectAllValuesFrom(<http://purl.obolibrary.org/obo/BFO_0000051> <http://purl.obolibrary.org/obo/PO_0009010>)))
[INFO] 2018-10-23 18:48:11,881 WARN  (ChangeIndexingProcessor:66) [reasoner.indexing.axiomIgnored]ELK does not support InverseObjectProperties. Axiom ignored:
[INFO] InverseObjectProperties(<http://purl.obolibrary.org/obo/RO_0002559> <http://purl.obolibrary.org/obo/RO_0002566>)
[INFO] 2018-10-23 18:48:11,882 WARN  (ChangeIndexingProcessor:66) [reasoner.indexing.axiomIgnored]ELK does not support ObjectAllValuesFrom. Axiom ignored:
[INFO] EquivalentClasses(<http://purl.obolibrary.org/obo/ENVO_01001368> ObjectIntersectionOf(<http://purl.obolibrary.org/obo/ENVO_01001366> ObjectAllValuesFrom(<http://purl.obolibrary.org/obo/RO_0002233> <http://purl.obolibrary.org/obo/ENVO_01000797>)))
[INFO] 2018-10-23 18:48:11,885 WARN  (IndexedObjectUnionOf:92) [reasoner.indexing.IndexedObjectUnionOf]ELK does not support positive occurrences of ObjectUnionOf. Reasoning might be incomplete!
[INFO] 2018-10-23 18:48:11,887 WARN  (ChangeIndexingProcessor:66) [reasoner.indexing.axiomIgnored]ELK does not support InverseObjectProperties. Axiom ignored:
[INFO] InverseObjectProperties(<http://purl.obolibrary.org/obo/BFO_0000066> <http://purl.obolibrary.org/obo/BFO_0000067>)
[INFO] 2018-10-23 18:48:11,888 WARN  (ChangeIndexingProcessor:66) [reasoner.indexing.axiomIgnored]ELK does not support InverseObjectProperties. Axiom ignored:
[INFO] InverseObjectProperties(<http://purl.obolibrary.org/obo/BFO_0000062> <http://purl.obolibrary.org/obo/BFO_0000063>)
[INFO] 2018-10-23 18:48:11,893 WARN  (IndexedObjectUnionOf:92) [reasoner.indexing.IndexedObjectUnionOf]ELK does not support positive occurrences of ObjectUnionOf. Reasoning might be incomplete!
[INFO] 2018-10-23 18:48:11,898 WARN  (ChangeIndexingProcessor:66) [reasoner.indexing.axiomIgnored]ELK does not support ObjectMinCardinality. Axiom ignored:
[INFO] SubClassOf(<http://purl.obolibrary.org/obo/UBERON_0013686> ObjectIntersectionOf(ObjectMinCardinality(2 <http://purl.obolibrary.org/obo/RO_0002176>) ObjectMaxCardinality(2 <http://purl.obolibrary.org/obo/RO_0002176>)))
[INFO] 2018-10-23 18:48:11,900 WARN  (ChangeIndexingProcessor:66) [reasoner.indexing.axiomIgnored]ELK does not support ObjectPropertyRange. Axiom ignored:
[INFO] ObjectPropertyRange(<http://purl.obolibrary.org/obo/RO_0002254> <http://purl.obolibrary.org/obo/CARO_0000003>)
[INFO] 2018-10-23 18:48:11,902 WARN  (ChangeIndexingProcessor:66) [reasoner.indexing.axiomIgnored]ELK does not support ObjectAllValuesFrom. Axiom ignored:
[INFO] EquivalentClasses(<http://purl.obolibrary.org/obo/FOODON_03411200> ObjectIntersectionOf(ObjectSomeValuesFrom(<http://purl.obolibrary.org/obo/FOODON_00001303> <http://purl.obolibrary.org/obo/NCBITaxon_3917>) ObjectAllValuesFrom(<http://purl.obolibrary.org/obo/FOODON_00001303> <http://purl.obolibrary.org/obo/NCBITaxon_3917>)))
[INFO] 2018-10-23 18:48:11,905 WARN  (IndexedObjectUnionOf:92) [reasoner.indexing.IndexedObjectUnionOf]ELK does not support positive occurrences of ObjectUnionOf. Reasoning might be incomplete!
[INFO] 2018-10-23 18:48:11,910 WARN  (ChangeIndexingProcessor:66) [reasoner.indexing.axiomIgnored]ELK does not support ObjectMaxCardinality. Axiom ignored:
[INFO] SubClassOf(<http://purl.obolibrary.org/obo/ENVO_01000900> ObjectMaxCardinality(1 <http://purl.obolibrary.org/obo/RO_0000057>))
[INFO] 2018-10-23 18:48:11,914 WARN  (ChangeIndexingProcessor:66) [reasoner.indexing.axiomIgnored]ELK does not support ObjectAllValuesFrom. Axiom ignored:
[INFO] EquivalentClasses(<http://purl.obolibrary.org/obo/FOODON_03411457> ObjectIntersectionOf(ObjectSomeValuesFrom(<http://purl.obolibrary.org/obo/FOODON_00001303> <http://purl.obolibrary.org/obo/NCBITaxon_9031>) ObjectAllValuesFrom(<http://purl.obolibrary.org/obo/FOODON_00001303> <http://purl.obolibrary.org/obo/NCBITaxon_9031>)))
[INFO] 2018-10-23 18:48:11,916 WARN  (ChangeIndexingProcessor:66) [reasoner.indexing.axiomIgnored]ELK does not support ObjectPropertyRange. Axiom ignored:
[INFO] ObjectPropertyRange(<http://purl.obolibrary.org/obo/RO_0002091> <http://purl.obolibrary.org/obo/BFO_0000003>)
[INFO] 2018-10-23 18:48:11,917 WARN  (ChangeIndexingProcessor:66) [reasoner.indexing.axiomIgnored]ELK does not support InverseObjectProperties. Axiom ignored:
[INFO] InverseObjectProperties(<http://purl.obolibrary.org/obo/BFO_0000054> <http://purl.obolibrary.org/obo/BFO_0000055>)
[INFO] 2018-10-23 18:48:11,918 WARN  (ChangeIndexingProcessor:66) [reasoner.indexing.axiomIgnored]ELK does not support InverseObjectProperties. Axiom ignored:
[INFO] InverseObjectProperties(<http://purl.obolibrary.org/obo/BFO_0000050> <http://purl.obolibrary.org/obo/BFO_0000051>)
[INFO] 2018-10-23 18:48:11,919 WARN  (ChangeIndexingProcessor:66) [reasoner.indexing.axiomIgnored]ELK does not support ObjectAllValuesFrom. Axiom ignored:
[INFO] EquivalentClasses(<http://purl.obolibrary.org/obo/FOODON_03411236> ObjectIntersectionOf(ObjectSomeValuesFrom(<http://purl.obolibrary.org/obo/FOODON_00001303> <http://purl.obolibrary.org/obo/NCBITaxon_9102>) ObjectAllValuesFrom(<http://purl.obolibrary.org/obo/FOODON_00001303> <http://purl.obolibrary.org/obo/NCBITaxon_9102>)))
[INFO] 2018-10-23 18:48:11,920 WARN  (IndexedObjectUnionOf:92) [reasoner.indexing.IndexedObjectUnionOf]ELK does not support positive occurrences of ObjectUnionOf. Reasoning might be incomplete!
[INFO] 2018-10-23 18:48:11,921 WARN  (ChangeIndexingProcessor:66) [reasoner.indexing.axiomIgnored]ELK does not support InverseObjectProperties. Axiom ignored:
[INFO] InverseObjectProperties(<http://purl.obolibrary.org/obo/RO_0002213> <http://purl.obolibrary.org/obo/RO_0002336>)
[INFO] 2018-10-23 18:48:11,922 WARN  (ChangeIndexingProcessor:66) [reasoner.indexing.axiomIgnored]ELK does not support InverseObjectProperties. Axiom ignored:
[INFO] InverseObjectProperties(<http://purl.obolibrary.org/obo/RO_0002212> <http://purl.obolibrary.org/obo/RO_0002335>)
[INFO] 2018-10-23 18:48:11,922 WARN  (ChangeIndexingProcessor:66) [reasoner.indexing.axiomIgnored]ELK does not support InverseObjectProperties. Axiom ignored:
[INFO] InverseObjectProperties(<http://purl.obolibrary.org/obo/RO_0002211> <http://purl.obolibrary.org/obo/RO_0002334>)
[INFO] 2018-10-23 18:48:11,923 WARN  (IndexedObjectUnionOf:92) [reasoner.indexing.IndexedObjectUnionOf]ELK does not support positive occurrences of ObjectUnionOf. Reasoning might be incomplete!
[INFO] 2018-10-23 18:48:11,927 WARN  (IndexedObjectUnionOf:92) [reasoner.indexing.IndexedObjectUnionOf]ELK does not support positive occurrences of ObjectUnionOf. Reasoning might be incomplete!
[INFO] 2018-10-23 18:48:11,928 WARN  (ChangeIndexingProcessor:66) [reasoner.indexing.axiomIgnored]ELK does not support ObjectPropertyRange. Axiom ignored:
[INFO] ObjectPropertyRange(<http://purl.obolibrary.org/obo/RO_0002007> <http://purl.obolibrary.org/obo/BFO_0000040>)
[INFO] 2018-10-23 18:48:11,929 WARN  (ChangeIndexingProcessor:66) [reasoner.indexing.axiomIgnored]ELK does not support ObjectPropertyRange. Axiom ignored:
[INFO] ObjectPropertyRange(<http://purl.obolibrary.org/obo/RO_0002295> <http://purl.obolibrary.org/obo/CARO_0000003>)
[INFO] 2018-10-23 18:48:11,932 WARN  (IndexedObjectUnionOf:92) [reasoner.indexing.IndexedObjectUnionOf]ELK does not support positive occurrences of ObjectUnionOf. Reasoning might be incomplete!
[INFO] 2018-10-23 18:48:11,935 WARN  (IndexedObjectUnionOf:92) [reasoner.indexing.IndexedObjectUnionOf]ELK does not support positive occurrences of ObjectUnionOf. Reasoning might be incomplete!
[INFO] 2018-10-23 18:48:11,941 WARN  (ChangeIndexingProcessor:66) [reasoner.indexing.axiomIgnored]ELK does not support InverseObjectProperties. Axiom ignored:
[INFO] InverseObjectProperties(<http://purl.obolibrary.org/obo/RO_0002234> <http://purl.obolibrary.org/obo/RO_0002353>)
[INFO] 2018-10-23 18:48:11,941 WARN  (ChangeIndexingProcessor:66) [reasoner.indexing.axiomIgnored]ELK does not support InverseObjectProperties. Axiom ignored:
[INFO] InverseObjectProperties(<http://purl.obolibrary.org/obo/RO_0002233> <http://purl.obolibrary.org/obo/RO_0002352>)
[INFO] 2018-10-23 18:48:11,944 WARN  (ChangeIndexingProcessor:66) [reasoner.indexing.axiomIgnored]ELK does not support ObjectAllValuesFrom. Axiom ignored:
[INFO] EquivalentClasses(<http://purl.obolibrary.org/obo/FOODON_03411196> ObjectIntersectionOf(ObjectSomeValuesFrom(<http://purl.obolibrary.org/obo/FOODON_00001303> <http://purl.obolibrary.org/obo/NCBITaxon_3917>) ObjectAllValuesFrom(<http://purl.obolibrary.org/obo/FOODON_00001303> <http://purl.obolibrary.org/obo/NCBITaxon_3917>)))
[INFO] 2018-10-23 18:48:11,946 WARN  (ChangeIndexingProcessor:66) [reasoner.indexing.axiomIgnored]ELK does not support ObjectPropertyRange. Axiom ignored:
[INFO] ObjectPropertyRange(<http://purl.obolibrary.org/obo/RO_0002202> <http://purl.obolibrary.org/obo/BFO_0000004>)
[INFO] 2018-10-23 18:48:11,950 WARN  (ChangeIndexingProcessor:66) [reasoner.indexing.axiomIgnored]ELK does not support InverseObjectProperties. Axiom ignored:
[INFO] InverseObjectProperties(<http://purl.obolibrary.org/obo/RO_0002297> <http://purl.obolibrary.org/obo/RO_0002354>)
[INFO] 2018-10-23 18:48:11,950 WARN  (ChangeIndexingProcessor:66) [reasoner.indexing.axiomIgnored]ELK does not support ObjectAllValuesFrom. Axiom ignored:
[INFO] EquivalentClasses(<http://purl.obolibrary.org/obo/FOODON_03411454> ObjectIntersectionOf(ObjectSomeValuesFrom(<http://purl.obolibrary.org/obo/FOODON_00001303> <http://purl.obolibrary.org/obo/NCBITaxon_4577>) ObjectAllValuesFrom(<http://purl.obolibrary.org/obo/FOODON_00001303> <http://purl.obolibrary.org/obo/NCBITaxon_4577>)))
[INFO] 2018-10-23 18:48:11,956 WARN  (ChangeIndexingProcessor:66) [reasoner.indexing.axiomIgnored]ELK does not support ObjectMinCardinality. Axiom ignored:
[INFO] SubClassOf(<http://purl.obolibrary.org/obo/ENVO_01001174> ObjectMinCardinality(1 <http://purl.obolibrary.org/obo/RO_0000057>))
[INFO] 2018-10-23 18:48:11,956 WARN  (ChangeIndexingProcessor:66) [reasoner.indexing.axiomIgnored]ELK does not support SymmetricObjectProperty. Axiom ignored:
[INFO] SymmetricObjectProperty(<http://purl.obolibrary.org/obo/RO_0002371>)
[INFO] 2018-10-23 18:48:11,958 WARN  (IndexedObjectUnionOf:92) [reasoner.indexing.IndexedObjectUnionOf]ELK does not support positive occurrences of ObjectUnionOf. Reasoning might be incomplete!
[INFO] 2018-10-23 18:48:11,963 WARN  (IndexedObjectUnionOf:92) [reasoner.indexing.IndexedObjectUnionOf]ELK does not support positive occurrences of ObjectUnionOf. Reasoning might be incomplete!
[INFO] 2018-10-23 18:48:11,964 WARN  (ChangeIndexingProcessor:66) [reasoner.indexing.axiomIgnored]ELK does not support ObjectAllValuesFrom. Axiom ignored:
[INFO] EquivalentClasses(<http://purl.obolibrary.org/obo/FOODON_03411230> ObjectIntersectionOf(ObjectSomeValuesFrom(<http://purl.obolibrary.org/obo/FOODON_00001303> <http://purl.obolibrary.org/obo/NCBITaxon_4513>) ObjectAllValuesFrom(<http://purl.obolibrary.org/obo/FOODON_00001303> <http://purl.obolibrary.org/obo/NCBITaxon_4513>)))
[INFO] 2018-10-23 18:48:11,964 INFO  (LoggingStageExecutor:103) Loading of Axioms took 803 ms
[INFO] 2018-10-23 18:48:11,964 INFO  (LoggingStageExecutor:70) Property Saturation Initialization started
[INFO] 2018-10-23 18:48:11,968 INFO  (AbstractReasonerStage:161) Property Saturation Initialization using 2 workers
[INFO] 2018-10-23 18:48:11,969 INFO  (LoggingStageExecutor:103) Property Saturation Initialization took 4 ms
[INFO] 2018-10-23 18:48:11,969 INFO  (LoggingStageExecutor:70) Reflexive Property Computation started
[INFO] 2018-10-23 18:48:11,974 INFO  (AbstractReasonerStage:161) Reflexive Property Computation using 2 workers
[INFO] 2018-10-23 18:48:11,979 INFO  (LoggingStageExecutor:103) Reflexive Property Computation took 9 ms
[INFO] 2018-10-23 18:48:11,979 INFO  (LoggingStageExecutor:70) Object Property Hierarchy and Composition Computation started
[INFO] 2018-10-23 18:48:11,982 INFO  (AbstractReasonerStage:161) Object Property Hierarchy and Composition Computation using 2 workers
[INFO] 2018-10-23 18:48:12,007 INFO  (LoggingStageExecutor:103) Object Property Hierarchy and Composition Computation took 27 ms
[INFO] 2018-10-23 18:48:12,007 INFO  (LoggingStageExecutor:70) Context Initialization started
[INFO] 2018-10-23 18:48:12,008 INFO  (AbstractReasonerStage:161) Context Initialization using 2 workers
[INFO] 2018-10-23 18:48:12,011 INFO  (LoggingStageExecutor:103) Context Initialization took 3 ms
[INFO] 2018-10-23 18:48:12,011 INFO  (LoggingStageExecutor:70) Consistency Checking started
[INFO] 2018-10-23 18:48:12,018 INFO  (AbstractReasonerStage:161) Consistency Checking using 2 workers
[INFO] 2018-10-23 18:48:12,091 INFO  (LoggingStageExecutor:103) Consistency Checking took 80 ms
[INFO] 2018-10-23 18:48:12,092 INFO  (LoggingStageExecutor:70) Class Taxonomy Computation started
[INFO] 2018-10-23 18:48:12,101 INFO  (AbstractReasonerStage:161) Class Taxonomy Computation using 2 workers
[INFO] 2018-10-23 18:48:16,984 INFO  (LoggingStageExecutor:103) Class Taxonomy Computation took 4892 ms
[INFO] E: owl:Nothing owl:Nothing
[INFO] 2018-10-23 18:48:16,987 INFO  (CommandRunnerBase:78) disposing of org.semanticweb.elk.owlapi.ElkReasoner@5b43fbf6
[INFO] 2018-10-23 18:48:16,988 INFO  (Reasoner:231) ELK reasoner has shut down
[INFO] 2018-10-23 18:48:16,988 INFO  (CommandRunnerBase:70) disposing of org.semanticweb.elk.owlapi.ElkReasoner@5b43fbf6
[INFO] ------------------------------------------------------------------------
[INFO] BUILD SUCCESS
[INFO] ------------------------------------------------------------------------
[INFO] Total time: 13.129s
[INFO] Finished at: Tue Oct 23 18:48:17 UTC 2018
[INFO] Final Memory: 5M/229M
[INFO] ------------------------------------------------------------------------
Tue Oct 23 18:48:17 UTC 2018
