Tue Oct 23 18:48:03 UTC 2018
Querying for incoherent classes in: /mnt/efsdata/obo-ci-data/base/ontologies/ero/ero_flat.owl
[INFO] Error stacktraces are turned on.
[INFO] Scanning for projects...
[INFO]                                                                         
[INFO] ------------------------------------------------------------------------
[INFO] Building incoherent-query 1.0
[INFO] ------------------------------------------------------------------------
[INFO] 
[INFO] --- exec-maven-plugin:1.1:exec (default-cli) @ incoherent-query ---
[INFO] 2018-10-23 18:48:07,278 INFO  (ParserWrapper:75) Start loading ontology: file:/mnt/efsdata/obo-ci-data/base/ontologies/ero/ero_flat.owl from: file:/mnt/efsdata/obo-ci-data/base/ontologies/ero/ero_flat.owl
[INFO] 2018-10-23 18:48:09,035 INFO  (ParserWrapper:82) Finished loading ontology: http://purl.obolibrary.org/obo/ero.owl from: file:/mnt/efsdata/obo-ci-data/base/ontologies/ero/ero_flat.owl
[INFO] # PARSING: <http://www.w3.org/2002/07/owl#Nothing>
[INFO] 2018-10-23 18:48:09,092 INFO  (ManchesterSyntaxTool:130) parsing: <http://www.w3.org/2002/07/owl#Nothing>
[INFO] # QUERY: owl:Nothing owl:Nothing
[INFO] 2018-10-23 18:48:09,141 INFO  (ConfigurationFactory:83) Loading default configuration parameters for class org.semanticweb.elk.reasoner.config.ReasonerConfiguration
[INFO] 2018-10-23 18:48:09,319 INFO  (Reasoner:117) ELK reasoner was created
[INFO] 2018-10-23 18:48:09,320 INFO  (CommandRunner:6042) Created reasoner: org.semanticweb.elk.owlapi.ElkReasoner@58359ebd
[INFO] 2018-10-23 18:48:09,321 INFO  (LoggingStageExecutor:70) Loading of Axioms started
[INFO] 2018-10-23 18:48:09,327 INFO  (AbstractReasonerStage:161) Loading of Axioms using 2 workers
[INFO] 2018-10-23 18:48:09,344 WARN  (ChangeIndexingProcessor:66) [reasoner.indexing.axiomIgnored]ELK does not support ObjectPropertyRange. Axiom ignored:
[INFO] ObjectPropertyRange(<http://purl.obolibrary.org/obo/ERO_0001521> <http://xmlns.com/foaf/0.1/Organization>)
[INFO] 2018-10-23 18:48:09,345 WARN  (ChangeIndexingProcessor:66) [reasoner.indexing.axiomIgnored]ELK does not support InverseObjectProperties. Axiom ignored:
[INFO] InverseObjectProperties(<http://purl.obolibrary.org/obo/ERO_0000023> <http://purl.obolibrary.org/obo/ERO_0000597>)
[INFO] 2018-10-23 18:48:09,350 WARN  (ChangeIndexingProcessor:66) [reasoner.indexing.axiomIgnored]ELK does not support DataPropertyDomain. Axiom ignored:
[INFO] DataPropertyDomain(<http://purl.obolibrary.org/obo/ERO_0001985> <http://purl.obolibrary.org/obo/ERO_0001964>)
[INFO] 2018-10-23 18:48:09,352 WARN  (ChangeIndexingProcessor:66) [reasoner.indexing.axiomIgnored]ELK does not support DataPropertyDomain. Axiom ignored:
[INFO] DataPropertyDomain(<http://purl.obolibrary.org/obo/ERO_0000055> <http://vivoweb.org/ontology/core#Laboratory>)
[INFO] 2018-10-23 18:48:09,353 WARN  (ChangeIndexingProcessor:66) [reasoner.indexing.axiomIgnored]ELK does not support DataPropertyRange. Axiom ignored:
[INFO] DataPropertyRange(<http://purl.obolibrary.org/obo/ERO_0000040> <http://www.w3.org/2001/XMLSchema#string>)
[INFO] 2018-10-23 18:48:09,355 WARN  (ChangeIndexingProcessor:66) [reasoner.indexing.axiomIgnored]ELK does not support FunctionalDataProperty. Axiom ignored:
[INFO] FunctionalDataProperty(<http://purl.obolibrary.org/obo/ERO_0000236>)
[INFO] 2018-10-23 18:48:09,358 WARN  (IndexedObjectUnionOf:92) [reasoner.indexing.IndexedObjectUnionOf]ELK does not support positive occurrences of ObjectUnionOf. Reasoning might be incomplete!
[INFO] 2018-10-23 18:48:09,361 WARN  (ChangeIndexingProcessor:66) [reasoner.indexing.axiomIgnored]ELK does not support ObjectPropertyRange. Axiom ignored:
[INFO] ObjectPropertyRange(<http://purl.obolibrary.org/obo/ERO_0000078> <http://purl.obolibrary.org/obo/OBI_0200166>)
[INFO] 2018-10-23 18:48:09,363 WARN  (ChangeIndexingProcessor:66) [reasoner.indexing.axiomIgnored]ELK does not support DataPropertyDomain. Axiom ignored:
[INFO] DataPropertyDomain(<http://purl.obolibrary.org/obo/ERO_0001986> <http://purl.obolibrary.org/obo/ERO_0001964>)
[INFO] 2018-10-23 18:48:09,365 WARN  (ChangeIndexingProcessor:66) [reasoner.indexing.axiomIgnored]ELK does not support DataPropertyRange. Axiom ignored:
[INFO] DataPropertyRange(<http://purl.obolibrary.org/obo/ERO_0000041> <http://www.w3.org/2001/XMLSchema#string>)
[INFO] 2018-10-23 18:48:09,373 WARN  (ChangeIndexingProcessor:66) [reasoner.indexing.axiomIgnored]ELK does not support ObjectOneOf. Axiom ignored:
[INFO] EquivalentClasses(<http://purl.obolibrary.org/obo/IAO_0000225> ObjectOneOf(<http://purl.obolibrary.org/obo/IAO_0000229> <http://purl.obolibrary.org/obo/IAO_0000227> <http://purl.obolibrary.org/obo/IAO_0000228> <http://purl.obolibrary.org/obo/IAO_0000226> <http://purl.obolibrary.org/obo/IAO_0000103>))
[INFO] 2018-10-23 18:48:09,374 WARN  (IndexedObjectUnionOf:92) [reasoner.indexing.IndexedObjectUnionOf]ELK does not support positive occurrences of ObjectUnionOf. Reasoning might be incomplete!
[INFO] 2018-10-23 18:48:09,375 WARN  (IndexedObjectUnionOf:92) [reasoner.indexing.IndexedObjectUnionOf]ELK does not support positive occurrences of ObjectUnionOf. Reasoning might be incomplete!
[INFO] 2018-10-23 18:48:09,381 WARN  (ChangeIndexingProcessor:66) [reasoner.indexing.axiomIgnored]ELK does not support ObjectPropertyRange. Axiom ignored:
[INFO] ObjectPropertyRange(<http://purl.obolibrary.org/obo/OBI_0000304> ObjectUnionOf(<http://purl.obolibrary.org/obo/NCBITaxon_9606> <http://xmlns.com/foaf/0.1/Organization>))
[INFO] 2018-10-23 18:48:09,381 WARN  (ChangeIndexingProcessor:66) [reasoner.indexing.axiomIgnored]ELK does not support ObjectPropertyRange. Axiom ignored:
[INFO] ObjectPropertyRange(<http://purl.obolibrary.org/obo/ERO_0001520> <http://purl.obolibrary.org/obo/ERO_0000015>)
[INFO] 2018-10-23 18:48:09,382 WARN  (ChangeIndexingProcessor:66) [reasoner.indexing.axiomIgnored]ELK does not support DataPropertyDomain. Axiom ignored:
[INFO] DataPropertyDomain(<http://purl.obolibrary.org/obo/ERO_0001546> <http://purl.obolibrary.org/obo/ERO_0001541>)
[INFO] 2018-10-23 18:48:09,387 WARN  (ChangeIndexingProcessor:66) [reasoner.indexing.axiomIgnored]ELK does not support DataPropertyRange. Axiom ignored:
[INFO] DataPropertyRange(<http://purl.obolibrary.org/obo/ERO_0001971> <http://www.w3.org/2001/XMLSchema#string>)
[INFO] 2018-10-23 18:48:09,387 WARN  (ChangeIndexingProcessor:66) [reasoner.indexing.axiomIgnored]ELK does not support DataPropertyRange. Axiom ignored:
[INFO] DataPropertyRange(<http://purl.obolibrary.org/obo/ERO_0000042> <http://www.w3.org/2001/XMLSchema#string>)
[INFO] 2018-10-23 18:48:09,388 WARN  (ChangeIndexingProcessor:66) [reasoner.indexing.axiomIgnored]ELK does not support InverseObjectProperties. Axiom ignored:
[INFO] InverseObjectProperties(<http://purl.obolibrary.org/obo/ERO_0000232> <http://purl.obolibrary.org/obo/ERO_0001598>)
[INFO] 2018-10-23 18:48:09,405 WARN  (ChangeIndexingProcessor:66) [reasoner.indexing.axiomIgnored]ELK does not support ObjectPropertyRange. Axiom ignored:
[INFO] ObjectPropertyRange(<http://purl.obolibrary.org/obo/ERO_0001056> <http://purl.obolibrary.org/obo/ERO_0000285>)
[INFO] 2018-10-23 18:48:09,406 WARN  (IndexedObjectUnionOf:92) [reasoner.indexing.IndexedObjectUnionOf]ELK does not support positive occurrences of ObjectUnionOf. Reasoning might be incomplete!
[INFO] 2018-10-23 18:48:09,420 WARN  (ChangeIndexingProcessor:66) [reasoner.indexing.axiomIgnored]ELK does not support DataPropertyDomain. Axiom ignored:
[INFO] DataPropertyDomain(<http://purl.obolibrary.org/obo/ERO_0000574> ObjectUnionOf(<http://purl.obolibrary.org/obo/ERO_0000161> <http://purl.obolibrary.org/obo/ERO_0000404> <http://purl.obolibrary.org/obo/ERO_0000630> <http://purl.obolibrary.org/obo/ERO_0001542> <http://purl.obolibrary.org/obo/ERO_0001545> <http://purl.obolibrary.org/obo/ERO_0001551> <http://purl.obolibrary.org/obo/SO_0001059>))
[INFO] 2018-10-23 18:48:09,422 WARN  (ChangeIndexingProcessor:66) [reasoner.indexing.axiomIgnored]ELK does not support ObjectPropertyRange. Axiom ignored:
[INFO] ObjectPropertyRange(<http://purl.obolibrary.org/obo/ERO_0001768> <http://xmlns.com/foaf/0.1/Person>)
[INFO] 2018-10-23 18:48:09,422 WARN  (ChangeIndexingProcessor:66) [reasoner.indexing.axiomIgnored]ELK does not support ObjectPropertyRange. Axiom ignored:
[INFO] ObjectPropertyRange(<http://purl.obolibrary.org/obo/ERO_0000775> <http://purl.obolibrary.org/obo/ERO_0000776>)
[INFO] 2018-10-23 18:48:09,423 WARN  (ChangeIndexingProcessor:66) [reasoner.indexing.axiomIgnored]ELK does not support DataPropertyRange. Axiom ignored:
[INFO] DataPropertyRange(<http://purl.obolibrary.org/obo/ERO_0001519> <http://www.w3.org/2001/XMLSchema#string>)
[INFO] 2018-10-23 18:48:09,424 WARN  (ChangeIndexingProcessor:66) [reasoner.indexing.axiomIgnored]ELK does not support DataPropertyRange. Axiom ignored:
[INFO] DataPropertyRange(<http://purl.obolibrary.org/obo/ERO_0000774> <http://www.w3.org/2001/XMLSchema#string>)
[INFO] 2018-10-23 18:48:09,427 WARN  (ChangeIndexingProcessor:66) [reasoner.indexing.axiomIgnored]ELK does not support DataPropertyRange. Axiom ignored:
[INFO] DataPropertyRange(<http://purl.obolibrary.org/obo/ERO_0000044> <http://www.w3.org/2001/XMLSchema#string>)
[INFO] 2018-10-23 18:48:09,428 WARN  (IndexedObjectUnionOf:92) [reasoner.indexing.IndexedObjectUnionOf]ELK does not support positive occurrences of ObjectUnionOf. Reasoning might be incomplete!
[INFO] 2018-10-23 18:48:09,430 WARN  (ChangeIndexingProcessor:66) [reasoner.indexing.axiomIgnored]ELK does not support DataPropertyRange. Axiom ignored:
[INFO] DataPropertyRange(<http://purl.obolibrary.org/obo/ERO_0000045> <http://www.w3.org/2001/XMLSchema#string>)
[INFO] 2018-10-23 18:48:09,443 WARN  (ChangeIndexingProcessor:66) [reasoner.indexing.axiomIgnored]ELK does not support ObjectPropertyRange. Axiom ignored:
[INFO] ObjectPropertyRange(<http://purl.obolibrary.org/obo/ERO_0000552> <http://purl.obolibrary.org/obo/OBI_0100026>)
[INFO] 2018-10-23 18:48:09,448 WARN  (ChangeIndexingProcessor:66) [reasoner.indexing.axiomIgnored]ELK does not support DataPropertyRange. Axiom ignored:
[INFO] DataPropertyRange(<http://purl.obolibrary.org/obo/ERO_0000046> <http://www.w3.org/2001/XMLSchema#string>)
[INFO] 2018-10-23 18:48:09,449 WARN  (IndexedObjectUnionOf:92) [reasoner.indexing.IndexedObjectUnionOf]ELK does not support positive occurrences of ObjectUnionOf. Reasoning might be incomplete!
[INFO] 2018-10-23 18:48:09,451 WARN  (ChangeIndexingProcessor:66) [reasoner.indexing.axiomIgnored]ELK does not support InverseObjectProperties. Axiom ignored:
[INFO] InverseObjectProperties(<http://purl.obolibrary.org/obo/ERO_0000024> <http://purl.obolibrary.org/obo/ERO_0001768>)
[INFO] 2018-10-23 18:48:09,452 WARN  (ChangeIndexingProcessor:66) [reasoner.indexing.axiomIgnored]ELK does not support DataPropertyDomain. Axiom ignored:
[INFO] DataPropertyDomain(<http://purl.obolibrary.org/obo/ERO_0000236> ObjectUnionOf(<http://purl.obolibrary.org/obo/ERO_0000161> <http://purl.obolibrary.org/obo/ERO_0000404> <http://purl.obolibrary.org/obo/ERO_0000630> <http://purl.obolibrary.org/obo/ERO_0001542> <http://purl.obolibrary.org/obo/ERO_0001545> <http://purl.obolibrary.org/obo/ERO_0001551> <http://purl.obolibrary.org/obo/SO_0001059>))
[INFO] 2018-10-23 18:48:09,453 WARN  (ChangeIndexingProcessor:66) [reasoner.indexing.axiomIgnored]ELK does not support DataPropertyDomain. Axiom ignored:
[INFO] DataPropertyDomain(<http://purl.obolibrary.org/obo/ERO_0001547> ObjectUnionOf(<http://purl.obolibrary.org/obo/ERO_0001542> <http://purl.obolibrary.org/obo/ERO_0001545>))
[INFO] 2018-10-23 18:48:09,453 WARN  (IndexedObjectUnionOf:92) [reasoner.indexing.IndexedObjectUnionOf]ELK does not support positive occurrences of ObjectUnionOf. Reasoning might be incomplete!
[INFO] 2018-10-23 18:48:09,454 WARN  (ChangeIndexingProcessor:66) [reasoner.indexing.axiomIgnored]ELK does not support DataPropertyRange. Axiom ignored:
[INFO] DataPropertyRange(<http://purl.obolibrary.org/obo/ERO_0000574> <http://www.w3.org/2001/XMLSchema#string>)
[INFO] 2018-10-23 18:48:09,455 WARN  (ChangeIndexingProcessor:66) [reasoner.indexing.axiomIgnored]ELK does not support DataPropertyDomain. Axiom ignored:
[INFO] DataPropertyDomain(<http://purl.obolibrary.org/obo/ERO_0000072> ObjectUnionOf(<http://purl.obolibrary.org/obo/ERO_0000071> <http://purl.obolibrary.org/obo/ERO_0001716>))
[INFO] 2018-10-23 18:48:09,456 WARN  (ChangeIndexingProcessor:66) [reasoner.indexing.axiomIgnored]ELK does not support ObjectPropertyRange. Axiom ignored:
[INFO] ObjectPropertyRange(<http://purl.obolibrary.org/obo/ERO_0001598> <http://purl.obolibrary.org/obo/IAO_0000310>)
[INFO] 2018-10-23 18:48:09,457 WARN  (ChangeIndexingProcessor:66) [reasoner.indexing.axiomIgnored]ELK does not support DataPropertyDomain. Axiom ignored:
[INFO] DataPropertyDomain(<http://purl.obolibrary.org/obo/ERO_0000073> ObjectUnionOf(<http://purl.obolibrary.org/obo/ERO_0000071> <http://purl.obolibrary.org/obo/ERO_0001716>))
[INFO] 2018-10-23 18:48:09,457 WARN  (IndexedObjectUnionOf:92) [reasoner.indexing.IndexedObjectUnionOf]ELK does not support positive occurrences of ObjectUnionOf. Reasoning might be incomplete!
[INFO] 2018-10-23 18:48:09,458 WARN  (ChangeIndexingProcessor:66) [reasoner.indexing.axiomIgnored]ELK does not support DataPropertyRange. Axiom ignored:
[INFO] DataPropertyRange(<http://purl.obolibrary.org/obo/ERO_0000575> <http://www.w3.org/2001/XMLSchema#string>)
[INFO] 2018-10-23 18:48:09,469 WARN  (ChangeIndexingProcessor:66) [reasoner.indexing.axiomIgnored]ELK does not support ObjectPropertyRange. Axiom ignored:
[INFO] ObjectPropertyRange(<http://purl.obolibrary.org/obo/ERO_0000234> ObjectUnionOf(<http://purl.obolibrary.org/obo/DOID_4> <http://purl.obolibrary.org/obo/GO_0008150> <http://purl.obolibrary.org/obo/OBI_0100026>))
[INFO] 2018-10-23 18:48:09,470 WARN  (ChangeIndexingProcessor:66) [reasoner.indexing.axiomIgnored]ELK does not support DataPropertyRange. Axiom ignored:
[INFO] DataPropertyRange(<http://purl.obolibrary.org/obo/ERO_0000550> <http://www.w3.org/2001/XMLSchema#string>)
[INFO] 2018-10-23 18:48:09,471 WARN  (ChangeIndexingProcessor:66) [reasoner.indexing.axiomIgnored]ELK does not support ObjectPropertyRange. Axiom ignored:
[INFO] ObjectPropertyRange(<http://purl.obolibrary.org/obo/ERO_0001518> <http://purl.org/net/OCRe/study_design.owl#OCRE100038>)
[INFO] 2018-10-23 18:48:09,472 WARN  (ChangeIndexingProcessor:66) [reasoner.indexing.axiomIgnored]ELK does not support ObjectOneOf. Axiom ignored:
[INFO] EquivalentClasses(<http://www.geneontology.org/formats/oboInOwl#Subset> ObjectOneOf(<http://purl.obolibrary.org/obo/IAO_0000224>))
[INFO] 2018-10-23 18:48:09,472 WARN  (ChangeIndexingProcessor:66) [reasoner.indexing.axiomIgnored]ELK does not support ObjectPropertyRange. Axiom ignored:
[INFO] ObjectPropertyRange(<http://purl.obolibrary.org/obo/ERO_0000572> <http://purl.obolibrary.org/obo/GO_0008150>)
[INFO] 2018-10-23 18:48:09,472 WARN  (ChangeIndexingProcessor:66) [reasoner.indexing.axiomIgnored]ELK does not support ObjectPropertyRange. Axiom ignored:
[INFO] ObjectPropertyRange(<http://purl.obolibrary.org/obo/ERO_0001401> <http://purl.obolibrary.org/obo/CLO_0000031>)
[INFO] 2018-10-23 18:48:09,473 WARN  (ChangeIndexingProcessor:66) [reasoner.indexing.axiomIgnored]ELK does not support ObjectPropertyRange. Axiom ignored:
[INFO] ObjectPropertyRange(<http://purl.obolibrary.org/obo/ERO_0000542> <http://purl.obolibrary.org/obo/ERO_0000285>)
[INFO] 2018-10-23 18:48:09,473 WARN  (ChangeIndexingProcessor:66) [reasoner.indexing.axiomIgnored]ELK does not support ObjectPropertyRange. Axiom ignored:
[INFO] ObjectPropertyRange(<http://purl.obolibrary.org/obo/ERO_0001824> <http://www.ebi.ac.uk/swo/SWO_0000002>)
[INFO] 2018-10-23 18:48:09,473 WARN  (ChangeIndexingProcessor:66) [reasoner.indexing.axiomIgnored]ELK does not support DataPropertyRange. Axiom ignored:
[INFO] DataPropertyRange(<http://purl.obolibrary.org/obo/ERO_0001535> <http://www.w3.org/2001/XMLSchema#string>)
[INFO] 2018-10-23 18:48:09,475 WARN  (ChangeIndexingProcessor:66) [reasoner.indexing.axiomIgnored]ELK does not support DataPropertyRange. Axiom ignored:
[INFO] DataPropertyRange(<http://purl.obolibrary.org/obo/ERO_0000551> <http://www.w3.org/2001/XMLSchema#string>)
[INFO] 2018-10-23 18:48:09,476 WARN  (ChangeIndexingProcessor:66) [reasoner.indexing.axiomIgnored]ELK does not support DataPropertyRange. Axiom ignored:
[INFO] DataPropertyRange(<http://purl.obolibrary.org/obo/ERO_0001044> <http://www.w3.org/2001/XMLSchema#string>)
[INFO] 2018-10-23 18:48:09,476 WARN  (ChangeIndexingProcessor:66) [reasoner.indexing.axiomIgnored]ELK does not support DataPropertyDomain. Axiom ignored:
[INFO] DataPropertyDomain(<http://purl.obolibrary.org/obo/ERO_0000569> <http://purl.obolibrary.org/obo/IAO_0000013>)
[INFO] 2018-10-23 18:48:09,477 WARN  (ChangeIndexingProcessor:66) [reasoner.indexing.axiomIgnored]ELK does not support InverseObjectProperties. Axiom ignored:
[INFO] InverseObjectProperties(<http://purl.obolibrary.org/obo/ERO_0001055> <http://purl.obolibrary.org/obo/ERO_0001056>)
[INFO] 2018-10-23 18:48:09,478 WARN  (ChangeIndexingProcessor:66) [reasoner.indexing.axiomIgnored]ELK does not support InverseObjectProperties. Axiom ignored:
[INFO] InverseObjectProperties(<http://purl.obolibrary.org/obo/OBI_0000417> <http://purl.obolibrary.org/obo/OBI_0000833>)
[INFO] 2018-10-23 18:48:09,479 WARN  (ChangeIndexingProcessor:66) [reasoner.indexing.axiomIgnored]ELK does not support DataPropertyRange. Axiom ignored:
[INFO] DataPropertyRange(<http://purl.obolibrary.org/obo/ERO_0000578> <http://www.w3.org/2001/XMLSchema#string>)
[INFO] 2018-10-23 18:48:09,489 WARN  (ChangeIndexingProcessor:66) [reasoner.indexing.axiomIgnored]ELK does not support DataPropertyDomain. Axiom ignored:
[INFO] DataPropertyDomain(<http://purl.obolibrary.org/obo/ERO_0000547> ObjectUnionOf(<http://purl.obolibrary.org/obo/ERO_0000161> <http://purl.obolibrary.org/obo/ERO_0001545>))
[INFO] 2018-10-23 18:48:09,489 WARN  (ChangeIndexingProcessor:66) [reasoner.indexing.axiomIgnored]ELK does not support DataPropertyDomain. Axiom ignored:
[INFO] DataPropertyDomain(<http://purl.obolibrary.org/obo/ERO_0000781> <http://purl.obolibrary.org/obo/ERO_0000595>)
[INFO] 2018-10-23 18:48:09,491 WARN  (ChangeIndexingProcessor:66) [reasoner.indexing.axiomIgnored]ELK does not support DataPropertyRange. Axiom ignored:
[INFO] DataPropertyRange(<http://purl.obolibrary.org/obo/ERO_0000553> <http://www.w3.org/2001/XMLSchema#string>)
[INFO] 2018-10-23 18:48:09,492 WARN  (ChangeIndexingProcessor:66) [reasoner.indexing.axiomIgnored]ELK does not support DataPropertyRange. Axiom ignored:
[INFO] DataPropertyRange(<http://purl.obolibrary.org/obo/ERO_0000579> <http://www.w3.org/2001/XMLSchema#string>)
[INFO] 2018-10-23 18:48:09,492 WARN  (ChangeIndexingProcessor:66) [reasoner.indexing.axiomIgnored]ELK does not support ObjectPropertyRange. Axiom ignored:
[INFO] ObjectPropertyRange(<http://purl.obolibrary.org/obo/ERO_0000070> <http://xmlns.com/foaf/0.1/Organization>)
[INFO] 2018-10-23 18:48:09,493 WARN  (ChangeIndexingProcessor:66) [reasoner.indexing.axiomIgnored]ELK does not support ObjectPropertyRange. Axiom ignored:
[INFO] ObjectPropertyRange(<http://purl.obolibrary.org/obo/ERO_0000543> <http://purl.obolibrary.org/obo/ERO_0000007>)
[INFO] 2018-10-23 18:48:09,493 WARN  (ChangeIndexingProcessor:66) [reasoner.indexing.axiomIgnored]ELK does not support ObjectPropertyRange. Axiom ignored:
[INFO] ObjectPropertyRange(<http://www.ebi.ac.uk/efo/swo/SWO_0000741> <http://purl.obolibrary.org/obo/IAO_0000025>)
[INFO] 2018-10-23 18:48:09,494 WARN  (ChangeIndexingProcessor:66) [reasoner.indexing.axiomIgnored]ELK does not support ObjectPropertyRange. Axiom ignored:
[INFO] ObjectPropertyRange(<http://purl.obolibrary.org/obo/ERO_0000029> ObjectUnionOf(<http://purl.obolibrary.org/obo/ERO_0000004> <http://purl.obolibrary.org/obo/ERO_0000005> <http://purl.obolibrary.org/obo/ERO_0000006> <http://purl.obolibrary.org/obo/ERO_0000071> <http://purl.obolibrary.org/obo/ERO_0001716> <http://purl.obolibrary.org/obo/OBI_0100026>))
[INFO] 2018-10-23 18:48:09,495 WARN  (ChangeIndexingProcessor:66) [reasoner.indexing.axiomIgnored]ELK does not support DataPropertyDomain. Axiom ignored:
[INFO] DataPropertyDomain(<http://purl.obolibrary.org/obo/ERO_0001987> <http://purl.obolibrary.org/obo/ERO_0001964>)
[INFO] 2018-10-23 18:48:09,502 WARN  (ChangeIndexingProcessor:66) [reasoner.indexing.axiomIgnored]ELK does not support ObjectPropertyRange. Axiom ignored:
[INFO] ObjectPropertyRange(<http://purl.obolibrary.org/obo/ERO_0000557> <http://purl.obolibrary.org/obo/ERO_0001551>)
[INFO] 2018-10-23 18:48:09,504 WARN  (ChangeIndexingProcessor:66) [reasoner.indexing.axiomIgnored]ELK does not support SubDataPropertyOf. Axiom ignored:
[INFO] SubDataPropertyOf(<http://purl.obolibrary.org/obo/ERO_0000782> <http://vivoweb.org/ontology/core#dateTime>)
[INFO] 2018-10-23 18:48:09,504 WARN  (ChangeIndexingProcessor:66) [reasoner.indexing.axiomIgnored]ELK does not support InverseObjectProperties. Axiom ignored:
[INFO] InverseObjectProperties(<http://purl.obolibrary.org/obo/RO_0003000> <http://purl.obolibrary.org/obo/RO_0003001>)
[INFO] 2018-10-23 18:48:09,505 WARN  (ChangeIndexingProcessor:66) [reasoner.indexing.axiomIgnored]ELK does not support DataPropertyDomain. Axiom ignored:
[INFO] DataPropertyDomain(<http://purl.obolibrary.org/obo/ERO_0000553> <http://purl.obolibrary.org/obo/NCBITaxon_10239>)
[INFO] 2018-10-23 18:48:09,505 WARN  (ChangeIndexingProcessor:66) [reasoner.indexing.axiomIgnored]ELK does not support DataPropertyRange. Axiom ignored:
[INFO] DataPropertyRange(<http://purl.obolibrary.org/obo/ERO_0000555> <http://www.w3.org/2001/XMLSchema#string>)
[INFO] 2018-10-23 18:48:09,506 WARN  (ChangeIndexingProcessor:66) [reasoner.indexing.axiomIgnored]ELK does not support DataPropertyDomain. Axiom ignored:
[INFO] DataPropertyDomain(<http://purl.obolibrary.org/obo/ERO_0000782> <http://purl.obolibrary.org/obo/ERO_0000595>)
[INFO] 2018-10-23 18:48:09,507 WARN  (ChangeIndexingProcessor:66) [reasoner.indexing.axiomIgnored]ELK does not support SubDataPropertyOf. Axiom ignored:
[INFO] SubDataPropertyOf(<http://purl.obolibrary.org/obo/ERO_0000781> <http://vivoweb.org/ontology/core#dateTime>)
[INFO] 2018-10-23 18:48:09,507 WARN  (ChangeIndexingProcessor:66) [reasoner.indexing.axiomIgnored]ELK does not support InverseObjectProperties. Axiom ignored:
[INFO] InverseObjectProperties(<http://purl.obolibrary.org/obo/RO_0001000> <http://purl.obolibrary.org/obo/RO_0001001>)
[INFO] 2018-10-23 18:48:09,508 WARN  (ChangeIndexingProcessor:66) [reasoner.indexing.axiomIgnored]ELK does not support ObjectPropertyRange. Axiom ignored:
[INFO] ObjectPropertyRange(<http://purl.obolibrary.org/obo/ERO_0001823> <http://purl.obolibrary.org/obo/GO_0008150>)
[INFO] 2018-10-23 18:48:09,508 WARN  (ChangeIndexingProcessor:66) [reasoner.indexing.axiomIgnored]ELK does not support ObjectPropertyRange. Axiom ignored:
[INFO] ObjectPropertyRange(<http://purl.obolibrary.org/obo/ERO_0000024> <http://xmlns.com/foaf/0.1/Organization>)
[INFO] 2018-10-23 18:48:09,513 WARN  (ChangeIndexingProcessor:66) [reasoner.indexing.axiomIgnored]ELK does not support ObjectOneOf. Axiom ignored:
[INFO] EquivalentClasses(<http://purl.obolibrary.org/obo/IAO_0000078> ObjectOneOf(<http://purl.obolibrary.org/obo/IAO_0000428> <http://purl.obolibrary.org/obo/IAO_0000423> <http://purl.obolibrary.org/obo/IAO_0000124> <http://purl.obolibrary.org/obo/IAO_0000125> <http://purl.obolibrary.org/obo/IAO_0000122> <http://purl.obolibrary.org/obo/IAO_0000002> <http://purl.obolibrary.org/obo/IAO_0000123> <http://purl.obolibrary.org/obo/IAO_0000120> <http://purl.obolibrary.org/obo/IAO_0000121>))
[INFO] 2018-10-23 18:48:09,514 WARN  (ChangeIndexingProcessor:66) [reasoner.indexing.axiomIgnored]ELK does not support ObjectPropertyRange. Axiom ignored:
[INFO] ObjectPropertyRange(<http://purl.obolibrary.org/obo/ERO_0000390> ObjectUnionOf(<http://xmlns.com/foaf/0.1/Organization> <http://xmlns.com/foaf/0.1/Person>))
[INFO] 2018-10-23 18:48:09,514 WARN  (ChangeIndexingProcessor:66) [reasoner.indexing.axiomIgnored]ELK does not support DataPropertyRange. Axiom ignored:
[INFO] DataPropertyRange(<http://purl.obolibrary.org/obo/ERO_0000473> <http://www.w3.org/2001/XMLSchema#string>)
[INFO] 2018-10-23 18:48:09,515 WARN  (ChangeIndexingProcessor:66) [reasoner.indexing.axiomIgnored]ELK does not support InverseObjectProperties. Axiom ignored:
[INFO] InverseObjectProperties(<http://www.obofoundry.org/ro/ro.owl#has_proper_part> <http://www.obofoundry.org/ro/ro.owl#proper_part_of>)
[INFO] 2018-10-23 18:48:09,516 WARN  (IndexedObjectUnionOf:92) [reasoner.indexing.IndexedObjectUnionOf]ELK does not support positive occurrences of ObjectUnionOf. Reasoning might be incomplete!
[INFO] 2018-10-23 18:48:09,516 WARN  (ChangeIndexingProcessor:66) [reasoner.indexing.axiomIgnored]ELK does not support ObjectPropertyRange. Axiom ignored:
[INFO] ObjectPropertyRange(<http://purl.obolibrary.org/obo/ERO_0000233> <http://purl.obolibrary.org/obo/DOID_4>)
[INFO] 2018-10-23 18:48:09,517 WARN  (ChangeIndexingProcessor:66) [reasoner.indexing.axiomIgnored]ELK does not support InverseObjectProperties. Axiom ignored:
[INFO] InverseObjectProperties(<http://purl.obolibrary.org/obo/ERO_0000021> <http://purl.obolibrary.org/obo/ERO_0001047>)
[INFO] 2018-10-23 18:48:09,517 WARN  (ChangeIndexingProcessor:66) [reasoner.indexing.axiomIgnored]ELK does not support DataPropertyRange. Axiom ignored:
[INFO] DataPropertyRange(<http://purl.obolibrary.org/obo/ERO_0001550> <http://www.w3.org/2001/XMLSchema#string>)
[INFO] 2018-10-23 18:48:09,517 WARN  (ChangeIndexingProcessor:66) [reasoner.indexing.axiomIgnored]ELK does not support ObjectPropertyRange. Axiom ignored:
[INFO] ObjectPropertyRange(<http://purl.obolibrary.org/obo/ERO_0000034> <http://purl.obolibrary.org/obo/OBI_0000835>)
[INFO] 2018-10-23 18:48:09,518 WARN  (ChangeIndexingProcessor:66) [reasoner.indexing.axiomIgnored]ELK does not support InverseObjectProperties. Axiom ignored:
[INFO] InverseObjectProperties(<http://purl.obolibrary.org/obo/ERO_0000918> <http://purl.obolibrary.org/obo/ERO_0000919>)
[INFO] 2018-10-23 18:48:09,521 WARN  (ChangeIndexingProcessor:66) [reasoner.indexing.axiomIgnored]ELK does not support InverseObjectProperties. Axiom ignored:
[INFO] InverseObjectProperties(<http://purl.obolibrary.org/obo/OBI_0000299> <http://purl.obolibrary.org/obo/OBI_0000312>)
[INFO] 2018-10-23 18:48:09,521 WARN  (ChangeIndexingProcessor:66) [reasoner.indexing.axiomIgnored]ELK does not support DataPropertyRange. Axiom ignored:
[INFO] DataPropertyRange(<http://purl.obolibrary.org/obo/ERO_0000474> <http://www.w3.org/2001/XMLSchema#string>)
[INFO] 2018-10-23 18:48:09,521 WARN  (ChangeIndexingProcessor:66) [reasoner.indexing.axiomIgnored]ELK does not support InverseObjectProperties. Axiom ignored:
[INFO] InverseObjectProperties(<http://purl.obolibrary.org/obo/RO_0000056> <http://purl.obolibrary.org/obo/RO_0000057>)
[INFO] 2018-10-23 18:48:09,522 WARN  (ChangeIndexingProcessor:66) [reasoner.indexing.axiomIgnored]ELK does not support InverseObjectProperties. Axiom ignored:
[INFO] InverseObjectProperties(<http://purl.obolibrary.org/obo/ERO_0000916> <http://purl.obolibrary.org/obo/ERO_0000917>)
[INFO] 2018-10-23 18:48:09,522 WARN  (ChangeIndexingProcessor:66) [reasoner.indexing.axiomIgnored]ELK does not support InverseObjectProperties. Axiom ignored:
[INFO] InverseObjectProperties(<http://purl.obolibrary.org/obo/ERO_0000022> <http://purl.obolibrary.org/obo/ERO_0001905>)
[INFO] 2018-10-23 18:48:09,522 WARN  (ChangeIndexingProcessor:66) [reasoner.indexing.axiomIgnored]ELK does not support DataPropertyDomain. Axiom ignored:
[INFO] DataPropertyDomain(<http://purl.obolibrary.org/obo/ERO_0000040> ObjectUnionOf(<http://xmlns.com/foaf/0.1/Organization> <http://xmlns.com/foaf/0.1/Person>))
[INFO] 2018-10-23 18:48:09,523 WARN  (ChangeIndexingProcessor:66) [reasoner.indexing.axiomIgnored]ELK does not support InverseObjectProperties. Axiom ignored:
[INFO] InverseObjectProperties(<http://purl.obolibrary.org/obo/RO_0000052> <http://purl.obolibrary.org/obo/RO_0000053>)
[INFO] 2018-10-23 18:48:09,523 WARN  (ChangeIndexingProcessor:66) [reasoner.indexing.axiomIgnored]ELK does not support DataPropertyDomain. Axiom ignored:
[INFO] DataPropertyDomain(<http://purl.obolibrary.org/obo/ERO_0000044> ObjectUnionOf(<http://purl.obolibrary.org/obo/CLO_0000031> <http://purl.obolibrary.org/obo/ERO_0000004> <http://purl.obolibrary.org/obo/ERO_0000008> <http://purl.obolibrary.org/obo/ERO_0000020> <http://purl.obolibrary.org/obo/ERO_0000161> <http://purl.obolibrary.org/obo/ERO_0000162> <http://purl.obolibrary.org/obo/ERO_0000285> <http://purl.obolibrary.org/obo/ERO_0000630> <http://purl.obolibrary.org/obo/ERO_0001194> <http://purl.obolibrary.org/obo/ERO_0001200> <http://purl.obolibrary.org/obo/ERO_0001964> <http://purl.obolibrary.org/obo/OBI_0100026> <http://purl.obolibrary.org/obo/OBI_0400147>))
[INFO] 2018-10-23 18:48:09,524 WARN  (ChangeIndexingProcessor:66) [reasoner.indexing.axiomIgnored]ELK does not support DataPropertyRange. Axiom ignored:
[INFO] DataPropertyRange(<http://purl.obolibrary.org/obo/ERO_0000475> <http://www.w3.org/2001/XMLSchema#string>)
[INFO] 2018-10-23 18:48:09,525 WARN  (IndexedObjectUnionOf:92) [reasoner.indexing.IndexedObjectUnionOf]ELK does not support positive occurrences of ObjectUnionOf. Reasoning might be incomplete!
[INFO] 2018-10-23 18:48:09,525 WARN  (ChangeIndexingProcessor:66) [reasoner.indexing.axiomIgnored]ELK does not support ObjectPropertyRange. Axiom ignored:
[INFO] ObjectPropertyRange(<http://purl.obolibrary.org/obo/OBI_0000308> <http://purl.obolibrary.org/obo/BFO_0000017>)
[INFO] 2018-10-23 18:48:09,526 WARN  (ChangeIndexingProcessor:66) [reasoner.indexing.axiomIgnored]ELK does not support ObjectPropertyRange. Axiom ignored:
[INFO] ObjectPropertyRange(<http://purl.obolibrary.org/obo/OBI_0000306> <http://purl.obolibrary.org/obo/BFO_0000034>)
[INFO] 2018-10-23 18:48:09,526 WARN  (ChangeIndexingProcessor:66) [reasoner.indexing.axiomIgnored]ELK does not support DataPropertyDomain. Axiom ignored:
[INFO] DataPropertyDomain(<http://purl.obolibrary.org/obo/ERO_0000045> ObjectUnionOf(<http://purl.obolibrary.org/obo/ERO_0000004> <http://purl.obolibrary.org/obo/ERO_0000005> <http://purl.obolibrary.org/obo/ERO_0000006> <http://purl.obolibrary.org/obo/ERO_0000015> <http://purl.obolibrary.org/obo/ERO_0000020> <http://purl.obolibrary.org/obo/ERO_0000071> <http://purl.obolibrary.org/obo/ERO_0000595> <http://purl.obolibrary.org/obo/ERO_0001716> <http://purl.obolibrary.org/obo/ERO_0002190> <http://purl.obolibrary.org/obo/IAO_0000310> <http://purl.obolibrary.org/obo/OBI_0100026>))
[INFO] 2018-10-23 18:48:09,528 WARN  (ChangeIndexingProcessor:66) [reasoner.indexing.axiomIgnored]ELK does not support DataPropertyRange. Axiom ignored:
[INFO] DataPropertyRange(<http://purl.obolibrary.org/obo/ERO_0000476> <http://www.w3.org/2001/XMLSchema#string>)
[INFO] 2018-10-23 18:48:09,529 WARN  (ChangeIndexingProcessor:66) [reasoner.indexing.axiomIgnored]ELK does not support DataPropertyRange. Axiom ignored:
[INFO] DataPropertyRange(<http://purl.obolibrary.org/obo/ERO_0000236> <http://www.w3.org/2001/XMLSchema#string>)
[INFO] 2018-10-23 18:48:09,530 WARN  (ChangeIndexingProcessor:66) [reasoner.indexing.axiomIgnored]ELK does not support DataPropertyDomain. Axiom ignored:
[INFO] DataPropertyDomain(<http://purl.obolibrary.org/obo/ERO_0001529> <http://purl.obolibrary.org/obo/ERO_0000008>)
[INFO] 2018-10-23 18:48:09,531 WARN  (IndexedObjectUnionOf:92) [reasoner.indexing.IndexedObjectUnionOf]ELK does not support positive occurrences of ObjectUnionOf. Reasoning might be incomplete!
[INFO] 2018-10-23 18:48:09,531 WARN  (ChangeIndexingProcessor:66) [reasoner.indexing.axiomIgnored]ELK does not support DataPropertyRange. Axiom ignored:
[INFO] DataPropertyRange(<http://purl.obolibrary.org/obo/ERO_0000571> <http://www.w3.org/2001/XMLSchema#string>)
[INFO] 2018-10-23 18:48:09,532 WARN  (ChangeIndexingProcessor:66) [reasoner.indexing.axiomIgnored]ELK does not support DataPropertyDomain. Axiom ignored:
[INFO] DataPropertyDomain(<http://purl.obolibrary.org/obo/ERO_0000541> <http://purl.obolibrary.org/obo/ERO_0000285>)
[INFO] 2018-10-23 18:48:09,532 WARN  (ChangeIndexingProcessor:66) [reasoner.indexing.axiomIgnored]ELK does not support InverseObjectProperties. Axiom ignored:
[INFO] InverseObjectProperties(<http://purl.obolibrary.org/obo/RO_0001015> <http://purl.obolibrary.org/obo/RO_0001025>)
[INFO] 2018-10-23 18:48:09,532 WARN  (ChangeIndexingProcessor:66) [reasoner.indexing.axiomIgnored]ELK does not support DataPropertyDomain. Axiom ignored:
[INFO] DataPropertyDomain(<http://purl.obolibrary.org/obo/ERO_0000041> ObjectUnionOf(<http://xmlns.com/foaf/0.1/Organization> <http://xmlns.com/foaf/0.1/Person>))
[INFO] 2018-10-23 18:48:09,533 WARN  (ChangeIndexingProcessor:66) [reasoner.indexing.axiomIgnored]ELK does not support DataPropertyDomain. Axiom ignored:
[INFO] DataPropertyDomain(<http://purl.obolibrary.org/obo/ERO_0001971> ObjectUnionOf(<http://purl.obolibrary.org/obo/CLO_0009829> <http://purl.obolibrary.org/obo/ERO_0002003>))
[INFO] 2018-10-23 18:48:09,534 WARN  (ChangeIndexingProcessor:66) [reasoner.indexing.axiomIgnored]ELK does not support InverseObjectProperties. Axiom ignored:
[INFO] InverseObjectProperties(<http://purl.obolibrary.org/obo/RO_0001018> <http://purl.obolibrary.org/obo/RO_0001019>)
[INFO] 2018-10-23 18:48:09,534 WARN  (ChangeIndexingProcessor:66) [reasoner.indexing.axiomIgnored]ELK does not support ObjectPropertyRange. Axiom ignored:
[INFO] ObjectPropertyRange(<http://purl.obolibrary.org/obo/OBI_0000833> <http://purl.obolibrary.org/obo/OBI_0000011>)
[INFO] 2018-10-23 18:48:09,534 WARN  (IndexedObjectUnionOf:92) [reasoner.indexing.IndexedObjectUnionOf]ELK does not support positive occurrences of ObjectUnionOf. Reasoning might be incomplete!
[INFO] 2018-10-23 18:48:09,536 WARN  (ChangeIndexingProcessor:66) [reasoner.indexing.axiomIgnored]ELK does not support ObjectPropertyRange. Axiom ignored:
[INFO] ObjectPropertyRange(<http://purl.obolibrary.org/obo/ERO_0001826> <http://purl.obolibrary.org/obo/MP_0000001>)
[INFO] 2018-10-23 18:48:09,536 WARN  (ChangeIndexingProcessor:66) [reasoner.indexing.axiomIgnored]ELK does not support DataPropertyDomain. Axiom ignored:
[INFO] DataPropertyDomain(<http://purl.obolibrary.org/obo/ERO_0001527> <http://purl.obolibrary.org/obo/ERO_0000008>)
[INFO] 2018-10-23 18:48:09,536 WARN  (ChangeIndexingProcessor:66) [reasoner.indexing.axiomIgnored]ELK does not support ObjectPropertyRange. Axiom ignored:
[INFO] ObjectPropertyRange(<http://purl.obolibrary.org/obo/ERO_0000481> <http://purl.obolibrary.org/obo/OBI_0000272>)
[INFO] 2018-10-23 18:48:09,537 WARN  (ChangeIndexingProcessor:66) [reasoner.indexing.axiomIgnored]ELK does not support DataPropertyDomain. Axiom ignored:
[INFO] DataPropertyDomain(<http://purl.obolibrary.org/obo/ERO_0000424> <http://purl.obolibrary.org/obo/ERO_0000015>)
[INFO] 2018-10-23 18:48:09,538 WARN  (IndexedObjectUnionOf:92) [reasoner.indexing.IndexedObjectUnionOf]ELK does not support positive occurrences of ObjectUnionOf. Reasoning might be incomplete!
[INFO] 2018-10-23 18:48:09,541 WARN  (ChangeIndexingProcessor:66) [reasoner.indexing.axiomIgnored]ELK does not support SubDataPropertyOf. Axiom ignored:
[INFO] SubDataPropertyOf(<http://purl.obolibrary.org/obo/ERO_0000046> <http://purl.obolibrary.org/obo/ERO_0000045>)
[INFO] 2018-10-23 18:48:09,541 WARN  (ChangeIndexingProcessor:66) [reasoner.indexing.axiomIgnored]ELK does not support DataPropertyDomain. Axiom ignored:
[INFO] DataPropertyDomain(<http://purl.obolibrary.org/obo/ERO_0001550> ObjectUnionOf(<http://purl.obolibrary.org/obo/ERO_0000161> <http://purl.obolibrary.org/obo/ERO_0000285> <http://purl.obolibrary.org/obo/ERO_0000404> <http://purl.obolibrary.org/obo/ERO_0000630> <http://purl.obolibrary.org/obo/ERO_0001200> <http://purl.obolibrary.org/obo/ERO_0001542> <http://purl.obolibrary.org/obo/ERO_0001545>))
[INFO] 2018-10-23 18:48:09,541 WARN  (ChangeIndexingProcessor:66) [reasoner.indexing.axiomIgnored]ELK does not support InverseObjectProperties. Axiom ignored:
[INFO] InverseObjectProperties(<http://purl.obolibrary.org/obo/ERO_0000031> <http://purl.obolibrary.org/obo/ERO_0000070>)
[INFO] 2018-10-23 18:48:09,542 WARN  (ChangeIndexingProcessor:66) [reasoner.indexing.axiomIgnored]ELK does not support DataPropertyDomain. Axiom ignored:
[INFO] DataPropertyDomain(<http://purl.obolibrary.org/obo/ERO_0001528> <http://purl.obolibrary.org/obo/ERO_0000006>)
[INFO] 2018-10-23 18:48:09,542 WARN  (IndexedObjectUnionOf:92) [reasoner.indexing.IndexedObjectUnionOf]ELK does not support positive occurrences of ObjectUnionOf. Reasoning might be incomplete!
[INFO] 2018-10-23 18:48:09,543 WARN  (ChangeIndexingProcessor:66) [reasoner.indexing.axiomIgnored]ELK does not support ObjectPropertyRange. Axiom ignored:
[INFO] ObjectPropertyRange(<http://purl.obolibrary.org/obo/ERO_0001906> ObjectUnionOf(<http://vivoweb.org/ontology/core#Association> <http://vivoweb.org/ontology/core#Center> <http://vivoweb.org/ontology/core#Consortium> <http://vivoweb.org/ontology/core#CoreLaboratory> <http://vivoweb.org/ontology/core#Foundation> <http://vivoweb.org/ontology/core#FundingOrganization> <http://vivoweb.org/ontology/core#Institute> <http://vivoweb.org/ontology/core#Library>))
[INFO] 2018-10-23 18:48:09,543 WARN  (ChangeIndexingProcessor:66) [reasoner.indexing.axiomIgnored]ELK does not support ObjectPropertyRange. Axiom ignored:
[INFO] ObjectPropertyRange(<http://purl.obolibrary.org/obo/ERO_0002100> <http://purl.obolibrary.org/obo/OGMS_0000073>)
[INFO] 2018-10-23 18:48:09,544 WARN  (ChangeIndexingProcessor:66) [reasoner.indexing.axiomIgnored]ELK does not support ObjectPropertyRange. Axiom ignored:
[INFO] ObjectPropertyRange(<http://purl.obolibrary.org/obo/ERO_0000916> <http://purl.obolibrary.org/obo/ERO_0000619>)
[INFO] 2018-10-23 18:48:09,545 WARN  (ChangeIndexingProcessor:66) [reasoner.indexing.axiomIgnored]ELK does not support DataPropertyRange. Axiom ignored:
[INFO] DataPropertyRange(<http://purl.obolibrary.org/obo/ERO_0000405> <http://www.w3.org/2001/XMLSchema#string>)
[INFO] 2018-10-23 18:48:09,546 WARN  (ChangeIndexingProcessor:66) [reasoner.indexing.axiomIgnored]ELK does not support ObjectPropertyRange. Axiom ignored:
[INFO] ObjectPropertyRange(<http://purl.obolibrary.org/obo/ERO_0001533> <http://purl.obolibrary.org/obo/ERO_0001532>)
[INFO] 2018-10-23 18:48:09,546 WARN  (ChangeIndexingProcessor:66) [reasoner.indexing.axiomIgnored]ELK does not support ObjectPropertyRange. Axiom ignored:
[INFO] ObjectPropertyRange(<http://purl.obolibrary.org/obo/ERO_0001516> <http://purl.obolibrary.org/obo/UBERON_0001062>)
[INFO] 2018-10-23 18:48:09,547 WARN  (ChangeIndexingProcessor:66) [reasoner.indexing.axiomIgnored]ELK does not support ObjectPropertyRange. Axiom ignored:
[INFO] ObjectPropertyRange(<http://purl.obolibrary.org/obo/ERO_0001534> <http://purl.obolibrary.org/obo/ERO_0001523>)
[INFO] 2018-10-23 18:48:09,548 WARN  (ChangeIndexingProcessor:66) [reasoner.indexing.axiomIgnored]ELK does not support ObjectPropertyRange. Axiom ignored:
[INFO] ObjectPropertyRange(<http://purl.obolibrary.org/obo/ERO_0000482> <http://purl.obolibrary.org/obo/ERO_0000071>)
[INFO] 2018-10-23 18:48:09,548 WARN  (ChangeIndexingProcessor:66) [reasoner.indexing.axiomIgnored]ELK does not support DataPropertyDomain. Axiom ignored:
[INFO] DataPropertyDomain(<http://purl.obolibrary.org/obo/ERO_0000405> ObjectUnionOf(<http://purl.obolibrary.org/obo/ERO_0000161> <http://purl.obolibrary.org/obo/ERO_0000285> <http://purl.obolibrary.org/obo/ERO_0000404>))
[INFO] 2018-10-23 18:48:09,550 WARN  (ChangeIndexingProcessor:66) [reasoner.indexing.axiomIgnored]ELK does not support DataPropertyRange. Axiom ignored:
[INFO] DataPropertyRange(<http://purl.obolibrary.org/obo/ERO_0000406> <http://www.w3.org/2001/XMLSchema#string>)
[INFO] 2018-10-23 18:48:09,551 WARN  (ChangeIndexingProcessor:66) [reasoner.indexing.axiomIgnored]ELK does not support ObjectPropertyRange. Axiom ignored:
[INFO] ObjectPropertyRange(<http://purl.obolibrary.org/obo/ERO_0000920> <http://purl.obolibrary.org/obo/OBI_0100026>)
[INFO] 2018-10-23 18:48:09,552 WARN  (ChangeIndexingProcessor:66) [reasoner.indexing.axiomIgnored]ELK does not support DataPropertyRange. Axiom ignored:
[INFO] DataPropertyRange(<http://purl.obolibrary.org/obo/ERO_0000407> <http://www.w3.org/2001/XMLSchema#string>)
[INFO] 2018-10-23 18:48:09,553 WARN  (ChangeIndexingProcessor:66) [reasoner.indexing.axiomIgnored]ELK does not support DataPropertyDomain. Axiom ignored:
[INFO] DataPropertyDomain(<http://purl.obolibrary.org/obo/ERO_0000052> <http://xmlns.com/foaf/0.1/Person>)
[INFO] 2018-10-23 18:48:09,555 WARN  (ChangeIndexingProcessor:66) [reasoner.indexing.axiomIgnored]ELK does not support ObjectPropertyRange. Axiom ignored:
[INFO] ObjectPropertyRange(<http://purl.obolibrary.org/obo/OBI_0000300> <http://purl.obolibrary.org/obo/BFO_0000015>)
[INFO] 2018-10-23 18:48:09,556 WARN  (ChangeIndexingProcessor:66) [reasoner.indexing.axiomIgnored]ELK does not support ObjectOneOf. Axiom ignored:
[INFO] EquivalentClasses(<http://purl.obolibrary.org/obo/IAO_0000409> ObjectOneOf(<http://purl.obolibrary.org/obo/IAO_0000410> <http://purl.obolibrary.org/obo/IAO_0000421> <http://purl.obolibrary.org/obo/IAO_0000420>))
[INFO] 2018-10-23 18:48:09,556 WARN  (ChangeIndexingProcessor:66) [reasoner.indexing.axiomIgnored]ELK does not support InverseObjectProperties. Axiom ignored:
[INFO] InverseObjectProperties(<http://purl.obolibrary.org/obo/ERO_0000397> <http://purl.obolibrary.org/obo/ERO_0000398>)
[INFO] 2018-10-23 18:48:09,562 WARN  (ChangeIndexingProcessor:66) [reasoner.indexing.axiomIgnored]ELK does not support ObjectPropertyRange. Axiom ignored:
[INFO] ObjectPropertyRange(<http://purl.obolibrary.org/obo/ERO_0001517> <http://purl.obolibrary.org/obo/ERO_0000985>)
[INFO] 2018-10-23 18:48:09,563 WARN  (ChangeIndexingProcessor:66) [reasoner.indexing.axiomIgnored]ELK does not support DataPropertyDomain. Axiom ignored:
[INFO] DataPropertyDomain(<http://purl.obolibrary.org/obo/ERO_0001837> <http://purl.obolibrary.org/obo/ERO_0001545>)
[INFO] 2018-10-23 18:48:09,565 WARN  (ChangeIndexingProcessor:66) [reasoner.indexing.axiomIgnored]ELK does not support DataPropertyDomain. Axiom ignored:
[INFO] DataPropertyDomain(<http://purl.obolibrary.org/obo/ERO_0000403> <http://purl.obolibrary.org/obo/ERO_0000285>)
[INFO] 2018-10-23 18:48:09,566 WARN  (ChangeIndexingProcessor:66) [reasoner.indexing.axiomIgnored]ELK does not support DataPropertyDomain. Axiom ignored:
[INFO] DataPropertyDomain(<http://purl.obolibrary.org/obo/ERO_0000544> ObjectUnionOf(<http://purl.obolibrary.org/obo/ERO_0000160> <http://purl.obolibrary.org/obo/ERO_0000292> <http://purl.obolibrary.org/obo/ERO_0000293>))
[INFO] 2018-10-23 18:48:09,566 WARN  (ChangeIndexingProcessor:66) [reasoner.indexing.axiomIgnored]ELK does not support ObjectPropertyRange. Axiom ignored:
[INFO] ObjectPropertyRange(<http://purl.obolibrary.org/obo/ERO_0000021> <http://xmlns.com/foaf/0.1/Person>)
[INFO] 2018-10-23 18:48:09,567 WARN  (ChangeIndexingProcessor:66) [reasoner.indexing.axiomIgnored]ELK does not support DataPropertyRange. Axiom ignored:
[INFO] DataPropertyRange(<http://purl.obolibrary.org/obo/ERO_0000544> <http://www.w3.org/2001/XMLSchema#int>)
[INFO] 2018-10-23 18:48:09,567 WARN  (ChangeIndexingProcessor:66) [reasoner.indexing.axiomIgnored]ELK does not support ObjectPropertyRange. Axiom ignored:
[INFO] ObjectPropertyRange(<http://purl.obolibrary.org/obo/ERO_0001827> <http://purl.obolibrary.org/obo/PATO_0000001>)
[INFO] 2018-10-23 18:48:09,568 WARN  (ChangeIndexingProcessor:66) [reasoner.indexing.axiomIgnored]ELK does not support ObjectPropertyRange. Axiom ignored:
[INFO] ObjectPropertyRange(<http://purl.obolibrary.org/obo/ERO_0000022> <http://xmlns.com/foaf/0.1/Person>)
[INFO] 2018-10-23 18:48:09,571 WARN  (ChangeIndexingProcessor:66) [reasoner.indexing.axiomIgnored]ELK does not support ObjectPropertyRange. Axiom ignored:
[INFO] ObjectPropertyRange(<http://purl.obolibrary.org/obo/ERO_0001047> ObjectUnionOf(<http://purl.obolibrary.org/obo/ERO_0000004> <http://purl.obolibrary.org/obo/ERO_0000005> <http://purl.obolibrary.org/obo/ERO_0000006> <http://purl.obolibrary.org/obo/ERO_0000015> <http://purl.obolibrary.org/obo/ERO_0000020> <http://purl.obolibrary.org/obo/ERO_0000595> <http://purl.obolibrary.org/obo/ERO_0001716> <http://purl.obolibrary.org/obo/OBI_0000272> <http://purl.obolibrary.org/obo/OBI_0100026> <http://xmlns.com/foaf/0.1/Organization>))
[INFO] 2018-10-23 18:48:09,572 WARN  (ChangeIndexingProcessor:66) [reasoner.indexing.axiomIgnored]ELK does not support DataPropertyDomain. Axiom ignored:
[INFO] DataPropertyDomain(<http://purl.obolibrary.org/obo/ERO_0000474> <http://purl.obolibrary.org/obo/ERO_0000162>)
[INFO] 2018-10-23 18:48:09,573 WARN  (ChangeIndexingProcessor:66) [reasoner.indexing.axiomIgnored]ELK does not support DataPropertyDomain. Axiom ignored:
[INFO] DataPropertyDomain(<http://purl.obolibrary.org/obo/ERO_0001157> ObjectUnionOf(<http://purl.obolibrary.org/obo/ERO_0000020> <http://purl.obolibrary.org/obo/OGMS_0000073>))
[INFO] 2018-10-23 18:48:09,573 WARN  (ChangeIndexingProcessor:66) [reasoner.indexing.axiomIgnored]ELK does not support DataPropertyRange. Axiom ignored:
[INFO] DataPropertyRange(<http://purl.obolibrary.org/obo/ERO_0001528> <http://www.w3.org/2001/XMLSchema#string>)
[INFO] 2018-10-23 18:48:09,574 WARN  (ChangeIndexingProcessor:66) [reasoner.indexing.axiomIgnored]ELK does not support DataPropertyRange. Axiom ignored:
[INFO] DataPropertyRange(<http://purl.obolibrary.org/obo/ERO_0000569> <http://www.w3.org/2001/XMLSchema#string>)
[INFO] 2018-10-23 18:48:09,575 WARN  (ChangeIndexingProcessor:66) [reasoner.indexing.axiomIgnored]ELK does not support DataPropertyDomain. Axiom ignored:
[INFO] DataPropertyDomain(<http://purl.obolibrary.org/obo/ERO_0000473> <http://purl.obolibrary.org/obo/ERO_0000162>)
[INFO] 2018-10-23 18:48:09,575 WARN  (ChangeIndexingProcessor:66) [reasoner.indexing.axiomIgnored]ELK does not support DataPropertyRange. Axiom ignored:
[INFO] DataPropertyRange(<http://purl.obolibrary.org/obo/ERO_0001527> <http://www.w3.org/2001/XMLSchema#string>)
[INFO] 2018-10-23 18:48:09,576 WARN  (ChangeIndexingProcessor:66) [reasoner.indexing.axiomIgnored]ELK does not support DataPropertyRange. Axiom ignored:
[INFO] DataPropertyRange(<http://purl.obolibrary.org/obo/ERO_0001157> <http://www.w3.org/2001/XMLSchema#string>)
[INFO] 2018-10-23 18:48:09,577 WARN  (ChangeIndexingProcessor:66) [reasoner.indexing.axiomIgnored]ELK does not support DataPropertyRange. Axiom ignored:
[INFO] DataPropertyRange(<http://purl.obolibrary.org/obo/ERO_0000424> <http://www.w3.org/2001/XMLSchema#string>)
[INFO] 2018-10-23 18:48:09,577 WARN  (ChangeIndexingProcessor:66) [reasoner.indexing.axiomIgnored]ELK does not support DataPropertyRange. Axiom ignored:
[INFO] DataPropertyRange(<http://purl.obolibrary.org/obo/ERO_0000054> <http://www.w3.org/2001/XMLSchema#string>)
[INFO] 2018-10-23 18:48:09,578 WARN  (IndexedObjectUnionOf:92) [reasoner.indexing.IndexedObjectUnionOf]ELK does not support positive occurrences of ObjectUnionOf. Reasoning might be incomplete!
[INFO] 2018-10-23 18:48:09,578 WARN  (ChangeIndexingProcessor:66) [reasoner.indexing.axiomIgnored]ELK does not support DataPropertyDomain. Axiom ignored:
[INFO] DataPropertyDomain(<http://purl.obolibrary.org/obo/ERO_0000476> <http://purl.obolibrary.org/obo/ERO_0000162>)
[INFO] 2018-10-23 18:48:09,581 WARN  (ChangeIndexingProcessor:66) [reasoner.indexing.axiomIgnored]ELK does not support ObjectPropertyRange. Axiom ignored:
[INFO] ObjectPropertyRange(<http://purl.obolibrary.org/obo/ERO_0002031> <http://purl.obolibrary.org/obo/ERO_0002112>)
[INFO] 2018-10-23 18:48:09,582 WARN  (ChangeIndexingProcessor:66) [reasoner.indexing.axiomIgnored]ELK does not support ObjectPropertyRange. Axiom ignored:
[INFO] ObjectPropertyRange(<http://purl.obolibrary.org/obo/ERO_0000076> <http://purl.obolibrary.org/obo/ERO_0001554>)
[INFO] 2018-10-23 18:48:09,583 WARN  (ChangeIndexingProcessor:66) [reasoner.indexing.axiomIgnored]ELK does not support DataPropertyRange. Axiom ignored:
[INFO] DataPropertyRange(<http://purl.obolibrary.org/obo/ERO_0000055> <http://www.w3.org/2001/XMLSchema#string>)
[INFO] 2018-10-23 18:48:09,583 WARN  (ChangeIndexingProcessor:66) [reasoner.indexing.axiomIgnored]ELK does not support DataPropertyDomain. Axiom ignored:
[INFO] DataPropertyDomain(<http://purl.obolibrary.org/obo/ERO_0000475> <http://purl.obolibrary.org/obo/ERO_0000162>)
[INFO] 2018-10-23 18:48:09,583 WARN  (ChangeIndexingProcessor:66) [reasoner.indexing.axiomIgnored]ELK does not support ObjectPropertyRange. Axiom ignored:
[INFO] ObjectPropertyRange(<http://purl.obolibrary.org/obo/ERO_0002018> <http://purl.obolibrary.org/obo/IAO_0000005>)
[INFO] 2018-10-23 18:48:09,585 WARN  (ChangeIndexingProcessor:66) [reasoner.indexing.axiomIgnored]ELK does not support DataPropertyRange. Axiom ignored:
[INFO] DataPropertyRange(<http://purl.obolibrary.org/obo/ERO_0001529> <http://www.w3.org/2001/XMLSchema#string>)
[INFO] 2018-10-23 18:48:09,585 WARN  (ChangeIndexingProcessor:66) [reasoner.indexing.axiomIgnored]ELK does not support ObjectPropertyRange. Axiom ignored:
[INFO] ObjectPropertyRange(<http://purl.obolibrary.org/obo/ERO_0000077> <http://purl.obolibrary.org/obo/ERO_0001554>)
[INFO] 2018-10-23 18:48:09,586 WARN  (IndexedObjectUnionOf:92) [reasoner.indexing.IndexedObjectUnionOf]ELK does not support positive occurrences of ObjectUnionOf. Reasoning might be incomplete!
[INFO] 2018-10-23 18:48:09,587 WARN  (ChangeIndexingProcessor:66) [reasoner.indexing.axiomIgnored]ELK does not support DataPropertyRange. Axiom ignored:
[INFO] DataPropertyRange(<http://purl.obolibrary.org/obo/ERO_0001986> <http://www.w3.org/2001/XMLSchema#string>)
[INFO] 2018-10-23 18:48:09,587 WARN  (ChangeIndexingProcessor:66) [reasoner.indexing.axiomIgnored]ELK does not support DataPropertyRange. Axiom ignored:
[INFO] DataPropertyRange(<http://purl.obolibrary.org/obo/ERO_0000547> <http://www.w3.org/2001/XMLSchema#string>)
[INFO] 2018-10-23 18:48:09,590 WARN  (ChangeIndexingProcessor:66) [reasoner.indexing.axiomIgnored]ELK does not support DataPropertyRange. Axiom ignored:
[INFO] DataPropertyRange(<http://purl.obolibrary.org/obo/ERO_0001985> <http://www.w3.org/2001/XMLSchema#string>)
[INFO] 2018-10-23 18:48:09,591 WARN  (ChangeIndexingProcessor:66) [reasoner.indexing.axiomIgnored]ELK does not support ObjectPropertyRange. Axiom ignored:
[INFO] ObjectPropertyRange(<http://purl.obolibrary.org/obo/ERO_0000023> ObjectUnionOf(<http://purl.obolibrary.org/obo/ERO_0000014> <http://purl.obolibrary.org/obo/ERO_0000595>))
[INFO] 2018-10-23 18:48:09,592 WARN  (ChangeIndexingProcessor:66) [reasoner.indexing.axiomIgnored]ELK does not support ObjectPropertyRange. Axiom ignored:
[INFO] ObjectPropertyRange(<http://purl.obolibrary.org/obo/ERO_0001811> <http://purl.obolibrary.org/obo/IAO_0000098>)
[INFO] 2018-10-23 18:48:09,592 WARN  (ChangeIndexingProcessor:66) [reasoner.indexing.axiomIgnored]ELK does not support ObjectPropertyRange. Axiom ignored:
[INFO] ObjectPropertyRange(<http://purl.obolibrary.org/obo/OBI_0000417> <http://purl.obolibrary.org/obo/IAO_0000005>)
[INFO] 2018-10-23 18:48:09,593 WARN  (ChangeIndexingProcessor:66) [reasoner.indexing.axiomIgnored]ELK does not support ObjectPropertyRange. Axiom ignored:
[INFO] ObjectPropertyRange(<http://purl.obolibrary.org/obo/ERO_0001064> <http://purl.obolibrary.org/obo/ERO_0000020>)
[INFO] 2018-10-23 18:48:09,593 WARN  (IndexedObjectUnionOf:92) [reasoner.indexing.IndexedObjectUnionOf]ELK does not support positive occurrences of ObjectUnionOf. Reasoning might be incomplete!
[INFO] 2018-10-23 18:48:09,593 WARN  (ChangeIndexingProcessor:66) [reasoner.indexing.axiomIgnored]ELK does not support ObjectPropertyRange. Axiom ignored:
[INFO] ObjectPropertyRange(<http://purl.obolibrary.org/obo/ERO_0000066> <http://xmlns.com/foaf/0.1/Organization>)
[INFO] 2018-10-23 18:48:09,595 WARN  (ChangeIndexingProcessor:66) [reasoner.indexing.axiomIgnored]ELK does not support DataPropertyRange. Axiom ignored:
[INFO] DataPropertyRange(<http://purl.obolibrary.org/obo/ERO_0000403> <http://www.w3.org/2001/XMLSchema#string>)
[INFO] 2018-10-23 18:48:09,595 WARN  (ChangeIndexingProcessor:66) [reasoner.indexing.axiomIgnored]ELK does not support ObjectPropertyRange. Axiom ignored:
[INFO] ObjectPropertyRange(<http://purl.obolibrary.org/obo/ERO_0000038> ObjectUnionOf(<http://purl.obolibrary.org/obo/ERO_0000004> <http://purl.obolibrary.org/obo/ERO_0000006> <http://purl.obolibrary.org/obo/ERO_0000007> <http://purl.obolibrary.org/obo/ERO_0000071> <http://purl.obolibrary.org/obo/OBI_0100026>))
[INFO] 2018-10-23 18:48:09,596 WARN  (ChangeIndexingProcessor:66) [reasoner.indexing.axiomIgnored]ELK does not support DataPropertyDomain. Axiom ignored:
[INFO] DataPropertyDomain(<http://purl.obolibrary.org/obo/ERO_0001535> ObjectUnionOf(<http://purl.obolibrary.org/obo/ERO_0001542> <http://purl.obolibrary.org/obo/ERO_0001545>))
[INFO] 2018-10-23 18:48:09,596 WARN  (ChangeIndexingProcessor:66) [reasoner.indexing.axiomIgnored]ELK does not support ObjectPropertyRange. Axiom ignored:
[INFO] ObjectPropertyRange(<http://purl.obolibrary.org/obo/ERO_0001063> <http://purl.obolibrary.org/obo/ERO_0000020>)
[INFO] 2018-10-23 18:48:09,597 WARN  (ChangeIndexingProcessor:66) [reasoner.indexing.axiomIgnored]ELK does not support DataPropertyRange. Axiom ignored:
[INFO] DataPropertyRange(<http://purl.obolibrary.org/obo/ERO_0001987> <http://www.w3.org/2001/XMLSchema#string>)
[INFO] 2018-10-23 18:48:09,597 WARN  (ChangeIndexingProcessor:66) [reasoner.indexing.axiomIgnored]ELK does not support ObjectPropertyRange. Axiom ignored:
[INFO] ObjectPropertyRange(<http://purl.obolibrary.org/obo/ERO_0001065> <http://purl.obolibrary.org/obo/ERO_0000020>)
[INFO] 2018-10-23 18:48:09,598 WARN  (ChangeIndexingProcessor:66) [reasoner.indexing.axiomIgnored]ELK does not support DifferentIndividuals. Axiom ignored:
[INFO] DifferentIndividuals(<http://purl.obolibrary.org/obo/IAO_0000120> <http://purl.obolibrary.org/obo/IAO_0000121> <http://purl.obolibrary.org/obo/IAO_0000122> <http://purl.obolibrary.org/obo/IAO_0000123> <http://purl.obolibrary.org/obo/IAO_0000124> <http://purl.obolibrary.org/obo/IAO_0000125> <http://purl.obolibrary.org/obo/IAO_0000423> <http://purl.obolibrary.org/obo/IAO_0000428>)
[INFO] 2018-10-23 18:48:09,599 WARN  (ChangeIndexingProcessor:66) [reasoner.indexing.axiomIgnored]ELK does not support ObjectPropertyRange. Axiom ignored:
[INFO] ObjectPropertyRange(<http://purl.obolibrary.org/obo/ERO_0002191> <http://purl.obolibrary.org/obo/ERO_0002190>)
[INFO] 2018-10-23 18:48:09,606 WARN  (ChangeIndexingProcessor:66) [reasoner.indexing.axiomIgnored]ELK does not support DataPropertyDomain. Axiom ignored:
[INFO] DataPropertyDomain(<http://purl.obolibrary.org/obo/ERO_0000575> <http://purl.obolibrary.org/obo/OBI_0100026>)
[INFO] 2018-10-23 18:48:09,606 WARN  (ChangeIndexingProcessor:66) [reasoner.indexing.axiomIgnored]ELK does not support DataPropertyDomain. Axiom ignored:
[INFO] DataPropertyDomain(<http://purl.obolibrary.org/obo/ERO_0000406> <http://purl.obolibrary.org/obo/ERO_0000404>)
[INFO] 2018-10-23 18:48:09,607 WARN  (ChangeIndexingProcessor:66) [reasoner.indexing.axiomIgnored]ELK does not support InverseObjectProperties. Axiom ignored:
[INFO] InverseObjectProperties(<http://www.obofoundry.org/ro/ro.owl#has_integral_part> <http://www.obofoundry.org/ro/ro.owl#integral_part_of>)
[INFO] 2018-10-23 18:48:09,607 WARN  (ChangeIndexingProcessor:66) [reasoner.indexing.axiomIgnored]ELK does not support ObjectPropertyRange. Axiom ignored:
[INFO] ObjectPropertyRange(<http://purl.obolibrary.org/obo/ERO_0000596> <http://xmlns.com/foaf/0.1/Person>)
[INFO] 2018-10-23 18:48:09,607 WARN  (ChangeIndexingProcessor:66) [reasoner.indexing.axiomIgnored]ELK does not support DataPropertyDomain. Axiom ignored:
[INFO] DataPropertyDomain(<http://purl.obolibrary.org/obo/ERO_0000050> <http://purl.obolibrary.org/obo/ERO_0000004>)
[INFO] 2018-10-23 18:48:09,608 WARN  (ChangeIndexingProcessor:66) [reasoner.indexing.axiomIgnored]ELK does not support DataPropertyDomain. Axiom ignored:
[INFO] DataPropertyDomain(<http://purl.obolibrary.org/obo/ERO_0000550> <http://purl.obolibrary.org/obo/ERO_0000160>)
[INFO] 2018-10-23 18:48:09,608 WARN  (ChangeIndexingProcessor:66) [reasoner.indexing.axiomIgnored]ELK does not support ObjectPropertyRange. Axiom ignored:
[INFO] ObjectPropertyRange(<http://purl.obolibrary.org/obo/RO_0003001> <http://purl.obolibrary.org/obo/BFO_0000040>)
[INFO] 2018-10-23 18:48:09,609 WARN  (ChangeIndexingProcessor:66) [reasoner.indexing.axiomIgnored]ELK does not support DataPropertyDomain. Axiom ignored:
[INFO] DataPropertyDomain(<http://purl.obolibrary.org/obo/ERO_0001525> <http://purl.obolibrary.org/obo/ERO_0000008>)
[INFO] 2018-10-23 18:48:09,609 WARN  (ChangeIndexingProcessor:66) [reasoner.indexing.axiomIgnored]ELK does not support DataPropertyRange. Axiom ignored:
[INFO] DataPropertyRange(<http://purl.obolibrary.org/obo/ERO_0001546> <http://www.w3.org/2001/XMLSchema#string>)
[INFO] 2018-10-23 18:48:09,610 WARN  (IndexedObjectUnionOf:92) [reasoner.indexing.IndexedObjectUnionOf]ELK does not support positive occurrences of ObjectUnionOf. Reasoning might be incomplete!
[INFO] 2018-10-23 18:48:09,611 WARN  (ChangeIndexingProcessor:66) [reasoner.indexing.axiomIgnored]ELK does not support DataPropertyRange. Axiom ignored:
[INFO] DataPropertyRange(<http://purl.obolibrary.org/obo/ERO_0000072> <http://www.w3.org/2001/XMLSchema#string>)
[INFO] 2018-10-23 18:48:09,611 WARN  (ChangeIndexingProcessor:66) [reasoner.indexing.axiomIgnored]ELK does not support ObjectPropertyRange. Axiom ignored:
[INFO] ObjectPropertyRange(<http://purl.obolibrary.org/obo/RO_0003000> <http://purl.obolibrary.org/obo/BFO_0000040>)
[INFO] 2018-10-23 18:48:09,614 WARN  (ChangeIndexingProcessor:66) [reasoner.indexing.axiomIgnored]ELK does not support ObjectPropertyRange. Axiom ignored:
[INFO] ObjectPropertyRange(<http://purl.obolibrary.org/obo/ERO_0002095> <http://purl.obolibrary.org/obo/ERO_0000015>)
[INFO] 2018-10-23 18:48:09,615 WARN  (ChangeIndexingProcessor:66) [reasoner.indexing.axiomIgnored]ELK does not support InverseObjectProperties. Axiom ignored:
[INFO] InverseObjectProperties(<http://purl.obolibrary.org/obo/OBI_0000316> <http://purl.org/obo/owl/OBO_REL#role_of>)
[INFO] 2018-10-23 18:48:09,616 WARN  (ChangeIndexingProcessor:66) [reasoner.indexing.axiomIgnored]ELK does not support ObjectPropertyRange. Axiom ignored:
[INFO] ObjectPropertyRange(<http://purl.obolibrary.org/obo/RO_0000052> <http://purl.obolibrary.org/obo/BFO_0000004>)
[INFO] 2018-10-23 18:48:09,616 WARN  (ChangeIndexingProcessor:66) [reasoner.indexing.axiomIgnored]ELK does not support DifferentIndividuals. Axiom ignored:
[INFO] DifferentIndividuals(<http://purl.obolibrary.org/obo/IAO_0000224>)
[INFO] 2018-10-23 18:48:09,617 WARN  (ChangeIndexingProcessor:66) [reasoner.indexing.axiomIgnored]ELK does not support DataPropertyRange. Axiom ignored:
[INFO] DataPropertyRange(<http://purl.obolibrary.org/obo/ERO_0000073> <http://www.w3.org/2001/XMLSchema#string>)
[INFO] 2018-10-23 18:48:09,618 WARN  (ChangeIndexingProcessor:66) [reasoner.indexing.axiomIgnored]ELK does not support DataPropertyDomain. Axiom ignored:
[INFO] DataPropertyDomain(<http://purl.obolibrary.org/obo/ERO_0000774> <http://purl.obolibrary.org/obo/ERO_0000595>)
[INFO] 2018-10-23 18:48:09,618 WARN  (ChangeIndexingProcessor:66) [reasoner.indexing.axiomIgnored]ELK does not support DataPropertyDomain. Axiom ignored:
[INFO] DataPropertyDomain(<http://purl.obolibrary.org/obo/ERO_0001044> <http://purl.obolibrary.org/obo/ERO_0000162>)
[INFO] 2018-10-23 18:48:09,618 WARN  (ChangeIndexingProcessor:66) [reasoner.indexing.axiomIgnored]ELK does not support DataPropertyDomain. Axiom ignored:
[INFO] DataPropertyDomain(<http://purl.obolibrary.org/obo/ERO_0000551> <http://purl.obolibrary.org/obo/ERO_0000160>)
[INFO] 2018-10-23 18:48:09,618 WARN  (ChangeIndexingProcessor:66) [reasoner.indexing.axiomIgnored]ELK does not support DataPropertyRange. Axiom ignored:
[INFO] DataPropertyRange(<http://purl.obolibrary.org/obo/ERO_0001547> <http://www.w3.org/2001/XMLSchema#string>)
[INFO] 2018-10-23 18:48:09,619 WARN  (ChangeIndexingProcessor:66) [reasoner.indexing.axiomIgnored]ELK does not support ObjectPropertyRange. Axiom ignored:
[INFO] ObjectPropertyRange(<http://purl.obolibrary.org/obo/ERO_0000597> <http://xmlns.com/foaf/0.1/Organization>)
[INFO] 2018-10-23 18:48:09,622 WARN  (ChangeIndexingProcessor:66) [reasoner.indexing.axiomIgnored]ELK does not support ObjectPropertyRange. Axiom ignored:
[INFO] ObjectPropertyRange(<http://purl.obolibrary.org/obo/ERO_0001966> <http://purl.obolibrary.org/obo/ERO_0002094>)
[INFO] 2018-10-23 18:48:09,623 WARN  (ChangeIndexingProcessor:66) [reasoner.indexing.axiomIgnored]ELK does not support DataPropertyDomain. Axiom ignored:
[INFO] DataPropertyDomain(<http://purl.obolibrary.org/obo/ERO_0000054> ObjectUnionOf(<http://vivoweb.org/ontology/core#Center> <http://vivoweb.org/ontology/core#Laboratory>))
[INFO] 2018-10-23 18:48:09,623 WARN  (ChangeIndexingProcessor:66) [reasoner.indexing.axiomIgnored]ELK does not support DataPropertyDomain. Axiom ignored:
[INFO] DataPropertyDomain(<http://purl.obolibrary.org/obo/ERO_0001526> <http://purl.obolibrary.org/obo/ERO_0000229>)
[INFO] 2018-10-23 18:48:09,624 WARN  (ChangeIndexingProcessor:66) [reasoner.indexing.axiomIgnored]ELK does not support ObjectPropertyRange. Axiom ignored:
[INFO] ObjectPropertyRange(<http://purl.obolibrary.org/obo/ERO_0001908> <http://purl.obolibrary.org/obo/ERO_0100287>)
[INFO] 2018-10-23 18:48:09,624 WARN  (ChangeIndexingProcessor:66) [reasoner.indexing.axiomIgnored]ELK does not support DataPropertyRange. Axiom ignored:
[INFO] DataPropertyRange(<http://purl.obolibrary.org/obo/ERO_0000050> <http://www.w3.org/2001/XMLSchema#string>)
[INFO] 2018-10-23 18:48:09,631 WARN  (ChangeIndexingProcessor:66) [reasoner.indexing.axiomIgnored]ELK does not support DataPropertyRange. Axiom ignored:
[INFO] DataPropertyRange(<http://purl.obolibrary.org/obo/ERO_0001526> <http://www.w3.org/2001/XMLSchema#string>)
[INFO] 2018-10-23 18:48:09,631 WARN  (ChangeIndexingProcessor:66) [reasoner.indexing.axiomIgnored]ELK does not support DataPropertyRange. Axiom ignored:
[INFO] DataPropertyRange(<http://purl.obolibrary.org/obo/ERO_0000781> <http://www.w3.org/2001/XMLSchema#string>)
[INFO] 2018-10-23 18:48:09,632 WARN  (ChangeIndexingProcessor:66) [reasoner.indexing.axiomIgnored]ELK does not support DataPropertyRange. Axiom ignored:
[INFO] DataPropertyRange(<http://purl.obolibrary.org/obo/ERO_0000541> <http://www.w3.org/2001/XMLSchema#string>)
[INFO] 2018-10-23 18:48:09,632 WARN  (ChangeIndexingProcessor:66) [reasoner.indexing.axiomIgnored]ELK does not support ObjectPropertyRange. Axiom ignored:
[INFO] ObjectPropertyRange(<http://purl.obolibrary.org/obo/ERO_0001836> <http://purl.obolibrary.org/obo/ERO_0001828>)
[INFO] 2018-10-23 18:48:09,633 WARN  (ChangeIndexingProcessor:66) [reasoner.indexing.axiomIgnored]ELK does not support DataPropertyRange. Axiom ignored:
[INFO] DataPropertyRange(<http://purl.obolibrary.org/obo/ERO_0000051> <http://www.w3.org/2001/XMLSchema#string>)
[INFO] 2018-10-23 18:48:09,633 WARN  (IndexedObjectUnionOf:92) [reasoner.indexing.IndexedObjectUnionOf]ELK does not support positive occurrences of ObjectUnionOf. Reasoning might be incomplete!
[INFO] 2018-10-23 18:48:09,634 WARN  (ChangeIndexingProcessor:66) [reasoner.indexing.axiomIgnored]ELK does not support InverseObjectProperties. Axiom ignored:
[INFO] InverseObjectProperties(<http://purl.obolibrary.org/obo/ERO_0001520> <http://purl.obolibrary.org/obo/ERO_0001521>)
[INFO] 2018-10-23 18:48:09,634 WARN  (ChangeIndexingProcessor:66) [reasoner.indexing.axiomIgnored]ELK does not support DataPropertyRange. Axiom ignored:
[INFO] DataPropertyRange(<http://purl.obolibrary.org/obo/ERO_0000782> <http://www.w3.org/2001/XMLSchema#string>)
[INFO] 2018-10-23 18:48:09,635 WARN  (ChangeIndexingProcessor:66) [reasoner.indexing.axiomIgnored]ELK does not support DataPropertyRange. Axiom ignored:
[INFO] DataPropertyRange(<http://purl.obolibrary.org/obo/ERO_0001525> <http://www.w3.org/2001/XMLSchema#string>)
[INFO] 2018-10-23 18:48:09,638 WARN  (ChangeIndexingProcessor:66) [reasoner.indexing.axiomIgnored]ELK does not support ObjectPropertyRange. Axiom ignored:
[INFO] ObjectPropertyRange(<http://purl.obolibrary.org/obo/ERO_0000031> ObjectUnionOf(<http://purl.obolibrary.org/obo/ERO_0000071> <http://purl.obolibrary.org/obo/ERO_0001716> <http://purl.obolibrary.org/obo/OBI_0000272>))
[INFO] 2018-10-23 18:48:09,638 WARN  (ChangeIndexingProcessor:66) [reasoner.indexing.axiomIgnored]ELK does not support DataPropertyRange. Axiom ignored:
[INFO] DataPropertyRange(<http://purl.obolibrary.org/obo/ERO_0000052> <http://www.w3.org/2001/XMLSchema#string>)
[INFO] 2018-10-23 18:48:09,639 WARN  (ChangeIndexingProcessor:66) [reasoner.indexing.axiomIgnored]ELK does not support InverseObjectProperties. Axiom ignored:
[INFO] InverseObjectProperties(<http://www.obofoundry.org/ro/ro.owl#agent_in> <http://www.obofoundry.org/ro/ro.owl#has_agent>)
[INFO] 2018-10-23 18:48:09,640 WARN  (ChangeIndexingProcessor:66) [reasoner.indexing.axiomIgnored]ELK does not support InverseObjectProperties. Axiom ignored:
[INFO] InverseObjectProperties(<http://purl.obolibrary.org/obo/BFO_0000062> <http://purl.obolibrary.org/obo/BFO_0000063>)
[INFO] 2018-10-23 18:48:09,640 WARN  (ChangeIndexingProcessor:66) [reasoner.indexing.axiomIgnored]ELK does not support DataPropertyDomain. Axiom ignored:
[INFO] DataPropertyDomain(<http://purl.obolibrary.org/obo/ERO_0000051> ObjectUnionOf(<http://xmlns.com/foaf/0.1/Organization> <http://xmlns.com/foaf/0.1/Person>))
[INFO] 2018-10-23 18:48:09,641 WARN  (ChangeIndexingProcessor:66) [reasoner.indexing.axiomIgnored]ELK does not support DataPropertyDomain. Axiom ignored:
[INFO] DataPropertyDomain(<http://purl.obolibrary.org/obo/ERO_0001519> <http://purl.obolibrary.org/obo/ERO_0000020>)
[INFO] 2018-10-23 18:48:09,642 WARN  (IndexedObjectUnionOf:92) [reasoner.indexing.IndexedObjectUnionOf]ELK does not support positive occurrences of ObjectUnionOf. Reasoning might be incomplete!
[INFO] 2018-10-23 18:48:09,643 WARN  (ChangeIndexingProcessor:66) [reasoner.indexing.axiomIgnored]ELK does not support ObjectPropertyRange. Axiom ignored:
[INFO] ObjectPropertyRange(<http://purl.obolibrary.org/obo/ERO_0001057> <http://purl.obolibrary.org/obo/ERO_0001707>)
[INFO] 2018-10-23 18:48:09,644 WARN  (ChangeIndexingProcessor:66) [reasoner.indexing.axiomIgnored]ELK does not support ObjectPropertyRange. Axiom ignored:
[INFO] ObjectPropertyRange(<http://purl.obolibrary.org/obo/ERO_0000037> <http://purl.obolibrary.org/obo/ERO_0000005>)
[INFO] 2018-10-23 18:48:09,645 WARN  (ChangeIndexingProcessor:66) [reasoner.indexing.axiomIgnored]ELK does not support ObjectPropertyRange. Axiom ignored:
[INFO] ObjectPropertyRange(<http://purl.obolibrary.org/obo/ERO_0000917> <http://purl.obolibrary.org/obo/NCBITaxon_10239>)
[INFO] 2018-10-23 18:48:09,645 WARN  (ChangeIndexingProcessor:66) [reasoner.indexing.axiomIgnored]ELK does not support ObjectPropertyRange. Axiom ignored:
[INFO] ObjectPropertyRange(<http://purl.obolibrary.org/obo/OBI_0000312> <http://purl.obolibrary.org/obo/OBI_0000011>)
[INFO] 2018-10-23 18:48:09,646 WARN  (ChangeIndexingProcessor:66) [reasoner.indexing.axiomIgnored]ELK does not support ObjectPropertyRange. Axiom ignored:
[INFO] ObjectPropertyRange(<http://purl.obolibrary.org/obo/ERO_0000397> <http://purl.obolibrary.org/obo/ERO_0000007>)
[INFO] 2018-10-23 18:48:09,646 WARN  (ChangeIndexingProcessor:66) [reasoner.indexing.axiomIgnored]ELK does not support ObjectPropertyRange. Axiom ignored:
[INFO] ObjectPropertyRange(<http://purl.obolibrary.org/obo/ERO_0000573> <http://purl.obolibrary.org/obo/SO_0001059>)
[INFO] 2018-10-23 18:48:09,647 WARN  (ChangeIndexingProcessor:66) [reasoner.indexing.axiomIgnored]ELK does not support DataPropertyRange. Axiom ignored:
[INFO] DataPropertyRange(<http://purl.obolibrary.org/obo/ERO_0000580> <http://www.w3.org/2001/XMLSchema#string>)
[INFO] 2018-10-23 18:48:09,647 WARN  (ChangeIndexingProcessor:66) [reasoner.indexing.axiomIgnored]ELK does not support ObjectPropertyRange. Axiom ignored:
[INFO] ObjectPropertyRange(<http://purl.obolibrary.org/obo/ERO_0000398> ObjectUnionOf(<http://vivoweb.org/ontology/core#Laboratory> <http://xmlns.com/foaf/0.1/Person>))
[INFO] 2018-10-23 18:48:09,647 WARN  (IndexedObjectUnionOf:92) [reasoner.indexing.IndexedObjectUnionOf]ELK does not support positive occurrences of ObjectUnionOf. Reasoning might be incomplete!
[INFO] 2018-10-23 18:48:09,648 WARN  (ChangeIndexingProcessor:66) [reasoner.indexing.axiomIgnored]ELK does not support DataPropertyDomain. Axiom ignored:
[INFO] DataPropertyDomain(<http://purl.obolibrary.org/obo/ERO_0000407> ObjectUnionOf(<http://purl.obolibrary.org/obo/ERO_0000161> <http://purl.obolibrary.org/obo/ERO_0000404>))
[INFO] 2018-10-23 18:48:09,653 WARN  (ChangeIndexingProcessor:66) [reasoner.indexing.axiomIgnored]ELK does not support DataPropertyDomain. Axiom ignored:
[INFO] DataPropertyDomain(<http://purl.obolibrary.org/obo/ERO_0000046> <http://purl.obolibrary.org/obo/ERO_0000005>)
[INFO] 2018-10-23 18:48:09,654 WARN  (ChangeIndexingProcessor:66) [reasoner.indexing.axiomIgnored]ELK does not support ObjectPropertyRange. Axiom ignored:
[INFO] ObjectPropertyRange(<http://purl.obolibrary.org/obo/ERO_0000232> <http://xmlns.com/foaf/0.1/Person>)
[INFO] 2018-10-23 18:48:09,655 WARN  (ChangeIndexingProcessor:66) [reasoner.indexing.axiomIgnored]ELK does not support ObjectPropertyRange. Axiom ignored:
[INFO] ObjectPropertyRange(<http://purl.obolibrary.org/obo/ERO_0000919> <http://purl.obolibrary.org/obo/ERO_0000020>)
[INFO] 2018-10-23 18:48:09,657 WARN  (IndexedObjectUnionOf:92) [reasoner.indexing.IndexedObjectUnionOf]ELK does not support positive occurrences of ObjectUnionOf. Reasoning might be incomplete!
[INFO] 2018-10-23 18:48:09,658 WARN  (ChangeIndexingProcessor:66) [reasoner.indexing.axiomIgnored]ELK does not support SymmetricObjectProperty. Axiom ignored:
[INFO] SymmetricObjectProperty(<http://purl.obolibrary.org/obo/ERO_0001062>)
[INFO] 2018-10-23 18:48:09,659 WARN  (ChangeIndexingProcessor:66) [reasoner.indexing.axiomIgnored]ELK does not support FunctionalObjectProperty. Axiom ignored:
[INFO] FunctionalObjectProperty(<http://purl.obolibrary.org/obo/RO_0000052>)
[INFO] 2018-10-23 18:48:09,659 WARN  (ChangeIndexingProcessor:66) [reasoner.indexing.axiomIgnored]ELK does not support DataPropertyDomain. Axiom ignored:
[INFO] DataPropertyDomain(<http://purl.obolibrary.org/obo/ERO_0000555> <http://purl.obolibrary.org/obo/ERO_0000008>)
[INFO] 2018-10-23 18:48:09,659 WARN  (ChangeIndexingProcessor:66) [reasoner.indexing.axiomIgnored]ELK does not support DataPropertyDomain. Axiom ignored:
[INFO] DataPropertyDomain(<http://purl.obolibrary.org/obo/ERO_0000049> <http://xmlns.com/foaf/0.1/Person>)
[INFO] 2018-10-23 18:48:09,660 WARN  (ChangeIndexingProcessor:66) [reasoner.indexing.axiomIgnored]ELK does not support InverseObjectProperties. Axiom ignored:
[INFO] InverseObjectProperties(<http://www.obofoundry.org/ro/ro.owl#has_improper_part> <http://www.obofoundry.org/ro/ro.owl#improper_part_of>)
[INFO] 2018-10-23 18:48:09,660 WARN  (ChangeIndexingProcessor:66) [reasoner.indexing.axiomIgnored]ELK does not support ObjectPropertyRange. Axiom ignored:
[INFO] ObjectPropertyRange(<http://purl.obolibrary.org/obo/ERO_0000027> <http://purl.obolibrary.org/obo/OBI_0100026>)
[INFO] 2018-10-23 18:48:09,660 WARN  (ChangeIndexingProcessor:66) [reasoner.indexing.axiomIgnored]ELK does not support DataPropertyDomain. Axiom ignored:
[INFO] DataPropertyDomain(<http://purl.obolibrary.org/obo/ERO_0000571> <http://purl.obolibrary.org/obo/ERO_0000985>)
[INFO] 2018-10-23 18:48:09,661 WARN  (ChangeIndexingProcessor:66) [reasoner.indexing.axiomIgnored]ELK does not support InverseObjectProperties. Axiom ignored:
[INFO] InverseObjectProperties(<http://purl.obolibrary.org/obo/BFO_0000050> <http://purl.obolibrary.org/obo/BFO_0000051>)
[INFO] 2018-10-23 18:48:09,661 WARN  (ChangeIndexingProcessor:66) [reasoner.indexing.axiomIgnored]ELK does not support ObjectPropertyRange. Axiom ignored:
[INFO] ObjectPropertyRange(<http://purl.obolibrary.org/obo/ERO_0000033> <http://purl.obolibrary.org/obo/ERO_0000007>)
[INFO] 2018-10-23 18:48:09,662 WARN  (ChangeIndexingProcessor:66) [reasoner.indexing.axiomIgnored]ELK does not support DifferentIndividuals. Axiom ignored:
[INFO] DifferentIndividuals(<http://purl.obolibrary.org/obo/IAO_0000226> <http://purl.obolibrary.org/obo/IAO_0000227> <http://purl.obolibrary.org/obo/IAO_0000228> <http://purl.obolibrary.org/obo/IAO_0000229>)
[INFO] 2018-10-23 18:48:09,669 WARN  (ChangeIndexingProcessor:66) [reasoner.indexing.axiomIgnored]ELK does not support ObjectPropertyRange. Axiom ignored:
[INFO] ObjectPropertyRange(<http://purl.obolibrary.org/obo/ERO_0000460> <http://purl.obolibrary.org/obo/IAO_0000310>)
[INFO] 2018-10-23 18:48:09,669 WARN  (ChangeIndexingProcessor:66) [reasoner.indexing.axiomIgnored]ELK does not support ObjectPropertyRange. Axiom ignored:
[INFO] ObjectPropertyRange(<http://purl.obolibrary.org/obo/ERO_0001967> <http://purl.obolibrary.org/obo/UBERON_0010316>)
[INFO] 2018-10-23 18:48:09,670 WARN  (ChangeIndexingProcessor:66) [reasoner.indexing.axiomIgnored]ELK does not support ObjectPropertyRange. Axiom ignored:
[INFO] ObjectPropertyRange(<http://purl.obolibrary.org/obo/ERO_0000918> <http://purl.obolibrary.org/obo/ERO_0000014>)
[INFO] 2018-10-23 18:48:09,670 WARN  (IndexedObjectUnionOf:92) [reasoner.indexing.IndexedObjectUnionOf]ELK does not support positive occurrences of ObjectUnionOf. Reasoning might be incomplete!
[INFO] 2018-10-23 18:48:09,671 WARN  (ChangeIndexingProcessor:66) [reasoner.indexing.axiomIgnored]ELK does not support ObjectPropertyRange. Axiom ignored:
[INFO] ObjectPropertyRange(<http://purl.obolibrary.org/obo/ERO_0001825> <http://purl.obolibrary.org/obo/UBERON_0001062>)
[INFO] 2018-10-23 18:48:09,672 WARN  (ChangeIndexingProcessor:66) [reasoner.indexing.axiomIgnored]ELK does not support DataPropertyRange. Axiom ignored:
[INFO] DataPropertyRange(<http://purl.obolibrary.org/obo/ERO_0000049> <http://www.w3.org/2001/XMLSchema#string>)
[INFO] 2018-10-23 18:48:09,672 WARN  (ChangeIndexingProcessor:66) [reasoner.indexing.axiomIgnored]ELK does not support ObjectPropertyRange. Axiom ignored:
[INFO] ObjectPropertyRange(<http://purl.obolibrary.org/obo/ERO_0001968> <http://purl.obolibrary.org/obo/CLO_0000031>)
[INFO] 2018-10-23 18:48:09,673 WARN  (ChangeIndexingProcessor:66) [reasoner.indexing.axiomIgnored]ELK does not support ObjectPropertyRange. Axiom ignored:
[INFO] ObjectPropertyRange(<http://purl.obolibrary.org/obo/ERO_0001530> <http://purl.obolibrary.org/obo/ERO_0001440>)
[INFO] 2018-10-23 18:48:09,673 WARN  (ChangeIndexingProcessor:66) [reasoner.indexing.axiomIgnored]ELK does not support ObjectPropertyRange. Axiom ignored:
[INFO] ObjectPropertyRange(<http://purl.obolibrary.org/obo/ERO_0001905> ObjectUnionOf(<http://purl.obolibrary.org/obo/ERO_0000014> <http://vivoweb.org/ontology/core#Laboratory>))
[INFO] 2018-10-23 18:48:09,679 WARN  (ChangeIndexingProcessor:66) [reasoner.indexing.axiomIgnored]ELK does not support ObjectAllValuesFrom. Axiom ignored:
[INFO] SubClassOf(<http://purl.obolibrary.org/obo/OBI_0000094> ObjectAllValuesFrom(<http://purl.obolibrary.org/obo/OBI_0000299> <http://purl.obolibrary.org/obo/BFO_0000040>))
[INFO] 2018-10-23 18:48:09,679 WARN  (ChangeIndexingProcessor:66) [reasoner.indexing.axiomIgnored]ELK does not support ObjectPropertyRange. Axiom ignored:
[INFO] ObjectPropertyRange(<http://purl.obolibrary.org/obo/ERO_0001062> <http://purl.obolibrary.org/obo/ERO_0000020>)
[INFO] 2018-10-23 18:48:09,679 WARN  (ChangeIndexingProcessor:66) [reasoner.indexing.axiomIgnored]ELK does not support ObjectPropertyRange. Axiom ignored:
[INFO] ObjectPropertyRange(<http://purl.obolibrary.org/obo/ERO_0001055> <http://purl.obolibrary.org/obo/OBI_0100026>)
[INFO] 2018-10-23 18:48:09,680 WARN  (ChangeIndexingProcessor:66) [reasoner.indexing.axiomIgnored]ELK does not support ObjectPropertyRange. Axiom ignored:
[INFO] ObjectPropertyRange(<http://purl.obolibrary.org/obo/ERO_0001548> <http://purl.obolibrary.org/obo/OBI_0100026>)
[INFO] 2018-10-23 18:48:09,680 WARN  (ChangeIndexingProcessor:66) [reasoner.indexing.axiomIgnored]ELK does not support ObjectPropertyRange. Axiom ignored:
[INFO] ObjectPropertyRange(<http://purl.obolibrary.org/obo/ERO_0001522> <http://purl.obolibrary.org/obo/OBI_0100026>)
[INFO] 2018-10-23 18:48:09,681 WARN  (ChangeIndexingProcessor:66) [reasoner.indexing.axiomIgnored]ELK does not support InverseObjectProperties. Axiom ignored:
[INFO] InverseObjectProperties(<http://purl.obolibrary.org/obo/ERO_0000596> <http://purl.obolibrary.org/obo/ERO_0001906>)
[INFO] 2018-10-23 18:48:09,683 WARN  (ChangeIndexingProcessor:66) [reasoner.indexing.axiomIgnored]ELK does not support DataPropertyDomain. Axiom ignored:
[INFO] DataPropertyDomain(<http://purl.obolibrary.org/obo/ERO_0000480> ObjectUnionOf(<http://purl.obolibrary.org/obo/ERO_0000004> <http://purl.obolibrary.org/obo/ERO_0000005> <http://purl.obolibrary.org/obo/ERO_0000006> <http://purl.obolibrary.org/obo/ERO_0000014> <http://purl.obolibrary.org/obo/ERO_0000020> <http://purl.obolibrary.org/obo/ERO_0000071> <http://purl.obolibrary.org/obo/ERO_0000595> <http://purl.obolibrary.org/obo/ERO_0001716> <http://purl.obolibrary.org/obo/ERO_0002025> <http://purl.obolibrary.org/obo/ERO_0002190> <http://purl.obolibrary.org/obo/IAO_0000310> <http://purl.obolibrary.org/obo/OBI_0100026> <http://purl.obolibrary.org/obo/PCO_0000020> <http://xmlns.com/foaf/0.1/Organization> <http://xmlns.com/foaf/0.1/Person>))
[INFO] 2018-10-23 18:48:09,684 WARN  (ChangeIndexingProcessor:66) [reasoner.indexing.axiomIgnored]ELK does not support DataPropertyDomain. Axiom ignored:
[INFO] DataPropertyDomain(<http://purl.obolibrary.org/obo/ERO_0000042> <http://xmlns.com/foaf/0.1/Person>)
[INFO] 2018-10-23 18:48:09,684 WARN  (ChangeIndexingProcessor:66) [reasoner.indexing.axiomIgnored]ELK does not support ObjectAllValuesFrom. Axiom ignored:
[INFO] SubClassOf(<http://purl.obolibrary.org/obo/OBI_0000094> ObjectAllValuesFrom(<http://purl.obolibrary.org/obo/OBI_0000293> <http://purl.obolibrary.org/obo/BFO_0000040>))
[INFO] 2018-10-23 18:48:09,686 WARN  (IndexedObjectUnionOf:92) [reasoner.indexing.IndexedObjectUnionOf]ELK does not support positive occurrences of ObjectUnionOf. Reasoning might be incomplete!
[INFO] 2018-10-23 18:48:09,687 WARN  (ChangeIndexingProcessor:66) [reasoner.indexing.axiomIgnored]ELK does not support DataPropertyRange. Axiom ignored:
[INFO] DataPropertyRange(<http://purl.obolibrary.org/obo/ERO_0000480> <http://www.w3.org/2001/XMLSchema#string>)
[INFO] 2018-10-23 18:48:09,687 WARN  (ChangeIndexingProcessor:66) [reasoner.indexing.axiomIgnored]ELK does not support ObjectPropertyRange. Axiom ignored:
[INFO] ObjectPropertyRange(<http://purl.obolibrary.org/obo/ERO_0000618> <http://purl.obolibrary.org/obo/OBI_0100026>)
[INFO] 2018-10-23 18:48:09,688 WARN  (IndexedObjectUnionOf:92) [reasoner.indexing.IndexedObjectUnionOf]ELK does not support positive occurrences of ObjectUnionOf. Reasoning might be incomplete!
[INFO] 2018-10-23 18:48:09,688 WARN  (ChangeIndexingProcessor:66) [reasoner.indexing.axiomIgnored]ELK does not support ObjectPropertyRange. Axiom ignored:
[INFO] ObjectPropertyRange(<http://purl.obolibrary.org/obo/ERO_0000321> <http://purl.obolibrary.org/obo/ERO_0000316>)
[INFO] 2018-10-23 18:48:09,689 WARN  (ChangeIndexingProcessor:66) [reasoner.indexing.axiomIgnored]ELK does not support DataPropertyDomain. Axiom ignored:
[INFO] DataPropertyDomain(<http://purl.obolibrary.org/obo/ERO_0000580> ObjectUnionOf(<http://purl.obolibrary.org/obo/ERO_0000985> <http://purl.obolibrary.org/obo/ERO_0001964>))
[INFO] 2018-10-23 18:48:09,690 WARN  (ChangeIndexingProcessor:66) [reasoner.indexing.axiomIgnored]ELK does not support DataPropertyRange. Axiom ignored:
[INFO] DataPropertyRange(<http://purl.obolibrary.org/obo/ERO_0001837> <http://www.w3.org/2001/XMLSchema#string>)
[INFO] 2018-10-23 18:48:09,690 WARN  (ChangeIndexingProcessor:66) [reasoner.indexing.axiomIgnored]ELK does not support InverseObjectProperties. Axiom ignored:
[INFO] InverseObjectProperties(<http://purl.obolibrary.org/obo/OBI_0000300> <http://purl.obolibrary.org/obo/OBI_0000308>)
[INFO] 2018-10-23 18:48:09,691 WARN  (ChangeIndexingProcessor:66) [reasoner.indexing.axiomIgnored]ELK does not support InverseObjectProperties. Axiom ignored:
[INFO] InverseObjectProperties(<http://purl.obolibrary.org/obo/ERO_0000037> <http://purl.obolibrary.org/obo/ERO_0000390>)
[INFO] 2018-10-23 18:48:09,691 WARN  (ChangeIndexingProcessor:66) [reasoner.indexing.axiomIgnored]ELK does not support DataPropertyDomain. Axiom ignored:
[INFO] DataPropertyDomain(<http://purl.obolibrary.org/obo/ERO_0000579> <http://purl.obolibrary.org/obo/ERO_0000985>)
[INFO] 2018-10-23 18:48:09,693 WARN  (ChangeIndexingProcessor:66) [reasoner.indexing.axiomIgnored]ELK does not support ObjectPropertyRange. Axiom ignored:
[INFO] ObjectPropertyRange(<http://purl.obolibrary.org/obo/OBI_0000316> <http://purl.obolibrary.org/obo/BFO_0000023>)
[INFO] 2018-10-23 18:48:09,694 WARN  (ChangeIndexingProcessor:66) [reasoner.indexing.axiomIgnored]ELK does not support ObjectPropertyRange. Axiom ignored:
[INFO] ObjectPropertyRange(<http://purl.obolibrary.org/obo/ERO_0001969> <http://purl.obolibrary.org/obo/CLO_0000031>)
[INFO] 2018-10-23 18:48:09,694 WARN  (ChangeIndexingProcessor:66) [reasoner.indexing.axiomIgnored]ELK does not support DataPropertyDomain. Axiom ignored:
[INFO] DataPropertyDomain(<http://purl.obolibrary.org/obo/ERO_0000578> <http://purl.obolibrary.org/obo/ERO_0000985>)
[INFO] 2018-10-23 18:48:09,695 INFO  (LoggingStageExecutor:103) Loading of Axioms took 370 ms
[INFO] 2018-10-23 18:48:09,695 INFO  (LoggingStageExecutor:70) Property Saturation Initialization started
[INFO] 2018-10-23 18:48:09,696 INFO  (AbstractReasonerStage:161) Property Saturation Initialization using 2 workers
[INFO] 2018-10-23 18:48:09,697 INFO  (LoggingStageExecutor:103) Property Saturation Initialization took 1 ms
[INFO] 2018-10-23 18:48:09,697 INFO  (LoggingStageExecutor:70) Reflexive Property Computation started
[INFO] 2018-10-23 18:48:09,704 INFO  (AbstractReasonerStage:161) Reflexive Property Computation using 2 workers
[INFO] 2018-10-23 18:48:09,707 INFO  (LoggingStageExecutor:103) Reflexive Property Computation took 10 ms
[INFO] 2018-10-23 18:48:09,708 INFO  (LoggingStageExecutor:70) Object Property Hierarchy and Composition Computation started
[INFO] 2018-10-23 18:48:09,710 INFO  (AbstractReasonerStage:161) Object Property Hierarchy and Composition Computation using 2 workers
[INFO] 2018-10-23 18:48:09,718 INFO  (LoggingStageExecutor:103) Object Property Hierarchy and Composition Computation took 10 ms
[INFO] 2018-10-23 18:48:09,718 INFO  (LoggingStageExecutor:70) Context Initialization started
[INFO] 2018-10-23 18:48:09,719 INFO  (AbstractReasonerStage:161) Context Initialization using 2 workers
[INFO] 2018-10-23 18:48:09,721 INFO  (LoggingStageExecutor:103) Context Initialization took 3 ms
[INFO] 2018-10-23 18:48:09,722 INFO  (LoggingStageExecutor:70) Consistency Checking started
[INFO] 2018-10-23 18:48:09,728 INFO  (AbstractReasonerStage:161) Consistency Checking using 2 workers
[INFO] 2018-10-23 18:48:09,787 INFO  (LoggingStageExecutor:103) Consistency Checking took 65 ms
[INFO] 2018-10-23 18:48:09,788 INFO  (LoggingStageExecutor:70) Class Taxonomy Computation started
[INFO] 2018-10-23 18:48:09,797 INFO  (AbstractReasonerStage:161) Class Taxonomy Computation using 2 workers
[INFO] 2018-10-23 18:48:13,139 INFO  (LoggingStageExecutor:103) Class Taxonomy Computation took 3351 ms
[INFO] E: owl:Nothing owl:Nothing
[INFO] 2018-10-23 18:48:13,143 INFO  (CommandRunnerBase:78) disposing of org.semanticweb.elk.owlapi.ElkReasoner@58359ebd
[INFO] 2018-10-23 18:48:13,144 INFO  (Reasoner:231) ELK reasoner has shut down
[INFO] 2018-10-23 18:48:13,145 INFO  (CommandRunnerBase:70) disposing of org.semanticweb.elk.owlapi.ElkReasoner@58359ebd
[INFO] ------------------------------------------------------------------------
[INFO] BUILD SUCCESS
[INFO] ------------------------------------------------------------------------
[INFO] Total time: 8.112s
[INFO] Finished at: Tue Oct 23 18:48:13 UTC 2018
[INFO] Final Memory: 5M/229M
[INFO] ------------------------------------------------------------------------
Tue Oct 23 18:48:13 UTC 2018
