Tue Oct 23 18:48:06 UTC 2018
Querying for incoherent classes in: /mnt/efsdata/obo-ci-data/base/ontologies/eupath/eupath_flat.owl
[INFO] Error stacktraces are turned on.
[INFO] Scanning for projects...
[INFO]                                                                         
[INFO] ------------------------------------------------------------------------
[INFO] Building incoherent-query 1.0
[INFO] ------------------------------------------------------------------------
[INFO] 
[INFO] --- exec-maven-plugin:1.1:exec (default-cli) @ incoherent-query ---
[INFO] 2018-10-23 18:48:10,599 INFO  (ParserWrapper:75) Start loading ontology: file:/mnt/efsdata/obo-ci-data/base/ontologies/eupath/eupath_flat.owl from: file:/mnt/efsdata/obo-ci-data/base/ontologies/eupath/eupath_flat.owl
[INFO] 2018-10-23 18:48:11,657 INFO  (ParserWrapper:82) Finished loading ontology: http://purl.obolibrary.org/obo/eupath.owl from: file:/mnt/efsdata/obo-ci-data/base/ontologies/eupath/eupath_flat.owl
[INFO] # PARSING: <http://www.w3.org/2002/07/owl#Nothing>
[INFO] 2018-10-23 18:48:11,711 INFO  (ManchesterSyntaxTool:130) parsing: <http://www.w3.org/2002/07/owl#Nothing>
[INFO] # QUERY: owl:Nothing owl:Nothing
[INFO] 2018-10-23 18:48:11,743 INFO  (ConfigurationFactory:83) Loading default configuration parameters for class org.semanticweb.elk.reasoner.config.ReasonerConfiguration
[INFO] 2018-10-23 18:48:11,908 INFO  (Reasoner:117) ELK reasoner was created
[INFO] 2018-10-23 18:48:11,909 INFO  (CommandRunner:6042) Created reasoner: org.semanticweb.elk.owlapi.ElkReasoner@6821ea29
[INFO] 2018-10-23 18:48:11,910 INFO  (LoggingStageExecutor:70) Loading of Axioms started
[INFO] 2018-10-23 18:48:11,916 INFO  (AbstractReasonerStage:161) Loading of Axioms using 2 workers
[INFO] 2018-10-23 18:48:11,930 WARN  (ChangeIndexingProcessor:66) [reasoner.indexing.axiomIgnored]ELK does not support ObjectAllValuesFrom. Axiom ignored:
[INFO] SubClassOf(<http://purl.obolibrary.org/obo/EUPATH_0000579> ObjectAllValuesFrom(<http://purl.obolibrary.org/obo/IAO_0000039> <http://purl.obolibrary.org/obo/UO_0000033>))
[INFO] 2018-10-23 18:48:11,944 WARN  (IndexedObjectUnionOf:92) [reasoner.indexing.IndexedObjectUnionOf]ELK does not support positive occurrences of ObjectUnionOf. Reasoning might be incomplete!
[INFO] 2018-10-23 18:48:11,946 WARN  (ChangeIndexingProcessor:66) [reasoner.indexing.axiomIgnored]ELK does not support ObjectAllValuesFrom. Axiom ignored:
[INFO] EquivalentClasses(<http://purl.obolibrary.org/obo/OBI_0001948> ObjectIntersectionOf(<http://purl.obolibrary.org/obo/IAO_0000300> ObjectAllValuesFrom(<http://purl.obolibrary.org/obo/IAO_0000219> <http://purl.obolibrary.org/obo/SO_0000353>)))
[INFO] 2018-10-23 18:48:11,949 WARN  (ChangeIndexingProcessor:66) [reasoner.indexing.axiomIgnored]ELK does not support ObjectAllValuesFrom. Axiom ignored:
[INFO] SubClassOf(<http://purl.obolibrary.org/obo/OBI_0100060> ObjectAllValuesFrom(<http://purl.obolibrary.org/obo/OBI_0000643> <http://purl.obolibrary.org/obo/CL_0000010>))
[INFO] 2018-10-23 18:48:11,950 WARN  (ChangeIndexingProcessor:66) [reasoner.indexing.axiomIgnored]ELK does not support ObjectAllValuesFrom. Axiom ignored:
[INFO] SubClassOf(<http://purl.obolibrary.org/obo/OBI_0200000> ObjectAllValuesFrom(<http://purl.obolibrary.org/obo/OBI_0000299> <http://purl.obolibrary.org/obo/IAO_0000027>))
[INFO] 2018-10-23 18:48:11,957 WARN  (ChangeIndexingProcessor:66) [reasoner.indexing.axiomIgnored]ELK does not support ObjectOneOf. Axiom ignored:
[INFO] EquivalentClasses(<http://purl.obolibrary.org/obo/IAO_0000078> ObjectOneOf(<http://purl.obolibrary.org/obo/IAO_0000428> <http://purl.obolibrary.org/obo/IAO_0000423> <http://purl.obolibrary.org/obo/IAO_0000124> <http://purl.obolibrary.org/obo/IAO_0000125> <http://purl.obolibrary.org/obo/IAO_0000122> <http://purl.obolibrary.org/obo/IAO_0000002> <http://purl.obolibrary.org/obo/IAO_0000123> <http://purl.obolibrary.org/obo/IAO_0000120> <http://purl.obolibrary.org/obo/IAO_0000121>))
[INFO] 2018-10-23 18:48:11,965 WARN  (ChangeIndexingProcessor:66) [reasoner.indexing.axiomIgnored]ELK does not support ObjectPropertyRange. Axiom ignored:
[INFO] ObjectPropertyRange(<http://purl.obolibrary.org/obo/RO_0000059> <http://purl.obolibrary.org/obo/BFO_0000031>)
[INFO] 2018-10-23 18:48:11,965 WARN  (ChangeIndexingProcessor:66) [reasoner.indexing.axiomIgnored]ELK does not support ObjectAllValuesFrom. Axiom ignored:
[INFO] SubClassOf(<http://purl.obolibrary.org/obo/OBI_0000202> ObjectAllValuesFrom(<http://purl.obolibrary.org/obo/BFO_0000054> <http://purl.obolibrary.org/obo/OBI_0000066>))
[INFO] 2018-10-23 18:48:11,969 WARN  (ChangeIndexingProcessor:66) [reasoner.indexing.axiomIgnored]ELK does not support FunctionalObjectProperty. Axiom ignored:
[INFO] FunctionalObjectProperty(<http://purl.obolibrary.org/obo/IAO_0000039>)
[INFO] 2018-10-23 18:48:11,979 WARN  (ChangeIndexingProcessor:66) [reasoner.indexing.axiomIgnored]ELK does not support InverseObjectProperties. Axiom ignored:
[INFO] InverseObjectProperties(<http://purl.obolibrary.org/obo/OBI_0000299> <http://purl.obolibrary.org/obo/OBI_0000312>)
[INFO] 2018-10-23 18:48:11,980 WARN  (ChangeIndexingProcessor:66) [reasoner.indexing.axiomIgnored]ELK does not support InverseObjectProperties. Axiom ignored:
[INFO] InverseObjectProperties(<http://purl.obolibrary.org/obo/RO_0000056> <http://purl.obolibrary.org/obo/RO_0000057>)
[INFO] 2018-10-23 18:48:11,981 WARN  (ChangeIndexingProcessor:66) [reasoner.indexing.axiomIgnored]ELK does not support ObjectPropertyRange. Axiom ignored:
[INFO] ObjectPropertyRange(<http://purl.obolibrary.org/obo/OBI_0000312> <http://purl.obolibrary.org/obo/OBI_0000011>)
[INFO] 2018-10-23 18:48:11,986 WARN  (ChangeIndexingProcessor:66) [reasoner.indexing.axiomIgnored]ELK does not support InverseObjectProperties. Axiom ignored:
[INFO] InverseObjectProperties(<http://purl.obolibrary.org/obo/RO_0000052> <http://purl.obolibrary.org/obo/RO_0000053>)
[INFO] 2018-10-23 18:48:11,987 WARN  (ChangeIndexingProcessor:66) [reasoner.indexing.axiomIgnored]ELK does not support ObjectAllValuesFrom. Axiom ignored:
[INFO] SubClassOf(<http://purl.obolibrary.org/obo/OBI_0001614> ObjectAllValuesFrom(<http://purl.obolibrary.org/obo/IAO_0000219> <http://purl.obolibrary.org/obo/OBI_0000973>))
[INFO] 2018-10-23 18:48:11,990 WARN  (ChangeIndexingProcessor:66) [reasoner.indexing.axiomIgnored]ELK does not support ObjectAllValuesFrom. Axiom ignored:
[INFO] EquivalentClasses(<http://purl.obolibrary.org/obo/EUPATH_0000758> ObjectIntersectionOf(<http://purl.obolibrary.org/obo/OBI_0001305> ObjectAllValuesFrom(<http://purl.obolibrary.org/obo/IAO_0000136> <http://purl.obolibrary.org/obo/NCIT_C14209>)))
[INFO] 2018-10-23 18:48:11,990 WARN  (ChangeIndexingProcessor:66) [reasoner.indexing.axiomIgnored]ELK does not support ObjectAllValuesFrom. Axiom ignored:
[INFO] SubClassOf(<http://purl.obolibrary.org/obo/OBI_0001141> ObjectAllValuesFrom(<http://purl.obolibrary.org/obo/IAO_0000219> <http://purl.obolibrary.org/obo/OBI_0100026>))
[INFO] 2018-10-23 18:48:11,991 WARN  (IndexedObjectUnionOf:92) [reasoner.indexing.IndexedObjectUnionOf]ELK does not support positive occurrences of ObjectUnionOf. Reasoning might be incomplete!
[INFO] 2018-10-23 18:48:11,994 WARN  (ChangeIndexingProcessor:66) [reasoner.indexing.axiomIgnored]ELK does not support FunctionalDataProperty. Axiom ignored:
[INFO] FunctionalDataProperty(<http://purl.obolibrary.org/obo/IAO_0000004>)
[INFO] 2018-10-23 18:48:11,995 WARN  (ChangeIndexingProcessor:66) [reasoner.indexing.axiomIgnored]ELK does not support ObjectPropertyRange. Axiom ignored:
[INFO] ObjectPropertyRange(<http://purl.obolibrary.org/obo/OBI_0000124> <http://purl.obolibrary.org/obo/IAO_0000027>)
[INFO] 2018-10-23 18:48:11,995 WARN  (ChangeIndexingProcessor:66) [reasoner.indexing.axiomIgnored]ELK does not support ObjectPropertyRange. Axiom ignored:
[INFO] ObjectPropertyRange(<http://purl.obolibrary.org/obo/EUPATH_0000005> <http://purl.obolibrary.org/obo/BFO_0000040>)
[INFO] 2018-10-23 18:48:11,999 WARN  (IndexedObjectUnionOf:92) [reasoner.indexing.IndexedObjectUnionOf]ELK does not support positive occurrences of ObjectUnionOf. Reasoning might be incomplete!
[INFO] 2018-10-23 18:48:12,008 WARN  (ChangeIndexingProcessor:66) [reasoner.indexing.axiomIgnored]ELK does not support InverseObjectProperties. Axiom ignored:
[INFO] InverseObjectProperties(<http://purl.obolibrary.org/obo/OBI_0000846> <http://purl.obolibrary.org/obo/OBI_0001688>)
[INFO] 2018-10-23 18:48:12,010 WARN  (ChangeIndexingProcessor:66) [reasoner.indexing.axiomIgnored]ELK does not support InverseObjectProperties. Axiom ignored:
[INFO] InverseObjectProperties(<http://purl.obolibrary.org/obo/RO_0000081> <http://purl.obolibrary.org/obo/RO_0000087>)
[INFO] 2018-10-23 18:48:12,011 WARN  (ChangeIndexingProcessor:66) [reasoner.indexing.axiomIgnored]ELK does not support ObjectAllValuesFrom. Axiom ignored:
[INFO] SubClassOf(<http://purl.obolibrary.org/obo/OBI_0001628> ObjectAllValuesFrom(<http://purl.obolibrary.org/obo/IAO_0000219> <http://purl.obolibrary.org/obo/OBI_0000066>))
[INFO] 2018-10-23 18:48:12,021 WARN  (ChangeIndexingProcessor:66) [reasoner.indexing.axiomIgnored]ELK does not support ObjectPropertyRange. Axiom ignored:
[INFO] ObjectPropertyRange(<http://purl.obolibrary.org/obo/RO_0000057> <http://purl.obolibrary.org/obo/BFO_0000002>)
[INFO] 2018-10-23 18:48:12,022 WARN  (IndexedObjectUnionOf:92) [reasoner.indexing.IndexedObjectUnionOf]ELK does not support positive occurrences of ObjectUnionOf. Reasoning might be incomplete!
[INFO] 2018-10-23 18:48:12,023 WARN  (ChangeIndexingProcessor:66) [reasoner.indexing.axiomIgnored]ELK does not support ObjectAllValuesFrom. Axiom ignored:
[INFO] SubClassOf(<http://purl.obolibrary.org/obo/IAO_0000416> ObjectIntersectionOf(ObjectAllValuesFrom(<http://purl.obolibrary.org/obo/IAO_0000039> <http://purl.obolibrary.org/obo/UO_0000003>) ObjectAllValuesFrom(<http://purl.obolibrary.org/obo/IAO_0000413> <http://purl.obolibrary.org/obo/BFO_0000015>)))
[INFO] 2018-10-23 18:48:12,024 WARN  (ChangeIndexingProcessor:66) [reasoner.indexing.axiomIgnored]ELK does not support ObjectPropertyRange. Axiom ignored:
[INFO] ObjectPropertyRange(<http://purl.obolibrary.org/obo/OBI_0000417> <http://purl.obolibrary.org/obo/IAO_0000005>)
[INFO] 2018-10-23 18:48:12,025 WARN  (ChangeIndexingProcessor:66) [reasoner.indexing.axiomIgnored]ELK does not support ObjectPropertyRange. Axiom ignored:
[INFO] ObjectPropertyRange(<http://purl.obolibrary.org/obo/OBI_0000833> <http://purl.obolibrary.org/obo/OBI_0000011>)
[INFO] 2018-10-23 18:48:12,026 WARN  (ChangeIndexingProcessor:66) [reasoner.indexing.axiomIgnored]ELK does not support InverseObjectProperties. Axiom ignored:
[INFO] InverseObjectProperties(<http://purl.obolibrary.org/obo/BFO_0000054> <http://purl.obolibrary.org/obo/BFO_0000055>)
[INFO] 2018-10-23 18:48:12,034 WARN  (ChangeIndexingProcessor:66) [reasoner.indexing.axiomIgnored]ELK does not support InverseObjectProperties. Axiom ignored:
[INFO] InverseObjectProperties(<http://purl.obolibrary.org/obo/BFO_0000050> <http://purl.obolibrary.org/obo/BFO_0000051>)
[INFO] 2018-10-23 18:48:12,035 WARN  (ChangeIndexingProcessor:66) [reasoner.indexing.axiomIgnored]ELK does not support ObjectPropertyRange. Axiom ignored:
[INFO] ObjectPropertyRange(<http://purl.obolibrary.org/obo/EUPATH_0000061> <http://purl.obolibrary.org/obo/CHEBI_23367>)
[INFO] 2018-10-23 18:48:12,036 WARN  (ChangeIndexingProcessor:66) [reasoner.indexing.axiomIgnored]ELK does not support ObjectPropertyRange. Axiom ignored:
[INFO] ObjectPropertyRange(<http://purl.obolibrary.org/obo/RO_0000056> <http://purl.obolibrary.org/obo/BFO_0000003>)
[INFO] 2018-10-23 18:48:12,037 WARN  (ChangeIndexingProcessor:66) [reasoner.indexing.axiomIgnored]ELK does not support DataMinCardinality. Axiom ignored:
[INFO] SubClassOf(<http://purl.obolibrary.org/obo/IAO_0000032> DataMinCardinality(1 <http://purl.obolibrary.org/obo/IAO_0000004>))
[INFO] 2018-10-23 18:48:12,037 WARN  (IndexedObjectUnionOf:92) [reasoner.indexing.IndexedObjectUnionOf]ELK does not support positive occurrences of ObjectUnionOf. Reasoning might be incomplete!
[INFO] 2018-10-23 18:48:12,039 WARN  (ChangeIndexingProcessor:66) [reasoner.indexing.axiomIgnored]ELK does not support DataPropertyDomain. Axiom ignored:
[INFO] DataPropertyDomain(<http://purl.obolibrary.org/obo/OBI_0001937> <http://purl.obolibrary.org/obo/OBI_0001933>)
[INFO] 2018-10-23 18:48:12,040 WARN  (ChangeIndexingProcessor:66) [reasoner.indexing.axiomIgnored]ELK does not support ObjectPropertyRange. Axiom ignored:
[INFO] ObjectPropertyRange(<http://purl.obolibrary.org/obo/RO_0002222> <http://purl.obolibrary.org/obo/BFO_0000003>)
[INFO] 2018-10-23 18:48:12,046 WARN  (ChangeIndexingProcessor:66) [reasoner.indexing.axiomIgnored]ELK does not support ObjectAllValuesFrom. Axiom ignored:
[INFO] SubClassOf(<http://purl.obolibrary.org/obo/OBI_0001629> ObjectAllValuesFrom(<http://purl.obolibrary.org/obo/IAO_0000219> <http://purl.obolibrary.org/obo/OBI_0001636>))
[INFO] 2018-10-23 18:48:12,047 WARN  (IndexedObjectUnionOf:92) [reasoner.indexing.IndexedObjectUnionOf]ELK does not support positive occurrences of ObjectUnionOf. Reasoning might be incomplete!
[INFO] 2018-10-23 18:48:12,048 WARN  (ChangeIndexingProcessor:66) [reasoner.indexing.axiomIgnored]ELK does not support ObjectPropertyRange. Axiom ignored:
[INFO] ObjectPropertyRange(<http://purl.obolibrary.org/obo/RO_0000053> <http://purl.obolibrary.org/obo/BFO_0000020>)
[INFO] 2018-10-23 18:48:12,050 WARN  (ChangeIndexingProcessor:66) [reasoner.indexing.axiomIgnored]ELK does not support InverseObjectProperties. Axiom ignored:
[INFO] InverseObjectProperties(<http://purl.obolibrary.org/obo/OBI_0000293> <http://purl.obolibrary.org/obo/OBI_0000295>)
[INFO] 2018-10-23 18:48:12,060 WARN  (ChangeIndexingProcessor:66) [reasoner.indexing.axiomIgnored]ELK does not support ObjectAllValuesFrom. Axiom ignored:
[INFO] SubClassOf(<http://purl.obolibrary.org/obo/OBI_1110093> ObjectAllValuesFrom(<http://purl.obolibrary.org/obo/BFO_0000054> <http://purl.obolibrary.org/obo/OBI_1110021>))
[INFO] 2018-10-23 18:48:12,061 WARN  (ChangeIndexingProcessor:66) [reasoner.indexing.axiomIgnored]ELK does not support ObjectAllValuesFrom. Axiom ignored:
[INFO] EquivalentClasses(<http://purl.obolibrary.org/obo/EUPATH_0000062> ObjectIntersectionOf(<http://purl.obolibrary.org/obo/DRON_00000005> ObjectAllValuesFrom(<http://purl.obolibrary.org/obo/EUPATH_0000061> <http://purl.obolibrary.org/obo/CHEBI_15854>)))
[INFO] 2018-10-23 18:48:12,061 WARN  (ChangeIndexingProcessor:66) [reasoner.indexing.axiomIgnored]ELK does not support ObjectPropertyRange. Axiom ignored:
[INFO] ObjectPropertyRange(<http://purl.obolibrary.org/obo/RO_0001000> <http://purl.obolibrary.org/obo/BFO_0000004>)
[INFO] 2018-10-23 18:48:12,062 WARN  (ChangeIndexingProcessor:66) [reasoner.indexing.axiomIgnored]ELK does not support ObjectPropertyRange. Axiom ignored:
[INFO] ObjectPropertyRange(<http://purl.obolibrary.org/obo/IAO_0000039> <http://purl.obolibrary.org/obo/IAO_0000003>)
[INFO] 2018-10-23 18:48:12,063 WARN  (ChangeIndexingProcessor:66) [reasoner.indexing.axiomIgnored]ELK does not support DataPropertyRange. Axiom ignored:
[INFO] DataPropertyRange(<http://purl.obolibrary.org/obo/OBI_0001937> <http://www.w3.org/2002/07/owl#real>)
[INFO] 2018-10-23 18:48:12,064 WARN  (ChangeIndexingProcessor:66) [reasoner.indexing.axiomIgnored]ELK does not support ObjectPropertyRange. Axiom ignored:
[INFO] ObjectPropertyRange(<http://purl.obolibrary.org/obo/OBI_0000295> <http://purl.obolibrary.org/obo/OBI_0000011>)
[INFO] 2018-10-23 18:48:12,065 WARN  (ChangeIndexingProcessor:66) [reasoner.indexing.axiomIgnored]ELK does not support ObjectAllValuesFrom. Axiom ignored:
[INFO] EquivalentClasses(<http://purl.obolibrary.org/obo/EUPATH_0000572> ObjectIntersectionOf(<http://purl.obolibrary.org/obo/OBI_0001305> ObjectAllValuesFrom(<http://purl.obolibrary.org/obo/IAO_0000136> <http://purl.obolibrary.org/obo/OPL_0000232>)))
[INFO] 2018-10-23 18:48:12,065 WARN  (ChangeIndexingProcessor:66) [reasoner.indexing.axiomIgnored]ELK does not support ObjectPropertyRange. Axiom ignored:
[INFO] ObjectPropertyRange(<http://purl.obolibrary.org/obo/OBI_0001938> <http://purl.obolibrary.org/obo/OBI_0001933>)
[INFO] 2018-10-23 18:48:12,066 WARN  (IndexedObjectUnionOf:92) [reasoner.indexing.IndexedObjectUnionOf]ELK does not support positive occurrences of ObjectUnionOf. Reasoning might be incomplete!
[INFO] 2018-10-23 18:48:12,068 WARN  (ChangeIndexingProcessor:66) [reasoner.indexing.axiomIgnored]ELK does not support ObjectAllValuesFrom. Axiom ignored:
[INFO] SubClassOf(<http://purl.obolibrary.org/obo/OBI_0000067> ObjectAllValuesFrom(<http://purl.obolibrary.org/obo/BFO_0000054> <http://purl.obolibrary.org/obo/OBI_0000070>))
[INFO] 2018-10-23 18:48:12,069 WARN  (ChangeIndexingProcessor:66) [reasoner.indexing.axiomIgnored]ELK does not support ObjectMinCardinality. Axiom ignored:
[INFO] SubClassOf(<http://purl.obolibrary.org/obo/IAO_0000032> ObjectMinCardinality(1 <http://purl.obolibrary.org/obo/IAO_0000039>))
[INFO] 2018-10-23 18:48:12,072 WARN  (ChangeIndexingProcessor:66) [reasoner.indexing.axiomIgnored]ELK does not support ObjectAllValuesFrom. Axiom ignored:
[INFO] SubClassOf(<http://purl.obolibrary.org/obo/OBI_0000094> ObjectAllValuesFrom(<http://purl.obolibrary.org/obo/OBI_0000299> <http://purl.obolibrary.org/obo/BFO_0000040>))
[INFO] 2018-10-23 18:48:12,072 WARN  (IndexedObjectUnionOf:92) [reasoner.indexing.IndexedObjectUnionOf]ELK does not support positive occurrences of ObjectUnionOf. Reasoning might be incomplete!
[INFO] 2018-10-23 18:48:12,073 WARN  (IndexedObjectUnionOf:92) [reasoner.indexing.IndexedObjectUnionOf]ELK does not support positive occurrences of ObjectUnionOf. Reasoning might be incomplete!
[INFO] 2018-10-23 18:48:12,074 WARN  (ChangeIndexingProcessor:66) [reasoner.indexing.axiomIgnored]ELK does not support ObjectAllValuesFrom. Axiom ignored:
[INFO] SubClassOf(<http://purl.obolibrary.org/obo/OBI_0200000> ObjectAllValuesFrom(<http://purl.obolibrary.org/obo/OBI_0000293> <http://purl.obolibrary.org/obo/IAO_0000027>))
[INFO] 2018-10-23 18:48:12,075 WARN  (ChangeIndexingProcessor:66) [reasoner.indexing.axiomIgnored]ELK does not support DataPropertyDomain. Axiom ignored:
[INFO] DataPropertyDomain(<http://purl.obolibrary.org/obo/IAO_0000004> <http://purl.obolibrary.org/obo/IAO_0000032>)
[INFO] 2018-10-23 18:48:12,076 WARN  (ChangeIndexingProcessor:66) [reasoner.indexing.axiomIgnored]ELK does not support ObjectPropertyRange. Axiom ignored:
[INFO] ObjectPropertyRange(<http://purl.obolibrary.org/obo/OBI_0000846> <http://purl.obolibrary.org/obo/OBI_0000245>)
[INFO] 2018-10-23 18:48:12,077 WARN  (IndexedObjectUnionOf:92) [reasoner.indexing.IndexedObjectUnionOf]ELK does not support positive occurrences of ObjectUnionOf. Reasoning might be incomplete!
[INFO] 2018-10-23 18:48:12,080 WARN  (IndexedObjectUnionOf:92) [reasoner.indexing.IndexedObjectUnionOf]ELK does not support positive occurrences of ObjectUnionOf. Reasoning might be incomplete!
[INFO] 2018-10-23 18:48:12,083 WARN  (ChangeIndexingProcessor:66) [reasoner.indexing.axiomIgnored]ELK does not support DataMinCardinality. Axiom ignored:
[INFO] SubClassOf(<http://purl.obolibrary.org/obo/OBI_0001931> DataMinCardinality(1 <http://purl.obolibrary.org/obo/OBI_0001937>))
[INFO] 2018-10-23 18:48:12,084 WARN  (ChangeIndexingProcessor:66) [reasoner.indexing.axiomIgnored]ELK does not support ObjectAllValuesFrom. Axiom ignored:
[INFO] SubClassOf(<http://purl.obolibrary.org/obo/OBI_0001617> ObjectAllValuesFrom(<http://purl.obolibrary.org/obo/IAO_0000219> <http://purl.obolibrary.org/obo/IAO_0000312>))
[INFO] 2018-10-23 18:48:12,085 WARN  (ChangeIndexingProcessor:66) [reasoner.indexing.axiomIgnored]ELK does not support ObjectPropertyRange. Axiom ignored:
[INFO] ObjectPropertyRange(<http://purl.obolibrary.org/obo/BFO_0000054> <http://purl.obolibrary.org/obo/BFO_0000015>)
[INFO] 2018-10-23 18:48:12,086 WARN  (ChangeIndexingProcessor:66) [reasoner.indexing.axiomIgnored]ELK does not support ObjectPropertyRange. Axiom ignored:
[INFO] ObjectPropertyRange(<http://purl.obolibrary.org/obo/OBI_0001688> ObjectUnionOf(<http://purl.obolibrary.org/obo/NCBITaxon_9606> <http://purl.obolibrary.org/obo/OBI_0000245>))
[INFO] 2018-10-23 18:48:12,087 WARN  (ChangeIndexingProcessor:66) [reasoner.indexing.axiomIgnored]ELK does not support InverseObjectProperties. Axiom ignored:
[INFO] InverseObjectProperties(<http://purl.obolibrary.org/obo/OBI_0000417> <http://purl.obolibrary.org/obo/OBI_0000833>)
[INFO] 2018-10-23 18:48:12,087 WARN  (ChangeIndexingProcessor:66) [reasoner.indexing.axiomIgnored]ELK does not support ObjectAllValuesFrom. Axiom ignored:
[INFO] SubClassOf(<http://purl.obolibrary.org/obo/OBI_0000947> ObjectAllValuesFrom(<http://purl.obolibrary.org/obo/BFO_0000054> <http://purl.obolibrary.org/obo/OBI_0000011>))
[INFO] 2018-10-23 18:48:12,088 WARN  (IndexedObjectUnionOf:92) [reasoner.indexing.IndexedObjectUnionOf]ELK does not support positive occurrences of ObjectUnionOf. Reasoning might be incomplete!
[INFO] 2018-10-23 18:48:12,088 WARN  (ChangeIndexingProcessor:66) [reasoner.indexing.axiomIgnored]ELK does not support ObjectAllValuesFrom. Axiom ignored:
[INFO] SubClassOf(<http://purl.obolibrary.org/obo/OBI_0000094> ObjectAllValuesFrom(<http://purl.obolibrary.org/obo/OBI_0000293> <http://purl.obolibrary.org/obo/BFO_0000040>))
[INFO] 2018-10-23 18:48:12,089 WARN  (ChangeIndexingProcessor:66) [reasoner.indexing.axiomIgnored]ELK does not support ObjectPropertyRange. Axiom ignored:
[INFO] ObjectPropertyRange(<http://purl.obolibrary.org/obo/BFO_0000055> <http://purl.obolibrary.org/obo/BFO_0000017>)
[INFO] 2018-10-23 18:48:12,090 WARN  (ChangeIndexingProcessor:66) [reasoner.indexing.axiomIgnored]ELK does not support ObjectPropertyRange. Axiom ignored:
[INFO] ObjectPropertyRange(<http://purl.obolibrary.org/obo/RO_0000087> <http://purl.obolibrary.org/obo/BFO_0000023>)
[INFO] 2018-10-23 18:48:12,092 WARN  (ChangeIndexingProcessor:66) [reasoner.indexing.axiomIgnored]ELK does not support ObjectAllValuesFrom. Axiom ignored:
[INFO] SubClassOf(<http://purl.obolibrary.org/obo/EUPATH_0000494> ObjectAllValuesFrom(<http://purl.obolibrary.org/obo/IAO_0000219> <http://purl.obolibrary.org/obo/ENVO_01000744>))
[INFO] 2018-10-23 18:48:12,093 WARN  (ChangeIndexingProcessor:66) [reasoner.indexing.axiomIgnored]ELK does not support ObjectPropertyRange. Axiom ignored:
[INFO] ObjectPropertyRange(<http://purl.obolibrary.org/obo/IAO_0000413> <http://purl.obolibrary.org/obo/BFO_0000015>)
[INFO] 2018-10-23 18:48:12,095 WARN  (ChangeIndexingProcessor:66) [reasoner.indexing.axiomIgnored]ELK does not support ObjectPropertyRange. Axiom ignored:
[INFO] ObjectPropertyRange(<http://purl.obolibrary.org/obo/IAO_0000221> <http://purl.obolibrary.org/obo/BFO_0000019>)
[INFO] 2018-10-23 18:48:12,096 WARN  (ChangeIndexingProcessor:66) [reasoner.indexing.axiomIgnored]ELK does not support ObjectAllValuesFrom. Axiom ignored:
[INFO] SubClassOf(<http://purl.obolibrary.org/obo/EUPATH_0000512> ObjectAllValuesFrom(<http://purl.obolibrary.org/obo/IAO_0000219> <http://purl.obolibrary.org/obo/OBI_0100026>))
[INFO] 2018-10-23 18:48:12,097 WARN  (ChangeIndexingProcessor:66) [reasoner.indexing.axiomIgnored]ELK does not support ObjectAllValuesFrom. Axiom ignored:
[INFO] SubClassOf(<http://purl.obolibrary.org/obo/DRON_00021247> ObjectAllValuesFrom(<http://purl.obolibrary.org/obo/EUPATH_0000061> <http://purl.obolibrary.org/obo/CHEBI_3638>))
[INFO] 2018-10-23 18:48:12,097 WARN  (ChangeIndexingProcessor:66) [reasoner.indexing.axiomIgnored]ELK does not support ObjectMinCardinality. Axiom ignored:
[INFO] SubClassOf(<http://purl.obolibrary.org/obo/OBI_0001931> ObjectMinCardinality(1 <http://purl.obolibrary.org/obo/IAO_0000039>))
[INFO] 2018-10-23 18:48:12,098 WARN  (ChangeIndexingProcessor:66) [reasoner.indexing.axiomIgnored]ELK does not support ObjectAllValuesFrom. Axiom ignored:
[INFO] EquivalentClasses(<http://purl.obolibrary.org/obo/EUPATH_0000589> ObjectIntersectionOf(<http://purl.obolibrary.org/obo/IAO_0000030> ObjectAllValuesFrom(<http://purl.obolibrary.org/obo/IAO_0000136> <http://purl.obolibrary.org/obo/EUPATH_0000591>)))
[INFO] 2018-10-23 18:48:12,100 WARN  (ChangeIndexingProcessor:66) [reasoner.indexing.axiomIgnored]ELK does not support DataPropertyRange. Axiom ignored:
[INFO] DataPropertyRange(<http://purl.obolibrary.org/obo/IAO_0000004> <http://www.w3.org/2001/XMLSchema#float>)
[INFO] 2018-10-23 18:48:12,101 WARN  (ChangeIndexingProcessor:66) [reasoner.indexing.axiomIgnored]ELK does not support ObjectAllValuesFrom. Axiom ignored:
[INFO] SubClassOf(<http://purl.obolibrary.org/obo/OBI_0001616> ObjectAllValuesFrom(<http://purl.obolibrary.org/obo/IAO_0000219> <http://purl.obolibrary.org/obo/OBI_0100051>))
[INFO] 2018-10-23 18:48:12,101 WARN  (IndexedObjectUnionOf:92) [reasoner.indexing.IndexedObjectUnionOf]ELK does not support positive occurrences of ObjectUnionOf. Reasoning might be incomplete!
[INFO] 2018-10-23 18:48:12,107 WARN  (ChangeIndexingProcessor:66) [reasoner.indexing.axiomIgnored]ELK does not support ObjectAllValuesFrom. Axiom ignored:
[INFO] SubClassOf(<http://purl.obolibrary.org/obo/DRON_00021246> ObjectAllValuesFrom(<http://purl.obolibrary.org/obo/EUPATH_0000061> <http://purl.obolibrary.org/obo/CHEBI_3638>))
[INFO] 2018-10-23 18:48:12,108 INFO  (LoggingStageExecutor:103) Loading of Axioms took 194 ms
[INFO] 2018-10-23 18:48:12,109 INFO  (LoggingStageExecutor:70) Property Saturation Initialization started
[INFO] 2018-10-23 18:48:12,110 INFO  (AbstractReasonerStage:161) Property Saturation Initialization using 2 workers
[INFO] 2018-10-23 18:48:12,110 INFO  (LoggingStageExecutor:103) Property Saturation Initialization took 1 ms
[INFO] 2018-10-23 18:48:12,110 INFO  (LoggingStageExecutor:70) Reflexive Property Computation started
[INFO] 2018-10-23 18:48:12,115 INFO  (AbstractReasonerStage:161) Reflexive Property Computation using 2 workers
[INFO] 2018-10-23 18:48:12,119 INFO  (LoggingStageExecutor:103) Reflexive Property Computation took 8 ms
[INFO] 2018-10-23 18:48:12,119 INFO  (LoggingStageExecutor:70) Object Property Hierarchy and Composition Computation started
[INFO] 2018-10-23 18:48:12,122 INFO  (AbstractReasonerStage:161) Object Property Hierarchy and Composition Computation using 2 workers
[INFO] 2018-10-23 18:48:12,128 INFO  (LoggingStageExecutor:103) Object Property Hierarchy and Composition Computation took 8 ms
[INFO] 2018-10-23 18:48:12,128 INFO  (LoggingStageExecutor:70) Context Initialization started
[INFO] 2018-10-23 18:48:12,129 INFO  (AbstractReasonerStage:161) Context Initialization using 2 workers
[INFO] 2018-10-23 18:48:12,132 INFO  (LoggingStageExecutor:103) Context Initialization took 2 ms
[INFO] 2018-10-23 18:48:12,132 INFO  (LoggingStageExecutor:70) Consistency Checking started
[INFO] 2018-10-23 18:48:12,138 INFO  (AbstractReasonerStage:161) Consistency Checking using 2 workers
[INFO] 2018-10-23 18:48:12,144 INFO  (LoggingStageExecutor:103) Consistency Checking took 12 ms
[INFO] 2018-10-23 18:48:12,145 INFO  (LoggingStageExecutor:70) Class Taxonomy Computation started
[INFO] 2018-10-23 18:48:12,155 INFO  (AbstractReasonerStage:161) Class Taxonomy Computation using 2 workers
[INFO] 2018-10-23 18:48:12,578 INFO  (LoggingStageExecutor:103) Class Taxonomy Computation took 433 ms
[INFO] E: owl:Nothing owl:Nothing
[INFO] 2018-10-23 18:48:12,582 INFO  (CommandRunnerBase:78) disposing of org.semanticweb.elk.owlapi.ElkReasoner@6821ea29
[INFO] 2018-10-23 18:48:12,584 INFO  (Reasoner:231) ELK reasoner has shut down
[INFO] 2018-10-23 18:48:12,584 INFO  (CommandRunnerBase:70) disposing of org.semanticweb.elk.owlapi.ElkReasoner@6821ea29
[INFO] ------------------------------------------------------------------------
[INFO] BUILD SUCCESS
[INFO] ------------------------------------------------------------------------
[INFO] Total time: 4.603s
[INFO] Finished at: Tue Oct 23 18:48:12 UTC 2018
[INFO] Final Memory: 5M/229M
[INFO] ------------------------------------------------------------------------
Tue Oct 23 18:48:12 UTC 2018
