Tue Oct 23 18:48:11 UTC 2018
Querying for incoherent classes in: /mnt/efsdata/obo-ci-data/base/ontologies/fbbi/fbbi_flat.owl
[INFO] Error stacktraces are turned on.
[INFO] Scanning for projects...
[INFO]                                                                         
[INFO] ------------------------------------------------------------------------
[INFO] Building incoherent-query 1.0
[INFO] ------------------------------------------------------------------------
[INFO] 
[INFO] --- exec-maven-plugin:1.1:exec (default-cli) @ incoherent-query ---
[INFO] 2018-10-23 18:48:15,283 INFO  (ParserWrapper:75) Start loading ontology: file:/mnt/efsdata/obo-ci-data/base/ontologies/fbbi/fbbi_flat.owl from: file:/mnt/efsdata/obo-ci-data/base/ontologies/fbbi/fbbi_flat.owl
[INFO] 2018-10-23 18:48:16,000 INFO  (ParserWrapper:82) Finished loading ontology: http://purl.obolibrary.org/obo/fbbi.owl from: file:/mnt/efsdata/obo-ci-data/base/ontologies/fbbi/fbbi_flat.owl
[INFO] # PARSING: <http://www.w3.org/2002/07/owl#Nothing>
[INFO] 2018-10-23 18:48:16,051 INFO  (ManchesterSyntaxTool:130) parsing: <http://www.w3.org/2002/07/owl#Nothing>
[INFO] # QUERY: owl:Nothing owl:Nothing
[INFO] 2018-10-23 18:48:16,078 INFO  (ConfigurationFactory:83) Loading default configuration parameters for class org.semanticweb.elk.reasoner.config.ReasonerConfiguration
[INFO] 2018-10-23 18:48:16,240 INFO  (Reasoner:117) ELK reasoner was created
[INFO] 2018-10-23 18:48:16,241 INFO  (CommandRunner:6042) Created reasoner: org.semanticweb.elk.owlapi.ElkReasoner@2bd2b28e
[INFO] 2018-10-23 18:48:16,242 INFO  (LoggingStageExecutor:70) Loading of Axioms started
[INFO] 2018-10-23 18:48:16,246 INFO  (AbstractReasonerStage:161) Loading of Axioms using 2 workers
[INFO] 2018-10-23 18:48:16,290 WARN  (ChangeIndexingProcessor:66) [reasoner.indexing.axiomIgnored]ELK does not support ObjectPropertyRange. Axiom ignored:
[INFO] ObjectPropertyRange(<http://purl.obolibrary.org/obo/FBbi_00000346> <http://purl.obolibrary.org/obo/FBbi_00000222>)
[INFO] 2018-10-23 18:48:16,304 INFO  (LoggingStageExecutor:103) Loading of Axioms took 59 ms
[INFO] 2018-10-23 18:48:16,304 INFO  (LoggingStageExecutor:70) Property Saturation Initialization started
[INFO] 2018-10-23 18:48:16,305 INFO  (AbstractReasonerStage:161) Property Saturation Initialization using 2 workers
[INFO] 2018-10-23 18:48:16,306 INFO  (LoggingStageExecutor:103) Property Saturation Initialization took 1 ms
[INFO] 2018-10-23 18:48:16,306 INFO  (LoggingStageExecutor:70) Reflexive Property Computation started
[INFO] 2018-10-23 18:48:16,310 INFO  (AbstractReasonerStage:161) Reflexive Property Computation using 2 workers
[INFO] 2018-10-23 18:48:16,312 INFO  (LoggingStageExecutor:103) Reflexive Property Computation took 6 ms
[INFO] 2018-10-23 18:48:16,313 INFO  (LoggingStageExecutor:70) Object Property Hierarchy and Composition Computation started
[INFO] 2018-10-23 18:48:16,316 INFO  (AbstractReasonerStage:161) Object Property Hierarchy and Composition Computation using 2 workers
[INFO] 2018-10-23 18:48:16,318 INFO  (LoggingStageExecutor:103) Object Property Hierarchy and Composition Computation took 4 ms
[INFO] 2018-10-23 18:48:16,318 INFO  (LoggingStageExecutor:70) Context Initialization started
[INFO] 2018-10-23 18:48:16,319 INFO  (AbstractReasonerStage:161) Context Initialization using 2 workers
[INFO] 2018-10-23 18:48:16,321 INFO  (LoggingStageExecutor:103) Context Initialization took 2 ms
[INFO] 2018-10-23 18:48:16,321 INFO  (LoggingStageExecutor:70) Consistency Checking started
[INFO] 2018-10-23 18:48:16,328 INFO  (AbstractReasonerStage:161) Consistency Checking using 2 workers
[INFO] 2018-10-23 18:48:16,341 INFO  (LoggingStageExecutor:103) Consistency Checking took 19 ms
[INFO] 2018-10-23 18:48:16,341 INFO  (LoggingStageExecutor:70) Class Taxonomy Computation started
[INFO] 2018-10-23 18:48:16,349 INFO  (AbstractReasonerStage:161) Class Taxonomy Computation using 2 workers
[INFO] 2018-10-23 18:48:16,442 INFO  (LoggingStageExecutor:103) Class Taxonomy Computation took 100 ms
[INFO] E: owl:Nothing owl:Nothing
[INFO] 2018-10-23 18:48:16,446 INFO  (CommandRunnerBase:78) disposing of org.semanticweb.elk.owlapi.ElkReasoner@2bd2b28e
[INFO] 2018-10-23 18:48:16,446 INFO  (Reasoner:231) ELK reasoner has shut down
[INFO] 2018-10-23 18:48:16,447 INFO  (CommandRunnerBase:70) disposing of org.semanticweb.elk.owlapi.ElkReasoner@2bd2b28e
[INFO] ------------------------------------------------------------------------
[INFO] BUILD SUCCESS
[INFO] ------------------------------------------------------------------------
[INFO] Total time: 3.526s
[INFO] Finished at: Tue Oct 23 18:48:16 UTC 2018
[INFO] Final Memory: 6M/289M
[INFO] ------------------------------------------------------------------------
Tue Oct 23 18:48:16 UTC 2018
