Sat Dec  2 12:52:13 MST 2017
Querying for incoherent classes in: /scratch/Shares/hunter/obo-ci/data-all/base/ontologies/fbbt_fbbt-simple/fbbt_fbbt-simple_flat.owl
[INFO] Error stacktraces are turned on.
[INFO] Scanning for projects...
[INFO]                                                                         
[INFO] ------------------------------------------------------------------------
[INFO] Building incoherent-query 1.0
[INFO] ------------------------------------------------------------------------
[INFO] 
[INFO] --- exec-maven-plugin:1.1:exec (default-cli) @ incoherent-query ---
[INFO] /bin/sh: module: line 1: syntax error: unexpected end of file
[INFO] /bin/sh: error importing function definition for `BASH_FUNC_module'
[INFO] 2017-12-02 12:52:18,570 INFO  (ParserWrapper:75) Start loading ontology: file:/scratch/Shares/hunter/obo-ci/data-all/base/ontologies/fbbt_fbbt-simple/fbbt_fbbt-simple_flat.owl from: file:/scratch/Shares/hunter/obo-ci/data-all/base/ontologies/fbbt_fbbt-simple/fbbt_fbbt-simple_flat.owl
[INFO] 2017-12-02 12:52:26,440 INFO  (ParserWrapper:82) Finished loading ontology: http://purl.obolibrary.org/obo/fbbt/fbbt-simple.owl from: file:/scratch/Shares/hunter/obo-ci/data-all/base/ontologies/fbbt_fbbt-simple/fbbt_fbbt-simple_flat.owl
[INFO] # PARSING: <http://www.w3.org/2002/07/owl#Nothing>
[INFO] 2017-12-02 12:52:26,531 INFO  (ManchesterSyntaxTool:130) parsing: <http://www.w3.org/2002/07/owl#Nothing>
[INFO] # QUERY: owl:Nothing owl:Nothing
[INFO] 2017-12-02 12:52:26,651 INFO  (ConfigurationFactory:83) Loading default configuration parameters for class org.semanticweb.elk.reasoner.config.ReasonerConfiguration
[INFO] 2017-12-02 12:52:26,979 INFO  (Reasoner:117) ELK reasoner was created
[INFO] 2017-12-02 12:52:26,981 INFO  (CommandRunner:6042) Created reasoner: org.semanticweb.elk.owlapi.ElkReasoner@53d1b9b3
[INFO] 2017-12-02 12:52:26,985 INFO  (LoggingStageExecutor:70) Loading of Axioms started
[INFO] 2017-12-02 12:52:26,993 INFO  (AbstractReasonerStage:161) Loading of Axioms using 64 workers
[INFO] 2017-12-02 12:52:27,100 WARN  (ChangeIndexingProcessor:66) [reasoner.indexing.axiomIgnored]ELK does not support InverseObjectProperties. Axiom ignored:
[INFO] InverseObjectProperties(<http://purl.obolibrary.org/obo/RO_0002114> <http://purl.obolibrary.org/obo/RO_0002115>)
[INFO] 2017-12-02 12:52:27,102 WARN  (ChangeIndexingProcessor:66) [reasoner.indexing.axiomIgnored]ELK does not support InverseObjectProperties. Axiom ignored:
[INFO] InverseObjectProperties(<http://purl.obolibrary.org/obo/RO_0002106> <http://purl.obolibrary.org/obo/RO_0002112>)
[INFO] 2017-12-02 12:52:27,104 WARN  (ChangeIndexingProcessor:66) [reasoner.indexing.axiomIgnored]ELK does not support InverseObjectProperties. Axiom ignored:
[INFO] InverseObjectProperties(<http://purl.obolibrary.org/obo/RO_0002107> <http://purl.obolibrary.org/obo/RO_0002108>)
[INFO] 2017-12-02 12:52:27,104 WARN  (ChangeIndexingProcessor:66) [reasoner.indexing.axiomIgnored]ELK does not support InverseObjectProperties. Axiom ignored:
[INFO] InverseObjectProperties(<http://purl.obolibrary.org/obo/RO_0002105> <http://purl.obolibrary.org/obo/RO_0002109>)
[INFO] 2017-12-02 12:52:27,129 WARN  (ChangeIndexingProcessor:66) [reasoner.indexing.axiomIgnored]ELK does not support ObjectPropertyRange. Axiom ignored:
[INFO] ObjectPropertyRange(<http://purl.obolibrary.org/obo/RO_0002101> <http://purl.obolibrary.org/obo/FBbt_00005099>)
[INFO] 2017-12-02 12:52:27,158 WARN  (ChangeIndexingProcessor:66) [reasoner.indexing.axiomIgnored]ELK does not support ObjectPropertyRange. Axiom ignored:
[INFO] ObjectPropertyRange(<http://purl.obolibrary.org/obo/RO_0002103> <http://purl.obolibrary.org/obo/FBbt_00005106>)
[INFO] 2017-12-02 12:52:27,256 WARN  (ChangeIndexingProcessor:66) [reasoner.indexing.axiomIgnored]ELK does not support ObjectPropertyRange. Axiom ignored:
[INFO] ObjectPropertyRange(<http://purl.obolibrary.org/obo/RO_0002005> <http://purl.obolibrary.org/obo/FBbt_00005099>)
[INFO] 2017-12-02 12:52:27,295 WARN  (ChangeIndexingProcessor:66) [reasoner.indexing.axiomIgnored]ELK does not support InverseObjectProperties. Axiom ignored:
[INFO] InverseObjectProperties(<http://purl.obolibrary.org/obo/BFO_0000050> <http://purl.obolibrary.org/obo/BFO_0000051>)
[INFO] 2017-12-02 12:52:27,300 WARN  (ChangeIndexingProcessor:66) [reasoner.indexing.axiomIgnored]ELK does not support InverseObjectProperties. Axiom ignored:
[INFO] InverseObjectProperties(<http://purl.obolibrary.org/obo/RO_0002005> <http://purl.obolibrary.org/obo/RO_0002134>)
[INFO] 2017-12-02 12:52:27,300 WARN  (ChangeIndexingProcessor:66) [reasoner.indexing.axiomIgnored]ELK does not support InverseObjectProperties. Axiom ignored:
[INFO] InverseObjectProperties(<http://purl.obolibrary.org/obo/RO_0002006> <http://purl.obolibrary.org/obo/RO_0002130>)
[INFO] 2017-12-02 12:52:27,305 INFO  (LoggingStageExecutor:103) Loading of Axioms took 316 ms
[INFO] 2017-12-02 12:52:27,305 INFO  (LoggingStageExecutor:70) Property Saturation Initialization started
[INFO] 2017-12-02 12:52:27,307 INFO  (AbstractReasonerStage:161) Property Saturation Initialization using 64 workers
[INFO] 2017-12-02 12:52:27,307 INFO  (LoggingStageExecutor:103) Property Saturation Initialization took 2 ms
[INFO] 2017-12-02 12:52:27,307 INFO  (LoggingStageExecutor:70) Reflexive Property Computation started
[INFO] 2017-12-02 12:52:27,317 INFO  (AbstractReasonerStage:161) Reflexive Property Computation using 64 workers
[INFO] 2017-12-02 12:52:27,333 INFO  (LoggingStageExecutor:103) Reflexive Property Computation took 25 ms
[INFO] 2017-12-02 12:52:27,333 INFO  (LoggingStageExecutor:70) Object Property Hierarchy and Composition Computation started
[INFO] 2017-12-02 12:52:27,340 INFO  (AbstractReasonerStage:161) Object Property Hierarchy and Composition Computation using 64 workers
[INFO] 2017-12-02 12:52:27,385 INFO  (LoggingStageExecutor:103) Object Property Hierarchy and Composition Computation took 52 ms
[INFO] 2017-12-02 12:52:27,386 INFO  (LoggingStageExecutor:70) Context Initialization started
[INFO] 2017-12-02 12:52:27,387 INFO  (AbstractReasonerStage:161) Context Initialization using 64 workers
[INFO] 2017-12-02 12:52:27,393 INFO  (LoggingStageExecutor:103) Context Initialization took 6 ms
[INFO] 2017-12-02 12:52:27,393 INFO  (LoggingStageExecutor:70) Consistency Checking started
[INFO] 2017-12-02 12:52:27,407 INFO  (AbstractReasonerStage:161) Consistency Checking using 64 workers
[INFO] 2017-12-02 12:52:27,448 INFO  (LoggingStageExecutor:103) Consistency Checking took 55 ms
[INFO] 2017-12-02 12:52:27,448 INFO  (LoggingStageExecutor:70) Class Taxonomy Computation started
[INFO] 2017-12-02 12:52:27,468 INFO  (AbstractReasonerStage:161) Class Taxonomy Computation using 64 workers
[INFO] 2017-12-02 12:52:28,854 INFO  (LoggingStageExecutor:103) Class Taxonomy Computation took 1405 ms
[INFO] E: owl:Nothing owl:Nothing
[INFO] 2017-12-02 12:52:28,862 INFO  (CommandRunnerBase:78) disposing of org.semanticweb.elk.owlapi.ElkReasoner@53d1b9b3
[INFO] 2017-12-02 12:52:28,872 INFO  (Reasoner:231) ELK reasoner has shut down
[INFO] 2017-12-02 12:52:28,873 INFO  (CommandRunnerBase:70) disposing of org.semanticweb.elk.owlapi.ElkReasoner@53d1b9b3
[INFO] ------------------------------------------------------------------------
[INFO] BUILD SUCCESS
[INFO] ------------------------------------------------------------------------
[INFO] Total time: 14.059 s
[INFO] Finished at: 2017-12-02T12:52:28-07:00
[INFO] Final Memory: 21M/1963M
[INFO] ------------------------------------------------------------------------
Sat Dec  2 12:52:29 MST 2017
