Sat Dec  2 12:52:13 MST 2017
Querying for incoherent classes in: /scratch/Shares/hunter/obo-ci/data-all/base/ontologies/fbbt/fbbt_flat.owl
[INFO] Error stacktraces are turned on.
[INFO] Scanning for projects...
[INFO]                                                                         
[INFO] ------------------------------------------------------------------------
[INFO] Building incoherent-query 1.0
[INFO] ------------------------------------------------------------------------
[INFO] 
[INFO] --- exec-maven-plugin:1.1:exec (default-cli) @ incoherent-query ---
[INFO] /bin/sh: module: line 1: syntax error: unexpected end of file
[INFO] /bin/sh: error importing function definition for `BASH_FUNC_module'
[INFO] 2017-12-02 12:52:18,896 INFO  (ParserWrapper:75) Start loading ontology: file:/scratch/Shares/hunter/obo-ci/data-all/base/ontologies/fbbt/fbbt_flat.owl from: file:/scratch/Shares/hunter/obo-ci/data-all/base/ontologies/fbbt/fbbt_flat.owl
[INFO] 2017-12-02 12:52:27,195 INFO  (ParserWrapper:82) Finished loading ontology: http://purl.obolibrary.org/obo/fbbt.owl from: file:/scratch/Shares/hunter/obo-ci/data-all/base/ontologies/fbbt/fbbt_flat.owl
[INFO] # PARSING: <http://www.w3.org/2002/07/owl#Nothing>
[INFO] 2017-12-02 12:52:27,282 INFO  (ManchesterSyntaxTool:130) parsing: <http://www.w3.org/2002/07/owl#Nothing>
[INFO] # QUERY: owl:Nothing owl:Nothing
[INFO] 2017-12-02 12:52:27,380 INFO  (ConfigurationFactory:83) Loading default configuration parameters for class org.semanticweb.elk.reasoner.config.ReasonerConfiguration
[INFO] 2017-12-02 12:52:27,702 INFO  (Reasoner:117) ELK reasoner was created
[INFO] 2017-12-02 12:52:27,705 INFO  (CommandRunner:6042) Created reasoner: org.semanticweb.elk.owlapi.ElkReasoner@f667fe
[INFO] 2017-12-02 12:52:27,708 INFO  (LoggingStageExecutor:70) Loading of Axioms started
[INFO] 2017-12-02 12:52:27,716 INFO  (AbstractReasonerStage:161) Loading of Axioms using 64 workers
[INFO] 2017-12-02 12:52:27,851 WARN  (ChangeIndexingProcessor:66) [reasoner.indexing.axiomIgnored]ELK does not support InverseObjectProperties. Axiom ignored:
[INFO] InverseObjectProperties(<http://purl.obolibrary.org/obo/RO_0002114> <http://purl.obolibrary.org/obo/RO_0002115>)
[INFO] 2017-12-02 12:52:27,853 WARN  (ChangeIndexingProcessor:66) [reasoner.indexing.axiomIgnored]ELK does not support InverseObjectProperties. Axiom ignored:
[INFO] InverseObjectProperties(<http://purl.obolibrary.org/obo/RO_0002106> <http://purl.obolibrary.org/obo/RO_0002112>)
[INFO] 2017-12-02 12:52:27,855 WARN  (ChangeIndexingProcessor:66) [reasoner.indexing.axiomIgnored]ELK does not support InverseObjectProperties. Axiom ignored:
[INFO] InverseObjectProperties(<http://purl.obolibrary.org/obo/RO_0002107> <http://purl.obolibrary.org/obo/RO_0002108>)
[INFO] 2017-12-02 12:52:27,855 WARN  (ChangeIndexingProcessor:66) [reasoner.indexing.axiomIgnored]ELK does not support InverseObjectProperties. Axiom ignored:
[INFO] InverseObjectProperties(<http://purl.obolibrary.org/obo/RO_0002105> <http://purl.obolibrary.org/obo/RO_0002109>)
[INFO] 2017-12-02 12:52:27,886 WARN  (ChangeIndexingProcessor:66) [reasoner.indexing.axiomIgnored]ELK does not support ObjectPropertyRange. Axiom ignored:
[INFO] ObjectPropertyRange(<http://purl.obolibrary.org/obo/RO_0002101> <http://purl.obolibrary.org/obo/FBbt_00005099>)
[INFO] 2017-12-02 12:52:27,914 WARN  (ChangeIndexingProcessor:66) [reasoner.indexing.axiomIgnored]ELK does not support ObjectPropertyRange. Axiom ignored:
[INFO] ObjectPropertyRange(<http://purl.obolibrary.org/obo/RO_0002103> <http://purl.obolibrary.org/obo/FBbt_00005106>)
[INFO] 2017-12-02 12:52:27,932 WARN  (ChangeIndexingProcessor:66) [reasoner.indexing.axiomIgnored]ELK does not support ObjectPropertyRange. Axiom ignored:
[INFO] ObjectPropertyRange(<http://purl.obolibrary.org/obo/RO_0002216> <http://purl.obolibrary.org/obo/GO_0008150>)
[INFO] 2017-12-02 12:52:27,934 WARN  (ChangeIndexingProcessor:66) [reasoner.indexing.axiomIgnored]ELK does not support ObjectPropertyRange. Axiom ignored:
[INFO] ObjectPropertyRange(<http://purl.obolibrary.org/obo/RO_0002215> <http://purl.obolibrary.org/obo/GO_0008150>)
[INFO] 2017-12-02 12:52:28,016 WARN  (ChangeIndexingProcessor:66) [reasoner.indexing.axiomIgnored]ELK does not support ObjectPropertyRange. Axiom ignored:
[INFO] ObjectPropertyRange(<http://purl.obolibrary.org/obo/RO_0002005> <http://purl.obolibrary.org/obo/FBbt_00005099>)
[INFO] 2017-12-02 12:52:28,068 WARN  (ChangeIndexingProcessor:66) [reasoner.indexing.axiomIgnored]ELK does not support InverseObjectProperties. Axiom ignored:
[INFO] InverseObjectProperties(<http://purl.obolibrary.org/obo/BFO_0000050> <http://purl.obolibrary.org/obo/BFO_0000051>)
[INFO] 2017-12-02 12:52:28,073 WARN  (ChangeIndexingProcessor:66) [reasoner.indexing.axiomIgnored]ELK does not support InverseObjectProperties. Axiom ignored:
[INFO] InverseObjectProperties(<http://purl.obolibrary.org/obo/RO_0002005> <http://purl.obolibrary.org/obo/RO_0002134>)
[INFO] 2017-12-02 12:52:28,074 WARN  (ChangeIndexingProcessor:66) [reasoner.indexing.axiomIgnored]ELK does not support InverseObjectProperties. Axiom ignored:
[INFO] InverseObjectProperties(<http://purl.obolibrary.org/obo/RO_0002006> <http://purl.obolibrary.org/obo/RO_0002130>)
[INFO] 2017-12-02 12:52:28,077 INFO  (LoggingStageExecutor:103) Loading of Axioms took 364 ms
[INFO] 2017-12-02 12:52:28,077 INFO  (LoggingStageExecutor:70) Property Saturation Initialization started
[INFO] 2017-12-02 12:52:28,079 INFO  (AbstractReasonerStage:161) Property Saturation Initialization using 64 workers
[INFO] 2017-12-02 12:52:28,080 INFO  (LoggingStageExecutor:103) Property Saturation Initialization took 2 ms
[INFO] 2017-12-02 12:52:28,080 INFO  (LoggingStageExecutor:70) Reflexive Property Computation started
[INFO] 2017-12-02 12:52:28,091 INFO  (AbstractReasonerStage:161) Reflexive Property Computation using 64 workers
[INFO] 2017-12-02 12:52:28,105 INFO  (LoggingStageExecutor:103) Reflexive Property Computation took 24 ms
[INFO] 2017-12-02 12:52:28,105 INFO  (LoggingStageExecutor:70) Object Property Hierarchy and Composition Computation started
[INFO] 2017-12-02 12:52:28,113 INFO  (AbstractReasonerStage:161) Object Property Hierarchy and Composition Computation using 64 workers
[INFO] 2017-12-02 12:52:28,159 INFO  (LoggingStageExecutor:103) Object Property Hierarchy and Composition Computation took 53 ms
[INFO] 2017-12-02 12:52:28,159 INFO  (LoggingStageExecutor:70) Context Initialization started
[INFO] 2017-12-02 12:52:28,162 INFO  (AbstractReasonerStage:161) Context Initialization using 64 workers
[INFO] 2017-12-02 12:52:28,168 INFO  (LoggingStageExecutor:103) Context Initialization took 8 ms
[INFO] 2017-12-02 12:52:28,168 INFO  (LoggingStageExecutor:70) Consistency Checking started
[INFO] 2017-12-02 12:52:28,184 INFO  (AbstractReasonerStage:161) Consistency Checking using 64 workers
[INFO] 2017-12-02 12:52:28,216 INFO  (LoggingStageExecutor:103) Consistency Checking took 47 ms
[INFO] 2017-12-02 12:52:28,216 INFO  (LoggingStageExecutor:70) Class Taxonomy Computation started
[INFO] 2017-12-02 12:52:28,239 INFO  (AbstractReasonerStage:161) Class Taxonomy Computation using 64 workers
[INFO] 2017-12-02 12:52:29,430 INFO  (LoggingStageExecutor:103) Class Taxonomy Computation took 1213 ms
[INFO] E: owl:Nothing owl:Nothing
[INFO] 2017-12-02 12:52:29,436 INFO  (CommandRunnerBase:78) disposing of org.semanticweb.elk.owlapi.ElkReasoner@f667fe
[INFO] 2017-12-02 12:52:29,444 INFO  (Reasoner:231) ELK reasoner has shut down
[INFO] 2017-12-02 12:52:29,444 INFO  (CommandRunnerBase:70) disposing of org.semanticweb.elk.owlapi.ElkReasoner@f667fe
[INFO] ------------------------------------------------------------------------
[INFO] BUILD SUCCESS
[INFO] ------------------------------------------------------------------------
[INFO] Total time: 14.543 s
[INFO] Finished at: 2017-12-02T12:52:29-07:00
[INFO] Final Memory: 21M/1963M
[INFO] ------------------------------------------------------------------------
Sat Dec  2 12:52:29 MST 2017
