Sat Dec  2 12:52:13 MST 2017
Querying for incoherent classes in: /scratch/Shares/hunter/obo-ci/data-all/base/ontologies/fbdv_fbdv-simple/fbdv_fbdv-simple_flat.owl
[INFO] Error stacktraces are turned on.
[INFO] Scanning for projects...
[INFO]                                                                         
[INFO] ------------------------------------------------------------------------
[INFO] Building incoherent-query 1.0
[INFO] ------------------------------------------------------------------------
[INFO] 
[INFO] --- exec-maven-plugin:1.1:exec (default-cli) @ incoherent-query ---
[INFO] /bin/sh: module: line 1: syntax error: unexpected end of file
[INFO] /bin/sh: error importing function definition for `BASH_FUNC_module'
[INFO] 2017-12-02 12:52:18,540 INFO  (ParserWrapper:75) Start loading ontology: file:/scratch/Shares/hunter/obo-ci/data-all/base/ontologies/fbdv_fbdv-simple/fbdv_fbdv-simple_flat.owl from: file:/scratch/Shares/hunter/obo-ci/data-all/base/ontologies/fbdv_fbdv-simple/fbdv_fbdv-simple_flat.owl
[INFO] 2017-12-02 12:52:20,278 INFO  (ParserWrapper:82) Finished loading ontology: http://purl.obolibrary.org/obo/fbdv/fbdv-simple.owl from: file:/scratch/Shares/hunter/obo-ci/data-all/base/ontologies/fbdv_fbdv-simple/fbdv_fbdv-simple_flat.owl
[INFO] # PARSING: <http://www.w3.org/2002/07/owl#Nothing>
[INFO] 2017-12-02 12:52:20,604 INFO  (ManchesterSyntaxTool:130) parsing: <http://www.w3.org/2002/07/owl#Nothing>
[INFO] # QUERY: owl:Nothing owl:Nothing
[INFO] 2017-12-02 12:52:20,736 INFO  (ConfigurationFactory:83) Loading default configuration parameters for class org.semanticweb.elk.reasoner.config.ReasonerConfiguration
[INFO] 2017-12-02 12:52:22,122 INFO  (Reasoner:117) ELK reasoner was created
[INFO] 2017-12-02 12:52:22,130 INFO  (CommandRunner:6042) Created reasoner: org.semanticweb.elk.owlapi.ElkReasoner@75f65e45
[INFO] 2017-12-02 12:52:22,154 INFO  (LoggingStageExecutor:70) Loading of Axioms started
[INFO] 2017-12-02 12:52:22,179 INFO  (AbstractReasonerStage:161) Loading of Axioms using 64 workers
[INFO] 2017-12-02 12:52:22,303 WARN  (ChangeIndexingProcessor:66) [reasoner.indexing.axiomIgnored]ELK does not support InverseObjectProperties. Axiom ignored:
[INFO] InverseObjectProperties(<http://purl.obolibrary.org/obo/RO_0002087> <http://purl.obolibrary.org/obo/RO_0002090>)
[INFO] 2017-12-02 12:52:22,349 WARN  (ChangeIndexingProcessor:66) [reasoner.indexing.axiomIgnored]ELK does not support InverseObjectProperties. Axiom ignored:
[INFO] InverseObjectProperties(<http://purl.obolibrary.org/obo/BFO_0000050> <http://purl.obolibrary.org/obo/BFO_0000051>)
[INFO] 2017-12-02 12:52:22,396 INFO  (LoggingStageExecutor:103) Loading of Axioms took 230 ms
[INFO] 2017-12-02 12:52:22,396 INFO  (LoggingStageExecutor:70) Property Saturation Initialization started
[INFO] 2017-12-02 12:52:22,400 INFO  (AbstractReasonerStage:161) Property Saturation Initialization using 64 workers
[INFO] 2017-12-02 12:52:22,401 INFO  (LoggingStageExecutor:103) Property Saturation Initialization took 4 ms
[INFO] 2017-12-02 12:52:22,401 INFO  (LoggingStageExecutor:70) Reflexive Property Computation started
[INFO] 2017-12-02 12:52:22,424 INFO  (AbstractReasonerStage:161) Reflexive Property Computation using 64 workers
[INFO] 2017-12-02 12:52:22,458 INFO  (LoggingStageExecutor:103) Reflexive Property Computation took 57 ms
[INFO] 2017-12-02 12:52:22,459 INFO  (LoggingStageExecutor:70) Object Property Hierarchy and Composition Computation started
[INFO] 2017-12-02 12:52:22,479 INFO  (AbstractReasonerStage:161) Object Property Hierarchy and Composition Computation using 64 workers
[INFO] 2017-12-02 12:52:22,501 INFO  (LoggingStageExecutor:103) Object Property Hierarchy and Composition Computation took 41 ms
[INFO] 2017-12-02 12:52:22,502 INFO  (LoggingStageExecutor:70) Context Initialization started
[INFO] 2017-12-02 12:52:22,508 INFO  (AbstractReasonerStage:161) Context Initialization using 64 workers
[INFO] 2017-12-02 12:52:22,535 INFO  (LoggingStageExecutor:103) Context Initialization took 32 ms
[INFO] 2017-12-02 12:52:22,535 INFO  (LoggingStageExecutor:70) Consistency Checking started
[INFO] 2017-12-02 12:52:22,561 INFO  (AbstractReasonerStage:161) Consistency Checking using 64 workers
[INFO] 2017-12-02 12:52:22,672 INFO  (LoggingStageExecutor:103) Consistency Checking took 136 ms
[INFO] 2017-12-02 12:52:22,672 INFO  (LoggingStageExecutor:70) Class Taxonomy Computation started
[INFO] 2017-12-02 12:52:22,746 INFO  (AbstractReasonerStage:161) Class Taxonomy Computation using 64 workers
[INFO] 2017-12-02 12:52:23,234 INFO  (LoggingStageExecutor:103) Class Taxonomy Computation took 561 ms
[INFO] E: owl:Nothing owl:Nothing
[INFO] 2017-12-02 12:52:23,243 INFO  (CommandRunnerBase:78) disposing of org.semanticweb.elk.owlapi.ElkReasoner@75f65e45
[INFO] 2017-12-02 12:52:23,250 INFO  (Reasoner:231) ELK reasoner has shut down
[INFO] 2017-12-02 12:52:23,251 INFO  (CommandRunnerBase:70) disposing of org.semanticweb.elk.owlapi.ElkReasoner@75f65e45
[INFO] ------------------------------------------------------------------------
[INFO] BUILD SUCCESS
[INFO] ------------------------------------------------------------------------
[INFO] Total time: 8.426 s
[INFO] Finished at: 2017-12-02T12:52:23-07:00
[INFO] Final Memory: 21M/1963M
[INFO] ------------------------------------------------------------------------
Sat Dec  2 12:52:23 MST 2017
