Sat Dec  2 12:52:13 MST 2017
Querying for incoherent classes in: /scratch/Shares/hunter/obo-ci/data-all/base/ontologies/fma/fma_flat.owl
[INFO] Error stacktraces are turned on.
[INFO] Scanning for projects...
[INFO]                                                                         
[INFO] ------------------------------------------------------------------------
[INFO] Building incoherent-query 1.0
[INFO] ------------------------------------------------------------------------
[INFO] 
[INFO] --- exec-maven-plugin:1.1:exec (default-cli) @ incoherent-query ---
[INFO] /bin/sh: module: line 1: syntax error: unexpected end of file
[INFO] /bin/sh: error importing function definition for `BASH_FUNC_module'
[INFO] 2017-12-02 12:52:17,730 INFO  (ParserWrapper:75) Start loading ontology: file:/scratch/Shares/hunter/obo-ci/data-all/base/ontologies/fma/fma_flat.owl from: file:/scratch/Shares/hunter/obo-ci/data-all/base/ontologies/fma/fma_flat.owl
[INFO] 2017-12-02 12:52:31,491 INFO  (ParserWrapper:82) Finished loading ontology: http://purl.obolibrary.org/obo/fma.owl from: file:/scratch/Shares/hunter/obo-ci/data-all/base/ontologies/fma/fma_flat.owl
[INFO] # PARSING: <http://www.w3.org/2002/07/owl#Nothing>
[INFO] 2017-12-02 12:52:31,705 INFO  (ManchesterSyntaxTool:130) parsing: <http://www.w3.org/2002/07/owl#Nothing>
[INFO] # QUERY: owl:Nothing owl:Nothing
[INFO] 2017-12-02 12:52:32,039 INFO  (ConfigurationFactory:83) Loading default configuration parameters for class org.semanticweb.elk.reasoner.config.ReasonerConfiguration
[INFO] 2017-12-02 12:52:32,732 INFO  (Reasoner:117) ELK reasoner was created
[INFO] 2017-12-02 12:52:32,734 INFO  (CommandRunner:6042) Created reasoner: org.semanticweb.elk.owlapi.ElkReasoner@4a891c97
[INFO] 2017-12-02 12:52:32,737 INFO  (LoggingStageExecutor:70) Loading of Axioms started
[INFO] 2017-12-02 12:52:32,746 INFO  (AbstractReasonerStage:161) Loading of Axioms using 64 workers
[INFO] 2017-12-02 12:52:33,484 INFO  (LoggingStageExecutor:103) Loading of Axioms took 742 ms
[INFO] 2017-12-02 12:52:33,485 INFO  (LoggingStageExecutor:70) Property Saturation Initialization started
[INFO] 2017-12-02 12:52:33,487 INFO  (AbstractReasonerStage:161) Property Saturation Initialization using 64 workers
[INFO] 2017-12-02 12:52:33,487 INFO  (LoggingStageExecutor:103) Property Saturation Initialization took 2 ms
[INFO] 2017-12-02 12:52:33,487 INFO  (LoggingStageExecutor:70) Reflexive Property Computation started
[INFO] 2017-12-02 12:52:33,498 INFO  (AbstractReasonerStage:161) Reflexive Property Computation using 64 workers
[INFO] 2017-12-02 12:52:33,511 INFO  (LoggingStageExecutor:103) Reflexive Property Computation took 23 ms
[INFO] 2017-12-02 12:52:33,511 INFO  (LoggingStageExecutor:70) Object Property Hierarchy and Composition Computation started
[INFO] 2017-12-02 12:52:33,519 INFO  (AbstractReasonerStage:161) Object Property Hierarchy and Composition Computation using 64 workers
[INFO] 2017-12-02 12:52:33,529 INFO  (LoggingStageExecutor:103) Object Property Hierarchy and Composition Computation took 16 ms
[INFO] 2017-12-02 12:52:33,529 INFO  (LoggingStageExecutor:70) Context Initialization started
[INFO] 2017-12-02 12:52:33,531 INFO  (AbstractReasonerStage:161) Context Initialization using 64 workers
[INFO] 2017-12-02 12:52:33,539 INFO  (LoggingStageExecutor:103) Context Initialization took 9 ms
[INFO] 2017-12-02 12:52:33,539 INFO  (LoggingStageExecutor:70) Consistency Checking started
[INFO] 2017-12-02 12:52:33,551 INFO  (AbstractReasonerStage:161) Consistency Checking using 64 workers
[INFO] 2017-12-02 12:52:33,577 INFO  (LoggingStageExecutor:103) Consistency Checking took 37 ms
[INFO] 2017-12-02 12:52:33,578 INFO  (LoggingStageExecutor:70) Class Taxonomy Computation started
[INFO] 2017-12-02 12:52:33,608 INFO  (AbstractReasonerStage:161) Class Taxonomy Computation using 64 workers
[INFO] 2017-12-02 12:52:36,257 INFO  (LoggingStageExecutor:103) Class Taxonomy Computation took 2678 ms
[INFO] E: owl:Nothing owl:Nothing
[INFO] 2017-12-02 12:52:36,266 INFO  (CommandRunnerBase:78) disposing of org.semanticweb.elk.owlapi.ElkReasoner@4a891c97
[INFO] 2017-12-02 12:52:36,280 INFO  (Reasoner:231) ELK reasoner has shut down
[INFO] 2017-12-02 12:52:36,281 INFO  (CommandRunnerBase:70) disposing of org.semanticweb.elk.owlapi.ElkReasoner@4a891c97
[INFO] ------------------------------------------------------------------------
[INFO] BUILD SUCCESS
[INFO] ------------------------------------------------------------------------
[INFO] Total time: 21.635 s
[INFO] Finished at: 2017-12-02T12:52:36-07:00
[INFO] Final Memory: 21M/1963M
[INFO] ------------------------------------------------------------------------
Sat Dec  2 12:52:36 MST 2017
