Tue Oct 23 18:48:34 UTC 2018
Querying for incoherent classes in: /mnt/efsdata/obo-ci-data/base/ontologies/fypo/fypo_flat.owl
[INFO] Error stacktraces are turned on.
[INFO] Scanning for projects...
[INFO]                                                                         
[INFO] ------------------------------------------------------------------------
[INFO] Building incoherent-query 1.0
[INFO] ------------------------------------------------------------------------
[INFO] 
[INFO] --- exec-maven-plugin:1.1:exec (default-cli) @ incoherent-query ---
[INFO] 2018-10-23 18:48:38,093 INFO  (ParserWrapper:75) Start loading ontology: file:/mnt/efsdata/obo-ci-data/base/ontologies/fypo/fypo_flat.owl from: file:/mnt/efsdata/obo-ci-data/base/ontologies/fypo/fypo_flat.owl
[INFO] 2018-10-23 18:48:51,537 INFO  (ParserWrapper:82) Finished loading ontology: http://purl.obolibrary.org/obo/fypo.owl from: file:/mnt/efsdata/obo-ci-data/base/ontologies/fypo/fypo_flat.owl
[INFO] # PARSING: <http://www.w3.org/2002/07/owl#Nothing>
[INFO] 2018-10-23 18:48:51,596 INFO  (ManchesterSyntaxTool:130) parsing: <http://www.w3.org/2002/07/owl#Nothing>
[INFO] # QUERY: owl:Nothing owl:Nothing
[INFO] 2018-10-23 18:48:51,776 INFO  (ConfigurationFactory:83) Loading default configuration parameters for class org.semanticweb.elk.reasoner.config.ReasonerConfiguration
[INFO] 2018-10-23 18:48:52,010 INFO  (Reasoner:117) ELK reasoner was created
[INFO] 2018-10-23 18:48:52,012 INFO  (CommandRunner:6042) Created reasoner: org.semanticweb.elk.owlapi.ElkReasoner@163d04ff
[INFO] 2018-10-23 18:48:52,013 INFO  (LoggingStageExecutor:70) Loading of Axioms started
[INFO] 2018-10-23 18:48:52,020 INFO  (AbstractReasonerStage:161) Loading of Axioms using 2 workers
[INFO] 2018-10-23 18:48:52,116 WARN  (ChangeIndexingProcessor:66) [reasoner.indexing.axiomIgnored]ELK does not support ObjectPropertyRange. Axiom ignored:
[INFO] ObjectPropertyRange(<http://purl.obolibrary.org/obo/pato#similar_in_magnitude_relative_to> <http://purl.obolibrary.org/obo/PATO_0000001>)
[INFO] 2018-10-23 18:48:52,152 WARN  (ChangeIndexingProcessor:66) [reasoner.indexing.axiomIgnored]ELK does not support ObjectPropertyRange. Axiom ignored:
[INFO] ObjectPropertyRange(<http://purl.obolibrary.org/obo/pato#directly_associated_with> <http://purl.obolibrary.org/obo/PATO_0000001>)
[INFO] 2018-10-23 18:48:52,239 WARN  (ChangeIndexingProcessor:66) [reasoner.indexing.axiomIgnored]ELK does not support ObjectPropertyRange. Axiom ignored:
[INFO] ObjectPropertyRange(<http://purl.obolibrary.org/obo/pato#decreased_in_magnitude_relative_to> <http://purl.obolibrary.org/obo/PATO_0000001>)
[INFO] 2018-10-23 18:48:52,402 WARN  (ChangeIndexingProcessor:66) [reasoner.indexing.axiomIgnored]ELK does not support ObjectPropertyRange. Axiom ignored:
[INFO] ObjectPropertyRange(<http://purl.obolibrary.org/obo/pato#different_in_magnitude_relative_to> <http://purl.obolibrary.org/obo/PATO_0000001>)
[INFO] 2018-10-23 18:48:52,521 WARN  (ChangeIndexingProcessor:66) [reasoner.indexing.axiomIgnored]ELK does not support ObjectPropertyRange. Axiom ignored:
[INFO] ObjectPropertyRange(<http://purl.obolibrary.org/obo/pato#has_dividend_quality> <http://purl.obolibrary.org/obo/PATO_0000001>)
[INFO] 2018-10-23 18:48:52,725 WARN  (ChangeIndexingProcessor:66) [reasoner.indexing.axiomIgnored]ELK does not support ObjectPropertyRange. Axiom ignored:
[INFO] ObjectPropertyRange(<http://purl.obolibrary.org/obo/pato#inversely_associated_with> <http://purl.obolibrary.org/obo/PATO_0000001>)
[INFO] 2018-10-23 18:48:52,727 WARN  (ChangeIndexingProcessor:66) [reasoner.indexing.axiomIgnored]ELK does not support ObjectPropertyRange. Axiom ignored:
[INFO] ObjectPropertyRange(<http://purl.obolibrary.org/obo/pato#has_divisor_quality> <http://purl.obolibrary.org/obo/PATO_0000001>)
[INFO] 2018-10-23 18:48:52,736 WARN  (ChangeIndexingProcessor:66) [reasoner.indexing.axiomIgnored]ELK does not support ObjectPropertyRange. Axiom ignored:
[INFO] ObjectPropertyRange(<http://purl.obolibrary.org/obo/pato#increased_in_magnitude_relative_to> <http://purl.obolibrary.org/obo/PATO_0000001>)
[INFO] 2018-10-23 18:48:52,765 WARN  (ChangeIndexingProcessor:66) [reasoner.indexing.axiomIgnored]ELK does not support ObjectPropertyRange. Axiom ignored:
[INFO] ObjectPropertyRange(<http://purl.obolibrary.org/obo/pato#has_ratio_quality> <http://purl.obolibrary.org/obo/PATO_0000001>)
[INFO] 2018-10-23 18:48:52,789 INFO  (LoggingStageExecutor:103) Loading of Axioms took 771 ms
[INFO] 2018-10-23 18:48:52,789 INFO  (LoggingStageExecutor:70) Property Saturation Initialization started
[INFO] 2018-10-23 18:48:52,791 INFO  (AbstractReasonerStage:161) Property Saturation Initialization using 2 workers
[INFO] 2018-10-23 18:48:52,791 INFO  (LoggingStageExecutor:103) Property Saturation Initialization took 1 ms
[INFO] 2018-10-23 18:48:52,791 INFO  (LoggingStageExecutor:70) Reflexive Property Computation started
[INFO] 2018-10-23 18:48:52,797 INFO  (AbstractReasonerStage:161) Reflexive Property Computation using 2 workers
[INFO] 2018-10-23 18:48:52,800 INFO  (LoggingStageExecutor:103) Reflexive Property Computation took 8 ms
[INFO] 2018-10-23 18:48:52,800 INFO  (LoggingStageExecutor:70) Object Property Hierarchy and Composition Computation started
[INFO] 2018-10-23 18:48:52,804 INFO  (AbstractReasonerStage:161) Object Property Hierarchy and Composition Computation using 2 workers
[INFO] 2018-10-23 18:48:52,808 INFO  (LoggingStageExecutor:103) Object Property Hierarchy and Composition Computation took 7 ms
[INFO] 2018-10-23 18:48:52,808 INFO  (LoggingStageExecutor:70) Context Initialization started
[INFO] 2018-10-23 18:48:52,809 INFO  (AbstractReasonerStage:161) Context Initialization using 2 workers
[INFO] 2018-10-23 18:48:52,812 INFO  (LoggingStageExecutor:103) Context Initialization took 3 ms
[INFO] 2018-10-23 18:48:52,812 INFO  (LoggingStageExecutor:70) Consistency Checking started
[INFO] 2018-10-23 18:48:52,820 INFO  (AbstractReasonerStage:161) Consistency Checking using 2 workers
[INFO] 2018-10-23 18:48:52,848 INFO  (LoggingStageExecutor:103) Consistency Checking took 35 ms
[INFO] 2018-10-23 18:48:52,848 INFO  (LoggingStageExecutor:70) Class Taxonomy Computation started
[INFO] 2018-10-23 18:48:52,858 INFO  (AbstractReasonerStage:161) Class Taxonomy Computation using 2 workers
[INFO] 2018-10-23 18:48:54,444 INFO  (LoggingStageExecutor:103) Class Taxonomy Computation took 1596 ms
[INFO] E: owl:Nothing owl:Nothing
[INFO] 2018-10-23 18:48:54,448 INFO  (CommandRunnerBase:78) disposing of org.semanticweb.elk.owlapi.ElkReasoner@163d04ff
[INFO] 2018-10-23 18:48:54,449 INFO  (Reasoner:231) ELK reasoner has shut down
[INFO] 2018-10-23 18:48:54,449 INFO  (CommandRunnerBase:70) disposing of org.semanticweb.elk.owlapi.ElkReasoner@163d04ff
[INFO] ------------------------------------------------------------------------
[INFO] BUILD SUCCESS
[INFO] ------------------------------------------------------------------------
[INFO] Total time: 18.721s
[INFO] Finished at: Tue Oct 23 18:48:54 UTC 2018
[INFO] Final Memory: 6M/289M
[INFO] ------------------------------------------------------------------------
Tue Oct 23 18:48:54 UTC 2018
