Sat Dec  2 12:52:15 MST 2017
Querying for incoherent classes in: /scratch/Shares/hunter/obo-ci/data-all/base/ontologies/gaz/gaz_flat.owl
[INFO] Error stacktraces are turned on.
[INFO] Scanning for projects...
[INFO]                                                                         
[INFO] ------------------------------------------------------------------------
[INFO] Building incoherent-query 1.0
[INFO] ------------------------------------------------------------------------
[INFO] 
[INFO] --- exec-maven-plugin:1.1:exec (default-cli) @ incoherent-query ---
[INFO] /bin/sh: module: line 1: syntax error: unexpected end of file
[INFO] /bin/sh: error importing function definition for `BASH_FUNC_module'
[INFO] 2017-12-02 12:52:22,014 INFO  (ParserWrapper:75) Start loading ontology: file:/scratch/Shares/hunter/obo-ci/data-all/base/ontologies/gaz/gaz_flat.owl from: file:/scratch/Shares/hunter/obo-ci/data-all/base/ontologies/gaz/gaz_flat.owl
[INFO] 2017-12-02 12:53:37,584 INFO  (ParserWrapper:82) Finished loading ontology: http://purl.obolibrary.org/obo/gaz.owl from: file:/scratch/Shares/hunter/obo-ci/data-all/base/ontologies/gaz/gaz_flat.owl
[INFO] # PARSING: <http://www.w3.org/2002/07/owl#Nothing>
[INFO] 2017-12-02 12:53:38,120 INFO  (ManchesterSyntaxTool:130) parsing: <http://www.w3.org/2002/07/owl#Nothing>
[INFO] # QUERY: owl:Nothing owl:Nothing
[INFO] 2017-12-02 12:53:40,401 INFO  (ConfigurationFactory:83) Loading default configuration parameters for class org.semanticweb.elk.reasoner.config.ReasonerConfiguration
[INFO] 2017-12-02 12:53:42,397 INFO  (Reasoner:117) ELK reasoner was created
[INFO] 2017-12-02 12:53:42,400 INFO  (CommandRunner:6042) Created reasoner: org.semanticweb.elk.owlapi.ElkReasoner@75d0911a
[INFO] 2017-12-02 12:53:42,404 INFO  (LoggingStageExecutor:70) Loading of Axioms started
[INFO] 2017-12-02 12:53:42,413 INFO  (AbstractReasonerStage:161) Loading of Axioms using 64 workers
[INFO] 2017-12-02 12:53:42,563 WARN  (ChangeIndexingProcessor:66) [reasoner.indexing.axiomIgnored]ELK does not support InverseObjectProperties. Axiom ignored:
[INFO] InverseObjectProperties(<http://purl.obolibrary.org/obo/RO_0002500> <http://purl.obolibrary.org/obo/RO_0002608>)
[INFO] 2017-12-02 12:53:42,656 WARN  (IndexedObjectComplementOf:84) [reasoner.indexing.IndexedObjectComplementOf]ELK does not support negative occurrences of ObjectComplementOf. Reasoning might be incomplete!
[INFO] 2017-12-02 12:53:42,663 WARN  (IndexedObjectUnionOf:92) [reasoner.indexing.IndexedObjectUnionOf]ELK does not support positive occurrences of ObjectUnionOf. Reasoning might be incomplete!
[INFO] 2017-12-02 12:53:42,671 WARN  (IndexedObjectUnionOf:92) [reasoner.indexing.IndexedObjectUnionOf]ELK does not support positive occurrences of ObjectUnionOf. Reasoning might be incomplete!
[INFO] 2017-12-02 12:53:42,707 WARN  (IndexedObjectUnionOf:92) [reasoner.indexing.IndexedObjectUnionOf]ELK does not support positive occurrences of ObjectUnionOf. Reasoning might be incomplete!
[INFO] 2017-12-02 12:53:42,776 WARN  (IndexedObjectUnionOf:92) [reasoner.indexing.IndexedObjectUnionOf]ELK does not support positive occurrences of ObjectUnionOf. Reasoning might be incomplete!
[INFO] 2017-12-02 12:53:42,781 WARN  (IndexedObjectComplementOf:84) [reasoner.indexing.IndexedObjectComplementOf]ELK does not support negative occurrences of ObjectComplementOf. Reasoning might be incomplete!
[INFO] 2017-12-02 12:53:42,789 WARN  (IndexedObjectUnionOf:92) [reasoner.indexing.IndexedObjectUnionOf]ELK does not support positive occurrences of ObjectUnionOf. Reasoning might be incomplete!
[INFO] 2017-12-02 12:53:42,809 WARN  (IndexedObjectUnionOf:92) [reasoner.indexing.IndexedObjectUnionOf]ELK does not support positive occurrences of ObjectUnionOf. Reasoning might be incomplete!
[INFO] 2017-12-02 12:53:42,884 WARN  (IndexedObjectUnionOf:92) [reasoner.indexing.IndexedObjectUnionOf]ELK does not support positive occurrences of ObjectUnionOf. Reasoning might be incomplete!
[INFO] 2017-12-02 12:53:42,942 WARN  (IndexedObjectUnionOf:92) [reasoner.indexing.IndexedObjectUnionOf]ELK does not support positive occurrences of ObjectUnionOf. Reasoning might be incomplete!
[INFO] 2017-12-02 12:53:42,956 WARN  (IndexedObjectUnionOf:92) [reasoner.indexing.IndexedObjectUnionOf]ELK does not support positive occurrences of ObjectUnionOf. Reasoning might be incomplete!
[INFO] 2017-12-02 12:53:42,991 WARN  (ChangeIndexingProcessor:66) [reasoner.indexing.axiomIgnored]ELK does not support ObjectPropertyRange. Axiom ignored:
[INFO] ObjectPropertyRange(<http://purl.obolibrary.org/obo/RO_0002007> <http://purl.obolibrary.org/obo/BFO_0000040>)
[INFO] 2017-12-02 12:53:43,000 WARN  (IndexedObjectUnionOf:92) [reasoner.indexing.IndexedObjectUnionOf]ELK does not support positive occurrences of ObjectUnionOf. Reasoning might be incomplete!
[INFO] 2017-12-02 12:53:43,059 WARN  (ChangeIndexingProcessor:66) [reasoner.indexing.axiomIgnored]ELK does not support IrreflexiveObjectProperty. Axiom ignored:
[INFO] IrreflexiveObjectProperty(<http://purl.obolibrary.org/obo/RO_0002351>)
[INFO] 2017-12-02 12:53:43,072 WARN  (IndexedObjectUnionOf:92) [reasoner.indexing.IndexedObjectUnionOf]ELK does not support positive occurrences of ObjectUnionOf. Reasoning might be incomplete!
[INFO] 2017-12-02 12:53:43,077 WARN  (IndexedObjectUnionOf:92) [reasoner.indexing.IndexedObjectUnionOf]ELK does not support positive occurrences of ObjectUnionOf. Reasoning might be incomplete!
[INFO] 2017-12-02 12:53:43,094 WARN  (IndexedObjectUnionOf:92) [reasoner.indexing.IndexedObjectUnionOf]ELK does not support positive occurrences of ObjectUnionOf. Reasoning might be incomplete!
[INFO] 2017-12-02 12:53:43,114 WARN  (IndexedObjectUnionOf:92) [reasoner.indexing.IndexedObjectUnionOf]ELK does not support positive occurrences of ObjectUnionOf. Reasoning might be incomplete!
[INFO] 2017-12-02 12:53:43,127 WARN  (ChangeIndexingProcessor:66) [reasoner.indexing.axiomIgnored]ELK does not support ObjectMinCardinality. Axiom ignored:
[INFO] SubClassOf(<http://purl.obolibrary.org/obo/ENVO_01001095> ObjectMinCardinality(2 <http://purl.obolibrary.org/obo/RO_0000057>))
[INFO] 2017-12-02 12:53:43,128 WARN  (ChangeIndexingProcessor:66) [reasoner.indexing.axiomIgnored]ELK does not support ObjectMinCardinality. Axiom ignored:
[INFO] SubClassOf(<http://purl.obolibrary.org/obo/ENVO_01001094> ObjectMinCardinality(2 <http://purl.obolibrary.org/obo/RO_0000057>))
[INFO] 2017-12-02 12:53:43,129 WARN  (ChangeIndexingProcessor:66) [reasoner.indexing.axiomIgnored]ELK does not support ObjectMinCardinality. Axiom ignored:
[INFO] SubClassOf(<http://purl.obolibrary.org/obo/ENVO_01001096> ObjectMinCardinality(2 <http://purl.obolibrary.org/obo/RO_0000057>))
[INFO] 2017-12-02 12:53:43,133 WARN  (IndexedObjectUnionOf:92) [reasoner.indexing.IndexedObjectUnionOf]ELK does not support positive occurrences of ObjectUnionOf. Reasoning might be incomplete!
[INFO] 2017-12-02 12:53:43,138 WARN  (ChangeIndexingProcessor:66) [reasoner.indexing.axiomIgnored]ELK does not support ObjectPropertyRange. Axiom ignored:
[INFO] ObjectPropertyRange(<http://purl.obolibrary.org/obo/RO_0002091> <http://purl.obolibrary.org/obo/BFO_0000003>)
[INFO] 2017-12-02 12:53:43,151 WARN  (IndexedObjectUnionOf:92) [reasoner.indexing.IndexedObjectUnionOf]ELK does not support positive occurrences of ObjectUnionOf. Reasoning might be incomplete!
[INFO] 2017-12-02 12:53:43,203 WARN  (ChangeIndexingProcessor:66) [reasoner.indexing.axiomIgnored]ELK does not support ObjectPropertyRange. Axiom ignored:
[INFO] ObjectPropertyRange(<http://purl.obolibrary.org/obo/RO_0002170> ObjectSomeValuesFrom(<http://purl.obolibrary.org/obo/BFO_0000050> <http://purl.obolibrary.org/obo/RO_0002577>))
[INFO] 2017-12-02 12:53:43,288 WARN  (IndexedObjectUnionOf:92) [reasoner.indexing.IndexedObjectUnionOf]ELK does not support positive occurrences of ObjectUnionOf. Reasoning might be incomplete!
[INFO] 2017-12-02 12:53:43,330 WARN  (IndexedObjectUnionOf:92) [reasoner.indexing.IndexedObjectUnionOf]ELK does not support positive occurrences of ObjectUnionOf. Reasoning might be incomplete!
[INFO] 2017-12-02 12:53:43,363 WARN  (IndexedObjectUnionOf:92) [reasoner.indexing.IndexedObjectUnionOf]ELK does not support positive occurrences of ObjectUnionOf. Reasoning might be incomplete!
[INFO] 2017-12-02 12:53:49,774 WARN  (IndexedObjectUnionOf:92) [reasoner.indexing.IndexedObjectUnionOf]ELK does not support positive occurrences of ObjectUnionOf. Reasoning might be incomplete!
[INFO] 2017-12-02 12:53:49,778 WARN  (IndexedObjectUnionOf:92) [reasoner.indexing.IndexedObjectUnionOf]ELK does not support positive occurrences of ObjectUnionOf. Reasoning might be incomplete!
[INFO] 2017-12-02 12:53:49,802 WARN  (ChangeIndexingProcessor:66) [reasoner.indexing.axiomIgnored]ELK does not support ObjectMinCardinality. Axiom ignored:
[INFO] SubClassOf(<http://purl.obolibrary.org/obo/ENVO_01001150> ObjectMinCardinality(1 <http://purl.obolibrary.org/obo/BFO_0000051>))
[INFO] 2017-12-02 12:53:49,804 WARN  (ChangeIndexingProcessor:66) [reasoner.indexing.axiomIgnored]ELK does not support ObjectMinCardinality. Axiom ignored:
[INFO] SubClassOf(<http://purl.obolibrary.org/obo/ENVO_01001151> ObjectMinCardinality(1 <http://purl.obolibrary.org/obo/BFO_0000051>))
[INFO] 2017-12-02 12:53:49,810 WARN  (IndexedObjectUnionOf:92) [reasoner.indexing.IndexedObjectUnionOf]ELK does not support positive occurrences of ObjectUnionOf. Reasoning might be incomplete!
[INFO] 2017-12-02 12:53:49,829 WARN  (ChangeIndexingProcessor:66) [reasoner.indexing.axiomIgnored]ELK does not support SymmetricObjectProperty. Axiom ignored:
[INFO] SymmetricObjectProperty(<http://purl.obolibrary.org/obo/RO_0002220>)
[INFO] 2017-12-02 12:53:49,831 WARN  (ChangeIndexingProcessor:66) [reasoner.indexing.axiomIgnored]ELK does not support ObjectPropertyRange. Axiom ignored:
[INFO] ObjectPropertyRange(<http://purl.obolibrary.org/obo/BFO_0000054> <http://purl.obolibrary.org/obo/BFO_0000015>)
[INFO] 2017-12-02 12:53:49,832 WARN  (ChangeIndexingProcessor:66) [reasoner.indexing.axiomIgnored]ELK does not support ObjectPropertyRange. Axiom ignored:
[INFO] ObjectPropertyRange(<http://purl.obolibrary.org/obo/BFO_0000055> <http://purl.obolibrary.org/obo/BFO_0000017>)
[INFO] 2017-12-02 12:53:49,837 WARN  (ChangeIndexingProcessor:66) [reasoner.indexing.axiomIgnored]ELK does not support ObjectPropertyRange. Axiom ignored:
[INFO] ObjectPropertyRange(<http://purl.obolibrary.org/obo/BFO_0000062> <http://purl.obolibrary.org/obo/BFO_0000003>)
[INFO] 2017-12-02 12:53:49,838 WARN  (ChangeIndexingProcessor:66) [reasoner.indexing.axiomIgnored]ELK does not support ObjectPropertyRange. Axiom ignored:
[INFO] ObjectPropertyRange(<http://purl.obolibrary.org/obo/BFO_0000063> <http://purl.obolibrary.org/obo/BFO_0000003>)
[INFO] 2017-12-02 12:53:49,847 WARN  (ChangeIndexingProcessor:66) [reasoner.indexing.axiomIgnored]ELK does not support ObjectPropertyRange. Axiom ignored:
[INFO] ObjectPropertyRange(<http://purl.obolibrary.org/obo/BFO_0000066> <http://purl.obolibrary.org/obo/BFO_0000004>)
[INFO] 2017-12-02 12:53:49,852 WARN  (ChangeIndexingProcessor:66) [reasoner.indexing.axiomIgnored]ELK does not support SymmetricObjectProperty. Axiom ignored:
[INFO] SymmetricObjectProperty(<http://purl.obolibrary.org/obo/RO_0002434>)
[INFO] 2017-12-02 12:53:49,852 WARN  (ChangeIndexingProcessor:66) [reasoner.indexing.axiomIgnored]ELK does not support SymmetricObjectProperty. Axiom ignored:
[INFO] SymmetricObjectProperty(<http://purl.obolibrary.org/obo/RO_0002437>)
[INFO] 2017-12-02 12:53:49,860 WARN  (IndexedObjectUnionOf:92) [reasoner.indexing.IndexedObjectUnionOf]ELK does not support positive occurrences of ObjectUnionOf. Reasoning might be incomplete!
[INFO] 2017-12-02 12:53:49,879 WARN  (ChangeIndexingProcessor:66) [reasoner.indexing.axiomIgnored]ELK does not support SymmetricObjectProperty. Axiom ignored:
[INFO] SymmetricObjectProperty(<http://purl.obolibrary.org/obo/RO_0002371>)
[INFO] 2017-12-02 12:53:49,892 WARN  (IndexedObjectUnionOf:92) [reasoner.indexing.IndexedObjectUnionOf]ELK does not support positive occurrences of ObjectUnionOf. Reasoning might be incomplete!
[INFO] 2017-12-02 12:53:49,900 WARN  (IndexedObjectUnionOf:92) [reasoner.indexing.IndexedObjectUnionOf]ELK does not support positive occurrences of ObjectUnionOf. Reasoning might be incomplete!
[INFO] 2017-12-02 12:53:49,900 WARN  (IndexedObjectUnionOf:92) [reasoner.indexing.IndexedObjectUnionOf]ELK does not support positive occurrences of ObjectUnionOf. Reasoning might be incomplete!
[INFO] 2017-12-02 12:53:49,916 WARN  (ChangeIndexingProcessor:66) [reasoner.indexing.axiomIgnored]ELK does not support InverseObjectProperties. Axiom ignored:
[INFO] InverseObjectProperties(<http://purl.obolibrary.org/obo/RO_0003000> <http://purl.obolibrary.org/obo/RO_0003001>)
[INFO] 2017-12-02 12:53:49,940 WARN  (ChangeIndexingProcessor:66) [reasoner.indexing.axiomIgnored]ELK does not support ObjectPropertyRange. Axiom ignored:
[INFO] ObjectPropertyRange(<http://purl.obolibrary.org/obo/RO_0002150> <http://purl.obolibrary.org/obo/BFO_0000004>)
[INFO] 2017-12-02 12:53:49,972 WARN  (ChangeIndexingProcessor:66) [reasoner.indexing.axiomIgnored]ELK does not support ObjectPropertyRange. Axiom ignored:
[INFO] ObjectPropertyRange(<http://purl.obolibrary.org/obo/RO_0002177> <http://purl.obolibrary.org/obo/BFO_0000040>)
[INFO] 2017-12-02 12:53:49,973 WARN  (IndexedObjectUnionOf:92) [reasoner.indexing.IndexedObjectUnionOf]ELK does not support positive occurrences of ObjectUnionOf. Reasoning might be incomplete!
[INFO] 2017-12-02 12:53:49,982 WARN  (IndexedObjectUnionOf:92) [reasoner.indexing.IndexedObjectUnionOf]ELK does not support positive occurrences of ObjectUnionOf. Reasoning might be incomplete!
[INFO] 2017-12-02 12:53:49,994 WARN  (IndexedObjectUnionOf:92) [reasoner.indexing.IndexedObjectUnionOf]ELK does not support positive occurrences of ObjectUnionOf. Reasoning might be incomplete!
[INFO] 2017-12-02 12:53:50,076 WARN  (IndexedObjectUnionOf:92) [reasoner.indexing.IndexedObjectUnionOf]ELK does not support positive occurrences of ObjectUnionOf. Reasoning might be incomplete!
[INFO] 2017-12-02 12:53:50,121 WARN  (IndexedObjectUnionOf:92) [reasoner.indexing.IndexedObjectUnionOf]ELK does not support positive occurrences of ObjectUnionOf. Reasoning might be incomplete!
[INFO] 2017-12-02 12:53:50,194 WARN  (IndexedObjectUnionOf:92) [reasoner.indexing.IndexedObjectUnionOf]ELK does not support positive occurrences of ObjectUnionOf. Reasoning might be incomplete!
[INFO] 2017-12-02 12:53:50,240 WARN  (IndexedObjectComplementOf:84) [reasoner.indexing.IndexedObjectComplementOf]ELK does not support negative occurrences of ObjectComplementOf. Reasoning might be incomplete!
[INFO] 2017-12-02 12:53:50,244 WARN  (ChangeIndexingProcessor:66) [reasoner.indexing.axiomIgnored]ELK does not support ObjectPropertyRange. Axiom ignored:
[INFO] ObjectPropertyRange(<http://purl.obolibrary.org/obo/RO_0000057> <http://purl.obolibrary.org/obo/BFO_0000002>)
[INFO] 2017-12-02 12:53:50,245 WARN  (ChangeIndexingProcessor:66) [reasoner.indexing.axiomIgnored]ELK does not support ObjectPropertyRange. Axiom ignored:
[INFO] ObjectPropertyRange(<http://purl.obolibrary.org/obo/RO_0000056> <http://purl.obolibrary.org/obo/BFO_0000003>)
[INFO] 2017-12-02 12:53:50,245 WARN  (ChangeIndexingProcessor:66) [reasoner.indexing.axiomIgnored]ELK does not support ObjectPropertyRange. Axiom ignored:
[INFO] ObjectPropertyRange(<http://purl.obolibrary.org/obo/RO_0000053> <http://purl.obolibrary.org/obo/BFO_0000020>)
[INFO] 2017-12-02 12:53:50,262 WARN  (ChangeIndexingProcessor:66) [reasoner.indexing.axiomIgnored]ELK does not support ObjectPropertyRange. Axiom ignored:
[INFO] ObjectPropertyRange(<http://purl.obolibrary.org/obo/RO_0000087> <http://purl.obolibrary.org/obo/BFO_0000023>)
[INFO] 2017-12-02 12:53:50,263 WARN  (ChangeIndexingProcessor:66) [reasoner.indexing.axiomIgnored]ELK does not support ObjectPropertyRange. Axiom ignored:
[INFO] ObjectPropertyRange(<http://purl.obolibrary.org/obo/RO_0000085> <http://purl.obolibrary.org/obo/BFO_0000034>)
[INFO] 2017-12-02 12:53:50,264 WARN  (ChangeIndexingProcessor:66) [reasoner.indexing.axiomIgnored]ELK does not support ObjectPropertyRange. Axiom ignored:
[INFO] ObjectPropertyRange(<http://purl.obolibrary.org/obo/RO_0000086> <http://purl.obolibrary.org/obo/BFO_0000019>)
[INFO] 2017-12-02 12:53:50,270 WARN  (IndexedObjectUnionOf:92) [reasoner.indexing.IndexedObjectUnionOf]ELK does not support positive occurrences of ObjectUnionOf. Reasoning might be incomplete!
[INFO] 2017-12-02 12:53:50,311 WARN  (ChangeIndexingProcessor:66) [reasoner.indexing.axiomIgnored]ELK does not support ObjectPropertyRange. Axiom ignored:
[INFO] ObjectPropertyRange(<http://purl.obolibrary.org/obo/RO_0000091> <http://purl.obolibrary.org/obo/BFO_0000016>)
[INFO] 2017-12-02 12:53:50,329 WARN  (IndexedObjectUnionOf:92) [reasoner.indexing.IndexedObjectUnionOf]ELK does not support positive occurrences of ObjectUnionOf. Reasoning might be incomplete!
[INFO] 2017-12-02 12:53:50,334 WARN  (IndexedObjectUnionOf:92) [reasoner.indexing.IndexedObjectUnionOf]ELK does not support positive occurrences of ObjectUnionOf. Reasoning might be incomplete!
[INFO] 2017-12-02 12:53:50,342 WARN  (IndexedObjectUnionOf:92) [reasoner.indexing.IndexedObjectUnionOf]ELK does not support positive occurrences of ObjectUnionOf. Reasoning might be incomplete!
[INFO] 2017-12-02 12:53:50,345 WARN  (ChangeIndexingProcessor:66) [reasoner.indexing.axiomIgnored]ELK does not support ObjectPropertyRange. Axiom ignored:
[INFO] ObjectPropertyRange(<http://purl.obolibrary.org/obo/RO_0002202> <http://purl.obolibrary.org/obo/BFO_0000004>)
[INFO] 2017-12-02 12:53:50,362 WARN  (ChangeIndexingProcessor:66) [reasoner.indexing.axiomIgnored]ELK does not support ObjectPropertyRange. Axiom ignored:
[INFO] ObjectPropertyRange(<http://purl.obolibrary.org/obo/RO_0002215> <http://purl.obolibrary.org/obo/BFO_0000015>)
[INFO] 2017-12-02 12:53:50,373 WARN  (ChangeIndexingProcessor:66) [reasoner.indexing.axiomIgnored]ELK does not support ObjectPropertyRange. Axiom ignored:
[INFO] ObjectPropertyRange(<http://purl.obolibrary.org/obo/RO_0002220> <http://purl.obolibrary.org/obo/BFO_0000004>)
[INFO] 2017-12-02 12:53:50,375 WARN  (ChangeIndexingProcessor:66) [reasoner.indexing.axiomIgnored]ELK does not support ObjectPropertyRange. Axiom ignored:
[INFO] ObjectPropertyRange(<http://purl.obolibrary.org/obo/RO_0002222> <http://purl.obolibrary.org/obo/BFO_0000003>)
[INFO] 2017-12-02 12:53:50,388 WARN  (ChangeIndexingProcessor:66) [reasoner.indexing.axiomIgnored]ELK does not support ObjectPropertyRange. Axiom ignored:
[INFO] ObjectPropertyRange(<http://purl.obolibrary.org/obo/RO_0002231> <http://purl.obolibrary.org/obo/BFO_0000004>)
[INFO] 2017-12-02 12:53:50,389 WARN  (ChangeIndexingProcessor:66) [reasoner.indexing.axiomIgnored]ELK does not support ObjectPropertyRange. Axiom ignored:
[INFO] ObjectPropertyRange(<http://purl.obolibrary.org/obo/RO_0002232> <http://purl.obolibrary.org/obo/BFO_0000004>)
[INFO] 2017-12-02 12:53:50,400 WARN  (IndexedObjectUnionOf:92) [reasoner.indexing.IndexedObjectUnionOf]ELK does not support positive occurrences of ObjectUnionOf. Reasoning might be incomplete!
[INFO] 2017-12-02 12:53:50,410 WARN  (IndexedObjectUnionOf:92) [reasoner.indexing.IndexedObjectUnionOf]ELK does not support positive occurrences of ObjectUnionOf. Reasoning might be incomplete!
[INFO] 2017-12-02 12:53:50,517 WARN  (ChangeIndexingProcessor:66) [reasoner.indexing.axiomIgnored]ELK does not support ObjectMinCardinality. Axiom ignored:
[INFO] SubClassOf(<http://purl.obolibrary.org/obo/ENVO_01000941> ObjectMinCardinality(1 <http://purl.obolibrary.org/obo/RO_0002131>))
[INFO] 2017-12-02 12:53:50,520 WARN  (IndexedObjectUnionOf:92) [reasoner.indexing.IndexedObjectUnionOf]ELK does not support positive occurrences of ObjectUnionOf. Reasoning might be incomplete!
[INFO] 2017-12-02 12:53:50,650 WARN  (IndexedObjectUnionOf:92) [reasoner.indexing.IndexedObjectUnionOf]ELK does not support positive occurrences of ObjectUnionOf. Reasoning might be incomplete!
[INFO] 2017-12-02 12:53:50,687 WARN  (IndexedObjectUnionOf:92) [reasoner.indexing.IndexedObjectUnionOf]ELK does not support positive occurrences of ObjectUnionOf. Reasoning might be incomplete!
[INFO] 2017-12-02 12:53:50,688 WARN  (IndexedObjectUnionOf:92) [reasoner.indexing.IndexedObjectUnionOf]ELK does not support positive occurrences of ObjectUnionOf. Reasoning might be incomplete!
[INFO] 2017-12-02 12:53:50,783 WARN  (IndexedObjectUnionOf:92) [reasoner.indexing.IndexedObjectUnionOf]ELK does not support positive occurrences of ObjectUnionOf. Reasoning might be incomplete!
[INFO] 2017-12-02 12:53:50,896 WARN  (IndexedObjectUnionOf:92) [reasoner.indexing.IndexedObjectUnionOf]ELK does not support positive occurrences of ObjectUnionOf. Reasoning might be incomplete!
[INFO] 2017-12-02 12:53:50,958 WARN  (ChangeIndexingProcessor:66) [reasoner.indexing.axiomIgnored]ELK does not support ObjectPropertyRange. Axiom ignored:
[INFO] ObjectPropertyRange(<http://purl.obolibrary.org/obo/RO_0002375> <http://purl.obolibrary.org/obo/BFO_0000040>)
[INFO] 2017-12-02 12:53:51,002 WARN  (IndexedObjectUnionOf:92) [reasoner.indexing.IndexedObjectUnionOf]ELK does not support positive occurrences of ObjectUnionOf. Reasoning might be incomplete!
[INFO] 2017-12-02 12:53:51,047 WARN  (IndexedObjectUnionOf:92) [reasoner.indexing.IndexedObjectUnionOf]ELK does not support positive occurrences of ObjectUnionOf. Reasoning might be incomplete!
[INFO] 2017-12-02 12:53:51,304 WARN  (ChangeIndexingProcessor:66) [reasoner.indexing.axiomIgnored]ELK does not support ObjectMinCardinality. Axiom ignored:
[INFO] SubClassOf(<http://purl.obolibrary.org/obo/ENVO_01000899> ObjectMinCardinality(2 <http://purl.obolibrary.org/obo/RO_0000057>))
[INFO] 2017-12-02 12:53:51,306 WARN  (ChangeIndexingProcessor:66) [reasoner.indexing.axiomIgnored]ELK does not support ObjectPropertyRange. Axiom ignored:
[INFO] ObjectPropertyRange(<http://purl.obolibrary.org/obo/RO_0003001> <http://purl.obolibrary.org/obo/BFO_0000040>)
[INFO] 2017-12-02 12:53:51,307 WARN  (ChangeIndexingProcessor:66) [reasoner.indexing.axiomIgnored]ELK does not support ObjectPropertyRange. Axiom ignored:
[INFO] ObjectPropertyRange(<http://purl.obolibrary.org/obo/RO_0003000> <http://purl.obolibrary.org/obo/BFO_0000040>)
[INFO] 2017-12-02 12:53:51,308 WARN  (ChangeIndexingProcessor:66) [reasoner.indexing.axiomIgnored]ELK does not support ObjectMinCardinality. Axiom ignored:
[INFO] SubClassOf(<http://purl.obolibrary.org/obo/ENVO_01000898> ObjectMinCardinality(1 <http://purl.obolibrary.org/obo/RO_0000057>))
[INFO] 2017-12-02 12:53:51,344 WARN  (IndexedObjectUnionOf:92) [reasoner.indexing.IndexedObjectUnionOf]ELK does not support positive occurrences of ObjectUnionOf. Reasoning might be incomplete!
[INFO] 2017-12-02 12:53:51,380 WARN  (ChangeIndexingProcessor:66) [reasoner.indexing.axiomIgnored]ELK does not support ObjectMinCardinality. Axiom ignored:
[INFO] SubClassOf(<http://purl.obolibrary.org/obo/ENVO_01000804> ObjectMinCardinality(1 <http://purl.obolibrary.org/obo/BFO_0000051>))
[INFO] 2017-12-02 12:53:51,474 WARN  (IndexedObjectUnionOf:92) [reasoner.indexing.IndexedObjectUnionOf]ELK does not support positive occurrences of ObjectUnionOf. Reasoning might be incomplete!
[INFO] 2017-12-02 12:53:51,477 WARN  (IndexedObjectUnionOf:92) [reasoner.indexing.IndexedObjectUnionOf]ELK does not support positive occurrences of ObjectUnionOf. Reasoning might be incomplete!
[INFO] 2017-12-02 12:53:51,480 WARN  (IndexedObjectUnionOf:92) [reasoner.indexing.IndexedObjectUnionOf]ELK does not support positive occurrences of ObjectUnionOf. Reasoning might be incomplete!
[INFO] 2017-12-02 12:53:51,538 WARN  (ChangeIndexingProcessor:66) [reasoner.indexing.axiomIgnored]ELK does not support ObjectPropertyRange. Axiom ignored:
[INFO] ObjectPropertyRange(<http://purl.obolibrary.org/obo/RO_0002434> <http://purl.obolibrary.org/obo/BFO_0000040>)
[INFO] 2017-12-02 12:53:51,540 WARN  (ChangeIndexingProcessor:66) [reasoner.indexing.axiomIgnored]ELK does not support ObjectPropertyRange. Axiom ignored:
[INFO] ObjectPropertyRange(<http://purl.obolibrary.org/obo/RO_0002437> <http://purl.obolibrary.org/obo/BFO_0000040>)
[INFO] 2017-12-02 12:53:51,548 WARN  (IndexedObjectUnionOf:92) [reasoner.indexing.IndexedObjectUnionOf]ELK does not support positive occurrences of ObjectUnionOf. Reasoning might be incomplete!
[INFO] 2017-12-02 12:53:51,578 WARN  (IndexedObjectUnionOf:92) [reasoner.indexing.IndexedObjectUnionOf]ELK does not support positive occurrences of ObjectUnionOf. Reasoning might be incomplete!
[INFO] 2017-12-02 12:53:51,623 WARN  (ChangeIndexingProcessor:66) [reasoner.indexing.axiomIgnored]ELK does not support ObjectInverseOf. Axiom ignored:
[INFO] SubObjectPropertyOf(ObjectPropertyChain(<http://purl.obolibrary.org/obo/RO_0001025> ObjectInverseOf(<http://purl.obolibrary.org/obo/RO_0001025>)) <http://purl.obolibrary.org/obo/RO_0002379>)
[INFO] 2017-12-02 12:53:51,642 WARN  (IndexedObjectUnionOf:92) [reasoner.indexing.IndexedObjectUnionOf]ELK does not support positive occurrences of ObjectUnionOf. Reasoning might be incomplete!
[INFO] 2017-12-02 12:53:51,643 WARN  (ChangeIndexingProcessor:66) [reasoner.indexing.axiomIgnored]ELK does not support InverseObjectProperties. Axiom ignored:
[INFO] InverseObjectProperties(<http://purl.obolibrary.org/obo/RO_0000056> <http://purl.obolibrary.org/obo/RO_0000057>)
[INFO] 2017-12-02 12:53:51,643 WARN  (ChangeIndexingProcessor:66) [reasoner.indexing.axiomIgnored]ELK does not support InverseObjectProperties. Axiom ignored:
[INFO] InverseObjectProperties(<http://purl.obolibrary.org/obo/RO_0000052> <http://purl.obolibrary.org/obo/RO_0000053>)
[INFO] 2017-12-02 12:53:51,646 WARN  (ChangeIndexingProcessor:66) [reasoner.indexing.axiomIgnored]ELK does not support InverseObjectProperties. Axiom ignored:
[INFO] InverseObjectProperties(<http://purl.obolibrary.org/obo/RO_0000081> <http://purl.obolibrary.org/obo/RO_0000087>)
[INFO] 2017-12-02 12:53:51,646 WARN  (ChangeIndexingProcessor:66) [reasoner.indexing.axiomIgnored]ELK does not support InverseObjectProperties. Axiom ignored:
[INFO] InverseObjectProperties(<http://purl.obolibrary.org/obo/RO_0000080> <http://purl.obolibrary.org/obo/RO_0000086>)
[INFO] 2017-12-02 12:53:51,647 WARN  (ChangeIndexingProcessor:66) [reasoner.indexing.axiomIgnored]ELK does not support InverseObjectProperties. Axiom ignored:
[INFO] InverseObjectProperties(<http://purl.obolibrary.org/obo/RO_0000079> <http://purl.obolibrary.org/obo/RO_0000085>)
[INFO] 2017-12-02 12:53:51,651 WARN  (ChangeIndexingProcessor:66) [reasoner.indexing.axiomIgnored]ELK does not support ObjectPropertyRange. Axiom ignored:
[INFO] ObjectPropertyRange(<http://purl.obolibrary.org/obo/RO_0002479> <http://purl.obolibrary.org/obo/BFO_0000004>)
[INFO] 2017-12-02 12:53:51,652 WARN  (ChangeIndexingProcessor:66) [reasoner.indexing.axiomIgnored]ELK does not support InverseObjectProperties. Axiom ignored:
[INFO] InverseObjectProperties(<http://purl.obolibrary.org/obo/RO_0000091> <http://purl.obolibrary.org/obo/RO_0000092>)
[INFO] 2017-12-02 12:53:51,678 WARN  (IndexedObjectUnionOf:92) [reasoner.indexing.IndexedObjectUnionOf]ELK does not support positive occurrences of ObjectUnionOf. Reasoning might be incomplete!
[INFO] 2017-12-02 12:53:51,695 WARN  (IndexedObjectUnionOf:92) [reasoner.indexing.IndexedObjectUnionOf]ELK does not support positive occurrences of ObjectUnionOf. Reasoning might be incomplete!
[INFO] 2017-12-02 12:53:51,748 WARN  (IndexedObjectUnionOf:92) [reasoner.indexing.IndexedObjectUnionOf]ELK does not support positive occurrences of ObjectUnionOf. Reasoning might be incomplete!
[INFO] 2017-12-02 12:53:51,791 WARN  (ChangeIndexingProcessor:66) [reasoner.indexing.axiomIgnored]ELK does not support ObjectMinCardinality. Axiom ignored:
[INFO] SubClassOf(<http://purl.obolibrary.org/obo/ENVO_01000902> ObjectMinCardinality(1 <http://purl.obolibrary.org/obo/RO_0000057>))
[INFO] 2017-12-02 12:53:51,803 WARN  (ChangeIndexingProcessor:66) [reasoner.indexing.axiomIgnored]ELK does not support ObjectMinCardinality. Axiom ignored:
[INFO] SubClassOf(<http://purl.obolibrary.org/obo/ENVO_01000947> ObjectMinCardinality(2 <http://purl.obolibrary.org/obo/RO_0002131>))
[INFO] 2017-12-02 12:53:51,891 WARN  (IndexedObjectUnionOf:92) [reasoner.indexing.IndexedObjectUnionOf]ELK does not support positive occurrences of ObjectUnionOf. Reasoning might be incomplete!
[INFO] 2017-12-02 12:53:51,971 WARN  (IndexedObjectUnionOf:92) [reasoner.indexing.IndexedObjectUnionOf]ELK does not support positive occurrences of ObjectUnionOf. Reasoning might be incomplete!
[INFO] 2017-12-02 12:53:51,978 WARN  (IndexedObjectUnionOf:92) [reasoner.indexing.IndexedObjectUnionOf]ELK does not support positive occurrences of ObjectUnionOf. Reasoning might be incomplete!
[INFO] 2017-12-02 12:53:51,989 WARN  (IndexedObjectUnionOf:92) [reasoner.indexing.IndexedObjectUnionOf]ELK does not support positive occurrences of ObjectUnionOf. Reasoning might be incomplete!
[INFO] 2017-12-02 12:53:52,007 WARN  (IndexedObjectUnionOf:92) [reasoner.indexing.IndexedObjectUnionOf]ELK does not support positive occurrences of ObjectUnionOf. Reasoning might be incomplete!
[INFO] 2017-12-02 12:53:52,018 WARN  (IndexedObjectUnionOf:92) [reasoner.indexing.IndexedObjectUnionOf]ELK does not support positive occurrences of ObjectUnionOf. Reasoning might be incomplete!
[INFO] 2017-12-02 12:53:52,061 WARN  (ChangeIndexingProcessor:66) [reasoner.indexing.axiomIgnored]ELK does not support ObjectPropertyRange. Axiom ignored:
[INFO] ObjectPropertyRange(<http://purl.obolibrary.org/obo/RO_0002501> <http://purl.obolibrary.org/obo/BFO_0000003>)
[INFO] 2017-12-02 12:53:52,063 WARN  (IndexedObjectUnionOf:92) [reasoner.indexing.IndexedObjectUnionOf]ELK does not support positive occurrences of ObjectUnionOf. Reasoning might be incomplete!
[INFO] 2017-12-02 12:53:52,067 WARN  (ChangeIndexingProcessor:66) [reasoner.indexing.axiomIgnored]ELK does not support ObjectPropertyRange. Axiom ignored:
[INFO] ObjectPropertyRange(<http://purl.obolibrary.org/obo/RO_0002506> <http://purl.obolibrary.org/obo/BFO_0000040>)
[INFO] 2017-12-02 12:53:52,068 WARN  (ChangeIndexingProcessor:66) [reasoner.indexing.axiomIgnored]ELK does not support ObjectPropertyRange. Axiom ignored:
[INFO] ObjectPropertyRange(<http://purl.obolibrary.org/obo/RO_0002507> <http://purl.obolibrary.org/obo/BFO_0000040>)
[INFO] 2017-12-02 12:53:52,069 WARN  (ChangeIndexingProcessor:66) [reasoner.indexing.axiomIgnored]ELK does not support ObjectPropertyRange. Axiom ignored:
[INFO] ObjectPropertyRange(<http://purl.obolibrary.org/obo/RO_0002509> <http://purl.obolibrary.org/obo/BFO_0000040>)
[INFO] 2017-12-02 12:53:52,091 WARN  (ChangeIndexingProcessor:66) [reasoner.indexing.axiomIgnored]ELK does not support ObjectMinCardinality. Axiom ignored:
[INFO] SubClassOf(<http://purl.obolibrary.org/obo/ENVO_00000062> ObjectMinCardinality(1 <http://purl.obolibrary.org/obo/RO_0001015>))
[INFO] 2017-12-02 12:53:52,092 WARN  (IndexedObjectUnionOf:92) [reasoner.indexing.IndexedObjectUnionOf]ELK does not support positive occurrences of ObjectUnionOf. Reasoning might be incomplete!
[INFO] 2017-12-02 12:53:52,104 WARN  (IndexedObjectUnionOf:92) [reasoner.indexing.IndexedObjectUnionOf]ELK does not support positive occurrences of ObjectUnionOf. Reasoning might be incomplete!
[INFO] 2017-12-02 12:53:52,127 WARN  (ChangeIndexingProcessor:66) [reasoner.indexing.axiomIgnored]ELK does not support ObjectMaxCardinality. Axiom ignored:
[INFO] SubClassOf(<http://purl.obolibrary.org/obo/ENVO_01000900> ObjectMaxCardinality(1 <http://purl.obolibrary.org/obo/RO_0000057>))
[INFO] 2017-12-02 12:53:52,139 WARN  (IndexedObjectUnionOf:92) [reasoner.indexing.IndexedObjectUnionOf]ELK does not support positive occurrences of ObjectUnionOf. Reasoning might be incomplete!
[INFO] 2017-12-02 12:53:52,148 WARN  (IndexedObjectComplementOf:84) [reasoner.indexing.IndexedObjectComplementOf]ELK does not support negative occurrences of ObjectComplementOf. Reasoning might be incomplete!
[INFO] 2017-12-02 12:53:52,221 WARN  (ChangeIndexingProcessor:66) [reasoner.indexing.axiomIgnored]ELK does not support ObjectPropertyRange. Axiom ignored:
[INFO] ObjectPropertyRange(<http://purl.obolibrary.org/obo/RO_0002595> <http://purl.obolibrary.org/obo/BFO_0000015>)
[INFO] 2017-12-02 12:53:52,262 WARN  (ChangeIndexingProcessor:66) [reasoner.indexing.axiomIgnored]ELK does not support ObjectPropertyRange. Axiom ignored:
[INFO] ObjectPropertyRange(<http://purl.obolibrary.org/obo/RO_0001018> <http://purl.obolibrary.org/obo/BFO_0000004>)
[INFO] 2017-12-02 12:53:52,318 WARN  (IndexedObjectUnionOf:92) [reasoner.indexing.IndexedObjectUnionOf]ELK does not support positive occurrences of ObjectUnionOf. Reasoning might be incomplete!
[INFO] 2017-12-02 12:53:52,438 WARN  (ChangeIndexingProcessor:66) [reasoner.indexing.axiomIgnored]ELK does not support ObjectPropertyRange. Axiom ignored:
[INFO] ObjectPropertyRange(<http://purl.obolibrary.org/obo/RO_0002008> ObjectIntersectionOf(<http://purl.obolibrary.org/obo/BFO_0000002> ObjectSomeValuesFrom(<http://purl.obolibrary.org/obo/RO_0000053> <http://purl.obolibrary.org/obo/PATO_0001199>)))
[INFO] 2017-12-02 12:53:52,617 WARN  (IndexedObjectUnionOf:92) [reasoner.indexing.IndexedObjectUnionOf]ELK does not support positive occurrences of ObjectUnionOf. Reasoning might be incomplete!
[INFO] 2017-12-02 12:53:52,660 WARN  (IndexedObjectUnionOf:92) [reasoner.indexing.IndexedObjectUnionOf]ELK does not support positive occurrences of ObjectUnionOf. Reasoning might be incomplete!
[INFO] 2017-12-02 12:53:52,850 WARN  (ChangeIndexingProcessor:66) [reasoner.indexing.axiomIgnored]ELK does not support InverseObjectProperties. Axiom ignored:
[INFO] InverseObjectProperties(<http://purl.obolibrary.org/obo/RO_0001000> <http://purl.obolibrary.org/obo/RO_0001001>)
[INFO] 2017-12-02 12:53:52,854 WARN  (ChangeIndexingProcessor:66) [reasoner.indexing.axiomIgnored]ELK does not support InverseObjectProperties. Axiom ignored:
[INFO] InverseObjectProperties(<http://purl.obolibrary.org/obo/RO_0001015> <http://purl.obolibrary.org/obo/RO_0001025>)
[INFO] 2017-12-02 12:53:52,854 WARN  (ChangeIndexingProcessor:66) [reasoner.indexing.axiomIgnored]ELK does not support InverseObjectProperties. Axiom ignored:
[INFO] InverseObjectProperties(<http://purl.obolibrary.org/obo/RO_0001018> <http://purl.obolibrary.org/obo/RO_0001019>)
[INFO] 2017-12-02 12:53:52,898 WARN  (IndexedObjectUnionOf:92) [reasoner.indexing.IndexedObjectUnionOf]ELK does not support positive occurrences of ObjectUnionOf. Reasoning might be incomplete!
[INFO] 2017-12-02 12:53:52,928 WARN  (IndexedObjectUnionOf:92) [reasoner.indexing.IndexedObjectUnionOf]ELK does not support positive occurrences of ObjectUnionOf. Reasoning might be incomplete!
[INFO] 2017-12-02 12:53:53,073 WARN  (IndexedObjectUnionOf:92) [reasoner.indexing.IndexedObjectUnionOf]ELK does not support positive occurrences of ObjectUnionOf. Reasoning might be incomplete!
[INFO] 2017-12-02 12:53:53,121 WARN  (ChangeIndexingProcessor:66) [reasoner.indexing.axiomIgnored]ELK does not support DisjointUnion. Axiom ignored:
[INFO] DisjointUnion(<http://purl.obolibrary.org/obo/ENVO_00000051> <http://purl.obolibrary.org/obo/ENVO_00002119> <http://purl.obolibrary.org/obo/ENVO_00002120> <http://purl.obolibrary.org/obo/ENVO_00002181>)
[INFO] 2017-12-02 12:53:53,131 WARN  (IndexedObjectUnionOf:92) [reasoner.indexing.IndexedObjectUnionOf]ELK does not support positive occurrences of ObjectUnionOf. Reasoning might be incomplete!
[INFO] 2017-12-02 12:53:53,186 WARN  (ChangeIndexingProcessor:66) [reasoner.indexing.axiomIgnored]ELK does not support ObjectInverseOf. Axiom ignored:
[INFO] SubObjectPropertyOf(ObjectPropertyChain(ObjectInverseOf(<http://purl.obolibrary.org/obo/BFO_0000066>) <http://purl.obolibrary.org/obo/RO_0002234>) <http://purl.obolibrary.org/obo/RO_0003000>)
[INFO] 2017-12-02 12:53:53,200 WARN  (IndexedObjectUnionOf:92) [reasoner.indexing.IndexedObjectUnionOf]ELK does not support positive occurrences of ObjectUnionOf. Reasoning might be incomplete!
[INFO] 2017-12-02 12:53:53,224 WARN  (IndexedObjectUnionOf:92) [reasoner.indexing.IndexedObjectUnionOf]ELK does not support positive occurrences of ObjectUnionOf. Reasoning might be incomplete!
[INFO] 2017-12-02 12:53:53,253 WARN  (IndexedObjectUnionOf:92) [reasoner.indexing.IndexedObjectUnionOf]ELK does not support positive occurrences of ObjectUnionOf. Reasoning might be incomplete!
[INFO] 2017-12-02 12:53:53,263 WARN  (IndexedObjectUnionOf:92) [reasoner.indexing.IndexedObjectUnionOf]ELK does not support positive occurrences of ObjectUnionOf. Reasoning might be incomplete!
[INFO] 2017-12-02 12:53:53,272 WARN  (ChangeIndexingProcessor:66) [reasoner.indexing.axiomIgnored]ELK does not support InverseObjectProperties. Axiom ignored:
[INFO] InverseObjectProperties(<http://purl.obolibrary.org/obo/BFO_0000066> <http://purl.obolibrary.org/obo/BFO_0000067>)
[INFO] 2017-12-02 12:53:53,272 WARN  (ChangeIndexingProcessor:66) [reasoner.indexing.axiomIgnored]ELK does not support InverseObjectProperties. Axiom ignored:
[INFO] InverseObjectProperties(<http://purl.obolibrary.org/obo/BFO_0000062> <http://purl.obolibrary.org/obo/BFO_0000063>)
[INFO] 2017-12-02 12:53:53,275 WARN  (ChangeIndexingProcessor:66) [reasoner.indexing.axiomIgnored]ELK does not support InverseObjectProperties. Axiom ignored:
[INFO] InverseObjectProperties(<http://purl.obolibrary.org/obo/BFO_0000054> <http://purl.obolibrary.org/obo/BFO_0000055>)
[INFO] 2017-12-02 12:53:53,276 WARN  (ChangeIndexingProcessor:66) [reasoner.indexing.axiomIgnored]ELK does not support InverseObjectProperties. Axiom ignored:
[INFO] InverseObjectProperties(<http://purl.obolibrary.org/obo/BFO_0000050> <http://purl.obolibrary.org/obo/BFO_0000051>)
[INFO] 2017-12-02 12:53:53,336 WARN  (ChangeIndexingProcessor:66) [reasoner.indexing.axiomIgnored]ELK does not support ObjectMinCardinality. Axiom ignored:
[INFO] SubClassOf(<http://purl.obolibrary.org/obo/ENVO_01001098> ObjectMinCardinality(2 <http://purl.obolibrary.org/obo/RO_0002131>))
[INFO] 2017-12-02 12:53:53,365 WARN  (IndexedObjectUnionOf:92) [reasoner.indexing.IndexedObjectUnionOf]ELK does not support positive occurrences of ObjectUnionOf. Reasoning might be incomplete!
[INFO] 2017-12-02 12:53:53,475 WARN  (IndexedObjectUnionOf:92) [reasoner.indexing.IndexedObjectUnionOf]ELK does not support positive occurrences of ObjectUnionOf. Reasoning might be incomplete!
[INFO] 2017-12-02 12:53:53,481 WARN  (IndexedObjectUnionOf:92) [reasoner.indexing.IndexedObjectUnionOf]ELK does not support positive occurrences of ObjectUnionOf. Reasoning might be incomplete!
[INFO] 2017-12-02 12:53:53,484 WARN  (IndexedObjectUnionOf:92) [reasoner.indexing.IndexedObjectUnionOf]ELK does not support positive occurrences of ObjectUnionOf. Reasoning might be incomplete!
[INFO] 2017-12-02 12:53:53,496 WARN  (IndexedObjectUnionOf:92) [reasoner.indexing.IndexedObjectUnionOf]ELK does not support positive occurrences of ObjectUnionOf. Reasoning might be incomplete!
[INFO] 2017-12-02 12:53:53,571 WARN  (IndexedObjectUnionOf:92) [reasoner.indexing.IndexedObjectUnionOf]ELK does not support positive occurrences of ObjectUnionOf. Reasoning might be incomplete!
[INFO] 2017-12-02 12:53:53,588 WARN  (IndexedObjectUnionOf:92) [reasoner.indexing.IndexedObjectUnionOf]ELK does not support positive occurrences of ObjectUnionOf. Reasoning might be incomplete!
[INFO] 2017-12-02 12:53:53,620 WARN  (IndexedObjectUnionOf:92) [reasoner.indexing.IndexedObjectUnionOf]ELK does not support positive occurrences of ObjectUnionOf. Reasoning might be incomplete!
[INFO] 2017-12-02 12:53:53,632 WARN  (IndexedObjectUnionOf:92) [reasoner.indexing.IndexedObjectUnionOf]ELK does not support positive occurrences of ObjectUnionOf. Reasoning might be incomplete!
[INFO] 2017-12-02 12:53:53,656 WARN  (ChangeIndexingProcessor:66) [reasoner.indexing.axiomIgnored]ELK does not support ObjectPropertyRange. Axiom ignored:
[INFO] ObjectPropertyRange(<http://purl.obolibrary.org/obo/RO_0002254> <http://purl.obolibrary.org/obo/CARO_0000003>)
[INFO] 2017-12-02 12:53:53,659 WARN  (IndexedObjectUnionOf:92) [reasoner.indexing.IndexedObjectUnionOf]ELK does not support positive occurrences of ObjectUnionOf. Reasoning might be incomplete!
[INFO] 2017-12-02 12:53:53,660 WARN  (IndexedObjectUnionOf:92) [reasoner.indexing.IndexedObjectUnionOf]ELK does not support positive occurrences of ObjectUnionOf. Reasoning might be incomplete!
[INFO] 2017-12-02 12:53:53,682 WARN  (IndexedObjectUnionOf:92) [reasoner.indexing.IndexedObjectUnionOf]ELK does not support positive occurrences of ObjectUnionOf. Reasoning might be incomplete!
[INFO] 2017-12-02 12:53:53,724 WARN  (ChangeIndexingProcessor:66) [reasoner.indexing.axiomIgnored]ELK does not support ObjectPropertyRange. Axiom ignored:
[INFO] ObjectPropertyRange(<http://purl.obolibrary.org/obo/RO_0002295> <http://purl.obolibrary.org/obo/CARO_0000003>)
[INFO] 2017-12-02 12:53:53,768 WARN  (ChangeIndexingProcessor:66) [reasoner.indexing.axiomIgnored]ELK does not support InverseObjectProperties. Axiom ignored:
[INFO] InverseObjectProperties(<http://purl.obolibrary.org/obo/RO_0002088> <http://purl.obolibrary.org/obo/RO_0002091>)
[INFO] 2017-12-02 12:53:53,769 WARN  (ChangeIndexingProcessor:66) [reasoner.indexing.axiomIgnored]ELK does not support InverseObjectProperties. Axiom ignored:
[INFO] InverseObjectProperties(<http://purl.obolibrary.org/obo/RO_0002087> <http://purl.obolibrary.org/obo/RO_0002090>)
[INFO] 2017-12-02 12:53:53,769 WARN  (ChangeIndexingProcessor:66) [reasoner.indexing.axiomIgnored]ELK does not support InverseObjectProperties. Axiom ignored:
[INFO] InverseObjectProperties(<http://purl.obolibrary.org/obo/RO_0002084> <http://purl.obolibrary.org/obo/RO_0002093>)
[INFO] 2017-12-02 12:53:53,769 WARN  (ChangeIndexingProcessor:66) [reasoner.indexing.axiomIgnored]ELK does not support InverseObjectProperties. Axiom ignored:
[INFO] InverseObjectProperties(<http://purl.obolibrary.org/obo/RO_0002085> <http://purl.obolibrary.org/obo/RO_0002092>)
[INFO] 2017-12-02 12:53:53,843 WARN  (ChangeIndexingProcessor:66) [reasoner.indexing.axiomIgnored]ELK does not support InverseObjectProperties. Axiom ignored:
[INFO] InverseObjectProperties(<http://purl.obolibrary.org/obo/RO_0002258> <http://purl.obolibrary.org/obo/RO_0002286>)
[INFO] 2017-12-02 12:53:53,850 WARN  (ChangeIndexingProcessor:66) [reasoner.indexing.axiomIgnored]ELK does not support InverseObjectProperties. Axiom ignored:
[INFO] InverseObjectProperties(<http://purl.obolibrary.org/obo/RO_0002202> <http://purl.obolibrary.org/obo/RO_0002203>)
[INFO] 2017-12-02 12:53:53,853 WARN  (ChangeIndexingProcessor:66) [reasoner.indexing.axiomIgnored]ELK does not support InverseObjectProperties. Axiom ignored:
[INFO] InverseObjectProperties(<http://purl.obolibrary.org/obo/RO_0002223> <http://purl.obolibrary.org/obo/RO_0002224>)
[INFO] 2017-12-02 12:53:53,854 WARN  (ChangeIndexingProcessor:66) [reasoner.indexing.axiomIgnored]ELK does not support InverseObjectProperties. Axiom ignored:
[INFO] InverseObjectProperties(<http://purl.obolibrary.org/obo/RO_0002217> <http://purl.obolibrary.org/obo/RO_0002218>)
[INFO] 2017-12-02 12:53:53,858 WARN  (ChangeIndexingProcessor:66) [reasoner.indexing.axiomIgnored]ELK does not support InverseObjectProperties. Axiom ignored:
[INFO] InverseObjectProperties(<http://purl.obolibrary.org/obo/RO_0002229> <http://purl.obolibrary.org/obo/RO_0002230>)
[INFO] 2017-12-02 12:53:53,859 WARN  (ChangeIndexingProcessor:66) [reasoner.indexing.axiomIgnored]ELK does not support InverseObjectProperties. Axiom ignored:
[INFO] InverseObjectProperties(<http://purl.obolibrary.org/obo/RO_0002254> <http://purl.obolibrary.org/obo/RO_0002255>)
[INFO] 2017-12-02 12:53:53,875 WARN  (ChangeIndexingProcessor:66) [reasoner.indexing.axiomIgnored]ELK does not support InverseObjectProperties. Axiom ignored:
[INFO] InverseObjectProperties(<http://purl.obolibrary.org/obo/RO_0002234> <http://purl.obolibrary.org/obo/RO_0002353>)
[INFO] 2017-12-02 12:53:53,876 WARN  (ChangeIndexingProcessor:66) [reasoner.indexing.axiomIgnored]ELK does not support InverseObjectProperties. Axiom ignored:
[INFO] InverseObjectProperties(<http://purl.obolibrary.org/obo/RO_0002233> <http://purl.obolibrary.org/obo/RO_0002352>)
[INFO] 2017-12-02 12:53:53,877 WARN  (ChangeIndexingProcessor:66) [reasoner.indexing.axiomIgnored]ELK does not support InverseObjectProperties. Axiom ignored:
[INFO] InverseObjectProperties(<http://purl.obolibrary.org/obo/RO_0002297> <http://purl.obolibrary.org/obo/RO_0002354>)
[INFO] 2017-12-02 12:53:53,889 WARN  (ChangeIndexingProcessor:66) [reasoner.indexing.axiomIgnored]ELK does not support InverseObjectProperties. Axiom ignored:
[INFO] InverseObjectProperties(<http://purl.obolibrary.org/obo/RO_0002350> <http://purl.obolibrary.org/obo/RO_0002351>)
[INFO] 2017-12-02 12:53:53,890 WARN  (ChangeIndexingProcessor:66) [reasoner.indexing.axiomIgnored]ELK does not support ObjectMinCardinality. Axiom ignored:
[INFO] SubClassOf(<http://purl.obolibrary.org/obo/ENVO_01001066> ObjectMinCardinality(2 <http://purl.obolibrary.org/obo/RO_0000057>))
[INFO] 2017-12-02 12:53:53,900 WARN  (ChangeIndexingProcessor:66) [reasoner.indexing.axiomIgnored]ELK does not support InverseObjectProperties. Axiom ignored:
[INFO] InverseObjectProperties(<http://purl.obolibrary.org/obo/RO_0002418> <http://purl.obolibrary.org/obo/RO_0002427>)
[INFO] 2017-12-02 12:53:53,902 WARN  (ChangeIndexingProcessor:66) [reasoner.indexing.axiomIgnored]ELK does not support InverseObjectProperties. Axiom ignored:
[INFO] InverseObjectProperties(<http://purl.obolibrary.org/obo/RO_0002404> <http://purl.obolibrary.org/obo/RO_0002411>)
[INFO] 2017-12-02 12:53:53,922 WARN  (ChangeIndexingProcessor:66) [reasoner.indexing.axiomIgnored]ELK does not support InverseObjectProperties. Axiom ignored:
[INFO] InverseObjectProperties(<http://purl.obolibrary.org/obo/RO_0002457> <http://purl.obolibrary.org/obo/RO_0002469>)
[INFO] 2017-12-02 12:53:53,931 WARN  (ChangeIndexingProcessor:66) [reasoner.indexing.axiomIgnored]ELK does not support InverseObjectProperties. Axiom ignored:
[INFO] InverseObjectProperties(<http://purl.obolibrary.org/obo/RO_0002507> <http://purl.obolibrary.org/obo/RO_0002508>)
[INFO] 2017-12-02 12:53:53,938 WARN  (ChangeIndexingProcessor:66) [reasoner.indexing.axiomIgnored]ELK does not support InverseObjectProperties. Axiom ignored:
[INFO] InverseObjectProperties(<http://purl.obolibrary.org/obo/RO_0002559> <http://purl.obolibrary.org/obo/RO_0002566>)
[INFO] 2017-12-02 12:53:53,947 INFO  (LoggingStageExecutor:103) Loading of Axioms took 11538 ms
[INFO] 2017-12-02 12:53:53,948 INFO  (LoggingStageExecutor:70) Property Saturation Initialization started
[INFO] 2017-12-02 12:53:53,951 INFO  (AbstractReasonerStage:161) Property Saturation Initialization using 64 workers
[INFO] 2017-12-02 12:53:53,951 INFO  (LoggingStageExecutor:103) Property Saturation Initialization took 3 ms
[INFO] 2017-12-02 12:53:53,952 INFO  (LoggingStageExecutor:70) Reflexive Property Computation started
[INFO] 2017-12-02 12:53:53,968 INFO  (AbstractReasonerStage:161) Reflexive Property Computation using 64 workers
[INFO] 2017-12-02 12:53:53,986 INFO  (LoggingStageExecutor:103) Reflexive Property Computation took 34 ms
[INFO] 2017-12-02 12:53:53,986 INFO  (LoggingStageExecutor:70) Object Property Hierarchy and Composition Computation started
[INFO] 2017-12-02 12:53:53,999 INFO  (AbstractReasonerStage:161) Object Property Hierarchy and Composition Computation using 64 workers
[INFO] 2017-12-02 12:53:54,062 INFO  (LoggingStageExecutor:103) Object Property Hierarchy and Composition Computation took 75 ms
[INFO] 2017-12-02 12:53:54,062 INFO  (LoggingStageExecutor:70) Context Initialization started
[INFO] 2017-12-02 12:53:54,065 INFO  (AbstractReasonerStage:161) Context Initialization using 64 workers
[INFO] 2017-12-02 12:53:54,073 INFO  (LoggingStageExecutor:103) Context Initialization took 10 ms
[INFO] 2017-12-02 12:53:54,073 INFO  (LoggingStageExecutor:70) Consistency Checking started
[INFO] 2017-12-02 12:53:54,096 INFO  (AbstractReasonerStage:161) Consistency Checking using 64 workers
[INFO] 2017-12-02 12:53:54,290 INFO  (LoggingStageExecutor:103) Consistency Checking took 216 ms
[INFO] Exception in thread "main" org.semanticweb.owlapi.reasoner.InconsistentOntologyException: Inconsistent ontology
[INFO] 	at org.semanticweb.elk.owlapi.ElkExceptionConverter.convert(ElkExceptionConverter.java:70)
[INFO] 	at org.semanticweb.elk.owlapi.ElkExceptionConverter.convert(ElkExceptionConverter.java:88)
[INFO] 	at org.semanticweb.elk.owlapi.ElkConverter.convert(ElkConverter.java:114)
[INFO] 	at org.semanticweb.elk.owlapi.ElkReasoner.getEquivalentClasses(ElkReasoner.java:476)
[INFO] 	at owltools.cli.CommandRunner.runSingleIteration(CommandRunner.java:2203)
[INFO] 	at owltools.cli.CommandRunnerBase.run(CommandRunnerBase.java:76)
[INFO] 	at owltools.cli.CommandRunnerBase.run(CommandRunnerBase.java:68)
[INFO] 	at owltools.cli.CommandLineInterface.main(CommandLineInterface.java:12)
[INFO] ------------------------------------------------------------------------
[INFO] BUILD FAILURE
[INFO] ------------------------------------------------------------------------
[INFO] Total time: 01:37 min
[INFO] Finished at: 2017-12-02T12:53:54-07:00
[INFO] Final Memory: 21M/1963M
[INFO] ------------------------------------------------------------------------
[ERROR] Failed to execute goal org.codehaus.mojo:exec-maven-plugin:1.1:exec (default-cli) on project incoherent-query: Result of /bin/sh -c cd /scratch/Shares/hunter/obo-ci/obo-ci.git/scripts/classify && java -Xmx16G -DentityExpansionLimit=4086000 -Djava.awt.headless=true -DlauncherDir=/scratch/Shares/hunter/obo-ci/obo-ci.git -classpath /scratch/Shares/hunter/obo-ci/obo-ci.git/scripts/classify/target/classes:/scratch/Users/wiba1694/m2/org/bbop/OWLTools-Runner/0.3.0-SNAPSHOT/OWLTools-Runner-0.3.0-SNAPSHOT.jar owltools.cli.CommandLineInterface /scratch/Shares/hunter/obo-ci/data-all/base/ontologies/gaz/gaz_flat.owl --reasoner-query -r elk -e "<http://www.w3.org/2002/07/owl#Nothing>" execution is: '1'. -> [Help 1]
org.apache.maven.lifecycle.LifecycleExecutionException: Failed to execute goal org.codehaus.mojo:exec-maven-plugin:1.1:exec (default-cli) on project incoherent-query: Result of /bin/sh -c cd /scratch/Shares/hunter/obo-ci/obo-ci.git/scripts/classify && java -Xmx16G -DentityExpansionLimit=4086000 -Djava.awt.headless=true -DlauncherDir=/scratch/Shares/hunter/obo-ci/obo-ci.git -classpath /scratch/Shares/hunter/obo-ci/obo-ci.git/scripts/classify/target/classes:/scratch/Users/wiba1694/m2/org/bbop/OWLTools-Runner/0.3.0-SNAPSHOT/OWLTools-Runner-0.3.0-SNAPSHOT.jar owltools.cli.CommandLineInterface /scratch/Shares/hunter/obo-ci/data-all/base/ontologies/gaz/gaz_flat.owl --reasoner-query -r elk -e "<http://www.w3.org/2002/07/owl#Nothing>" execution is: '1'.
	at org.apache.maven.lifecycle.internal.MojoExecutor.execute(MojoExecutor.java:216)
	at org.apache.maven.lifecycle.internal.MojoExecutor.execute(MojoExecutor.java:153)
	at org.apache.maven.lifecycle.internal.MojoExecutor.execute(MojoExecutor.java:145)
	at org.apache.maven.lifecycle.internal.LifecycleModuleBuilder.buildProject(LifecycleModuleBuilder.java:116)
	at org.apache.maven.lifecycle.internal.LifecycleModuleBuilder.buildProject(LifecycleModuleBuilder.java:80)
	at org.apache.maven.lifecycle.internal.builder.singlethreaded.SingleThreadedBuilder.build(SingleThreadedBuilder.java:51)
	at org.apache.maven.lifecycle.internal.LifecycleStarter.execute(LifecycleStarter.java:120)
	at org.apache.maven.DefaultMaven.doExecute(DefaultMaven.java:347)
	at org.apache.maven.DefaultMaven.execute(DefaultMaven.java:154)
	at org.apache.maven.cli.MavenCli.execute(MavenCli.java:584)
	at org.apache.maven.cli.MavenCli.doMain(MavenCli.java:213)
	at org.apache.maven.cli.MavenCli.main(MavenCli.java:157)
	at sun.reflect.NativeMethodAccessorImpl.invoke0(Native Method)
	at sun.reflect.NativeMethodAccessorImpl.invoke(NativeMethodAccessorImpl.java:62)
	at sun.reflect.DelegatingMethodAccessorImpl.invoke(DelegatingMethodAccessorImpl.java:43)
	at java.lang.reflect.Method.invoke(Method.java:497)
	at org.codehaus.plexus.classworlds.launcher.Launcher.launchEnhanced(Launcher.java:289)
	at org.codehaus.plexus.classworlds.launcher.Launcher.launch(Launcher.java:229)
	at org.codehaus.plexus.classworlds.launcher.Launcher.mainWithExitCode(Launcher.java:415)
	at org.codehaus.plexus.classworlds.launcher.Launcher.main(Launcher.java:356)
Caused by: org.apache.maven.plugin.MojoExecutionException: Result of /bin/sh -c cd /scratch/Shares/hunter/obo-ci/obo-ci.git/scripts/classify && java -Xmx16G -DentityExpansionLimit=4086000 -Djava.awt.headless=true -DlauncherDir=/scratch/Shares/hunter/obo-ci/obo-ci.git -classpath /scratch/Shares/hunter/obo-ci/obo-ci.git/scripts/classify/target/classes:/scratch/Users/wiba1694/m2/org/bbop/OWLTools-Runner/0.3.0-SNAPSHOT/OWLTools-Runner-0.3.0-SNAPSHOT.jar owltools.cli.CommandLineInterface /scratch/Shares/hunter/obo-ci/data-all/base/ontologies/gaz/gaz_flat.owl --reasoner-query -r elk -e "<http://www.w3.org/2002/07/owl#Nothing>" execution is: '1'.
	at org.codehaus.mojo.exec.ExecMojo.execute(ExecMojo.java:260)
	at org.apache.maven.plugin.DefaultBuildPluginManager.executeMojo(DefaultBuildPluginManager.java:132)
	at org.apache.maven.lifecycle.internal.MojoExecutor.execute(MojoExecutor.java:208)
	... 19 more
[ERROR] 
[ERROR] Re-run Maven using the -X switch to enable full debug logging.
[ERROR] 
[ERROR] For more information about the errors and possible solutions, please read the following articles:
[ERROR] [Help 1] http://cwiki.apache.org/confluence/display/MAVEN/MojoExecutionException
Sat Dec  2 12:53:54 MST 2017
