Sat Dec  2 12:52:12 MST 2017
Querying for incoherent classes in: /scratch/Shares/hunter/obo-ci/data-all/base/ontologies/go/go_flat.owl
[INFO] Error stacktraces are turned on.
[INFO] Scanning for projects...
[INFO]                                                                         
[INFO] ------------------------------------------------------------------------
[INFO] Building incoherent-query 1.0
[INFO] ------------------------------------------------------------------------
[INFO] 
[INFO] --- exec-maven-plugin:1.1:exec (default-cli) @ incoherent-query ---
[INFO] /bin/sh: module: line 1: syntax error: unexpected end of file
[INFO] /bin/sh: error importing function definition for `BASH_FUNC_module'
[INFO] 2017-12-02 12:52:18,119 INFO  (ParserWrapper:75) Start loading ontology: file:/scratch/Shares/hunter/obo-ci/data-all/base/ontologies/go/go_flat.owl from: file:/scratch/Shares/hunter/obo-ci/data-all/base/ontologies/go/go_flat.owl
[INFO] 2017-12-02 12:52:45,830 INFO  (ParserWrapper:82) Finished loading ontology: http://purl.obolibrary.org/obo/go.owl from: file:/scratch/Shares/hunter/obo-ci/data-all/base/ontologies/go/go_flat.owl
[INFO] # PARSING: <http://www.w3.org/2002/07/owl#Nothing>
[INFO] 2017-12-02 12:52:45,964 INFO  (ManchesterSyntaxTool:130) parsing: <http://www.w3.org/2002/07/owl#Nothing>
[INFO] # QUERY: owl:Nothing owl:Nothing
[INFO] 2017-12-02 12:52:46,262 INFO  (ConfigurationFactory:83) Loading default configuration parameters for class org.semanticweb.elk.reasoner.config.ReasonerConfiguration
[INFO] 2017-12-02 12:52:46,818 INFO  (Reasoner:117) ELK reasoner was created
[INFO] 2017-12-02 12:52:46,821 INFO  (CommandRunner:6042) Created reasoner: org.semanticweb.elk.owlapi.ElkReasoner@57eda880
[INFO] 2017-12-02 12:52:46,824 INFO  (LoggingStageExecutor:70) Loading of Axioms started
[INFO] 2017-12-02 12:52:46,833 INFO  (AbstractReasonerStage:161) Loading of Axioms using 64 workers
[INFO] 2017-12-02 12:52:47,467 WARN  (ChangeIndexingProcessor:66) [reasoner.indexing.axiomIgnored]ELK does not support InverseObjectProperties. Axiom ignored:
[INFO] InverseObjectProperties(<http://purl.obolibrary.org/obo/BFO_0000050> <http://purl.obolibrary.org/obo/BFO_0000051>)
[INFO] 2017-12-02 12:52:47,642 INFO  (LoggingStageExecutor:103) Loading of Axioms took 813 ms
[INFO] 2017-12-02 12:52:47,643 INFO  (LoggingStageExecutor:70) Property Saturation Initialization started
[INFO] 2017-12-02 12:52:47,645 INFO  (AbstractReasonerStage:161) Property Saturation Initialization using 64 workers
[INFO] 2017-12-02 12:52:47,645 INFO  (LoggingStageExecutor:103) Property Saturation Initialization took 2 ms
[INFO] 2017-12-02 12:52:47,645 INFO  (LoggingStageExecutor:70) Reflexive Property Computation started
[INFO] 2017-12-02 12:52:47,658 INFO  (AbstractReasonerStage:161) Reflexive Property Computation using 64 workers
[INFO] 2017-12-02 12:52:47,673 INFO  (LoggingStageExecutor:103) Reflexive Property Computation took 27 ms
[INFO] 2017-12-02 12:52:47,675 INFO  (LoggingStageExecutor:70) Object Property Hierarchy and Composition Computation started
[INFO] 2017-12-02 12:52:47,683 INFO  (AbstractReasonerStage:161) Object Property Hierarchy and Composition Computation using 64 workers
[INFO] 2017-12-02 12:52:47,764 INFO  (LoggingStageExecutor:103) Object Property Hierarchy and Composition Computation took 89 ms
[INFO] 2017-12-02 12:52:47,765 INFO  (LoggingStageExecutor:70) Context Initialization started
[INFO] 2017-12-02 12:52:47,767 INFO  (AbstractReasonerStage:161) Context Initialization using 64 workers
[INFO] 2017-12-02 12:52:47,774 INFO  (LoggingStageExecutor:103) Context Initialization took 9 ms
[INFO] 2017-12-02 12:52:47,774 INFO  (LoggingStageExecutor:70) Consistency Checking started
[INFO] 2017-12-02 12:52:47,794 INFO  (AbstractReasonerStage:161) Consistency Checking using 64 workers
[INFO] 2017-12-02 12:52:47,837 INFO  (LoggingStageExecutor:103) Consistency Checking took 62 ms
[INFO] 2017-12-02 12:52:47,837 INFO  (LoggingStageExecutor:70) Class Taxonomy Computation started
[INFO] 2017-12-02 12:52:47,863 INFO  (AbstractReasonerStage:161) Class Taxonomy Computation using 64 workers
[INFO] 2017-12-02 12:52:48,974 INFO  (LoggingStageExecutor:103) Class Taxonomy Computation took 1137 ms
[INFO] E: owl:Nothing owl:Nothing
[INFO] 2017-12-02 12:52:48,981 INFO  (CommandRunnerBase:78) disposing of org.semanticweb.elk.owlapi.ElkReasoner@57eda880
[INFO] 2017-12-02 12:52:48,988 INFO  (Reasoner:231) ELK reasoner has shut down
[INFO] 2017-12-02 12:52:48,989 INFO  (CommandRunnerBase:70) disposing of org.semanticweb.elk.owlapi.ElkReasoner@57eda880
[INFO] ------------------------------------------------------------------------
[INFO] BUILD SUCCESS
[INFO] ------------------------------------------------------------------------
[INFO] Total time: 34.800 s
[INFO] Finished at: 2017-12-02T12:52:49-07:00
[INFO] Final Memory: 21M/1963M
[INFO] ------------------------------------------------------------------------
Sat Dec  2 12:52:49 MST 2017
