Tue Oct 23 18:46:45 UTC 2018
Querying for incoherent classes in: /mnt/efsdata/obo-ci-data/base/ontologies/go_extensions_go-taxon-groupings/go_extensions_go-taxon-groupings_flat.owl
[INFO] Error stacktraces are turned on.
[INFO] Scanning for projects...
[INFO]                                                                         
[INFO] ------------------------------------------------------------------------
[INFO] Building incoherent-query 1.0
[INFO] ------------------------------------------------------------------------
[INFO] 
[INFO] --- exec-maven-plugin:1.1:exec (default-cli) @ incoherent-query ---
[INFO] 2018-10-23 18:46:49,258 INFO  (ParserWrapper:75) Start loading ontology: file:/mnt/efsdata/obo-ci-data/base/ontologies/go_extensions_go-taxon-groupings/go_extensions_go-taxon-groupings_flat.owl from: file:/mnt/efsdata/obo-ci-data/base/ontologies/go_extensions_go-taxon-groupings/go_extensions_go-taxon-groupings_flat.owl
[INFO] 2018-10-23 18:46:49,434 INFO  (ParserWrapper:82) Finished loading ontology: null from: file:/mnt/efsdata/obo-ci-data/base/ontologies/go_extensions_go-taxon-groupings/go_extensions_go-taxon-groupings_flat.owl
[INFO] # PARSING: <http://www.w3.org/2002/07/owl#Nothing>
[INFO] 2018-10-23 18:46:49,484 INFO  (ManchesterSyntaxTool:130) parsing: <http://www.w3.org/2002/07/owl#Nothing>
[INFO] # QUERY: owl:Nothing owl:Nothing
[INFO] 2018-10-23 18:46:49,514 INFO  (ConfigurationFactory:83) Loading default configuration parameters for class org.semanticweb.elk.reasoner.config.ReasonerConfiguration
[INFO] 2018-10-23 18:46:49,657 INFO  (Reasoner:117) ELK reasoner was created
[INFO] 2018-10-23 18:46:49,658 INFO  (CommandRunner:6042) Created reasoner: org.semanticweb.elk.owlapi.ElkReasoner@6bea52d4
[INFO] 2018-10-23 18:46:49,659 INFO  (LoggingStageExecutor:70) Loading of Axioms started
[INFO] 2018-10-23 18:46:49,663 INFO  (AbstractReasonerStage:161) Loading of Axioms using 2 workers
[INFO] 2018-10-23 18:46:49,664 INFO  (LoggingStageExecutor:103) Loading of Axioms took 1 ms
[INFO] 2018-10-23 18:46:49,664 INFO  (LoggingStageExecutor:70) Property Saturation Initialization started
[INFO] 2018-10-23 18:46:49,665 INFO  (AbstractReasonerStage:161) Property Saturation Initialization using 2 workers
[INFO] 2018-10-23 18:46:49,665 INFO  (LoggingStageExecutor:103) Property Saturation Initialization took 0 ms
[INFO] 2018-10-23 18:46:49,665 INFO  (LoggingStageExecutor:70) Reflexive Property Computation started
[INFO] 2018-10-23 18:46:49,669 INFO  (AbstractReasonerStage:161) Reflexive Property Computation using 2 workers
[INFO] 2018-10-23 18:46:49,693 INFO  (LoggingStageExecutor:103) Reflexive Property Computation took 27 ms
[INFO] 2018-10-23 18:46:49,693 INFO  (LoggingStageExecutor:70) Object Property Hierarchy and Composition Computation started
[INFO] 2018-10-23 18:46:49,697 INFO  (AbstractReasonerStage:161) Object Property Hierarchy and Composition Computation using 2 workers
[INFO] 2018-10-23 18:46:49,703 INFO  (LoggingStageExecutor:103) Object Property Hierarchy and Composition Computation took 8 ms
[INFO] 2018-10-23 18:46:49,703 INFO  (LoggingStageExecutor:70) Context Initialization started
[INFO] 2018-10-23 18:46:49,704 INFO  (AbstractReasonerStage:161) Context Initialization using 2 workers
[INFO] 2018-10-23 18:46:49,707 INFO  (LoggingStageExecutor:103) Context Initialization took 3 ms
[INFO] 2018-10-23 18:46:49,707 INFO  (LoggingStageExecutor:70) Consistency Checking started
[INFO] 2018-10-23 18:46:49,713 INFO  (AbstractReasonerStage:161) Consistency Checking using 2 workers
[INFO] 2018-10-23 18:46:49,718 INFO  (LoggingStageExecutor:103) Consistency Checking took 11 ms
[INFO] 2018-10-23 18:46:49,719 INFO  (LoggingStageExecutor:70) Class Taxonomy Computation started
[INFO] 2018-10-23 18:46:49,730 INFO  (AbstractReasonerStage:161) Class Taxonomy Computation using 2 workers
[INFO] 2018-10-23 18:46:49,736 INFO  (LoggingStageExecutor:103) Class Taxonomy Computation took 17 ms
[INFO] E: owl:Nothing owl:Nothing
[INFO] 2018-10-23 18:46:49,739 INFO  (CommandRunnerBase:78) disposing of org.semanticweb.elk.owlapi.ElkReasoner@6bea52d4
[INFO] 2018-10-23 18:46:49,740 INFO  (Reasoner:231) ELK reasoner has shut down
[INFO] 2018-10-23 18:46:49,740 INFO  (CommandRunnerBase:70) disposing of org.semanticweb.elk.owlapi.ElkReasoner@6bea52d4
[INFO] ------------------------------------------------------------------------
[INFO] BUILD SUCCESS
[INFO] ------------------------------------------------------------------------
[INFO] Total time: 3.185s
[INFO] Finished at: Tue Oct 23 18:46:49 UTC 2018
[INFO] Final Memory: 5M/229M
[INFO] ------------------------------------------------------------------------
Tue Oct 23 18:46:49 UTC 2018
