Tue Oct 23 18:48:53 UTC 2018
Querying for incoherent classes in: /mnt/efsdata/obo-ci-data/base/ontologies/hp/hp_flat.owl
[INFO] Error stacktraces are turned on.
[INFO] Scanning for projects...
[INFO]                                                                         
[INFO] ------------------------------------------------------------------------
[INFO] Building incoherent-query 1.0
[INFO] ------------------------------------------------------------------------
[INFO] 
[INFO] --- exec-maven-plugin:1.1:exec (default-cli) @ incoherent-query ---
[INFO] 2018-10-23 18:48:57,671 INFO  (ParserWrapper:75) Start loading ontology: file:/mnt/efsdata/obo-ci-data/base/ontologies/hp/hp_flat.owl from: file:/mnt/efsdata/obo-ci-data/base/ontologies/hp/hp_flat.owl
[INFO] 2018-10-23 18:49:10,045 INFO  (ParserWrapper:82) Finished loading ontology: http://purl.obolibrary.org/obo/hp.owl from: file:/mnt/efsdata/obo-ci-data/base/ontologies/hp/hp_flat.owl
[INFO] # PARSING: <http://www.w3.org/2002/07/owl#Nothing>
[INFO] 2018-10-23 18:49:10,143 INFO  (ManchesterSyntaxTool:130) parsing: <http://www.w3.org/2002/07/owl#Nothing>
[INFO] # QUERY: owl:Nothing owl:Nothing
[INFO] 2018-10-23 18:49:24,607 INFO  (CommandRunner:6042) Created reasoner: org.semanticweb.HermiT.Reasoner@e27d208
[INFO] Exception in thread "main" java.lang.OutOfMemoryError: GC overhead limit exceeded
[INFO] 	at org.semanticweb.HermiT.tableau.TupleIndex$TrieNodeManager.newTrieNode(TupleIndex.java:272)
[INFO] 	at org.semanticweb.HermiT.tableau.TupleIndex.getChildNodeAddIfNecessary(TupleIndex.java:150)
[INFO] 	at org.semanticweb.HermiT.tableau.TupleIndex.addTuple(TupleIndex.java:60)
[INFO] 	at org.semanticweb.HermiT.tableau.ExtensionTableWithTupleIndexes.addTuple(ExtensionTableWithTupleIndexes.java:62)
[INFO] 	at org.semanticweb.HermiT.tableau.ExtensionManager.addAssertion(ExtensionManager.java:445)
[INFO] 	at org.semanticweb.HermiT.tableau.DLClauseEvaluator$DeriveUnaryFact.execute(DLClauseEvaluator.java:646)
[INFO] 	at org.semanticweb.HermiT.tableau.DLClauseEvaluator.evaluate(DLClauseEvaluator.java:125)
[INFO] 	at org.semanticweb.HermiT.tableau.HyperresolutionManager.applyDLClauses(HyperresolutionManager.java:255)
[INFO] 	at org.semanticweb.HermiT.tableau.Tableau.doIteration(Tableau.java:518)
[INFO] 	at org.semanticweb.HermiT.tableau.Tableau.runCalculus(Tableau.java:482)
[INFO] 	at org.semanticweb.HermiT.tableau.Tableau.isSatisfiable(Tableau.java:410)
[INFO] 	at org.semanticweb.HermiT.tableau.Tableau.isSatisfiable(Tableau.java:337)
[INFO] 	at org.semanticweb.HermiT.hierarchy.QuasiOrderClassification.buildModelForConcept(QuasiOrderClassification.java:203)
[INFO] 	at org.semanticweb.HermiT.hierarchy.QuasiOrderClassification.updateSubsumptionsUsingLeafNodeStrategy(QuasiOrderClassification.java:164)
[INFO] 	at org.semanticweb.HermiT.hierarchy.QuasiOrderClassification.buildHierarchy(QuasiOrderClassification.java:96)
[INFO] 	at org.semanticweb.HermiT.hierarchy.QuasiOrderClassification.classify(QuasiOrderClassification.java:90)
[INFO] 	at org.semanticweb.HermiT.Reasoner.classifyAtomicConcepts(Reasoner.java:2118)
[INFO] 	at org.semanticweb.HermiT.Reasoner.classifyClasses(Reasoner.java:773)
[INFO] 	at org.semanticweb.HermiT.Reasoner.getHierarchyNode(Reasoner.java:939)
[INFO] 	at org.semanticweb.HermiT.Reasoner.getEquivalentClasses(Reasoner.java:844)
[INFO] 	at owltools.cli.CommandRunner.runSingleIteration(CommandRunner.java:2203)
[INFO] 	at owltools.cli.CommandRunnerBase.run(CommandRunnerBase.java:76)
[INFO] 	at owltools.cli.CommandRunnerBase.run(CommandRunnerBase.java:68)
[INFO] 	at owltools.cli.CommandLineInterface.main(CommandLineInterface.java:12)
[INFO] ------------------------------------------------------------------------
[INFO] BUILD FAILURE
[INFO] ------------------------------------------------------------------------
[INFO] Total time: 13:24.705s
[INFO] Finished at: Tue Oct 23 19:02:19 UTC 2018
[INFO] Final Memory: 6M/289M
[INFO] ------------------------------------------------------------------------
[ERROR] Failed to execute goal org.codehaus.mojo:exec-maven-plugin:1.1:exec (default-cli) on project incoherent-query: Result of /bin/sh -c cd /mnt/efsdata/obo-ci.git/scripts/classify && java -Xmx12G -DentityExpansionLimit=4086000 -Djava.awt.headless=true -DlauncherDir=/mnt/efsdata/obo-ci.git -classpath /mnt/efsdata/obo-ci.git/scripts/classify/target/classes:/home/bill/.m2/repository/org/bbop/OWLTools-Runner/0.3.0-SNAPSHOT/OWLTools-Runner-0.3.0-SNAPSHOT.jar owltools.cli.CommandLineInterface /mnt/efsdata/obo-ci-data/base/ontologies/hp/hp_flat.owl --reasoner-query -r hermit -e "<http://www.w3.org/2002/07/owl#Nothing>" execution is: '1'. -> [Help 1]
org.apache.maven.lifecycle.LifecycleExecutionException: Failed to execute goal org.codehaus.mojo:exec-maven-plugin:1.1:exec (default-cli) on project incoherent-query: Result of /bin/sh -c cd /mnt/efsdata/obo-ci.git/scripts/classify && java -Xmx12G -DentityExpansionLimit=4086000 -Djava.awt.headless=true -DlauncherDir=/mnt/efsdata/obo-ci.git -classpath /mnt/efsdata/obo-ci.git/scripts/classify/target/classes:/home/bill/.m2/repository/org/bbop/OWLTools-Runner/0.3.0-SNAPSHOT/OWLTools-Runner-0.3.0-SNAPSHOT.jar owltools.cli.CommandLineInterface /mnt/efsdata/obo-ci-data/base/ontologies/hp/hp_flat.owl --reasoner-query -r hermit -e "<http://www.w3.org/2002/07/owl#Nothing>" execution is: '1'.
	at org.apache.maven.lifecycle.internal.MojoExecutor.execute(MojoExecutor.java:217)
	at org.apache.maven.lifecycle.internal.MojoExecutor.execute(MojoExecutor.java:153)
	at org.apache.maven.lifecycle.internal.MojoExecutor.execute(MojoExecutor.java:145)
	at org.apache.maven.lifecycle.internal.LifecycleModuleBuilder.buildProject(LifecycleModuleBuilder.java:84)
	at org.apache.maven.lifecycle.internal.LifecycleModuleBuilder.buildProject(LifecycleModuleBuilder.java:59)
	at org.apache.maven.lifecycle.internal.LifecycleStarter.singleThreadedBuild(LifecycleStarter.java:183)
	at org.apache.maven.lifecycle.internal.LifecycleStarter.execute(LifecycleStarter.java:161)
	at org.apache.maven.DefaultMaven.doExecute(DefaultMaven.java:320)
	at org.apache.maven.DefaultMaven.execute(DefaultMaven.java:156)
	at org.apache.maven.cli.MavenCli.execute(MavenCli.java:537)
	at org.apache.maven.cli.MavenCli.doMain(MavenCli.java:196)
	at org.apache.maven.cli.MavenCli.main(MavenCli.java:141)
	at sun.reflect.NativeMethodAccessorImpl.invoke0(Native Method)
	at sun.reflect.NativeMethodAccessorImpl.invoke(NativeMethodAccessorImpl.java:57)
	at sun.reflect.DelegatingMethodAccessorImpl.invoke(DelegatingMethodAccessorImpl.java:43)
	at java.lang.reflect.Method.invoke(Method.java:606)
	at org.codehaus.plexus.classworlds.launcher.Launcher.launchEnhanced(Launcher.java:290)
	at org.codehaus.plexus.classworlds.launcher.Launcher.launch(Launcher.java:230)
	at org.codehaus.plexus.classworlds.launcher.Launcher.mainWithExitCode(Launcher.java:414)
	at org.codehaus.plexus.classworlds.launcher.Launcher.main(Launcher.java:357)
Caused by: org.apache.maven.plugin.MojoExecutionException: Result of /bin/sh -c cd /mnt/efsdata/obo-ci.git/scripts/classify && java -Xmx12G -DentityExpansionLimit=4086000 -Djava.awt.headless=true -DlauncherDir=/mnt/efsdata/obo-ci.git -classpath /mnt/efsdata/obo-ci.git/scripts/classify/target/classes:/home/bill/.m2/repository/org/bbop/OWLTools-Runner/0.3.0-SNAPSHOT/OWLTools-Runner-0.3.0-SNAPSHOT.jar owltools.cli.CommandLineInterface /mnt/efsdata/obo-ci-data/base/ontologies/hp/hp_flat.owl --reasoner-query -r hermit -e "<http://www.w3.org/2002/07/owl#Nothing>" execution is: '1'.
	at org.codehaus.mojo.exec.ExecMojo.execute(ExecMojo.java:260)
	at org.apache.maven.plugin.DefaultBuildPluginManager.executeMojo(DefaultBuildPluginManager.java:101)
	at org.apache.maven.lifecycle.internal.MojoExecutor.execute(MojoExecutor.java:209)
	... 19 more
[ERROR] 
[ERROR] Re-run Maven using the -X switch to enable full debug logging.
[ERROR] 
[ERROR] For more information about the errors and possible solutions, please read the following articles:
[ERROR] [Help 1] http://cwiki.apache.org/confluence/display/MAVEN/MojoExecutionException
Tue Oct 23 19:02:19 UTC 2018
