Tue Oct 23 18:48:55 UTC 2018
Querying for incoherent classes in: /mnt/efsdata/obo-ci-data/base/ontologies/hsapdv/hsapdv_flat.owl
[INFO] Error stacktraces are turned on.
[INFO] Scanning for projects...
[INFO]                                                                         
[INFO] ------------------------------------------------------------------------
[INFO] Building incoherent-query 1.0
[INFO] ------------------------------------------------------------------------
[INFO] 
[INFO] --- exec-maven-plugin:1.1:exec (default-cli) @ incoherent-query ---
[INFO] 2018-10-23 18:48:58,890 INFO  (ParserWrapper:75) Start loading ontology: file:/mnt/efsdata/obo-ci-data/base/ontologies/hsapdv/hsapdv_flat.owl from: file:/mnt/efsdata/obo-ci-data/base/ontologies/hsapdv/hsapdv_flat.owl
[INFO] 2018-10-23 18:48:59,812 INFO  (ParserWrapper:82) Finished loading ontology: http://purl.obolibrary.org/obo/hsapdv.owl from: file:/mnt/efsdata/obo-ci-data/base/ontologies/hsapdv/hsapdv_flat.owl
[INFO] # PARSING: <http://www.w3.org/2002/07/owl#Nothing>
[INFO] 2018-10-23 18:48:59,865 INFO  (ManchesterSyntaxTool:130) parsing: <http://www.w3.org/2002/07/owl#Nothing>
[INFO] # QUERY: owl:Nothing owl:Nothing
[INFO] 2018-10-23 18:48:59,899 INFO  (ConfigurationFactory:83) Loading default configuration parameters for class org.semanticweb.elk.reasoner.config.ReasonerConfiguration
[INFO] 2018-10-23 18:49:00,082 INFO  (Reasoner:117) ELK reasoner was created
[INFO] 2018-10-23 18:49:00,083 INFO  (CommandRunner:6042) Created reasoner: org.semanticweb.elk.owlapi.ElkReasoner@60a2630a
[INFO] 2018-10-23 18:49:00,084 INFO  (LoggingStageExecutor:70) Loading of Axioms started
[INFO] 2018-10-23 18:49:00,092 INFO  (AbstractReasonerStage:161) Loading of Axioms using 2 workers
[INFO] 2018-10-23 18:49:00,153 INFO  (LoggingStageExecutor:103) Loading of Axioms took 64 ms
[INFO] 2018-10-23 18:49:00,154 INFO  (LoggingStageExecutor:70) Property Saturation Initialization started
[INFO] 2018-10-23 18:49:00,155 INFO  (AbstractReasonerStage:161) Property Saturation Initialization using 2 workers
[INFO] 2018-10-23 18:49:00,155 INFO  (LoggingStageExecutor:103) Property Saturation Initialization took 1 ms
[INFO] 2018-10-23 18:49:00,156 INFO  (LoggingStageExecutor:70) Reflexive Property Computation started
[INFO] 2018-10-23 18:49:00,163 INFO  (AbstractReasonerStage:161) Reflexive Property Computation using 2 workers
[INFO] 2018-10-23 18:49:00,166 INFO  (LoggingStageExecutor:103) Reflexive Property Computation took 9 ms
[INFO] 2018-10-23 18:49:00,166 INFO  (LoggingStageExecutor:70) Object Property Hierarchy and Composition Computation started
[INFO] 2018-10-23 18:49:00,170 INFO  (AbstractReasonerStage:161) Object Property Hierarchy and Composition Computation using 2 workers
[INFO] 2018-10-23 18:49:00,174 INFO  (LoggingStageExecutor:103) Object Property Hierarchy and Composition Computation took 6 ms
[INFO] 2018-10-23 18:49:00,174 INFO  (LoggingStageExecutor:70) Context Initialization started
[INFO] 2018-10-23 18:49:00,175 INFO  (AbstractReasonerStage:161) Context Initialization using 2 workers
[INFO] 2018-10-23 18:49:00,177 INFO  (LoggingStageExecutor:103) Context Initialization took 3 ms
[INFO] 2018-10-23 18:49:00,177 INFO  (LoggingStageExecutor:70) Consistency Checking started
[INFO] 2018-10-23 18:49:00,182 INFO  (AbstractReasonerStage:161) Consistency Checking using 2 workers
[INFO] 2018-10-23 18:49:00,191 INFO  (LoggingStageExecutor:103) Consistency Checking took 13 ms
[INFO] 2018-10-23 18:49:00,191 INFO  (LoggingStageExecutor:70) Class Taxonomy Computation started
[INFO] 2018-10-23 18:49:00,203 INFO  (AbstractReasonerStage:161) Class Taxonomy Computation using 2 workers
[INFO] 2018-10-23 18:49:00,350 INFO  (LoggingStageExecutor:103) Class Taxonomy Computation took 158 ms
[INFO] E: owl:Nothing owl:Nothing
[INFO] 2018-10-23 18:49:00,354 INFO  (CommandRunnerBase:78) disposing of org.semanticweb.elk.owlapi.ElkReasoner@60a2630a
[INFO] 2018-10-23 18:49:00,359 INFO  (Reasoner:231) ELK reasoner has shut down
[INFO] 2018-10-23 18:49:00,360 INFO  (CommandRunnerBase:70) disposing of org.semanticweb.elk.owlapi.ElkReasoner@60a2630a
[INFO] ------------------------------------------------------------------------
[INFO] BUILD SUCCESS
[INFO] ------------------------------------------------------------------------
[INFO] Total time: 3.913s
[INFO] Finished at: Tue Oct 23 18:49:00 UTC 2018
[INFO] Final Memory: 6M/289M
[INFO] ------------------------------------------------------------------------
Tue Oct 23 18:49:00 UTC 2018
