Tue Oct 23 18:49:12 UTC 2018
Querying for incoherent classes in: /mnt/efsdata/obo-ci-data/base/ontologies/kisao/kisao_flat.owl
[INFO] Error stacktraces are turned on.
[INFO] Scanning for projects...
[INFO]                                                                         
[INFO] ------------------------------------------------------------------------
[INFO] Building incoherent-query 1.0
[INFO] ------------------------------------------------------------------------
[INFO] 
[INFO] --- exec-maven-plugin:1.1:exec (default-cli) @ incoherent-query ---
[INFO] 2018-10-23 18:49:16,220 INFO  (ParserWrapper:75) Start loading ontology: file:/mnt/efsdata/obo-ci-data/base/ontologies/kisao/kisao_flat.owl from: file:/mnt/efsdata/obo-ci-data/base/ontologies/kisao/kisao_flat.owl
[INFO] 2018-10-23 18:49:17,165 INFO  (ParserWrapper:82) Finished loading ontology: http://www.biomodels.net/kisao/KISAO_FULL# from: file:/mnt/efsdata/obo-ci-data/base/ontologies/kisao/kisao_flat.owl
[INFO] # PARSING: <http://www.w3.org/2002/07/owl#Nothing>
[INFO] 2018-10-23 18:49:17,211 INFO  (ManchesterSyntaxTool:130) parsing: <http://www.w3.org/2002/07/owl#Nothing>
[INFO] # QUERY: owl:Nothing owl:Nothing
[INFO] 2018-10-23 18:49:17,911 INFO  (CommandRunner:6042) Created reasoner: org.semanticweb.HermiT.Reasoner@2d272b0d
[INFO] E: owl:Nothing owl:Nothing
[INFO] 2018-10-23 18:49:18,402 INFO  (CommandRunnerBase:78) disposing of org.semanticweb.HermiT.Reasoner@2d272b0d
[INFO] 2018-10-23 18:49:18,402 INFO  (CommandRunnerBase:70) disposing of org.semanticweb.HermiT.Reasoner@2d272b0d
[INFO] ------------------------------------------------------------------------
[INFO] BUILD SUCCESS
[INFO] ------------------------------------------------------------------------
[INFO] Total time: 4.538s
[INFO] Finished at: Tue Oct 23 18:49:18 UTC 2018
[INFO] Final Memory: 6M/289M
[INFO] ------------------------------------------------------------------------
Tue Oct 23 18:49:18 UTC 2018
