Sat Dec  2 12:52:15 MST 2017
Querying for incoherent classes in: /scratch/Shares/hunter/obo-ci/data-all/base/ontologies/mamo/mamo_flat.owl
[INFO] Error stacktraces are turned on.
[INFO] Scanning for projects...
[INFO]                                                                         
[INFO] ------------------------------------------------------------------------
[INFO] Building incoherent-query 1.0
[INFO] ------------------------------------------------------------------------
[INFO] 
[INFO] --- exec-maven-plugin:1.1:exec (default-cli) @ incoherent-query ---
[INFO] /bin/sh: module: line 1: syntax error: unexpected end of file
[INFO] /bin/sh: error importing function definition for `BASH_FUNC_module'
[INFO] 2017-12-02 12:52:21,852 INFO  (ParserWrapper:75) Start loading ontology: file:/scratch/Shares/hunter/obo-ci/data-all/base/ontologies/mamo/mamo_flat.owl from: file:/scratch/Shares/hunter/obo-ci/data-all/base/ontologies/mamo/mamo_flat.owl
[INFO] 2017-12-02 12:52:23,024 INFO  (ParserWrapper:82) Finished loading ontology: http://identifiers.org/mamo from: file:/scratch/Shares/hunter/obo-ci/data-all/base/ontologies/mamo/mamo_flat.owl
[INFO] # PARSING: <http://www.w3.org/2002/07/owl#Nothing>
[INFO] 2017-12-02 12:52:23,168 INFO  (ManchesterSyntaxTool:130) parsing: <http://www.w3.org/2002/07/owl#Nothing>
[INFO] # QUERY: owl:Nothing owl:Nothing
[INFO] 2017-12-02 12:52:23,243 INFO  (ConfigurationFactory:83) Loading default configuration parameters for class org.semanticweb.elk.reasoner.config.ReasonerConfiguration
[INFO] 2017-12-02 12:52:24,054 INFO  (Reasoner:117) ELK reasoner was created
[INFO] 2017-12-02 12:52:24,057 INFO  (CommandRunner:6042) Created reasoner: org.semanticweb.elk.owlapi.ElkReasoner@5c8eee0f
[INFO] 2017-12-02 12:52:24,069 INFO  (LoggingStageExecutor:70) Loading of Axioms started
[INFO] 2017-12-02 12:52:24,099 INFO  (AbstractReasonerStage:161) Loading of Axioms using 64 workers
[INFO] 2017-12-02 12:52:24,221 WARN  (ChangeIndexingProcessor:66) [reasoner.indexing.axiomIgnored]ELK does not support ObjectPropertyRange. Axiom ignored:
[INFO] ObjectPropertyRange(<http://identifiers.org/mamo#isUsedToModel> <http://identifiers.org/mamo/MAMO_0000180>)
[INFO] 2017-12-02 12:52:24,249 WARN  (ChangeIndexingProcessor:66) [reasoner.indexing.axiomIgnored]ELK does not support ObjectPropertyRange. Axiom ignored:
[INFO] ObjectPropertyRange(<http://identifiers.org/mamo#hasFeature> <http://identifiers.org/mamo/MAMO_0000054>)
[INFO] 2017-12-02 12:52:24,258 WARN  (ChangeIndexingProcessor:66) [reasoner.indexing.axiomIgnored]ELK does not support DisjointObjectProperties. Axiom ignored:
[INFO] DisjointObjectProperties(<http://identifiers.org/mamo#hasFeature> <http://identifiers.org/mamo#lacksFeature>)
[INFO] 2017-12-02 12:52:24,262 WARN  (ChangeIndexingProcessor:66) [reasoner.indexing.axiomIgnored]ELK does not support ObjectPropertyRange. Axiom ignored:
[INFO] ObjectPropertyRange(<http://identifiers.org/mamo#lacksFeature> <http://identifiers.org/mamo/MAMO_0000054>)
[INFO] 2017-12-02 12:52:24,263 INFO  (LoggingStageExecutor:103) Loading of Axioms took 176 ms
[INFO] 2017-12-02 12:52:24,264 INFO  (LoggingStageExecutor:70) Property Saturation Initialization started
[INFO] 2017-12-02 12:52:24,268 INFO  (AbstractReasonerStage:161) Property Saturation Initialization using 64 workers
[INFO] 2017-12-02 12:52:24,269 INFO  (LoggingStageExecutor:103) Property Saturation Initialization took 4 ms
[INFO] 2017-12-02 12:52:24,271 INFO  (LoggingStageExecutor:70) Reflexive Property Computation started
[INFO] 2017-12-02 12:52:24,292 INFO  (AbstractReasonerStage:161) Reflexive Property Computation using 64 workers
[INFO] 2017-12-02 12:52:24,318 INFO  (LoggingStageExecutor:103) Reflexive Property Computation took 47 ms
[INFO] 2017-12-02 12:52:24,319 INFO  (LoggingStageExecutor:70) Object Property Hierarchy and Composition Computation started
[INFO] 2017-12-02 12:52:24,334 INFO  (AbstractReasonerStage:161) Object Property Hierarchy and Composition Computation using 64 workers
[INFO] 2017-12-02 12:52:24,394 INFO  (LoggingStageExecutor:103) Object Property Hierarchy and Composition Computation took 75 ms
[INFO] 2017-12-02 12:52:24,395 INFO  (LoggingStageExecutor:70) Context Initialization started
[INFO] 2017-12-02 12:52:24,399 INFO  (AbstractReasonerStage:161) Context Initialization using 64 workers
[INFO] 2017-12-02 12:52:24,408 INFO  (LoggingStageExecutor:103) Context Initialization took 13 ms
[INFO] 2017-12-02 12:52:24,408 INFO  (LoggingStageExecutor:70) Consistency Checking started
[INFO] 2017-12-02 12:52:24,434 INFO  (AbstractReasonerStage:161) Consistency Checking using 64 workers
[INFO] 2017-12-02 12:52:24,475 INFO  (LoggingStageExecutor:103) Consistency Checking took 66 ms
[INFO] 2017-12-02 12:52:24,475 INFO  (LoggingStageExecutor:70) Class Taxonomy Computation started
[INFO] 2017-12-02 12:52:24,506 INFO  (AbstractReasonerStage:161) Class Taxonomy Computation using 64 workers
[INFO] 2017-12-02 12:52:24,569 INFO  (LoggingStageExecutor:103) Class Taxonomy Computation took 93 ms
[INFO] E: owl:Nothing owl:Nothing
[INFO] 2017-12-02 12:52:24,576 INFO  (CommandRunnerBase:78) disposing of org.semanticweb.elk.owlapi.ElkReasoner@5c8eee0f
[INFO] 2017-12-02 12:52:24,591 INFO  (Reasoner:231) ELK reasoner has shut down
[INFO] 2017-12-02 12:52:24,591 INFO  (CommandRunnerBase:70) disposing of org.semanticweb.elk.owlapi.ElkReasoner@5c8eee0f
[INFO] ------------------------------------------------------------------------
[INFO] BUILD SUCCESS
[INFO] ------------------------------------------------------------------------
[INFO] Total time: 7.677 s
[INFO] Finished at: 2017-12-02T12:52:24-07:00
[INFO] Final Memory: 21M/1963M
[INFO] ------------------------------------------------------------------------
Sat Dec  2 12:52:24 MST 2017
