Tue Oct 23 18:49:21 UTC 2018
Querying for incoherent classes in: /mnt/efsdata/obo-ci-data/base/ontologies/mfomd/mfomd_flat.owl
[INFO] Error stacktraces are turned on.
[INFO] Scanning for projects...
[INFO]                                                                         
[INFO] ------------------------------------------------------------------------
[INFO] Building incoherent-query 1.0
[INFO] ------------------------------------------------------------------------
[INFO] 
[INFO] --- exec-maven-plugin:1.1:exec (default-cli) @ incoherent-query ---
[INFO] 2018-10-23 18:49:25,850 INFO  (ParserWrapper:75) Start loading ontology: file:/mnt/efsdata/obo-ci-data/base/ontologies/mfomd/mfomd_flat.owl from: file:/mnt/efsdata/obo-ci-data/base/ontologies/mfomd/mfomd_flat.owl
[INFO] 2018-10-23 18:49:26,874 INFO  (ParserWrapper:82) Finished loading ontology: http://purl.obolibrary.org/obo/MFOMD.owl from: file:/mnt/efsdata/obo-ci-data/base/ontologies/mfomd/mfomd_flat.owl
[INFO] # PARSING: <http://www.w3.org/2002/07/owl#Nothing>
[INFO] 2018-10-23 18:49:26,925 INFO  (ManchesterSyntaxTool:130) parsing: <http://www.w3.org/2002/07/owl#Nothing>
[INFO] # QUERY: owl:Nothing owl:Nothing
[INFO] 2018-10-23 18:49:26,955 INFO  (ConfigurationFactory:83) Loading default configuration parameters for class org.semanticweb.elk.reasoner.config.ReasonerConfiguration
[INFO] 2018-10-23 18:49:27,124 INFO  (Reasoner:117) ELK reasoner was created
[INFO] 2018-10-23 18:49:27,125 INFO  (CommandRunner:6042) Created reasoner: org.semanticweb.elk.owlapi.ElkReasoner@183e8023
[INFO] 2018-10-23 18:49:27,126 INFO  (LoggingStageExecutor:70) Loading of Axioms started
[INFO] 2018-10-23 18:49:27,130 INFO  (AbstractReasonerStage:161) Loading of Axioms using 2 workers
[INFO] 2018-10-23 18:49:27,151 WARN  (ChangeIndexingProcessor:66) [reasoner.indexing.axiomIgnored]ELK does not support ObjectOneOf. Axiom ignored:
[INFO] EquivalentClasses(<http://purl.obolibrary.org/obo/IAO_0000078> ObjectOneOf(<http://purl.obolibrary.org/obo/IAO_0000428> <http://purl.obolibrary.org/obo/IAO_0000423> <http://purl.obolibrary.org/obo/IAO_0000124> <http://purl.obolibrary.org/obo/IAO_0000125> <http://purl.obolibrary.org/obo/IAO_0000122> <http://purl.obolibrary.org/obo/IAO_0000002> <http://purl.obolibrary.org/obo/IAO_0000123> <http://purl.obolibrary.org/obo/IAO_0000120> <http://purl.obolibrary.org/obo/IAO_0000121>))
[INFO] 2018-10-23 18:49:27,152 WARN  (ChangeIndexingProcessor:66) [reasoner.indexing.axiomIgnored]ELK does not support ObjectMinCardinality. Axiom ignored:
[INFO] SubClassOf(<http://purl.obolibrary.org/obo/MF_0000021> ObjectMinCardinality(2 <http://purl.obolibrary.org/obo/BFO_0000167>))
[INFO] 2018-10-23 18:49:27,158 WARN  (ChangeIndexingProcessor:66) [reasoner.indexing.axiomIgnored]ELK does not support ObjectOneOf. Axiom ignored:
[INFO] EquivalentClasses(<http://purl.obolibrary.org/obo/IAO_0000225> ObjectOneOf(<http://purl.obolibrary.org/obo/IAO_0000229> <http://purl.obolibrary.org/obo/IAO_0000227> <http://purl.obolibrary.org/obo/IAO_0000228> <http://purl.obolibrary.org/obo/IAO_0000226> <http://purl.obolibrary.org/obo/IAO_0000103>))
[INFO] 2018-10-23 18:49:27,162 WARN  (ChangeIndexingProcessor:66) [reasoner.indexing.axiomIgnored]ELK does not support InverseObjectProperties. Axiom ignored:
[INFO] InverseObjectProperties(<http://purl.obolibrary.org/obo/BFO_0000117> <http://purl.obolibrary.org/obo/BFO_0000132>)
[INFO] 2018-10-23 18:49:27,171 WARN  (ChangeIndexingProcessor:66) [reasoner.indexing.axiomIgnored]ELK does not support InverseObjectProperties. Axiom ignored:
[INFO] InverseObjectProperties(<http://purl.obolibrary.org/obo/BFO_0000163> <http://purl.obolibrary.org/obo/MF#manifestationOf>)
[INFO] 2018-10-23 18:49:27,176 WARN  (ChangeIndexingProcessor:66) [reasoner.indexing.axiomIgnored]ELK does not support DifferentIndividuals. Axiom ignored:
[INFO] DifferentIndividuals(<http://purl.obolibrary.org/obo/IAO_0000226> <http://purl.obolibrary.org/obo/IAO_0000227> <http://purl.obolibrary.org/obo/IAO_0000228> <http://purl.obolibrary.org/obo/IAO_0000229>)
[INFO] 2018-10-23 18:49:27,177 WARN  (ChangeIndexingProcessor:66) [reasoner.indexing.axiomIgnored]ELK does not support DifferentIndividuals. Axiom ignored:
[INFO] DifferentIndividuals(<http://purl.obolibrary.org/obo/IAO_0000120> <http://purl.obolibrary.org/obo/IAO_0000121> <http://purl.obolibrary.org/obo/IAO_0000122> <http://purl.obolibrary.org/obo/IAO_0000123> <http://purl.obolibrary.org/obo/IAO_0000124> <http://purl.obolibrary.org/obo/IAO_0000125> <http://purl.obolibrary.org/obo/IAO_0000423> <http://purl.obolibrary.org/obo/IAO_0000428>)
[INFO] 2018-10-23 18:49:27,186 WARN  (ChangeIndexingProcessor:66) [reasoner.indexing.axiomIgnored]ELK does not support ObjectOneOf. Axiom ignored:
[INFO] EquivalentClasses(<http://www.geneontology.org/formats/oboInOwl#Subset> ObjectOneOf(<http://purl.obolibrary.org/obo/IAO_0000224>))
[INFO] 2018-10-23 18:49:27,196 WARN  (ChangeIndexingProcessor:66) [reasoner.indexing.axiomIgnored]ELK does not support ObjectOneOf. Axiom ignored:
[INFO] EquivalentClasses(<http://purl.obolibrary.org/obo/IAO_0000409> ObjectOneOf(<http://purl.obolibrary.org/obo/IAO_0000410> <http://purl.obolibrary.org/obo/IAO_0000421> <http://purl.obolibrary.org/obo/IAO_0000420>))
[INFO] 2018-10-23 18:49:27,198 WARN  (ChangeIndexingProcessor:66) [reasoner.indexing.axiomIgnored]ELK does not support ObjectAllValuesFrom. Axiom ignored:
[INFO] SubClassOf(<http://purl.obolibrary.org/obo/MF_0000033> ObjectAllValuesFrom(<http://purl.obolibrary.org/obo/BFO_0000054> <http://purl.obolibrary.org/obo/MF_0000020>))
[INFO] 2018-10-23 18:49:27,206 INFO  (LoggingStageExecutor:103) Loading of Axioms took 77 ms
[INFO] 2018-10-23 18:49:27,207 INFO  (LoggingStageExecutor:70) Property Saturation Initialization started
[INFO] 2018-10-23 18:49:27,207 INFO  (AbstractReasonerStage:161) Property Saturation Initialization using 2 workers
[INFO] 2018-10-23 18:49:27,208 INFO  (LoggingStageExecutor:103) Property Saturation Initialization took 1 ms
[INFO] 2018-10-23 18:49:27,208 INFO  (LoggingStageExecutor:70) Reflexive Property Computation started
[INFO] 2018-10-23 18:49:27,220 INFO  (AbstractReasonerStage:161) Reflexive Property Computation using 2 workers
[INFO] 2018-10-23 18:49:27,223 INFO  (LoggingStageExecutor:103) Reflexive Property Computation took 15 ms
[INFO] 2018-10-23 18:49:27,224 INFO  (LoggingStageExecutor:70) Object Property Hierarchy and Composition Computation started
[INFO] 2018-10-23 18:49:27,226 INFO  (AbstractReasonerStage:161) Object Property Hierarchy and Composition Computation using 2 workers
[INFO] 2018-10-23 18:49:27,231 INFO  (LoggingStageExecutor:103) Object Property Hierarchy and Composition Computation took 7 ms
[INFO] 2018-10-23 18:49:27,231 INFO  (LoggingStageExecutor:70) Context Initialization started
[INFO] 2018-10-23 18:49:27,232 INFO  (AbstractReasonerStage:161) Context Initialization using 2 workers
[INFO] 2018-10-23 18:49:27,234 INFO  (LoggingStageExecutor:103) Context Initialization took 3 ms
[INFO] 2018-10-23 18:49:27,234 INFO  (LoggingStageExecutor:70) Consistency Checking started
[INFO] 2018-10-23 18:49:27,241 INFO  (AbstractReasonerStage:161) Consistency Checking using 2 workers
[INFO] 2018-10-23 18:49:27,256 INFO  (LoggingStageExecutor:103) Consistency Checking took 21 ms
[INFO] 2018-10-23 18:49:27,256 INFO  (LoggingStageExecutor:70) Class Taxonomy Computation started
[INFO] 2018-10-23 18:49:27,265 INFO  (AbstractReasonerStage:161) Class Taxonomy Computation using 2 workers
[INFO] 2018-10-23 18:49:27,411 INFO  (LoggingStageExecutor:103) Class Taxonomy Computation took 154 ms
[INFO] E: owl:Nothing owl:Nothing
[INFO] 2018-10-23 18:49:27,415 INFO  (CommandRunnerBase:78) disposing of org.semanticweb.elk.owlapi.ElkReasoner@183e8023
[INFO] 2018-10-23 18:49:27,415 INFO  (Reasoner:231) ELK reasoner has shut down
[INFO] 2018-10-23 18:49:27,415 INFO  (CommandRunnerBase:70) disposing of org.semanticweb.elk.owlapi.ElkReasoner@183e8023
[INFO] ------------------------------------------------------------------------
[INFO] BUILD SUCCESS
[INFO] ------------------------------------------------------------------------
[INFO] Total time: 4.252s
[INFO] Finished at: Tue Oct 23 18:49:27 UTC 2018
[INFO] Final Memory: 6M/289M
[INFO] ------------------------------------------------------------------------
Tue Oct 23 18:49:27 UTC 2018
