Tue Oct 23 18:49:24 UTC 2018
Querying for incoherent classes in: /mnt/efsdata/obo-ci-data/base/ontologies/mi/mi_flat.owl
[INFO] Error stacktraces are turned on.
[INFO] Scanning for projects...
[INFO]                                                                         
[INFO] ------------------------------------------------------------------------
[INFO] Building incoherent-query 1.0
[INFO] ------------------------------------------------------------------------
[INFO] 
[INFO] --- exec-maven-plugin:1.1:exec (default-cli) @ incoherent-query ---
[INFO] 2018-10-23 18:49:28,541 INFO  (ParserWrapper:75) Start loading ontology: file:/mnt/efsdata/obo-ci-data/base/ontologies/mi/mi_flat.owl from: file:/mnt/efsdata/obo-ci-data/base/ontologies/mi/mi_flat.owl
[INFO] 2018-10-23 18:49:30,192 INFO  (ParserWrapper:82) Finished loading ontology: http://purl.obolibrary.org/obo/mi.owl from: file:/mnt/efsdata/obo-ci-data/base/ontologies/mi/mi_flat.owl
[INFO] # PARSING: <http://www.w3.org/2002/07/owl#Nothing>
[INFO] 2018-10-23 18:49:30,248 INFO  (ManchesterSyntaxTool:130) parsing: <http://www.w3.org/2002/07/owl#Nothing>
[INFO] # QUERY: owl:Nothing owl:Nothing
[INFO] 2018-10-23 18:49:30,559 INFO  (CommandRunner:6042) Created reasoner: org.semanticweb.HermiT.Reasoner@34fe326d
[INFO] E: owl:Nothing owl:Nothing
[INFO] 2018-10-23 18:49:30,881 INFO  (CommandRunnerBase:78) disposing of org.semanticweb.HermiT.Reasoner@34fe326d
[INFO] 2018-10-23 18:49:30,881 INFO  (CommandRunnerBase:70) disposing of org.semanticweb.HermiT.Reasoner@34fe326d
[INFO] ------------------------------------------------------------------------
[INFO] BUILD SUCCESS
[INFO] ------------------------------------------------------------------------
[INFO] Total time: 5.015s
[INFO] Finished at: Tue Oct 23 18:49:30 UTC 2018
[INFO] Final Memory: 5M/229M
[INFO] ------------------------------------------------------------------------
Tue Oct 23 18:49:31 UTC 2018
