Sat Dec  2 12:52:15 MST 2017
Querying for incoherent classes in: /scratch/Shares/hunter/obo-ci/data-all/base/ontologies/miapa/miapa_flat.owl
[INFO] Error stacktraces are turned on.
[INFO] Scanning for projects...
[INFO]                                                                         
[INFO] ------------------------------------------------------------------------
[INFO] Building incoherent-query 1.0
[INFO] ------------------------------------------------------------------------
[INFO] 
[INFO] --- exec-maven-plugin:1.1:exec (default-cli) @ incoherent-query ---
[INFO] /bin/sh: module: line 1: syntax error: unexpected end of file
[INFO] /bin/sh: error importing function definition for `BASH_FUNC_module'
[INFO] 2017-12-02 12:52:22,275 INFO  (ParserWrapper:75) Start loading ontology: file:/scratch/Shares/hunter/obo-ci/data-all/base/ontologies/miapa/miapa_flat.owl from: file:/scratch/Shares/hunter/obo-ci/data-all/base/ontologies/miapa/miapa_flat.owl
[INFO] 2017-12-02 12:52:23,791 ERROR (OWLOntologyManagerImpl:1138) Illegal redeclarations of entities: reuse of entity http://www.w3.org/ns/prov#wasRevisionOf in punning not allowed [Declaration(ObjectProperty(<http://www.w3.org/ns/prov#wasRevisionOf>)), Declaration(AnnotationProperty(<http://www.w3.org/ns/prov#wasRevisionOf>))]
[INFO] 2017-12-02 12:52:23,792 ERROR (OWLOntologyManagerImpl:1138) Illegal redeclarations of entities: reuse of entity http://www.w3.org/ns/prov#specializationOf in punning not allowed [Declaration(ObjectProperty(<http://www.w3.org/ns/prov#specializationOf>)), Declaration(AnnotationProperty(<http://www.w3.org/ns/prov#specializationOf>))]
[INFO] 2017-12-02 12:52:23,803 INFO  (ParserWrapper:82) Finished loading ontology: http://purl.obolibrary.org/obo/miapa.owl from: file:/scratch/Shares/hunter/obo-ci/data-all/base/ontologies/miapa/miapa_flat.owl
[INFO] # PARSING: <http://www.w3.org/2002/07/owl#Nothing>
[INFO] 2017-12-02 12:52:23,978 INFO  (ManchesterSyntaxTool:130) parsing: <http://www.w3.org/2002/07/owl#Nothing>
[INFO] # QUERY: owl:Nothing owl:Nothing
[INFO] 2017-12-02 12:52:25,546 INFO  (CommandRunner:6042) Created reasoner: org.semanticweb.HermiT.Reasoner@664212ab
[INFO] E: owl:Nothing owl:Nothing
[INFO] 2017-12-02 12:52:27,700 INFO  (CommandRunnerBase:78) disposing of org.semanticweb.HermiT.Reasoner@664212ab
[INFO] 2017-12-02 12:52:27,700 INFO  (CommandRunnerBase:70) disposing of org.semanticweb.HermiT.Reasoner@664212ab
[INFO] ------------------------------------------------------------------------
[INFO] BUILD SUCCESS
[INFO] ------------------------------------------------------------------------
[INFO] Total time: 10.712 s
[INFO] Finished at: 2017-12-02T12:52:27-07:00
[INFO] Final Memory: 21M/1963M
[INFO] ------------------------------------------------------------------------
Sat Dec  2 12:52:27 MST 2017
