Sat Dec  2 12:52:15 MST 2017
Querying for incoherent classes in: /scratch/Shares/hunter/obo-ci/data-all/base/ontologies/mod/mod_flat.owl
[INFO] Error stacktraces are turned on.
[INFO] Scanning for projects...
[INFO]                                                                         
[INFO] ------------------------------------------------------------------------
[INFO] Building incoherent-query 1.0
[INFO] ------------------------------------------------------------------------
[INFO] 
[INFO] --- exec-maven-plugin:1.1:exec (default-cli) @ incoherent-query ---
[INFO] /bin/sh: module: line 1: syntax error: unexpected end of file
[INFO] /bin/sh: error importing function definition for `BASH_FUNC_module'
[INFO] 2017-12-02 12:52:22,260 INFO  (ParserWrapper:75) Start loading ontology: file:/scratch/Shares/hunter/obo-ci/data-all/base/ontologies/mod/mod_flat.owl from: file:/scratch/Shares/hunter/obo-ci/data-all/base/ontologies/mod/mod_flat.owl
[INFO] 2017-12-02 12:52:28,128 INFO  (ParserWrapper:82) Finished loading ontology: http://purl.obolibrary.org/obo/mod.owl from: file:/scratch/Shares/hunter/obo-ci/data-all/base/ontologies/mod/mod_flat.owl
[INFO] # PARSING: <http://www.w3.org/2002/07/owl#Nothing>
[INFO] 2017-12-02 12:52:28,202 INFO  (ManchesterSyntaxTool:130) parsing: <http://www.w3.org/2002/07/owl#Nothing>
[INFO] # QUERY: owl:Nothing owl:Nothing
[INFO] 2017-12-02 12:52:28,264 INFO  (ConfigurationFactory:83) Loading default configuration parameters for class org.semanticweb.elk.reasoner.config.ReasonerConfiguration
[INFO] 2017-12-02 12:52:28,556 INFO  (Reasoner:117) ELK reasoner was created
[INFO] 2017-12-02 12:52:28,558 INFO  (CommandRunner:6042) Created reasoner: org.semanticweb.elk.owlapi.ElkReasoner@4a891c97
[INFO] 2017-12-02 12:52:28,562 INFO  (LoggingStageExecutor:70) Loading of Axioms started
[INFO] 2017-12-02 12:52:28,569 INFO  (AbstractReasonerStage:161) Loading of Axioms using 64 workers
[INFO] 2017-12-02 12:52:28,643 INFO  (LoggingStageExecutor:103) Loading of Axioms took 77 ms
[INFO] 2017-12-02 12:52:28,644 INFO  (LoggingStageExecutor:70) Property Saturation Initialization started
[INFO] 2017-12-02 12:52:28,646 INFO  (AbstractReasonerStage:161) Property Saturation Initialization using 64 workers
[INFO] 2017-12-02 12:52:28,646 INFO  (LoggingStageExecutor:103) Property Saturation Initialization took 2 ms
[INFO] 2017-12-02 12:52:28,646 INFO  (LoggingStageExecutor:70) Reflexive Property Computation started
[INFO] 2017-12-02 12:52:28,657 INFO  (AbstractReasonerStage:161) Reflexive Property Computation using 64 workers
[INFO] 2017-12-02 12:52:28,671 INFO  (LoggingStageExecutor:103) Reflexive Property Computation took 24 ms
[INFO] 2017-12-02 12:52:28,671 INFO  (LoggingStageExecutor:70) Object Property Hierarchy and Composition Computation started
[INFO] 2017-12-02 12:52:28,677 INFO  (AbstractReasonerStage:161) Object Property Hierarchy and Composition Computation using 64 workers
[INFO] 2017-12-02 12:52:28,686 INFO  (LoggingStageExecutor:103) Object Property Hierarchy and Composition Computation took 13 ms
[INFO] 2017-12-02 12:52:28,686 INFO  (LoggingStageExecutor:70) Context Initialization started
[INFO] 2017-12-02 12:52:28,688 INFO  (AbstractReasonerStage:161) Context Initialization using 64 workers
[INFO] 2017-12-02 12:52:28,693 INFO  (LoggingStageExecutor:103) Context Initialization took 6 ms
[INFO] 2017-12-02 12:52:28,693 INFO  (LoggingStageExecutor:70) Consistency Checking started
[INFO] 2017-12-02 12:52:28,702 INFO  (AbstractReasonerStage:161) Consistency Checking using 64 workers
[INFO] 2017-12-02 12:52:28,724 INFO  (LoggingStageExecutor:103) Consistency Checking took 30 ms
[INFO] 2017-12-02 12:52:28,724 INFO  (LoggingStageExecutor:70) Class Taxonomy Computation started
[INFO] 2017-12-02 12:52:28,749 INFO  (AbstractReasonerStage:161) Class Taxonomy Computation using 64 workers
[INFO] 2017-12-02 12:52:28,845 INFO  (LoggingStageExecutor:103) Class Taxonomy Computation took 121 ms
[INFO] E: owl:Nothing owl:Nothing
[INFO] 2017-12-02 12:52:28,851 INFO  (CommandRunnerBase:78) disposing of org.semanticweb.elk.owlapi.ElkReasoner@4a891c97
[INFO] 2017-12-02 12:52:28,859 INFO  (Reasoner:231) ELK reasoner has shut down
[INFO] 2017-12-02 12:52:28,859 INFO  (CommandRunnerBase:70) disposing of org.semanticweb.elk.owlapi.ElkReasoner@4a891c97
[INFO] ------------------------------------------------------------------------
[INFO] BUILD SUCCESS
[INFO] ------------------------------------------------------------------------
[INFO] Total time: 11.868 s
[INFO] Finished at: 2017-12-02T12:52:28-07:00
[INFO] Final Memory: 21M/1963M
[INFO] ------------------------------------------------------------------------
Sat Dec  2 12:52:29 MST 2017
