Sat Dec  2 12:52:15 MST 2017
Querying for incoherent classes in: /scratch/Shares/hunter/obo-ci/data-all/base/ontologies/mondo/mondo_flat.owl
[INFO] Error stacktraces are turned on.
[INFO] Scanning for projects...
[INFO]                                                                         
[INFO] ------------------------------------------------------------------------
[INFO] Building incoherent-query 1.0
[INFO] ------------------------------------------------------------------------
[INFO] 
[INFO] --- exec-maven-plugin:1.1:exec (default-cli) @ incoherent-query ---
[INFO] /bin/sh: module: line 1: syntax error: unexpected end of file
[INFO] /bin/sh: error importing function definition for `BASH_FUNC_module'
[INFO] 2017-12-02 12:52:22,208 INFO  (ParserWrapper:75) Start loading ontology: file:/scratch/Shares/hunter/obo-ci/data-all/base/ontologies/mondo/mondo_flat.owl from: file:/scratch/Shares/hunter/obo-ci/data-all/base/ontologies/mondo/mondo_flat.owl
[INFO] 2017-12-02 12:52:47,784 INFO  (ParserWrapper:82) Finished loading ontology: http://purl.obolibrary.org/obo/mondo.owl from: file:/scratch/Shares/hunter/obo-ci/data-all/base/ontologies/mondo/mondo_flat.owl
[INFO] # PARSING: <http://www.w3.org/2002/07/owl#Nothing>
[INFO] 2017-12-02 12:52:47,938 INFO  (ManchesterSyntaxTool:130) parsing: <http://www.w3.org/2002/07/owl#Nothing>
[INFO] # QUERY: owl:Nothing owl:Nothing
[INFO] 2017-12-02 12:52:50,548 INFO  (CommandRunner:6042) Created reasoner: org.semanticweb.HermiT.Reasoner@344d852b
[INFO] E: owl:Nothing owl:Nothing
[INFO] 2017-12-02 12:53:05,890 INFO  (CommandRunnerBase:78) disposing of org.semanticweb.HermiT.Reasoner@344d852b
[INFO] 2017-12-02 12:53:05,891 INFO  (CommandRunnerBase:70) disposing of org.semanticweb.HermiT.Reasoner@344d852b
[INFO] ------------------------------------------------------------------------
[INFO] BUILD SUCCESS
[INFO] ------------------------------------------------------------------------
[INFO] Total time: 48.957 s
[INFO] Finished at: 2017-12-02T12:53:06-07:00
[INFO] Final Memory: 21M/1963M
[INFO] ------------------------------------------------------------------------
Sat Dec  2 12:53:06 MST 2017
