Sat Dec  2 12:52:15 MST 2017
Querying for incoherent classes in: /scratch/Shares/hunter/obo-ci/data-all/base/ontologies/mpath/mpath_flat.owl
[INFO] Error stacktraces are turned on.
[INFO] Scanning for projects...
[INFO]                                                                         
[INFO] ------------------------------------------------------------------------
[INFO] Building incoherent-query 1.0
[INFO] ------------------------------------------------------------------------
[INFO] 
[INFO] --- exec-maven-plugin:1.1:exec (default-cli) @ incoherent-query ---
[INFO] /bin/sh: module: line 1: syntax error: unexpected end of file
[INFO] /bin/sh: error importing function definition for `BASH_FUNC_module'
[INFO] 2017-12-02 12:52:22,184 INFO  (ParserWrapper:75) Start loading ontology: file:/scratch/Shares/hunter/obo-ci/data-all/base/ontologies/mpath/mpath_flat.owl from: file:/scratch/Shares/hunter/obo-ci/data-all/base/ontologies/mpath/mpath_flat.owl
[INFO] 2017-12-02 12:52:24,322 INFO  (ParserWrapper:82) Finished loading ontology: http://purl.obolibrary.org/obo/mpath.owl from: file:/scratch/Shares/hunter/obo-ci/data-all/base/ontologies/mpath/mpath_flat.owl
[INFO] # PARSING: <http://www.w3.org/2002/07/owl#Nothing>
[INFO] 2017-12-02 12:52:24,628 INFO  (ManchesterSyntaxTool:130) parsing: <http://www.w3.org/2002/07/owl#Nothing>
[INFO] # QUERY: owl:Nothing owl:Nothing
[INFO] 2017-12-02 12:52:24,726 INFO  (ConfigurationFactory:83) Loading default configuration parameters for class org.semanticweb.elk.reasoner.config.ReasonerConfiguration
[INFO] 2017-12-02 12:52:25,311 INFO  (Reasoner:117) ELK reasoner was created
[INFO] 2017-12-02 12:52:25,315 INFO  (CommandRunner:6042) Created reasoner: org.semanticweb.elk.owlapi.ElkReasoner@75f65e45
[INFO] 2017-12-02 12:52:25,330 INFO  (LoggingStageExecutor:70) Loading of Axioms started
[INFO] 2017-12-02 12:52:25,354 INFO  (AbstractReasonerStage:161) Loading of Axioms using 64 workers
[INFO] 2017-12-02 12:52:25,492 INFO  (LoggingStageExecutor:103) Loading of Axioms took 142 ms
[INFO] 2017-12-02 12:52:25,493 INFO  (LoggingStageExecutor:70) Property Saturation Initialization started
[INFO] 2017-12-02 12:52:25,495 INFO  (AbstractReasonerStage:161) Property Saturation Initialization using 64 workers
[INFO] 2017-12-02 12:52:25,496 INFO  (LoggingStageExecutor:103) Property Saturation Initialization took 2 ms
[INFO] 2017-12-02 12:52:25,496 INFO  (LoggingStageExecutor:70) Reflexive Property Computation started
[INFO] 2017-12-02 12:52:25,510 INFO  (AbstractReasonerStage:161) Reflexive Property Computation using 64 workers
[INFO] 2017-12-02 12:52:25,896 INFO  (LoggingStageExecutor:103) Reflexive Property Computation took 399 ms
[INFO] 2017-12-02 12:52:25,896 INFO  (LoggingStageExecutor:70) Object Property Hierarchy and Composition Computation started
[INFO] 2017-12-02 12:52:25,905 INFO  (AbstractReasonerStage:161) Object Property Hierarchy and Composition Computation using 64 workers
[INFO] 2017-12-02 12:52:26,016 INFO  (LoggingStageExecutor:103) Object Property Hierarchy and Composition Computation took 118 ms
[INFO] 2017-12-02 12:52:26,017 INFO  (LoggingStageExecutor:70) Context Initialization started
[INFO] 2017-12-02 12:52:26,019 INFO  (AbstractReasonerStage:161) Context Initialization using 64 workers
[INFO] 2017-12-02 12:52:26,039 INFO  (LoggingStageExecutor:103) Context Initialization took 22 ms
[INFO] 2017-12-02 12:52:26,039 INFO  (LoggingStageExecutor:70) Consistency Checking started
[INFO] 2017-12-02 12:52:26,059 INFO  (AbstractReasonerStage:161) Consistency Checking using 64 workers
[INFO] 2017-12-02 12:52:26,128 INFO  (LoggingStageExecutor:103) Consistency Checking took 88 ms
[INFO] 2017-12-02 12:52:26,128 INFO  (LoggingStageExecutor:70) Class Taxonomy Computation started
[INFO] 2017-12-02 12:52:26,161 INFO  (AbstractReasonerStage:161) Class Taxonomy Computation using 64 workers
[INFO] 2017-12-02 12:52:26,312 INFO  (LoggingStageExecutor:103) Class Taxonomy Computation took 183 ms
[INFO] E: owl:Nothing owl:Nothing
[INFO] 2017-12-02 12:52:26,318 INFO  (CommandRunnerBase:78) disposing of org.semanticweb.elk.owlapi.ElkReasoner@75f65e45
[INFO] 2017-12-02 12:52:26,335 INFO  (Reasoner:231) ELK reasoner has shut down
[INFO] 2017-12-02 12:52:26,335 INFO  (CommandRunnerBase:70) disposing of org.semanticweb.elk.owlapi.ElkReasoner@75f65e45
[INFO] ------------------------------------------------------------------------
[INFO] BUILD SUCCESS
[INFO] ------------------------------------------------------------------------
[INFO] Total time: 9.493 s
[INFO] Finished at: 2017-12-02T12:52:26-07:00
[INFO] Final Memory: 21M/1963M
[INFO] ------------------------------------------------------------------------
Sat Dec  2 12:52:26 MST 2017
