Sat Dec  2 12:52:15 MST 2017
Querying for incoherent classes in: /scratch/Shares/hunter/obo-ci/data-all/base/ontologies/mro/mro_flat.owl
[INFO] Error stacktraces are turned on.
[INFO] Scanning for projects...
[INFO]                                                                         
[INFO] ------------------------------------------------------------------------
[INFO] Building incoherent-query 1.0
[INFO] ------------------------------------------------------------------------
[INFO] 
[INFO] --- exec-maven-plugin:1.1:exec (default-cli) @ incoherent-query ---
[INFO] /bin/sh: module: line 1: syntax error: unexpected end of file
[INFO] /bin/sh: error importing function definition for `BASH_FUNC_module'
[INFO] 2017-12-02 12:52:21,974 INFO  (ParserWrapper:75) Start loading ontology: file:/scratch/Shares/hunter/obo-ci/data-all/base/ontologies/mro/mro_flat.owl from: file:/scratch/Shares/hunter/obo-ci/data-all/base/ontologies/mro/mro_flat.owl
[INFO] 2017-12-02 12:52:25,104 INFO  (ParserWrapper:82) Finished loading ontology: http://purl.obolibrary.org/obo/mro.owl from: file:/scratch/Shares/hunter/obo-ci/data-all/base/ontologies/mro/mro_flat.owl
[INFO] # PARSING: <http://www.w3.org/2002/07/owl#Nothing>
[INFO] 2017-12-02 12:52:25,385 INFO  (ManchesterSyntaxTool:130) parsing: <http://www.w3.org/2002/07/owl#Nothing>
[INFO] # QUERY: owl:Nothing owl:Nothing
[INFO] 2017-12-02 12:52:25,708 INFO  (ConfigurationFactory:83) Loading default configuration parameters for class org.semanticweb.elk.reasoner.config.ReasonerConfiguration
[INFO] 2017-12-02 12:52:26,454 INFO  (Reasoner:117) ELK reasoner was created
[INFO] 2017-12-02 12:52:26,457 INFO  (CommandRunner:6042) Created reasoner: org.semanticweb.elk.owlapi.ElkReasoner@62163b39
[INFO] 2017-12-02 12:52:26,470 INFO  (LoggingStageExecutor:70) Loading of Axioms started
[INFO] 2017-12-02 12:52:26,492 INFO  (AbstractReasonerStage:161) Loading of Axioms using 64 workers
[INFO] 2017-12-02 12:52:27,101 INFO  (LoggingStageExecutor:103) Loading of Axioms took 623 ms
[INFO] 2017-12-02 12:52:27,102 INFO  (LoggingStageExecutor:70) Property Saturation Initialization started
[INFO] 2017-12-02 12:52:27,109 INFO  (AbstractReasonerStage:161) Property Saturation Initialization using 64 workers
[INFO] 2017-12-02 12:52:27,111 INFO  (LoggingStageExecutor:103) Property Saturation Initialization took 9 ms
[INFO] 2017-12-02 12:52:27,112 INFO  (LoggingStageExecutor:70) Reflexive Property Computation started
[INFO] 2017-12-02 12:52:27,141 INFO  (AbstractReasonerStage:161) Reflexive Property Computation using 64 workers
[INFO] 2017-12-02 12:52:27,521 INFO  (LoggingStageExecutor:103) Reflexive Property Computation took 408 ms
[INFO] 2017-12-02 12:52:27,521 INFO  (LoggingStageExecutor:70) Object Property Hierarchy and Composition Computation started
[INFO] 2017-12-02 12:52:27,534 INFO  (AbstractReasonerStage:161) Object Property Hierarchy and Composition Computation using 64 workers
[INFO] 2017-12-02 12:52:27,553 INFO  (LoggingStageExecutor:103) Object Property Hierarchy and Composition Computation took 28 ms
[INFO] 2017-12-02 12:52:27,553 INFO  (LoggingStageExecutor:70) Context Initialization started
[INFO] 2017-12-02 12:52:27,555 INFO  (AbstractReasonerStage:161) Context Initialization using 64 workers
[INFO] 2017-12-02 12:52:27,562 INFO  (LoggingStageExecutor:103) Context Initialization took 9 ms
[INFO] 2017-12-02 12:52:27,563 INFO  (LoggingStageExecutor:70) Consistency Checking started
[INFO] 2017-12-02 12:52:27,574 INFO  (AbstractReasonerStage:161) Consistency Checking using 64 workers
[INFO] 2017-12-02 12:52:27,763 INFO  (LoggingStageExecutor:103) Consistency Checking took 200 ms
[INFO] 2017-12-02 12:52:27,764 INFO  (LoggingStageExecutor:70) Class Taxonomy Computation started
[INFO] 2017-12-02 12:52:27,795 INFO  (AbstractReasonerStage:161) Class Taxonomy Computation using 64 workers
[INFO] 2017-12-02 12:52:28,159 INFO  (LoggingStageExecutor:103) Class Taxonomy Computation took 394 ms
[INFO] E: owl:Nothing owl:Nothing
[INFO] 2017-12-02 12:52:28,173 INFO  (CommandRunnerBase:78) disposing of org.semanticweb.elk.owlapi.ElkReasoner@62163b39
[INFO] 2017-12-02 12:52:28,204 INFO  (Reasoner:231) ELK reasoner has shut down
[INFO] 2017-12-02 12:52:28,204 INFO  (CommandRunnerBase:70) disposing of org.semanticweb.elk.owlapi.ElkReasoner@62163b39
[INFO] ------------------------------------------------------------------------
[INFO] BUILD SUCCESS
[INFO] ------------------------------------------------------------------------
[INFO] Total time: 11.565 s
[INFO] Finished at: 2017-12-02T12:52:28-07:00
[INFO] Final Memory: 21M/1963M
[INFO] ------------------------------------------------------------------------
Sat Dec  2 12:52:28 MST 2017
