Tue Oct 23 18:49:58 UTC 2018
Querying for incoherent classes in: /mnt/efsdata/obo-ci-data/base/ontologies/ncbitaxon_subsets_taxslim/ncbitaxon_subsets_taxslim_flat.owl
[INFO] Error stacktraces are turned on.
[INFO] Scanning for projects...
[INFO]                                                                         
[INFO] ------------------------------------------------------------------------
[INFO] Building incoherent-query 1.0
[INFO] ------------------------------------------------------------------------
[INFO] 
[INFO] --- exec-maven-plugin:1.1:exec (default-cli) @ incoherent-query ---
[INFO] 2018-10-23 18:50:02,204 INFO  (ParserWrapper:75) Start loading ontology: file:/mnt/efsdata/obo-ci-data/base/ontologies/ncbitaxon_subsets_taxslim/ncbitaxon_subsets_taxslim_flat.owl from: file:/mnt/efsdata/obo-ci-data/base/ontologies/ncbitaxon_subsets_taxslim/ncbitaxon_subsets_taxslim_flat.owl
[INFO] 2018-10-23 18:50:08,989 INFO  (ParserWrapper:82) Finished loading ontology: http://purl.obolibrary.org/obo/ncbitaxon/subsets/taxslim.owl from: file:/mnt/efsdata/obo-ci-data/base/ontologies/ncbitaxon_subsets_taxslim/ncbitaxon_subsets_taxslim_flat.owl
[INFO] # PARSING: <http://www.w3.org/2002/07/owl#Nothing>
[INFO] 2018-10-23 18:50:09,054 INFO  (ManchesterSyntaxTool:130) parsing: <http://www.w3.org/2002/07/owl#Nothing>
[INFO] # QUERY: owl:Nothing owl:Nothing
[INFO] 2018-10-23 18:50:09,187 INFO  (ConfigurationFactory:83) Loading default configuration parameters for class org.semanticweb.elk.reasoner.config.ReasonerConfiguration
[INFO] 2018-10-23 18:50:09,420 INFO  (Reasoner:117) ELK reasoner was created
[INFO] 2018-10-23 18:50:09,421 INFO  (CommandRunner:6042) Created reasoner: org.semanticweb.elk.owlapi.ElkReasoner@62e6b5c8
[INFO] 2018-10-23 18:50:09,423 INFO  (LoggingStageExecutor:70) Loading of Axioms started
[INFO] 2018-10-23 18:50:09,429 INFO  (AbstractReasonerStage:161) Loading of Axioms using 2 workers
[INFO] 2018-10-23 18:50:09,702 INFO  (LoggingStageExecutor:103) Loading of Axioms took 275 ms
[INFO] 2018-10-23 18:50:09,703 INFO  (LoggingStageExecutor:70) Property Saturation Initialization started
[INFO] 2018-10-23 18:50:09,704 INFO  (AbstractReasonerStage:161) Property Saturation Initialization using 2 workers
[INFO] 2018-10-23 18:50:09,704 INFO  (LoggingStageExecutor:103) Property Saturation Initialization took 1 ms
[INFO] 2018-10-23 18:50:09,705 INFO  (LoggingStageExecutor:70) Reflexive Property Computation started
[INFO] 2018-10-23 18:50:09,710 INFO  (AbstractReasonerStage:161) Reflexive Property Computation using 2 workers
[INFO] 2018-10-23 18:50:09,712 INFO  (LoggingStageExecutor:103) Reflexive Property Computation took 7 ms
[INFO] 2018-10-23 18:50:09,713 INFO  (LoggingStageExecutor:70) Object Property Hierarchy and Composition Computation started
[INFO] 2018-10-23 18:50:09,716 INFO  (AbstractReasonerStage:161) Object Property Hierarchy and Composition Computation using 2 workers
[INFO] 2018-10-23 18:50:09,717 INFO  (LoggingStageExecutor:103) Object Property Hierarchy and Composition Computation took 2 ms
[INFO] 2018-10-23 18:50:09,717 INFO  (LoggingStageExecutor:70) Context Initialization started
[INFO] 2018-10-23 18:50:09,718 INFO  (AbstractReasonerStage:161) Context Initialization using 2 workers
[INFO] 2018-10-23 18:50:09,720 INFO  (LoggingStageExecutor:103) Context Initialization took 3 ms
[INFO] 2018-10-23 18:50:09,721 INFO  (LoggingStageExecutor:70) Consistency Checking started
[INFO] 2018-10-23 18:50:09,725 INFO  (AbstractReasonerStage:161) Consistency Checking using 2 workers
[INFO] 2018-10-23 18:50:09,731 INFO  (LoggingStageExecutor:103) Consistency Checking took 10 ms
[INFO] 2018-10-23 18:50:09,731 INFO  (LoggingStageExecutor:70) Class Taxonomy Computation started
[INFO] 2018-10-23 18:50:09,742 INFO  (AbstractReasonerStage:161) Class Taxonomy Computation using 2 workers
[INFO] 2018-10-23 18:50:10,330 INFO  (LoggingStageExecutor:103) Class Taxonomy Computation took 598 ms
[INFO] E: owl:Nothing owl:Nothing
[INFO] 2018-10-23 18:50:10,334 INFO  (CommandRunnerBase:78) disposing of org.semanticweb.elk.owlapi.ElkReasoner@62e6b5c8
[INFO] 2018-10-23 18:50:10,335 INFO  (Reasoner:231) ELK reasoner has shut down
[INFO] 2018-10-23 18:50:10,335 INFO  (CommandRunnerBase:70) disposing of org.semanticweb.elk.owlapi.ElkReasoner@62e6b5c8
[INFO] ------------------------------------------------------------------------
[INFO] BUILD SUCCESS
[INFO] ------------------------------------------------------------------------
[INFO] Total time: 10.474s
[INFO] Finished at: Tue Oct 23 18:50:10 UTC 2018
[INFO] Final Memory: 5M/229M
[INFO] ------------------------------------------------------------------------
Tue Oct 23 18:50:10 UTC 2018
