Sat Dec  2 12:52:15 MST 2017
Querying for incoherent classes in: /scratch/Shares/hunter/obo-ci/data-all/base/ontologies/oba/oba_flat.owl
[INFO] Error stacktraces are turned on.
[INFO] Scanning for projects...
[INFO]                                                                         
[INFO] ------------------------------------------------------------------------
[INFO] Building incoherent-query 1.0
[INFO] ------------------------------------------------------------------------
[INFO] 
[INFO] --- exec-maven-plugin:1.1:exec (default-cli) @ incoherent-query ---
[INFO] /bin/sh: module: line 1: syntax error: unexpected end of file
[INFO] /bin/sh: error importing function definition for `BASH_FUNC_module'
[INFO] 2017-12-02 12:52:22,245 INFO  (ParserWrapper:75) Start loading ontology: file:/scratch/Shares/hunter/obo-ci/data-all/base/ontologies/oba/oba_flat.owl from: file:/scratch/Shares/hunter/obo-ci/data-all/base/ontologies/oba/oba_flat.owl
[INFO] 2017-12-02 12:52:34,305 INFO  (ParserWrapper:82) Finished loading ontology: http://purl.obolibrary.org/obo/oba.owl from: file:/scratch/Shares/hunter/obo-ci/data-all/base/ontologies/oba/oba_flat.owl
[INFO] # PARSING: <http://www.w3.org/2002/07/owl#Nothing>
[INFO] 2017-12-02 12:52:34,415 INFO  (ManchesterSyntaxTool:130) parsing: <http://www.w3.org/2002/07/owl#Nothing>
[INFO] # QUERY: owl:Nothing owl:Nothing
[INFO] 2017-12-02 12:52:38,959 INFO  (CommandRunner:6042) Created reasoner: org.semanticweb.HermiT.Reasoner@721bf9a6
[INFO] E: owl:Nothing owl:Nothing
[INFO] 2017-12-02 13:20:43,676 INFO  (CommandRunnerBase:78) disposing of org.semanticweb.HermiT.Reasoner@721bf9a6
[INFO] 2017-12-02 13:20:43,677 INFO  (CommandRunnerBase:70) disposing of org.semanticweb.HermiT.Reasoner@721bf9a6
[INFO] ------------------------------------------------------------------------
[INFO] BUILD SUCCESS
[INFO] ------------------------------------------------------------------------
[INFO] Total time: 28:26 min
[INFO] Finished at: 2017-12-02T13:20:44-07:00
[INFO] Final Memory: 21M/1963M
[INFO] ------------------------------------------------------------------------
Sat Dec  2 13:20:44 MST 2017
