Sat Dec  2 12:52:15 MST 2017
Querying for incoherent classes in: /scratch/Shares/hunter/obo-ci/data-all/base/ontologies/obib/obib_flat.owl
[INFO] Error stacktraces are turned on.
[INFO] Scanning for projects...
[INFO]                                                                         
[INFO] ------------------------------------------------------------------------
[INFO] Building incoherent-query 1.0
[INFO] ------------------------------------------------------------------------
[INFO] 
[INFO] --- exec-maven-plugin:1.1:exec (default-cli) @ incoherent-query ---
[INFO] /bin/sh: module: line 1: syntax error: unexpected end of file
[INFO] /bin/sh: error importing function definition for `BASH_FUNC_module'
[INFO] 2017-12-02 12:52:22,259 INFO  (ParserWrapper:75) Start loading ontology: file:/scratch/Shares/hunter/obo-ci/data-all/base/ontologies/obib/obib_flat.owl from: file:/scratch/Shares/hunter/obo-ci/data-all/base/ontologies/obib/obib_flat.owl
[INFO] 2017-12-02 12:52:26,123 INFO  (ParserWrapper:82) Finished loading ontology: http://purl.obolibrary.org/obo/obib.owl from: file:/scratch/Shares/hunter/obo-ci/data-all/base/ontologies/obib/obib_flat.owl
[INFO] # PARSING: <http://www.w3.org/2002/07/owl#Nothing>
[INFO] 2017-12-02 12:52:26,330 INFO  (ManchesterSyntaxTool:130) parsing: <http://www.w3.org/2002/07/owl#Nothing>
[INFO] # QUERY: owl:Nothing owl:Nothing
[INFO] 2017-12-02 12:52:26,410 INFO  (ConfigurationFactory:83) Loading default configuration parameters for class org.semanticweb.elk.reasoner.config.ReasonerConfiguration
[INFO] 2017-12-02 12:52:26,815 INFO  (Reasoner:117) ELK reasoner was created
[INFO] 2017-12-02 12:52:26,817 INFO  (CommandRunner:6042) Created reasoner: org.semanticweb.elk.owlapi.ElkReasoner@3b77a04f
[INFO] 2017-12-02 12:52:26,826 INFO  (LoggingStageExecutor:70) Loading of Axioms started
[INFO] 2017-12-02 12:52:26,839 INFO  (AbstractReasonerStage:161) Loading of Axioms using 64 workers
[INFO] 2017-12-02 12:52:26,890 WARN  (IndexedObjectUnionOf:92) [reasoner.indexing.IndexedObjectUnionOf]ELK does not support positive occurrences of ObjectUnionOf. Reasoning might be incomplete!
[INFO] 2017-12-02 12:52:26,917 WARN  (ChangeIndexingProcessor:66) [reasoner.indexing.axiomIgnored]ELK does not support InverseFunctionalObjectProperty. Axiom ignored:
[INFO] InverseFunctionalObjectProperty(<http://purl.obolibrary.org/obo/BFO_0000185>)
[INFO] 2017-12-02 12:52:26,919 WARN  (ChangeIndexingProcessor:66) [reasoner.indexing.axiomIgnored]ELK does not support InverseFunctionalObjectProperty. Axiom ignored:
[INFO] InverseFunctionalObjectProperty(<http://purl.obolibrary.org/obo/BFO_0000184>)
[INFO] 2017-12-02 12:52:26,922 WARN  (ChangeIndexingProcessor:66) [reasoner.indexing.axiomIgnored]ELK does not support ObjectAllValuesFrom. Axiom ignored:
[INFO] SubClassOf(<http://purl.obolibrary.org/obo/OBI_0200000> ObjectAllValuesFrom(<http://purl.obolibrary.org/obo/OBI_0000299> <http://purl.obolibrary.org/obo/IAO_0000027>))
[INFO] 2017-12-02 12:52:26,927 WARN  (ChangeIndexingProcessor:66) [reasoner.indexing.axiomIgnored]ELK does not support ObjectAllValuesFrom. Axiom ignored:
[INFO] SubClassOf(<http://purl.obolibrary.org/obo/OBI_0000275> ObjectAllValuesFrom(<http://purl.obolibrary.org/obo/BFO_0000054> <http://purl.obolibrary.org/obo/OBI_0000443>))
[INFO] 2017-12-02 12:52:26,934 WARN  (ChangeIndexingProcessor:66) [reasoner.indexing.axiomIgnored]ELK does not support ObjectPropertyRange. Axiom ignored:
[INFO] ObjectPropertyRange(<http://purl.obolibrary.org/obo/RO_0000059> <http://purl.obolibrary.org/obo/BFO_0000031>)
[INFO] 2017-12-02 12:52:26,935 WARN  (ChangeIndexingProcessor:66) [reasoner.indexing.axiomIgnored]ELK does not support ObjectAllValuesFrom. Axiom ignored:
[INFO] EquivalentClasses(<http://purl.obolibrary.org/obo/OBI_0302716> ObjectIntersectionOf(<http://purl.obolibrary.org/obo/OBI_0100051> ObjectSomeValuesFrom(<http://purl.obolibrary.org/obo/OBI_0000312> ObjectIntersectionOf(<http://purl.obolibrary.org/obo/OBI_0000652> ObjectAllValuesFrom(<http://purl.obolibrary.org/obo/OBI_0000293> <http://purl.obolibrary.org/obo/OBI_0100051>)))))
[INFO] 2017-12-02 12:52:26,936 WARN  (ChangeIndexingProcessor:66) [reasoner.indexing.axiomIgnored]ELK does not support ObjectAllValuesFrom. Axiom ignored:
[INFO] SubClassOf(<http://purl.obolibrary.org/obo/OBI_0000202> ObjectAllValuesFrom(<http://purl.obolibrary.org/obo/BFO_0000054> <http://purl.obolibrary.org/obo/OBI_0000066>))
[INFO] 2017-12-02 12:52:26,944 WARN  (ChangeIndexingProcessor:66) [reasoner.indexing.axiomIgnored]ELK does not support ObjectAllValuesFrom. Axiom ignored:
[INFO] SubClassOf(<http://purl.obolibrary.org/obo/OMIABIS_0000021> ObjectAllValuesFrom(<http://purl.obolibrary.org/obo/BFO_0000051> <http://purl.obolibrary.org/obo/IAO_0000029>))
[INFO] 2017-12-02 12:52:26,945 WARN  (ChangeIndexingProcessor:66) [reasoner.indexing.axiomIgnored]ELK does not support ObjectPropertyRange. Axiom ignored:
[INFO] ObjectPropertyRange(<http://purl.obolibrary.org/obo/OMIABIS_0000008> ObjectUnionOf(<http://purl.obolibrary.org/obo/BFO_0000040> <http://purl.obolibrary.org/obo/IAO_0000030>))
[INFO] 2017-12-02 12:52:26,947 WARN  (ChangeIndexingProcessor:66) [reasoner.indexing.axiomIgnored]ELK does not support ObjectOneOf. Axiom ignored:
[INFO] EquivalentClasses(<http://purl.obolibrary.org/obo/IAO_0000225> ObjectOneOf(<http://purl.obolibrary.org/obo/IAO_0000229> <http://purl.obolibrary.org/obo/IAO_0000227> <http://purl.obolibrary.org/obo/IAO_0000228> <http://purl.obolibrary.org/obo/IAO_0000226> <http://purl.obolibrary.org/obo/IAO_0000103>))
[INFO] 2017-12-02 12:52:26,953 WARN  (ChangeIndexingProcessor:66) [reasoner.indexing.axiomIgnored]ELK does not support ObjectInverseOf. Axiom ignored:
[INFO] DisjointObjectProperties(<http://purl.obolibrary.org/obo/RO_0000085> ObjectInverseOf(<http://purl.obolibrary.org/obo/RO_0000079>))
[INFO] 2017-12-02 12:52:26,962 WARN  (ChangeIndexingProcessor:66) [reasoner.indexing.axiomIgnored]ELK does not support IrreflexiveObjectProperty. Axiom ignored:
[INFO] IrreflexiveObjectProperty(<http://purl.obolibrary.org/obo/IAO_0020018>)
[INFO] 2017-12-02 12:52:26,963 WARN  (ChangeIndexingProcessor:66) [reasoner.indexing.axiomIgnored]ELK does not support IrreflexiveObjectProperty. Axiom ignored:
[INFO] IrreflexiveObjectProperty(<http://purl.obolibrary.org/obo/IAO_0020012>)
[INFO] 2017-12-02 12:52:26,973 WARN  (ChangeIndexingProcessor:66) [reasoner.indexing.axiomIgnored]ELK does not support ObjectPropertyRange. Axiom ignored:
[INFO] ObjectPropertyRange(<http://purl.obolibrary.org/obo/RO_0000058> <http://purl.obolibrary.org/obo/BFO_0000020>)
[INFO] 2017-12-02 12:52:26,974 WARN  (ChangeIndexingProcessor:66) [reasoner.indexing.axiomIgnored]ELK does not support ObjectPropertyRange. Axiom ignored:
[INFO] ObjectPropertyRange(<http://purl.obolibrary.org/obo/OMIABIS_0000009> ObjectUnionOf(<http://purl.obolibrary.org/obo/BFO_0000040> <http://purl.obolibrary.org/obo/IAO_0000030>))
[INFO] 2017-12-02 12:52:26,976 WARN  (ChangeIndexingProcessor:66) [reasoner.indexing.axiomIgnored]ELK does not support ObjectInverseOf. Axiom ignored:
[INFO] DisjointObjectProperties(<http://purl.obolibrary.org/obo/RO_0000081> ObjectInverseOf(<http://purl.obolibrary.org/obo/RO_0000087>))
[INFO] 2017-12-02 12:52:26,977 WARN  (ChangeIndexingProcessor:66) [reasoner.indexing.axiomIgnored]ELK does not support ObjectAllValuesFrom. Axiom ignored:
[INFO] EquivalentClasses(<http://purl.obolibrary.org/obo/OMIABIS_0000038> ObjectSomeValuesFrom(<http://purl.obolibrary.org/obo/IAO_0020012> ObjectIntersectionOf(<http://purl.obolibrary.org/obo/NCBITaxon_9606> ObjectUnionOf(ObjectIntersectionOf(ObjectSomeValuesFrom(<http://purl.obolibrary.org/obo/BFO_0000050> ObjectIntersectionOf(<http://purl.obolibrary.org/obo/BFO_0000027> ObjectSomeValuesFrom(<http://purl.obolibrary.org/obo/OMIABIS_0000009> ObjectIntersectionOf(<http://purl.obolibrary.org/obo/BFO_0000027> ObjectAllValuesFrom(<http://purl.obolibrary.org/obo/BFO_0000051> <http://purl.obolibrary.org/obo/OBI_0100051>))))) ObjectSomeValuesFrom(<http://purl.obolibrary.org/obo/RO_0000053> <http://purl.obolibrary.org/obo/OBI_0000102>)) ObjectIntersectionOf(ObjectSomeValuesFrom(<http://purl.obolibrary.org/obo/RO_0000053> <http://purl.obolibrary.org/obo/OBI_0000103>) ObjectSomeValuesFrom(<http://purl.obolibrary.org/obo/RO_0000056> <http://purl.obolibrary.org/obo/OBI_0000471>))))))
[INFO] 2017-12-02 12:52:26,981 WARN  (ChangeIndexingProcessor:66) [reasoner.indexing.axiomIgnored]ELK does not support FunctionalDataProperty. Axiom ignored:
[INFO] FunctionalDataProperty(<http://purl.obolibrary.org/obo/IAO_0000004>)
[INFO] 2017-12-02 12:52:26,981 WARN  (ChangeIndexingProcessor:66) [reasoner.indexing.axiomIgnored]ELK does not support ObjectAllValuesFrom. Axiom ignored:
[INFO] SubClassOf(<http://purl.obolibrary.org/obo/OMIABIS_0000047> ObjectIntersectionOf(ObjectSomeValuesFrom(<http://purl.obolibrary.org/obo/BFO_0000051> ObjectIntersectionOf(<http://purl.obolibrary.org/obo/OMIABIS_0000004> ObjectIntersectionOf(<http://purl.obolibrary.org/obo/OMIABIS_0000046> ObjectAllValuesFrom(<http://purl.obolibrary.org/obo/IAO_0020012> <http://purl.obolibrary.org/obo/OMIABIS_0000010>)))) ObjectSomeValuesFrom(<http://purl.obolibrary.org/obo/IAO_0020012> <http://purl.obolibrary.org/obo/OMIABIS_0000000>)))
[INFO] 2017-12-02 12:52:26,985 WARN  (ChangeIndexingProcessor:66) [reasoner.indexing.axiomIgnored]ELK does not support AsymmetricObjectProperty. Axiom ignored:
[INFO] AsymmetricObjectProperty(<http://purl.obolibrary.org/obo/IAO_0020018>)
[INFO] 2017-12-02 12:52:26,986 WARN  (ChangeIndexingProcessor:66) [reasoner.indexing.axiomIgnored]ELK does not support AsymmetricObjectProperty. Axiom ignored:
[INFO] AsymmetricObjectProperty(<http://purl.obolibrary.org/obo/IAO_0020012>)
[INFO] 2017-12-02 12:52:26,988 WARN  (ChangeIndexingProcessor:66) [reasoner.indexing.axiomIgnored]ELK does not support ObjectInverseOf. Axiom ignored:
[INFO] DisjointObjectProperties(<http://purl.obolibrary.org/obo/IAO_0000221> ObjectInverseOf(<http://purl.obolibrary.org/obo/IAO_0000417>))
[INFO] 2017-12-02 12:52:26,992 WARN  (ChangeIndexingProcessor:66) [reasoner.indexing.axiomIgnored]ELK does not support ObjectExactCardinality. Axiom ignored:
[INFO] SubClassOf(<http://purl.obolibrary.org/obo/OMIABIS_0001029> ObjectIntersectionOf(<http://purl.obolibrary.org/obo/IAO_0000030> ObjectSomeValuesFrom(<http://purl.obolibrary.org/obo/IAO_0000136> ObjectSomeValuesFrom(<http://purl.obolibrary.org/obo/BFO_0000050> ObjectIntersectionOf(<http://purl.obolibrary.org/obo/IAO_0000100> ObjectSomeValuesFrom(<http://purl.obolibrary.org/obo/IAO_0000136> ObjectIntersectionOf(<http://purl.obolibrary.org/obo/BFO_0000038> ObjectExactCardinality(1 <http://purl.obolibrary.org/obo/BFO_0000156>))))))))
[INFO] 2017-12-02 12:52:26,993 WARN  (IndexedObjectUnionOf:92) [reasoner.indexing.IndexedObjectUnionOf]ELK does not support positive occurrences of ObjectUnionOf. Reasoning might be incomplete!
[INFO] 2017-12-02 12:52:26,994 WARN  (ChangeIndexingProcessor:66) [reasoner.indexing.axiomIgnored]ELK does not support ObjectAllValuesFrom. Axiom ignored:
[INFO] EquivalentClasses(<http://purl.obolibrary.org/obo/OMIABIS_0000033> ObjectIntersectionOf(ObjectIntersectionOf(<http://purl.obolibrary.org/obo/BFO_0000027> ObjectAllValuesFrom(<http://purl.obolibrary.org/obo/BFO_0000051> <http://purl.obolibrary.org/obo/OBI_0100051>)) ObjectSomeValuesFrom(<http://purl.obolibrary.org/obo/BFO_0000050> <http://purl.obolibrary.org/obo/OMIABIS_0000000>) ObjectSomeValuesFrom(<http://purl.obolibrary.org/obo/RO_0000056> <http://purl.obolibrary.org/obo/OBI_0000471>)))
[INFO] 2017-12-02 12:52:26,995 WARN  (ChangeIndexingProcessor:66) [reasoner.indexing.axiomIgnored]ELK does not support ObjectAllValuesFrom. Axiom ignored:
[INFO] EquivalentClasses(<http://purl.obolibrary.org/obo/OMIABIS_0000100> ObjectIntersectionOf(<http://purl.obolibrary.org/obo/NCBITaxon_9606> ObjectUnionOf(ObjectIntersectionOf(ObjectSomeValuesFrom(<http://purl.obolibrary.org/obo/BFO_0000050> ObjectIntersectionOf(<http://purl.obolibrary.org/obo/BFO_0000027> ObjectSomeValuesFrom(<http://purl.obolibrary.org/obo/OMIABIS_0000009> ObjectIntersectionOf(<http://purl.obolibrary.org/obo/BFO_0000027> ObjectAllValuesFrom(<http://purl.obolibrary.org/obo/BFO_0000051> <http://purl.obolibrary.org/obo/OBI_0100051>))))) ObjectSomeValuesFrom(<http://purl.obolibrary.org/obo/RO_0000053> <http://purl.obolibrary.org/obo/OBI_0000102>)) ObjectIntersectionOf(ObjectSomeValuesFrom(<http://purl.obolibrary.org/obo/RO_0000053> <http://purl.obolibrary.org/obo/OBI_0000103>) ObjectSomeValuesFrom(<http://purl.obolibrary.org/obo/RO_0000056> <http://purl.obolibrary.org/obo/OBI_0000471>)))))
[INFO] 2017-12-02 12:52:26,997 WARN  (ChangeIndexingProcessor:66) [reasoner.indexing.axiomIgnored]ELK does not support InverseObjectProperties. Axiom ignored:
[INFO] InverseObjectProperties(<http://purl.obolibrary.org/obo/OBI_0000846> <http://purl.obolibrary.org/obo/OBI_0001688>)
[INFO] 2017-12-02 12:52:27,004 WARN  (ChangeIndexingProcessor:66) [reasoner.indexing.axiomIgnored]ELK does not support ObjectAllValuesFrom. Axiom ignored:
[INFO] EquivalentClasses(<http://purl.obolibrary.org/obo/OBI_0002001> ObjectIntersectionOf(<http://purl.obolibrary.org/obo/PATO_0001442> ObjectAllValuesFrom(<http://purl.obolibrary.org/obo/RO_0000052> <http://purl.obolibrary.org/obo/OBI_0100051>)))
[INFO] 2017-12-02 12:52:27,005 WARN  (ChangeIndexingProcessor:66) [reasoner.indexing.axiomIgnored]ELK does not support SubDataPropertyOf. Axiom ignored:
[INFO] SubDataPropertyOf(<http://purl.obolibrary.org/obo/IAO_0000004> <http://www.w3.org/2002/07/owl#topDataProperty>)
[INFO] 2017-12-02 12:52:27,007 WARN  (IndexedObjectUnionOf:92) [reasoner.indexing.IndexedObjectUnionOf]ELK does not support positive occurrences of ObjectUnionOf. Reasoning might be incomplete!
[INFO] 2017-12-02 12:52:27,008 WARN  (ChangeIndexingProcessor:66) [reasoner.indexing.axiomIgnored]ELK does not support ObjectPropertyRange. Axiom ignored:
[INFO] ObjectPropertyRange(<http://purl.obolibrary.org/obo/IAO_0000583> ObjectIntersectionOf(<http://purl.obolibrary.org/obo/IAO_0000109> ObjectComplementOf(<http://purl.obolibrary.org/obo/IAO_0000416>)))
[INFO] 2017-12-02 12:52:27,008 WARN  (ChangeIndexingProcessor:66) [reasoner.indexing.axiomIgnored]ELK does not support ObjectPropertyRange. Axiom ignored:
[INFO] ObjectPropertyRange(<http://purl.obolibrary.org/obo/RO_0000057> <http://purl.obolibrary.org/obo/BFO_0000002>)
[INFO] 2017-12-02 12:52:27,009 WARN  (IndexedObjectUnionOf:92) [reasoner.indexing.IndexedObjectUnionOf]ELK does not support positive occurrences of ObjectUnionOf. Reasoning might be incomplete!
[INFO] 2017-12-02 12:52:27,010 WARN  (ChangeIndexingProcessor:66) [reasoner.indexing.axiomIgnored]ELK does not support ObjectAllValuesFrom. Axiom ignored:
[INFO] SubClassOf(<http://purl.obolibrary.org/obo/IAO_0000416> ObjectIntersectionOf(ObjectAllValuesFrom(<http://purl.obolibrary.org/obo/IAO_0000039> <http://purl.obolibrary.org/obo/UO_0000003>) ObjectAllValuesFrom(<http://purl.obolibrary.org/obo/IAO_0000413> <http://purl.obolibrary.org/obo/BFO_0000015>)))
[INFO] 2017-12-02 12:52:27,010 WARN  (ChangeIndexingProcessor:66) [reasoner.indexing.axiomIgnored]ELK does not support ObjectAllValuesFrom. Axiom ignored:
[INFO] SubClassOf(<http://purl.obolibrary.org/obo/CLO_0009828> ObjectAllValuesFrom(<http://purl.obolibrary.org/obo/OBI_0000643> <http://purl.obolibrary.org/obo/CLO_0000019>))
[INFO] 2017-12-02 12:52:27,011 WARN  (ChangeIndexingProcessor:66) [reasoner.indexing.axiomIgnored]ELK does not support ObjectPropertyRange. Axiom ignored:
[INFO] ObjectPropertyRange(<http://purl.obolibrary.org/obo/OBI_0000417> <http://purl.obolibrary.org/obo/IAO_0000005>)
[INFO] 2017-12-02 12:52:27,011 WARN  (ChangeIndexingProcessor:66) [reasoner.indexing.axiomIgnored]ELK does not support ObjectInverseOf. Axiom ignored:
[INFO] DisjointObjectProperties(<http://purl.obolibrary.org/obo/RO_0000080> ObjectInverseOf(<http://purl.obolibrary.org/obo/RO_0000086>))
[INFO] 2017-12-02 12:52:27,012 WARN  (ChangeIndexingProcessor:66) [reasoner.indexing.axiomIgnored]ELK does not support ObjectAllValuesFrom. Axiom ignored:
[INFO] SubClassOf(<http://purl.obolibrary.org/obo/IAO_0000414> ObjectIntersectionOf(ObjectAllValuesFrom(<http://purl.obolibrary.org/obo/IAO_0000039> <http://purl.obolibrary.org/obo/UO_0000002>) ObjectAllValuesFrom(<http://purl.obolibrary.org/obo/IAO_0000221> <http://purl.obolibrary.org/obo/PATO_0000125>)))
[INFO] 2017-12-02 12:52:27,013 WARN  (ChangeIndexingProcessor:66) [reasoner.indexing.axiomIgnored]ELK does not support FunctionalObjectProperty. Axiom ignored:
[INFO] FunctionalObjectProperty(<http://purl.obolibrary.org/obo/BFO_0000184>)
[INFO] 2017-12-02 12:52:27,014 WARN  (IndexedObjectUnionOf:92) [reasoner.indexing.IndexedObjectUnionOf]ELK does not support positive occurrences of ObjectUnionOf. Reasoning might be incomplete!
[INFO] 2017-12-02 12:52:27,015 WARN  (ChangeIndexingProcessor:66) [reasoner.indexing.axiomIgnored]ELK does not support ObjectAllValuesFrom. Axiom ignored:
[INFO] SubClassOf(<http://purl.obolibrary.org/obo/OBI_0100067> ObjectAllValuesFrom(<http://purl.obolibrary.org/obo/OBI_0000312> <http://purl.obolibrary.org/obo/OBI_0600044>))
[INFO] 2017-12-02 12:52:27,015 WARN  (ChangeIndexingProcessor:66) [reasoner.indexing.axiomIgnored]ELK does not support ObjectAllValuesFrom. Axiom ignored:
[INFO] EquivalentClasses(<http://purl.obolibrary.org/obo/OMIABIS_0000060> ObjectIntersectionOf(<http://purl.obolibrary.org/obo/IAO_0000027> ObjectAllValuesFrom(<http://purl.obolibrary.org/obo/OBI_0000312> <http://purl.obolibrary.org/obo/OMIABIS_0001035>)))
[INFO] 2017-12-02 12:52:27,016 WARN  (ChangeIndexingProcessor:66) [reasoner.indexing.axiomIgnored]ELK does not support ObjectPropertyRange. Axiom ignored:
[INFO] ObjectPropertyRange(<http://purl.obolibrary.org/obo/RO_0000056> <http://purl.obolibrary.org/obo/BFO_0000003>)
[INFO] 2017-12-02 12:52:27,018 WARN  (ChangeIndexingProcessor:66) [reasoner.indexing.axiomIgnored]ELK does not support DataMinCardinality. Axiom ignored:
[INFO] SubClassOf(<http://purl.obolibrary.org/obo/IAO_0000032> DataMinCardinality(1 <http://purl.obolibrary.org/obo/IAO_0000004>))
[INFO] 2017-12-02 12:52:27,019 WARN  (IndexedObjectUnionOf:92) [reasoner.indexing.IndexedObjectUnionOf]ELK does not support positive occurrences of ObjectUnionOf. Reasoning might be incomplete!
[INFO] 2017-12-02 12:52:27,019 WARN  (ChangeIndexingProcessor:66) [reasoner.indexing.axiomIgnored]ELK does not support FunctionalObjectProperty. Axiom ignored:
[INFO] FunctionalObjectProperty(<http://purl.obolibrary.org/obo/BFO_0000185>)
[INFO] 2017-12-02 12:52:27,021 WARN  (ChangeIndexingProcessor:66) [reasoner.indexing.axiomIgnored]ELK does not support ObjectAllValuesFrom. Axiom ignored:
[INFO] EquivalentClasses(<http://purl.obolibrary.org/obo/OMIABIS_0000044> ObjectIntersectionOf(<http://purl.obolibrary.org/obo/OMIABIS_0000026> ObjectSomeValuesFrom(<http://purl.obolibrary.org/obo/BFO_0000050> ObjectIntersectionOf(<http://purl.obolibrary.org/obo/IAO_0000422> ObjectSomeValuesFrom(<http://purl.obolibrary.org/obo/OMIABIS_0000042> ObjectIntersectionOf(<http://purl.obolibrary.org/obo/NCBITaxon_9606> ObjectUnionOf(ObjectIntersectionOf(ObjectSomeValuesFrom(<http://purl.obolibrary.org/obo/BFO_0000050> <http://purl.obolibrary.org/obo/BFO_0000027>) ObjectSomeValuesFrom(<http://purl.obolibrary.org/obo/OMIABIS_0000009> ObjectIntersectionOf(<http://purl.obolibrary.org/obo/BFO_0000027> ObjectAllValuesFrom(<http://purl.obolibrary.org/obo/BFO_0000051> <http://purl.obolibrary.org/obo/OBI_0100051>)))) ObjectIntersectionOf(ObjectSomeValuesFrom(<http://purl.obolibrary.org/obo/RO_0000053> <http://purl.obolibrary.org/obo/OMIABIS_0000094>) ObjectSomeValuesFrom(<http://purl.obolibrary.org/obo/RO_0000056> <http://purl.obolibrary.org/obo/OBI_0000471>)))))))))
[INFO] 2017-12-02 12:52:27,021 WARN  (IndexedObjectUnionOf:92) [reasoner.indexing.IndexedObjectUnionOf]ELK does not support positive occurrences of ObjectUnionOf. Reasoning might be incomplete!
[INFO] 2017-12-02 12:52:27,024 WARN  (ChangeIndexingProcessor:66) [reasoner.indexing.axiomIgnored]ELK does not support DataPropertyDomain. Axiom ignored:
[INFO] DataPropertyDomain(<http://purl.obolibrary.org/obo/OBI_0001937> <http://purl.obolibrary.org/obo/OBI_0001933>)
[INFO] 2017-12-02 12:52:27,025 WARN  (IndexedObjectUnionOf:92) [reasoner.indexing.IndexedObjectUnionOf]ELK does not support positive occurrences of ObjectUnionOf. Reasoning might be incomplete!
[INFO] 2017-12-02 12:52:27,026 WARN  (IndexedObjectUnionOf:92) [reasoner.indexing.IndexedObjectUnionOf]ELK does not support positive occurrences of ObjectUnionOf. Reasoning might be incomplete!
[INFO] 2017-12-02 12:52:27,028 WARN  (IndexedObjectUnionOf:92) [reasoner.indexing.IndexedObjectUnionOf]ELK does not support positive occurrences of ObjectUnionOf. Reasoning might be incomplete!
[INFO] 2017-12-02 12:52:27,032 WARN  (ChangeIndexingProcessor:66) [reasoner.indexing.axiomIgnored]ELK does not support ObjectPropertyRange. Axiom ignored:
[INFO] ObjectPropertyRange(<http://purl.obolibrary.org/obo/RO_0000053> <http://purl.obolibrary.org/obo/BFO_0000020>)
[INFO] 2017-12-02 12:52:27,033 WARN  (ChangeIndexingProcessor:66) [reasoner.indexing.axiomIgnored]ELK does not support ObjectExactCardinality. Axiom ignored:
[INFO] SubClassOf(<http://purl.obolibrary.org/obo/APOLLO_SV_00000085> ObjectIntersectionOf(<http://purl.obolibrary.org/obo/IAO_0000100> ObjectSomeValuesFrom(<http://purl.obolibrary.org/obo/BFO_0000051> ObjectIntersectionOf(<http://purl.obolibrary.org/obo/IAO_0000109> ObjectSomeValuesFrom(<http://purl.obolibrary.org/obo/IAO_0000136> ObjectIntersectionOf(<http://purl.obolibrary.org/obo/BFO_0000038> ObjectExactCardinality(1 <http://purl.obolibrary.org/obo/BFO_0000156>)))))))
[INFO] 2017-12-02 12:52:27,034 WARN  (ChangeIndexingProcessor:66) [reasoner.indexing.axiomIgnored]ELK does not support InverseObjectProperties. Axiom ignored:
[INFO] InverseObjectProperties(<http://purl.obolibrary.org/obo/OBI_0000293> <http://purl.obolibrary.org/obo/OBI_0000295>)
[INFO] 2017-12-02 12:52:27,036 WARN  (ChangeIndexingProcessor:66) [reasoner.indexing.axiomIgnored]ELK does not support ObjectAllValuesFrom. Axiom ignored:
[INFO] SubClassOf(<http://purl.obolibrary.org/obo/OBI_0001905> ObjectAllValuesFrom(<http://purl.obolibrary.org/obo/OBI_0000643> <http://purl.obolibrary.org/obo/OBI_0001866>))
[INFO] 2017-12-02 12:52:27,038 WARN  (IndexedObjectUnionOf:92) [reasoner.indexing.IndexedObjectUnionOf]ELK does not support positive occurrences of ObjectUnionOf. Reasoning might be incomplete!
[INFO] 2017-12-02 12:52:27,039 WARN  (ChangeIndexingProcessor:66) [reasoner.indexing.axiomIgnored]ELK does not support ObjectPropertyRange. Axiom ignored:
[INFO] ObjectPropertyRange(<http://purl.obolibrary.org/obo/IAO_0000039> <http://purl.obolibrary.org/obo/IAO_0000003>)
[INFO] 2017-12-02 12:52:27,039 WARN  (ChangeIndexingProcessor:66) [reasoner.indexing.axiomIgnored]ELK does not support ObjectAllValuesFrom. Axiom ignored:
[INFO] EquivalentClasses(<http://purl.obolibrary.org/obo/OMIABIS_0000036> ObjectIntersectionOf(<http://purl.obolibrary.org/obo/IAO_0000300> ObjectSomeValuesFrom(<http://purl.obolibrary.org/obo/IAO_0000136> ObjectUnionOf(ObjectIntersectionOf(<http://purl.obolibrary.org/obo/BFO_0000027> ObjectAllValuesFrom(<http://purl.obolibrary.org/obo/BFO_0000051> <http://purl.obolibrary.org/obo/OBI_0100051>)) ObjectSomeValuesFrom(<http://purl.obolibrary.org/obo/IAO_0000136> ObjectIntersectionOf(<http://purl.obolibrary.org/obo/IAO_0000005> ObjectSomeValuesFrom(<http://purl.obolibrary.org/obo/BFO_0000050> <http://purl.obolibrary.org/obo/OBI_0500000>)))))))
[INFO] 2017-12-02 12:52:27,042 WARN  (ChangeIndexingProcessor:66) [reasoner.indexing.axiomIgnored]ELK does not support DataPropertyRange. Axiom ignored:
[INFO] DataPropertyRange(<http://purl.obolibrary.org/obo/OBI_0001937> <http://www.w3.org/2002/07/owl#real>)
[INFO] 2017-12-02 12:52:27,042 WARN  (ChangeIndexingProcessor:66) [reasoner.indexing.axiomIgnored]ELK does not support ObjectAllValuesFrom. Axiom ignored:
[INFO] SubClassOf(<http://purl.obolibrary.org/obo/OBI_0002138> ObjectIntersectionOf(ObjectSomeValuesFrom(<http://purl.obolibrary.org/obo/OBI_0001927> <http://purl.obolibrary.org/obo/PATO_0000146>) ObjectAllValuesFrom(<http://purl.obolibrary.org/obo/IAO_0000039> <http://purl.obolibrary.org/obo/UO_0000005>)))
[INFO] 2017-12-02 12:52:27,044 WARN  (ChangeIndexingProcessor:66) [reasoner.indexing.axiomIgnored]ELK does not support ObjectPropertyRange. Axiom ignored:
[INFO] ObjectPropertyRange(<http://purl.obolibrary.org/obo/OBI_0000295> <http://purl.obolibrary.org/obo/OBI_0000011>)
[INFO] 2017-12-02 12:52:27,045 WARN  (ChangeIndexingProcessor:66) [reasoner.indexing.axiomIgnored]ELK does not support ObjectPropertyRange. Axiom ignored:
[INFO] ObjectPropertyRange(<http://purl.obolibrary.org/obo/OBI_0001938> <http://purl.obolibrary.org/obo/OBI_0001933>)
[INFO] 2017-12-02 12:52:27,046 WARN  (IndexedObjectUnionOf:92) [reasoner.indexing.IndexedObjectUnionOf]ELK does not support positive occurrences of ObjectUnionOf. Reasoning might be incomplete!
[INFO] 2017-12-02 12:52:27,046 WARN  (ChangeIndexingProcessor:66) [reasoner.indexing.axiomIgnored]ELK does not support ObjectAllValuesFrom. Axiom ignored:
[INFO] SubClassOf(<http://purl.obolibrary.org/obo/OMRSE_00000038> ObjectIntersectionOf(ObjectSomeValuesFrom(<http://purl.obolibrary.org/obo/RO_0000052> ObjectUnionOf(<http://purl.obolibrary.org/obo/NCBITaxon_9606> <http://purl.obolibrary.org/obo/OMRSE_00000023>)) ObjectAllValuesFrom(<http://purl.obolibrary.org/obo/RO_0000052> ObjectUnionOf(<http://purl.obolibrary.org/obo/NCBITaxon_9606> <http://purl.obolibrary.org/obo/OMRSE_00000023>))))
[INFO] 2017-12-02 12:52:27,047 WARN  (ChangeIndexingProcessor:66) [reasoner.indexing.axiomIgnored]ELK does not support ObjectExactCardinality. Axiom ignored:
[INFO] SubClassOf(<http://purl.obolibrary.org/obo/OMIABIS_0001000> ObjectIntersectionOf(<http://purl.obolibrary.org/obo/IAO_0000030> ObjectSomeValuesFrom(<http://purl.obolibrary.org/obo/IAO_0000136> ObjectIntersectionOf(ObjectSomeValuesFrom(<http://purl.obolibrary.org/obo/BFO_0000050> <http://purl.obolibrary.org/obo/IAO_0000100>) ObjectSomeValuesFrom(<http://purl.obolibrary.org/obo/IAO_0000136> ObjectIntersectionOf(<http://purl.obolibrary.org/obo/BFO_0000038> ObjectExactCardinality(1 <http://purl.obolibrary.org/obo/BFO_0000156>)))))))
[INFO] 2017-12-02 12:52:27,048 WARN  (IndexedObjectUnionOf:92) [reasoner.indexing.IndexedObjectUnionOf]ELK does not support positive occurrences of ObjectUnionOf. Reasoning might be incomplete!
[INFO] 2017-12-02 12:52:27,049 WARN  (ChangeIndexingProcessor:66) [reasoner.indexing.axiomIgnored]ELK does not support ObjectInverseOf. Axiom ignored:
[INFO] DisjointObjectProperties(<http://purl.obolibrary.org/obo/BFO_0000051> ObjectInverseOf(<http://purl.obolibrary.org/obo/BFO_0000050>))
[INFO] 2017-12-02 12:52:27,050 WARN  (ChangeIndexingProcessor:66) [reasoner.indexing.axiomIgnored]ELK does not support ObjectAllValuesFrom. Axiom ignored:
[INFO] SubClassOf(<http://purl.obolibrary.org/obo/OBI_0200000> ObjectAllValuesFrom(<http://purl.obolibrary.org/obo/OBI_0000293> <http://purl.obolibrary.org/obo/IAO_0000027>))
[INFO] 2017-12-02 12:52:27,051 WARN  (ChangeIndexingProcessor:66) [reasoner.indexing.axiomIgnored]ELK does not support ObjectOneOf. Axiom ignored:
[INFO] EquivalentClasses(<http://www.geneontology.org/formats/oboInOwl#Subset> ObjectOneOf(<http://purl.obolibrary.org/obo/IAO_0000224>))
[INFO] 2017-12-02 12:52:27,052 WARN  (IndexedObjectComplementOf:84) [reasoner.indexing.IndexedObjectComplementOf]ELK does not support negative occurrences of ObjectComplementOf. Reasoning might be incomplete!
[INFO] 2017-12-02 12:52:27,053 WARN  (ChangeIndexingProcessor:66) [reasoner.indexing.axiomIgnored]ELK does not support ObjectAllValuesFrom. Axiom ignored:
[INFO] EquivalentClasses(<http://purl.obolibrary.org/obo/IAO_0020000> ObjectIntersectionOf(ObjectSomeValuesFrom(<http://purl.obolibrary.org/obo/IAO_0020012> <http://purl.obolibrary.org/obo/BFO_0000001>) ObjectAllValuesFrom(<http://purl.obolibrary.org/obo/OBI_0000312> <http://purl.obolibrary.org/obo/IAO_0020010>)))
[INFO] 2017-12-02 12:52:27,054 WARN  (ChangeIndexingProcessor:66) [reasoner.indexing.axiomIgnored]ELK does not support ObjectPropertyRange. Axiom ignored:
[INFO] ObjectPropertyRange(<http://purl.obolibrary.org/obo/OBIB_0000038> <http://purl.obolibrary.org/obo/IAO_0000109>)
[INFO] 2017-12-02 12:52:27,054 WARN  (IndexedObjectUnionOf:92) [reasoner.indexing.IndexedObjectUnionOf]ELK does not support positive occurrences of ObjectUnionOf. Reasoning might be incomplete!
[INFO] 2017-12-02 12:52:27,055 WARN  (ChangeIndexingProcessor:66) [reasoner.indexing.axiomIgnored]ELK does not support ObjectAllValuesFrom. Axiom ignored:
[INFO] EquivalentClasses(<http://purl.obolibrary.org/obo/OMIABIS_0000039> ObjectSomeValuesFrom(<http://purl.obolibrary.org/obo/IAO_0020012> ObjectIntersectionOf(<http://purl.obolibrary.org/obo/NCBITaxon_9606> ObjectUnionOf(ObjectIntersectionOf(ObjectSomeValuesFrom(<http://purl.obolibrary.org/obo/BFO_0000050> ObjectIntersectionOf(<http://purl.obolibrary.org/obo/BFO_0000027> ObjectSomeValuesFrom(<http://purl.obolibrary.org/obo/OMIABIS_0000009> ObjectIntersectionOf(<http://purl.obolibrary.org/obo/BFO_0000027> ObjectAllValuesFrom(<http://purl.obolibrary.org/obo/BFO_0000051> <http://purl.obolibrary.org/obo/OBI_0100051>))))) ObjectSomeValuesFrom(<http://purl.obolibrary.org/obo/RO_0000053> <http://purl.obolibrary.org/obo/OMIABIS_0000094>)) ObjectIntersectionOf(ObjectSomeValuesFrom(<http://purl.obolibrary.org/obo/RO_0000053> <http://purl.obolibrary.org/obo/OMIABIS_0000094>) ObjectSomeValuesFrom(<http://purl.obolibrary.org/obo/RO_0000056> <http://purl.obolibrary.org/obo/OBI_0000471>))))))
[INFO] 2017-12-02 12:52:27,058 WARN  (ChangeIndexingProcessor:66) [reasoner.indexing.axiomIgnored]ELK does not support ObjectAllValuesFrom. Axiom ignored:
[INFO] EquivalentClasses(<http://purl.obolibrary.org/obo/OMIABIS_0000035> ObjectIntersectionOf(<http://purl.obolibrary.org/obo/IAO_0000429> ObjectSomeValuesFrom(<http://purl.obolibrary.org/obo/OMIABIS_0000042> ObjectIntersectionOf(<http://purl.obolibrary.org/obo/NCBITaxon_9606> ObjectUnionOf(ObjectIntersectionOf(ObjectSomeValuesFrom(<http://purl.obolibrary.org/obo/BFO_0000050> <http://purl.obolibrary.org/obo/BFO_0000027>) ObjectSomeValuesFrom(<http://purl.obolibrary.org/obo/OMIABIS_0000009> ObjectIntersectionOf(<http://purl.obolibrary.org/obo/BFO_0000027> ObjectAllValuesFrom(<http://purl.obolibrary.org/obo/BFO_0000051> <http://purl.obolibrary.org/obo/OBI_0100051>)))) ObjectIntersectionOf(ObjectSomeValuesFrom(<http://purl.obolibrary.org/obo/RO_0000053> <http://purl.obolibrary.org/obo/OMIABIS_0000094>) ObjectSomeValuesFrom(<http://purl.obolibrary.org/obo/RO_0000056> <http://purl.obolibrary.org/obo/OBI_0000471>)))))))
[INFO] 2017-12-02 12:52:27,059 WARN  (IndexedObjectUnionOf:92) [reasoner.indexing.IndexedObjectUnionOf]ELK does not support positive occurrences of ObjectUnionOf. Reasoning might be incomplete!
[INFO] 2017-12-02 12:52:27,060 WARN  (ChangeIndexingProcessor:66) [reasoner.indexing.axiomIgnored]ELK does not support ObjectInverseOf. Axiom ignored:
[INFO] SubClassOf(<http://purl.obolibrary.org/obo/IAO_0020023> ObjectIntersectionOf(<http://purl.obolibrary.org/obo/BFO_0000015> ObjectSomeValuesFrom(<http://purl.obolibrary.org/obo/BFO_0000055> <http://purl.obolibrary.org/obo/IAO_0020024>) ObjectSomeValuesFrom(<http://purl.obolibrary.org/obo/RO_0000057> <http://purl.obolibrary.org/obo/IAO_0000027>) ObjectSomeValuesFrom(<http://purl.obolibrary.org/obo/RO_0000057> ObjectSomeValuesFrom(ObjectInverseOf(<http://purl.obolibrary.org/obo/IAO_0000136>) <http://purl.obolibrary.org/obo/IAO_0000027>))))
[INFO] 2017-12-02 12:52:27,061 WARN  (ChangeIndexingProcessor:66) [reasoner.indexing.axiomIgnored]ELK does not support DataMinCardinality. Axiom ignored:
[INFO] SubClassOf(<http://purl.obolibrary.org/obo/OBI_0001931> DataMinCardinality(1 <http://purl.obolibrary.org/obo/OBI_0001937>))
[INFO] 2017-12-02 12:52:27,062 WARN  (ChangeIndexingProcessor:66) [reasoner.indexing.axiomIgnored]ELK does not support InverseObjectProperties. Axiom ignored:
[INFO] InverseObjectProperties(<http://purl.obolibrary.org/obo/IAO_0020012> <http://purl.obolibrary.org/obo/IAO_0020018>)
[INFO] 2017-12-02 12:52:27,063 WARN  (IndexedObjectUnionOf:92) [reasoner.indexing.IndexedObjectUnionOf]ELK does not support positive occurrences of ObjectUnionOf. Reasoning might be incomplete!
[INFO] 2017-12-02 12:52:27,063 WARN  (ChangeIndexingProcessor:66) [reasoner.indexing.axiomIgnored]ELK does not support ObjectPropertyRange. Axiom ignored:
[INFO] ObjectPropertyRange(<http://purl.obolibrary.org/obo/IAO_0000581> <http://purl.obolibrary.org/obo/IAO_0000416>)
[INFO] 2017-12-02 12:52:27,064 WARN  (ChangeIndexingProcessor:66) [reasoner.indexing.axiomIgnored]ELK does not support ObjectPropertyRange. Axiom ignored:
[INFO] ObjectPropertyRange(<http://purl.obolibrary.org/obo/OBI_0001688> ObjectUnionOf(<http://purl.obolibrary.org/obo/NCBITaxon_9606> <http://purl.obolibrary.org/obo/OBI_0000245>))
[INFO] 2017-12-02 12:52:27,064 WARN  (ChangeIndexingProcessor:66) [reasoner.indexing.axiomIgnored]ELK does not support ObjectAllValuesFrom. Axiom ignored:
[INFO] SubClassOf(<http://purl.obolibrary.org/obo/OBI_0002139> ObjectIntersectionOf(ObjectSomeValuesFrom(<http://purl.obolibrary.org/obo/OBI_0001927> <http://purl.obolibrary.org/obo/PATO_0000918>) ObjectAllValuesFrom(<http://purl.obolibrary.org/obo/IAO_0000039> <http://purl.obolibrary.org/obo/UO_0000095>)))
[INFO] 2017-12-02 12:52:27,065 WARN  (ChangeIndexingProcessor:66) [reasoner.indexing.axiomIgnored]ELK does not support ObjectInverseOf. Axiom ignored:
[INFO] DisjointObjectProperties(<http://purl.obolibrary.org/obo/BFO_0000050> ObjectInverseOf(<http://purl.obolibrary.org/obo/BFO_0000051>))
[INFO] 2017-12-02 12:52:27,065 WARN  (IndexedObjectUnionOf:92) [reasoner.indexing.IndexedObjectUnionOf]ELK does not support positive occurrences of ObjectUnionOf. Reasoning might be incomplete!
[INFO] 2017-12-02 12:52:27,066 WARN  (ChangeIndexingProcessor:66) [reasoner.indexing.axiomIgnored]ELK does not support InverseObjectProperties. Axiom ignored:
[INFO] InverseObjectProperties(<http://purl.obolibrary.org/obo/OBI_0000417> <http://purl.obolibrary.org/obo/OBI_0000833>)
[INFO] 2017-12-02 12:52:27,068 WARN  (ChangeIndexingProcessor:66) [reasoner.indexing.axiomIgnored]ELK does not support ObjectAllValuesFrom. Axiom ignored:
[INFO] SubClassOf(<http://purl.obolibrary.org/obo/OBI_0000947> ObjectAllValuesFrom(<http://purl.obolibrary.org/obo/BFO_0000054> <http://purl.obolibrary.org/obo/OBI_0000011>))
[INFO] 2017-12-02 12:52:27,069 WARN  (ChangeIndexingProcessor:66) [reasoner.indexing.axiomIgnored]ELK does not support ObjectAllValuesFrom. Axiom ignored:
[INFO] SubClassOf(<http://purl.obolibrary.org/obo/OBI_0000444> ObjectAllValuesFrom(<http://purl.obolibrary.org/obo/BFO_0000054> <http://purl.obolibrary.org/obo/OBI_0000274>))
[INFO] 2017-12-02 12:52:27,070 WARN  (ChangeIndexingProcessor:66) [reasoner.indexing.axiomIgnored]ELK does not support ObjectAllValuesFrom. Axiom ignored:
[INFO] SubClassOf(<http://purl.obolibrary.org/obo/OMRSE_00000012> ObjectIntersectionOf(ObjectSomeValuesFrom(<http://purl.obolibrary.org/obo/RO_0000052> ObjectUnionOf(<http://purl.obolibrary.org/obo/NCBITaxon_9606> <http://purl.obolibrary.org/obo/OBI_0000245>)) ObjectAllValuesFrom(<http://purl.obolibrary.org/obo/RO_0000052> ObjectUnionOf(<http://purl.obolibrary.org/obo/NCBITaxon_9606> <http://purl.obolibrary.org/obo/OBI_0000245>))))
[INFO] 2017-12-02 12:52:27,076 WARN  (ChangeIndexingProcessor:66) [reasoner.indexing.axiomIgnored]ELK does not support ObjectPropertyRange. Axiom ignored:
[INFO] ObjectPropertyRange(<http://purl.obolibrary.org/obo/RO_0000087> <http://purl.obolibrary.org/obo/BFO_0000023>)
[INFO] 2017-12-02 12:52:27,077 WARN  (ChangeIndexingProcessor:66) [reasoner.indexing.axiomIgnored]ELK does not support ObjectPropertyRange. Axiom ignored:
[INFO] ObjectPropertyRange(<http://purl.obolibrary.org/obo/IAO_0020012> <http://purl.obolibrary.org/obo/BFO_0000001>)
[INFO] 2017-12-02 12:52:27,079 WARN  (ChangeIndexingProcessor:66) [reasoner.indexing.axiomIgnored]ELK does not support ObjectPropertyRange. Axiom ignored:
[INFO] ObjectPropertyRange(<http://purl.obolibrary.org/obo/RO_0000085> <http://purl.obolibrary.org/obo/BFO_0000034>)
[INFO] 2017-12-02 12:52:27,080 WARN  (ChangeIndexingProcessor:66) [reasoner.indexing.axiomIgnored]ELK does not support SubDataPropertyOf. Axiom ignored:
[INFO] SubDataPropertyOf(<http://purl.obolibrary.org/obo/OBI_0001937> <http://purl.obolibrary.org/obo/OBI_0002135>)
[INFO] 2017-12-02 12:52:27,081 WARN  (ChangeIndexingProcessor:66) [reasoner.indexing.axiomIgnored]ELK does not support ObjectPropertyRange. Axiom ignored:
[INFO] ObjectPropertyRange(<http://purl.obolibrary.org/obo/IAO_0000413> <http://purl.obolibrary.org/obo/BFO_0000015>)
[INFO] 2017-12-02 12:52:27,082 WARN  (IndexedObjectUnionOf:92) [reasoner.indexing.IndexedObjectUnionOf]ELK does not support positive occurrences of ObjectUnionOf. Reasoning might be incomplete!
[INFO] 2017-12-02 12:52:27,083 WARN  (ChangeIndexingProcessor:66) [reasoner.indexing.axiomIgnored]ELK does not support ObjectAllValuesFrom. Axiom ignored:
[INFO] EquivalentClasses(<http://purl.obolibrary.org/obo/IAO_0020021> ObjectIntersectionOf(<http://purl.obolibrary.org/obo/IAO_0000310> ObjectSomeValuesFrom(<http://purl.obolibrary.org/obo/IAO_0000136> <http://purl.obolibrary.org/obo/IAO_0020022>) ObjectSomeValuesFrom(<http://purl.obolibrary.org/obo/RO_0000058> ObjectIntersectionOf(<http://purl.obolibrary.org/obo/BFO_0000020> ObjectSomeValuesFrom(<http://purl.obolibrary.org/obo/RO_0000052> ObjectSomeValuesFrom(<http://purl.obolibrary.org/obo/RO_0000053> <http://purl.obolibrary.org/obo/IAO_0020024>)))) ObjectAllValuesFrom(<http://purl.obolibrary.org/obo/RO_0000058> ObjectIntersectionOf(<http://purl.obolibrary.org/obo/BFO_0000020> ObjectSomeValuesFrom(<http://purl.obolibrary.org/obo/RO_0000052> ObjectSomeValuesFrom(<http://purl.obolibrary.org/obo/RO_0000053> <http://purl.obolibrary.org/obo/IAO_0020024>))))))
[INFO] 2017-12-02 12:52:27,084 WARN  (ChangeIndexingProcessor:66) [reasoner.indexing.axiomIgnored]ELK does not support IrreflexiveObjectProperty. Axiom ignored:
[INFO] IrreflexiveObjectProperty(<http://purl.obolibrary.org/obo/RO_0002351>)
[INFO] 2017-12-02 12:52:27,085 WARN  (ChangeIndexingProcessor:66) [reasoner.indexing.axiomIgnored]ELK does not support ObjectPropertyRange. Axiom ignored:
[INFO] ObjectPropertyRange(<http://purl.obolibrary.org/obo/RO_0000086> <http://purl.obolibrary.org/obo/BFO_0000019>)
[INFO] 2017-12-02 12:52:27,092 WARN  (IndexedObjectUnionOf:92) [reasoner.indexing.IndexedObjectUnionOf]ELK does not support positive occurrences of ObjectUnionOf. Reasoning might be incomplete!
[INFO] 2017-12-02 12:52:27,098 WARN  (ChangeIndexingProcessor:66) [reasoner.indexing.axiomIgnored]ELK does not support ObjectAllValuesFrom. Axiom ignored:
[INFO] EquivalentClasses(<http://purl.obolibrary.org/obo/OMRSE_00000033> ObjectIntersectionOf(ObjectComplementOf(<http://purl.obolibrary.org/obo/OBI_0000245>) ObjectAllValuesFrom(<http://purl.obolibrary.org/obo/OMRSE_00000020> <http://purl.obolibrary.org/obo/OBI_0000245>) ObjectMinCardinality(2 <http://purl.obolibrary.org/obo/OMRSE_00000020>)))
[INFO] 2017-12-02 12:52:27,099 WARN  (ChangeIndexingProcessor:66) [reasoner.indexing.axiomIgnored]ELK does not support ObjectAllValuesFrom. Axiom ignored:
[INFO] EquivalentClasses(<http://purl.obolibrary.org/obo/OMIABIS_0000000> ObjectIntersectionOf(<http://purl.obolibrary.org/obo/BFO_0000027> ObjectSomeValuesFrom(<http://purl.obolibrary.org/obo/BFO_0000051> ObjectIntersectionOf(<http://purl.obolibrary.org/obo/BFO_0000027> ObjectAllValuesFrom(<http://purl.obolibrary.org/obo/BFO_0000051> ObjectIntersectionOf(<http://purl.obolibrary.org/obo/OBI_0100051> ObjectSomeValuesFrom(<http://purl.obolibrary.org/obo/RO_0000056> <http://purl.obolibrary.org/obo/OBI_0302893>))))) ObjectSomeValuesFrom(<http://purl.obolibrary.org/obo/BFO_0000051> ObjectIntersectionOf(<http://purl.obolibrary.org/obo/IAO_0000178> ObjectSomeValuesFrom(<http://purl.obolibrary.org/obo/RO_0000056> ObjectIntersectionOf(<http://purl.obolibrary.org/obo/OBI_0302914> ObjectSomeValuesFrom(<http://purl.obolibrary.org/obo/OBI_0000299> ObjectIntersectionOf(<http://purl.obolibrary.org/obo/IAO_0000100> ObjectSomeValuesFrom(<http://purl.obolibrary.org/obo/IAO_0000136> ObjectIntersectionOf(<http://purl.obolibrary.org/obo/BFO_0000027> ObjectAllValuesFrom(<http://purl.obolibrary.org/obo/BFO_0000051> <http://purl.obolibrary.org/obo/OBI_0100051>))))))))) ObjectSomeValuesFrom(<http://purl.obolibrary.org/obo/OMIABIS_0000048> <http://purl.obolibrary.org/obo/OMIABIS_0000010>)))
[INFO] 2017-12-02 12:52:27,101 WARN  (ChangeIndexingProcessor:66) [reasoner.indexing.axiomIgnored]ELK does not support SymmetricObjectProperty. Axiom ignored:
[INFO] SymmetricObjectProperty(<http://purl.obolibrary.org/obo/OBI_0001637>)
[INFO] 2017-12-02 12:52:27,102 WARN  (ChangeIndexingProcessor:66) [reasoner.indexing.axiomIgnored]ELK does not support ObjectInverseOf. Axiom ignored:
[INFO] SubClassOf(<http://purl.obolibrary.org/obo/IAO_0020022> ObjectIntersectionOf(ObjectSomeValuesFrom(<http://purl.obolibrary.org/obo/BFO_0000051> <http://purl.obolibrary.org/obo/IAO_0000030>) ObjectSomeValuesFrom(ObjectInverseOf(<http://purl.obolibrary.org/obo/IAO_0000136>) <http://purl.obolibrary.org/obo/IAO_0020021>) ObjectAllValuesFrom(<http://purl.obolibrary.org/obo/BFO_0000051> <http://purl.obolibrary.org/obo/IAO_0000030>)))
[INFO] 2017-12-02 12:52:27,103 WARN  (ChangeIndexingProcessor:66) [reasoner.indexing.axiomIgnored]ELK does not support InverseObjectProperties. Axiom ignored:
[INFO] InverseObjectProperties(<http://purl.obolibrary.org/obo/BFO_0000066> <http://purl.obolibrary.org/obo/BFO_0000067>)
[INFO] 2017-12-02 12:52:27,103 WARN  (IndexedObjectUnionOf:92) [reasoner.indexing.IndexedObjectUnionOf]ELK does not support positive occurrences of ObjectUnionOf. Reasoning might be incomplete!
[INFO] 2017-12-02 12:52:27,104 WARN  (ChangeIndexingProcessor:66) [reasoner.indexing.axiomIgnored]ELK does not support InverseObjectProperties. Axiom ignored:
[INFO] InverseObjectProperties(<http://purl.obolibrary.org/obo/RO_0001000> <http://purl.obolibrary.org/obo/RO_0001001>)
[INFO] 2017-12-02 12:52:27,105 WARN  (ChangeIndexingProcessor:66) [reasoner.indexing.axiomIgnored]ELK does not support ObjectAllValuesFrom. Axiom ignored:
[INFO] SubClassOf(<http://purl.obolibrary.org/obo/OBI_0100060> ObjectAllValuesFrom(<http://purl.obolibrary.org/obo/OBI_0000643> <http://purl.obolibrary.org/obo/CL_0000010>))
[INFO] 2017-12-02 12:52:27,106 WARN  (ChangeIndexingProcessor:66) [reasoner.indexing.axiomIgnored]ELK does not support ObjectOneOf. Axiom ignored:
[INFO] EquivalentClasses(<http://purl.obolibrary.org/obo/IAO_0000078> ObjectOneOf(<http://purl.obolibrary.org/obo/IAO_0000428> <http://purl.obolibrary.org/obo/IAO_0000423> <http://purl.obolibrary.org/obo/IAO_0000124> <http://purl.obolibrary.org/obo/IAO_0000125> <http://purl.obolibrary.org/obo/IAO_0000122> <http://purl.obolibrary.org/obo/IAO_0000002> <http://purl.obolibrary.org/obo/IAO_0000123> <http://purl.obolibrary.org/obo/IAO_0000120> <http://purl.obolibrary.org/obo/IAO_0000121>))
[INFO] 2017-12-02 12:52:27,109 WARN  (ChangeIndexingProcessor:66) [reasoner.indexing.axiomIgnored]ELK does not support ObjectAllValuesFrom. Axiom ignored:
[INFO] SubClassOf(<http://purl.obolibrary.org/obo/OMIABIS_0001010> ObjectSomeValuesFrom(<http://purl.obolibrary.org/obo/IAO_0000136> ObjectIntersectionOf(<http://purl.obolibrary.org/obo/BFO_0000027> ObjectAllValuesFrom(<http://purl.obolibrary.org/obo/BFO_0000051> ObjectIntersectionOf(<http://purl.obolibrary.org/obo/NCBITaxon_9606> ObjectSomeValuesFrom(<http://purl.obolibrary.org/obo/RO_0000053> <http://purl.obolibrary.org/obo/OBI_0000097>) ObjectSomeValuesFrom(<http://purl.obolibrary.org/obo/RO_0000056> ObjectIntersectionOf(<http://purl.obolibrary.org/obo/OBI_0000659> ObjectSomeValuesFrom(<http://purl.obolibrary.org/obo/BFO_0000050> <http://purl.obolibrary.org/obo/OBI_0000471>))))))))
[INFO] 2017-12-02 12:52:27,109 WARN  (ChangeIndexingProcessor:66) [reasoner.indexing.axiomIgnored]ELK does not support FunctionalObjectProperty. Axiom ignored:
[INFO] FunctionalObjectProperty(<http://purl.obolibrary.org/obo/IAO_0000039>)
[INFO] 2017-12-02 12:52:27,110 WARN  (ChangeIndexingProcessor:66) [reasoner.indexing.axiomIgnored]ELK does not support ObjectPropertyRange. Axiom ignored:
[INFO] ObjectPropertyRange(<http://purl.obolibrary.org/obo/RO_0002002> <http://purl.obolibrary.org/obo/BFO_0000141>)
[INFO] 2017-12-02 12:52:27,111 WARN  (ChangeIndexingProcessor:66) [reasoner.indexing.axiomIgnored]ELK does not support ObjectAllValuesFrom. Axiom ignored:
[INFO] SubClassOf(<http://purl.obolibrary.org/obo/OBI_0000571> ObjectAllValuesFrom(<http://purl.obolibrary.org/obo/BFO_0000054> <http://purl.obolibrary.org/obo/OBI_0000457>))
[INFO] 2017-12-02 12:52:27,112 WARN  (ChangeIndexingProcessor:66) [reasoner.indexing.axiomIgnored]ELK does not support ObjectAllValuesFrom. Axiom ignored:
[INFO] SubClassOf(<http://purl.obolibrary.org/obo/OMIABIS_0001011> ObjectSomeValuesFrom(<http://purl.obolibrary.org/obo/IAO_0000136> ObjectIntersectionOf(<http://purl.obolibrary.org/obo/BFO_0000027> ObjectAllValuesFrom(<http://purl.obolibrary.org/obo/BFO_0000051> ObjectIntersectionOf(<http://purl.obolibrary.org/obo/NCBITaxon_9606> ObjectIntersectionOf(ObjectSomeValuesFrom(<http://purl.obolibrary.org/obo/RO_0000053> <http://purl.obolibrary.org/obo/OBI_0000097>) ObjectSomeValuesFrom(<http://purl.obolibrary.org/obo/RO_0000056> <http://purl.obolibrary.org/obo/OBI_0000471>)))))))
[INFO] 2017-12-02 12:52:27,113 WARN  (ChangeIndexingProcessor:66) [reasoner.indexing.axiomIgnored]ELK does not support InverseObjectProperties. Axiom ignored:
[INFO] InverseObjectProperties(<http://purl.obolibrary.org/obo/RO_0000058> <http://purl.obolibrary.org/obo/RO_0000059>)
[INFO] 2017-12-02 12:52:27,114 WARN  (ChangeIndexingProcessor:66) [reasoner.indexing.axiomIgnored]ELK does not support InverseObjectProperties. Axiom ignored:
[INFO] InverseObjectProperties(<http://purl.obolibrary.org/obo/OBI_0000299> <http://purl.obolibrary.org/obo/OBI_0000312>)
[INFO] 2017-12-02 12:52:27,114 WARN  (ChangeIndexingProcessor:66) [reasoner.indexing.axiomIgnored]ELK does not support ObjectPropertyRange. Axiom ignored:
[INFO] ObjectPropertyRange(<http://purl.obolibrary.org/obo/BFO_0000156> <http://purl.obolibrary.org/obo/BFO_0000003>)
[INFO] 2017-12-02 12:52:27,114 WARN  (ChangeIndexingProcessor:66) [reasoner.indexing.axiomIgnored]ELK does not support InverseObjectProperties. Axiom ignored:
[INFO] InverseObjectProperties(<http://purl.obolibrary.org/obo/RO_0000056> <http://purl.obolibrary.org/obo/RO_0000057>)
[INFO] 2017-12-02 12:52:27,115 WARN  (ChangeIndexingProcessor:66) [reasoner.indexing.axiomIgnored]ELK does not support ObjectPropertyRange. Axiom ignored:
[INFO] ObjectPropertyRange(<http://purl.obolibrary.org/obo/OBI_0000312> <http://purl.obolibrary.org/obo/OBI_0000011>)
[INFO] 2017-12-02 12:52:27,116 WARN  (ChangeIndexingProcessor:66) [reasoner.indexing.axiomIgnored]ELK does not support ObjectAllValuesFrom. Axiom ignored:
[INFO] EquivalentClasses(<http://purl.obolibrary.org/obo/OMIABIS_0000002> ObjectIntersectionOf(<http://purl.obolibrary.org/obo/OMIABIS_0000029> ObjectSomeValuesFrom(<http://purl.obolibrary.org/obo/BFO_0000050> ObjectIntersectionOf(<http://purl.obolibrary.org/obo/IAO_0000422> ObjectSomeValuesFrom(<http://purl.obolibrary.org/obo/OMIABIS_0000042> ObjectIntersectionOf(<http://purl.obolibrary.org/obo/NCBITaxon_9606> ObjectUnionOf(ObjectIntersectionOf(ObjectSomeValuesFrom(<http://purl.obolibrary.org/obo/BFO_0000050> <http://purl.obolibrary.org/obo/BFO_0000027>) ObjectSomeValuesFrom(<http://purl.obolibrary.org/obo/OMIABIS_0000009> ObjectIntersectionOf(<http://purl.obolibrary.org/obo/BFO_0000027> ObjectAllValuesFrom(<http://purl.obolibrary.org/obo/BFO_0000051> <http://purl.obolibrary.org/obo/OBI_0100051>)))) ObjectIntersectionOf(ObjectSomeValuesFrom(<http://purl.obolibrary.org/obo/RO_0000053> <http://purl.obolibrary.org/obo/OMIABIS_0000094>) ObjectSomeValuesFrom(<http://purl.obolibrary.org/obo/RO_0000056> <http://purl.obolibrary.org/obo/OBI_0000471>)))))))))
[INFO] 2017-12-02 12:52:27,117 WARN  (ChangeIndexingProcessor:66) [reasoner.indexing.axiomIgnored]ELK does not support InverseObjectProperties. Axiom ignored:
[INFO] InverseObjectProperties(<http://purl.obolibrary.org/obo/RO_0000052> <http://purl.obolibrary.org/obo/RO_0000053>)
[INFO] 2017-12-02 12:52:27,117 WARN  (ChangeIndexingProcessor:66) [reasoner.indexing.axiomIgnored]ELK does not support ObjectInverseOf. Axiom ignored:
[INFO] DisjointObjectProperties(<http://purl.obolibrary.org/obo/OBI_0000295> ObjectInverseOf(<http://purl.obolibrary.org/obo/OBI_0000293>))
[INFO] 2017-12-02 12:52:27,118 WARN  (ChangeIndexingProcessor:66) [reasoner.indexing.axiomIgnored]ELK does not support ObjectAllValuesFrom. Axiom ignored:
[INFO] SubClassOf(<http://purl.obolibrary.org/obo/OBI_0000453> ObjectAllValuesFrom(<http://purl.obolibrary.org/obo/BFO_0000054> ObjectSomeValuesFrom(<http://purl.obolibrary.org/obo/OBI_0000299> <http://purl.obolibrary.org/obo/IAO_0000109>)))
[INFO] 2017-12-02 12:52:27,119 WARN  (ChangeIndexingProcessor:66) [reasoner.indexing.axiomIgnored]ELK does not support ObjectAllValuesFrom. Axiom ignored:
[INFO] EquivalentClasses(<http://purl.obolibrary.org/obo/OMIABIS_0000040> ObjectIntersectionOf(<http://purl.obolibrary.org/obo/OMIABIS_0000017> ObjectSomeValuesFrom(<http://purl.obolibrary.org/obo/OBI_0001688> ObjectIntersectionOf(<http://purl.obolibrary.org/obo/NCBITaxon_9606> ObjectUnionOf(ObjectIntersectionOf(ObjectSomeValuesFrom(<http://purl.obolibrary.org/obo/BFO_0000050> ObjectIntersectionOf(<http://purl.obolibrary.org/obo/BFO_0000027> ObjectSomeValuesFrom(<http://purl.obolibrary.org/obo/OMIABIS_0000009> ObjectIntersectionOf(<http://purl.obolibrary.org/obo/BFO_0000027> ObjectAllValuesFrom(<http://purl.obolibrary.org/obo/BFO_0000051> <http://purl.obolibrary.org/obo/OBI_0100051>))))) ObjectSomeValuesFrom(<http://purl.obolibrary.org/obo/RO_0000053> <http://purl.obolibrary.org/obo/OMIABIS_0000094>)) ObjectIntersectionOf(ObjectSomeValuesFrom(<http://purl.obolibrary.org/obo/RO_0000053> <http://purl.obolibrary.org/obo/OMIABIS_0000094>) ObjectSomeValuesFrom(<http://purl.obolibrary.org/obo/RO_0000056> <http://purl.obolibrary.org/obo/OBI_0000471>)))))))
[INFO] 2017-12-02 12:52:27,121 WARN  (ChangeIndexingProcessor:66) [reasoner.indexing.axiomIgnored]ELK does not support ObjectInverseOf. Axiom ignored:
[INFO] DisjointObjectProperties(<http://purl.obolibrary.org/obo/OBI_0000293> ObjectInverseOf(<http://purl.obolibrary.org/obo/OBI_0000295>))
[INFO] 2017-12-02 12:52:27,121 WARN  (ChangeIndexingProcessor:66) [reasoner.indexing.axiomIgnored]ELK does not support ObjectPropertyRange. Axiom ignored:
[INFO] ObjectPropertyRange(<http://purl.obolibrary.org/obo/OBI_0000124> <http://purl.obolibrary.org/obo/IAO_0000027>)
[INFO] 2017-12-02 12:52:27,123 WARN  (ChangeIndexingProcessor:66) [reasoner.indexing.axiomIgnored]ELK does not support ObjectMinCardinality. Axiom ignored:
[INFO] SubClassOf(<http://purl.obolibrary.org/obo/OBI_0600016> ObjectMinCardinality(2 <http://purl.obolibrary.org/obo/OBI_0000293>))
[INFO] 2017-12-02 12:52:27,124 WARN  (ChangeIndexingProcessor:66) [reasoner.indexing.axiomIgnored]ELK does not support ObjectInverseOf. Axiom ignored:
[INFO] DisjointObjectProperties(<http://purl.obolibrary.org/obo/OBI_0000299> ObjectInverseOf(<http://purl.obolibrary.org/obo/OBI_0000312>))
[INFO] 2017-12-02 12:52:27,125 WARN  (IndexedObjectUnionOf:92) [reasoner.indexing.IndexedObjectUnionOf]ELK does not support positive occurrences of ObjectUnionOf. Reasoning might be incomplete!
[INFO] 2017-12-02 12:52:27,126 WARN  (ChangeIndexingProcessor:66) [reasoner.indexing.axiomIgnored]ELK does not support InverseObjectProperties. Axiom ignored:
[INFO] InverseObjectProperties(<http://purl.obolibrary.org/obo/RO_0002350> <http://purl.obolibrary.org/obo/RO_0002351>)
[INFO] 2017-12-02 12:52:27,126 WARN  (ChangeIndexingProcessor:66) [reasoner.indexing.axiomIgnored]ELK does not support InverseObjectProperties. Axiom ignored:
[INFO] InverseObjectProperties(<http://purl.obolibrary.org/obo/RO_0000081> <http://purl.obolibrary.org/obo/RO_0000087>)
[INFO] 2017-12-02 12:52:27,126 WARN  (ChangeIndexingProcessor:66) [reasoner.indexing.axiomIgnored]ELK does not support ObjectPropertyRange. Axiom ignored:
[INFO] ObjectPropertyRange(<http://purl.obolibrary.org/obo/OBI_0001637> <http://purl.obolibrary.org/obo/BFO_0000040>)
[INFO] 2017-12-02 12:52:27,127 WARN  (ChangeIndexingProcessor:66) [reasoner.indexing.axiomIgnored]ELK does not support InverseObjectProperties. Axiom ignored:
[INFO] InverseObjectProperties(<http://purl.obolibrary.org/obo/RO_0000080> <http://purl.obolibrary.org/obo/RO_0000086>)
[INFO] 2017-12-02 12:52:27,127 WARN  (ChangeIndexingProcessor:66) [reasoner.indexing.axiomIgnored]ELK does not support InverseObjectProperties. Axiom ignored:
[INFO] InverseObjectProperties(<http://purl.obolibrary.org/obo/IAO_0000221> <http://purl.obolibrary.org/obo/IAO_0000417>)
[INFO] 2017-12-02 12:52:27,128 WARN  (IndexedObjectUnionOf:92) [reasoner.indexing.IndexedObjectUnionOf]ELK does not support positive occurrences of ObjectUnionOf. Reasoning might be incomplete!
[INFO] 2017-12-02 12:52:27,128 WARN  (ChangeIndexingProcessor:66) [reasoner.indexing.axiomIgnored]ELK does not support ObjectAllValuesFrom. Axiom ignored:
[INFO] SubClassOf(<http://purl.obolibrary.org/obo/OBI_0000097> ObjectAllValuesFrom(<http://purl.obolibrary.org/obo/BFO_0000054> <http://purl.obolibrary.org/obo/OBI_0000471>))
[INFO] 2017-12-02 12:52:27,128 WARN  (ChangeIndexingProcessor:66) [reasoner.indexing.axiomIgnored]ELK does not support InverseObjectProperties. Axiom ignored:
[INFO] InverseObjectProperties(<http://purl.obolibrary.org/obo/RO_0001015> <http://purl.obolibrary.org/obo/RO_0001025>)
[INFO] 2017-12-02 12:52:27,129 WARN  (ChangeIndexingProcessor:66) [reasoner.indexing.axiomIgnored]ELK does not support ObjectAllValuesFrom. Axiom ignored:
[INFO] EquivalentClasses(<http://purl.obolibrary.org/obo/OMIABIS_0000099> ObjectIntersectionOf(<http://purl.obolibrary.org/obo/NCBITaxon_9606> ObjectUnionOf(ObjectIntersectionOf(ObjectSomeValuesFrom(<http://purl.obolibrary.org/obo/BFO_0000050> ObjectIntersectionOf(<http://purl.obolibrary.org/obo/BFO_0000027> ObjectSomeValuesFrom(<http://purl.obolibrary.org/obo/OMIABIS_0000009> ObjectIntersectionOf(<http://purl.obolibrary.org/obo/BFO_0000027> ObjectAllValuesFrom(<http://purl.obolibrary.org/obo/BFO_0000051> <http://purl.obolibrary.org/obo/OBI_0100051>))))) ObjectSomeValuesFrom(<http://purl.obolibrary.org/obo/RO_0000053> <http://purl.obolibrary.org/obo/OMIABIS_0000094>)) ObjectIntersectionOf(ObjectSomeValuesFrom(<http://purl.obolibrary.org/obo/RO_0000053> <http://purl.obolibrary.org/obo/OMIABIS_0000094>) ObjectSomeValuesFrom(<http://purl.obolibrary.org/obo/RO_0000056> <http://purl.obolibrary.org/obo/OBI_0000471>)))))
[INFO] 2017-12-02 12:52:27,130 WARN  (ChangeIndexingProcessor:66) [reasoner.indexing.axiomIgnored]ELK does not support InverseObjectProperties. Axiom ignored:
[INFO] InverseObjectProperties(<http://purl.obolibrary.org/obo/RO_0000079> <http://purl.obolibrary.org/obo/RO_0000085>)
[INFO] 2017-12-02 12:52:27,130 WARN  (ChangeIndexingProcessor:66) [reasoner.indexing.axiomIgnored]ELK does not support ObjectPropertyRange. Axiom ignored:
[INFO] ObjectPropertyRange(<http://purl.obolibrary.org/obo/OBIB_0000037> <http://purl.obolibrary.org/obo/IAO_0000109>)
[INFO] 2017-12-02 12:52:27,131 WARN  (ChangeIndexingProcessor:66) [reasoner.indexing.axiomIgnored]ELK does not support ObjectPropertyRange. Axiom ignored:
[INFO] ObjectPropertyRange(<http://purl.obolibrary.org/obo/RO_0000091> <http://purl.obolibrary.org/obo/BFO_0000016>)
[INFO] 2017-12-02 12:52:27,131 WARN  (ChangeIndexingProcessor:66) [reasoner.indexing.axiomIgnored]ELK does not support FunctionalObjectProperty. Axiom ignored:
[INFO] FunctionalObjectProperty(<http://purl.obolibrary.org/obo/RO_0000052>)
[INFO] 2017-12-02 12:52:27,131 WARN  (ChangeIndexingProcessor:66) [reasoner.indexing.axiomIgnored]ELK does not support ObjectInverseOf. Axiom ignored:
[INFO] DisjointObjectProperties(<http://purl.obolibrary.org/obo/RO_0001015> ObjectInverseOf(<http://purl.obolibrary.org/obo/RO_0001025>))
[INFO] 2017-12-02 12:52:27,132 WARN  (ChangeIndexingProcessor:66) [reasoner.indexing.axiomIgnored]ELK does not support ObjectPropertyRange. Axiom ignored:
[INFO] ObjectPropertyRange(<http://purl.obolibrary.org/obo/OBI_0000833> <http://purl.obolibrary.org/obo/OBI_0000011>)
[INFO] 2017-12-02 12:52:27,132 WARN  (ChangeIndexingProcessor:66) [reasoner.indexing.axiomIgnored]ELK does not support ObjectAllValuesFrom. Axiom ignored:
[INFO] EquivalentClasses(<http://purl.obolibrary.org/obo/OMIABIS_0000025> ObjectIntersectionOf(<http://purl.obolibrary.org/obo/OMIABIS_0000021> ObjectSomeValuesFrom(<http://purl.obolibrary.org/obo/OMIABIS_0000042> ObjectIntersectionOf(<http://purl.obolibrary.org/obo/NCBITaxon_9606> ObjectUnionOf(ObjectIntersectionOf(ObjectSomeValuesFrom(<http://purl.obolibrary.org/obo/BFO_0000050> <http://purl.obolibrary.org/obo/BFO_0000027>) ObjectSomeValuesFrom(<http://purl.obolibrary.org/obo/OMIABIS_0000009> ObjectIntersectionOf(<http://purl.obolibrary.org/obo/BFO_0000027> ObjectAllValuesFrom(<http://purl.obolibrary.org/obo/BFO_0000051> <http://purl.obolibrary.org/obo/OBI_0100051>)))) ObjectIntersectionOf(ObjectSomeValuesFrom(<http://purl.obolibrary.org/obo/RO_0000053> <http://purl.obolibrary.org/obo/OMIABIS_0000094>) ObjectSomeValuesFrom(<http://purl.obolibrary.org/obo/RO_0000056> <http://purl.obolibrary.org/obo/OBI_0000471>)))))))
[INFO] 2017-12-02 12:52:27,132 WARN  (ChangeIndexingProcessor:66) [reasoner.indexing.axiomIgnored]ELK does not support InverseObjectProperties. Axiom ignored:
[INFO] InverseObjectProperties(<http://purl.obolibrary.org/obo/BFO_0000054> <http://purl.obolibrary.org/obo/BFO_0000055>)
[INFO] 2017-12-02 12:52:27,133 WARN  (ChangeIndexingProcessor:66) [reasoner.indexing.axiomIgnored]ELK does not support ObjectInverseOf. Axiom ignored:
[INFO] DisjointObjectProperties(<http://purl.obolibrary.org/obo/BFO_0000055> ObjectInverseOf(<http://purl.obolibrary.org/obo/BFO_0000054>))
[INFO] 2017-12-02 12:52:27,133 WARN  (ChangeIndexingProcessor:66) [reasoner.indexing.axiomIgnored]ELK does not support ObjectPropertyRange. Axiom ignored:
[INFO] ObjectPropertyRange(<http://purl.obolibrary.org/obo/OMIABIS_0000048> ObjectUnionOf(<http://purl.obolibrary.org/obo/NCBITaxon_9606> <http://purl.obolibrary.org/obo/OBI_0000245> <http://purl.obolibrary.org/obo/OMRSE_00000023> <http://purl.obolibrary.org/obo/OMRSE_00000033>))
[INFO] 2017-12-02 12:52:27,134 WARN  (ChangeIndexingProcessor:66) [reasoner.indexing.axiomIgnored]ELK does not support InverseObjectProperties. Axiom ignored:
[INFO] InverseObjectProperties(<http://purl.obolibrary.org/obo/BFO_0000184> <http://purl.obolibrary.org/obo/BFO_0000185>)
[INFO] 2017-12-02 12:52:27,134 WARN  (ChangeIndexingProcessor:66) [reasoner.indexing.axiomIgnored]ELK does not support ObjectInverseOf. Axiom ignored:
[INFO] DisjointObjectProperties(<http://purl.obolibrary.org/obo/RO_0000058> ObjectInverseOf(<http://purl.obolibrary.org/obo/RO_0000059>))
[INFO] 2017-12-02 12:52:27,134 WARN  (ChangeIndexingProcessor:66) [reasoner.indexing.axiomIgnored]ELK does not support InverseObjectProperties. Axiom ignored:
[INFO] InverseObjectProperties(<http://purl.obolibrary.org/obo/BFO_0000050> <http://purl.obolibrary.org/obo/BFO_0000051>)
[INFO] 2017-12-02 12:52:27,136 WARN  (ChangeIndexingProcessor:66) [reasoner.indexing.axiomIgnored]ELK does not support ObjectPropertyRange. Axiom ignored:
[INFO] ObjectPropertyRange(<http://purl.obolibrary.org/obo/RO_0002222> <http://purl.obolibrary.org/obo/BFO_0000003>)
[INFO] 2017-12-02 12:52:27,136 WARN  (ChangeIndexingProcessor:66) [reasoner.indexing.axiomIgnored]ELK does not support ObjectInverseOf. Axiom ignored:
[INFO] DisjointObjectProperties(<http://purl.obolibrary.org/obo/BFO_0000054> ObjectInverseOf(<http://purl.obolibrary.org/obo/BFO_0000055>))
[INFO] 2017-12-02 12:52:27,136 WARN  (ChangeIndexingProcessor:66) [reasoner.indexing.axiomIgnored]ELK does not support ObjectInverseOf. Axiom ignored:
[INFO] DisjointObjectProperties(<http://purl.obolibrary.org/obo/OBI_0000312> ObjectInverseOf(<http://purl.obolibrary.org/obo/OBI_0000299>))
[INFO] 2017-12-02 12:52:27,137 WARN  (ChangeIndexingProcessor:66) [reasoner.indexing.axiomIgnored]ELK does not support ObjectInverseOf. Axiom ignored:
[INFO] DisjointObjectProperties(<http://purl.obolibrary.org/obo/RO_0000059> ObjectInverseOf(<http://purl.obolibrary.org/obo/RO_0000058>))
[INFO] 2017-12-02 12:52:27,138 WARN  (IndexedObjectUnionOf:92) [reasoner.indexing.IndexedObjectUnionOf]ELK does not support positive occurrences of ObjectUnionOf. Reasoning might be incomplete!
[INFO] 2017-12-02 12:52:27,139 WARN  (ChangeIndexingProcessor:66) [reasoner.indexing.axiomIgnored]ELK does not support ObjectInverseOf. Axiom ignored:
[INFO] DisjointObjectProperties(<http://purl.obolibrary.org/obo/RO_0000056> ObjectInverseOf(<http://purl.obolibrary.org/obo/RO_0000057>))
[INFO] 2017-12-02 12:52:27,140 WARN  (ChangeIndexingProcessor:66) [reasoner.indexing.axiomIgnored]ELK does not support ObjectAllValuesFrom. Axiom ignored:
[INFO] SubClassOf(<http://purl.obolibrary.org/obo/CLO_0000031> ObjectAllValuesFrom(<http://purl.obolibrary.org/obo/OBI_0000643> <http://purl.obolibrary.org/obo/CLO_0000001>))
[INFO] 2017-12-02 12:52:27,140 WARN  (IndexedObjectUnionOf:92) [reasoner.indexing.IndexedObjectUnionOf]ELK does not support positive occurrences of ObjectUnionOf. Reasoning might be incomplete!
[INFO] 2017-12-02 12:52:27,141 WARN  (ChangeIndexingProcessor:66) [reasoner.indexing.axiomIgnored]ELK does not support ObjectInverseOf. Axiom ignored:
[INFO] DisjointObjectProperties(<http://purl.obolibrary.org/obo/RO_0000079> ObjectInverseOf(<http://purl.obolibrary.org/obo/RO_0000085>))
[INFO] 2017-12-02 12:52:27,141 WARN  (ChangeIndexingProcessor:66) [reasoner.indexing.axiomIgnored]ELK does not support ObjectAllValuesFrom. Axiom ignored:
[INFO] EquivalentClasses(<http://purl.obolibrary.org/obo/OMIABIS_0000023> ObjectIntersectionOf(<http://purl.obolibrary.org/obo/IAO_0000578> ObjectAllValuesFrom(<http://purl.obolibrary.org/obo/IAO_0000219> <http://purl.obolibrary.org/obo/OMIABIS_0000024>)))
[INFO] 2017-12-02 12:52:27,142 WARN  (ChangeIndexingProcessor:66) [reasoner.indexing.axiomIgnored]ELK does not support ObjectPropertyRange. Axiom ignored:
[INFO] ObjectPropertyRange(<http://purl.obolibrary.org/obo/RO_0001000> <http://purl.obolibrary.org/obo/BFO_0000004>)
[INFO] 2017-12-02 12:52:27,142 WARN  (ChangeIndexingProcessor:66) [reasoner.indexing.axiomIgnored]ELK does not support DataPropertyRange. Axiom ignored:
[INFO] DataPropertyRange(<http://purl.obolibrary.org/obo/IAO_0000004> <http://www.w3.org/2001/XMLSchema#double>)
[INFO] 2017-12-02 12:52:27,143 WARN  (ChangeIndexingProcessor:66) [reasoner.indexing.axiomIgnored]ELK does not support IrreflexiveObjectProperty. Axiom ignored:
[INFO] IrreflexiveObjectProperty(<http://purl.obolibrary.org/obo/OMIABIS_0000042>)
[INFO] 2017-12-02 12:52:27,144 WARN  (ChangeIndexingProcessor:66) [reasoner.indexing.axiomIgnored]ELK does not support ObjectAllValuesFrom. Axiom ignored:
[INFO] EquivalentClasses(<http://purl.obolibrary.org/obo/OMIABIS_0000007> ObjectIntersectionOf(<http://purl.obolibrary.org/obo/OMIABIS_0000004> ObjectSomeValuesFrom(<http://purl.obolibrary.org/obo/BFO_0000050> ObjectIntersectionOf(<http://purl.obolibrary.org/obo/IAO_0000422> ObjectSomeValuesFrom(<http://purl.obolibrary.org/obo/OMIABIS_0000042> ObjectIntersectionOf(<http://purl.obolibrary.org/obo/NCBITaxon_9606> ObjectUnionOf(ObjectIntersectionOf(ObjectSomeValuesFrom(<http://purl.obolibrary.org/obo/BFO_0000050> <http://purl.obolibrary.org/obo/BFO_0000027>) ObjectSomeValuesFrom(<http://purl.obolibrary.org/obo/OMIABIS_0000009> ObjectIntersectionOf(<http://purl.obolibrary.org/obo/BFO_0000027> ObjectAllValuesFrom(<http://purl.obolibrary.org/obo/BFO_0000051> <http://purl.obolibrary.org/obo/OBI_0100051>)))) ObjectIntersectionOf(ObjectSomeValuesFrom(<http://purl.obolibrary.org/obo/RO_0000053> <http://purl.obolibrary.org/obo/OMIABIS_0000094>) ObjectSomeValuesFrom(<http://purl.obolibrary.org/obo/RO_0000056> <http://purl.obolibrary.org/obo/OBI_0000471>)))))))))
[INFO] 2017-12-02 12:52:27,144 WARN  (ChangeIndexingProcessor:66) [reasoner.indexing.axiomIgnored]ELK does not support ObjectAllValuesFrom. Axiom ignored:
[INFO] SubClassOf(<http://purl.obolibrary.org/obo/OMIABIS_0000012> ObjectAllValuesFrom(<http://purl.obolibrary.org/obo/BFO_0000054> <http://purl.obolibrary.org/obo/OMIABIS_0000011>))
[INFO] 2017-12-02 12:52:27,145 WARN  (IndexedObjectUnionOf:92) [reasoner.indexing.IndexedObjectUnionOf]ELK does not support positive occurrences of ObjectUnionOf. Reasoning might be incomplete!
[INFO] 2017-12-02 12:52:27,145 WARN  (ChangeIndexingProcessor:66) [reasoner.indexing.axiomIgnored]ELK does not support ObjectInverseOf. Axiom ignored:
[INFO] DisjointObjectProperties(<http://purl.obolibrary.org/obo/RO_0001001> ObjectInverseOf(<http://purl.obolibrary.org/obo/RO_0001000>))
[INFO] 2017-12-02 12:52:27,146 WARN  (ChangeIndexingProcessor:66) [reasoner.indexing.axiomIgnored]ELK does not support AsymmetricObjectProperty. Axiom ignored:
[INFO] AsymmetricObjectProperty(<http://purl.obolibrary.org/obo/OMIABIS_0000042>)
[INFO] 2017-12-02 12:52:27,146 WARN  (ChangeIndexingProcessor:66) [reasoner.indexing.axiomIgnored]ELK does not support ObjectAllValuesFrom. Axiom ignored:
[INFO] SubClassOf(<http://purl.obolibrary.org/obo/OBI_0000067> ObjectAllValuesFrom(<http://purl.obolibrary.org/obo/BFO_0000054> <http://purl.obolibrary.org/obo/OBI_0000070>))
[INFO] 2017-12-02 12:52:27,147 WARN  (ChangeIndexingProcessor:66) [reasoner.indexing.axiomIgnored]ELK does not support ObjectMinCardinality. Axiom ignored:
[INFO] SubClassOf(<http://purl.obolibrary.org/obo/IAO_0000032> ObjectMinCardinality(1 <http://purl.obolibrary.org/obo/IAO_0000039>))
[INFO] 2017-12-02 12:52:27,147 WARN  (ChangeIndexingProcessor:66) [reasoner.indexing.axiomIgnored]ELK does not support ObjectInverseOf. Axiom ignored:
[INFO] DisjointObjectProperties(<http://purl.obolibrary.org/obo/RO_0000057> ObjectInverseOf(<http://purl.obolibrary.org/obo/RO_0000056>))
[INFO] 2017-12-02 12:52:27,148 WARN  (ChangeIndexingProcessor:66) [reasoner.indexing.axiomIgnored]ELK does not support ObjectInverseOf. Axiom ignored:
[INFO] DisjointObjectProperties(<http://purl.obolibrary.org/obo/RO_0001025> ObjectInverseOf(<http://purl.obolibrary.org/obo/RO_0001015>))
[INFO] 2017-12-02 12:52:27,148 WARN  (ChangeIndexingProcessor:66) [reasoner.indexing.axiomIgnored]ELK does not support ObjectPropertyRange. Axiom ignored:
[INFO] ObjectPropertyRange(<http://purl.obolibrary.org/obo/BFO_0000066> <http://purl.obolibrary.org/obo/BFO_0000004>)
[INFO] 2017-12-02 12:52:27,148 WARN  (ChangeIndexingProcessor:66) [reasoner.indexing.axiomIgnored]ELK does not support ObjectInverseOf. Axiom ignored:
[INFO] DisjointObjectProperties(<http://purl.obolibrary.org/obo/RO_0001000> ObjectInverseOf(<http://purl.obolibrary.org/obo/RO_0001001>))
[INFO] 2017-12-02 12:52:27,149 WARN  (ChangeIndexingProcessor:66) [reasoner.indexing.axiomIgnored]ELK does not support ObjectPropertyRange. Axiom ignored:
[INFO] ObjectPropertyRange(<http://purl.obolibrary.org/obo/OMIABIS_0000042> ObjectUnionOf(<http://purl.obolibrary.org/obo/NCBITaxon_9606> <http://purl.obolibrary.org/obo/OBI_0000245>))
[INFO] 2017-12-02 12:52:27,150 WARN  (ChangeIndexingProcessor:66) [reasoner.indexing.axiomIgnored]ELK does not support ObjectAllValuesFrom. Axiom ignored:
[INFO] SubClassOf(<http://purl.obolibrary.org/obo/OBI_0000094> ObjectAllValuesFrom(<http://purl.obolibrary.org/obo/OBI_0000299> <http://purl.obolibrary.org/obo/BFO_0000040>))
[INFO] 2017-12-02 12:52:27,151 WARN  (ChangeIndexingProcessor:66) [reasoner.indexing.axiomIgnored]ELK does not support ObjectAllValuesFrom. Axiom ignored:
[INFO] SubClassOf(<http://purl.obolibrary.org/obo/OBI_0400106> ObjectSomeValuesFrom(<http://purl.obolibrary.org/obo/RO_0000085> ObjectIntersectionOf(<http://purl.obolibrary.org/obo/OBI_0000372> ObjectAllValuesFrom(<http://purl.obolibrary.org/obo/BFO_0000054> <http://purl.obolibrary.org/obo/OBI_0302886>))))
[INFO] 2017-12-02 12:52:27,151 WARN  (IndexedObjectUnionOf:92) [reasoner.indexing.IndexedObjectUnionOf]ELK does not support positive occurrences of ObjectUnionOf. Reasoning might be incomplete!
[INFO] 2017-12-02 12:52:27,151 WARN  (ChangeIndexingProcessor:66) [reasoner.indexing.axiomIgnored]ELK does not support ObjectPropertyRange. Axiom ignored:
[INFO] ObjectPropertyRange(<http://purl.obolibrary.org/obo/BFO_0000185> <http://purl.obolibrary.org/obo/BFO_0000015>)
[INFO] 2017-12-02 12:52:27,153 WARN  (ChangeIndexingProcessor:66) [reasoner.indexing.axiomIgnored]ELK does not support ObjectAllValuesFrom. Axiom ignored:
[INFO] SubClassOf(<http://purl.obolibrary.org/obo/OMIABIS_0000012> ObjectAllValuesFrom(<http://purl.obolibrary.org/obo/RO_0000052> ObjectIntersectionOf(<http://purl.obolibrary.org/obo/NCBITaxon_9606> ObjectSomeValuesFrom(<http://purl.obolibrary.org/obo/OBI_0000846> <http://purl.obolibrary.org/obo/OBI_0000245>))))
[INFO] 2017-12-02 12:52:27,154 WARN  (ChangeIndexingProcessor:66) [reasoner.indexing.axiomIgnored]ELK does not support DataPropertyDomain. Axiom ignored:
[INFO] DataPropertyDomain(<http://purl.obolibrary.org/obo/IAO_0000004> <http://purl.obolibrary.org/obo/IAO_0000032>)
[INFO] 2017-12-02 12:52:27,155 WARN  (ChangeIndexingProcessor:66) [reasoner.indexing.axiomIgnored]ELK does not support AsymmetricObjectProperty. Axiom ignored:
[INFO] AsymmetricObjectProperty(<http://purl.obolibrary.org/obo/OMIABIS_0000048>)
[INFO] 2017-12-02 12:52:27,155 WARN  (ChangeIndexingProcessor:66) [reasoner.indexing.axiomIgnored]ELK does not support ObjectPropertyRange. Axiom ignored:
[INFO] ObjectPropertyRange(<http://purl.obolibrary.org/obo/OBI_0000846> <http://purl.obolibrary.org/obo/OBI_0000245>)
[INFO] 2017-12-02 12:52:27,156 WARN  (ChangeIndexingProcessor:66) [reasoner.indexing.axiomIgnored]ELK does not support InverseObjectProperties. Axiom ignored:
[INFO] InverseObjectProperties(<http://purl.obolibrary.org/obo/RO_0000091> <http://purl.obolibrary.org/obo/RO_0000092>)
[INFO] 2017-12-02 12:52:27,156 WARN  (IndexedObjectUnionOf:92) [reasoner.indexing.IndexedObjectUnionOf]ELK does not support positive occurrences of ObjectUnionOf. Reasoning might be incomplete!
[INFO] 2017-12-02 12:52:27,157 WARN  (ChangeIndexingProcessor:66) [reasoner.indexing.axiomIgnored]ELK does not support ObjectPropertyRange. Axiom ignored:
[INFO] ObjectPropertyRange(<http://purl.obolibrary.org/obo/BFO_0000184> <http://purl.obolibrary.org/obo/BFO_0000040>)
[INFO] 2017-12-02 12:52:27,158 WARN  (ChangeIndexingProcessor:66) [reasoner.indexing.axiomIgnored]ELK does not support ObjectPropertyRange. Axiom ignored:
[INFO] ObjectPropertyRange(<http://purl.obolibrary.org/obo/BFO_0000054> <http://purl.obolibrary.org/obo/BFO_0000015>)
[INFO] 2017-12-02 12:52:27,160 WARN  (ChangeIndexingProcessor:66) [reasoner.indexing.axiomIgnored]ELK does not support ObjectAllValuesFrom. Axiom ignored:
[INFO] EquivalentClasses(<http://purl.obolibrary.org/obo/IAO_0020015> ObjectIntersectionOf(<http://purl.obolibrary.org/obo/IAO_0020000> ObjectAllValuesFrom(<http://purl.obolibrary.org/obo/IAO_0020012> <http://purl.obolibrary.org/obo/NCBITaxon_9606>)))
[INFO] 2017-12-02 12:52:27,160 WARN  (ChangeIndexingProcessor:66) [reasoner.indexing.axiomIgnored]ELK does not support ObjectOneOf. Axiom ignored:
[INFO] EquivalentClasses(<http://purl.obolibrary.org/obo/IAO_0000409> ObjectOneOf(<http://purl.obolibrary.org/obo/IAO_0000410> <http://purl.obolibrary.org/obo/IAO_0000421> <http://purl.obolibrary.org/obo/IAO_0000420>))
[INFO] 2017-12-02 12:52:27,161 WARN  (ChangeIndexingProcessor:66) [reasoner.indexing.axiomIgnored]ELK does not support ObjectInverseOf. Axiom ignored:
[INFO] DisjointObjectProperties(<http://purl.obolibrary.org/obo/RO_0000052> ObjectInverseOf(<http://purl.obolibrary.org/obo/RO_0000053>))
[INFO] 2017-12-02 12:52:27,161 WARN  (ChangeIndexingProcessor:66) [reasoner.indexing.axiomIgnored]ELK does not support ObjectAllValuesFrom. Axiom ignored:
[INFO] SubClassOf(<http://purl.obolibrary.org/obo/OBI_0000094> ObjectAllValuesFrom(<http://purl.obolibrary.org/obo/OBI_0000293> <http://purl.obolibrary.org/obo/BFO_0000040>))
[INFO] 2017-12-02 12:52:27,162 WARN  (ChangeIndexingProcessor:66) [reasoner.indexing.axiomIgnored]ELK does not support InverseObjectProperties. Axiom ignored:
[INFO] InverseObjectProperties(<http://purl.obolibrary.org/obo/RO_0002000> <http://purl.obolibrary.org/obo/RO_0002002>)
[INFO] 2017-12-02 12:52:27,163 WARN  (ChangeIndexingProcessor:66) [reasoner.indexing.axiomIgnored]ELK does not support ObjectPropertyRange. Axiom ignored:
[INFO] ObjectPropertyRange(<http://purl.obolibrary.org/obo/BFO_0000055> <http://purl.obolibrary.org/obo/BFO_0000017>)
[INFO] 2017-12-02 12:52:27,163 WARN  (ChangeIndexingProcessor:66) [reasoner.indexing.axiomIgnored]ELK does not support ObjectAllValuesFrom. Axiom ignored:
[INFO] SubClassOf(<http://purl.obolibrary.org/obo/OMRSE_00000024> ObjectAllValuesFrom(<http://purl.obolibrary.org/obo/RO_0000052> ObjectUnionOf(<http://purl.obolibrary.org/obo/OBI_0000245> <http://purl.obolibrary.org/obo/OBI_0100026>)))
[INFO] 2017-12-02 12:52:27,165 WARN  (IndexedObjectUnionOf:92) [reasoner.indexing.IndexedObjectUnionOf]ELK does not support positive occurrences of ObjectUnionOf. Reasoning might be incomplete!
[INFO] 2017-12-02 12:52:27,166 WARN  (IndexedObjectUnionOf:92) [reasoner.indexing.IndexedObjectUnionOf]ELK does not support positive occurrences of ObjectUnionOf. Reasoning might be incomplete!
[INFO] 2017-12-02 12:52:27,167 WARN  (ChangeIndexingProcessor:66) [reasoner.indexing.axiomIgnored]ELK does not support ObjectInverseOf. Axiom ignored:
[INFO] DisjointObjectProperties(<http://purl.obolibrary.org/obo/RO_0002351> ObjectInverseOf(<http://purl.obolibrary.org/obo/RO_0002350>))
[INFO] 2017-12-02 12:52:27,167 WARN  (ChangeIndexingProcessor:66) [reasoner.indexing.axiomIgnored]ELK does not support ObjectInverseOf. Axiom ignored:
[INFO] DisjointObjectProperties(<http://purl.obolibrary.org/obo/RO_0000053> ObjectInverseOf(<http://purl.obolibrary.org/obo/RO_0000052>))
[INFO] 2017-12-02 12:52:27,167 WARN  (ChangeIndexingProcessor:66) [reasoner.indexing.axiomIgnored]ELK does not support InverseObjectProperties. Axiom ignored:
[INFO] InverseObjectProperties(<http://purl.obolibrary.org/obo/OMIABIS_0000008> <http://purl.obolibrary.org/obo/OMIABIS_0000048>)
[INFO] 2017-12-02 12:52:27,168 WARN  (ChangeIndexingProcessor:66) [reasoner.indexing.axiomIgnored]ELK does not support ObjectAllValuesFrom. Axiom ignored:
[INFO] EquivalentClasses(<http://purl.obolibrary.org/obo/OBIB_0000001> ObjectIntersectionOf(<http://purl.obolibrary.org/obo/IAO_0020000> ObjectSomeValuesFrom(<http://purl.obolibrary.org/obo/IAO_0020012> ObjectIntersectionOf(<http://purl.obolibrary.org/obo/BFO_0000027> ObjectAllValuesFrom(<http://purl.obolibrary.org/obo/BFO_0000051> <http://purl.obolibrary.org/obo/OBI_0100051>)))))
[INFO] 2017-12-02 12:52:27,168 WARN  (ChangeIndexingProcessor:66) [reasoner.indexing.axiomIgnored]ELK does not support ObjectAllValuesFrom. Axiom ignored:
[INFO] EquivalentClasses(<http://purl.obolibrary.org/obo/OMIABIS_0000043> ObjectIntersectionOf(<http://purl.obolibrary.org/obo/OMIABIS_0000031> ObjectSomeValuesFrom(<http://purl.obolibrary.org/obo/BFO_0000050> ObjectIntersectionOf(<http://purl.obolibrary.org/obo/IAO_0000422> ObjectSomeValuesFrom(<http://purl.obolibrary.org/obo/OMIABIS_0000042> ObjectIntersectionOf(<http://purl.obolibrary.org/obo/NCBITaxon_9606> ObjectUnionOf(ObjectIntersectionOf(ObjectSomeValuesFrom(<http://purl.obolibrary.org/obo/BFO_0000050> <http://purl.obolibrary.org/obo/BFO_0000027>) ObjectSomeValuesFrom(<http://purl.obolibrary.org/obo/OMIABIS_0000009> ObjectIntersectionOf(<http://purl.obolibrary.org/obo/BFO_0000027> ObjectAllValuesFrom(<http://purl.obolibrary.org/obo/BFO_0000051> <http://purl.obolibrary.org/obo/OBI_0100051>)))) ObjectIntersectionOf(ObjectSomeValuesFrom(<http://purl.obolibrary.org/obo/RO_0000053> <http://purl.obolibrary.org/obo/OMIABIS_0000094>) ObjectSomeValuesFrom(<http://purl.obolibrary.org/obo/RO_0000056> <http://purl.obolibrary.org/obo/OBI_0000471>)))))))))
[INFO] 2017-12-02 12:52:27,169 WARN  (ChangeIndexingProcessor:66) [reasoner.indexing.axiomIgnored]ELK does not support ObjectAllValuesFrom. Axiom ignored:
[INFO] EquivalentClasses(<http://purl.obolibrary.org/obo/OBI_0002000> ObjectIntersectionOf(<http://purl.obolibrary.org/obo/PATO_0000140> ObjectAllValuesFrom(<http://purl.obolibrary.org/obo/RO_0000052> <http://purl.obolibrary.org/obo/OBI_0100051>)))
[INFO] 2017-12-02 12:52:27,169 WARN  (ChangeIndexingProcessor:66) [reasoner.indexing.axiomIgnored]ELK does not support ObjectAllValuesFrom. Axiom ignored:
[INFO] EquivalentClasses(<http://purl.obolibrary.org/obo/OMIABIS_0000061> ObjectIntersectionOf(<http://purl.obolibrary.org/obo/OBI_0000011> ObjectSomeValuesFrom(<http://purl.obolibrary.org/obo/OBI_0000299> ObjectIntersectionOf(<http://purl.obolibrary.org/obo/BFO_0000027> ObjectSomeValuesFrom(<http://purl.obolibrary.org/obo/BFO_0000050> <http://purl.obolibrary.org/obo/OMIABIS_0000000>) ObjectAllValuesFrom(<http://purl.obolibrary.org/obo/BFO_0000051> ObjectIntersectionOf(<http://purl.obolibrary.org/obo/OBI_0100051> ObjectSomeValuesFrom(<http://purl.obolibrary.org/obo/RO_0000056> <http://purl.obolibrary.org/obo/OBI_0302893>)))))))
[INFO] 2017-12-02 12:52:27,170 WARN  (ChangeIndexingProcessor:66) [reasoner.indexing.axiomIgnored]ELK does not support ObjectExactCardinality. Axiom ignored:
[INFO] SubClassOf(<http://purl.obolibrary.org/obo/OMIABIS_0001001> ObjectIntersectionOf(<http://purl.obolibrary.org/obo/OBI_0000679> ObjectSomeValuesFrom(<http://purl.obolibrary.org/obo/IAO_0000136> ObjectIntersectionOf(ObjectIntersectionOf(<http://purl.obolibrary.org/obo/IAO_0000109> ObjectSomeValuesFrom(<http://purl.obolibrary.org/obo/IAO_0000136> ObjectIntersectionOf(<http://purl.obolibrary.org/obo/BFO_0000038> ObjectExactCardinality(1 <http://purl.obolibrary.org/obo/BFO_0000156>)))) ObjectSomeValuesFrom(<http://purl.obolibrary.org/obo/BFO_0000050> <http://purl.obolibrary.org/obo/IAO_0000100>)))))
[INFO] 2017-12-02 12:52:27,170 WARN  (ChangeIndexingProcessor:66) [reasoner.indexing.axiomIgnored]ELK does not support ObjectPropertyRange. Axiom ignored:
[INFO] ObjectPropertyRange(<http://purl.obolibrary.org/obo/IAO_0000221> <http://purl.obolibrary.org/obo/BFO_0000019>)
[INFO] 2017-12-02 12:52:27,171 WARN  (ChangeIndexingProcessor:66) [reasoner.indexing.axiomIgnored]ELK does not support ObjectInverseOf. Axiom ignored:
[INFO] DisjointObjectProperties(<http://purl.obolibrary.org/obo/RO_0002350> ObjectInverseOf(<http://purl.obolibrary.org/obo/RO_0002351>))
[INFO] 2017-12-02 12:52:27,171 WARN  (ChangeIndexingProcessor:66) [reasoner.indexing.axiomIgnored]ELK does not support ObjectMinCardinality. Axiom ignored:
[INFO] SubClassOf(<http://purl.obolibrary.org/obo/OBI_0001931> ObjectMinCardinality(1 <http://purl.obolibrary.org/obo/IAO_0000039>))
[INFO] 2017-12-02 12:52:27,171 WARN  (ChangeIndexingProcessor:66) [reasoner.indexing.axiomIgnored]ELK does not support DataPropertyDomain. Axiom ignored:
[INFO] DataPropertyDomain(<http://purl.obolibrary.org/obo/OBI_0002135> <http://purl.obolibrary.org/obo/OBI_0001933>)
[INFO] 2017-12-02 12:52:27,172 WARN  (ChangeIndexingProcessor:66) [reasoner.indexing.axiomIgnored]ELK does not support ObjectInverseOf. Axiom ignored:
[INFO] DisjointObjectProperties(<http://purl.obolibrary.org/obo/RO_0000086> ObjectInverseOf(<http://purl.obolibrary.org/obo/RO_0000080>))
[INFO] 2017-12-02 12:52:27,172 WARN  (ChangeIndexingProcessor:66) [reasoner.indexing.axiomIgnored]ELK does not support ObjectInverseOf. Axiom ignored:
[INFO] DisjointObjectProperties(<http://purl.obolibrary.org/obo/IAO_0000417> ObjectInverseOf(<http://purl.obolibrary.org/obo/IAO_0000221>))
[INFO] 2017-12-02 12:52:27,172 WARN  (ChangeIndexingProcessor:66) [reasoner.indexing.axiomIgnored]ELK does not support AsymmetricObjectProperty. Axiom ignored:
[INFO] AsymmetricObjectProperty(<http://purl.obolibrary.org/obo/OMIABIS_0000008>)
[INFO] 2017-12-02 12:52:27,173 WARN  (ChangeIndexingProcessor:66) [reasoner.indexing.axiomIgnored]ELK does not support AsymmetricObjectProperty. Axiom ignored:
[INFO] AsymmetricObjectProperty(<http://purl.obolibrary.org/obo/OMIABIS_0000009>)
[INFO] 2017-12-02 12:52:27,173 WARN  (ChangeIndexingProcessor:66) [reasoner.indexing.axiomIgnored]ELK does not support ObjectExactCardinality. Axiom ignored:
[INFO] EquivalentClasses(<http://purl.obolibrary.org/obo/GEO_000000004> ObjectIntersectionOf(<http://purl.obolibrary.org/obo/GEO_000000400> ObjectExactCardinality(1 <http://purl.obolibrary.org/obo/GEO_000000012>)))
[INFO] 2017-12-02 12:52:27,174 WARN  (ChangeIndexingProcessor:66) [reasoner.indexing.axiomIgnored]ELK does not support FunctionalObjectProperty. Axiom ignored:
[INFO] FunctionalObjectProperty(<http://purl.obolibrary.org/obo/IAO_0000581>)
[INFO] 2017-12-02 12:52:27,174 WARN  (ChangeIndexingProcessor:66) [reasoner.indexing.axiomIgnored]ELK does not support ObjectAllValuesFrom. Axiom ignored:
[INFO] EquivalentClasses(<http://purl.obolibrary.org/obo/OBI_0002076> ObjectIntersectionOf(<http://purl.obolibrary.org/obo/BFO_0000040> ObjectAllValuesFrom(<http://purl.obolibrary.org/obo/RO_0002351> <http://purl.obolibrary.org/obo/OBI_0100051>)))
[INFO] 2017-12-02 12:52:27,174 WARN  (ChangeIndexingProcessor:66) [reasoner.indexing.axiomIgnored]ELK does not support ObjectInverseOf. Axiom ignored:
[INFO] DisjointObjectProperties(<http://purl.obolibrary.org/obo/RO_0000087> ObjectInverseOf(<http://purl.obolibrary.org/obo/RO_0000081>))
[INFO] 2017-12-02 12:52:27,175 WARN  (IndexedObjectUnionOf:92) [reasoner.indexing.IndexedObjectUnionOf]ELK does not support positive occurrences of ObjectUnionOf. Reasoning might be incomplete!
[INFO] 2017-12-02 12:52:27,175 WARN  (IndexedObjectUnionOf:92) [reasoner.indexing.IndexedObjectUnionOf]ELK does not support positive occurrences of ObjectUnionOf. Reasoning might be incomplete!
[INFO] 2017-12-02 12:52:27,177 INFO  (LoggingStageExecutor:103) Loading of Axioms took 345 ms
[INFO] 2017-12-02 12:52:27,177 INFO  (LoggingStageExecutor:70) Property Saturation Initialization started
[INFO] 2017-12-02 12:52:27,180 INFO  (AbstractReasonerStage:161) Property Saturation Initialization using 64 workers
[INFO] 2017-12-02 12:52:27,181 INFO  (LoggingStageExecutor:103) Property Saturation Initialization took 3 ms
[INFO] 2017-12-02 12:52:27,181 INFO  (LoggingStageExecutor:70) Reflexive Property Computation started
[INFO] 2017-12-02 12:52:27,201 INFO  (AbstractReasonerStage:161) Reflexive Property Computation using 64 workers
[INFO] 2017-12-02 12:52:27,228 INFO  (LoggingStageExecutor:103) Reflexive Property Computation took 46 ms
[INFO] 2017-12-02 12:52:27,228 INFO  (LoggingStageExecutor:70) Object Property Hierarchy and Composition Computation started
[INFO] 2017-12-02 12:52:27,236 INFO  (AbstractReasonerStage:161) Object Property Hierarchy and Composition Computation using 64 workers
[INFO] 2017-12-02 12:52:27,333 INFO  (LoggingStageExecutor:103) Object Property Hierarchy and Composition Computation took 104 ms
[INFO] 2017-12-02 12:52:27,333 INFO  (LoggingStageExecutor:70) Context Initialization started
[INFO] 2017-12-02 12:52:27,335 INFO  (AbstractReasonerStage:161) Context Initialization using 64 workers
[INFO] 2017-12-02 12:52:27,343 INFO  (LoggingStageExecutor:103) Context Initialization took 9 ms
[INFO] 2017-12-02 12:52:27,343 INFO  (LoggingStageExecutor:70) Consistency Checking started
[INFO] 2017-12-02 12:52:27,360 INFO  (AbstractReasonerStage:161) Consistency Checking using 64 workers
[INFO] 2017-12-02 12:52:27,468 INFO  (LoggingStageExecutor:103) Consistency Checking took 125 ms
[INFO] 2017-12-02 12:52:27,469 INFO  (LoggingStageExecutor:70) Class Taxonomy Computation started
[INFO] 2017-12-02 12:52:27,491 INFO  (AbstractReasonerStage:161) Class Taxonomy Computation using 64 workers
[INFO] 2017-12-02 12:52:27,648 INFO  (LoggingStageExecutor:103) Class Taxonomy Computation took 179 ms
[INFO] E: owl:Nothing owl:Nothing
[INFO] 2017-12-02 12:52:27,655 INFO  (CommandRunnerBase:78) disposing of org.semanticweb.elk.owlapi.ElkReasoner@3b77a04f
[INFO] 2017-12-02 12:52:27,669 INFO  (Reasoner:231) ELK reasoner has shut down
[INFO] 2017-12-02 12:52:27,670 INFO  (CommandRunnerBase:70) disposing of org.semanticweb.elk.owlapi.ElkReasoner@3b77a04f
[INFO] ------------------------------------------------------------------------
[INFO] BUILD SUCCESS
[INFO] ------------------------------------------------------------------------
[INFO] Total time: 10.638 s
[INFO] Finished at: 2017-12-02T12:52:27-07:00
[INFO] Final Memory: 21M/1963M
[INFO] ------------------------------------------------------------------------
Sat Dec  2 12:52:28 MST 2017
