Tue Oct 23 18:50:20 UTC 2018
Querying for incoherent classes in: /mnt/efsdata/obo-ci-data/base/ontologies/ogg/ogg_flat.owl
[INFO] Error stacktraces are turned on.
[INFO] Scanning for projects...
[INFO]                                                                         
[INFO] ------------------------------------------------------------------------
[INFO] Building incoherent-query 1.0
[INFO] ------------------------------------------------------------------------
[INFO] 
[INFO] --- exec-maven-plugin:1.1:exec (default-cli) @ incoherent-query ---
[INFO] 2018-10-23 18:50:23,938 INFO  (ParserWrapper:75) Start loading ontology: file:/mnt/efsdata/obo-ci-data/base/ontologies/ogg/ogg_flat.owl from: file:/mnt/efsdata/obo-ci-data/base/ontologies/ogg/ogg_flat.owl
[INFO] 2018-10-23 18:50:39,575 INFO  (ParserWrapper:82) Finished loading ontology: http://purl.obolibrary.org/obo/ogg.owl from: file:/mnt/efsdata/obo-ci-data/base/ontologies/ogg/ogg_flat.owl
[INFO] # PARSING: <http://www.w3.org/2002/07/owl#Nothing>
[INFO] 2018-10-23 18:50:39,726 INFO  (ManchesterSyntaxTool:130) parsing: <http://www.w3.org/2002/07/owl#Nothing>
[INFO] # QUERY: owl:Nothing owl:Nothing
[INFO] 2018-10-23 18:50:43,105 INFO  (CommandRunner:6042) Created reasoner: org.semanticweb.HermiT.Reasoner@2c57aec4
[INFO] E: owl:Nothing owl:Nothing
[INFO] 2018-10-23 19:32:12,873 INFO  (CommandRunnerBase:78) disposing of org.semanticweb.HermiT.Reasoner@2c57aec4
[INFO] 2018-10-23 19:32:12,874 INFO  (CommandRunnerBase:70) disposing of org.semanticweb.HermiT.Reasoner@2c57aec4
[INFO] ------------------------------------------------------------------------
[INFO] BUILD SUCCESS
[INFO] ------------------------------------------------------------------------
[INFO] Total time: 41:51.523s
[INFO] Finished at: Tue Oct 23 19:32:12 UTC 2018
[INFO] Final Memory: 6M/289M
[INFO] ------------------------------------------------------------------------
Tue Oct 23 19:32:13 UTC 2018
