Sat Dec  2 12:52:15 MST 2017
Querying for incoherent classes in: /scratch/Shares/hunter/obo-ci/data-all/base/ontologies/ogg/ogg_flat.owl
[INFO] Error stacktraces are turned on.
[INFO] Scanning for projects...
[INFO]                                                                         
[INFO] ------------------------------------------------------------------------
[INFO] Building incoherent-query 1.0
[INFO] ------------------------------------------------------------------------
[INFO] 
[INFO] --- exec-maven-plugin:1.1:exec (default-cli) @ incoherent-query ---
[INFO] /bin/sh: module: line 1: syntax error: unexpected end of file
[INFO] /bin/sh: error importing function definition for `BASH_FUNC_module'
[INFO] 2017-12-02 12:52:22,547 INFO  (ParserWrapper:75) Start loading ontology: file:/scratch/Shares/hunter/obo-ci/data-all/base/ontologies/ogg/ogg_flat.owl from: file:/scratch/Shares/hunter/obo-ci/data-all/base/ontologies/ogg/ogg_flat.owl
[INFO] 2017-12-02 12:52:41,621 INFO  (ParserWrapper:82) Finished loading ontology: http://purl.obolibrary.org/obo/ogg.owl from: file:/scratch/Shares/hunter/obo-ci/data-all/base/ontologies/ogg/ogg_flat.owl
[INFO] # PARSING: <http://www.w3.org/2002/07/owl#Nothing>
[INFO] 2017-12-02 12:52:41,787 INFO  (ManchesterSyntaxTool:130) parsing: <http://www.w3.org/2002/07/owl#Nothing>
[INFO] # QUERY: owl:Nothing owl:Nothing
[INFO] 2017-12-02 12:52:42,476 INFO  (ConfigurationFactory:83) Loading default configuration parameters for class org.semanticweb.elk.reasoner.config.ReasonerConfiguration
[INFO] 2017-12-02 12:52:43,436 INFO  (Reasoner:117) ELK reasoner was created
[INFO] 2017-12-02 12:52:43,438 INFO  (CommandRunner:6042) Created reasoner: org.semanticweb.elk.owlapi.ElkReasoner@60d1a32f
[INFO] 2017-12-02 12:52:43,442 INFO  (LoggingStageExecutor:70) Loading of Axioms started
[INFO] 2017-12-02 12:52:43,452 INFO  (AbstractReasonerStage:161) Loading of Axioms using 64 workers
[INFO] 2017-12-02 12:52:43,596 WARN  (ChangeIndexingProcessor:66) [reasoner.indexing.axiomIgnored]ELK does not support ObjectAllValuesFrom. Axiom ignored:
[INFO] SubClassOf(<http://purl.obolibrary.org/obo/BFO_0000140> ObjectAllValuesFrom(<http://purl.obolibrary.org/obo/BFO_0000083> ObjectUnionOf(<http://purl.obolibrary.org/obo/BFO_0000009> <http://purl.obolibrary.org/obo/BFO_0000018> <http://purl.obolibrary.org/obo/BFO_0000026>)))
[INFO] 2017-12-02 12:52:43,616 WARN  (IndexedObjectUnionOf:92) [reasoner.indexing.IndexedObjectUnionOf]ELK does not support positive occurrences of ObjectUnionOf. Reasoning might be incomplete!
[INFO] 2017-12-02 12:52:43,684 WARN  (ChangeIndexingProcessor:66) [reasoner.indexing.axiomIgnored]ELK does not support ObjectPropertyRange. Axiom ignored:
[INFO] ObjectPropertyRange(<http://purl.obolibrary.org/obo/BFO_0000125> ObjectUnionOf(<http://purl.obolibrary.org/obo/BFO_0000015> <http://purl.obolibrary.org/obo/BFO_0000020>))
[INFO] 2017-12-02 12:52:43,748 WARN  (ChangeIndexingProcessor:66) [reasoner.indexing.axiomIgnored]ELK does not support ObjectPropertyRange. Axiom ignored:
[INFO] ObjectPropertyRange(<http://purl.obolibrary.org/obo/BFO_0000056> <http://purl.obolibrary.org/obo/BFO_0000015>)
[INFO] 2017-12-02 12:52:43,749 WARN  (ChangeIndexingProcessor:66) [reasoner.indexing.axiomIgnored]ELK does not support ObjectPropertyRange. Axiom ignored:
[INFO] ObjectPropertyRange(<http://purl.obolibrary.org/obo/BFO_0000058> <http://purl.obolibrary.org/obo/BFO_0000020>)
[INFO] 2017-12-02 12:52:43,750 WARN  (ChangeIndexingProcessor:66) [reasoner.indexing.axiomIgnored]ELK does not support ObjectPropertyRange. Axiom ignored:
[INFO] ObjectPropertyRange(<http://purl.obolibrary.org/obo/BFO_0000059> <http://purl.obolibrary.org/obo/BFO_0000031>)
[INFO] 2017-12-02 12:52:43,752 WARN  (ChangeIndexingProcessor:66) [reasoner.indexing.axiomIgnored]ELK does not support ObjectPropertyRange. Axiom ignored:
[INFO] ObjectPropertyRange(<http://purl.obolibrary.org/obo/BFO_0000054> <http://purl.obolibrary.org/obo/BFO_0000015>)
[INFO] 2017-12-02 12:52:43,753 WARN  (ChangeIndexingProcessor:66) [reasoner.indexing.axiomIgnored]ELK does not support ObjectPropertyRange. Axiom ignored:
[INFO] ObjectPropertyRange(<http://purl.obolibrary.org/obo/BFO_0000055> <http://purl.obolibrary.org/obo/BFO_0000017>)
[INFO] 2017-12-02 12:52:43,756 WARN  (ChangeIndexingProcessor:66) [reasoner.indexing.axiomIgnored]ELK does not support ObjectPropertyRange. Axiom ignored:
[INFO] ObjectPropertyRange(<http://purl.obolibrary.org/obo/BFO_0000053> <http://purl.obolibrary.org/obo/BFO_0000020>)
[INFO] 2017-12-02 12:52:43,761 WARN  (ChangeIndexingProcessor:66) [reasoner.indexing.axiomIgnored]ELK does not support ObjectPropertyRange. Axiom ignored:
[INFO] ObjectPropertyRange(<http://purl.obolibrary.org/obo/BFO_0000123> <http://purl.obolibrary.org/obo/BFO_0000004>)
[INFO] 2017-12-02 12:52:43,779 WARN  (ChangeIndexingProcessor:66) [reasoner.indexing.axiomIgnored]ELK does not support ObjectAllValuesFrom. Axiom ignored:
[INFO] SubClassOf(<http://purl.obolibrary.org/obo/BFO_0000147> ObjectAllValuesFrom(<http://purl.obolibrary.org/obo/BFO_0000187> ObjectComplementOf(ObjectUnionOf(<http://purl.obolibrary.org/obo/BFO_0000142> <http://purl.obolibrary.org/obo/BFO_0000146>))))
[INFO] 2017-12-02 12:52:43,781 WARN  (ChangeIndexingProcessor:66) [reasoner.indexing.axiomIgnored]ELK does not support ObjectAllValuesFrom. Axiom ignored:
[INFO] SubClassOf(<http://purl.obolibrary.org/obo/BFO_0000020> ObjectAllValuesFrom(<http://purl.obolibrary.org/obo/BFO_0000176> ObjectComplementOf(ObjectUnionOf(<http://purl.obolibrary.org/obo/BFO_0000004> <http://purl.obolibrary.org/obo/BFO_0000031>))))
[INFO] 2017-12-02 12:52:43,781 WARN  (ChangeIndexingProcessor:66) [reasoner.indexing.axiomIgnored]ELK does not support ObjectAllValuesFrom. Axiom ignored:
[INFO] SubClassOf(<http://purl.obolibrary.org/obo/BFO_0000004> ObjectAllValuesFrom(<http://purl.obolibrary.org/obo/BFO_0000176> ObjectComplementOf(ObjectUnionOf(<http://purl.obolibrary.org/obo/BFO_0000020> <http://purl.obolibrary.org/obo/BFO_0000031>))))
[INFO] 2017-12-02 12:52:43,794 WARN  (ChangeIndexingProcessor:66) [reasoner.indexing.axiomIgnored]ELK does not support ObjectAllValuesFrom. Axiom ignored:
[INFO] SubClassOf(<http://purl.obolibrary.org/obo/BFO_0000147> ObjectAllValuesFrom(<http://purl.obolibrary.org/obo/BFO_0000178> ObjectComplementOf(ObjectUnionOf(<http://purl.obolibrary.org/obo/BFO_0000142> <http://purl.obolibrary.org/obo/BFO_0000146>))))
[INFO] 2017-12-02 12:52:43,794 WARN  (ChangeIndexingProcessor:66) [reasoner.indexing.axiomIgnored]ELK does not support ObjectAllValuesFrom. Axiom ignored:
[INFO] SubClassOf(<http://purl.obolibrary.org/obo/BFO_0000026> ObjectAllValuesFrom(<http://purl.obolibrary.org/obo/BFO_0000187> ObjectComplementOf(ObjectUnionOf(<http://purl.obolibrary.org/obo/BFO_0000009> <http://purl.obolibrary.org/obo/BFO_0000028>))))
[INFO] 2017-12-02 12:52:43,808 WARN  (ChangeIndexingProcessor:66) [reasoner.indexing.axiomIgnored]ELK does not support ObjectAllValuesFrom. Axiom ignored:
[INFO] SubClassOf(<http://purl.obolibrary.org/obo/BFO_0000031> ObjectAllValuesFrom(<http://purl.obolibrary.org/obo/BFO_0000186> ObjectComplementOf(ObjectUnionOf(<http://purl.obolibrary.org/obo/BFO_0000004> <http://purl.obolibrary.org/obo/BFO_0000020>))))
[INFO] 2017-12-02 12:52:43,814 WARN  (ChangeIndexingProcessor:66) [reasoner.indexing.axiomIgnored]ELK does not support ObjectPropertyRange. Axiom ignored:
[INFO] ObjectPropertyRange(<http://purl.obolibrary.org/obo/BFO_0000083> <http://purl.obolibrary.org/obo/BFO_0000006>)
[INFO] 2017-12-02 12:52:43,816 WARN  (ChangeIndexingProcessor:66) [reasoner.indexing.axiomIgnored]ELK does not support ObjectAllValuesFrom. Axiom ignored:
[INFO] SubClassOf(<http://purl.obolibrary.org/obo/BFO_0000026> ObjectAllValuesFrom(<http://purl.obolibrary.org/obo/BFO_0000178> ObjectComplementOf(ObjectUnionOf(<http://purl.obolibrary.org/obo/BFO_0000009> <http://purl.obolibrary.org/obo/BFO_0000028>))))
[INFO] 2017-12-02 12:52:43,820 WARN  (ChangeIndexingProcessor:66) [reasoner.indexing.axiomIgnored]ELK does not support ObjectPropertyRange. Axiom ignored:
[INFO] ObjectPropertyRange(<http://purl.obolibrary.org/obo/BFO_0000087> <http://purl.obolibrary.org/obo/BFO_0000023>)
[INFO] 2017-12-02 12:52:43,821 WARN  (ChangeIndexingProcessor:66) [reasoner.indexing.axiomIgnored]ELK does not support ObjectPropertyRange. Axiom ignored:
[INFO] ObjectPropertyRange(<http://purl.obolibrary.org/obo/BFO_0000085> <http://purl.obolibrary.org/obo/BFO_0000034>)
[INFO] 2017-12-02 12:52:43,821 WARN  (ChangeIndexingProcessor:66) [reasoner.indexing.axiomIgnored]ELK does not support ObjectPropertyRange. Axiom ignored:
[INFO] ObjectPropertyRange(<http://purl.obolibrary.org/obo/BFO_0000086> <http://purl.obolibrary.org/obo/BFO_0000019>)
[INFO] 2017-12-02 12:52:43,823 WARN  (ChangeIndexingProcessor:66) [reasoner.indexing.axiomIgnored]ELK does not support ObjectAllValuesFrom. Axiom ignored:
[INFO] SubClassOf(<http://purl.obolibrary.org/obo/BFO_0000020> ObjectAllValuesFrom(<http://purl.obolibrary.org/obo/BFO_0000186> ObjectComplementOf(ObjectUnionOf(<http://purl.obolibrary.org/obo/BFO_0000004> <http://purl.obolibrary.org/obo/BFO_0000031>))))
[INFO] 2017-12-02 12:52:43,823 WARN  (ChangeIndexingProcessor:66) [reasoner.indexing.axiomIgnored]ELK does not support ObjectAllValuesFrom. Axiom ignored:
[INFO] SubClassOf(<http://purl.obolibrary.org/obo/BFO_0000004> ObjectAllValuesFrom(<http://purl.obolibrary.org/obo/BFO_0000186> ObjectComplementOf(ObjectUnionOf(<http://purl.obolibrary.org/obo/BFO_0000020> <http://purl.obolibrary.org/obo/BFO_0000031>))))
[INFO] 2017-12-02 12:52:43,823 WARN  (ChangeIndexingProcessor:66) [reasoner.indexing.axiomIgnored]ELK does not support ObjectAllValuesFrom. Axiom ignored:
[INFO] SubClassOf(<http://purl.obolibrary.org/obo/BFO_0000031> ObjectAllValuesFrom(<http://purl.obolibrary.org/obo/BFO_0000176> ObjectComplementOf(ObjectUnionOf(<http://purl.obolibrary.org/obo/BFO_0000004> <http://purl.obolibrary.org/obo/BFO_0000020>))))
[INFO] 2017-12-02 12:52:43,826 WARN  (ChangeIndexingProcessor:66) [reasoner.indexing.axiomIgnored]ELK does not support ObjectAllValuesFrom. Axiom ignored:
[INFO] SubClassOf(<http://purl.obolibrary.org/obo/BFO_0000008> ObjectAllValuesFrom(<http://purl.obolibrary.org/obo/BFO_0000117> <http://purl.obolibrary.org/obo/BFO_0000008>))
[INFO] 2017-12-02 12:52:43,834 WARN  (ChangeIndexingProcessor:66) [reasoner.indexing.axiomIgnored]ELK does not support ObjectAllValuesFrom. Axiom ignored:
[INFO] SubClassOf(<http://purl.obolibrary.org/obo/BFO_0000011> ObjectAllValuesFrom(<http://purl.obolibrary.org/obo/BFO_0000117> <http://purl.obolibrary.org/obo/BFO_0000011>))
[INFO] 2017-12-02 12:52:43,840 WARN  (ChangeIndexingProcessor:66) [reasoner.indexing.axiomIgnored]ELK does not support ObjectAllValuesFrom. Axiom ignored:
[INFO] SubClassOf(<http://purl.obolibrary.org/obo/BFO_0000008> ObjectAllValuesFrom(<http://purl.obolibrary.org/obo/BFO_0000132> <http://purl.obolibrary.org/obo/BFO_0000008>))
[INFO] 2017-12-02 12:52:43,849 WARN  (ChangeIndexingProcessor:66) [reasoner.indexing.axiomIgnored]ELK does not support ObjectAllValuesFrom. Axiom ignored:
[INFO] SubClassOf(<http://purl.obolibrary.org/obo/BFO_0000011> ObjectAllValuesFrom(<http://purl.obolibrary.org/obo/BFO_0000132> <http://purl.obolibrary.org/obo/BFO_0000011>))
[INFO] 2017-12-02 12:52:43,853 WARN  (ChangeIndexingProcessor:66) [reasoner.indexing.axiomIgnored]ELK does not support ObjectAllValuesFrom. Axiom ignored:
[INFO] SubClassOf(<http://purl.obolibrary.org/obo/BFO_0000015> ObjectAllValuesFrom(<http://purl.obolibrary.org/obo/BFO_0000132> <http://purl.obolibrary.org/obo/BFO_0000015>))
[INFO] 2017-12-02 12:52:43,856 WARN  (ChangeIndexingProcessor:66) [reasoner.indexing.axiomIgnored]ELK does not support ObjectAllValuesFrom. Axiom ignored:
[INFO] SubClassOf(<http://purl.obolibrary.org/obo/BFO_0000035> ObjectAllValuesFrom(<http://purl.obolibrary.org/obo/BFO_0000108> <http://purl.obolibrary.org/obo/BFO_0000148>))
[INFO] 2017-12-02 12:52:43,857 WARN  (ChangeIndexingProcessor:66) [reasoner.indexing.axiomIgnored]ELK does not support ObjectAllValuesFrom. Axiom ignored:
[INFO] SubClassOf(<http://purl.obolibrary.org/obo/BFO_0000035> ObjectAllValuesFrom(<http://purl.obolibrary.org/obo/BFO_0000117> <http://purl.obolibrary.org/obo/BFO_0000035>))
[INFO] 2017-12-02 12:52:43,892 WARN  (ChangeIndexingProcessor:66) [reasoner.indexing.axiomIgnored]ELK does not support ObjectAllValuesFrom. Axiom ignored:
[INFO] SubClassOf(<http://purl.obolibrary.org/obo/BFO_0000006> ObjectAllValuesFrom(<http://purl.obolibrary.org/obo/BFO_0000178> <http://purl.obolibrary.org/obo/BFO_0000006>))
[INFO] 2017-12-02 12:52:43,893 WARN  (ChangeIndexingProcessor:66) [reasoner.indexing.axiomIgnored]ELK does not support ObjectAllValuesFrom. Axiom ignored:
[INFO] SubClassOf(<http://purl.obolibrary.org/obo/BFO_0000006> ObjectAllValuesFrom(<http://purl.obolibrary.org/obo/BFO_0000176> <http://purl.obolibrary.org/obo/BFO_0000006>))
[INFO] 2017-12-02 12:52:43,899 WARN  (ChangeIndexingProcessor:66) [reasoner.indexing.axiomIgnored]ELK does not support ObjectAllValuesFrom. Axiom ignored:
[INFO] SubClassOf(<http://purl.obolibrary.org/obo/BFO_0000006> ObjectAllValuesFrom(<http://purl.obolibrary.org/obo/BFO_0000187> <http://purl.obolibrary.org/obo/BFO_0000006>))
[INFO] 2017-12-02 12:52:43,900 WARN  (ChangeIndexingProcessor:66) [reasoner.indexing.axiomIgnored]ELK does not support ObjectAllValuesFrom. Axiom ignored:
[INFO] SubClassOf(<http://purl.obolibrary.org/obo/BFO_0000006> ObjectAllValuesFrom(<http://purl.obolibrary.org/obo/BFO_0000186> <http://purl.obolibrary.org/obo/BFO_0000006>))
[INFO] 2017-12-02 12:52:43,904 WARN  (IndexedObjectUnionOf:92) [reasoner.indexing.IndexedObjectUnionOf]ELK does not support positive occurrences of ObjectUnionOf. Reasoning might be incomplete!
[INFO] 2017-12-02 12:52:43,906 WARN  (ChangeIndexingProcessor:66) [reasoner.indexing.axiomIgnored]ELK does not support ObjectAllValuesFrom. Axiom ignored:
[INFO] SubClassOf(<http://purl.obolibrary.org/obo/BFO_0000035> ObjectAllValuesFrom(<http://purl.obolibrary.org/obo/BFO_0000130> ObjectIntersectionOf(<http://purl.obolibrary.org/obo/BFO_0000011> ObjectSomeValuesFrom(<http://purl.obolibrary.org/obo/BFO_0000139> <http://purl.obolibrary.org/obo/BFO_0000011>))))
[INFO] 2017-12-02 12:52:43,933 WARN  (ChangeIndexingProcessor:66) [reasoner.indexing.axiomIgnored]ELK does not support ObjectAllValuesFrom. Axiom ignored:
[INFO] SubClassOf(<http://purl.obolibrary.org/obo/BFO_0000040> ObjectAllValuesFrom(<http://purl.obolibrary.org/obo/BFO_0000176> <http://purl.obolibrary.org/obo/BFO_0000040>))
[INFO] 2017-12-02 12:52:43,936 WARN  (ChangeIndexingProcessor:66) [reasoner.indexing.axiomIgnored]ELK does not support InverseObjectProperties. Axiom ignored:
[INFO] InverseObjectProperties(<http://purl.obolibrary.org/obo/BFO_0000084> <http://purl.obolibrary.org/obo/BFO_0000101>)
[INFO] 2017-12-02 12:52:43,937 WARN  (ChangeIndexingProcessor:66) [reasoner.indexing.axiomIgnored]ELK does not support InverseObjectProperties. Axiom ignored:
[INFO] InverseObjectProperties(<http://purl.obolibrary.org/obo/BFO_0000083> <http://purl.obolibrary.org/obo/BFO_0000123>)
[INFO] 2017-12-02 12:52:43,939 WARN  (ChangeIndexingProcessor:66) [reasoner.indexing.axiomIgnored]ELK does not support InverseObjectProperties. Axiom ignored:
[INFO] InverseObjectProperties(<http://purl.obolibrary.org/obo/BFO_0000066> <http://purl.obolibrary.org/obo/BFO_0000067>)
[INFO] 2017-12-02 12:52:43,941 WARN  (ChangeIndexingProcessor:66) [reasoner.indexing.axiomIgnored]ELK does not support InverseObjectProperties. Axiom ignored:
[INFO] InverseObjectProperties(<http://purl.obolibrary.org/obo/BFO_0000056> <http://purl.obolibrary.org/obo/BFO_0000057>)
[INFO] 2017-12-02 12:52:43,941 WARN  (ChangeIndexingProcessor:66) [reasoner.indexing.axiomIgnored]ELK does not support InverseObjectProperties. Axiom ignored:
[INFO] InverseObjectProperties(<http://purl.obolibrary.org/obo/BFO_0000054> <http://purl.obolibrary.org/obo/BFO_0000055>)
[INFO] 2017-12-02 12:52:43,942 WARN  (ChangeIndexingProcessor:66) [reasoner.indexing.axiomIgnored]ELK does not support InverseObjectProperties. Axiom ignored:
[INFO] InverseObjectProperties(<http://purl.obolibrary.org/obo/BFO_0000058> <http://purl.obolibrary.org/obo/BFO_0000059>)
[INFO] 2017-12-02 12:52:43,946 WARN  (ChangeIndexingProcessor:66) [reasoner.indexing.axiomIgnored]ELK does not support InverseObjectProperties. Axiom ignored:
[INFO] InverseObjectProperties(<http://purl.obolibrary.org/obo/BFO_0000115> <http://purl.obolibrary.org/obo/BFO_0000129>)
[INFO] 2017-12-02 12:52:43,946 WARN  (ChangeIndexingProcessor:66) [reasoner.indexing.axiomIgnored]ELK does not support InverseObjectProperties. Axiom ignored:
[INFO] InverseObjectProperties(<http://purl.obolibrary.org/obo/BFO_0000119> <http://purl.obolibrary.org/obo/BFO_0000133>)
[INFO] 2017-12-02 12:52:43,946 WARN  (ChangeIndexingProcessor:66) [reasoner.indexing.axiomIgnored]ELK does not support InverseObjectProperties. Axiom ignored:
[INFO] InverseObjectProperties(<http://purl.obolibrary.org/obo/BFO_0000117> <http://purl.obolibrary.org/obo/BFO_0000132>)
[INFO] 2017-12-02 12:52:43,947 WARN  (ChangeIndexingProcessor:66) [reasoner.indexing.axiomIgnored]ELK does not support InverseObjectProperties. Axiom ignored:
[INFO] InverseObjectProperties(<http://purl.obolibrary.org/obo/BFO_0000118> <http://purl.obolibrary.org/obo/BFO_0000138>)
[INFO] 2017-12-02 12:52:43,947 WARN  (ChangeIndexingProcessor:66) [reasoner.indexing.axiomIgnored]ELK does not support InverseObjectProperties. Axiom ignored:
[INFO] InverseObjectProperties(<http://purl.obolibrary.org/obo/BFO_0000108> <http://purl.obolibrary.org/obo/BFO_0000157>)
[INFO] 2017-12-02 12:52:43,947 WARN  (ChangeIndexingProcessor:66) [reasoner.indexing.axiomIgnored]ELK does not support InverseObjectProperties. Axiom ignored:
[INFO] InverseObjectProperties(<http://purl.obolibrary.org/obo/BFO_0000121> <http://purl.obolibrary.org/obo/BFO_0000139>)
[INFO] 2017-12-02 12:52:43,948 WARN  (ChangeIndexingProcessor:66) [reasoner.indexing.axiomIgnored]ELK does not support InverseObjectProperties. Axiom ignored:
[INFO] InverseObjectProperties(<http://purl.obolibrary.org/obo/BFO_0000126> <http://purl.obolibrary.org/obo/BFO_0000130>)
[INFO] 2017-12-02 12:52:43,950 WARN  (ChangeIndexingProcessor:66) [reasoner.indexing.axiomIgnored]ELK does not support InverseObjectProperties. Axiom ignored:
[INFO] InverseObjectProperties(<http://purl.obolibrary.org/obo/BFO_0000153> <http://purl.obolibrary.org/obo/BFO_0000154>)
[INFO] 2017-12-02 12:52:43,950 WARN  (ChangeIndexingProcessor:66) [reasoner.indexing.axiomIgnored]ELK does not support InverseObjectProperties. Axiom ignored:
[INFO] InverseObjectProperties(<http://purl.obolibrary.org/obo/BFO_0000151> <http://purl.obolibrary.org/obo/BFO_0000152>)
[INFO] 2017-12-02 12:52:43,950 WARN  (ChangeIndexingProcessor:66) [reasoner.indexing.axiomIgnored]ELK does not support InverseObjectProperties. Axiom ignored:
[INFO] InverseObjectProperties(<http://purl.obolibrary.org/obo/BFO_0000155> <http://purl.obolibrary.org/obo/BFO_0000156>)
[INFO] 2017-12-02 12:52:43,951 WARN  (ChangeIndexingProcessor:66) [reasoner.indexing.axiomIgnored]ELK does not support InverseObjectProperties. Axiom ignored:
[INFO] InverseObjectProperties(<http://purl.obolibrary.org/obo/BFO_0000136> <http://purl.obolibrary.org/obo/BFO_0000181>)
[INFO] 2017-12-02 12:52:43,953 WARN  (ChangeIndexingProcessor:66) [reasoner.indexing.axiomIgnored]ELK does not support InverseObjectProperties. Axiom ignored:
[INFO] InverseObjectProperties(<http://purl.obolibrary.org/obo/BFO_0000125> <http://purl.obolibrary.org/obo/BFO_0000169>)
[INFO] 2017-12-02 12:52:43,954 WARN  (ChangeIndexingProcessor:66) [reasoner.indexing.axiomIgnored]ELK does not support InverseObjectProperties. Axiom ignored:
[INFO] InverseObjectProperties(<http://purl.obolibrary.org/obo/BFO_0000110> <http://purl.obolibrary.org/obo/BFO_0000186>)
[INFO] 2017-12-02 12:52:43,954 WARN  (ChangeIndexingProcessor:66) [reasoner.indexing.axiomIgnored]ELK does not support InverseObjectProperties. Axiom ignored:
[INFO] InverseObjectProperties(<http://purl.obolibrary.org/obo/BFO_0000124> <http://purl.obolibrary.org/obo/BFO_0000171>)
[INFO] 2017-12-02 12:52:43,968 WARN  (ChangeIndexingProcessor:66) [reasoner.indexing.axiomIgnored]ELK does not support InverseObjectProperties. Axiom ignored:
[INFO] InverseObjectProperties(<http://purl.obolibrary.org/obo/BFO_0000176> <http://purl.obolibrary.org/obo/BFO_0000178>)
[INFO] 2017-12-02 12:52:43,969 WARN  (ChangeIndexingProcessor:66) [reasoner.indexing.axiomIgnored]ELK does not support InverseObjectProperties. Axiom ignored:
[INFO] InverseObjectProperties(<http://purl.obolibrary.org/obo/BFO_0000174> <http://purl.obolibrary.org/obo/BFO_0000175>)
[INFO] 2017-12-02 12:52:43,970 WARN  (ChangeIndexingProcessor:66) [reasoner.indexing.axiomIgnored]ELK does not support InverseObjectProperties. Axiom ignored:
[INFO] InverseObjectProperties(<http://purl.obolibrary.org/obo/BFO_0000177> <http://purl.obolibrary.org/obo/BFO_0000187>)
[INFO] 2017-12-02 12:52:43,970 WARN  (ChangeIndexingProcessor:66) [reasoner.indexing.axiomIgnored]ELK does not support InverseObjectProperties. Axiom ignored:
[INFO] InverseObjectProperties(<http://purl.obolibrary.org/obo/BFO_0000184> <http://purl.obolibrary.org/obo/BFO_0000185>)
[INFO] 2017-12-02 12:52:43,996 WARN  (ChangeIndexingProcessor:66) [reasoner.indexing.axiomIgnored]ELK does not support FunctionalObjectProperty. Axiom ignored:
[INFO] FunctionalObjectProperty(<http://purl.obolibrary.org/obo/BFO_0000185>)
[INFO] 2017-12-02 12:52:43,997 WARN  (ChangeIndexingProcessor:66) [reasoner.indexing.axiomIgnored]ELK does not support FunctionalObjectProperty. Axiom ignored:
[INFO] FunctionalObjectProperty(<http://purl.obolibrary.org/obo/BFO_0000184>)
[INFO] 2017-12-02 12:52:44,004 WARN  (ChangeIndexingProcessor:66) [reasoner.indexing.axiomIgnored]ELK does not support ObjectAllValuesFrom. Axiom ignored:
[INFO] SubClassOf(<http://purl.obolibrary.org/obo/BFO_0000040> ObjectAllValuesFrom(<http://purl.obolibrary.org/obo/BFO_0000083> <http://purl.obolibrary.org/obo/BFO_0000028>))
[INFO] 2017-12-02 12:52:44,042 WARN  (ChangeIndexingProcessor:66) [reasoner.indexing.axiomIgnored]ELK does not support InverseFunctionalObjectProperty. Axiom ignored:
[INFO] InverseFunctionalObjectProperty(<http://purl.obolibrary.org/obo/BFO_0000185>)
[INFO] 2017-12-02 12:52:44,042 WARN  (ChangeIndexingProcessor:66) [reasoner.indexing.axiomIgnored]ELK does not support InverseFunctionalObjectProperty. Axiom ignored:
[INFO] InverseFunctionalObjectProperty(<http://purl.obolibrary.org/obo/BFO_0000184>)
[INFO] 2017-12-02 12:52:44,060 WARN  (ChangeIndexingProcessor:66) [reasoner.indexing.axiomIgnored]ELK does not support ObjectAllValuesFrom. Axiom ignored:
[INFO] SubClassOf(<http://purl.obolibrary.org/obo/BFO_0000141> ObjectAllValuesFrom(<http://purl.obolibrary.org/obo/BFO_0000178> ObjectComplementOf(<http://purl.obolibrary.org/obo/BFO_0000040>)))
[INFO] 2017-12-02 12:52:44,066 WARN  (ChangeIndexingProcessor:66) [reasoner.indexing.axiomIgnored]ELK does not support ObjectPropertyRange. Axiom ignored:
[INFO] ObjectPropertyRange(<http://purl.obolibrary.org/obo/BFO_0000169> ObjectUnionOf(<http://purl.obolibrary.org/obo/BFO_0000015> <http://purl.obolibrary.org/obo/BFO_0000020> ObjectIntersectionOf(<http://purl.obolibrary.org/obo/BFO_0000004> ObjectComplementOf(<http://purl.obolibrary.org/obo/BFO_0000006>))))
[INFO] 2017-12-02 12:52:44,092 WARN  (ChangeIndexingProcessor:66) [reasoner.indexing.axiomIgnored]ELK does not support ObjectPropertyRange. Axiom ignored:
[INFO] ObjectPropertyRange(<http://purl.obolibrary.org/obo/BFO_0000108> <http://purl.obolibrary.org/obo/BFO_0000008>)
[INFO] 2017-12-02 12:52:44,093 WARN  (ChangeIndexingProcessor:66) [reasoner.indexing.axiomIgnored]ELK does not support ObjectPropertyRange. Axiom ignored:
[INFO] ObjectPropertyRange(<http://purl.obolibrary.org/obo/BFO_0000101> <http://purl.obolibrary.org/obo/BFO_0000031>)
[INFO] 2017-12-02 12:52:44,113 WARN  (ChangeIndexingProcessor:66) [reasoner.indexing.axiomIgnored]ELK does not support ObjectAllValuesFrom. Axiom ignored:
[INFO] SubClassOf(<http://purl.obolibrary.org/obo/BFO_0000018> ObjectAllValuesFrom(<http://purl.obolibrary.org/obo/BFO_0000178> ObjectComplementOf(ObjectUnionOf(<http://purl.obolibrary.org/obo/BFO_0000009> <http://purl.obolibrary.org/obo/BFO_0000026> <http://purl.obolibrary.org/obo/BFO_0000028>))))
[INFO] 2017-12-02 12:52:44,116 WARN  (ChangeIndexingProcessor:66) [reasoner.indexing.axiomIgnored]ELK does not support ObjectAllValuesFrom. Axiom ignored:
[INFO] SubClassOf(<http://purl.obolibrary.org/obo/BFO_0000141> ObjectAllValuesFrom(<http://purl.obolibrary.org/obo/BFO_0000187> ObjectComplementOf(<http://purl.obolibrary.org/obo/BFO_0000040>)))
[INFO] 2017-12-02 12:52:44,129 WARN  (ChangeIndexingProcessor:66) [reasoner.indexing.axiomIgnored]ELK does not support ObjectPropertyRange. Axiom ignored:
[INFO] ObjectPropertyRange(<http://purl.obolibrary.org/obo/BFO_0000119> <http://purl.obolibrary.org/obo/BFO_0000144>)
[INFO] 2017-12-02 12:52:44,129 WARN  (ChangeIndexingProcessor:66) [reasoner.indexing.axiomIgnored]ELK does not support ObjectPropertyRange. Axiom ignored:
[INFO] ObjectPropertyRange(<http://purl.obolibrary.org/obo/BFO_0000129> <http://purl.obolibrary.org/obo/BFO_0000002>)
[INFO] 2017-12-02 12:52:44,130 WARN  (ChangeIndexingProcessor:66) [reasoner.indexing.axiomIgnored]ELK does not support ObjectPropertyRange. Axiom ignored:
[INFO] ObjectPropertyRange(<http://purl.obolibrary.org/obo/BFO_0000127> <http://purl.obolibrary.org/obo/BFO_0000016>)
[INFO] 2017-12-02 12:52:44,133 WARN  (ChangeIndexingProcessor:66) [reasoner.indexing.axiomIgnored]ELK does not support ObjectPropertyRange. Axiom ignored:
[INFO] ObjectPropertyRange(<http://purl.obolibrary.org/obo/BFO_0000126> <http://purl.obolibrary.org/obo/BFO_0000003>)
[INFO] 2017-12-02 12:52:44,134 WARN  (ChangeIndexingProcessor:66) [reasoner.indexing.axiomIgnored]ELK does not support ObjectPropertyRange. Axiom ignored:
[INFO] ObjectPropertyRange(<http://purl.obolibrary.org/obo/BFO_0000124> <http://purl.obolibrary.org/obo/BFO_0000004>)
[INFO] 2017-12-02 12:52:44,136 WARN  (ChangeIndexingProcessor:66) [reasoner.indexing.axiomIgnored]ELK does not support ObjectPropertyRange. Axiom ignored:
[INFO] ObjectPropertyRange(<http://purl.obolibrary.org/obo/BFO_0000132> <http://purl.obolibrary.org/obo/BFO_0000003>)
[INFO] 2017-12-02 12:52:44,137 WARN  (ChangeIndexingProcessor:66) [reasoner.indexing.axiomIgnored]ELK does not support ObjectPropertyRange. Axiom ignored:
[INFO] ObjectPropertyRange(<http://purl.obolibrary.org/obo/BFO_0000130> <http://purl.obolibrary.org/obo/BFO_0000011>)
[INFO] 2017-12-02 12:52:44,139 WARN  (ChangeIndexingProcessor:66) [reasoner.indexing.axiomIgnored]ELK does not support ObjectPropertyRange. Axiom ignored:
[INFO] ObjectPropertyRange(<http://purl.obolibrary.org/obo/BFO_0000136> <http://purl.obolibrary.org/obo/BFO_0000003>)
[INFO] 2017-12-02 12:52:44,139 WARN  (ChangeIndexingProcessor:66) [reasoner.indexing.axiomIgnored]ELK does not support ObjectPropertyRange. Axiom ignored:
[INFO] ObjectPropertyRange(<http://purl.obolibrary.org/obo/BFO_0000133> <http://purl.obolibrary.org/obo/BFO_0000015>)
[INFO] 2017-12-02 12:52:44,143 WARN  (ChangeIndexingProcessor:66) [reasoner.indexing.axiomIgnored]ELK does not support ObjectAllValuesFrom. Axiom ignored:
[INFO] SubClassOf(<http://purl.obolibrary.org/obo/BFO_0000018> ObjectAllValuesFrom(<http://purl.obolibrary.org/obo/BFO_0000187> ObjectComplementOf(ObjectUnionOf(<http://purl.obolibrary.org/obo/BFO_0000009> <http://purl.obolibrary.org/obo/BFO_0000026> <http://purl.obolibrary.org/obo/BFO_0000028>))))
[INFO] 2017-12-02 12:52:44,144 WARN  (ChangeIndexingProcessor:66) [reasoner.indexing.axiomIgnored]ELK does not support ObjectPropertyRange. Axiom ignored:
[INFO] ObjectPropertyRange(<http://purl.obolibrary.org/obo/BFO_0000115> <http://purl.obolibrary.org/obo/BFO_0000002>)
[INFO] 2017-12-02 12:52:44,145 WARN  (ChangeIndexingProcessor:66) [reasoner.indexing.axiomIgnored]ELK does not support ObjectPropertyRange. Axiom ignored:
[INFO] ObjectPropertyRange(<http://purl.obolibrary.org/obo/BFO_0000113> <http://purl.obolibrary.org/obo/BFO_0000040>)
[INFO] 2017-12-02 12:52:44,145 WARN  (ChangeIndexingProcessor:66) [reasoner.indexing.axiomIgnored]ELK does not support ObjectAllValuesFrom. Axiom ignored:
[INFO] SubClassOf(<http://purl.obolibrary.org/obo/BFO_0000004> ObjectAllValuesFrom(<http://purl.obolibrary.org/obo/BFO_0000169> <http://www.w3.org/2002/07/owl#Nothing>))
[INFO] 2017-12-02 12:52:44,150 WARN  (ChangeIndexingProcessor:66) [reasoner.indexing.axiomIgnored]ELK does not support ObjectPropertyRange. Axiom ignored:
[INFO] ObjectPropertyRange(<http://purl.obolibrary.org/obo/BFO_0000118> <http://purl.obolibrary.org/obo/BFO_0000003>)
[INFO] 2017-12-02 12:52:44,150 WARN  (ChangeIndexingProcessor:66) [reasoner.indexing.axiomIgnored]ELK does not support ObjectPropertyRange. Axiom ignored:
[INFO] ObjectPropertyRange(<http://purl.obolibrary.org/obo/BFO_0000112> <http://purl.obolibrary.org/obo/BFO_0000016>)
[INFO] 2017-12-02 12:52:44,151 WARN  (ChangeIndexingProcessor:66) [reasoner.indexing.axiomIgnored]ELK does not support ObjectPropertyRange. Axiom ignored:
[INFO] ObjectPropertyRange(<http://purl.obolibrary.org/obo/BFO_0000117> <http://purl.obolibrary.org/obo/BFO_0000003>)
[INFO] 2017-12-02 12:52:44,154 WARN  (ChangeIndexingProcessor:66) [reasoner.indexing.axiomIgnored]ELK does not support ObjectPropertyRange. Axiom ignored:
[INFO] ObjectPropertyRange(<http://purl.obolibrary.org/obo/BFO_0000121> <http://purl.obolibrary.org/obo/BFO_0000003>)
[INFO] 2017-12-02 12:52:44,166 WARN  (ChangeIndexingProcessor:66) [reasoner.indexing.axiomIgnored]ELK does not support ObjectPropertyRange. Axiom ignored:
[INFO] ObjectPropertyRange(<http://purl.obolibrary.org/obo/BFO_0000151> <http://purl.obolibrary.org/obo/BFO_0000006>)
[INFO] 2017-12-02 12:52:44,167 WARN  (ChangeIndexingProcessor:66) [reasoner.indexing.axiomIgnored]ELK does not support ObjectPropertyRange. Axiom ignored:
[INFO] ObjectPropertyRange(<http://purl.obolibrary.org/obo/BFO_0000154> <http://purl.obolibrary.org/obo/BFO_0000011>)
[INFO] 2017-12-02 12:52:44,168 WARN  (ChangeIndexingProcessor:66) [reasoner.indexing.axiomIgnored]ELK does not support ObjectPropertyRange. Axiom ignored:
[INFO] ObjectPropertyRange(<http://purl.obolibrary.org/obo/BFO_0000152> <http://purl.obolibrary.org/obo/BFO_0000011>)
[INFO] 2017-12-02 12:52:44,168 WARN  (ChangeIndexingProcessor:66) [reasoner.indexing.axiomIgnored]ELK does not support ObjectPropertyRange. Axiom ignored:
[INFO] ObjectPropertyRange(<http://purl.obolibrary.org/obo/BFO_0000157> <http://purl.obolibrary.org/obo/BFO_0000001>)
[INFO] 2017-12-02 12:52:44,169 WARN  (ChangeIndexingProcessor:66) [reasoner.indexing.axiomIgnored]ELK does not support ObjectPropertyRange. Axiom ignored:
[INFO] ObjectPropertyRange(<http://purl.obolibrary.org/obo/BFO_0000156> <http://purl.obolibrary.org/obo/BFO_0000003>)
[INFO] 2017-12-02 12:52:44,169 WARN  (ChangeIndexingProcessor:66) [reasoner.indexing.axiomIgnored]ELK does not support ObjectPropertyRange. Axiom ignored:
[INFO] ObjectPropertyRange(<http://purl.obolibrary.org/obo/BFO_0000155> <http://purl.obolibrary.org/obo/BFO_0000008>)
[INFO] 2017-12-02 12:52:44,174 WARN  (ChangeIndexingProcessor:66) [reasoner.indexing.axiomIgnored]ELK does not support ObjectPropertyRange. Axiom ignored:
[INFO] ObjectPropertyRange(<http://purl.obolibrary.org/obo/BFO_0000153> <http://purl.obolibrary.org/obo/BFO_0000008>)
[INFO] 2017-12-02 12:52:44,179 WARN  (ChangeIndexingProcessor:66) [reasoner.indexing.axiomIgnored]ELK does not support ObjectPropertyRange. Axiom ignored:
[INFO] ObjectPropertyRange(<http://purl.obolibrary.org/obo/BFO_0000138> <http://purl.obolibrary.org/obo/BFO_0000003>)
[INFO] 2017-12-02 12:52:44,180 WARN  (ChangeIndexingProcessor:66) [reasoner.indexing.axiomIgnored]ELK does not support ObjectPropertyRange. Axiom ignored:
[INFO] ObjectPropertyRange(<http://purl.obolibrary.org/obo/BFO_0000139> <http://purl.obolibrary.org/obo/BFO_0000003>)
[INFO] 2017-12-02 12:52:44,186 WARN  (IndexedObjectUnionOf:92) [reasoner.indexing.IndexedObjectUnionOf]ELK does not support positive occurrences of ObjectUnionOf. Reasoning might be incomplete!
[INFO] 2017-12-02 12:52:44,201 WARN  (ChangeIndexingProcessor:66) [reasoner.indexing.axiomIgnored]ELK does not support ObjectPropertyRange. Axiom ignored:
[INFO] ObjectPropertyRange(<http://purl.obolibrary.org/obo/BFO_0000178> <http://purl.obolibrary.org/obo/BFO_0000002>)
[INFO] 2017-12-02 12:52:44,204 WARN  (ChangeIndexingProcessor:66) [reasoner.indexing.axiomIgnored]ELK does not support ObjectPropertyRange. Axiom ignored:
[INFO] ObjectPropertyRange(<http://purl.obolibrary.org/obo/BFO_0000171> <http://purl.obolibrary.org/obo/BFO_0000004>)
[INFO] 2017-12-02 12:52:44,205 WARN  (ChangeIndexingProcessor:66) [reasoner.indexing.axiomIgnored]ELK does not support ObjectPropertyRange. Axiom ignored:
[INFO] ObjectPropertyRange(<http://purl.obolibrary.org/obo/BFO_0000174> <http://purl.obolibrary.org/obo/BFO_0000002>)
[INFO] 2017-12-02 12:52:44,206 WARN  (ChangeIndexingProcessor:66) [reasoner.indexing.axiomIgnored]ELK does not support ObjectPropertyRange. Axiom ignored:
[INFO] ObjectPropertyRange(<http://purl.obolibrary.org/obo/BFO_0000176> <http://purl.obolibrary.org/obo/BFO_0000002>)
[INFO] 2017-12-02 12:52:44,206 WARN  (ChangeIndexingProcessor:66) [reasoner.indexing.axiomIgnored]ELK does not support ObjectPropertyRange. Axiom ignored:
[INFO] ObjectPropertyRange(<http://purl.obolibrary.org/obo/BFO_0000175> <http://purl.obolibrary.org/obo/BFO_0000002>)
[INFO] 2017-12-02 12:52:44,209 WARN  (IndexedObjectUnionOf:92) [reasoner.indexing.IndexedObjectUnionOf]ELK does not support positive occurrences of ObjectUnionOf. Reasoning might be incomplete!
[INFO] 2017-12-02 12:52:44,210 WARN  (ChangeIndexingProcessor:66) [reasoner.indexing.axiomIgnored]ELK does not support ObjectPropertyRange. Axiom ignored:
[INFO] ObjectPropertyRange(<http://purl.obolibrary.org/obo/BFO_0000159> <http://purl.obolibrary.org/obo/BFO_0000019>)
[INFO] 2017-12-02 12:52:44,211 WARN  (ChangeIndexingProcessor:66) [reasoner.indexing.axiomIgnored]ELK does not support ObjectPropertyRange. Axiom ignored:
[INFO] ObjectPropertyRange(<http://purl.obolibrary.org/obo/BFO_0000158> <http://purl.obolibrary.org/obo/BFO_0000020>)
[INFO] 2017-12-02 12:52:44,214 WARN  (ChangeIndexingProcessor:66) [reasoner.indexing.axiomIgnored]ELK does not support ObjectPropertyRange. Axiom ignored:
[INFO] ObjectPropertyRange(<http://purl.obolibrary.org/obo/BFO_0000163> <http://purl.obolibrary.org/obo/BFO_0000016>)
[INFO] 2017-12-02 12:52:44,215 WARN  (ChangeIndexingProcessor:66) [reasoner.indexing.axiomIgnored]ELK does not support ObjectPropertyRange. Axiom ignored:
[INFO] ObjectPropertyRange(<http://purl.obolibrary.org/obo/BFO_0000161> <http://purl.obolibrary.org/obo/BFO_0000023>)
[INFO] 2017-12-02 12:52:44,215 WARN  (ChangeIndexingProcessor:66) [reasoner.indexing.axiomIgnored]ELK does not support ObjectPropertyRange. Axiom ignored:
[INFO] ObjectPropertyRange(<http://purl.obolibrary.org/obo/BFO_0000160> <http://purl.obolibrary.org/obo/BFO_0000034>)
[INFO] 2017-12-02 12:52:44,215 WARN  (ChangeIndexingProcessor:66) [reasoner.indexing.axiomIgnored]ELK does not support ObjectPropertyRange. Axiom ignored:
[INFO] ObjectPropertyRange(<http://purl.obolibrary.org/obo/BFO_0000162> <http://purl.obolibrary.org/obo/BFO_0000016>)
[INFO] 2017-12-02 12:52:44,232 WARN  (ChangeIndexingProcessor:66) [reasoner.indexing.axiomIgnored]ELK does not support ObjectPropertyRange. Axiom ignored:
[INFO] ObjectPropertyRange(<http://purl.obolibrary.org/obo/BFO_0000181> <http://purl.obolibrary.org/obo/BFO_0000003>)
[INFO] 2017-12-02 12:52:44,232 WARN  (ChangeIndexingProcessor:66) [reasoner.indexing.axiomIgnored]ELK does not support ObjectAllValuesFrom. Axiom ignored:
[INFO] SubClassOf(<http://purl.obolibrary.org/obo/BFO_0000009> ObjectAllValuesFrom(<http://purl.obolibrary.org/obo/BFO_0000178> ObjectComplementOf(<http://purl.obolibrary.org/obo/BFO_0000028>)))
[INFO] 2017-12-02 12:52:44,235 WARN  (ChangeIndexingProcessor:66) [reasoner.indexing.axiomIgnored]ELK does not support ObjectAllValuesFrom. Axiom ignored:
[INFO] SubClassOf(<http://purl.obolibrary.org/obo/BFO_0000182> ObjectAllValuesFrom(<http://purl.obolibrary.org/obo/BFO_0000132> ObjectComplementOf(<http://purl.obolibrary.org/obo/BFO_0000144>)))
[INFO] 2017-12-02 12:52:44,239 WARN  (ChangeIndexingProcessor:66) [reasoner.indexing.axiomIgnored]ELK does not support ObjectPropertyRange. Axiom ignored:
[INFO] ObjectPropertyRange(<http://purl.obolibrary.org/obo/BFO_0000185> <http://purl.obolibrary.org/obo/BFO_0000015>)
[INFO] 2017-12-02 12:52:44,239 WARN  (ChangeIndexingProcessor:66) [reasoner.indexing.axiomIgnored]ELK does not support ObjectAllValuesFrom. Axiom ignored:
[INFO] SubClassOf(<http://purl.obolibrary.org/obo/BFO_0000009> ObjectAllValuesFrom(<http://purl.obolibrary.org/obo/BFO_0000187> ObjectComplementOf(<http://purl.obolibrary.org/obo/BFO_0000028>)))
[INFO] 2017-12-02 12:52:44,240 WARN  (ChangeIndexingProcessor:66) [reasoner.indexing.axiomIgnored]ELK does not support ObjectPropertyRange. Axiom ignored:
[INFO] ObjectPropertyRange(<http://purl.obolibrary.org/obo/BFO_0000184> <http://purl.obolibrary.org/obo/BFO_0000040>)
[INFO] 2017-12-02 12:52:44,240 WARN  (ChangeIndexingProcessor:66) [reasoner.indexing.axiomIgnored]ELK does not support ObjectAllValuesFrom. Axiom ignored:
[INFO] SubClassOf(<http://purl.obolibrary.org/obo/BFO_0000019> ObjectAllValuesFrom(<http://purl.obolibrary.org/obo/BFO_0000176> ObjectComplementOf(<http://purl.obolibrary.org/obo/BFO_0000017>)))
[INFO] 2017-12-02 12:52:44,241 WARN  (ChangeIndexingProcessor:66) [reasoner.indexing.axiomIgnored]ELK does not support ObjectPropertyRange. Axiom ignored:
[INFO] ObjectPropertyRange(<http://purl.obolibrary.org/obo/BFO_0000187> <http://purl.obolibrary.org/obo/BFO_0000002>)
[INFO] 2017-12-02 12:52:44,241 WARN  (ChangeIndexingProcessor:66) [reasoner.indexing.axiomIgnored]ELK does not support ObjectPropertyRange. Axiom ignored:
[INFO] ObjectPropertyRange(<http://purl.obolibrary.org/obo/BFO_0000186> <http://purl.obolibrary.org/obo/BFO_0000002>)
[INFO] 2017-12-02 12:52:44,241 WARN  (ChangeIndexingProcessor:66) [reasoner.indexing.axiomIgnored]ELK does not support ObjectAllValuesFrom. Axiom ignored:
[INFO] SubClassOf(<http://purl.obolibrary.org/obo/BFO_0000016> ObjectAllValuesFrom(<http://purl.obolibrary.org/obo/BFO_0000176> ObjectComplementOf(<http://purl.obolibrary.org/obo/BFO_0000023>)))
[INFO] 2017-12-02 12:52:44,242 WARN  (ChangeIndexingProcessor:66) [reasoner.indexing.axiomIgnored]ELK does not support ObjectAllValuesFrom. Axiom ignored:
[INFO] SubClassOf(<http://purl.obolibrary.org/obo/BFO_0000017> ObjectAllValuesFrom(<http://purl.obolibrary.org/obo/BFO_0000176> ObjectComplementOf(<http://purl.obolibrary.org/obo/BFO_0000019>)))
[INFO] 2017-12-02 12:52:44,248 WARN  (ChangeIndexingProcessor:66) [reasoner.indexing.axiomIgnored]ELK does not support ObjectHasSelf. Axiom ignored:
[INFO] SubClassOf(<http://purl.obolibrary.org/obo/BFO_0000008> ObjectHasSelf(<http://purl.obolibrary.org/obo/BFO_0000155>))
[INFO] 2017-12-02 12:52:44,248 WARN  (ChangeIndexingProcessor:66) [reasoner.indexing.axiomIgnored]ELK does not support ObjectHasSelf. Axiom ignored:
[INFO] SubClassOf(<http://purl.obolibrary.org/obo/BFO_0000008> ObjectHasSelf(<http://purl.obolibrary.org/obo/BFO_0000156>))
[INFO] 2017-12-02 12:52:44,249 WARN  (ChangeIndexingProcessor:66) [reasoner.indexing.axiomIgnored]ELK does not support ObjectHasSelf. Axiom ignored:
[INFO] SubClassOf(<http://purl.obolibrary.org/obo/BFO_0000006> ObjectHasSelf(<http://purl.obolibrary.org/obo/BFO_0000123>))
[INFO] 2017-12-02 12:52:44,250 WARN  (ChangeIndexingProcessor:66) [reasoner.indexing.axiomIgnored]ELK does not support ObjectAllValuesFrom. Axiom ignored:
[INFO] SubClassOf(<http://purl.obolibrary.org/obo/BFO_0000016> ObjectAllValuesFrom(<http://purl.obolibrary.org/obo/BFO_0000186> ObjectComplementOf(<http://purl.obolibrary.org/obo/BFO_0000023>)))
[INFO] 2017-12-02 12:52:44,251 WARN  (ChangeIndexingProcessor:66) [reasoner.indexing.axiomIgnored]ELK does not support ObjectAllValuesFrom. Axiom ignored:
[INFO] SubClassOf(<http://purl.obolibrary.org/obo/BFO_0000017> ObjectAllValuesFrom(<http://purl.obolibrary.org/obo/BFO_0000186> ObjectComplementOf(<http://purl.obolibrary.org/obo/BFO_0000019>)))
[INFO] 2017-12-02 12:52:44,251 WARN  (ChangeIndexingProcessor:66) [reasoner.indexing.axiomIgnored]ELK does not support ObjectHasSelf. Axiom ignored:
[INFO] SubClassOf(<http://purl.obolibrary.org/obo/BFO_0000011> ObjectHasSelf(<http://purl.obolibrary.org/obo/BFO_0000130>))
[INFO] 2017-12-02 12:52:44,252 WARN  (ChangeIndexingProcessor:66) [reasoner.indexing.axiomIgnored]ELK does not support ObjectHasSelf. Axiom ignored:
[INFO] SubClassOf(<http://purl.obolibrary.org/obo/BFO_0000011> ObjectHasSelf(<http://purl.obolibrary.org/obo/BFO_0000126>))
[INFO] 2017-12-02 12:52:44,252 WARN  (ChangeIndexingProcessor:66) [reasoner.indexing.axiomIgnored]ELK does not support ObjectAllValuesFrom. Axiom ignored:
[INFO] SubClassOf(<http://purl.obolibrary.org/obo/BFO_0000023> ObjectAllValuesFrom(<http://purl.obolibrary.org/obo/BFO_0000176> ObjectComplementOf(<http://purl.obolibrary.org/obo/BFO_0000016>)))
[INFO] 2017-12-02 12:52:44,256 WARN  (ChangeIndexingProcessor:66) [reasoner.indexing.axiomIgnored]ELK does not support ObjectAllValuesFrom. Axiom ignored:
[INFO] SubClassOf(<http://purl.obolibrary.org/obo/BFO_0000019> ObjectAllValuesFrom(<http://purl.obolibrary.org/obo/BFO_0000186> ObjectComplementOf(<http://purl.obolibrary.org/obo/BFO_0000017>)))
[INFO] 2017-12-02 12:52:44,258 WARN  (ChangeIndexingProcessor:66) [reasoner.indexing.axiomIgnored]ELK does not support ObjectHasSelf. Axiom ignored:
[INFO] SubClassOf(<http://purl.obolibrary.org/obo/BFO_0000006> ObjectHasSelf(<http://purl.obolibrary.org/obo/BFO_0000083>))
[INFO] 2017-12-02 12:52:44,263 WARN  (ChangeIndexingProcessor:66) [reasoner.indexing.axiomIgnored]ELK does not support ObjectAllValuesFrom. Axiom ignored:
[INFO] SubClassOf(<http://purl.obolibrary.org/obo/BFO_0000023> ObjectAllValuesFrom(<http://purl.obolibrary.org/obo/BFO_0000186> ObjectComplementOf(<http://purl.obolibrary.org/obo/BFO_0000016>)))
[INFO] 2017-12-02 12:52:44,272 WARN  (ChangeIndexingProcessor:66) [reasoner.indexing.axiomIgnored]ELK does not support ObjectPropertyRange. Axiom ignored:
[INFO] ObjectPropertyRange(<http://purl.obolibrary.org/obo/BFO_0000167> ObjectIntersectionOf(<http://purl.obolibrary.org/obo/BFO_0000002> ObjectComplementOf(<http://purl.obolibrary.org/obo/BFO_0000006>)))
[INFO] 2017-12-02 12:52:44,274 WARN  (ChangeIndexingProcessor:66) [reasoner.indexing.axiomIgnored]ELK does not support ObjectPropertyRange. Axiom ignored:
[INFO] ObjectPropertyRange(<http://purl.obolibrary.org/obo/BFO_0000067> ObjectUnionOf(<http://purl.obolibrary.org/obo/BFO_0000015> <http://purl.obolibrary.org/obo/BFO_0000035>))
[INFO] 2017-12-02 12:52:44,285 WARN  (ChangeIndexingProcessor:66) [reasoner.indexing.axiomIgnored]ELK does not support ObjectPropertyRange. Axiom ignored:
[INFO] ObjectPropertyRange(<http://purl.obolibrary.org/obo/BFO_0000066> ObjectUnionOf(<http://purl.obolibrary.org/obo/BFO_0000029> <http://purl.obolibrary.org/obo/BFO_0000040>))
[INFO] 2017-12-02 12:52:44,307 WARN  (ChangeIndexingProcessor:66) [reasoner.indexing.axiomIgnored]ELK does not support ObjectAllValuesFrom. Axiom ignored:
[INFO] SubClassOf(<http://purl.obolibrary.org/obo/BFO_0000015> ObjectAllValuesFrom(<http://purl.obolibrary.org/obo/BFO_0000117> ObjectUnionOf(<http://purl.obolibrary.org/obo/BFO_0000015> <http://purl.obolibrary.org/obo/BFO_0000035>)))
[INFO] 2017-12-02 12:52:44,320 WARN  (ChangeIndexingProcessor:66) [reasoner.indexing.axiomIgnored]ELK does not support ObjectPropertyRange. Axiom ignored:
[INFO] ObjectPropertyRange(<http://purl.obolibrary.org/obo/BFO_0000057> ObjectIntersectionOf(<http://purl.obolibrary.org/obo/BFO_0000002> ObjectComplementOf(<http://purl.obolibrary.org/obo/BFO_0000006>)))
[INFO] 2017-12-02 12:52:44,320 WARN  (ChangeIndexingProcessor:66) [reasoner.indexing.axiomIgnored]ELK does not support ObjectPropertyRange. Axiom ignored:
[INFO] ObjectPropertyRange(<http://purl.obolibrary.org/obo/BFO_0000052> ObjectIntersectionOf(<http://purl.obolibrary.org/obo/BFO_0000004> ObjectComplementOf(<http://purl.obolibrary.org/obo/BFO_0000006>)))
[INFO] 2017-12-02 12:52:44,330 WARN  (ChangeIndexingProcessor:66) [reasoner.indexing.axiomIgnored]ELK does not support ObjectAllValuesFrom. Axiom ignored:
[INFO] SubClassOf(<http://purl.obolibrary.org/obo/BFO_0000142> ObjectAllValuesFrom(<http://purl.obolibrary.org/obo/BFO_0000178> ObjectComplementOf(ObjectUnionOf(<http://purl.obolibrary.org/obo/BFO_0000146>))))
[INFO] 2017-12-02 12:52:44,342 WARN  (ChangeIndexingProcessor:66) [reasoner.indexing.axiomIgnored]ELK does not support ObjectAllValuesFrom. Axiom ignored:
[INFO] SubClassOf(<http://purl.obolibrary.org/obo/BFO_0000142> ObjectAllValuesFrom(<http://purl.obolibrary.org/obo/BFO_0000187> ObjectComplementOf(ObjectUnionOf(<http://purl.obolibrary.org/obo/BFO_0000146>))))
[INFO] 2017-12-02 12:52:44,344 WARN  (ChangeIndexingProcessor:66) [reasoner.indexing.axiomIgnored]ELK does not support ObjectPropertyRange. Axiom ignored:
[INFO] ObjectPropertyRange(<http://purl.obolibrary.org/obo/OGG_0000000016> <http://purl.obolibrary.org/obo/OBI_0100026>)
[INFO] 2017-12-02 12:52:44,348 WARN  (ChangeIndexingProcessor:66) [reasoner.indexing.axiomIgnored]ELK does not support ObjectPropertyRange. Axiom ignored:
[INFO] ObjectPropertyRange(<http://purl.obolibrary.org/obo/BFO_0000084> ObjectIntersectionOf(<http://purl.obolibrary.org/obo/BFO_0000004> ObjectComplementOf(<http://purl.obolibrary.org/obo/BFO_0000006>)))
[INFO] 2017-12-02 12:52:44,349 WARN  (ChangeIndexingProcessor:66) [reasoner.indexing.axiomIgnored]ELK does not support ObjectAllValuesFrom. Axiom ignored:
[INFO] SubClassOf(<http://purl.obolibrary.org/obo/BFO_0000141> ObjectAllValuesFrom(<http://purl.obolibrary.org/obo/BFO_0000178> <http://purl.obolibrary.org/obo/BFO_0000141>))
[INFO] 2017-12-02 12:52:44,349 WARN  (ChangeIndexingProcessor:66) [reasoner.indexing.axiomIgnored]ELK does not support ObjectAllValuesFrom. Axiom ignored:
[INFO] SubClassOf(<http://purl.obolibrary.org/obo/BFO_0000140> ObjectAllValuesFrom(<http://purl.obolibrary.org/obo/BFO_0000178> <http://purl.obolibrary.org/obo/BFO_0000140>))
[INFO] 2017-12-02 12:52:44,355 WARN  (ChangeIndexingProcessor:66) [reasoner.indexing.axiomIgnored]ELK does not support ObjectAllValuesFrom. Axiom ignored:
[INFO] SubClassOf(<http://purl.obolibrary.org/obo/BFO_0000141> ObjectAllValuesFrom(<http://purl.obolibrary.org/obo/BFO_0000187> <http://purl.obolibrary.org/obo/BFO_0000141>))
[INFO] 2017-12-02 12:52:44,356 WARN  (ChangeIndexingProcessor:66) [reasoner.indexing.axiomIgnored]ELK does not support ObjectAllValuesFrom. Axiom ignored:
[INFO] SubClassOf(<http://purl.obolibrary.org/obo/BFO_0000140> ObjectAllValuesFrom(<http://purl.obolibrary.org/obo/BFO_0000187> <http://purl.obolibrary.org/obo/BFO_0000140>))
[INFO] 2017-12-02 12:52:44,361 WARN  (ChangeIndexingProcessor:66) [reasoner.indexing.axiomIgnored]ELK does not support ObjectAllValuesFrom. Axiom ignored:
[INFO] SubClassOf(<http://purl.obolibrary.org/obo/BFO_0000035> ObjectAllValuesFrom(<http://purl.obolibrary.org/obo/BFO_0000132> ObjectUnionOf(<http://purl.obolibrary.org/obo/BFO_0000015> <http://purl.obolibrary.org/obo/BFO_0000035>)))
[INFO] 2017-12-02 12:52:44,381 WARN  (ChangeIndexingProcessor:66) [reasoner.indexing.axiomIgnored]ELK does not support ObjectAllValuesFrom. Axiom ignored:
[INFO] SubClassOf(<http://purl.obolibrary.org/obo/BFO_0000040> ObjectAllValuesFrom(<http://purl.obolibrary.org/obo/BFO_0000186> <http://purl.obolibrary.org/obo/BFO_0000040>))
[INFO] 2017-12-02 12:52:44,401 WARN  (ChangeIndexingProcessor:66) [reasoner.indexing.axiomIgnored]ELK does not support ObjectAllValuesFrom. Axiom ignored:
[INFO] SubClassOf(<http://purl.obolibrary.org/obo/BFO_0000140> ObjectAllValuesFrom(<http://purl.obolibrary.org/obo/BFO_0000176> ObjectComplementOf(<http://purl.obolibrary.org/obo/BFO_0000006>)))
[INFO] 2017-12-02 12:52:44,424 WARN  (ChangeIndexingProcessor:66) [reasoner.indexing.axiomIgnored]ELK does not support ObjectAllValuesFrom. Axiom ignored:
[INFO] SubClassOf(<http://purl.obolibrary.org/obo/BFO_0000148> ObjectAllValuesFrom(<http://purl.obolibrary.org/obo/BFO_0000118> <http://www.w3.org/2002/07/owl#Nothing>))
[INFO] 2017-12-02 12:52:44,432 WARN  (ChangeIndexingProcessor:66) [reasoner.indexing.axiomIgnored]ELK does not support ObjectAllValuesFrom. Axiom ignored:
[INFO] SubClassOf(<http://purl.obolibrary.org/obo/BFO_0000040> ObjectAllValuesFrom(<http://purl.obolibrary.org/obo/BFO_0000187> ObjectUnionOf(<http://purl.obolibrary.org/obo/BFO_0000040> <http://purl.obolibrary.org/obo/BFO_0000141>)))
[INFO] 2017-12-02 12:52:44,436 WARN  (ChangeIndexingProcessor:66) [reasoner.indexing.axiomIgnored]ELK does not support ObjectAllValuesFrom. Axiom ignored:
[INFO] SubClassOf(<http://purl.obolibrary.org/obo/BFO_0000140> ObjectAllValuesFrom(<http://purl.obolibrary.org/obo/BFO_0000186> ObjectComplementOf(<http://purl.obolibrary.org/obo/BFO_0000006>)))
[INFO] 2017-12-02 12:52:44,443 WARN  (ChangeIndexingProcessor:66) [reasoner.indexing.axiomIgnored]ELK does not support ObjectAllValuesFrom. Axiom ignored:
[INFO] SubClassOf(<http://purl.obolibrary.org/obo/BFO_0000040> ObjectAllValuesFrom(<http://purl.obolibrary.org/obo/BFO_0000178> ObjectUnionOf(<http://purl.obolibrary.org/obo/BFO_0000040> <http://purl.obolibrary.org/obo/BFO_0000141>)))
[INFO] 2017-12-02 12:52:44,448 WARN  (ChangeIndexingProcessor:66) [reasoner.indexing.axiomIgnored]ELK does not support ObjectMinCardinality. Axiom ignored:
[INFO] EquivalentClasses(<http://purl.obolibrary.org/obo/BFO_0000145> ObjectIntersectionOf(<http://purl.obolibrary.org/obo/BFO_0000019> ObjectMinCardinality(2 <http://purl.obolibrary.org/obo/BFO_0000052>)))
[INFO] 2017-12-02 12:52:44,469 INFO  (LoggingStageExecutor:103) Loading of Axioms took 1023 ms
[INFO] 2017-12-02 12:52:44,470 INFO  (LoggingStageExecutor:70) Property Saturation Initialization started
[INFO] 2017-12-02 12:52:44,472 INFO  (AbstractReasonerStage:161) Property Saturation Initialization using 64 workers
[INFO] 2017-12-02 12:52:44,473 INFO  (LoggingStageExecutor:103) Property Saturation Initialization took 2 ms
[INFO] 2017-12-02 12:52:44,473 INFO  (LoggingStageExecutor:70) Reflexive Property Computation started
[INFO] 2017-12-02 12:52:44,485 INFO  (AbstractReasonerStage:161) Reflexive Property Computation using 64 workers
[INFO] 2017-12-02 12:52:44,502 INFO  (LoggingStageExecutor:103) Reflexive Property Computation took 29 ms
[INFO] 2017-12-02 12:52:44,503 INFO  (LoggingStageExecutor:70) Object Property Hierarchy and Composition Computation started
[INFO] 2017-12-02 12:52:44,510 INFO  (AbstractReasonerStage:161) Object Property Hierarchy and Composition Computation using 64 workers
[INFO] 2017-12-02 12:52:44,641 INFO  (LoggingStageExecutor:103) Object Property Hierarchy and Composition Computation took 138 ms
[INFO] 2017-12-02 12:52:44,641 INFO  (LoggingStageExecutor:70) Context Initialization started
[INFO] 2017-12-02 12:52:44,644 INFO  (AbstractReasonerStage:161) Context Initialization using 64 workers
[INFO] 2017-12-02 12:52:44,651 INFO  (LoggingStageExecutor:103) Context Initialization took 9 ms
[INFO] 2017-12-02 12:52:44,651 INFO  (LoggingStageExecutor:70) Consistency Checking started
[INFO] 2017-12-02 12:52:44,670 INFO  (AbstractReasonerStage:161) Consistency Checking using 64 workers
[INFO] 2017-12-02 12:52:44,725 INFO  (LoggingStageExecutor:103) Consistency Checking took 73 ms
[INFO] 2017-12-02 12:52:44,726 INFO  (LoggingStageExecutor:70) Class Taxonomy Computation started
[INFO] 2017-12-02 12:52:44,751 INFO  (AbstractReasonerStage:161) Class Taxonomy Computation using 64 workers
[INFO] 2017-12-02 12:52:45,743 INFO  (LoggingStageExecutor:103) Class Taxonomy Computation took 1016 ms
[INFO] E: owl:Nothing owl:Nothing
[INFO] 2017-12-02 12:52:45,749 INFO  (CommandRunnerBase:78) disposing of org.semanticweb.elk.owlapi.ElkReasoner@60d1a32f
[INFO] 2017-12-02 12:52:45,755 INFO  (Reasoner:231) ELK reasoner has shut down
[INFO] 2017-12-02 12:52:45,756 INFO  (CommandRunnerBase:70) disposing of org.semanticweb.elk.owlapi.ElkReasoner@60d1a32f
[INFO] ------------------------------------------------------------------------
[INFO] BUILD SUCCESS
[INFO] ------------------------------------------------------------------------
[INFO] Total time: 28.767 s
[INFO] Finished at: 2017-12-02T12:52:45-07:00
[INFO] Final Memory: 21M/1963M
[INFO] ------------------------------------------------------------------------
Sat Dec  2 12:52:46 MST 2017
