Sat Dec  2 12:52:15 MST 2017
Querying for incoherent classes in: /scratch/Shares/hunter/obo-ci/data-all/base/ontologies/ohmi/ohmi_flat.owl
[INFO] Error stacktraces are turned on.
[INFO] Scanning for projects...
[INFO]                                                                         
[INFO] ------------------------------------------------------------------------
[INFO] Building incoherent-query 1.0
[INFO] ------------------------------------------------------------------------
[INFO] 
[INFO] --- exec-maven-plugin:1.1:exec (default-cli) @ incoherent-query ---
[INFO] /bin/sh: module: line 1: syntax error: unexpected end of file
[INFO] /bin/sh: error importing function definition for `BASH_FUNC_module'
[INFO] 2017-12-02 12:52:22,638 INFO  (ParserWrapper:75) Start loading ontology: file:/scratch/Shares/hunter/obo-ci/data-all/base/ontologies/ohmi/ohmi_flat.owl from: file:/scratch/Shares/hunter/obo-ci/data-all/base/ontologies/ohmi/ohmi_flat.owl
[INFO] 2017-12-02 12:52:24,993 INFO  (ParserWrapper:82) Finished loading ontology: http://purl.obolibrary.org/obo/ohmi.owl from: file:/scratch/Shares/hunter/obo-ci/data-all/base/ontologies/ohmi/ohmi_flat.owl
[INFO] # PARSING: <http://www.w3.org/2002/07/owl#Nothing>
[INFO] 2017-12-02 12:52:25,237 INFO  (ManchesterSyntaxTool:130) parsing: <http://www.w3.org/2002/07/owl#Nothing>
[INFO] # QUERY: owl:Nothing owl:Nothing
[INFO] 2017-12-02 12:52:25,324 INFO  (ConfigurationFactory:83) Loading default configuration parameters for class org.semanticweb.elk.reasoner.config.ReasonerConfiguration
[INFO] 2017-12-02 12:52:25,899 INFO  (Reasoner:117) ELK reasoner was created
[INFO] 2017-12-02 12:52:25,901 INFO  (CommandRunner:6042) Created reasoner: org.semanticweb.elk.owlapi.ElkReasoner@14b030a0
[INFO] 2017-12-02 12:52:25,905 INFO  (LoggingStageExecutor:70) Loading of Axioms started
[INFO] 2017-12-02 12:52:25,917 INFO  (AbstractReasonerStage:161) Loading of Axioms using 64 workers
[INFO] 2017-12-02 12:52:25,956 WARN  (ChangeIndexingProcessor:66) [reasoner.indexing.axiomIgnored]ELK does not support ObjectAllValuesFrom. Axiom ignored:
[INFO] EquivalentClasses(<http://purl.obolibrary.org/obo/PCO_0000000> ObjectIntersectionOf(ObjectAllValuesFrom(<http://purl.obolibrary.org/obo/RO_0002351> <http://purl.obolibrary.org/obo/CARO_0001010>) ObjectMinCardinality(2 <http://purl.obolibrary.org/obo/RO_0002351>)))
[INFO] 2017-12-02 12:52:25,968 WARN  (ChangeIndexingProcessor:66) [reasoner.indexing.axiomIgnored]ELK does not support InverseObjectProperties. Axiom ignored:
[INFO] InverseObjectProperties(<http://purl.obolibrary.org/obo/BFO_0000066> <http://purl.obolibrary.org/obo/BFO_0000067>)
[INFO] 2017-12-02 12:52:25,974 WARN  (ChangeIndexingProcessor:66) [reasoner.indexing.axiomIgnored]ELK does not support InverseObjectProperties. Axiom ignored:
[INFO] InverseObjectProperties(<http://purl.obolibrary.org/obo/RO_0001000> <http://purl.obolibrary.org/obo/RO_0001001>)
[INFO] 2017-12-02 12:52:25,977 WARN  (ChangeIndexingProcessor:66) [reasoner.indexing.axiomIgnored]ELK does not support InverseObjectProperties. Axiom ignored:
[INFO] InverseObjectProperties(<http://purl.obolibrary.org/obo/BFO_0000062> <http://purl.obolibrary.org/obo/BFO_0000063>)
[INFO] 2017-12-02 12:52:25,984 WARN  (ChangeIndexingProcessor:66) [reasoner.indexing.axiomIgnored]ELK does not support ObjectAllValuesFrom. Axiom ignored:
[INFO] SubClassOf(<http://purl.obolibrary.org/obo/PCO_0000000> ObjectAllValuesFrom(<http://purl.obolibrary.org/obo/RO_0002351> <http://purl.obolibrary.org/obo/CARO_0001010>))
[INFO] 2017-12-02 12:52:25,992 WARN  (ChangeIndexingProcessor:66) [reasoner.indexing.axiomIgnored]ELK does not support ObjectOneOf. Axiom ignored:
[INFO] EquivalentClasses(<http://purl.obolibrary.org/obo/IAO_0000078> ObjectOneOf(<http://purl.obolibrary.org/obo/IAO_0000428> <http://purl.obolibrary.org/obo/IAO_0000423> <http://purl.obolibrary.org/obo/IAO_0000124> <http://purl.obolibrary.org/obo/IAO_0000125> <http://purl.obolibrary.org/obo/IAO_0000122> <http://purl.obolibrary.org/obo/IAO_0000002> <http://purl.obolibrary.org/obo/IAO_0000123> <http://purl.obolibrary.org/obo/IAO_0000120> <http://purl.obolibrary.org/obo/IAO_0000121>))
[INFO] 2017-12-02 12:52:26,004 WARN  (ChangeIndexingProcessor:66) [reasoner.indexing.axiomIgnored]ELK does not support ObjectPropertyRange. Axiom ignored:
[INFO] ObjectPropertyRange(<http://purl.obolibrary.org/obo/RO_0000059> <http://purl.obolibrary.org/obo/BFO_0000031>)
[INFO] 2017-12-02 12:52:26,011 WARN  (ChangeIndexingProcessor:66) [reasoner.indexing.axiomIgnored]ELK does not support ObjectPropertyRange. Axiom ignored:
[INFO] ObjectPropertyRange(<http://purl.obolibrary.org/obo/RO_0002002> <http://purl.obolibrary.org/obo/BFO_0000141>)
[INFO] 2017-12-02 12:52:26,014 WARN  (ChangeIndexingProcessor:66) [reasoner.indexing.axiomIgnored]ELK does not support ObjectOneOf. Axiom ignored:
[INFO] EquivalentClasses(<http://purl.obolibrary.org/obo/IAO_0000225> ObjectOneOf(<http://purl.obolibrary.org/obo/IAO_0000229> <http://purl.obolibrary.org/obo/IAO_0000227> <http://purl.obolibrary.org/obo/IAO_0000228> <http://purl.obolibrary.org/obo/IAO_0000226> <http://purl.obolibrary.org/obo/IAO_0000103>))
[INFO] 2017-12-02 12:52:26,019 WARN  (ChangeIndexingProcessor:66) [reasoner.indexing.axiomIgnored]ELK does not support ObjectAllValuesFrom. Axiom ignored:
[INFO] EquivalentClasses(<http://purl.obolibrary.org/obo/PCO_0000018> ObjectIntersectionOf(ObjectAllValuesFrom(<http://purl.obolibrary.org/obo/RO_0002351> <http://purl.obolibrary.org/obo/CARO_0001010>) ObjectAllValuesFrom(<http://purl.obolibrary.org/obo/RO_0002351> ObjectExactCardinality(1 <http://purl.obolibrary.org/obo/RO_0002350>)) ObjectMinCardinality(2 <http://purl.obolibrary.org/obo/RO_0002351>)))
[INFO] 2017-12-02 12:52:26,021 WARN  (ChangeIndexingProcessor:66) [reasoner.indexing.axiomIgnored]ELK does not support InverseObjectProperties. Axiom ignored:
[INFO] InverseObjectProperties(<http://purl.obolibrary.org/obo/RO_0000058> <http://purl.obolibrary.org/obo/RO_0000059>)
[INFO] 2017-12-02 12:52:26,022 WARN  (ChangeIndexingProcessor:66) [reasoner.indexing.axiomIgnored]ELK does not support InverseObjectProperties. Axiom ignored:
[INFO] InverseObjectProperties(<http://purl.obolibrary.org/obo/RO_0000056> <http://purl.obolibrary.org/obo/RO_0000057>)
[INFO] 2017-12-02 12:52:26,033 WARN  (ChangeIndexingProcessor:66) [reasoner.indexing.axiomIgnored]ELK does not support InverseObjectProperties. Axiom ignored:
[INFO] InverseObjectProperties(<http://purl.obolibrary.org/obo/RO_0000052> <http://purl.obolibrary.org/obo/RO_0000053>)
[INFO] 2017-12-02 12:52:26,044 WARN  (ChangeIndexingProcessor:66) [reasoner.indexing.axiomIgnored]ELK does not support ObjectPropertyRange. Axiom ignored:
[INFO] ObjectPropertyRange(<http://purl.obolibrary.org/obo/RO_0000058> <http://purl.obolibrary.org/obo/BFO_0000020>)
[INFO] 2017-12-02 12:52:26,064 WARN  (ChangeIndexingProcessor:66) [reasoner.indexing.axiomIgnored]ELK does not support InverseObjectProperties. Axiom ignored:
[INFO] InverseObjectProperties(<http://purl.obolibrary.org/obo/RO_0002223> <http://purl.obolibrary.org/obo/RO_0002224>)
[INFO] 2017-12-02 12:52:26,066 WARN  (ChangeIndexingProcessor:66) [reasoner.indexing.axiomIgnored]ELK does not support InverseObjectProperties. Axiom ignored:
[INFO] InverseObjectProperties(<http://purl.obolibrary.org/obo/RO_0002350> <http://purl.obolibrary.org/obo/RO_0002351>)
[INFO] 2017-12-02 12:52:26,068 WARN  (ChangeIndexingProcessor:66) [reasoner.indexing.axiomIgnored]ELK does not support InverseObjectProperties. Axiom ignored:
[INFO] InverseObjectProperties(<http://purl.obolibrary.org/obo/RO_0000081> <http://purl.obolibrary.org/obo/RO_0000087>)
[INFO] 2017-12-02 12:52:26,069 WARN  (ChangeIndexingProcessor:66) [reasoner.indexing.axiomIgnored]ELK does not support InverseObjectProperties. Axiom ignored:
[INFO] InverseObjectProperties(<http://purl.obolibrary.org/obo/RO_0000080> <http://purl.obolibrary.org/obo/RO_0000086>)
[INFO] 2017-12-02 12:52:26,071 WARN  (ChangeIndexingProcessor:66) [reasoner.indexing.axiomIgnored]ELK does not support InverseObjectProperties. Axiom ignored:
[INFO] InverseObjectProperties(<http://purl.obolibrary.org/obo/RO_0001015> <http://purl.obolibrary.org/obo/RO_0001025>)
[INFO] 2017-12-02 12:52:26,074 WARN  (ChangeIndexingProcessor:66) [reasoner.indexing.axiomIgnored]ELK does not support InverseObjectProperties. Axiom ignored:
[INFO] InverseObjectProperties(<http://purl.obolibrary.org/obo/RO_0000079> <http://purl.obolibrary.org/obo/RO_0000085>)
[INFO] 2017-12-02 12:52:26,075 WARN  (ChangeIndexingProcessor:66) [reasoner.indexing.axiomIgnored]ELK does not support ObjectPropertyRange. Axiom ignored:
[INFO] ObjectPropertyRange(<http://purl.obolibrary.org/obo/RO_0000057> <http://purl.obolibrary.org/obo/BFO_0000002>)
[INFO] 2017-12-02 12:52:26,077 WARN  (ChangeIndexingProcessor:66) [reasoner.indexing.axiomIgnored]ELK does not support ObjectPropertyRange. Axiom ignored:
[INFO] ObjectPropertyRange(<http://purl.obolibrary.org/obo/RO_0000091> <http://purl.obolibrary.org/obo/BFO_0000016>)
[INFO] 2017-12-02 12:52:26,078 WARN  (ChangeIndexingProcessor:66) [reasoner.indexing.axiomIgnored]ELK does not support ObjectPropertyRange. Axiom ignored:
[INFO] ObjectPropertyRange(<http://purl.obolibrary.org/obo/BFO_0000062> <http://purl.obolibrary.org/obo/BFO_0000003>)
[INFO] 2017-12-02 12:52:26,080 WARN  (ChangeIndexingProcessor:66) [reasoner.indexing.axiomIgnored]ELK does not support ObjectPropertyRange. Axiom ignored:
[INFO] ObjectPropertyRange(<http://purl.obolibrary.org/obo/RO_0002091> <http://purl.obolibrary.org/obo/BFO_0000003>)
[INFO] 2017-12-02 12:52:26,081 WARN  (ChangeIndexingProcessor:66) [reasoner.indexing.axiomIgnored]ELK does not support InverseObjectProperties. Axiom ignored:
[INFO] InverseObjectProperties(<http://purl.obolibrary.org/obo/BFO_0000054> <http://purl.obolibrary.org/obo/BFO_0000055>)
[INFO] 2017-12-02 12:52:26,085 WARN  (ChangeIndexingProcessor:66) [reasoner.indexing.axiomIgnored]ELK does not support ObjectInverseOf. Axiom ignored:
[INFO] DisjointObjectProperties(<http://purl.obolibrary.org/obo/BFO_0000055> ObjectInverseOf(<http://purl.obolibrary.org/obo/BFO_0000054>))
[INFO] 2017-12-02 12:52:26,086 WARN  (ChangeIndexingProcessor:66) [reasoner.indexing.axiomIgnored]ELK does not support InverseObjectProperties. Axiom ignored:
[INFO] InverseObjectProperties(<http://purl.obolibrary.org/obo/BFO_0000050> <http://purl.obolibrary.org/obo/BFO_0000051>)
[INFO] 2017-12-02 12:52:26,088 WARN  (ChangeIndexingProcessor:66) [reasoner.indexing.axiomIgnored]ELK does not support ObjectPropertyRange. Axiom ignored:
[INFO] ObjectPropertyRange(<http://purl.obolibrary.org/obo/RO_0000056> <http://purl.obolibrary.org/obo/BFO_0000003>)
[INFO] 2017-12-02 12:52:26,091 WARN  (ChangeIndexingProcessor:66) [reasoner.indexing.axiomIgnored]ELK does not support DifferentIndividuals. Axiom ignored:
[INFO] DifferentIndividuals(<http://purl.obolibrary.org/obo/IAO_0000226> <http://purl.obolibrary.org/obo/IAO_0000227> <http://purl.obolibrary.org/obo/IAO_0000228> <http://purl.obolibrary.org/obo/IAO_0000229>)
[INFO] 2017-12-02 12:52:26,092 WARN  (ChangeIndexingProcessor:66) [reasoner.indexing.axiomIgnored]ELK does not support ObjectPropertyRange. Axiom ignored:
[INFO] ObjectPropertyRange(<http://purl.obolibrary.org/obo/RO_0002222> <http://purl.obolibrary.org/obo/BFO_0000003>)
[INFO] 2017-12-02 12:52:26,092 WARN  (ChangeIndexingProcessor:66) [reasoner.indexing.axiomIgnored]ELK does not support ObjectPropertyRange. Axiom ignored:
[INFO] ObjectPropertyRange(<http://purl.obolibrary.org/obo/BFO_0000063> <http://purl.obolibrary.org/obo/BFO_0000003>)
[INFO] 2017-12-02 12:52:26,093 WARN  (ChangeIndexingProcessor:66) [reasoner.indexing.axiomIgnored]ELK does not support InverseObjectProperties. Axiom ignored:
[INFO] InverseObjectProperties(<http://purl.obolibrary.org/obo/RO_0002213> <http://purl.obolibrary.org/obo/RO_0002336>)
[INFO] 2017-12-02 12:52:26,093 WARN  (ChangeIndexingProcessor:66) [reasoner.indexing.axiomIgnored]ELK does not support ObjectInverseOf. Axiom ignored:
[INFO] DisjointObjectProperties(<http://purl.obolibrary.org/obo/BFO_0000054> ObjectInverseOf(<http://purl.obolibrary.org/obo/BFO_0000055>))
[INFO] 2017-12-02 12:52:26,094 WARN  (ChangeIndexingProcessor:66) [reasoner.indexing.axiomIgnored]ELK does not support InverseObjectProperties. Axiom ignored:
[INFO] InverseObjectProperties(<http://purl.obolibrary.org/obo/RO_0002212> <http://purl.obolibrary.org/obo/RO_0002335>)
[INFO] 2017-12-02 12:52:26,094 WARN  (ChangeIndexingProcessor:66) [reasoner.indexing.axiomIgnored]ELK does not support InverseObjectProperties. Axiom ignored:
[INFO] InverseObjectProperties(<http://purl.obolibrary.org/obo/RO_0002211> <http://purl.obolibrary.org/obo/RO_0002334>)
[INFO] 2017-12-02 12:52:26,096 WARN  (ChangeIndexingProcessor:66) [reasoner.indexing.axiomIgnored]ELK does not support ObjectPropertyRange. Axiom ignored:
[INFO] ObjectPropertyRange(<http://purl.obolibrary.org/obo/RO_0002414> <http://purl.obolibrary.org/obo/BFO_0000015>)
[INFO] 2017-12-02 12:52:26,100 WARN  (IndexedObjectUnionOf:92) [reasoner.indexing.IndexedObjectUnionOf]ELK does not support positive occurrences of ObjectUnionOf. Reasoning might be incomplete!
[INFO] 2017-12-02 12:52:26,103 WARN  (ChangeIndexingProcessor:66) [reasoner.indexing.axiomIgnored]ELK does not support DifferentIndividuals. Axiom ignored:
[INFO] DifferentIndividuals(<http://purl.obolibrary.org/obo/IAO_0000120> <http://purl.obolibrary.org/obo/IAO_0000121> <http://purl.obolibrary.org/obo/IAO_0000122> <http://purl.obolibrary.org/obo/IAO_0000123> <http://purl.obolibrary.org/obo/IAO_0000124> <http://purl.obolibrary.org/obo/IAO_0000125> <http://purl.obolibrary.org/obo/IAO_0000423> <http://purl.obolibrary.org/obo/IAO_0000428>)
[INFO] 2017-12-02 12:52:26,104 WARN  (ChangeIndexingProcessor:66) [reasoner.indexing.axiomIgnored]ELK does not support ObjectPropertyRange. Axiom ignored:
[INFO] ObjectPropertyRange(<http://purl.obolibrary.org/obo/RO_0000053> <http://purl.obolibrary.org/obo/BFO_0000020>)
[INFO] 2017-12-02 12:52:26,107 WARN  (ChangeIndexingProcessor:66) [reasoner.indexing.axiomIgnored]ELK does not support ObjectInverseOf. Axiom ignored:
[INFO] DisjointObjectProperties(<http://purl.obolibrary.org/obo/RO_0000056> ObjectInverseOf(<http://purl.obolibrary.org/obo/RO_0000057>))
[INFO] 2017-12-02 12:52:26,109 WARN  (ChangeIndexingProcessor:66) [reasoner.indexing.axiomIgnored]ELK does not support ObjectAllValuesFrom. Axiom ignored:
[INFO] SubClassOf(<http://purl.obolibrary.org/obo/OBI_1110093> ObjectAllValuesFrom(<http://purl.obolibrary.org/obo/BFO_0000054> <http://purl.obolibrary.org/obo/OBI_1110021>))
[INFO] 2017-12-02 12:52:26,112 WARN  (ChangeIndexingProcessor:66) [reasoner.indexing.axiomIgnored]ELK does not support InverseObjectProperties. Axiom ignored:
[INFO] InverseObjectProperties(<http://purl.obolibrary.org/obo/RO_0002418> <http://purl.obolibrary.org/obo/RO_0002427>)
[INFO] 2017-12-02 12:52:26,114 WARN  (ChangeIndexingProcessor:66) [reasoner.indexing.axiomIgnored]ELK does not support ObjectAllValuesFrom. Axiom ignored:
[INFO] SubClassOf(<http://purl.obolibrary.org/obo/PCO_0000018> ObjectAllValuesFrom(<http://purl.obolibrary.org/obo/RO_0002351> ObjectExactCardinality(1 <http://purl.obolibrary.org/obo/RO_0002350>)))
[INFO] 2017-12-02 12:52:26,115 WARN  (ChangeIndexingProcessor:66) [reasoner.indexing.axiomIgnored]ELK does not support ObjectPropertyRange. Axiom ignored:
[INFO] ObjectPropertyRange(<http://purl.obolibrary.org/obo/OBI_0001938> <http://purl.obolibrary.org/obo/OBI_0001933>)
[INFO] 2017-12-02 12:52:26,118 WARN  (ChangeIndexingProcessor:66) [reasoner.indexing.axiomIgnored]ELK does not support ObjectMinCardinality. Axiom ignored:
[INFO] SubClassOf(<http://purl.obolibrary.org/obo/PCO_0000000> ObjectMinCardinality(2 <http://purl.obolibrary.org/obo/RO_0002351>))
[INFO] 2017-12-02 12:52:26,120 WARN  (ChangeIndexingProcessor:66) [reasoner.indexing.axiomIgnored]ELK does not support ObjectInverseOf. Axiom ignored:
[INFO] DisjointObjectProperties(<http://purl.obolibrary.org/obo/RO_0000057> ObjectInverseOf(<http://purl.obolibrary.org/obo/RO_0000056>))
[INFO] 2017-12-02 12:52:26,121 WARN  (ChangeIndexingProcessor:66) [reasoner.indexing.axiomIgnored]ELK does not support ObjectPropertyRange. Axiom ignored:
[INFO] ObjectPropertyRange(<http://purl.obolibrary.org/obo/BFO_0000066> <http://purl.obolibrary.org/obo/BFO_0000004>)
[INFO] 2017-12-02 12:52:26,124 WARN  (ChangeIndexingProcessor:66) [reasoner.indexing.axiomIgnored]ELK does not support ObjectPropertyRange. Axiom ignored:
[INFO] ObjectPropertyRange(<http://purl.obolibrary.org/obo/RO_0002211> <http://purl.obolibrary.org/obo/BFO_0000015>)
[INFO] 2017-12-02 12:52:26,124 WARN  (ChangeIndexingProcessor:66) [reasoner.indexing.axiomIgnored]ELK does not support ObjectInverseOf. Axiom ignored:
[INFO] DisjointObjectProperties(<http://purl.obolibrary.org/obo/BFO_0000051> ObjectInverseOf(<http://purl.obolibrary.org/obo/BFO_0000050>))
[INFO] 2017-12-02 12:52:26,126 WARN  (ChangeIndexingProcessor:66) [reasoner.indexing.axiomIgnored]ELK does not support ObjectOneOf. Axiom ignored:
[INFO] EquivalentClasses(<http://www.geneontology.org/formats/oboInOwl#Subset> ObjectOneOf(<http://purl.obolibrary.org/obo/IAO_0000224>))
[INFO] 2017-12-02 12:52:26,128 WARN  (ChangeIndexingProcessor:66) [reasoner.indexing.axiomIgnored]ELK does not support InverseObjectProperties. Axiom ignored:
[INFO] InverseObjectProperties(<http://purl.obolibrary.org/obo/RO_0002405> <http://purl.obolibrary.org/obo/RO_0002412>)
[INFO] 2017-12-02 12:52:26,129 WARN  (ChangeIndexingProcessor:66) [reasoner.indexing.axiomIgnored]ELK does not support InverseObjectProperties. Axiom ignored:
[INFO] InverseObjectProperties(<http://purl.obolibrary.org/obo/RO_0002404> <http://purl.obolibrary.org/obo/RO_0002411>)
[INFO] 2017-12-02 12:52:26,131 WARN  (ChangeIndexingProcessor:66) [reasoner.indexing.axiomIgnored]ELK does not support InverseObjectProperties. Axiom ignored:
[INFO] InverseObjectProperties(<http://purl.obolibrary.org/obo/RO_0000091> <http://purl.obolibrary.org/obo/RO_0000092>)
[INFO] 2017-12-02 12:52:26,131 WARN  (ChangeIndexingProcessor:66) [reasoner.indexing.axiomIgnored]ELK does not support ObjectAllValuesFrom. Axiom ignored:
[INFO] SubClassOf(<http://purl.obolibrary.org/obo/PCO_0000018> ObjectAllValuesFrom(<http://purl.obolibrary.org/obo/RO_0002351> <http://purl.obolibrary.org/obo/CARO_0001010>))
[INFO] 2017-12-02 12:52:26,132 WARN  (ChangeIndexingProcessor:66) [reasoner.indexing.axiomIgnored]ELK does not support InverseObjectProperties. Axiom ignored:
[INFO] InverseObjectProperties(<http://purl.obolibrary.org/obo/RO_0002229> <http://purl.obolibrary.org/obo/RO_0002230>)
[INFO] 2017-12-02 12:52:26,132 WARN  (ChangeIndexingProcessor:66) [reasoner.indexing.axiomIgnored]ELK does not support InverseObjectProperties. Axiom ignored:
[INFO] InverseObjectProperties(<http://purl.obolibrary.org/obo/RO_0002234> <http://purl.obolibrary.org/obo/RO_0002353>)
[INFO] 2017-12-02 12:52:26,133 WARN  (ChangeIndexingProcessor:66) [reasoner.indexing.axiomIgnored]ELK does not support InverseObjectProperties. Axiom ignored:
[INFO] InverseObjectProperties(<http://purl.obolibrary.org/obo/RO_0002233> <http://purl.obolibrary.org/obo/RO_0002352>)
[INFO] 2017-12-02 12:52:26,134 WARN  (ChangeIndexingProcessor:66) [reasoner.indexing.axiomIgnored]ELK does not support ObjectPropertyRange. Axiom ignored:
[INFO] ObjectPropertyRange(<http://purl.obolibrary.org/obo/BFO_0000054> <http://purl.obolibrary.org/obo/BFO_0000015>)
[INFO] 2017-12-02 12:52:26,137 WARN  (ChangeIndexingProcessor:66) [reasoner.indexing.axiomIgnored]ELK does not support ObjectInverseOf. Axiom ignored:
[INFO] DisjointObjectProperties(<http://purl.obolibrary.org/obo/BFO_0000050> ObjectInverseOf(<http://purl.obolibrary.org/obo/BFO_0000051>))
[INFO] 2017-12-02 12:52:26,138 WARN  (ChangeIndexingProcessor:66) [reasoner.indexing.axiomIgnored]ELK does not support ObjectOneOf. Axiom ignored:
[INFO] EquivalentClasses(<http://purl.obolibrary.org/obo/IAO_0000409> ObjectOneOf(<http://purl.obolibrary.org/obo/IAO_0000410> <http://purl.obolibrary.org/obo/IAO_0000421> <http://purl.obolibrary.org/obo/IAO_0000420>))
[INFO] 2017-12-02 12:52:26,139 WARN  (ChangeIndexingProcessor:66) [reasoner.indexing.axiomIgnored]ELK does not support ObjectInverseOf. Axiom ignored:
[INFO] DisjointObjectProperties(<http://purl.obolibrary.org/obo/RO_0000052> ObjectInverseOf(<http://purl.obolibrary.org/obo/RO_0000053>))
[INFO] 2017-12-02 12:52:26,140 WARN  (ChangeIndexingProcessor:66) [reasoner.indexing.axiomIgnored]ELK does not support ObjectMinCardinality. Axiom ignored:
[INFO] SubClassOf(<http://purl.obolibrary.org/obo/PCO_0000018> ObjectMinCardinality(2 <http://purl.obolibrary.org/obo/RO_0002351>))
[INFO] 2017-12-02 12:52:26,140 WARN  (ChangeIndexingProcessor:66) [reasoner.indexing.axiomIgnored]ELK does not support ObjectPropertyRange. Axiom ignored:
[INFO] ObjectPropertyRange(<http://purl.obolibrary.org/obo/RO_0002501> <http://purl.obolibrary.org/obo/BFO_0000003>)
[INFO] 2017-12-02 12:52:26,141 WARN  (ChangeIndexingProcessor:66) [reasoner.indexing.axiomIgnored]ELK does not support InverseObjectProperties. Axiom ignored:
[INFO] InverseObjectProperties(<http://purl.obolibrary.org/obo/RO_0002088> <http://purl.obolibrary.org/obo/RO_0002091>)
[INFO] 2017-12-02 12:52:26,142 WARN  (ChangeIndexingProcessor:66) [reasoner.indexing.axiomIgnored]ELK does not support InverseObjectProperties. Axiom ignored:
[INFO] InverseObjectProperties(<http://purl.obolibrary.org/obo/RO_0002084> <http://purl.obolibrary.org/obo/RO_0002093>)
[INFO] 2017-12-02 12:52:26,142 WARN  (ChangeIndexingProcessor:66) [reasoner.indexing.axiomIgnored]ELK does not support InverseObjectProperties. Axiom ignored:
[INFO] InverseObjectProperties(<http://purl.obolibrary.org/obo/RO_0002085> <http://purl.obolibrary.org/obo/RO_0002092>)
[INFO] 2017-12-02 12:52:26,143 WARN  (ChangeIndexingProcessor:66) [reasoner.indexing.axiomIgnored]ELK does not support InverseObjectProperties. Axiom ignored:
[INFO] InverseObjectProperties(<http://purl.obolibrary.org/obo/RO_0002087> <http://purl.obolibrary.org/obo/RO_0002090>)
[INFO] 2017-12-02 12:52:26,143 WARN  (ChangeIndexingProcessor:66) [reasoner.indexing.axiomIgnored]ELK does not support InverseObjectProperties. Axiom ignored:
[INFO] InverseObjectProperties(<http://purl.obolibrary.org/obo/RO_0002000> <http://purl.obolibrary.org/obo/RO_0002002>)
[INFO] 2017-12-02 12:52:26,144 WARN  (ChangeIndexingProcessor:66) [reasoner.indexing.axiomIgnored]ELK does not support ObjectPropertyRange. Axiom ignored:
[INFO] ObjectPropertyRange(<http://purl.obolibrary.org/obo/BFO_0000055> <http://purl.obolibrary.org/obo/BFO_0000017>)
[INFO] 2017-12-02 12:52:26,144 WARN  (ChangeIndexingProcessor:66) [reasoner.indexing.axiomIgnored]ELK does not support ObjectPropertyRange. Axiom ignored:
[INFO] ObjectPropertyRange(<http://purl.obolibrary.org/obo/RO_0002334> <http://purl.obolibrary.org/obo/BFO_0000015>)
[INFO] 2017-12-02 12:52:26,144 WARN  (ChangeIndexingProcessor:66) [reasoner.indexing.axiomIgnored]ELK does not support ObjectPropertyRange. Axiom ignored:
[INFO] ObjectPropertyRange(<http://purl.obolibrary.org/obo/RO_0000087> <http://purl.obolibrary.org/obo/BFO_0000023>)
[INFO] 2017-12-02 12:52:26,146 WARN  (ChangeIndexingProcessor:66) [reasoner.indexing.axiomIgnored]ELK does not support ObjectInverseOf. Axiom ignored:
[INFO] DisjointObjectProperties(<http://purl.obolibrary.org/obo/RO_0000053> ObjectInverseOf(<http://purl.obolibrary.org/obo/RO_0000052>))
[INFO] 2017-12-02 12:52:26,146 WARN  (ChangeIndexingProcessor:66) [reasoner.indexing.axiomIgnored]ELK does not support ObjectPropertyRange. Axiom ignored:
[INFO] ObjectPropertyRange(<http://purl.obolibrary.org/obo/RO_0000085> <http://purl.obolibrary.org/obo/BFO_0000034>)
[INFO] 2017-12-02 12:52:26,151 WARN  (ChangeIndexingProcessor:66) [reasoner.indexing.axiomIgnored]ELK does not support IrreflexiveObjectProperty. Axiom ignored:
[INFO] IrreflexiveObjectProperty(<http://purl.obolibrary.org/obo/RO_0002351>)
[INFO] 2017-12-02 12:52:26,153 WARN  (ChangeIndexingProcessor:66) [reasoner.indexing.axiomIgnored]ELK does not support ObjectPropertyRange. Axiom ignored:
[INFO] ObjectPropertyRange(<http://purl.obolibrary.org/obo/RO_0000086> <http://purl.obolibrary.org/obo/BFO_0000019>)
[INFO] 2017-12-02 12:52:26,157 WARN  (IndexedObjectUnionOf:92) [reasoner.indexing.IndexedObjectUnionOf]ELK does not support positive occurrences of ObjectUnionOf. Reasoning might be incomplete!
[INFO] 2017-12-02 12:52:26,161 INFO  (LoggingStageExecutor:103) Loading of Axioms took 248 ms
[INFO] 2017-12-02 12:52:26,161 INFO  (LoggingStageExecutor:70) Property Saturation Initialization started
[INFO] 2017-12-02 12:52:26,163 INFO  (AbstractReasonerStage:161) Property Saturation Initialization using 64 workers
[INFO] 2017-12-02 12:52:26,164 INFO  (LoggingStageExecutor:103) Property Saturation Initialization took 2 ms
[INFO] 2017-12-02 12:52:26,164 INFO  (LoggingStageExecutor:70) Reflexive Property Computation started
[INFO] 2017-12-02 12:52:26,180 INFO  (AbstractReasonerStage:161) Reflexive Property Computation using 64 workers
[INFO] 2017-12-02 12:52:26,198 INFO  (LoggingStageExecutor:103) Reflexive Property Computation took 33 ms
[INFO] 2017-12-02 12:52:26,198 INFO  (LoggingStageExecutor:70) Object Property Hierarchy and Composition Computation started
[INFO] 2017-12-02 12:52:26,205 INFO  (AbstractReasonerStage:161) Object Property Hierarchy and Composition Computation using 64 workers
[INFO] 2017-12-02 12:52:26,305 INFO  (LoggingStageExecutor:103) Object Property Hierarchy and Composition Computation took 106 ms
[INFO] 2017-12-02 12:52:26,305 INFO  (LoggingStageExecutor:70) Context Initialization started
[INFO] 2017-12-02 12:52:26,308 INFO  (AbstractReasonerStage:161) Context Initialization using 64 workers
[INFO] 2017-12-02 12:52:26,314 INFO  (LoggingStageExecutor:103) Context Initialization took 8 ms
[INFO] 2017-12-02 12:52:26,315 INFO  (LoggingStageExecutor:70) Consistency Checking started
[INFO] 2017-12-02 12:52:26,331 INFO  (AbstractReasonerStage:161) Consistency Checking using 64 workers
[INFO] 2017-12-02 12:52:26,406 INFO  (LoggingStageExecutor:103) Consistency Checking took 91 ms
[INFO] 2017-12-02 12:52:26,407 INFO  (LoggingStageExecutor:70) Class Taxonomy Computation started
[INFO] 2017-12-02 12:52:26,430 INFO  (AbstractReasonerStage:161) Class Taxonomy Computation using 64 workers
[INFO] 2017-12-02 12:52:26,532 INFO  (LoggingStageExecutor:103) Class Taxonomy Computation took 124 ms
[INFO] E: owl:Nothing owl:Nothing
[INFO] 2017-12-02 12:52:26,538 INFO  (CommandRunnerBase:78) disposing of org.semanticweb.elk.owlapi.ElkReasoner@14b030a0
[INFO] 2017-12-02 12:52:26,552 INFO  (Reasoner:231) ELK reasoner has shut down
[INFO] 2017-12-02 12:52:26,552 INFO  (CommandRunnerBase:70) disposing of org.semanticweb.elk.owlapi.ElkReasoner@14b030a0
[INFO] ------------------------------------------------------------------------
[INFO] BUILD SUCCESS
[INFO] ------------------------------------------------------------------------
[INFO] Total time: 9.281 s
[INFO] Finished at: 2017-12-02T12:52:26-07:00
[INFO] Final Memory: 21M/1963M
[INFO] ------------------------------------------------------------------------
Sat Dec  2 12:52:26 MST 2017
