Tue Oct 23 18:50:27 UTC 2018
Querying for incoherent classes in: /mnt/efsdata/obo-ci-data/base/ontologies/olatdv/olatdv_flat.owl
[INFO] Error stacktraces are turned on.
[INFO] Scanning for projects...
[INFO]                                                                         
[INFO] ------------------------------------------------------------------------
[INFO] Building incoherent-query 1.0
[INFO] ------------------------------------------------------------------------
[INFO] 
[INFO] --- exec-maven-plugin:1.1:exec (default-cli) @ incoherent-query ---
[INFO] 2018-10-23 18:50:30,708 INFO  (ParserWrapper:75) Start loading ontology: file:/mnt/efsdata/obo-ci-data/base/ontologies/olatdv/olatdv_flat.owl from: file:/mnt/efsdata/obo-ci-data/base/ontologies/olatdv/olatdv_flat.owl
[INFO] 2018-10-23 18:50:31,067 INFO  (ParserWrapper:82) Finished loading ontology: http://purl.obolibrary.org/obo/olatdv.owl from: file:/mnt/efsdata/obo-ci-data/base/ontologies/olatdv/olatdv_flat.owl
[INFO] # PARSING: <http://www.w3.org/2002/07/owl#Nothing>
[INFO] 2018-10-23 18:50:31,108 INFO  (ManchesterSyntaxTool:130) parsing: <http://www.w3.org/2002/07/owl#Nothing>
[INFO] # QUERY: owl:Nothing owl:Nothing
[INFO] 2018-10-23 18:50:31,129 INFO  (ConfigurationFactory:83) Loading default configuration parameters for class org.semanticweb.elk.reasoner.config.ReasonerConfiguration
[INFO] 2018-10-23 18:50:31,301 INFO  (Reasoner:117) ELK reasoner was created
[INFO] 2018-10-23 18:50:31,302 INFO  (CommandRunner:6042) Created reasoner: org.semanticweb.elk.owlapi.ElkReasoner@21baa903
[INFO] 2018-10-23 18:50:31,303 INFO  (LoggingStageExecutor:70) Loading of Axioms started
[INFO] 2018-10-23 18:50:31,307 INFO  (AbstractReasonerStage:161) Loading of Axioms using 2 workers
[INFO] 2018-10-23 18:50:31,321 INFO  (LoggingStageExecutor:103) Loading of Axioms took 14 ms
[INFO] 2018-10-23 18:50:31,321 INFO  (LoggingStageExecutor:70) Property Saturation Initialization started
[INFO] 2018-10-23 18:50:31,322 INFO  (AbstractReasonerStage:161) Property Saturation Initialization using 2 workers
[INFO] 2018-10-23 18:50:31,322 INFO  (LoggingStageExecutor:103) Property Saturation Initialization took 0 ms
[INFO] 2018-10-23 18:50:31,322 INFO  (LoggingStageExecutor:70) Reflexive Property Computation started
[INFO] 2018-10-23 18:50:31,325 INFO  (AbstractReasonerStage:161) Reflexive Property Computation using 2 workers
[INFO] 2018-10-23 18:50:31,327 INFO  (LoggingStageExecutor:103) Reflexive Property Computation took 4 ms
[INFO] 2018-10-23 18:50:31,327 INFO  (LoggingStageExecutor:70) Object Property Hierarchy and Composition Computation started
[INFO] 2018-10-23 18:50:31,331 INFO  (AbstractReasonerStage:161) Object Property Hierarchy and Composition Computation using 2 workers
[INFO] 2018-10-23 18:50:31,334 INFO  (LoggingStageExecutor:103) Object Property Hierarchy and Composition Computation took 5 ms
[INFO] 2018-10-23 18:50:31,335 INFO  (LoggingStageExecutor:70) Context Initialization started
[INFO] 2018-10-23 18:50:31,335 INFO  (AbstractReasonerStage:161) Context Initialization using 2 workers
[INFO] 2018-10-23 18:50:31,337 INFO  (LoggingStageExecutor:103) Context Initialization took 2 ms
[INFO] 2018-10-23 18:50:31,337 INFO  (LoggingStageExecutor:70) Consistency Checking started
[INFO] 2018-10-23 18:50:31,340 INFO  (AbstractReasonerStage:161) Consistency Checking using 2 workers
[INFO] 2018-10-23 18:50:31,345 INFO  (LoggingStageExecutor:103) Consistency Checking took 7 ms
[INFO] 2018-10-23 18:50:31,345 INFO  (LoggingStageExecutor:70) Class Taxonomy Computation started
[INFO] 2018-10-23 18:50:31,354 INFO  (AbstractReasonerStage:161) Class Taxonomy Computation using 2 workers
[INFO] 2018-10-23 18:50:31,398 INFO  (LoggingStageExecutor:103) Class Taxonomy Computation took 52 ms
[INFO] E: owl:Nothing owl:Nothing
[INFO] 2018-10-23 18:50:31,401 INFO  (CommandRunnerBase:78) disposing of org.semanticweb.elk.owlapi.ElkReasoner@21baa903
[INFO] 2018-10-23 18:50:31,402 INFO  (Reasoner:231) ELK reasoner has shut down
[INFO] 2018-10-23 18:50:31,402 INFO  (CommandRunnerBase:70) disposing of org.semanticweb.elk.owlapi.ElkReasoner@21baa903
[INFO] ------------------------------------------------------------------------
[INFO] BUILD SUCCESS
[INFO] ------------------------------------------------------------------------
[INFO] Total time: 2.976s
[INFO] Finished at: Tue Oct 23 18:50:31 UTC 2018
[INFO] Final Memory: 5M/229M
[INFO] ------------------------------------------------------------------------
Tue Oct 23 18:50:31 UTC 2018
