Sat Dec  2 12:52:15 MST 2017
Querying for incoherent classes in: /scratch/Shares/hunter/obo-ci/data-all/base/ontologies/omiabis/omiabis_flat.owl
[INFO] Error stacktraces are turned on.
[INFO] Scanning for projects...
[INFO]                                                                         
[INFO] ------------------------------------------------------------------------
[INFO] Building incoherent-query 1.0
[INFO] ------------------------------------------------------------------------
[INFO] 
[INFO] --- exec-maven-plugin:1.1:exec (default-cli) @ incoherent-query ---
[INFO] /bin/sh: module: line 1: syntax error: unexpected end of file
[INFO] /bin/sh: error importing function definition for `BASH_FUNC_module'
[INFO] 2017-12-02 12:52:21,644 INFO  (ParserWrapper:75) Start loading ontology: file:/scratch/Shares/hunter/obo-ci/data-all/base/ontologies/omiabis/omiabis_flat.owl from: file:/scratch/Shares/hunter/obo-ci/data-all/base/ontologies/omiabis/omiabis_flat.owl
[INFO] 2017-12-02 12:52:23,098 INFO  (ParserWrapper:82) Finished loading ontology: http://purl.obolibrary.org/obo/omiabis.owl from: file:/scratch/Shares/hunter/obo-ci/data-all/base/ontologies/omiabis/omiabis_flat.owl
[INFO] # PARSING: <http://www.w3.org/2002/07/owl#Nothing>
[INFO] 2017-12-02 12:52:23,200 INFO  (ManchesterSyntaxTool:130) parsing: <http://www.w3.org/2002/07/owl#Nothing>
[INFO] # QUERY: owl:Nothing owl:Nothing
[INFO] 2017-12-02 12:52:23,247 INFO  (ConfigurationFactory:83) Loading default configuration parameters for class org.semanticweb.elk.reasoner.config.ReasonerConfiguration
[INFO] 2017-12-02 12:52:23,706 INFO  (Reasoner:117) ELK reasoner was created
[INFO] 2017-12-02 12:52:23,711 INFO  (CommandRunner:6042) Created reasoner: org.semanticweb.elk.owlapi.ElkReasoner@60d1a32f
[INFO] 2017-12-02 12:52:23,721 INFO  (LoggingStageExecutor:70) Loading of Axioms started
[INFO] 2017-12-02 12:52:23,736 INFO  (AbstractReasonerStage:161) Loading of Axioms using 64 workers
[INFO] 2017-12-02 12:52:23,838 WARN  (ChangeIndexingProcessor:66) [reasoner.indexing.axiomIgnored]ELK does not support InverseObjectProperties. Axiom ignored:
[INFO] InverseObjectProperties(<http://purl.obolibrary.org/obo/BFO_0000153> <http://purl.obolibrary.org/obo/BFO_0000154>)
[INFO] 2017-12-02 12:52:23,841 WARN  (ChangeIndexingProcessor:66) [reasoner.indexing.axiomIgnored]ELK does not support ObjectPropertyRange. Axiom ignored:
[INFO] ObjectPropertyRange(<http://purl.obolibrary.org/obo/BFO_0000058> <http://purl.obolibrary.org/obo/BFO_0000020>)
[INFO] 2017-12-02 12:52:23,852 WARN  (ChangeIndexingProcessor:66) [reasoner.indexing.axiomIgnored]ELK does not support InverseObjectProperties. Axiom ignored:
[INFO] InverseObjectProperties(<http://purl.obolibrary.org/obo/BFO_0000151> <http://purl.obolibrary.org/obo/BFO_0000152>)
[INFO] 2017-12-02 12:52:23,856 WARN  (IndexedObjectUnionOf:92) [reasoner.indexing.IndexedObjectUnionOf]ELK does not support positive occurrences of ObjectUnionOf. Reasoning might be incomplete!
[INFO] 2017-12-02 12:52:23,857 WARN  (IndexedObjectUnionOf:92) [reasoner.indexing.IndexedObjectUnionOf]ELK does not support positive occurrences of ObjectUnionOf. Reasoning might be incomplete!
[INFO] 2017-12-02 12:52:23,864 WARN  (ChangeIndexingProcessor:66) [reasoner.indexing.axiomIgnored]ELK does not support InverseFunctionalObjectProperty. Axiom ignored:
[INFO] InverseFunctionalObjectProperty(<http://purl.obolibrary.org/obo/BFO_0000185>)
[INFO] 2017-12-02 12:52:23,865 WARN  (IndexedObjectUnionOf:92) [reasoner.indexing.IndexedObjectUnionOf]ELK does not support positive occurrences of ObjectUnionOf. Reasoning might be incomplete!
[INFO] 2017-12-02 12:52:23,870 WARN  (ChangeIndexingProcessor:66) [reasoner.indexing.axiomIgnored]ELK does not support InverseFunctionalObjectProperty. Axiom ignored:
[INFO] InverseFunctionalObjectProperty(<http://purl.obolibrary.org/obo/BFO_0000184>)
[INFO] 2017-12-02 12:52:23,877 WARN  (ChangeIndexingProcessor:66) [reasoner.indexing.axiomIgnored]ELK does not support ObjectAllValuesFrom. Axiom ignored:
[INFO] EquivalentClasses(<http://purl.obolibrary.org/obo/OMIABIS_0000023> ObjectIntersectionOf(<http://purl.obolibrary.org/obo/IAO_0000578> ObjectAllValuesFrom(<http://purl.obolibrary.org/obo/IAO_0000219> <http://purl.obolibrary.org/obo/OMIABIS_0000024>)))
[INFO] 2017-12-02 12:52:23,881 WARN  (ChangeIndexingProcessor:66) [reasoner.indexing.axiomIgnored]ELK does not support ObjectPropertyRange. Axiom ignored:
[INFO] ObjectPropertyRange(<http://purl.obolibrary.org/obo/BFO_0000123> <http://purl.obolibrary.org/obo/BFO_0000004>)
[INFO] 2017-12-02 12:52:23,882 WARN  (ChangeIndexingProcessor:66) [reasoner.indexing.axiomIgnored]ELK does not support ObjectAllValuesFrom. Axiom ignored:
[INFO] SubClassOf(<http://purl.obolibrary.org/obo/OBI_0100060> ObjectAllValuesFrom(<http://purl.obolibrary.org/obo/OBI_0000643> <http://purl.obolibrary.org/obo/CL_0000010>))
[INFO] 2017-12-02 12:52:23,882 WARN  (ChangeIndexingProcessor:66) [reasoner.indexing.axiomIgnored]ELK does not support ObjectAllValuesFrom. Axiom ignored:
[INFO] SubClassOf(<http://purl.obolibrary.org/obo/OBI_0200000> ObjectAllValuesFrom(<http://purl.obolibrary.org/obo/OBI_0000299> <http://purl.obolibrary.org/obo/IAO_0000027>))
[INFO] 2017-12-02 12:52:23,884 WARN  (ChangeIndexingProcessor:66) [reasoner.indexing.axiomIgnored]ELK does not support ObjectPropertyRange. Axiom ignored:
[INFO] ObjectPropertyRange(<http://purl.obolibrary.org/obo/IAO_0000039> <http://purl.obolibrary.org/obo/IAO_0000003>)
[INFO] 2017-12-02 12:52:23,884 WARN  (ChangeIndexingProcessor:66) [reasoner.indexing.axiomIgnored]ELK does not support ObjectAllValuesFrom. Axiom ignored:
[INFO] EquivalentClasses(<http://purl.obolibrary.org/obo/OMIABIS_0000036> ObjectIntersectionOf(<http://purl.obolibrary.org/obo/IAO_0000300> ObjectSomeValuesFrom(<http://purl.obolibrary.org/obo/IAO_0000136> ObjectUnionOf(ObjectIntersectionOf(<http://purl.obolibrary.org/obo/BFO_0000027> ObjectAllValuesFrom(<http://purl.obolibrary.org/obo/BFO_0000051> <http://purl.obolibrary.org/obo/OBI_0100051>)) ObjectSomeValuesFrom(<http://purl.obolibrary.org/obo/IAO_0000136> ObjectIntersectionOf(<http://purl.obolibrary.org/obo/IAO_0000005> ObjectSomeValuesFrom(<http://purl.obolibrary.org/obo/BFO_0000050> <http://purl.obolibrary.org/obo/OBI_0500000>)))))))
[INFO] 2017-12-02 12:52:23,885 WARN  (IndexedObjectUnionOf:92) [reasoner.indexing.IndexedObjectUnionOf]ELK does not support positive occurrences of ObjectUnionOf. Reasoning might be incomplete!
[INFO] 2017-12-02 12:52:23,888 WARN  (ChangeIndexingProcessor:66) [reasoner.indexing.axiomIgnored]ELK does not support DataPropertyRange. Axiom ignored:
[INFO] DataPropertyRange(<http://purl.obolibrary.org/obo/OBI_0001937> <http://www.w3.org/2002/07/owl#real>)
[INFO] 2017-12-02 12:52:23,891 WARN  (ChangeIndexingProcessor:66) [reasoner.indexing.axiomIgnored]ELK does not support IrreflexiveObjectProperty. Axiom ignored:
[INFO] IrreflexiveObjectProperty(<http://purl.obolibrary.org/obo/OMIABIS_0000042>)
[INFO] 2017-12-02 12:52:23,892 WARN  (ChangeIndexingProcessor:66) [reasoner.indexing.axiomIgnored]ELK does not support ObjectAllValuesFrom. Axiom ignored:
[INFO] EquivalentClasses(<http://purl.obolibrary.org/obo/OMIABIS_0000007> ObjectIntersectionOf(<http://purl.obolibrary.org/obo/OMIABIS_0000004> ObjectSomeValuesFrom(<http://purl.obolibrary.org/obo/BFO_0000050> ObjectIntersectionOf(<http://purl.obolibrary.org/obo/IAO_0000422> ObjectSomeValuesFrom(<http://purl.obolibrary.org/obo/OMIABIS_0000042> ObjectIntersectionOf(<http://purl.obolibrary.org/obo/NCBITaxon_9606> ObjectUnionOf(ObjectIntersectionOf(ObjectSomeValuesFrom(<http://purl.obolibrary.org/obo/BFO_0000050> <http://purl.obolibrary.org/obo/BFO_0000027>) ObjectSomeValuesFrom(<http://purl.obolibrary.org/obo/OMIABIS_0000009> ObjectIntersectionOf(<http://purl.obolibrary.org/obo/BFO_0000027> ObjectAllValuesFrom(<http://purl.obolibrary.org/obo/BFO_0000051> <http://purl.obolibrary.org/obo/OBI_0100051>)))) ObjectIntersectionOf(ObjectSomeValuesFrom(<http://purl.obolibrary.org/obo/RO_0000053> <http://purl.obolibrary.org/obo/OMIABIS_0000094>) ObjectSomeValuesFrom(<http://purl.obolibrary.org/obo/RO_0000056> <http://purl.obolibrary.org/obo/OBI_0000471>)))))))))
[INFO] 2017-12-02 12:52:23,893 WARN  (ChangeIndexingProcessor:66) [reasoner.indexing.axiomIgnored]ELK does not support ObjectAllValuesFrom. Axiom ignored:
[INFO] SubClassOf(<http://purl.obolibrary.org/obo/OMIABIS_0000012> ObjectAllValuesFrom(<http://purl.obolibrary.org/obo/BFO_0000054> <http://purl.obolibrary.org/obo/OMIABIS_0000011>))
[INFO] 2017-12-02 12:52:23,896 WARN  (ChangeIndexingProcessor:66) [reasoner.indexing.axiomIgnored]ELK does not support ObjectOneOf. Axiom ignored:
[INFO] EquivalentClasses(<http://purl.obolibrary.org/obo/IAO_0000078> ObjectOneOf(<http://purl.obolibrary.org/obo/IAO_0000428> <http://purl.obolibrary.org/obo/IAO_0000423> <http://purl.obolibrary.org/obo/IAO_0000124> <http://purl.obolibrary.org/obo/IAO_0000125> <http://purl.obolibrary.org/obo/IAO_0000122> <http://purl.obolibrary.org/obo/IAO_0000002> <http://purl.obolibrary.org/obo/IAO_0000123> <http://purl.obolibrary.org/obo/IAO_0000120> <http://purl.obolibrary.org/obo/IAO_0000121>))
[INFO] 2017-12-02 12:52:23,897 WARN  (ChangeIndexingProcessor:66) [reasoner.indexing.axiomIgnored]ELK does not support InverseObjectProperties. Axiom ignored:
[INFO] InverseObjectProperties(<http://purl.obolibrary.org/obo/BFO_0000155> <http://purl.obolibrary.org/obo/BFO_0000156>)
[INFO] 2017-12-02 12:52:23,904 WARN  (ChangeIndexingProcessor:66) [reasoner.indexing.axiomIgnored]ELK does not support ObjectPropertyRange. Axiom ignored:
[INFO] ObjectPropertyRange(<http://purl.obolibrary.org/obo/OBI_0001938> <http://purl.obolibrary.org/obo/OBI_0001933>)
[INFO] 2017-12-02 12:52:23,905 WARN  (IndexedObjectUnionOf:92) [reasoner.indexing.IndexedObjectUnionOf]ELK does not support positive occurrences of ObjectUnionOf. Reasoning might be incomplete!
[INFO] 2017-12-02 12:52:23,907 WARN  (ChangeIndexingProcessor:66) [reasoner.indexing.axiomIgnored]ELK does not support ObjectAllValuesFrom. Axiom ignored:
[INFO] EquivalentClasses(<http://purl.obolibrary.org/obo/OBI_0302716> ObjectIntersectionOf(<http://purl.obolibrary.org/obo/OBI_0100051> ObjectSomeValuesFrom(<http://purl.obolibrary.org/obo/OBI_0000312> ObjectIntersectionOf(<http://purl.obolibrary.org/obo/OBI_0000652> ObjectAllValuesFrom(<http://purl.obolibrary.org/obo/OBI_0000293> <http://purl.obolibrary.org/obo/OBI_0100051>)))))
[INFO] 2017-12-02 12:52:23,911 WARN  (ChangeIndexingProcessor:66) [reasoner.indexing.axiomIgnored]ELK does not support AsymmetricObjectProperty. Axiom ignored:
[INFO] AsymmetricObjectProperty(<http://purl.obolibrary.org/obo/OMIABIS_0000042>)
[INFO] 2017-12-02 12:52:23,912 WARN  (ChangeIndexingProcessor:66) [reasoner.indexing.axiomIgnored]ELK does not support ObjectAllValuesFrom. Axiom ignored:
[INFO] SubClassOf(<http://purl.obolibrary.org/obo/OBI_0000202> ObjectAllValuesFrom(<http://purl.obolibrary.org/obo/BFO_0000054> <http://purl.obolibrary.org/obo/OBI_0000066>))
[INFO] 2017-12-02 12:52:23,913 WARN  (ChangeIndexingProcessor:66) [reasoner.indexing.axiomIgnored]ELK does not support ObjectPropertyRange. Axiom ignored:
[INFO] ObjectPropertyRange(<http://purl.obolibrary.org/obo/BFO_0000083> <http://purl.obolibrary.org/obo/BFO_0000006>)
[INFO] 2017-12-02 12:52:23,913 WARN  (ChangeIndexingProcessor:66) [reasoner.indexing.axiomIgnored]ELK does not support ObjectAllValuesFrom. Axiom ignored:
[INFO] SubClassOf(<http://purl.obolibrary.org/obo/OMIABIS_0001010> ObjectSomeValuesFrom(<http://purl.obolibrary.org/obo/IAO_0000136> ObjectIntersectionOf(<http://purl.obolibrary.org/obo/BFO_0000027> ObjectAllValuesFrom(<http://purl.obolibrary.org/obo/BFO_0000051> ObjectIntersectionOf(<http://purl.obolibrary.org/obo/NCBITaxon_9606> ObjectSomeValuesFrom(<http://purl.obolibrary.org/obo/RO_0000053> <http://purl.obolibrary.org/obo/OBI_0000097>) ObjectSomeValuesFrom(<http://purl.obolibrary.org/obo/RO_0000056> ObjectIntersectionOf(<http://purl.obolibrary.org/obo/OBI_0000659> ObjectSomeValuesFrom(<http://purl.obolibrary.org/obo/BFO_0000050> <http://purl.obolibrary.org/obo/OBI_0000471>))))))))
[INFO] 2017-12-02 12:52:23,913 WARN  (ChangeIndexingProcessor:66) [reasoner.indexing.axiomIgnored]ELK does not support ObjectPropertyRange. Axiom ignored:
[INFO] ObjectPropertyRange(<http://purl.obolibrary.org/obo/BFO_0000154> <http://purl.obolibrary.org/obo/BFO_0000011>)
[INFO] 2017-12-02 12:52:23,917 WARN  (ChangeIndexingProcessor:66) [reasoner.indexing.axiomIgnored]ELK does not support FunctionalObjectProperty. Axiom ignored:
[INFO] FunctionalObjectProperty(<http://purl.obolibrary.org/obo/IAO_0000039>)
[INFO] 2017-12-02 12:52:23,918 WARN  (ChangeIndexingProcessor:66) [reasoner.indexing.axiomIgnored]ELK does not support ObjectAllValuesFrom. Axiom ignored:
[INFO] SubClassOf(<http://purl.obolibrary.org/obo/OBI_0000067> ObjectAllValuesFrom(<http://purl.obolibrary.org/obo/BFO_0000054> <http://purl.obolibrary.org/obo/OBI_0000070>))
[INFO] 2017-12-02 12:52:23,922 WARN  (ChangeIndexingProcessor:66) [reasoner.indexing.axiomIgnored]ELK does not support ObjectExactCardinality. Axiom ignored:
[INFO] SubClassOf(<http://purl.obolibrary.org/obo/OMIABIS_0001000> ObjectIntersectionOf(<http://purl.obolibrary.org/obo/IAO_0000030> ObjectSomeValuesFrom(<http://purl.obolibrary.org/obo/IAO_0000136> ObjectIntersectionOf(ObjectSomeValuesFrom(<http://purl.obolibrary.org/obo/BFO_0000050> <http://purl.obolibrary.org/obo/IAO_0000100>) ObjectSomeValuesFrom(<http://purl.obolibrary.org/obo/IAO_0000136> ObjectIntersectionOf(<http://purl.obolibrary.org/obo/BFO_0000038> ObjectExactCardinality(1 <http://purl.obolibrary.org/obo/BFO_0000156>)))))))
[INFO] 2017-12-02 12:52:23,923 WARN  (ChangeIndexingProcessor:66) [reasoner.indexing.axiomIgnored]ELK does not support ObjectPropertyRange. Axiom ignored:
[INFO] ObjectPropertyRange(<http://purl.obolibrary.org/obo/BFO_0000186> <http://purl.obolibrary.org/obo/BFO_0000002>)
[INFO] 2017-12-02 12:52:23,925 WARN  (ChangeIndexingProcessor:66) [reasoner.indexing.axiomIgnored]ELK does not support ObjectPropertyRange. Axiom ignored:
[INFO] ObjectPropertyRange(<http://purl.obolibrary.org/obo/BFO_0000155> <http://purl.obolibrary.org/obo/BFO_0000008>)
[INFO] 2017-12-02 12:52:23,933 WARN  (ChangeIndexingProcessor:66) [reasoner.indexing.axiomIgnored]ELK does not support ObjectPropertyRange. Axiom ignored:
[INFO] ObjectPropertyRange(<http://purl.obolibrary.org/obo/OMIABIS_0000042> ObjectUnionOf(<http://purl.obolibrary.org/obo/NCBITaxon_9606> <http://purl.obolibrary.org/obo/OBI_0000245>))
[INFO] 2017-12-02 12:52:23,934 WARN  (IndexedObjectUnionOf:92) [reasoner.indexing.IndexedObjectUnionOf]ELK does not support positive occurrences of ObjectUnionOf. Reasoning might be incomplete!
[INFO] 2017-12-02 12:52:23,935 WARN  (ChangeIndexingProcessor:66) [reasoner.indexing.axiomIgnored]ELK does not support ObjectPropertyRange. Axiom ignored:
[INFO] ObjectPropertyRange(<http://purl.obolibrary.org/obo/BFO_0000067> ObjectUnionOf(<http://purl.obolibrary.org/obo/BFO_0000015> <http://purl.obolibrary.org/obo/BFO_0000035>))
[INFO] 2017-12-02 12:52:23,935 WARN  (ChangeIndexingProcessor:66) [reasoner.indexing.axiomIgnored]ELK does not support ObjectAllValuesFrom. Axiom ignored:
[INFO] SubClassOf(<http://purl.obolibrary.org/obo/OMIABIS_0000021> ObjectAllValuesFrom(<http://purl.obolibrary.org/obo/BFO_0000051> <http://purl.obolibrary.org/obo/IAO_0000029>))
[INFO] 2017-12-02 12:52:23,935 WARN  (IndexedObjectUnionOf:92) [reasoner.indexing.IndexedObjectUnionOf]ELK does not support positive occurrences of ObjectUnionOf. Reasoning might be incomplete!
[INFO] 2017-12-02 12:52:23,936 WARN  (ChangeIndexingProcessor:66) [reasoner.indexing.axiomIgnored]ELK does not support ObjectAllValuesFrom. Axiom ignored:
[INFO] SubClassOf(<http://purl.obolibrary.org/obo/OBI_0000094> ObjectAllValuesFrom(<http://purl.obolibrary.org/obo/OBI_0000299> <http://purl.obolibrary.org/obo/BFO_0000040>))
[INFO] 2017-12-02 12:52:23,937 WARN  (IndexedObjectUnionOf:92) [reasoner.indexing.IndexedObjectUnionOf]ELK does not support positive occurrences of ObjectUnionOf. Reasoning might be incomplete!
[INFO] 2017-12-02 12:52:23,937 WARN  (ChangeIndexingProcessor:66) [reasoner.indexing.axiomIgnored]ELK does not support ObjectPropertyRange. Axiom ignored:
[INFO] ObjectPropertyRange(<http://purl.obolibrary.org/obo/OMIABIS_0000008> ObjectUnionOf(<http://purl.obolibrary.org/obo/BFO_0000040> <http://purl.obolibrary.org/obo/IAO_0000030>))
[INFO] 2017-12-02 12:52:23,937 WARN  (ChangeIndexingProcessor:66) [reasoner.indexing.axiomIgnored]ELK does not support ObjectOneOf. Axiom ignored:
[INFO] EquivalentClasses(<http://purl.obolibrary.org/obo/IAO_0000225> ObjectOneOf(<http://purl.obolibrary.org/obo/IAO_0000229> <http://purl.obolibrary.org/obo/IAO_0000227> <http://purl.obolibrary.org/obo/IAO_0000228> <http://purl.obolibrary.org/obo/IAO_0000226> <http://purl.obolibrary.org/obo/IAO_0000103>))
[INFO] 2017-12-02 12:52:23,938 WARN  (IndexedObjectUnionOf:92) [reasoner.indexing.IndexedObjectUnionOf]ELK does not support positive occurrences of ObjectUnionOf. Reasoning might be incomplete!
[INFO] 2017-12-02 12:52:23,940 WARN  (IndexedObjectUnionOf:92) [reasoner.indexing.IndexedObjectUnionOf]ELK does not support positive occurrences of ObjectUnionOf. Reasoning might be incomplete!
[INFO] 2017-12-02 12:52:23,940 WARN  (ChangeIndexingProcessor:66) [reasoner.indexing.axiomIgnored]ELK does not support ObjectPropertyRange. Axiom ignored:
[INFO] ObjectPropertyRange(<http://purl.obolibrary.org/obo/BFO_0000185> <http://purl.obolibrary.org/obo/BFO_0000015>)
[INFO] 2017-12-02 12:52:23,941 WARN  (ChangeIndexingProcessor:66) [reasoner.indexing.axiomIgnored]ELK does not support ObjectAllValuesFrom. Axiom ignored:
[INFO] SubClassOf(<http://purl.obolibrary.org/obo/OMIABIS_0001011> ObjectSomeValuesFrom(<http://purl.obolibrary.org/obo/IAO_0000136> ObjectIntersectionOf(<http://purl.obolibrary.org/obo/BFO_0000027> ObjectAllValuesFrom(<http://purl.obolibrary.org/obo/BFO_0000051> ObjectIntersectionOf(<http://purl.obolibrary.org/obo/NCBITaxon_9606> ObjectIntersectionOf(ObjectSomeValuesFrom(<http://purl.obolibrary.org/obo/RO_0000053> <http://purl.obolibrary.org/obo/OBI_0000097>) ObjectSomeValuesFrom(<http://purl.obolibrary.org/obo/RO_0000056> <http://purl.obolibrary.org/obo/OBI_0000471>)))))))
[INFO] 2017-12-02 12:52:23,942 WARN  (ChangeIndexingProcessor:66) [reasoner.indexing.axiomIgnored]ELK does not support ObjectAllValuesFrom. Axiom ignored:
[INFO] SubClassOf(<http://purl.obolibrary.org/obo/OBI_0200000> ObjectAllValuesFrom(<http://purl.obolibrary.org/obo/OBI_0000293> <http://purl.obolibrary.org/obo/IAO_0000027>))
[INFO] 2017-12-02 12:52:23,944 WARN  (IndexedObjectUnionOf:92) [reasoner.indexing.IndexedObjectUnionOf]ELK does not support positive occurrences of ObjectUnionOf. Reasoning might be incomplete!
[INFO] 2017-12-02 12:52:23,945 WARN  (ChangeIndexingProcessor:66) [reasoner.indexing.axiomIgnored]ELK does not support ObjectPropertyRange. Axiom ignored:
[INFO] ObjectPropertyRange(<http://purl.obolibrary.org/obo/RO_0000052> ObjectIntersectionOf(<http://purl.obolibrary.org/obo/BFO_0000004> ObjectComplementOf(<http://purl.obolibrary.org/obo/BFO_0000006>)))
[INFO] 2017-12-02 12:52:23,947 WARN  (ChangeIndexingProcessor:66) [reasoner.indexing.axiomIgnored]ELK does not support ObjectPropertyRange. Axiom ignored:
[INFO] ObjectPropertyRange(<http://purl.obolibrary.org/obo/BFO_0000059> <http://purl.obolibrary.org/obo/BFO_0000031>)
[INFO] 2017-12-02 12:52:23,947 WARN  (ChangeIndexingProcessor:66) [reasoner.indexing.axiomIgnored]ELK does not support IrreflexiveObjectProperty. Axiom ignored:
[INFO] IrreflexiveObjectProperty(<http://purl.obolibrary.org/obo/IAO_0020018>)
[INFO] 2017-12-02 12:52:23,947 WARN  (ChangeIndexingProcessor:66) [reasoner.indexing.axiomIgnored]ELK does not support InverseObjectProperties. Axiom ignored:
[INFO] InverseObjectProperties(<http://purl.obolibrary.org/obo/OBI_0000299> <http://purl.obolibrary.org/obo/OBI_0000312>)
[INFO] 2017-12-02 12:52:23,948 WARN  (ChangeIndexingProcessor:66) [reasoner.indexing.axiomIgnored]ELK does not support ObjectPropertyRange. Axiom ignored:
[INFO] ObjectPropertyRange(<http://purl.obolibrary.org/obo/BFO_0000156> <http://purl.obolibrary.org/obo/BFO_0000003>)
[INFO] 2017-12-02 12:52:23,948 WARN  (ChangeIndexingProcessor:66) [reasoner.indexing.axiomIgnored]ELK does not support InverseObjectProperties. Axiom ignored:
[INFO] InverseObjectProperties(<http://purl.obolibrary.org/obo/RO_0000056> <http://purl.obolibrary.org/obo/RO_0000057>)
[INFO] 2017-12-02 12:52:23,948 WARN  (ChangeIndexingProcessor:66) [reasoner.indexing.axiomIgnored]ELK does not support ObjectAllValuesFrom. Axiom ignored:
[INFO] SubClassOf(<http://purl.obolibrary.org/obo/IAO_0000007> ObjectAllValuesFrom(<http://purl.obolibrary.org/obo/BFO_0000051> ObjectComplementOf(ObjectUnionOf(<http://purl.obolibrary.org/obo/IAO_0000005> <http://purl.obolibrary.org/obo/IAO_0000104>))))
[INFO] 2017-12-02 12:52:23,949 WARN  (ChangeIndexingProcessor:66) [reasoner.indexing.axiomIgnored]ELK does not support ObjectPropertyRange. Axiom ignored:
[INFO] ObjectPropertyRange(<http://www.geneontology.org/formats/oboInOwl#ObsoleteProperty> <http://www.w3.org/2002/07/owl#Nothing>)
[INFO] 2017-12-02 12:52:23,950 WARN  (ChangeIndexingProcessor:66) [reasoner.indexing.axiomIgnored]ELK does not support IrreflexiveObjectProperty. Axiom ignored:
[INFO] IrreflexiveObjectProperty(<http://purl.obolibrary.org/obo/IAO_0020012>)
[INFO] 2017-12-02 12:52:23,950 WARN  (ChangeIndexingProcessor:66) [reasoner.indexing.axiomIgnored]ELK does not support ObjectPropertyRange. Axiom ignored:
[INFO] ObjectPropertyRange(<http://purl.obolibrary.org/obo/OBI_0000312> <http://purl.obolibrary.org/obo/OBI_0000011>)
[INFO] 2017-12-02 12:52:23,951 WARN  (ChangeIndexingProcessor:66) [reasoner.indexing.axiomIgnored]ELK does not support ObjectAllValuesFrom. Axiom ignored:
[INFO] EquivalentClasses(<http://purl.obolibrary.org/obo/OMIABIS_0000002> ObjectIntersectionOf(<http://purl.obolibrary.org/obo/OMIABIS_0000029> ObjectSomeValuesFrom(<http://purl.obolibrary.org/obo/BFO_0000050> ObjectIntersectionOf(<http://purl.obolibrary.org/obo/IAO_0000422> ObjectSomeValuesFrom(<http://purl.obolibrary.org/obo/OMIABIS_0000042> ObjectIntersectionOf(<http://purl.obolibrary.org/obo/NCBITaxon_9606> ObjectUnionOf(ObjectIntersectionOf(ObjectSomeValuesFrom(<http://purl.obolibrary.org/obo/BFO_0000050> <http://purl.obolibrary.org/obo/BFO_0000027>) ObjectSomeValuesFrom(<http://purl.obolibrary.org/obo/OMIABIS_0000009> ObjectIntersectionOf(<http://purl.obolibrary.org/obo/BFO_0000027> ObjectAllValuesFrom(<http://purl.obolibrary.org/obo/BFO_0000051> <http://purl.obolibrary.org/obo/OBI_0100051>)))) ObjectIntersectionOf(ObjectSomeValuesFrom(<http://purl.obolibrary.org/obo/RO_0000053> <http://purl.obolibrary.org/obo/OMIABIS_0000094>) ObjectSomeValuesFrom(<http://purl.obolibrary.org/obo/RO_0000056> <http://purl.obolibrary.org/obo/OBI_0000471>)))))))))
[INFO] 2017-12-02 12:52:23,952 WARN  (ChangeIndexingProcessor:66) [reasoner.indexing.axiomIgnored]ELK does not support InverseObjectProperties. Axiom ignored:
[INFO] InverseObjectProperties(<http://purl.obolibrary.org/obo/RO_0000052> <http://purl.obolibrary.org/obo/RO_0000053>)
[INFO] 2017-12-02 12:52:23,957 WARN  (IndexedObjectComplementOf:84) [reasoner.indexing.IndexedObjectComplementOf]ELK does not support negative occurrences of ObjectComplementOf. Reasoning might be incomplete!
[INFO] 2017-12-02 12:52:23,958 WARN  (ChangeIndexingProcessor:66) [reasoner.indexing.axiomIgnored]ELK does not support InverseObjectProperties. Axiom ignored:
[INFO] InverseObjectProperties(<http://purl.obolibrary.org/obo/BFO_0000117> <http://purl.obolibrary.org/obo/BFO_0000132>)
[INFO] 2017-12-02 12:52:23,958 WARN  (ChangeIndexingProcessor:66) [reasoner.indexing.axiomIgnored]ELK does not support ObjectAllValuesFrom. Axiom ignored:
[INFO] EquivalentClasses(<http://purl.obolibrary.org/obo/IAO_0020000> ObjectIntersectionOf(ObjectSomeValuesFrom(<http://purl.obolibrary.org/obo/IAO_0020012> <http://purl.obolibrary.org/obo/BFO_0000001>) ObjectAllValuesFrom(<http://purl.obolibrary.org/obo/OBI_0000312> <http://purl.obolibrary.org/obo/IAO_0020010>)))
[INFO] 2017-12-02 12:52:23,959 WARN  (ChangeIndexingProcessor:66) [reasoner.indexing.axiomIgnored]ELK does not support ObjectAllValuesFrom. Axiom ignored:
[INFO] SubClassOf(<http://purl.obolibrary.org/obo/OMIABIS_0000012> ObjectAllValuesFrom(<http://purl.obolibrary.org/obo/RO_0000052> ObjectIntersectionOf(<http://purl.obolibrary.org/obo/NCBITaxon_9606> ObjectSomeValuesFrom(<http://purl.obolibrary.org/obo/OBI_0000846> <http://purl.obolibrary.org/obo/OBI_0000245>))))
[INFO] 2017-12-02 12:52:23,959 WARN  (ChangeIndexingProcessor:66) [reasoner.indexing.axiomIgnored]ELK does not support ObjectPropertyRange. Axiom ignored:
[INFO] ObjectPropertyRange(<http://purl.obolibrary.org/obo/BFO_0000187> <http://purl.obolibrary.org/obo/BFO_0000002>)
[INFO] 2017-12-02 12:52:23,959 WARN  (ChangeIndexingProcessor:66) [reasoner.indexing.axiomIgnored]ELK does not support ObjectAllValuesFrom. Axiom ignored:
[INFO] SubClassOf(<http://purl.obolibrary.org/obo/OBI_0000453> ObjectAllValuesFrom(<http://purl.obolibrary.org/obo/BFO_0000054> ObjectSomeValuesFrom(<http://purl.obolibrary.org/obo/OBI_0000299> <http://purl.obolibrary.org/obo/IAO_0000109>)))
[INFO] 2017-12-02 12:52:23,960 WARN  (ChangeIndexingProcessor:66) [reasoner.indexing.axiomIgnored]ELK does not support ObjectPropertyRange. Axiom ignored:
[INFO] ObjectPropertyRange(<http://purl.obolibrary.org/obo/BFO_0000108> <http://purl.obolibrary.org/obo/BFO_0000008>)
[INFO] 2017-12-02 12:52:23,960 WARN  (ChangeIndexingProcessor:66) [reasoner.indexing.axiomIgnored]ELK does not support ObjectPropertyRange. Axiom ignored:
[INFO] ObjectPropertyRange(<http://purl.obolibrary.org/obo/OMIABIS_0000009> ObjectUnionOf(<http://purl.obolibrary.org/obo/BFO_0000040> <http://purl.obolibrary.org/obo/IAO_0000030>))
[INFO] 2017-12-02 12:52:23,960 WARN  (IndexedObjectUnionOf:92) [reasoner.indexing.IndexedObjectUnionOf]ELK does not support positive occurrences of ObjectUnionOf. Reasoning might be incomplete!
[INFO] 2017-12-02 12:52:23,961 WARN  (ChangeIndexingProcessor:66) [reasoner.indexing.axiomIgnored]ELK does not support ObjectAllValuesFrom. Axiom ignored:
[INFO] EquivalentClasses(<http://purl.obolibrary.org/obo/OMIABIS_0000039> ObjectSomeValuesFrom(<http://purl.obolibrary.org/obo/IAO_0020012> ObjectIntersectionOf(<http://purl.obolibrary.org/obo/NCBITaxon_9606> ObjectUnionOf(ObjectIntersectionOf(ObjectSomeValuesFrom(<http://purl.obolibrary.org/obo/BFO_0000050> ObjectIntersectionOf(<http://purl.obolibrary.org/obo/BFO_0000027> ObjectSomeValuesFrom(<http://purl.obolibrary.org/obo/OMIABIS_0000009> ObjectIntersectionOf(<http://purl.obolibrary.org/obo/BFO_0000027> ObjectAllValuesFrom(<http://purl.obolibrary.org/obo/BFO_0000051> <http://purl.obolibrary.org/obo/OBI_0100051>))))) ObjectSomeValuesFrom(<http://purl.obolibrary.org/obo/RO_0000053> <http://purl.obolibrary.org/obo/OMIABIS_0000094>)) ObjectIntersectionOf(ObjectSomeValuesFrom(<http://purl.obolibrary.org/obo/RO_0000053> <http://purl.obolibrary.org/obo/OMIABIS_0000094>) ObjectSomeValuesFrom(<http://purl.obolibrary.org/obo/RO_0000056> <http://purl.obolibrary.org/obo/OBI_0000471>))))))
[INFO] 2017-12-02 12:52:23,962 WARN  (ChangeIndexingProcessor:66) [reasoner.indexing.axiomIgnored]ELK does not support AsymmetricObjectProperty. Axiom ignored:
[INFO] AsymmetricObjectProperty(<http://purl.obolibrary.org/obo/OMIABIS_0000048>)
[INFO] 2017-12-02 12:52:23,962 WARN  (ChangeIndexingProcessor:66) [reasoner.indexing.axiomIgnored]ELK does not support ObjectPropertyRange. Axiom ignored:
[INFO] ObjectPropertyRange(<http://purl.obolibrary.org/obo/BFO_0000126> <http://purl.obolibrary.org/obo/BFO_0000003>)
[INFO] 2017-12-02 12:52:23,962 WARN  (ChangeIndexingProcessor:66) [reasoner.indexing.axiomIgnored]ELK does not support ObjectPropertyRange. Axiom ignored:
[INFO] ObjectPropertyRange(<http://purl.obolibrary.org/obo/OBI_0000846> <http://purl.obolibrary.org/obo/OBI_0000245>)
[INFO] 2017-12-02 12:52:23,964 WARN  (ChangeIndexingProcessor:66) [reasoner.indexing.axiomIgnored]ELK does not support ObjectAllValuesFrom. Axiom ignored:
[INFO] EquivalentClasses(<http://purl.obolibrary.org/obo/OMIABIS_0000040> ObjectIntersectionOf(<http://purl.obolibrary.org/obo/OMIABIS_0000017> ObjectSomeValuesFrom(<http://purl.obolibrary.org/obo/OBI_0001688> ObjectIntersectionOf(<http://purl.obolibrary.org/obo/NCBITaxon_9606> ObjectUnionOf(ObjectIntersectionOf(ObjectSomeValuesFrom(<http://purl.obolibrary.org/obo/BFO_0000050> ObjectIntersectionOf(<http://purl.obolibrary.org/obo/BFO_0000027> ObjectSomeValuesFrom(<http://purl.obolibrary.org/obo/OMIABIS_0000009> ObjectIntersectionOf(<http://purl.obolibrary.org/obo/BFO_0000027> ObjectAllValuesFrom(<http://purl.obolibrary.org/obo/BFO_0000051> <http://purl.obolibrary.org/obo/OBI_0100051>))))) ObjectSomeValuesFrom(<http://purl.obolibrary.org/obo/RO_0000053> <http://purl.obolibrary.org/obo/OMIABIS_0000094>)) ObjectIntersectionOf(ObjectSomeValuesFrom(<http://purl.obolibrary.org/obo/RO_0000053> <http://purl.obolibrary.org/obo/OMIABIS_0000094>) ObjectSomeValuesFrom(<http://purl.obolibrary.org/obo/RO_0000056> <http://purl.obolibrary.org/obo/OBI_0000471>)))))))
[INFO] 2017-12-02 12:52:23,964 WARN  (ChangeIndexingProcessor:66) [reasoner.indexing.axiomIgnored]ELK does not support ObjectPropertyRange. Axiom ignored:
[INFO] ObjectPropertyRange(<http://purl.obolibrary.org/obo/BFO_0000139> <http://purl.obolibrary.org/obo/BFO_0000003>)
[INFO] 2017-12-02 12:52:23,964 WARN  (ChangeIndexingProcessor:66) [reasoner.indexing.axiomIgnored]ELK does not support InverseObjectProperties. Axiom ignored:
[INFO] InverseObjectProperties(<http://purl.obolibrary.org/obo/BFO_0000083> <http://purl.obolibrary.org/obo/BFO_0000123>)
[INFO] 2017-12-02 12:52:23,965 WARN  (ChangeIndexingProcessor:66) [reasoner.indexing.axiomIgnored]ELK does not support ObjectAllValuesFrom. Axiom ignored:
[INFO] EquivalentClasses(<http://purl.obolibrary.org/obo/OMIABIS_0000038> ObjectSomeValuesFrom(<http://purl.obolibrary.org/obo/IAO_0020012> ObjectIntersectionOf(<http://purl.obolibrary.org/obo/NCBITaxon_9606> ObjectUnionOf(ObjectIntersectionOf(ObjectSomeValuesFrom(<http://purl.obolibrary.org/obo/BFO_0000050> ObjectIntersectionOf(<http://purl.obolibrary.org/obo/BFO_0000027> ObjectSomeValuesFrom(<http://purl.obolibrary.org/obo/OMIABIS_0000009> ObjectIntersectionOf(<http://purl.obolibrary.org/obo/BFO_0000027> ObjectAllValuesFrom(<http://purl.obolibrary.org/obo/BFO_0000051> <http://purl.obolibrary.org/obo/OBI_0100051>))))) ObjectSomeValuesFrom(<http://purl.obolibrary.org/obo/RO_0000053> <http://purl.obolibrary.org/obo/OBI_0000102>)) ObjectIntersectionOf(ObjectSomeValuesFrom(<http://purl.obolibrary.org/obo/RO_0000053> <http://purl.obolibrary.org/obo/OBI_0000103>) ObjectSomeValuesFrom(<http://purl.obolibrary.org/obo/RO_0000056> <http://purl.obolibrary.org/obo/OBI_0000471>))))))
[INFO] 2017-12-02 12:52:23,966 WARN  (ChangeIndexingProcessor:66) [reasoner.indexing.axiomIgnored]ELK does not support ObjectAllValuesFrom. Axiom ignored:
[INFO] EquivalentClasses(<http://purl.obolibrary.org/obo/OMIABIS_0000035> ObjectIntersectionOf(<http://purl.obolibrary.org/obo/IAO_0000429> ObjectSomeValuesFrom(<http://purl.obolibrary.org/obo/OMIABIS_0000042> ObjectIntersectionOf(<http://purl.obolibrary.org/obo/NCBITaxon_9606> ObjectUnionOf(ObjectIntersectionOf(ObjectSomeValuesFrom(<http://purl.obolibrary.org/obo/BFO_0000050> <http://purl.obolibrary.org/obo/BFO_0000027>) ObjectSomeValuesFrom(<http://purl.obolibrary.org/obo/OMIABIS_0000009> ObjectIntersectionOf(<http://purl.obolibrary.org/obo/BFO_0000027> ObjectAllValuesFrom(<http://purl.obolibrary.org/obo/BFO_0000051> <http://purl.obolibrary.org/obo/OBI_0100051>)))) ObjectIntersectionOf(ObjectSomeValuesFrom(<http://purl.obolibrary.org/obo/RO_0000053> <http://purl.obolibrary.org/obo/OMIABIS_0000094>) ObjectSomeValuesFrom(<http://purl.obolibrary.org/obo/RO_0000056> <http://purl.obolibrary.org/obo/OBI_0000471>)))))))
[INFO] 2017-12-02 12:52:23,966 WARN  (IndexedObjectUnionOf:92) [reasoner.indexing.IndexedObjectUnionOf]ELK does not support positive occurrences of ObjectUnionOf. Reasoning might be incomplete!
[INFO] 2017-12-02 12:52:23,966 WARN  (IndexedObjectUnionOf:92) [reasoner.indexing.IndexedObjectUnionOf]ELK does not support positive occurrences of ObjectUnionOf. Reasoning might be incomplete!
[INFO] 2017-12-02 12:52:23,969 WARN  (ChangeIndexingProcessor:66) [reasoner.indexing.axiomIgnored]ELK does not support DataMinCardinality. Axiom ignored:
[INFO] SubClassOf(<http://purl.obolibrary.org/obo/OBI_0001931> DataMinCardinality(1 <http://purl.obolibrary.org/obo/OBI_0001937>))
[INFO] 2017-12-02 12:52:23,970 WARN  (ChangeIndexingProcessor:66) [reasoner.indexing.axiomIgnored]ELK does not support ObjectPropertyRange. Axiom ignored:
[INFO] ObjectPropertyRange(<http://purl.obolibrary.org/obo/BFO_0000130> <http://purl.obolibrary.org/obo/BFO_0000011>)
[INFO] 2017-12-02 12:52:23,970 WARN  (ChangeIndexingProcessor:66) [reasoner.indexing.axiomIgnored]ELK does not support ObjectPropertyRange. Axiom ignored:
[INFO] ObjectPropertyRange(<http://purl.obolibrary.org/obo/BFO_0000184> <http://purl.obolibrary.org/obo/BFO_0000040>)
[INFO] 2017-12-02 12:52:23,971 WARN  (ChangeIndexingProcessor:66) [reasoner.indexing.axiomIgnored]ELK does not support ObjectPropertyRange. Axiom ignored:
[INFO] ObjectPropertyRange(<http://purl.obolibrary.org/obo/BFO_0000157> <http://purl.obolibrary.org/obo/BFO_0000001>)
[INFO] 2017-12-02 12:52:23,972 WARN  (ChangeIndexingProcessor:66) [reasoner.indexing.axiomIgnored]ELK does not support ObjectAllValuesFrom. Axiom ignored:
[INFO] SubClassOf(<http://purl.obolibrary.org/obo/OMIABIS_0000047> ObjectIntersectionOf(ObjectSomeValuesFrom(<http://purl.obolibrary.org/obo/BFO_0000051> ObjectIntersectionOf(<http://purl.obolibrary.org/obo/OMIABIS_0000004> ObjectIntersectionOf(<http://purl.obolibrary.org/obo/OMIABIS_0000046> ObjectAllValuesFrom(<http://purl.obolibrary.org/obo/IAO_0020012> <http://purl.obolibrary.org/obo/OMIABIS_0000010>)))) ObjectSomeValuesFrom(<http://purl.obolibrary.org/obo/IAO_0020012> <http://purl.obolibrary.org/obo/OMIABIS_0000000>)))
[INFO] 2017-12-02 12:52:23,972 WARN  (ChangeIndexingProcessor:66) [reasoner.indexing.axiomIgnored]ELK does not support ObjectPropertyRange. Axiom ignored:
[INFO] ObjectPropertyRange(<http://purl.obolibrary.org/obo/OBI_0000124> <http://purl.obolibrary.org/obo/IAO_0000027>)
[INFO] 2017-12-02 12:52:23,973 WARN  (IndexedObjectUnionOf:92) [reasoner.indexing.IndexedObjectUnionOf]ELK does not support positive occurrences of ObjectUnionOf. Reasoning might be incomplete!
[INFO] 2017-12-02 12:52:23,973 WARN  (ChangeIndexingProcessor:66) [reasoner.indexing.axiomIgnored]ELK does not support InverseObjectProperties. Axiom ignored:
[INFO] InverseObjectProperties(<http://purl.obolibrary.org/obo/IAO_0020012> <http://purl.obolibrary.org/obo/IAO_0020018>)
[INFO] 2017-12-02 12:52:23,974 WARN  (ChangeIndexingProcessor:66) [reasoner.indexing.axiomIgnored]ELK does not support InverseObjectProperties. Axiom ignored:
[INFO] InverseObjectProperties(<http://purl.obolibrary.org/obo/BFO_0000108> <http://purl.obolibrary.org/obo/BFO_0000157>)
[INFO] 2017-12-02 12:52:23,975 WARN  (ChangeIndexingProcessor:66) [reasoner.indexing.axiomIgnored]ELK does not support ObjectPropertyRange. Axiom ignored:
[INFO] ObjectPropertyRange(<http://purl.obolibrary.org/obo/BFO_0000054> <http://purl.obolibrary.org/obo/BFO_0000015>)
[INFO] 2017-12-02 12:52:23,975 WARN  (ChangeIndexingProcessor:66) [reasoner.indexing.axiomIgnored]ELK does not support AsymmetricObjectProperty. Axiom ignored:
[INFO] AsymmetricObjectProperty(<http://purl.obolibrary.org/obo/IAO_0020018>)
[INFO] 2017-12-02 12:52:23,976 WARN  (ChangeIndexingProcessor:66) [reasoner.indexing.axiomIgnored]ELK does not support InverseObjectProperties. Axiom ignored:
[INFO] InverseObjectProperties(<http://purl.obolibrary.org/obo/BFO_0000121> <http://purl.obolibrary.org/obo/BFO_0000139>)
[INFO] 2017-12-02 12:52:23,976 WARN  (ChangeIndexingProcessor:66) [reasoner.indexing.axiomIgnored]ELK does not support InverseObjectProperties. Axiom ignored:
[INFO] InverseObjectProperties(<http://purl.obolibrary.org/obo/BFO_0000126> <http://purl.obolibrary.org/obo/BFO_0000130>)
[INFO] 2017-12-02 12:52:23,977 WARN  (ChangeIndexingProcessor:66) [reasoner.indexing.axiomIgnored]ELK does not support AsymmetricObjectProperty. Axiom ignored:
[INFO] AsymmetricObjectProperty(<http://purl.obolibrary.org/obo/IAO_0020012>)
[INFO] 2017-12-02 12:52:23,977 WARN  (ChangeIndexingProcessor:66) [reasoner.indexing.axiomIgnored]ELK does not support ObjectPropertyRange. Axiom ignored:
[INFO] ObjectPropertyRange(<http://purl.obolibrary.org/obo/IAO_0000581> <http://purl.obolibrary.org/obo/IAO_0000416>)
[INFO] 2017-12-02 12:52:23,978 WARN  (ChangeIndexingProcessor:66) [reasoner.indexing.axiomIgnored]ELK does not support ObjectPropertyRange. Axiom ignored:
[INFO] ObjectPropertyRange(<http://purl.obolibrary.org/obo/OBI_0001688> ObjectUnionOf(<http://purl.obolibrary.org/obo/NCBITaxon_9606> <http://purl.obolibrary.org/obo/OBI_0000245>))
[INFO] 2017-12-02 12:52:23,978 WARN  (ChangeIndexingProcessor:66) [reasoner.indexing.axiomIgnored]ELK does not support ObjectExactCardinality. Axiom ignored:
[INFO] SubClassOf(<http://purl.obolibrary.org/obo/OMIABIS_0001029> ObjectIntersectionOf(<http://purl.obolibrary.org/obo/IAO_0000030> ObjectSomeValuesFrom(<http://purl.obolibrary.org/obo/IAO_0000136> ObjectSomeValuesFrom(<http://purl.obolibrary.org/obo/BFO_0000050> ObjectIntersectionOf(<http://purl.obolibrary.org/obo/IAO_0000100> ObjectSomeValuesFrom(<http://purl.obolibrary.org/obo/IAO_0000136> ObjectIntersectionOf(<http://purl.obolibrary.org/obo/BFO_0000038> ObjectExactCardinality(1 <http://purl.obolibrary.org/obo/BFO_0000156>))))))))
[INFO] 2017-12-02 12:52:23,979 WARN  (ChangeIndexingProcessor:66) [reasoner.indexing.axiomIgnored]ELK does not support InverseObjectProperties. Axiom ignored:
[INFO] InverseObjectProperties(<http://purl.obolibrary.org/obo/OBI_0000417> <http://purl.obolibrary.org/obo/OBI_0000833>)
[INFO] 2017-12-02 12:52:23,979 WARN  (ChangeIndexingProcessor:66) [reasoner.indexing.axiomIgnored]ELK does not support ObjectAllValuesFrom. Axiom ignored:
[INFO] EquivalentClasses(<http://purl.obolibrary.org/obo/IAO_0020015> ObjectIntersectionOf(<http://purl.obolibrary.org/obo/IAO_0020000> ObjectAllValuesFrom(<http://purl.obolibrary.org/obo/IAO_0020012> <http://purl.obolibrary.org/obo/NCBITaxon_9606>)))
[INFO] 2017-12-02 12:52:23,983 WARN  (IndexedObjectUnionOf:92) [reasoner.indexing.IndexedObjectUnionOf]ELK does not support positive occurrences of ObjectUnionOf. Reasoning might be incomplete!
[INFO] 2017-12-02 12:52:23,983 WARN  (ChangeIndexingProcessor:66) [reasoner.indexing.axiomIgnored]ELK does not support InverseObjectProperties. Axiom ignored:
[INFO] InverseObjectProperties(<http://purl.obolibrary.org/obo/BFO_0000176> <http://purl.obolibrary.org/obo/BFO_0000178>)
[INFO] 2017-12-02 12:52:23,984 WARN  (ChangeIndexingProcessor:66) [reasoner.indexing.axiomIgnored]ELK does not support ObjectAllValuesFrom. Axiom ignored:
[INFO] EquivalentClasses(<http://purl.obolibrary.org/obo/OMIABIS_0000033> ObjectIntersectionOf(ObjectIntersectionOf(<http://purl.obolibrary.org/obo/BFO_0000027> ObjectAllValuesFrom(<http://purl.obolibrary.org/obo/BFO_0000051> <http://purl.obolibrary.org/obo/OBI_0100051>)) ObjectSomeValuesFrom(<http://purl.obolibrary.org/obo/BFO_0000050> <http://purl.obolibrary.org/obo/OMIABIS_0000000>) ObjectSomeValuesFrom(<http://purl.obolibrary.org/obo/RO_0000056> <http://purl.obolibrary.org/obo/OBI_0000471>)))
[INFO] 2017-12-02 12:52:23,984 WARN  (IndexedObjectUnionOf:92) [reasoner.indexing.IndexedObjectUnionOf]ELK does not support positive occurrences of ObjectUnionOf. Reasoning might be incomplete!
[INFO] 2017-12-02 12:52:23,985 WARN  (ChangeIndexingProcessor:66) [reasoner.indexing.axiomIgnored]ELK does not support ObjectAllValuesFrom. Axiom ignored:
[INFO] EquivalentClasses(<http://purl.obolibrary.org/obo/OMIABIS_0000100> ObjectIntersectionOf(<http://purl.obolibrary.org/obo/NCBITaxon_9606> ObjectUnionOf(ObjectIntersectionOf(ObjectSomeValuesFrom(<http://purl.obolibrary.org/obo/BFO_0000050> ObjectIntersectionOf(<http://purl.obolibrary.org/obo/BFO_0000027> ObjectSomeValuesFrom(<http://purl.obolibrary.org/obo/OMIABIS_0000009> ObjectIntersectionOf(<http://purl.obolibrary.org/obo/BFO_0000027> ObjectAllValuesFrom(<http://purl.obolibrary.org/obo/BFO_0000051> <http://purl.obolibrary.org/obo/OBI_0100051>))))) ObjectSomeValuesFrom(<http://purl.obolibrary.org/obo/RO_0000053> <http://purl.obolibrary.org/obo/OBI_0000102>)) ObjectIntersectionOf(ObjectSomeValuesFrom(<http://purl.obolibrary.org/obo/RO_0000053> <http://purl.obolibrary.org/obo/OBI_0000103>) ObjectSomeValuesFrom(<http://purl.obolibrary.org/obo/RO_0000056> <http://purl.obolibrary.org/obo/OBI_0000471>)))))
[INFO] 2017-12-02 12:52:23,985 WARN  (ChangeIndexingProcessor:66) [reasoner.indexing.axiomIgnored]ELK does not support InverseObjectProperties. Axiom ignored:
[INFO] InverseObjectProperties(<http://purl.obolibrary.org/obo/OBI_0000846> <http://purl.obolibrary.org/obo/OBI_0001688>)
[INFO] 2017-12-02 12:52:23,985 WARN  (ChangeIndexingProcessor:66) [reasoner.indexing.axiomIgnored]ELK does not support ObjectPropertyRange. Axiom ignored:
[INFO] ObjectPropertyRange(<http://purl.obolibrary.org/obo/BFO_0000132> <http://purl.obolibrary.org/obo/BFO_0000003>)
[INFO] 2017-12-02 12:52:23,986 WARN  (ChangeIndexingProcessor:66) [reasoner.indexing.axiomIgnored]ELK does not support ObjectAllValuesFrom. Axiom ignored:
[INFO] SubClassOf(<http://purl.obolibrary.org/obo/OBI_0000094> ObjectAllValuesFrom(<http://purl.obolibrary.org/obo/OBI_0000293> <http://purl.obolibrary.org/obo/BFO_0000040>))
[INFO] 2017-12-02 12:52:23,986 WARN  (ChangeIndexingProcessor:66) [reasoner.indexing.axiomIgnored]ELK does not support ObjectAllValuesFrom. Axiom ignored:
[INFO] SubClassOf(<http://purl.obolibrary.org/obo/OBI_0000444> ObjectAllValuesFrom(<http://purl.obolibrary.org/obo/BFO_0000054> <http://purl.obolibrary.org/obo/OBI_0000274>))
[INFO] 2017-12-02 12:52:23,987 WARN  (ChangeIndexingProcessor:66) [reasoner.indexing.axiomIgnored]ELK does not support ObjectPropertyRange. Axiom ignored:
[INFO] ObjectPropertyRange(<http://purl.obolibrary.org/obo/BFO_0000055> <http://purl.obolibrary.org/obo/BFO_0000017>)
[INFO] 2017-12-02 12:52:23,987 WARN  (ChangeIndexingProcessor:66) [reasoner.indexing.axiomIgnored]ELK does not support ObjectAllValuesFrom. Axiom ignored:
[INFO] SubClassOf(<http://purl.obolibrary.org/obo/OBI_0000319> ObjectAllValuesFrom(<http://purl.obolibrary.org/obo/BFO_0000054> <http://purl.obolibrary.org/obo/OBI_0000274>))
[INFO] 2017-12-02 12:52:23,991 WARN  (ChangeIndexingProcessor:66) [reasoner.indexing.axiomIgnored]ELK does not support ObjectPropertyRange. Axiom ignored:
[INFO] ObjectPropertyRange(<http://purl.obolibrary.org/obo/BFO_0000176> <http://purl.obolibrary.org/obo/BFO_0000002>)
[INFO] 2017-12-02 12:52:23,992 WARN  (ChangeIndexingProcessor:66) [reasoner.indexing.axiomIgnored]ELK does not support InverseObjectProperties. Axiom ignored:
[INFO] InverseObjectProperties(<http://purl.obolibrary.org/obo/RO_0000081> <http://purl.obolibrary.org/obo/RO_0000087>)
[INFO] 2017-12-02 12:52:23,994 WARN  (ChangeIndexingProcessor:66) [reasoner.indexing.axiomIgnored]ELK does not support ObjectPropertyRange. Axiom ignored:
[INFO] ObjectPropertyRange(<http://purl.obolibrary.org/obo/IAO_0020012> <http://purl.obolibrary.org/obo/BFO_0000001>)
[INFO] 2017-12-02 12:52:23,994 WARN  (IndexedObjectUnionOf:92) [reasoner.indexing.IndexedObjectUnionOf]ELK does not support positive occurrences of ObjectUnionOf. Reasoning might be incomplete!
[INFO] 2017-12-02 12:52:23,995 WARN  (IndexedObjectUnionOf:92) [reasoner.indexing.IndexedObjectUnionOf]ELK does not support positive occurrences of ObjectUnionOf. Reasoning might be incomplete!
[INFO] 2017-12-02 12:52:23,996 WARN  (IndexedObjectUnionOf:92) [reasoner.indexing.IndexedObjectUnionOf]ELK does not support positive occurrences of ObjectUnionOf. Reasoning might be incomplete!
[INFO] 2017-12-02 12:52:23,996 WARN  (ChangeIndexingProcessor:66) [reasoner.indexing.axiomIgnored]ELK does not support InverseObjectProperties. Axiom ignored:
[INFO] InverseObjectProperties(<http://purl.obolibrary.org/obo/BFO_0000177> <http://purl.obolibrary.org/obo/BFO_0000187>)
[INFO] 2017-12-02 12:52:23,996 WARN  (ChangeIndexingProcessor:66) [reasoner.indexing.axiomIgnored]ELK does not support InverseObjectProperties. Axiom ignored:
[INFO] InverseObjectProperties(<http://purl.obolibrary.org/obo/OMIABIS_0000008> <http://purl.obolibrary.org/obo/OMIABIS_0000048>)
[INFO] 2017-12-02 12:52:23,997 WARN  (ChangeIndexingProcessor:66) [reasoner.indexing.axiomIgnored]ELK does not support ObjectAllValuesFrom. Axiom ignored:
[INFO] SubClassOf(<http://purl.obolibrary.org/obo/OBI_0000097> ObjectAllValuesFrom(<http://purl.obolibrary.org/obo/BFO_0000054> <http://purl.obolibrary.org/obo/OBI_0000471>))
[INFO] 2017-12-02 12:52:23,997 WARN  (ChangeIndexingProcessor:66) [reasoner.indexing.axiomIgnored]ELK does not support InverseObjectProperties. Axiom ignored:
[INFO] InverseObjectProperties(<http://purl.obolibrary.org/obo/RO_0001015> <http://purl.obolibrary.org/obo/RO_0001025>)
[INFO] 2017-12-02 12:52:23,998 WARN  (ChangeIndexingProcessor:66) [reasoner.indexing.axiomIgnored]ELK does not support ObjectAllValuesFrom. Axiom ignored:
[INFO] EquivalentClasses(<http://purl.obolibrary.org/obo/OMIABIS_0000043> ObjectIntersectionOf(<http://purl.obolibrary.org/obo/OMIABIS_0000031> ObjectSomeValuesFrom(<http://purl.obolibrary.org/obo/BFO_0000050> ObjectIntersectionOf(<http://purl.obolibrary.org/obo/IAO_0000422> ObjectSomeValuesFrom(<http://purl.obolibrary.org/obo/OMIABIS_0000042> ObjectIntersectionOf(<http://purl.obolibrary.org/obo/NCBITaxon_9606> ObjectUnionOf(ObjectIntersectionOf(ObjectSomeValuesFrom(<http://purl.obolibrary.org/obo/BFO_0000050> <http://purl.obolibrary.org/obo/BFO_0000027>) ObjectSomeValuesFrom(<http://purl.obolibrary.org/obo/OMIABIS_0000009> ObjectIntersectionOf(<http://purl.obolibrary.org/obo/BFO_0000027> ObjectAllValuesFrom(<http://purl.obolibrary.org/obo/BFO_0000051> <http://purl.obolibrary.org/obo/OBI_0100051>)))) ObjectIntersectionOf(ObjectSomeValuesFrom(<http://purl.obolibrary.org/obo/RO_0000053> <http://purl.obolibrary.org/obo/OMIABIS_0000094>) ObjectSomeValuesFrom(<http://purl.obolibrary.org/obo/RO_0000056> <http://purl.obolibrary.org/obo/OBI_0000471>)))))))))
[INFO] 2017-12-02 12:52:23,998 WARN  (ChangeIndexingProcessor:66) [reasoner.indexing.axiomIgnored]ELK does not support ObjectAllValuesFrom. Axiom ignored:
[INFO] EquivalentClasses(<http://purl.obolibrary.org/obo/OMIABIS_0000099> ObjectIntersectionOf(<http://purl.obolibrary.org/obo/NCBITaxon_9606> ObjectUnionOf(ObjectIntersectionOf(ObjectSomeValuesFrom(<http://purl.obolibrary.org/obo/BFO_0000050> ObjectIntersectionOf(<http://purl.obolibrary.org/obo/BFO_0000027> ObjectSomeValuesFrom(<http://purl.obolibrary.org/obo/OMIABIS_0000009> ObjectIntersectionOf(<http://purl.obolibrary.org/obo/BFO_0000027> ObjectAllValuesFrom(<http://purl.obolibrary.org/obo/BFO_0000051> <http://purl.obolibrary.org/obo/OBI_0100051>))))) ObjectSomeValuesFrom(<http://purl.obolibrary.org/obo/RO_0000053> <http://purl.obolibrary.org/obo/OMIABIS_0000094>)) ObjectIntersectionOf(ObjectSomeValuesFrom(<http://purl.obolibrary.org/obo/RO_0000053> <http://purl.obolibrary.org/obo/OMIABIS_0000094>) ObjectSomeValuesFrom(<http://purl.obolibrary.org/obo/RO_0000056> <http://purl.obolibrary.org/obo/OBI_0000471>)))))
[INFO] 2017-12-02 12:52:23,998 WARN  (IndexedObjectUnionOf:92) [reasoner.indexing.IndexedObjectUnionOf]ELK does not support positive occurrences of ObjectUnionOf. Reasoning might be incomplete!
[INFO] 2017-12-02 12:52:23,999 WARN  (ChangeIndexingProcessor:66) [reasoner.indexing.axiomIgnored]ELK does not support ObjectPropertyRange. Axiom ignored:
[INFO] ObjectPropertyRange(<http://purl.obolibrary.org/obo/IAO_0000413> <http://purl.obolibrary.org/obo/BFO_0000015>)
[INFO] 2017-12-02 12:52:23,999 WARN  (ChangeIndexingProcessor:66) [reasoner.indexing.axiomIgnored]ELK does not support ObjectPropertyRange. Axiom ignored:
[INFO] ObjectPropertyRange(<http://purl.obolibrary.org/obo/IAO_0000583> ObjectIntersectionOf(<http://purl.obolibrary.org/obo/IAO_0000109> ObjectComplementOf(<http://purl.obolibrary.org/obo/IAO_0000416>)))
[INFO] 2017-12-02 12:52:24,000 WARN  (ChangeIndexingProcessor:66) [reasoner.indexing.axiomIgnored]ELK does not support ObjectAllValuesFrom. Axiom ignored:
[INFO] SubClassOf(<http://purl.obolibrary.org/obo/OBI_0400106> ObjectSomeValuesFrom(<http://purl.obolibrary.org/obo/BFO_0000085> ObjectIntersectionOf(<http://purl.obolibrary.org/obo/OBI_0000372> ObjectAllValuesFrom(<http://purl.obolibrary.org/obo/BFO_0000054> <http://purl.obolibrary.org/obo/OBI_0302886>))))
[INFO] 2017-12-02 12:52:24,001 WARN  (ChangeIndexingProcessor:66) [reasoner.indexing.axiomIgnored]ELK does not support ObjectPropertyRange. Axiom ignored:
[INFO] ObjectPropertyRange(<http://purl.obolibrary.org/obo/BFO_0000085> <http://purl.obolibrary.org/obo/BFO_0000034>)
[INFO] 2017-12-02 12:52:24,001 WARN  (ChangeIndexingProcessor:66) [reasoner.indexing.axiomIgnored]ELK does not support ObjectAllValuesFrom. Axiom ignored:
[INFO] SubClassOf(<http://purl.obolibrary.org/obo/IAO_0000416> ObjectIntersectionOf(ObjectAllValuesFrom(<http://purl.obolibrary.org/obo/IAO_0000039> <http://purl.obolibrary.org/obo/UO_0000003>) ObjectAllValuesFrom(<http://purl.obolibrary.org/obo/IAO_0000413> <http://purl.obolibrary.org/obo/BFO_0000015>)))
[INFO] 2017-12-02 12:52:24,001 WARN  (ChangeIndexingProcessor:66) [reasoner.indexing.axiomIgnored]ELK does not support ObjectAllValuesFrom. Axiom ignored:
[INFO] EquivalentClasses(<http://purl.obolibrary.org/obo/OMIABIS_0000060> ObjectAllValuesFrom(<http://purl.obolibrary.org/obo/OBI_0000312> <http://purl.obolibrary.org/obo/OMIABIS_0001035>))
[INFO] 2017-12-02 12:52:24,002 WARN  (ChangeIndexingProcessor:66) [reasoner.indexing.axiomIgnored]ELK does not support ObjectAllValuesFrom. Axiom ignored:
[INFO] EquivalentClasses(<http://purl.obolibrary.org/obo/OMIABIS_0000061> ObjectIntersectionOf(<http://purl.obolibrary.org/obo/OBI_0000011> ObjectSomeValuesFrom(<http://purl.obolibrary.org/obo/OBI_0000299> ObjectIntersectionOf(<http://purl.obolibrary.org/obo/BFO_0000027> ObjectSomeValuesFrom(<http://purl.obolibrary.org/obo/BFO_0000050> <http://purl.obolibrary.org/obo/OMIABIS_0000000>) ObjectAllValuesFrom(<http://purl.obolibrary.org/obo/BFO_0000051> ObjectIntersectionOf(<http://purl.obolibrary.org/obo/OBI_0100051> ObjectSomeValuesFrom(<http://purl.obolibrary.org/obo/RO_0000056> <http://purl.obolibrary.org/obo/OBI_0302893>)))))))
[INFO] 2017-12-02 12:52:24,003 WARN  (ChangeIndexingProcessor:66) [reasoner.indexing.axiomIgnored]ELK does not support ObjectExactCardinality. Axiom ignored:
[INFO] SubClassOf(<http://purl.obolibrary.org/obo/OMIABIS_0001001> ObjectIntersectionOf(<http://purl.obolibrary.org/obo/OBI_0000679> ObjectSomeValuesFrom(<http://purl.obolibrary.org/obo/IAO_0000136> ObjectIntersectionOf(ObjectIntersectionOf(<http://purl.obolibrary.org/obo/IAO_0000109> ObjectSomeValuesFrom(<http://purl.obolibrary.org/obo/IAO_0000136> ObjectIntersectionOf(<http://purl.obolibrary.org/obo/BFO_0000038> ObjectExactCardinality(1 <http://purl.obolibrary.org/obo/BFO_0000156>)))) ObjectSomeValuesFrom(<http://purl.obolibrary.org/obo/BFO_0000050> <http://purl.obolibrary.org/obo/IAO_0000100>)))))
[INFO] 2017-12-02 12:52:24,003 WARN  (ChangeIndexingProcessor:66) [reasoner.indexing.axiomIgnored]ELK does not support ObjectPropertyRange. Axiom ignored:
[INFO] ObjectPropertyRange(<http://purl.obolibrary.org/obo/OBI_0000417> <http://purl.obolibrary.org/obo/IAO_0000005>)
[INFO] 2017-12-02 12:52:24,003 WARN  (ChangeIndexingProcessor:66) [reasoner.indexing.axiomIgnored]ELK does not support ObjectPropertyRange. Axiom ignored:
[INFO] ObjectPropertyRange(<http://purl.obolibrary.org/obo/IAO_0000221> <http://purl.obolibrary.org/obo/BFO_0000019>)
[INFO] 2017-12-02 12:52:24,004 WARN  (ChangeIndexingProcessor:66) [reasoner.indexing.axiomIgnored]ELK does not support ObjectPropertyRange. Axiom ignored:
[INFO] ObjectPropertyRange(<http://purl.obolibrary.org/obo/BFO_0000151> <http://purl.obolibrary.org/obo/BFO_0000006>)
[INFO] 2017-12-02 12:52:24,004 WARN  (ChangeIndexingProcessor:66) [reasoner.indexing.axiomIgnored]ELK does not support ObjectPropertyRange. Axiom ignored:
[INFO] ObjectPropertyRange(<http://purl.obolibrary.org/obo/OBI_0000833> <http://purl.obolibrary.org/obo/OBI_0000011>)
[INFO] 2017-12-02 12:52:24,005 WARN  (ChangeIndexingProcessor:66) [reasoner.indexing.axiomIgnored]ELK does not support ObjectAllValuesFrom. Axiom ignored:
[INFO] EquivalentClasses(<http://purl.obolibrary.org/obo/OMIABIS_0000025> ObjectIntersectionOf(<http://purl.obolibrary.org/obo/OMIABIS_0000021> ObjectSomeValuesFrom(<http://purl.obolibrary.org/obo/OMIABIS_0000042> ObjectIntersectionOf(<http://purl.obolibrary.org/obo/NCBITaxon_9606> ObjectUnionOf(ObjectIntersectionOf(ObjectSomeValuesFrom(<http://purl.obolibrary.org/obo/BFO_0000050> <http://purl.obolibrary.org/obo/BFO_0000027>) ObjectSomeValuesFrom(<http://purl.obolibrary.org/obo/OMIABIS_0000009> ObjectIntersectionOf(<http://purl.obolibrary.org/obo/BFO_0000027> ObjectAllValuesFrom(<http://purl.obolibrary.org/obo/BFO_0000051> <http://purl.obolibrary.org/obo/OBI_0100051>)))) ObjectIntersectionOf(ObjectSomeValuesFrom(<http://purl.obolibrary.org/obo/RO_0000053> <http://purl.obolibrary.org/obo/OMIABIS_0000094>) ObjectSomeValuesFrom(<http://purl.obolibrary.org/obo/RO_0000056> <http://purl.obolibrary.org/obo/OBI_0000471>)))))))
[INFO] 2017-12-02 12:52:24,006 WARN  (ChangeIndexingProcessor:66) [reasoner.indexing.axiomIgnored]ELK does not support ObjectPropertyRange. Axiom ignored:
[INFO] ObjectPropertyRange(<http://purl.obolibrary.org/obo/BFO_0000169> ObjectUnionOf(<http://purl.obolibrary.org/obo/BFO_0000015> <http://purl.obolibrary.org/obo/BFO_0000020> ObjectIntersectionOf(<http://purl.obolibrary.org/obo/BFO_0000004> ObjectComplementOf(<http://purl.obolibrary.org/obo/BFO_0000006>))))
[INFO] 2017-12-02 12:52:24,006 WARN  (ChangeIndexingProcessor:66) [reasoner.indexing.axiomIgnored]ELK does not support InverseObjectProperties. Axiom ignored:
[INFO] InverseObjectProperties(<http://purl.obolibrary.org/obo/BFO_0000054> <http://purl.obolibrary.org/obo/BFO_0000055>)
[INFO] 2017-12-02 12:52:24,007 WARN  (ChangeIndexingProcessor:66) [reasoner.indexing.axiomIgnored]ELK does not support FunctionalObjectProperty. Axiom ignored:
[INFO] FunctionalObjectProperty(<http://purl.obolibrary.org/obo/BFO_0000184>)
[INFO] 2017-12-02 12:52:24,007 WARN  (ChangeIndexingProcessor:66) [reasoner.indexing.axiomIgnored]ELK does not support ObjectPropertyRange. Axiom ignored:
[INFO] ObjectPropertyRange(<http://purl.obolibrary.org/obo/OMIABIS_0000048> ObjectUnionOf(<http://purl.obolibrary.org/obo/NCBITaxon_9606> <http://purl.obolibrary.org/obo/OBI_0000245> <http://purl.obolibrary.org/obo/OMRSE_00000023> <http://purl.obolibrary.org/obo/OMRSE_00000033>))
[INFO] 2017-12-02 12:52:24,008 WARN  (ChangeIndexingProcessor:66) [reasoner.indexing.axiomIgnored]ELK does not support InverseObjectProperties. Axiom ignored:
[INFO] InverseObjectProperties(<http://purl.obolibrary.org/obo/BFO_0000184> <http://purl.obolibrary.org/obo/BFO_0000185>)
[INFO] 2017-12-02 12:52:24,008 WARN  (ChangeIndexingProcessor:66) [reasoner.indexing.axiomIgnored]ELK does not support ObjectPropertyRange. Axiom ignored:
[INFO] ObjectPropertyRange(<http://purl.obolibrary.org/obo/BFO_0000121> <http://purl.obolibrary.org/obo/BFO_0000003>)
[INFO] 2017-12-02 12:52:24,008 WARN  (ChangeIndexingProcessor:66) [reasoner.indexing.axiomIgnored]ELK does not support ObjectPropertyRange. Axiom ignored:
[INFO] ObjectPropertyRange(<http://purl.obolibrary.org/obo/BFO_0000178> <http://purl.obolibrary.org/obo/BFO_0000002>)
[INFO] 2017-12-02 12:52:24,009 WARN  (IndexedObjectUnionOf:92) [reasoner.indexing.IndexedObjectUnionOf]ELK does not support positive occurrences of ObjectUnionOf. Reasoning might be incomplete!
[INFO] 2017-12-02 12:52:24,011 WARN  (ChangeIndexingProcessor:66) [reasoner.indexing.axiomIgnored]ELK does not support ObjectMinCardinality. Axiom ignored:
[INFO] SubClassOf(<http://purl.obolibrary.org/obo/OBI_0001931> ObjectMinCardinality(1 <http://purl.obolibrary.org/obo/IAO_0000039>))
[INFO] 2017-12-02 12:52:24,011 WARN  (ChangeIndexingProcessor:66) [reasoner.indexing.axiomIgnored]ELK does not support ObjectAllValuesFrom. Axiom ignored:
[INFO] SubClassOf(<http://purl.obolibrary.org/obo/OBI_0100067> ObjectAllValuesFrom(<http://purl.obolibrary.org/obo/OBI_0000312> <http://purl.obolibrary.org/obo/OBI_0600044>))
[INFO] 2017-12-02 12:52:24,012 WARN  (ChangeIndexingProcessor:66) [reasoner.indexing.axiomIgnored]ELK does not support InverseObjectProperties. Axiom ignored:
[INFO] InverseObjectProperties(<http://purl.obolibrary.org/obo/BFO_0000050> <http://purl.obolibrary.org/obo/BFO_0000051>)
[INFO] 2017-12-02 12:52:24,013 WARN  (ChangeIndexingProcessor:66) [reasoner.indexing.axiomIgnored]ELK does not support ObjectAllValuesFrom. Axiom ignored:
[INFO] SubClassOf(<http://purl.obolibrary.org/obo/OMIABIS_0000006> ObjectIntersectionOf(<http://purl.obolibrary.org/obo/IAO_0020000> ObjectSomeValuesFrom(<http://purl.obolibrary.org/obo/IAO_0020012> ObjectUnionOf(<http://purl.obolibrary.org/obo/OBI_0000471> ObjectIntersectionOf(<http://purl.obolibrary.org/obo/BFO_0000027> ObjectAllValuesFrom(<http://purl.obolibrary.org/obo/BFO_0000051> <http://purl.obolibrary.org/obo/OBI_0100051>))))))
[INFO] 2017-12-02 12:52:24,014 WARN  (ChangeIndexingProcessor:66) [reasoner.indexing.axiomIgnored]ELK does not support AsymmetricObjectProperty. Axiom ignored:
[INFO] AsymmetricObjectProperty(<http://purl.obolibrary.org/obo/OMIABIS_0000008>)
[INFO] 2017-12-02 12:52:24,014 WARN  (ChangeIndexingProcessor:66) [reasoner.indexing.axiomIgnored]ELK does not support FunctionalObjectProperty. Axiom ignored:
[INFO] FunctionalObjectProperty(<http://purl.obolibrary.org/obo/BFO_0000185>)
[INFO] 2017-12-02 12:52:24,014 WARN  (ChangeIndexingProcessor:66) [reasoner.indexing.axiomIgnored]ELK does not support InverseObjectProperties. Axiom ignored:
[INFO] InverseObjectProperties(<http://purl.obolibrary.org/obo/BFO_0000125> <http://purl.obolibrary.org/obo/BFO_0000169>)
[INFO] 2017-12-02 12:52:24,014 WARN  (ChangeIndexingProcessor:66) [reasoner.indexing.axiomIgnored]ELK does not support AsymmetricObjectProperty. Axiom ignored:
[INFO] AsymmetricObjectProperty(<http://purl.obolibrary.org/obo/OMIABIS_0000009>)
[INFO] 2017-12-02 12:52:24,015 WARN  (ChangeIndexingProcessor:66) [reasoner.indexing.axiomIgnored]ELK does not support ObjectAllValuesFrom. Axiom ignored:
[INFO] EquivalentClasses(<http://purl.obolibrary.org/obo/OMIABIS_0000044> ObjectIntersectionOf(<http://purl.obolibrary.org/obo/OMIABIS_0000026> ObjectSomeValuesFrom(<http://purl.obolibrary.org/obo/BFO_0000050> ObjectIntersectionOf(<http://purl.obolibrary.org/obo/IAO_0000422> ObjectSomeValuesFrom(<http://purl.obolibrary.org/obo/OMIABIS_0000042> ObjectIntersectionOf(<http://purl.obolibrary.org/obo/NCBITaxon_9606> ObjectUnionOf(ObjectIntersectionOf(ObjectSomeValuesFrom(<http://purl.obolibrary.org/obo/BFO_0000050> <http://purl.obolibrary.org/obo/BFO_0000027>) ObjectSomeValuesFrom(<http://purl.obolibrary.org/obo/OMIABIS_0000009> ObjectIntersectionOf(<http://purl.obolibrary.org/obo/BFO_0000027> ObjectAllValuesFrom(<http://purl.obolibrary.org/obo/BFO_0000051> <http://purl.obolibrary.org/obo/OBI_0100051>)))) ObjectIntersectionOf(ObjectSomeValuesFrom(<http://purl.obolibrary.org/obo/RO_0000053> <http://purl.obolibrary.org/obo/OMIABIS_0000094>) ObjectSomeValuesFrom(<http://purl.obolibrary.org/obo/RO_0000056> <http://purl.obolibrary.org/obo/OBI_0000471>)))))))))
[INFO] 2017-12-02 12:52:24,015 WARN  (ChangeIndexingProcessor:66) [reasoner.indexing.axiomIgnored]ELK does not support ObjectPropertyRange. Axiom ignored:
[INFO] ObjectPropertyRange(<http://purl.obolibrary.org/obo/BFO_0000117> <http://purl.obolibrary.org/obo/BFO_0000003>)
[INFO] 2017-12-02 12:52:24,017 WARN  (ChangeIndexingProcessor:66) [reasoner.indexing.axiomIgnored]ELK does not support DataPropertyDomain. Axiom ignored:
[INFO] DataPropertyDomain(<http://purl.obolibrary.org/obo/OBI_0001937> <http://purl.obolibrary.org/obo/OBI_0001933>)
[INFO] 2017-12-02 12:52:24,018 WARN  (ChangeIndexingProcessor:66) [reasoner.indexing.axiomIgnored]ELK does not support InverseObjectProperties. Axiom ignored:
[INFO] InverseObjectProperties(<http://purl.obolibrary.org/obo/BFO_0000058> <http://purl.obolibrary.org/obo/BFO_0000059>)
[INFO] 2017-12-02 12:52:24,018 WARN  (IndexedObjectUnionOf:92) [reasoner.indexing.IndexedObjectUnionOf]ELK does not support positive occurrences of ObjectUnionOf. Reasoning might be incomplete!
[INFO] 2017-12-02 12:52:24,019 WARN  (ChangeIndexingProcessor:66) [reasoner.indexing.axiomIgnored]ELK does not support InverseObjectProperties. Axiom ignored:
[INFO] InverseObjectProperties(<http://purl.obolibrary.org/obo/BFO_0000110> <http://purl.obolibrary.org/obo/BFO_0000186>)
[INFO] 2017-12-02 12:52:24,020 WARN  (ChangeIndexingProcessor:66) [reasoner.indexing.axiomIgnored]ELK does not support ObjectExactCardinality. Axiom ignored:
[INFO] EquivalentClasses(<http://purl.obolibrary.org/obo/GEO_000000004> ObjectIntersectionOf(<http://purl.obolibrary.org/obo/GEO_000000400> ObjectExactCardinality(1 <http://purl.obolibrary.org/obo/GEO_000000012>)))
[INFO] 2017-12-02 12:52:24,020 WARN  (ChangeIndexingProcessor:66) [reasoner.indexing.axiomIgnored]ELK does not support FunctionalObjectProperty. Axiom ignored:
[INFO] FunctionalObjectProperty(<http://purl.obolibrary.org/obo/IAO_0000581>)
[INFO] 2017-12-02 12:52:24,021 WARN  (ChangeIndexingProcessor:66) [reasoner.indexing.axiomIgnored]ELK does not support ObjectPropertyRange. Axiom ignored:
[INFO] ObjectPropertyRange(<http://purl.obolibrary.org/obo/BFO_0000125> ObjectUnionOf(<http://purl.obolibrary.org/obo/BFO_0000015> <http://purl.obolibrary.org/obo/BFO_0000020>))
[INFO] 2017-12-02 12:52:24,021 WARN  (IndexedObjectUnionOf:92) [reasoner.indexing.IndexedObjectUnionOf]ELK does not support positive occurrences of ObjectUnionOf. Reasoning might be incomplete!
[INFO] 2017-12-02 12:52:24,022 WARN  (IndexedObjectUnionOf:92) [reasoner.indexing.IndexedObjectUnionOf]ELK does not support positive occurrences of ObjectUnionOf. Reasoning might be incomplete!
[INFO] 2017-12-02 12:52:24,022 WARN  (ChangeIndexingProcessor:66) [reasoner.indexing.axiomIgnored]ELK does not support ObjectPropertyRange. Axiom ignored:
[INFO] ObjectPropertyRange(<http://purl.obolibrary.org/obo/BFO_0000152> <http://purl.obolibrary.org/obo/BFO_0000011>)
[INFO] 2017-12-02 12:52:24,023 WARN  (IndexedObjectUnionOf:92) [reasoner.indexing.IndexedObjectUnionOf]ELK does not support positive occurrences of ObjectUnionOf. Reasoning might be incomplete!
[INFO] 2017-12-02 12:52:24,023 WARN  (ChangeIndexingProcessor:66) [reasoner.indexing.axiomIgnored]ELK does not support ObjectExactCardinality. Axiom ignored:
[INFO] SubClassOf(<http://purl.obolibrary.org/obo/APOLLO_SV_00000085> ObjectIntersectionOf(<http://purl.obolibrary.org/obo/IAO_0000100> ObjectSomeValuesFrom(<http://purl.obolibrary.org/obo/BFO_0000051> ObjectIntersectionOf(<http://purl.obolibrary.org/obo/IAO_0000109> ObjectSomeValuesFrom(<http://purl.obolibrary.org/obo/IAO_0000136> ObjectIntersectionOf(<http://purl.obolibrary.org/obo/BFO_0000038> ObjectExactCardinality(1 <http://purl.obolibrary.org/obo/BFO_0000156>)))))))
[INFO] 2017-12-02 12:52:24,023 WARN  (ChangeIndexingProcessor:66) [reasoner.indexing.axiomIgnored]ELK does not support ObjectPropertyRange. Axiom ignored:
[INFO] ObjectPropertyRange(<http://purl.obolibrary.org/obo/BFO_0000118> <http://purl.obolibrary.org/obo/BFO_0000003>)
[INFO] 2017-12-02 12:52:24,024 WARN  (ChangeIndexingProcessor:66) [reasoner.indexing.axiomIgnored]ELK does not support ObjectAllValuesFrom. Axiom ignored:
[INFO] EquivalentClasses(<http://purl.obolibrary.org/obo/OMIABIS_0000000> ObjectIntersectionOf(<http://purl.obolibrary.org/obo/BFO_0000027> ObjectSomeValuesFrom(<http://purl.obolibrary.org/obo/BFO_0000051> ObjectIntersectionOf(<http://purl.obolibrary.org/obo/BFO_0000027> ObjectAllValuesFrom(<http://purl.obolibrary.org/obo/BFO_0000051> ObjectIntersectionOf(<http://purl.obolibrary.org/obo/OBI_0100051> ObjectSomeValuesFrom(<http://purl.obolibrary.org/obo/RO_0000056> <http://purl.obolibrary.org/obo/OBI_0302893>))))) ObjectSomeValuesFrom(<http://purl.obolibrary.org/obo/BFO_0000051> ObjectIntersectionOf(<http://purl.obolibrary.org/obo/IAO_0000178> ObjectSomeValuesFrom(<http://purl.obolibrary.org/obo/RO_0000056> ObjectIntersectionOf(<http://purl.obolibrary.org/obo/OBI_0302914> ObjectSomeValuesFrom(<http://purl.obolibrary.org/obo/OBI_0000299> ObjectIntersectionOf(<http://purl.obolibrary.org/obo/IAO_0000100> ObjectSomeValuesFrom(<http://purl.obolibrary.org/obo/IAO_0000136> ObjectIntersectionOf(<http://purl.obolibrary.org/obo/BFO_0000027> ObjectAllValuesFrom(<http://purl.obolibrary.org/obo/BFO_0000051> <http://purl.obolibrary.org/obo/OBI_0100051>))))))))) ObjectSomeValuesFrom(<http://purl.obolibrary.org/obo/OMIABIS_0000048> <http://purl.obolibrary.org/obo/OMIABIS_0000010>)))
[INFO] 2017-12-02 12:52:24,024 WARN  (ChangeIndexingProcessor:66) [reasoner.indexing.axiomIgnored]ELK does not support ObjectPropertyRange. Axiom ignored:
[INFO] ObjectPropertyRange(<http://purl.obolibrary.org/obo/BFO_0000153> <http://purl.obolibrary.org/obo/BFO_0000008>)
[INFO] 2017-12-02 12:52:24,025 INFO  (LoggingStageExecutor:103) Loading of Axioms took 299 ms
[INFO] 2017-12-02 12:52:24,025 INFO  (LoggingStageExecutor:70) Property Saturation Initialization started
[INFO] 2017-12-02 12:52:24,027 INFO  (AbstractReasonerStage:161) Property Saturation Initialization using 64 workers
[INFO] 2017-12-02 12:52:24,028 INFO  (LoggingStageExecutor:103) Property Saturation Initialization took 3 ms
[INFO] 2017-12-02 12:52:24,028 INFO  (LoggingStageExecutor:70) Reflexive Property Computation started
[INFO] 2017-12-02 12:52:24,046 INFO  (AbstractReasonerStage:161) Reflexive Property Computation using 64 workers
[INFO] 2017-12-02 12:52:24,065 INFO  (LoggingStageExecutor:103) Reflexive Property Computation took 36 ms
[INFO] 2017-12-02 12:52:24,066 INFO  (LoggingStageExecutor:70) Object Property Hierarchy and Composition Computation started
[INFO] 2017-12-02 12:52:24,078 INFO  (AbstractReasonerStage:161) Object Property Hierarchy and Composition Computation using 64 workers
[INFO] 2017-12-02 12:52:24,135 INFO  (LoggingStageExecutor:103) Object Property Hierarchy and Composition Computation took 69 ms
[INFO] 2017-12-02 12:52:24,135 INFO  (LoggingStageExecutor:70) Context Initialization started
[INFO] 2017-12-02 12:52:24,138 INFO  (AbstractReasonerStage:161) Context Initialization using 64 workers
[INFO] 2017-12-02 12:52:24,143 INFO  (LoggingStageExecutor:103) Context Initialization took 7 ms
[INFO] 2017-12-02 12:52:24,144 INFO  (LoggingStageExecutor:70) Consistency Checking started
[INFO] 2017-12-02 12:52:24,161 INFO  (AbstractReasonerStage:161) Consistency Checking using 64 workers
[INFO] 2017-12-02 12:52:24,226 INFO  (LoggingStageExecutor:103) Consistency Checking took 82 ms
[INFO] 2017-12-02 12:52:24,227 INFO  (LoggingStageExecutor:70) Class Taxonomy Computation started
[INFO] 2017-12-02 12:52:24,248 INFO  (AbstractReasonerStage:161) Class Taxonomy Computation using 64 workers
[INFO] 2017-12-02 12:52:24,313 INFO  (LoggingStageExecutor:103) Class Taxonomy Computation took 85 ms
[INFO] E: owl:Nothing owl:Nothing
[INFO] 2017-12-02 12:52:24,318 INFO  (CommandRunnerBase:78) disposing of org.semanticweb.elk.owlapi.ElkReasoner@60d1a32f
[INFO] 2017-12-02 12:52:24,324 INFO  (Reasoner:231) ELK reasoner has shut down
[INFO] 2017-12-02 12:52:24,324 INFO  (CommandRunnerBase:70) disposing of org.semanticweb.elk.owlapi.ElkReasoner@60d1a32f
[INFO] ------------------------------------------------------------------------
[INFO] BUILD SUCCESS
[INFO] ------------------------------------------------------------------------
[INFO] Total time: 6.758 s
[INFO] Finished at: 2017-12-02T12:52:24-07:00
[INFO] Final Memory: 21M/1963M
[INFO] ------------------------------------------------------------------------
Sat Dec  2 12:52:24 MST 2017
