Sat Dec  2 12:52:15 MST 2017
Querying for incoherent classes in: /scratch/Shares/hunter/obo-ci/data-all/base/ontologies/omp/omp_flat.owl
[INFO] Error stacktraces are turned on.
[INFO] Scanning for projects...
[INFO]                                                                         
[INFO] ------------------------------------------------------------------------
[INFO] Building incoherent-query 1.0
[INFO] ------------------------------------------------------------------------
[INFO] 
[INFO] --- exec-maven-plugin:1.1:exec (default-cli) @ incoherent-query ---
[INFO] /bin/sh: module: line 1: syntax error: unexpected end of file
[INFO] /bin/sh: error importing function definition for `BASH_FUNC_module'
[INFO] 2017-12-02 12:52:22,627 INFO  (ParserWrapper:75) Start loading ontology: file:/scratch/Shares/hunter/obo-ci/data-all/base/ontologies/omp/omp_flat.owl from: file:/scratch/Shares/hunter/obo-ci/data-all/base/ontologies/omp/omp_flat.owl
[INFO] 2017-12-02 12:52:26,756 INFO  (ParserWrapper:82) Finished loading ontology: http://purl.obolibrary.org/obo/omp.owl from: file:/scratch/Shares/hunter/obo-ci/data-all/base/ontologies/omp/omp_flat.owl
[INFO] # PARSING: <http://www.w3.org/2002/07/owl#Nothing>
[INFO] 2017-12-02 12:52:26,897 INFO  (ManchesterSyntaxTool:130) parsing: <http://www.w3.org/2002/07/owl#Nothing>
[INFO] # QUERY: owl:Nothing owl:Nothing
[INFO] 2017-12-02 12:52:26,980 INFO  (ConfigurationFactory:83) Loading default configuration parameters for class org.semanticweb.elk.reasoner.config.ReasonerConfiguration
[INFO] 2017-12-02 12:52:27,465 INFO  (Reasoner:117) ELK reasoner was created
[INFO] 2017-12-02 12:52:27,471 INFO  (CommandRunner:6042) Created reasoner: org.semanticweb.elk.owlapi.ElkReasoner@57eda880
[INFO] 2017-12-02 12:52:27,475 INFO  (LoggingStageExecutor:70) Loading of Axioms started
[INFO] 2017-12-02 12:52:27,485 INFO  (AbstractReasonerStage:161) Loading of Axioms using 64 workers
[INFO] 2017-12-02 12:52:27,540 WARN  (ChangeIndexingProcessor:66) [reasoner.indexing.axiomIgnored]ELK does not support ObjectPropertyRange. Axiom ignored:
[INFO] ObjectPropertyRange(<http://purl.obolibrary.org/obo/omp#increased_in_magnitude_relative_to> <http://purl.obolibrary.org/obo/PATO_0000001>)
[INFO] 2017-12-02 12:52:27,554 WARN  (ChangeIndexingProcessor:66) [reasoner.indexing.axiomIgnored]ELK does not support ObjectPropertyRange. Axiom ignored:
[INFO] ObjectPropertyRange(<http://purl.obolibrary.org/obo/omp#inversely_associated_with> <http://purl.obolibrary.org/obo/PATO_0000001>)
[INFO] 2017-12-02 12:52:27,566 WARN  (ChangeIndexingProcessor:66) [reasoner.indexing.axiomIgnored]ELK does not support ObjectPropertyRange. Axiom ignored:
[INFO] ObjectPropertyRange(<http://purl.obolibrary.org/obo/omp#has_divisor_quality> <http://purl.obolibrary.org/obo/PATO_0000001>)
[INFO] 2017-12-02 12:52:27,579 WARN  (ChangeIndexingProcessor:66) [reasoner.indexing.axiomIgnored]ELK does not support ObjectPropertyRange. Axiom ignored:
[INFO] ObjectPropertyRange(<http://purl.obolibrary.org/obo/omp#decreased_in_magnitude_relative_to> <http://purl.obolibrary.org/obo/PATO_0000001>)
[INFO] 2017-12-02 12:52:27,583 WARN  (ChangeIndexingProcessor:66) [reasoner.indexing.axiomIgnored]ELK does not support ObjectPropertyRange. Axiom ignored:
[INFO] ObjectPropertyRange(<http://purl.obolibrary.org/obo/omp#has_ratio_quality> <http://purl.obolibrary.org/obo/PATO_0000001>)
[INFO] 2017-12-02 12:52:27,610 WARN  (ChangeIndexingProcessor:66) [reasoner.indexing.axiomIgnored]ELK does not support ObjectPropertyRange. Axiom ignored:
[INFO] ObjectPropertyRange(<http://purl.obolibrary.org/obo/omp#similar_in_magnitude_relative_to> <http://purl.obolibrary.org/obo/PATO_0000001>)
[INFO] 2017-12-02 12:52:27,613 WARN  (ChangeIndexingProcessor:66) [reasoner.indexing.axiomIgnored]ELK does not support ObjectPropertyRange. Axiom ignored:
[INFO] ObjectPropertyRange(<http://purl.obolibrary.org/obo/omp#directly_associated_with> <http://purl.obolibrary.org/obo/PATO_0000001>)
[INFO] 2017-12-02 12:52:27,618 WARN  (ChangeIndexingProcessor:66) [reasoner.indexing.axiomIgnored]ELK does not support ObjectPropertyRange. Axiom ignored:
[INFO] ObjectPropertyRange(<http://purl.obolibrary.org/obo/omp#different_in_magnitude_relative_to> <http://purl.obolibrary.org/obo/PATO_0000001>)
[INFO] 2017-12-02 12:52:27,621 WARN  (ChangeIndexingProcessor:66) [reasoner.indexing.axiomIgnored]ELK does not support ObjectPropertyRange. Axiom ignored:
[INFO] ObjectPropertyRange(<http://purl.obolibrary.org/obo/omp#has_dividend_quality> <http://purl.obolibrary.org/obo/PATO_0000001>)
[INFO] 2017-12-02 12:52:27,626 INFO  (LoggingStageExecutor:103) Loading of Axioms took 145 ms
[INFO] 2017-12-02 12:52:27,626 INFO  (LoggingStageExecutor:70) Property Saturation Initialization started
[INFO] 2017-12-02 12:52:27,629 INFO  (AbstractReasonerStage:161) Property Saturation Initialization using 64 workers
[INFO] 2017-12-02 12:52:27,629 INFO  (LoggingStageExecutor:103) Property Saturation Initialization took 2 ms
[INFO] 2017-12-02 12:52:27,629 INFO  (LoggingStageExecutor:70) Reflexive Property Computation started
[INFO] 2017-12-02 12:52:27,649 INFO  (AbstractReasonerStage:161) Reflexive Property Computation using 64 workers
[INFO] 2017-12-02 12:52:27,679 INFO  (LoggingStageExecutor:103) Reflexive Property Computation took 49 ms
[INFO] 2017-12-02 12:52:27,680 INFO  (LoggingStageExecutor:70) Object Property Hierarchy and Composition Computation started
[INFO] 2017-12-02 12:52:27,686 INFO  (AbstractReasonerStage:161) Object Property Hierarchy and Composition Computation using 64 workers
[INFO] 2017-12-02 12:52:27,779 INFO  (LoggingStageExecutor:103) Object Property Hierarchy and Composition Computation took 98 ms
[INFO] 2017-12-02 12:52:27,780 INFO  (LoggingStageExecutor:70) Context Initialization started
[INFO] 2017-12-02 12:52:27,782 INFO  (AbstractReasonerStage:161) Context Initialization using 64 workers
[INFO] 2017-12-02 12:52:27,788 INFO  (LoggingStageExecutor:103) Context Initialization took 8 ms
[INFO] 2017-12-02 12:52:27,788 INFO  (LoggingStageExecutor:70) Consistency Checking started
[INFO] 2017-12-02 12:52:27,798 INFO  (AbstractReasonerStage:161) Consistency Checking using 64 workers
[INFO] 2017-12-02 12:52:27,845 INFO  (LoggingStageExecutor:103) Consistency Checking took 56 ms
[INFO] 2017-12-02 12:52:27,846 INFO  (LoggingStageExecutor:70) Class Taxonomy Computation started
[INFO] 2017-12-02 12:52:27,875 INFO  (AbstractReasonerStage:161) Class Taxonomy Computation using 64 workers
[INFO] 2017-12-02 12:52:27,995 INFO  (LoggingStageExecutor:103) Class Taxonomy Computation took 148 ms
[INFO] E: owl:Nothing owl:Nothing
[INFO] 2017-12-02 12:52:28,001 INFO  (CommandRunnerBase:78) disposing of org.semanticweb.elk.owlapi.ElkReasoner@57eda880
[INFO] 2017-12-02 12:52:28,008 INFO  (Reasoner:231) ELK reasoner has shut down
[INFO] 2017-12-02 12:52:28,009 INFO  (CommandRunnerBase:70) disposing of org.semanticweb.elk.owlapi.ElkReasoner@57eda880
[INFO] ------------------------------------------------------------------------
[INFO] BUILD SUCCESS
[INFO] ------------------------------------------------------------------------
[INFO] Total time: 10.794 s
[INFO] Finished at: 2017-12-02T12:52:28-07:00
[INFO] Final Memory: 21M/1963M
[INFO] ------------------------------------------------------------------------
Sat Dec  2 12:52:28 MST 2017
