Sat Dec  2 12:52:15 MST 2017
Querying for incoherent classes in: /scratch/Shares/hunter/obo-ci/data-all/base/ontologies/omrse/omrse_flat.owl
[INFO] Error stacktraces are turned on.
[INFO] Scanning for projects...
[INFO]                                                                         
[INFO] ------------------------------------------------------------------------
[INFO] Building incoherent-query 1.0
[INFO] ------------------------------------------------------------------------
[INFO] 
[INFO] --- exec-maven-plugin:1.1:exec (default-cli) @ incoherent-query ---
[INFO] /bin/sh: module: line 1: syntax error: unexpected end of file
[INFO] /bin/sh: error importing function definition for `BASH_FUNC_module'
[INFO] 2017-12-02 12:52:22,680 INFO  (ParserWrapper:75) Start loading ontology: file:/scratch/Shares/hunter/obo-ci/data-all/base/ontologies/omrse/omrse_flat.owl from: file:/scratch/Shares/hunter/obo-ci/data-all/base/ontologies/omrse/omrse_flat.owl
[INFO] 2017-12-02 12:52:24,481 INFO  (ParserWrapper:82) Finished loading ontology: http://purl.obolibrary.org/obo/omrse.owl from: file:/scratch/Shares/hunter/obo-ci/data-all/base/ontologies/omrse/omrse_flat.owl
[INFO] # PARSING: <http://www.w3.org/2002/07/owl#Nothing>
[INFO] 2017-12-02 12:52:24,694 INFO  (ManchesterSyntaxTool:130) parsing: <http://www.w3.org/2002/07/owl#Nothing>
[INFO] # QUERY: owl:Nothing owl:Nothing
[INFO] 2017-12-02 12:52:24,809 INFO  (ConfigurationFactory:83) Loading default configuration parameters for class org.semanticweb.elk.reasoner.config.ReasonerConfiguration
[INFO] 2017-12-02 12:52:25,559 INFO  (Reasoner:117) ELK reasoner was created
[INFO] 2017-12-02 12:52:25,564 INFO  (CommandRunner:6042) Created reasoner: org.semanticweb.elk.owlapi.ElkReasoner@3b77a04f
[INFO] 2017-12-02 12:52:25,568 INFO  (LoggingStageExecutor:70) Loading of Axioms started
[INFO] 2017-12-02 12:52:25,596 INFO  (AbstractReasonerStage:161) Loading of Axioms using 64 workers
[INFO] 2017-12-02 12:52:25,682 WARN  (ChangeIndexingProcessor:66) [reasoner.indexing.axiomIgnored]ELK does not support ObjectInverseOf. Axiom ignored:
[INFO] SubClassOf(<http://purl.obolibrary.org/obo/IAO_0020022> ObjectIntersectionOf(ObjectSomeValuesFrom(<http://purl.obolibrary.org/obo/BFO_0000051> <http://purl.obolibrary.org/obo/IAO_0000030>) ObjectSomeValuesFrom(ObjectInverseOf(<http://purl.obolibrary.org/obo/IAO_0000136>) <http://purl.obolibrary.org/obo/IAO_0020021>) ObjectAllValuesFrom(<http://purl.obolibrary.org/obo/BFO_0000051> <http://purl.obolibrary.org/obo/IAO_0000030>)))
[INFO] 2017-12-02 12:52:25,707 WARN  (ChangeIndexingProcessor:66) [reasoner.indexing.axiomIgnored]ELK does not support DataMinCardinality . Axiom ignored:
[INFO] SubClassOf(<http://purl.obolibrary.org/obo/IAO_0000402> DataExactCardinality(1 <http://purl.obolibrary.org/obo/IAO_0000406>))
[INFO] 2017-12-02 12:52:25,718 WARN  (ChangeIndexingProcessor:66) [reasoner.indexing.axiomIgnored]ELK does not support ObjectAllValuesFrom. Axiom ignored:
[INFO] SubClassOf(<http://purl.obolibrary.org/obo/OMRSE_00000019> ObjectSomeValuesFrom(<http://purl.obolibrary.org/obo/RO_0000052> ObjectIntersectionOf(<http://purl.obolibrary.org/obo/OBI_0000245> ObjectAllValuesFrom(<http://purl.obolibrary.org/obo/OBI_0001688> <http://purl.obolibrary.org/obo/OBI_0000245>))))
[INFO] 2017-12-02 12:52:25,721 WARN  (ChangeIndexingProcessor:66) [reasoner.indexing.axiomIgnored]ELK does not support InverseObjectProperties. Axiom ignored:
[INFO] InverseObjectProperties(<http://purl.obolibrary.org/obo/BFO_0000066> <http://purl.obolibrary.org/obo/BFO_0000067>)
[INFO] 2017-12-02 12:52:25,730 WARN  (ChangeIndexingProcessor:66) [reasoner.indexing.axiomIgnored]ELK does not support DataPropertyRange. Axiom ignored:
[INFO] DataPropertyRange(<http://purl.obolibrary.org/obo/OMRSE_00000136> <http://www.w3.org/2001/XMLSchema#string>)
[INFO] 2017-12-02 12:52:25,731 WARN  (ChangeIndexingProcessor:66) [reasoner.indexing.axiomIgnored]ELK does not support InverseObjectProperties. Axiom ignored:
[INFO] InverseObjectProperties(<http://purl.obolibrary.org/obo/RO_0001000> <http://purl.obolibrary.org/obo/RO_0001001>)
[INFO] 2017-12-02 12:52:25,732 WARN  (ChangeIndexingProcessor:66) [reasoner.indexing.axiomIgnored]ELK does not support InverseObjectProperties. Axiom ignored:
[INFO] InverseObjectProperties(<http://purl.obolibrary.org/obo/OMIABIS_0000009> <http://purl.obolibrary.org/obo/OMRSE_00000068>)
[INFO] 2017-12-02 12:52:25,735 WARN  (ChangeIndexingProcessor:66) [reasoner.indexing.axiomIgnored]ELK does not support ObjectPropertyRange. Axiom ignored:
[INFO] ObjectPropertyRange(<http://purl.obolibrary.org/obo/OMRSE_00000071> <http://purl.obolibrary.org/obo/OMRSE_00000056>)
[INFO] 2017-12-02 12:52:25,786 WARN  (ChangeIndexingProcessor:66) [reasoner.indexing.axiomIgnored]ELK does not support AsymmetricObjectProperty. Axiom ignored:
[INFO] AsymmetricObjectProperty(<http://purl.obolibrary.org/obo/OMRSE_00000070>)
[INFO] 2017-12-02 12:52:25,788 WARN  (ChangeIndexingProcessor:66) [reasoner.indexing.axiomIgnored]ELK does not support ObjectPropertyRange. Axiom ignored:
[INFO] ObjectPropertyRange(<http://purl.obolibrary.org/obo/IAO_0000039> <http://purl.obolibrary.org/obo/IAO_0000003>)
[INFO] 2017-12-02 12:52:25,790 WARN  (ChangeIndexingProcessor:66) [reasoner.indexing.axiomIgnored]ELK does not support ObjectAllValuesFrom. Axiom ignored:
[INFO] SubClassOf(<http://purl.obolibrary.org/obo/OMRSE_00000051> ObjectAllValuesFrom(<http://purl.obolibrary.org/obo/RO_0000052> <http://purl.obolibrary.org/obo/OBI_0000245>))
[INFO] 2017-12-02 12:52:25,795 WARN  (ChangeIndexingProcessor:66) [reasoner.indexing.axiomIgnored]ELK does not support DataPropertyDomain. Axiom ignored:
[INFO] DataPropertyDomain(<http://purl.obolibrary.org/obo/IAO_0000405> <http://purl.obolibrary.org/obo/IAO_0000400>)
[INFO] 2017-12-02 12:52:25,796 WARN  (ChangeIndexingProcessor:66) [reasoner.indexing.axiomIgnored]ELK does not support ObjectAllValuesFrom. Axiom ignored:
[INFO] SubClassOf(<http://purl.obolibrary.org/obo/OMRSE_00000049> ObjectAllValuesFrom(<http://purl.obolibrary.org/obo/RO_0000052> <http://purl.obolibrary.org/obo/OBI_0100026>))
[INFO] 2017-12-02 12:52:25,796 WARN  (ChangeIndexingProcessor:66) [reasoner.indexing.axiomIgnored]ELK does not support ObjectPropertyRange. Axiom ignored:
[INFO] ObjectPropertyRange(<http://purl.obolibrary.org/obo/OMRSE_00000070> <http://purl.obolibrary.org/obo/OMRSE_00000057>)
[INFO] 2017-12-02 12:52:25,798 WARN  (ChangeIndexingProcessor:66) [reasoner.indexing.axiomIgnored]ELK does not support ObjectAllValuesFrom. Axiom ignored:
[INFO] SubClassOf(<http://purl.obolibrary.org/obo/OMRSE_00000048> ObjectAllValuesFrom(<http://purl.obolibrary.org/obo/RO_0000052> <http://purl.obolibrary.org/obo/BFO_0000040>))
[INFO] 2017-12-02 12:52:25,802 WARN  (IndexedObjectUnionOf:92) [reasoner.indexing.IndexedObjectUnionOf]ELK does not support positive occurrences of ObjectUnionOf. Reasoning might be incomplete!
[INFO] 2017-12-02 12:52:25,803 WARN  (ChangeIndexingProcessor:66) [reasoner.indexing.axiomIgnored]ELK does not support ObjectAllValuesFrom. Axiom ignored:
[INFO] SubClassOf(<http://purl.obolibrary.org/obo/IAO_0021022> ObjectIntersectionOf(ObjectSomeValuesFrom(<http://purl.obolibrary.org/obo/RO_0000052> ObjectUnionOf(<http://purl.obolibrary.org/obo/NCBITaxon_9606> <http://purl.obolibrary.org/obo/OBI_0000245> <http://purl.obolibrary.org/obo/OMRSE_00000023> <http://purl.obolibrary.org/obo/OMRSE_00000033>)) ObjectAllValuesFrom(<http://purl.obolibrary.org/obo/BFO_0000054> <http://purl.obolibrary.org/obo/IAO_0021005>)))
[INFO] 2017-12-02 12:52:25,806 WARN  (ChangeIndexingProcessor:66) [reasoner.indexing.axiomIgnored]ELK does not support ObjectOneOf. Axiom ignored:
[INFO] EquivalentClasses(<http://purl.obolibrary.org/obo/IAO_0000078> ObjectOneOf(<http://purl.obolibrary.org/obo/IAO_0000428> <http://purl.obolibrary.org/obo/IAO_0000423> <http://purl.obolibrary.org/obo/IAO_0000124> <http://purl.obolibrary.org/obo/IAO_0000125> <http://purl.obolibrary.org/obo/IAO_0000122> <http://purl.obolibrary.org/obo/IAO_0000002> <http://purl.obolibrary.org/obo/IAO_0000123> <http://purl.obolibrary.org/obo/IAO_0000120> <http://purl.obolibrary.org/obo/IAO_0000121>))
[INFO] 2017-12-02 12:52:25,817 WARN  (IndexedObjectUnionOf:92) [reasoner.indexing.IndexedObjectUnionOf]ELK does not support positive occurrences of ObjectUnionOf. Reasoning might be incomplete!
[INFO] 2017-12-02 12:52:25,818 WARN  (ChangeIndexingProcessor:66) [reasoner.indexing.axiomIgnored]ELK does not support DataMinCardinality . Axiom ignored:
[INFO] SubClassOf(<http://purl.obolibrary.org/obo/IAO_0000403> DataExactCardinality(1 <http://purl.obolibrary.org/obo/IAO_0000406>))
[INFO] 2017-12-02 12:52:25,830 WARN  (ChangeIndexingProcessor:66) [reasoner.indexing.axiomIgnored]ELK does not support ObjectPropertyRange. Axiom ignored:
[INFO] ObjectPropertyRange(<http://purl.obolibrary.org/obo/RO_0000059> <http://purl.obolibrary.org/obo/BFO_0000031>)
[INFO] 2017-12-02 12:52:25,833 WARN  (IndexedObjectUnionOf:92) [reasoner.indexing.IndexedObjectUnionOf]ELK does not support positive occurrences of ObjectUnionOf. Reasoning might be incomplete!
[INFO] 2017-12-02 12:52:25,833 WARN  (ChangeIndexingProcessor:66) [reasoner.indexing.axiomIgnored]ELK does not support ObjectAllValuesFrom. Axiom ignored:
[INFO] SubClassOf(<http://purl.obolibrary.org/obo/OMRSE_00000038> ObjectIntersectionOf(ObjectSomeValuesFrom(<http://purl.obolibrary.org/obo/RO_0000052> ObjectUnionOf(<http://purl.obolibrary.org/obo/NCBITaxon_9606> <http://purl.obolibrary.org/obo/OMRSE_00000023>)) ObjectAllValuesFrom(<http://purl.obolibrary.org/obo/RO_0000052> ObjectUnionOf(<http://purl.obolibrary.org/obo/NCBITaxon_9606> <http://purl.obolibrary.org/obo/OMRSE_00000023>))))
[INFO] 2017-12-02 12:52:25,836 WARN  (ChangeIndexingProcessor:66) [reasoner.indexing.axiomIgnored]ELK does not support FunctionalObjectProperty. Axiom ignored:
[INFO] FunctionalObjectProperty(<http://purl.obolibrary.org/obo/IAO_0000039>)
[INFO] 2017-12-02 12:52:25,839 WARN  (ChangeIndexingProcessor:66) [reasoner.indexing.axiomIgnored]ELK does not support ObjectMinCardinality. Axiom ignored:
[INFO] SubClassOf(<http://purl.obolibrary.org/obo/IAO_0000032> ObjectMinCardinality(1 <http://purl.obolibrary.org/obo/IAO_0000039>))
[INFO] 2017-12-02 12:52:25,840 WARN  (IndexedObjectUnionOf:92) [reasoner.indexing.IndexedObjectUnionOf]ELK does not support positive occurrences of ObjectUnionOf. Reasoning might be incomplete!
[INFO] 2017-12-02 12:52:25,841 WARN  (ChangeIndexingProcessor:66) [reasoner.indexing.axiomIgnored]ELK does not support ObjectAllValuesFrom. Axiom ignored:
[INFO] SubClassOf(<http://purl.obolibrary.org/obo/OMRSE_00000002> ObjectIntersectionOf(ObjectSomeValuesFrom(<http://purl.obolibrary.org/obo/RO_0000052> ObjectUnionOf(<http://purl.obolibrary.org/obo/NCBITaxon_9606> <http://purl.obolibrary.org/obo/OBI_0000245>)) ObjectAllValuesFrom(<http://purl.obolibrary.org/obo/RO_0000052> ObjectUnionOf(<http://purl.obolibrary.org/obo/NCBITaxon_9606> <http://purl.obolibrary.org/obo/OBI_0000245>))))
[INFO] 2017-12-02 12:52:25,841 WARN  (ChangeIndexingProcessor:66) [reasoner.indexing.axiomIgnored]ELK does not support ObjectPropertyRange. Axiom ignored:
[INFO] ObjectPropertyRange(<http://purl.obolibrary.org/obo/BFO_0000066> <http://purl.obolibrary.org/obo/BFO_0000004>)
[INFO] 2017-12-02 12:52:25,842 WARN  (ChangeIndexingProcessor:66) [reasoner.indexing.axiomIgnored]ELK does not support ObjectPropertyRange. Axiom ignored:
[INFO] ObjectPropertyRange(<http://purl.obolibrary.org/obo/RO_0002002> <http://purl.obolibrary.org/obo/BFO_0000141>)
[INFO] 2017-12-02 12:52:25,843 WARN  (ChangeIndexingProcessor:66) [reasoner.indexing.axiomIgnored]ELK does not support ObjectInverseOf. Axiom ignored:
[INFO] SubClassOf(<http://purl.obolibrary.org/obo/OMRSE_00000092> ObjectIntersectionOf(<http://purl.obolibrary.org/obo/OMRSE_00000024> ObjectSomeValuesFrom(<http://purl.obolibrary.org/obo/RO_0000056> ObjectIntersectionOf(<http://purl.obolibrary.org/obo/IAO_0021002> ObjectSomeValuesFrom(<http://purl.obolibrary.org/obo/OBI_0000299> <http://purl.obolibrary.org/obo/OMRSE_00000091>))) ObjectSomeValuesFrom(ObjectInverseOf(<http://purl.obolibrary.org/obo/IAO_0000136>) ObjectIntersectionOf(<http://purl.obolibrary.org/obo/IAO_0000001> ObjectSomeValuesFrom(<http://purl.obolibrary.org/obo/BFO_0000050> <http://purl.obolibrary.org/obo/OMRSE_00000091>)))))
[INFO] 2017-12-02 12:52:25,853 WARN  (ChangeIndexingProcessor:66) [reasoner.indexing.axiomIgnored]ELK does not support ObjectMinCardinality. Axiom ignored:
[INFO] SubClassOf(<http://purl.obolibrary.org/obo/OMRSE_00000017> ObjectSomeValuesFrom(<http://purl.obolibrary.org/obo/RO_0000052> ObjectIntersectionOf(<http://purl.obolibrary.org/obo/OBI_0000245> ObjectMinCardinality(2 <http://purl.obolibrary.org/obo/OBI_0001688>))))
[INFO] 2017-12-02 12:52:25,854 WARN  (ChangeIndexingProcessor:66) [reasoner.indexing.axiomIgnored]ELK does not support DataPropertyRange. Axiom ignored:
[INFO] DataPropertyRange(<http://purl.obolibrary.org/obo/OMRSE_00000137> <http://www.w3.org/2001/XMLSchema#string>)
[INFO] 2017-12-02 12:52:25,855 WARN  (ChangeIndexingProcessor:66) [reasoner.indexing.axiomIgnored]ELK does not support DataPropertyDomain. Axiom ignored:
[INFO] DataPropertyDomain(<http://purl.obolibrary.org/obo/IAO_0000406> <http://purl.obolibrary.org/obo/IAO_0000400>)
[INFO] 2017-12-02 12:52:25,856 WARN  (ChangeIndexingProcessor:66) [reasoner.indexing.axiomIgnored]ELK does not support ObjectPropertyRange. Axiom ignored:
[INFO] ObjectPropertyRange(<http://purl.obolibrary.org/obo/OMIABIS_0000008> ObjectUnionOf(<http://purl.obolibrary.org/obo/BFO_0000040> <http://purl.obolibrary.org/obo/IAO_0000030>))
[INFO] 2017-12-02 12:52:25,856 WARN  (ChangeIndexingProcessor:66) [reasoner.indexing.axiomIgnored]ELK does not support ObjectOneOf. Axiom ignored:
[INFO] EquivalentClasses(<http://purl.obolibrary.org/obo/IAO_0000225> ObjectOneOf(<http://purl.obolibrary.org/obo/IAO_0000229> <http://purl.obolibrary.org/obo/IAO_0000227> <http://purl.obolibrary.org/obo/IAO_0000228> <http://purl.obolibrary.org/obo/IAO_0000226> <http://purl.obolibrary.org/obo/IAO_0000103>))
[INFO] 2017-12-02 12:52:25,860 WARN  (ChangeIndexingProcessor:66) [reasoner.indexing.axiomIgnored]ELK does not support InverseObjectProperties. Axiom ignored:
[INFO] InverseObjectProperties(<http://purl.obolibrary.org/obo/RO_0000058> <http://purl.obolibrary.org/obo/RO_0000059>)
[INFO] 2017-12-02 12:52:25,871 WARN  (ChangeIndexingProcessor:66) [reasoner.indexing.axiomIgnored]ELK does not support IrreflexiveObjectProperty. Axiom ignored:
[INFO] IrreflexiveObjectProperty(<http://purl.obolibrary.org/obo/IAO_0020018>)
[INFO] 2017-12-02 12:52:25,871 WARN  (ChangeIndexingProcessor:66) [reasoner.indexing.axiomIgnored]ELK does not support InverseObjectProperties. Axiom ignored:
[INFO] InverseObjectProperties(<http://purl.obolibrary.org/obo/OBI_0000299> <http://purl.obolibrary.org/obo/OBI_0000312>)
[INFO] 2017-12-02 12:52:25,872 WARN  (ChangeIndexingProcessor:66) [reasoner.indexing.axiomIgnored]ELK does not support InverseObjectProperties. Axiom ignored:
[INFO] InverseObjectProperties(<http://purl.obolibrary.org/obo/RO_0000056> <http://purl.obolibrary.org/obo/RO_0000057>)
[INFO] 2017-12-02 12:52:25,873 WARN  (ChangeIndexingProcessor:66) [reasoner.indexing.axiomIgnored]ELK does not support IrreflexiveObjectProperty. Axiom ignored:
[INFO] IrreflexiveObjectProperty(<http://purl.obolibrary.org/obo/IAO_0020013>)
[INFO] 2017-12-02 12:52:25,873 WARN  (ChangeIndexingProcessor:66) [reasoner.indexing.axiomIgnored]ELK does not support IrreflexiveObjectProperty. Axiom ignored:
[INFO] IrreflexiveObjectProperty(<http://purl.obolibrary.org/obo/IAO_0020014>)
[INFO] 2017-12-02 12:52:25,874 WARN  (ChangeIndexingProcessor:66) [reasoner.indexing.axiomIgnored]ELK does not support ObjectOneOf. Axiom ignored:
[INFO] EquivalentClasses(<http://www.geneontology.org/formats/oboInOwl#Subset> ObjectOneOf(<http://purl.obolibrary.org/obo/IAO_0000224>))
[INFO] 2017-12-02 12:52:25,875 WARN  (ChangeIndexingProcessor:66) [reasoner.indexing.axiomIgnored]ELK does not support IrreflexiveObjectProperty. Axiom ignored:
[INFO] IrreflexiveObjectProperty(<http://purl.obolibrary.org/obo/IAO_0020012>)
[INFO] 2017-12-02 12:52:25,876 WARN  (ChangeIndexingProcessor:66) [reasoner.indexing.axiomIgnored]ELK does not support ObjectPropertyRange. Axiom ignored:
[INFO] ObjectPropertyRange(<http://purl.obolibrary.org/obo/OBI_0000312> <http://purl.obolibrary.org/obo/OBI_0000011>)
[INFO] 2017-12-02 12:52:25,878 WARN  (IndexedObjectUnionOf:92) [reasoner.indexing.IndexedObjectUnionOf]ELK does not support positive occurrences of ObjectUnionOf. Reasoning might be incomplete!
[INFO] 2017-12-02 12:52:25,878 WARN  (ChangeIndexingProcessor:66) [reasoner.indexing.axiomIgnored]ELK does not support InverseObjectProperties. Axiom ignored:
[INFO] InverseObjectProperties(<http://purl.obolibrary.org/obo/RO_0000052> <http://purl.obolibrary.org/obo/RO_0000053>)
[INFO] 2017-12-02 12:52:25,879 WARN  (ChangeIndexingProcessor:66) [reasoner.indexing.axiomIgnored]ELK does not support DataPropertyDomain. Axiom ignored:
[INFO] DataPropertyDomain(<http://purl.obolibrary.org/obo/OMRSE_00000137> ObjectUnionOf(<http://purl.obolibrary.org/obo/BFO_0000038> <http://purl.obolibrary.org/obo/BFO_0000148>))
[INFO] 2017-12-02 12:52:25,880 WARN  (ChangeIndexingProcessor:66) [reasoner.indexing.axiomIgnored]ELK does not support ObjectAllValuesFrom. Axiom ignored:
[INFO] EquivalentClasses(<http://purl.obolibrary.org/obo/IAO_0020000> ObjectIntersectionOf(ObjectSomeValuesFrom(<http://purl.obolibrary.org/obo/IAO_0020012> <http://purl.obolibrary.org/obo/BFO_0000001>) ObjectAllValuesFrom(<http://purl.obolibrary.org/obo/OBI_0000312> <http://purl.obolibrary.org/obo/IAO_0020010>)))
[INFO] 2017-12-02 12:52:25,881 WARN  (ChangeIndexingProcessor:66) [reasoner.indexing.axiomIgnored]ELK does not support ObjectPropertyRange. Axiom ignored:
[INFO] ObjectPropertyRange(<http://purl.obolibrary.org/obo/IAO_0000407> <http://purl.obolibrary.org/obo/UO_0000001>)
[INFO] 2017-12-02 12:52:25,887 WARN  (ChangeIndexingProcessor:66) [reasoner.indexing.axiomIgnored]ELK does not support ObjectExactCardinality. Axiom ignored:
[INFO] SubClassOf(<http://purl.obolibrary.org/obo/OMRSE_00000074> ObjectIntersectionOf(<http://purl.obolibrary.org/obo/BFO_0000040> ObjectSomeValuesFrom(<http://purl.obolibrary.org/obo/BFO_0000051> <http://purl.obolibrary.org/obo/BFO_0000029>) ObjectSomeValuesFrom(<http://purl.obolibrary.org/obo/BFO_0000051> <http://purl.obolibrary.org/obo/BFO_0000040>) ObjectExactCardinality(1 <http://purl.obolibrary.org/obo/RO_0000053>)))
[INFO] 2017-12-02 12:52:25,888 WARN  (ChangeIndexingProcessor:66) [reasoner.indexing.axiomIgnored]ELK does not support ObjectPropertyRange. Axiom ignored:
[INFO] ObjectPropertyRange(<http://purl.obolibrary.org/obo/RO_0000058> <http://purl.obolibrary.org/obo/BFO_0000020>)
[INFO] 2017-12-02 12:52:25,889 WARN  (ChangeIndexingProcessor:66) [reasoner.indexing.axiomIgnored]ELK does not support DataPropertyDomain. Axiom ignored:
[INFO] DataPropertyDomain(<http://purl.obolibrary.org/obo/IAO_0000004> <http://purl.obolibrary.org/obo/IAO_0000032>)
[INFO] 2017-12-02 12:52:25,889 WARN  (ChangeIndexingProcessor:66) [reasoner.indexing.axiomIgnored]ELK does not support ObjectPropertyRange. Axiom ignored:
[INFO] ObjectPropertyRange(<http://purl.obolibrary.org/obo/OMIABIS_0000009> ObjectUnionOf(<http://purl.obolibrary.org/obo/BFO_0000040> <http://purl.obolibrary.org/obo/IAO_0000030>))
[INFO] 2017-12-02 12:52:25,894 WARN  (ChangeIndexingProcessor:66) [reasoner.indexing.axiomIgnored]ELK does not support DataPropertyDomain. Axiom ignored:
[INFO] DataPropertyDomain(<http://purl.obolibrary.org/obo/OMRSE_00000136> <http://purl.obolibrary.org/obo/BFO_0000038>)
[INFO] 2017-12-02 12:52:25,905 WARN  (ChangeIndexingProcessor:66) [reasoner.indexing.axiomIgnored]ELK does not support ObjectPropertyRange. Axiom ignored:
[INFO] ObjectPropertyRange(<http://purl.obolibrary.org/obo/OBI_0000846> <http://purl.obolibrary.org/obo/OBI_0000245>)
[INFO] 2017-12-02 12:52:25,907 WARN  (ChangeIndexingProcessor:66) [reasoner.indexing.axiomIgnored]ELK does not support InverseObjectProperties. Axiom ignored:
[INFO] InverseObjectProperties(<http://purl.obolibrary.org/obo/RO_0000091> <http://purl.obolibrary.org/obo/RO_0000092>)
[INFO] 2017-12-02 12:52:25,908 WARN  (ChangeIndexingProcessor:66) [reasoner.indexing.axiomIgnored]ELK does not support ObjectInverseOf. Axiom ignored:
[INFO] SubClassOf(<http://purl.obolibrary.org/obo/IAO_0020023> ObjectIntersectionOf(<http://purl.obolibrary.org/obo/BFO_0000015> ObjectSomeValuesFrom(<http://purl.obolibrary.org/obo/BFO_0000055> <http://purl.obolibrary.org/obo/IAO_0020024>) ObjectSomeValuesFrom(<http://purl.obolibrary.org/obo/RO_0000057> <http://purl.obolibrary.org/obo/IAO_0000027>) ObjectSomeValuesFrom(<http://purl.obolibrary.org/obo/RO_0000057> ObjectSomeValuesFrom(ObjectInverseOf(<http://purl.obolibrary.org/obo/IAO_0000136>) <http://purl.obolibrary.org/obo/IAO_0000027>))))
[INFO] 2017-12-02 12:52:25,909 WARN  (IndexedObjectUnionOf:92) [reasoner.indexing.IndexedObjectUnionOf]ELK does not support positive occurrences of ObjectUnionOf. Reasoning might be incomplete!
[INFO] 2017-12-02 12:52:25,910 WARN  (ChangeIndexingProcessor:66) [reasoner.indexing.axiomIgnored]ELK does not support ObjectAllValuesFrom. Axiom ignored:
[INFO] SubClassOf(<http://purl.obolibrary.org/obo/OMRSE_00000091> ObjectIntersectionOf(<http://purl.obolibrary.org/obo/OMRSE_00000090> ObjectSomeValuesFrom(<http://purl.obolibrary.org/obo/OBI_0000312> ObjectIntersectionOf(<http://purl.obolibrary.org/obo/IAO_0021002> ObjectSomeValuesFrom(<http://purl.obolibrary.org/obo/RO_0002218> <http://purl.obolibrary.org/obo/OMRSE_00000093>) ObjectSomeValuesFrom(<http://purl.obolibrary.org/obo/RO_0002218> ObjectIntersectionOf(<http://purl.obolibrary.org/obo/OMRSE_00000023> ObjectAllValuesFrom(<http://purl.obolibrary.org/obo/RO_0002351> ObjectSomeValuesFrom(<http://purl.obolibrary.org/obo/RO_0000053> <http://purl.obolibrary.org/obo/OMRSE_00000094>))))))))
[INFO] 2017-12-02 12:52:25,919 WARN  (ChangeIndexingProcessor:66) [reasoner.indexing.axiomIgnored]ELK does not support FunctionalDataProperty. Axiom ignored:
[INFO] FunctionalDataProperty(<http://purl.obolibrary.org/obo/IAO_0000004>)
[INFO] 2017-12-02 12:52:25,921 WARN  (ChangeIndexingProcessor:66) [reasoner.indexing.axiomIgnored]ELK does not support InverseObjectProperties. Axiom ignored:
[INFO] InverseObjectProperties(<http://purl.obolibrary.org/obo/IAO_0020012> <http://purl.obolibrary.org/obo/IAO_0020018>)
[INFO] 2017-12-02 12:52:25,921 WARN  (IndexedObjectUnionOf:92) [reasoner.indexing.IndexedObjectUnionOf]ELK does not support positive occurrences of ObjectUnionOf. Reasoning might be incomplete!
[INFO] 2017-12-02 12:52:25,922 WARN  (IndexedObjectUnionOf:92) [reasoner.indexing.IndexedObjectUnionOf]ELK does not support positive occurrences of ObjectUnionOf. Reasoning might be incomplete!
[INFO] 2017-12-02 12:52:25,934 WARN  (ChangeIndexingProcessor:66) [reasoner.indexing.axiomIgnored]ELK does not support ObjectPropertyRange. Axiom ignored:
[INFO] ObjectPropertyRange(<http://purl.obolibrary.org/obo/BFO_0000054> <http://purl.obolibrary.org/obo/BFO_0000015>)
[INFO] 2017-12-02 12:52:25,935 WARN  (ChangeIndexingProcessor:66) [reasoner.indexing.axiomIgnored]ELK does not support AsymmetricObjectProperty. Axiom ignored:
[INFO] AsymmetricObjectProperty(<http://purl.obolibrary.org/obo/IAO_0020018>)
[INFO] 2017-12-02 12:52:25,939 WARN  (ChangeIndexingProcessor:66) [reasoner.indexing.axiomIgnored]ELK does not support ObjectExactCardinality. Axiom ignored:
[INFO] SubClassOf(<http://purl.obolibrary.org/obo/IAO_0000400> ObjectExactCardinality(1 <http://purl.obolibrary.org/obo/IAO_0000407>))
[INFO] 2017-12-02 12:52:25,940 WARN  (ChangeIndexingProcessor:66) [reasoner.indexing.axiomIgnored]ELK does not support AsymmetricObjectProperty. Axiom ignored:
[INFO] AsymmetricObjectProperty(<http://purl.obolibrary.org/obo/IAO_0020013>)
[INFO] 2017-12-02 12:52:25,941 WARN  (ChangeIndexingProcessor:66) [reasoner.indexing.axiomIgnored]ELK does not support AsymmetricObjectProperty. Axiom ignored:
[INFO] AsymmetricObjectProperty(<http://purl.obolibrary.org/obo/IAO_0020012>)
[INFO] 2017-12-02 12:52:25,942 WARN  (ChangeIndexingProcessor:66) [reasoner.indexing.axiomIgnored]ELK does not support FunctionalObjectProperty. Axiom ignored:
[INFO] FunctionalObjectProperty(<http://purl.obolibrary.org/obo/IAO_0000407>)
[INFO] 2017-12-02 12:52:25,943 WARN  (ChangeIndexingProcessor:66) [reasoner.indexing.axiomIgnored]ELK does not support ObjectPropertyRange. Axiom ignored:
[INFO] ObjectPropertyRange(<http://purl.obolibrary.org/obo/IAO_0000581> <http://purl.obolibrary.org/obo/IAO_0000416>)
[INFO] 2017-12-02 12:52:25,943 WARN  (ChangeIndexingProcessor:66) [reasoner.indexing.axiomIgnored]ELK does not support AsymmetricObjectProperty. Axiom ignored:
[INFO] AsymmetricObjectProperty(<http://purl.obolibrary.org/obo/IAO_0020014>)
[INFO] 2017-12-02 12:52:25,944 WARN  (ChangeIndexingProcessor:66) [reasoner.indexing.axiomIgnored]ELK does not support DataPropertyDomain. Axiom ignored:
[INFO] DataPropertyDomain(<http://purl.obolibrary.org/obo/IAO_0000404> <http://purl.obolibrary.org/obo/IAO_0000400>)
[INFO] 2017-12-02 12:52:25,946 WARN  (ChangeIndexingProcessor:66) [reasoner.indexing.axiomIgnored]ELK does not support ObjectPropertyRange. Axiom ignored:
[INFO] ObjectPropertyRange(<http://purl.obolibrary.org/obo/OBI_0001688> ObjectUnionOf(<http://purl.obolibrary.org/obo/NCBITaxon_9606> <http://purl.obolibrary.org/obo/OBI_0000245>))
[INFO] 2017-12-02 12:52:25,950 WARN  (ChangeIndexingProcessor:66) [reasoner.indexing.axiomIgnored]ELK does not support ObjectAllValuesFrom. Axiom ignored:
[INFO] EquivalentClasses(<http://purl.obolibrary.org/obo/IAO_0020015> ObjectIntersectionOf(<http://purl.obolibrary.org/obo/IAO_0020000> ObjectAllValuesFrom(<http://purl.obolibrary.org/obo/IAO_0020012> <http://purl.obolibrary.org/obo/NCBITaxon_9606>)))
[INFO] 2017-12-02 12:52:25,951 WARN  (ChangeIndexingProcessor:66) [reasoner.indexing.axiomIgnored]ELK does not support ObjectOneOf. Axiom ignored:
[INFO] EquivalentClasses(<http://purl.obolibrary.org/obo/IAO_0000409> ObjectOneOf(<http://purl.obolibrary.org/obo/IAO_0000410> <http://purl.obolibrary.org/obo/IAO_0000421> <http://purl.obolibrary.org/obo/IAO_0000420>))
[INFO] 2017-12-02 12:52:25,953 WARN  (ChangeIndexingProcessor:66) [reasoner.indexing.axiomIgnored]ELK does not support DataMinCardinality . Axiom ignored:
[INFO] SubClassOf(<http://purl.obolibrary.org/obo/IAO_0000403> DataExactCardinality(1 <http://purl.obolibrary.org/obo/IAO_0000405>))
[INFO] 2017-12-02 12:52:25,954 WARN  (ChangeIndexingProcessor:66) [reasoner.indexing.axiomIgnored]ELK does not support InverseObjectProperties. Axiom ignored:
[INFO] InverseObjectProperties(<http://purl.obolibrary.org/obo/OBI_0000846> <http://purl.obolibrary.org/obo/OBI_0001688>)
[INFO] 2017-12-02 12:52:25,957 WARN  (ChangeIndexingProcessor:66) [reasoner.indexing.axiomIgnored]ELK does not support InverseObjectProperties. Axiom ignored:
[INFO] InverseObjectProperties(<http://purl.obolibrary.org/obo/RO_0002000> <http://purl.obolibrary.org/obo/RO_0002002>)
[INFO] 2017-12-02 12:52:25,958 WARN  (ChangeIndexingProcessor:66) [reasoner.indexing.axiomIgnored]ELK does not support ObjectPropertyRange. Axiom ignored:
[INFO] ObjectPropertyRange(<http://purl.obolibrary.org/obo/BFO_0000055> <http://purl.obolibrary.org/obo/BFO_0000017>)
[INFO] 2017-12-02 12:52:25,959 WARN  (ChangeIndexingProcessor:66) [reasoner.indexing.axiomIgnored]ELK does not support ObjectAllValuesFrom. Axiom ignored:
[INFO] SubClassOf(<http://purl.obolibrary.org/obo/OMRSE_00000012> ObjectIntersectionOf(ObjectSomeValuesFrom(<http://purl.obolibrary.org/obo/RO_0000052> ObjectUnionOf(<http://purl.obolibrary.org/obo/NCBITaxon_9606> <http://purl.obolibrary.org/obo/OBI_0000245>)) ObjectAllValuesFrom(<http://purl.obolibrary.org/obo/RO_0000052> ObjectUnionOf(<http://purl.obolibrary.org/obo/NCBITaxon_9606> <http://purl.obolibrary.org/obo/OBI_0000245>))))
[INFO] 2017-12-02 12:52:25,959 WARN  (ChangeIndexingProcessor:66) [reasoner.indexing.axiomIgnored]ELK does not support InverseObjectProperties. Axiom ignored:
[INFO] InverseObjectProperties(<http://purl.obolibrary.org/obo/RO_0002350> <http://purl.obolibrary.org/obo/RO_0002351>)
[INFO] 2017-12-02 12:52:25,960 WARN  (ChangeIndexingProcessor:66) [reasoner.indexing.axiomIgnored]ELK does not support ObjectAllValuesFrom. Axiom ignored:
[INFO] SubClassOf(<http://purl.obolibrary.org/obo/OMRSE_00000024> ObjectAllValuesFrom(<http://purl.obolibrary.org/obo/RO_0000052> ObjectUnionOf(<http://purl.obolibrary.org/obo/OBI_0000245> <http://purl.obolibrary.org/obo/OBI_0100026>)))
[INFO] 2017-12-02 12:52:25,968 WARN  (ChangeIndexingProcessor:66) [reasoner.indexing.axiomIgnored]ELK does not support InverseObjectProperties. Axiom ignored:
[INFO] InverseObjectProperties(<http://purl.obolibrary.org/obo/IAO_0000418> <http://purl.obolibrary.org/obo/IAO_0000419>)
[INFO] 2017-12-02 12:52:25,969 WARN  (ChangeIndexingProcessor:66) [reasoner.indexing.axiomIgnored]ELK does not support ObjectPropertyRange. Axiom ignored:
[INFO] ObjectPropertyRange(<http://purl.obolibrary.org/obo/RO_0000087> <http://purl.obolibrary.org/obo/BFO_0000023>)
[INFO] 2017-12-02 12:52:25,970 WARN  (ChangeIndexingProcessor:66) [reasoner.indexing.axiomIgnored]ELK does not support InverseObjectProperties. Axiom ignored:
[INFO] InverseObjectProperties(<http://purl.obolibrary.org/obo/RO_0000081> <http://purl.obolibrary.org/obo/RO_0000087>)
[INFO] 2017-12-02 12:52:25,971 WARN  (ChangeIndexingProcessor:66) [reasoner.indexing.axiomIgnored]ELK does not support InverseObjectProperties. Axiom ignored:
[INFO] InverseObjectProperties(<http://purl.obolibrary.org/obo/RO_0000080> <http://purl.obolibrary.org/obo/RO_0000086>)
[INFO] 2017-12-02 12:52:25,972 WARN  (ChangeIndexingProcessor:66) [reasoner.indexing.axiomIgnored]ELK does not support ObjectPropertyRange. Axiom ignored:
[INFO] ObjectPropertyRange(<http://purl.obolibrary.org/obo/IAO_0020012> <http://purl.obolibrary.org/obo/BFO_0000001>)
[INFO] 2017-12-02 12:52:25,973 WARN  (ChangeIndexingProcessor:66) [reasoner.indexing.axiomIgnored]ELK does not support InverseObjectProperties. Axiom ignored:
[INFO] InverseObjectProperties(<http://purl.obolibrary.org/obo/IAO_0000221> <http://purl.obolibrary.org/obo/IAO_0000417>)
[INFO] 2017-12-02 12:52:25,974 WARN  (ChangeIndexingProcessor:66) [reasoner.indexing.axiomIgnored]ELK does not support InverseObjectProperties. Axiom ignored:
[INFO] InverseObjectProperties(<http://purl.obolibrary.org/obo/OMIABIS_0000008> <http://purl.obolibrary.org/obo/OMIABIS_0000048>)
[INFO] 2017-12-02 12:52:25,974 WARN  (ChangeIndexingProcessor:66) [reasoner.indexing.axiomIgnored]ELK does not support DataPropertyRange. Axiom ignored:
[INFO] DataPropertyRange(<http://purl.obolibrary.org/obo/IAO_0000406> <http://www.w3.org/2001/XMLSchema#float>)
[INFO] 2017-12-02 12:52:25,975 WARN  (ChangeIndexingProcessor:66) [reasoner.indexing.axiomIgnored]ELK does not support InverseObjectProperties. Axiom ignored:
[INFO] InverseObjectProperties(<http://purl.obolibrary.org/obo/RO_0001015> <http://purl.obolibrary.org/obo/RO_0001025>)
[INFO] 2017-12-02 12:52:25,976 WARN  (ChangeIndexingProcessor:66) [reasoner.indexing.axiomIgnored]ELK does not support DataMinCardinality . Axiom ignored:
[INFO] SubClassOf(<http://purl.obolibrary.org/obo/IAO_0000401> DataExactCardinality(1 <http://purl.obolibrary.org/obo/IAO_0000404>))
[INFO] 2017-12-02 12:52:25,977 WARN  (ChangeIndexingProcessor:66) [reasoner.indexing.axiomIgnored]ELK does not support ObjectPropertyRange. Axiom ignored:
[INFO] ObjectPropertyRange(<http://purl.obolibrary.org/obo/RO_0000085> <http://purl.obolibrary.org/obo/BFO_0000034>)
[INFO] 2017-12-02 12:52:25,980 WARN  (ChangeIndexingProcessor:66) [reasoner.indexing.axiomIgnored]ELK does not support ObjectPropertyRange. Axiom ignored:
[INFO] ObjectPropertyRange(<http://purl.obolibrary.org/obo/IAO_0000413> <http://purl.obolibrary.org/obo/BFO_0000015>)
[INFO] 2017-12-02 12:52:25,983 WARN  (ChangeIndexingProcessor:66) [reasoner.indexing.axiomIgnored]ELK does not support ObjectPropertyRange. Axiom ignored:
[INFO] ObjectPropertyRange(<http://purl.obolibrary.org/obo/IAO_0000583> ObjectIntersectionOf(<http://purl.obolibrary.org/obo/IAO_0000109> ObjectComplementOf(<http://purl.obolibrary.org/obo/IAO_0000416>)))
[INFO] 2017-12-02 12:52:25,984 WARN  (ChangeIndexingProcessor:66) [reasoner.indexing.axiomIgnored]ELK does not support InverseObjectProperties. Axiom ignored:
[INFO] InverseObjectProperties(<http://purl.obolibrary.org/obo/RO_0000079> <http://purl.obolibrary.org/obo/RO_0000085>)
[INFO] 2017-12-02 12:52:25,985 WARN  (ChangeIndexingProcessor:66) [reasoner.indexing.axiomIgnored]ELK does not support ObjectPropertyRange. Axiom ignored:
[INFO] ObjectPropertyRange(<http://purl.obolibrary.org/obo/RO_0000057> <http://purl.obolibrary.org/obo/BFO_0000002>)
[INFO] 2017-12-02 12:52:25,986 WARN  (ChangeIndexingProcessor:66) [reasoner.indexing.axiomIgnored]ELK does not support ObjectAllValuesFrom. Axiom ignored:
[INFO] SubClassOf(<http://purl.obolibrary.org/obo/IAO_0000416> ObjectIntersectionOf(ObjectAllValuesFrom(<http://purl.obolibrary.org/obo/IAO_0000039> <http://purl.obolibrary.org/obo/UO_0000003>) ObjectAllValuesFrom(<http://purl.obolibrary.org/obo/IAO_0000413> <http://purl.obolibrary.org/obo/BFO_0000015>)))
[INFO] 2017-12-02 12:52:25,987 WARN  (IndexedObjectUnionOf:92) [reasoner.indexing.IndexedObjectUnionOf]ELK does not support positive occurrences of ObjectUnionOf. Reasoning might be incomplete!
[INFO] 2017-12-02 12:52:25,988 WARN  (IndexedObjectUnionOf:92) [reasoner.indexing.IndexedObjectUnionOf]ELK does not support positive occurrences of ObjectUnionOf. Reasoning might be incomplete!
[INFO] 2017-12-02 12:52:25,997 WARN  (ChangeIndexingProcessor:66) [reasoner.indexing.axiomIgnored]ELK does not support ObjectPropertyRange. Axiom ignored:
[INFO] ObjectPropertyRange(<http://purl.obolibrary.org/obo/RO_0000091> <http://purl.obolibrary.org/obo/BFO_0000016>)
[INFO] 2017-12-02 12:52:26,001 WARN  (ChangeIndexingProcessor:66) [reasoner.indexing.axiomIgnored]ELK does not support ObjectPropertyRange. Axiom ignored:
[INFO] ObjectPropertyRange(<http://purl.obolibrary.org/obo/IAO_0020013> <http://purl.obolibrary.org/obo/BFO_0000001>)
[INFO] 2017-12-02 12:52:26,004 WARN  (ChangeIndexingProcessor:66) [reasoner.indexing.axiomIgnored]ELK does not support ObjectAllValuesFrom. Axiom ignored:
[INFO] EquivalentClasses(<http://purl.obolibrary.org/obo/IAO_0020021> ObjectIntersectionOf(<http://purl.obolibrary.org/obo/IAO_0000310> ObjectSomeValuesFrom(<http://purl.obolibrary.org/obo/IAO_0000136> <http://purl.obolibrary.org/obo/IAO_0020022>) ObjectSomeValuesFrom(<http://purl.obolibrary.org/obo/RO_0000058> ObjectIntersectionOf(<http://purl.obolibrary.org/obo/BFO_0000020> ObjectSomeValuesFrom(<http://purl.obolibrary.org/obo/RO_0000052> ObjectSomeValuesFrom(<http://purl.obolibrary.org/obo/RO_0000053> <http://purl.obolibrary.org/obo/IAO_0020024>)))) ObjectAllValuesFrom(<http://purl.obolibrary.org/obo/RO_0000058> ObjectIntersectionOf(<http://purl.obolibrary.org/obo/BFO_0000020> ObjectSomeValuesFrom(<http://purl.obolibrary.org/obo/RO_0000052> ObjectSomeValuesFrom(<http://purl.obolibrary.org/obo/RO_0000053> <http://purl.obolibrary.org/obo/IAO_0020024>))))))
[INFO] 2017-12-02 12:52:26,004 WARN  (ChangeIndexingProcessor:66) [reasoner.indexing.axiomIgnored]ELK does not support InverseObjectProperties. Axiom ignored:
[INFO] InverseObjectProperties(<http://purl.obolibrary.org/obo/RO_0002217> <http://purl.obolibrary.org/obo/RO_0002218>)
[INFO] 2017-12-02 12:52:26,005 WARN  (ChangeIndexingProcessor:66) [reasoner.indexing.axiomIgnored]ELK does not support FunctionalObjectProperty. Axiom ignored:
[INFO] FunctionalObjectProperty(<http://purl.obolibrary.org/obo/RO_0000052>)
[INFO] 2017-12-02 12:52:26,008 WARN  (ChangeIndexingProcessor:66) [reasoner.indexing.axiomIgnored]ELK does not support ObjectPropertyRange. Axiom ignored:
[INFO] ObjectPropertyRange(<http://purl.obolibrary.org/obo/IAO_0000221> <http://purl.obolibrary.org/obo/BFO_0000019>)
[INFO] 2017-12-02 12:52:26,010 WARN  (ChangeIndexingProcessor:66) [reasoner.indexing.axiomIgnored]ELK does not support DataPropertyRange. Axiom ignored:
[INFO] DataPropertyRange(<http://purl.obolibrary.org/obo/IAO_0000405> <http://www.w3.org/2001/XMLSchema#float>)
[INFO] 2017-12-02 12:52:26,011 WARN  (ChangeIndexingProcessor:66) [reasoner.indexing.axiomIgnored]ELK does not support InverseObjectProperties. Axiom ignored:
[INFO] InverseObjectProperties(<http://purl.obolibrary.org/obo/BFO_0000054> <http://purl.obolibrary.org/obo/BFO_0000055>)
[INFO] 2017-12-02 12:52:26,011 WARN  (ChangeIndexingProcessor:66) [reasoner.indexing.axiomIgnored]ELK does not support DataMinCardinality . Axiom ignored:
[INFO] SubClassOf(<http://purl.obolibrary.org/obo/IAO_0000402> DataExactCardinality(1 <http://purl.obolibrary.org/obo/IAO_0000404>))
[INFO] 2017-12-02 12:52:26,012 WARN  (ChangeIndexingProcessor:66) [reasoner.indexing.axiomIgnored]ELK does not support IrreflexiveObjectProperty. Axiom ignored:
[INFO] IrreflexiveObjectProperty(<http://purl.obolibrary.org/obo/RO_0002351>)
[INFO] 2017-12-02 12:52:26,012 WARN  (ChangeIndexingProcessor:66) [reasoner.indexing.axiomIgnored]ELK does not support ObjectAllValuesFrom. Axiom ignored:
[INFO] SubClassOf(<http://purl.obolibrary.org/obo/IAO_0000414> ObjectIntersectionOf(ObjectAllValuesFrom(<http://purl.obolibrary.org/obo/IAO_0000039> <http://purl.obolibrary.org/obo/UO_0000002>) ObjectAllValuesFrom(<http://purl.obolibrary.org/obo/IAO_0000221> <http://purl.obolibrary.org/obo/PATO_0000125>)))
[INFO] 2017-12-02 12:52:26,013 WARN  (ChangeIndexingProcessor:66) [reasoner.indexing.axiomIgnored]ELK does not support ObjectPropertyRange. Axiom ignored:
[INFO] ObjectPropertyRange(<http://purl.obolibrary.org/obo/OMIABIS_0000048> ObjectUnionOf(<http://purl.obolibrary.org/obo/NCBITaxon_9606> <http://purl.obolibrary.org/obo/OBI_0000245> <http://purl.obolibrary.org/obo/OMRSE_00000023> <http://purl.obolibrary.org/obo/OMRSE_00000033>))
[INFO] 2017-12-02 12:52:26,014 WARN  (ChangeIndexingProcessor:66) [reasoner.indexing.axiomIgnored]ELK does not support InverseObjectProperties. Axiom ignored:
[INFO] InverseObjectProperties(<http://purl.obolibrary.org/obo/BFO_0000050> <http://purl.obolibrary.org/obo/BFO_0000051>)
[INFO] 2017-12-02 12:52:26,014 WARN  (ChangeIndexingProcessor:66) [reasoner.indexing.axiomIgnored]ELK does not support ObjectPropertyRange. Axiom ignored:
[INFO] ObjectPropertyRange(<http://purl.obolibrary.org/obo/RO_0000086> <http://purl.obolibrary.org/obo/BFO_0000019>)
[INFO] 2017-12-02 12:52:26,015 WARN  (ChangeIndexingProcessor:66) [reasoner.indexing.axiomIgnored]ELK does not support ObjectInverseOf. Axiom ignored:
[INFO] SubClassOf(<http://purl.obolibrary.org/obo/OMRSE_00000093> ObjectIntersectionOf(<http://purl.obolibrary.org/obo/OBI_0000245> ObjectSomeValuesFrom(<http://purl.obolibrary.org/obo/RO_0000053> <http://purl.obolibrary.org/obo/OMRSE_00000096>) ObjectSomeValuesFrom(<http://purl.obolibrary.org/obo/RO_0000053> ObjectIntersectionOf(<http://purl.obolibrary.org/obo/OMRSE_00000095> ObjectSomeValuesFrom(<http://purl.obolibrary.org/obo/RO_0000059> ObjectIntersectionOf(<http://purl.obolibrary.org/obo/IAO_0021004> ObjectSomeValuesFrom(<http://purl.obolibrary.org/obo/OBI_0000312> <http://purl.obolibrary.org/obo/IAO_0021002>))))) ObjectSomeValuesFrom(ObjectInverseOf(<http://purl.obolibrary.org/obo/IAO_0000136>) ObjectIntersectionOf(<http://purl.obolibrary.org/obo/IAO_0000007> ObjectSomeValuesFrom(<http://purl.obolibrary.org/obo/BFO_0000050> <http://purl.obolibrary.org/obo/OMRSE_00000091>)))))
[INFO] 2017-12-02 12:52:26,017 WARN  (ChangeIndexingProcessor:66) [reasoner.indexing.axiomIgnored]ELK does not support DataPropertyRange. Axiom ignored:
[INFO] DataPropertyRange(<http://purl.obolibrary.org/obo/IAO_0000004> <http://www.w3.org/2001/XMLSchema#float>)
[INFO] 2017-12-02 12:52:26,018 WARN  (ChangeIndexingProcessor:66) [reasoner.indexing.axiomIgnored]ELK does not support ObjectPropertyRange. Axiom ignored:
[INFO] ObjectPropertyRange(<http://purl.obolibrary.org/obo/RO_0000056> <http://purl.obolibrary.org/obo/BFO_0000003>)
[INFO] 2017-12-02 12:52:26,026 WARN  (ChangeIndexingProcessor:66) [reasoner.indexing.axiomIgnored]ELK does not support DataMinCardinality. Axiom ignored:
[INFO] SubClassOf(<http://purl.obolibrary.org/obo/IAO_0000032> DataMinCardinality(1 <http://purl.obolibrary.org/obo/IAO_0000004>))
[INFO] 2017-12-02 12:52:26,027 WARN  (ChangeIndexingProcessor:66) [reasoner.indexing.axiomIgnored]ELK does not support AsymmetricObjectProperty. Axiom ignored:
[INFO] AsymmetricObjectProperty(<http://purl.obolibrary.org/obo/OMIABIS_0000009>)
[INFO] 2017-12-02 12:52:26,028 WARN  (ChangeIndexingProcessor:66) [reasoner.indexing.axiomIgnored]ELK does not support FunctionalDataProperty. Axiom ignored:
[INFO] FunctionalDataProperty(<http://purl.obolibrary.org/obo/IAO_0000405>)
[INFO] 2017-12-02 12:52:26,028 WARN  (ChangeIndexingProcessor:66) [reasoner.indexing.axiomIgnored]ELK does not support FunctionalDataProperty. Axiom ignored:
[INFO] FunctionalDataProperty(<http://purl.obolibrary.org/obo/IAO_0000404>)
[INFO] 2017-12-02 12:52:26,030 WARN  (ChangeIndexingProcessor:66) [reasoner.indexing.axiomIgnored]ELK does not support DifferentIndividuals. Axiom ignored:
[INFO] DifferentIndividuals(<http://purl.obolibrary.org/obo/IAO_0000226> <http://purl.obolibrary.org/obo/IAO_0000227> <http://purl.obolibrary.org/obo/IAO_0000228> <http://purl.obolibrary.org/obo/IAO_0000229>)
[INFO] 2017-12-02 12:52:26,031 WARN  (ChangeIndexingProcessor:66) [reasoner.indexing.axiomIgnored]ELK does not support DataMinCardinality . Axiom ignored:
[INFO] SubClassOf(<http://purl.obolibrary.org/obo/IAO_0000403> DataExactCardinality(1 <http://purl.obolibrary.org/obo/IAO_0000404>))
[INFO] 2017-12-02 12:52:26,031 WARN  (ChangeIndexingProcessor:66) [reasoner.indexing.axiomIgnored]ELK does not support ObjectAllValuesFrom. Axiom ignored:
[INFO] SubClassOf(<http://purl.obolibrary.org/obo/OMRSE_00000050> ObjectAllValuesFrom(<http://purl.obolibrary.org/obo/RO_0000052> <http://purl.obolibrary.org/obo/NCBITaxon_9606>))
[INFO] 2017-12-02 12:52:26,031 WARN  (IndexedObjectUnionOf:92) [reasoner.indexing.IndexedObjectUnionOf]ELK does not support positive occurrences of ObjectUnionOf. Reasoning might be incomplete!
[INFO] 2017-12-02 12:52:26,032 WARN  (ChangeIndexingProcessor:66) [reasoner.indexing.axiomIgnored]ELK does not support FunctionalDataProperty. Axiom ignored:
[INFO] FunctionalDataProperty(<http://purl.obolibrary.org/obo/IAO_0000406>)
[INFO] 2017-12-02 12:52:26,033 WARN  (ChangeIndexingProcessor:66) [reasoner.indexing.axiomIgnored]ELK does not support ObjectAllValuesFrom. Axiom ignored:
[INFO] SubClassOf(<http://purl.obolibrary.org/obo/OMRSE_00000008> ObjectIntersectionOf(ObjectSomeValuesFrom(<http://purl.obolibrary.org/obo/RO_0000052> <http://purl.obolibrary.org/obo/OBI_0100026>) ObjectAllValuesFrom(<http://purl.obolibrary.org/obo/RO_0000052> <http://purl.obolibrary.org/obo/OBI_0100026>)))
[INFO] 2017-12-02 12:52:26,033 WARN  (ChangeIndexingProcessor:66) [reasoner.indexing.axiomIgnored]ELK does not support DataPropertyRange. Axiom ignored:
[INFO] DataPropertyRange(<http://purl.obolibrary.org/obo/IAO_0000404> <http://www.w3.org/2001/XMLSchema#float>)
[INFO] 2017-12-02 12:52:26,034 WARN  (ChangeIndexingProcessor:66) [reasoner.indexing.axiomIgnored]ELK does not support FunctionalObjectProperty. Axiom ignored:
[INFO] FunctionalObjectProperty(<http://purl.obolibrary.org/obo/IAO_0000581>)
[INFO] 2017-12-02 12:52:26,035 WARN  (IndexedObjectUnionOf:92) [reasoner.indexing.IndexedObjectUnionOf]ELK does not support positive occurrences of ObjectUnionOf. Reasoning might be incomplete!
[INFO] 2017-12-02 12:52:26,035 WARN  (ChangeIndexingProcessor:66) [reasoner.indexing.axiomIgnored]ELK does not support AsymmetricObjectProperty. Axiom ignored:
[INFO] AsymmetricObjectProperty(<http://purl.obolibrary.org/obo/OMRSE_00000068>)
[INFO] 2017-12-02 12:52:26,036 WARN  (ChangeIndexingProcessor:66) [reasoner.indexing.axiomIgnored]ELK does not support DifferentIndividuals. Axiom ignored:
[INFO] DifferentIndividuals(<http://purl.obolibrary.org/obo/IAO_0000120> <http://purl.obolibrary.org/obo/IAO_0000121> <http://purl.obolibrary.org/obo/IAO_0000122> <http://purl.obolibrary.org/obo/IAO_0000123> <http://purl.obolibrary.org/obo/IAO_0000124> <http://purl.obolibrary.org/obo/IAO_0000125> <http://purl.obolibrary.org/obo/IAO_0000423> <http://purl.obolibrary.org/obo/IAO_0000428>)
[INFO] 2017-12-02 12:52:26,042 WARN  (ChangeIndexingProcessor:66) [reasoner.indexing.axiomIgnored]ELK does not support ObjectAllValuesFrom. Axiom ignored:
[INFO] EquivalentClasses(<http://purl.obolibrary.org/obo/OMRSE_00000033> ObjectIntersectionOf(ObjectComplementOf(<http://purl.obolibrary.org/obo/OBI_0000245>) ObjectAllValuesFrom(<http://purl.obolibrary.org/obo/OMRSE_00000020> <http://purl.obolibrary.org/obo/OBI_0000245>) ObjectMinCardinality(2 <http://purl.obolibrary.org/obo/OMRSE_00000020>)))
[INFO] 2017-12-02 12:52:26,043 WARN  (ChangeIndexingProcessor:66) [reasoner.indexing.axiomIgnored]ELK does not support ObjectAllValuesFrom. Axiom ignored:
[INFO] SubClassOf(<http://purl.obolibrary.org/obo/OMRSE_00000009> ObjectIntersectionOf(ObjectSomeValuesFrom(<http://purl.obolibrary.org/obo/RO_0000052> <http://purl.obolibrary.org/obo/OBI_0100026>) ObjectAllValuesFrom(<http://purl.obolibrary.org/obo/RO_0000052> <http://purl.obolibrary.org/obo/OBI_0100026>)))
[INFO] 2017-12-02 12:52:26,044 WARN  (ChangeIndexingProcessor:66) [reasoner.indexing.axiomIgnored]ELK does not support ObjectAllValuesFrom. Axiom ignored:
[INFO] EquivalentClasses(<http://purl.obolibrary.org/obo/IAO_0020008> ObjectIntersectionOf(<http://purl.obolibrary.org/obo/IAO_0020007> ObjectSomeValuesFrom(<http://purl.obolibrary.org/obo/RO_0000053> ObjectSomeValuesFrom(<http://purl.obolibrary.org/obo/RO_0000059> <http://purl.obolibrary.org/obo/IAO_0020002>)) ObjectAllValuesFrom(<http://purl.obolibrary.org/obo/OBI_0000312> <http://purl.obolibrary.org/obo/IAO_0020011>)))
[INFO] 2017-12-02 12:52:26,044 WARN  (ChangeIndexingProcessor:66) [reasoner.indexing.axiomIgnored]ELK does not support ObjectPropertyRange. Axiom ignored:
[INFO] ObjectPropertyRange(<http://purl.obolibrary.org/obo/RO_0000053> <http://purl.obolibrary.org/obo/BFO_0000020>)
[INFO] 2017-12-02 12:52:26,050 WARN  (ChangeIndexingProcessor:66) [reasoner.indexing.axiomIgnored]ELK does not support DataPropertyAssertion. Axiom ignored:
[INFO] DataPropertyAssertion(<http://usefulinc.com/ns/doap#revision> <http://purl.obolibrary.org/obo/iao/2015-02-23/iao.owl> "SVN $Revision: 717 $")
[INFO] 2017-12-02 12:52:26,053 INFO  (LoggingStageExecutor:103) Loading of Axioms took 475 ms
[INFO] 2017-12-02 12:52:26,054 INFO  (LoggingStageExecutor:70) Property Saturation Initialization started
[INFO] 2017-12-02 12:52:26,063 INFO  (AbstractReasonerStage:161) Property Saturation Initialization using 64 workers
[INFO] 2017-12-02 12:52:26,067 INFO  (LoggingStageExecutor:103) Property Saturation Initialization took 12 ms
[INFO] 2017-12-02 12:52:26,067 INFO  (LoggingStageExecutor:70) Reflexive Property Computation started
[INFO] 2017-12-02 12:52:26,103 INFO  (AbstractReasonerStage:161) Reflexive Property Computation using 64 workers
[INFO] 2017-12-02 12:52:26,146 INFO  (LoggingStageExecutor:103) Reflexive Property Computation took 78 ms
[INFO] 2017-12-02 12:52:26,146 INFO  (LoggingStageExecutor:70) Object Property Hierarchy and Composition Computation started
[INFO] 2017-12-02 12:52:26,154 INFO  (AbstractReasonerStage:161) Object Property Hierarchy and Composition Computation using 64 workers
[INFO] 2017-12-02 12:52:26,295 INFO  (LoggingStageExecutor:103) Object Property Hierarchy and Composition Computation took 148 ms
[INFO] 2017-12-02 12:52:26,295 INFO  (LoggingStageExecutor:70) Context Initialization started
[INFO] 2017-12-02 12:52:26,304 INFO  (AbstractReasonerStage:161) Context Initialization using 64 workers
[INFO] 2017-12-02 12:52:26,323 INFO  (LoggingStageExecutor:103) Context Initialization took 27 ms
[INFO] 2017-12-02 12:52:26,325 INFO  (LoggingStageExecutor:70) Consistency Checking started
[INFO] 2017-12-02 12:52:26,363 INFO  (AbstractReasonerStage:161) Consistency Checking using 64 workers
[INFO] 2017-12-02 12:52:26,447 INFO  (LoggingStageExecutor:103) Consistency Checking took 121 ms
[INFO] 2017-12-02 12:52:26,447 INFO  (LoggingStageExecutor:70) Class Taxonomy Computation started
[INFO] 2017-12-02 12:52:26,484 INFO  (AbstractReasonerStage:161) Class Taxonomy Computation using 64 workers
[INFO] 2017-12-02 12:52:26,640 INFO  (LoggingStageExecutor:103) Class Taxonomy Computation took 192 ms
[INFO] E: owl:Nothing owl:Nothing
[INFO] 2017-12-02 12:52:26,647 INFO  (CommandRunnerBase:78) disposing of org.semanticweb.elk.owlapi.ElkReasoner@3b77a04f
[INFO] 2017-12-02 12:52:26,665 INFO  (Reasoner:231) ELK reasoner has shut down
[INFO] 2017-12-02 12:52:26,666 INFO  (CommandRunnerBase:70) disposing of org.semanticweb.elk.owlapi.ElkReasoner@3b77a04f
[INFO] ------------------------------------------------------------------------
[INFO] BUILD SUCCESS
[INFO] ------------------------------------------------------------------------
[INFO] Total time: 9.267 s
[INFO] Finished at: 2017-12-02T12:52:26-07:00
[INFO] Final Memory: 21M/1963M
[INFO] ------------------------------------------------------------------------
Sat Dec  2 12:52:26 MST 2017
