Tue Oct 23 18:50:36 UTC 2018
Querying for incoherent classes in: /mnt/efsdata/obo-ci-data/base/ontologies/omrse/omrse_flat.owl
[INFO] Error stacktraces are turned on.
[INFO] Scanning for projects...
[INFO]                                                                         
[INFO] ------------------------------------------------------------------------
[INFO] Building incoherent-query 1.0
[INFO] ------------------------------------------------------------------------
[INFO] 
[INFO] --- exec-maven-plugin:1.1:exec (default-cli) @ incoherent-query ---
[INFO] 2018-10-23 18:50:40,362 INFO  (ParserWrapper:75) Start loading ontology: file:/mnt/efsdata/obo-ci-data/base/ontologies/omrse/omrse_flat.owl from: file:/mnt/efsdata/obo-ci-data/base/ontologies/omrse/omrse_flat.owl
[INFO] 2018-10-23 18:50:41,237 INFO  (ParserWrapper:82) Finished loading ontology: http://purl.obolibrary.org/obo/omrse.owl from: file:/mnt/efsdata/obo-ci-data/base/ontologies/omrse/omrse_flat.owl
[INFO] # PARSING: <http://www.w3.org/2002/07/owl#Nothing>
[INFO] 2018-10-23 18:50:41,286 INFO  (ManchesterSyntaxTool:130) parsing: <http://www.w3.org/2002/07/owl#Nothing>
[INFO] # QUERY: owl:Nothing owl:Nothing
[INFO] 2018-10-23 18:50:41,945 INFO  (CommandRunner:6042) Created reasoner: org.semanticweb.HermiT.Reasoner@d1d8e1a
[INFO] E: owl:Nothing owl:Nothing
[INFO] 2018-10-23 18:50:44,110 INFO  (CommandRunnerBase:78) disposing of org.semanticweb.HermiT.Reasoner@d1d8e1a
[INFO] 2018-10-23 18:50:44,110 INFO  (CommandRunnerBase:70) disposing of org.semanticweb.HermiT.Reasoner@d1d8e1a
[INFO] ------------------------------------------------------------------------
[INFO] BUILD SUCCESS
[INFO] ------------------------------------------------------------------------
[INFO] Total time: 6.369s
[INFO] Finished at: Tue Oct 23 18:50:44 UTC 2018
[INFO] Final Memory: 5M/229M
[INFO] ------------------------------------------------------------------------
Tue Oct 23 18:50:44 UTC 2018
