Tue Oct 23 18:50:40 UTC 2018
Querying for incoherent classes in: /mnt/efsdata/obo-ci-data/base/ontologies/ontoneo/ontoneo_flat.owl
[INFO] Error stacktraces are turned on.
[INFO] Scanning for projects...
[INFO]                                                                         
[INFO] ------------------------------------------------------------------------
[INFO] Building incoherent-query 1.0
[INFO] ------------------------------------------------------------------------
[INFO] 
[INFO] --- exec-maven-plugin:1.1:exec (default-cli) @ incoherent-query ---
[INFO] 2018-10-23 18:50:44,128 INFO  (ParserWrapper:75) Start loading ontology: file:/mnt/efsdata/obo-ci-data/base/ontologies/ontoneo/ontoneo_flat.owl from: file:/mnt/efsdata/obo-ci-data/base/ontologies/ontoneo/ontoneo_flat.owl
[INFO] 2018-10-23 18:50:45,630 ERROR (OWLOntologyManagerImpl:1138) Illegal redeclarations of entities: reuse of entity http://purl.obolibrary.org/obo/RO_0002009 in punning not allowed [Declaration(ObjectProperty(<http://purl.obolibrary.org/obo/RO_0002009>)), Declaration(AnnotationProperty(<http://purl.obolibrary.org/obo/RO_0002009>))]
[INFO] 2018-10-23 18:50:45,631 ERROR (OWLOntologyManagerImpl:1138) Illegal redeclarations of entities: reuse of entity http://purl.obolibrary.org/obo/RO_0002514 in punning not allowed [Declaration(AnnotationProperty(<http://purl.obolibrary.org/obo/RO_0002514>)), Declaration(ObjectProperty(<http://purl.obolibrary.org/obo/RO_0002514>))]
[INFO] 2018-10-23 18:50:45,631 ERROR (OWLOntologyManagerImpl:1138) Illegal redeclarations of entities: reuse of entity http://purl.obolibrary.org/obo/RO_0002226 in punning not allowed [Declaration(AnnotationProperty(<http://purl.obolibrary.org/obo/RO_0002226>)), Declaration(ObjectProperty(<http://purl.obolibrary.org/obo/RO_0002226>))]
[INFO] 2018-10-23 18:50:45,632 ERROR (OWLOntologyManagerImpl:1138) Illegal redeclarations of entities: reuse of entity http://purl.obolibrary.org/obo/RO_0002303 in punning not allowed [Declaration(AnnotationProperty(<http://purl.obolibrary.org/obo/RO_0002303>)), Declaration(ObjectProperty(<http://purl.obolibrary.org/obo/RO_0002303>))]
[INFO] 2018-10-23 18:50:45,632 ERROR (OWLOntologyManagerImpl:1138) Illegal redeclarations of entities: reuse of entity http://purl.obolibrary.org/obo/RO_0002565 in punning not allowed [Declaration(AnnotationProperty(<http://purl.obolibrary.org/obo/RO_0002565>)), Declaration(ObjectProperty(<http://purl.obolibrary.org/obo/RO_0002565>))]
[INFO] 2018-10-23 18:50:45,632 ERROR (OWLOntologyManagerImpl:1138) Illegal redeclarations of entities: reuse of entity http://purl.obolibrary.org/obo/RO_0002576 in punning not allowed [Declaration(AnnotationProperty(<http://purl.obolibrary.org/obo/RO_0002576>)), Declaration(ObjectProperty(<http://purl.obolibrary.org/obo/RO_0002576>))]
[INFO] 2018-10-23 18:50:45,632 ERROR (OWLOntologyManagerImpl:1138) Illegal redeclarations of entities: reuse of entity http://purl.obolibrary.org/obo/RO_0002507 in punning not allowed [Declaration(AnnotationProperty(<http://purl.obolibrary.org/obo/RO_0002507>)), Declaration(ObjectProperty(<http://purl.obolibrary.org/obo/RO_0002507>))]
[INFO] 2018-10-23 18:50:45,632 ERROR (OWLOntologyManagerImpl:1138) Illegal redeclarations of entities: reuse of entity http://purl.obolibrary.org/obo/OMRSE_00000136 in punning not allowed [Declaration(AnnotationProperty(<http://purl.obolibrary.org/obo/OMRSE_00000136>)), Declaration(DataProperty(<http://purl.obolibrary.org/obo/OMRSE_00000136>))]
[INFO] 2018-10-23 18:50:45,633 ERROR (OWLOntologyManagerImpl:1138) Illegal redeclarations of entities: reuse of entity http://purl.obolibrary.org/obo/RO_0002093 in punning not allowed [Declaration(ObjectProperty(<http://purl.obolibrary.org/obo/RO_0002093>)), Declaration(AnnotationProperty(<http://purl.obolibrary.org/obo/RO_0002093>))]
[INFO] 2018-10-23 18:50:45,633 ERROR (OWLOntologyManagerImpl:1138) Illegal redeclarations of entities: reuse of entity http://purl.obolibrary.org/obo/RO_0002476 in punning not allowed [Declaration(ObjectProperty(<http://purl.obolibrary.org/obo/RO_0002476>)), Declaration(AnnotationProperty(<http://purl.obolibrary.org/obo/RO_0002476>))]
[INFO] 2018-10-23 18:50:45,633 ERROR (OWLOntologyManagerImpl:1138) Illegal redeclarations of entities: reuse of entity http://purl.obolibrary.org/obo/RO_0002256 in punning not allowed [Declaration(ObjectProperty(<http://purl.obolibrary.org/obo/RO_0002256>)), Declaration(AnnotationProperty(<http://purl.obolibrary.org/obo/RO_0002256>))]
[INFO] 2018-10-23 18:50:45,633 ERROR (OWLOntologyManagerImpl:1138) Illegal redeclarations of entities: reuse of entity http://purl.obolibrary.org/obo/RO_0002254 in punning not allowed [Declaration(AnnotationProperty(<http://purl.obolibrary.org/obo/RO_0002254>)), Declaration(ObjectProperty(<http://purl.obolibrary.org/obo/RO_0002254>))]
[INFO] 2018-10-23 18:50:45,634 ERROR (OWLOntologyManagerImpl:1138) Illegal redeclarations of entities: reuse of entity http://purl.obolibrary.org/obo/RO_0002100 in punning not allowed [Declaration(AnnotationProperty(<http://purl.obolibrary.org/obo/RO_0002100>)), Declaration(ObjectProperty(<http://purl.obolibrary.org/obo/RO_0002100>))]
[INFO] 2018-10-23 18:50:45,634 ERROR (OWLOntologyManagerImpl:1138) Illegal redeclarations of entities: reuse of entity http://purl.obolibrary.org/obo/IAO_0000404 in punning not allowed [Declaration(DataProperty(<http://purl.obolibrary.org/obo/IAO_0000404>)), Declaration(AnnotationProperty(<http://purl.obolibrary.org/obo/IAO_0000404>))]
[INFO] 2018-10-23 18:50:45,634 ERROR (OWLOntologyManagerImpl:1138) Illegal redeclarations of entities: reuse of entity http://purl.obolibrary.org/obo/RO_0002086 in punning not allowed [Declaration(ObjectProperty(<http://purl.obolibrary.org/obo/RO_0002086>)), Declaration(AnnotationProperty(<http://purl.obolibrary.org/obo/RO_0002086>))]
[INFO] 2018-10-23 18:50:45,636 ERROR (OWLOntologyManagerImpl:1138) Illegal redeclarations of entities: reuse of entity http://purl.obolibrary.org/obo/RO_0002295 in punning not allowed [Declaration(AnnotationProperty(<http://purl.obolibrary.org/obo/RO_0002295>)), Declaration(ObjectProperty(<http://purl.obolibrary.org/obo/RO_0002295>))]
[INFO] 2018-10-23 18:50:45,636 ERROR (OWLOntologyManagerImpl:1138) Illegal redeclarations of entities: reuse of entity http://purl.obolibrary.org/obo/IAO_0000405 in punning not allowed [Declaration(AnnotationProperty(<http://purl.obolibrary.org/obo/IAO_0000405>)), Declaration(DataProperty(<http://purl.obolibrary.org/obo/IAO_0000405>))]
[INFO] 2018-10-23 18:50:45,636 ERROR (OWLOntologyManagerImpl:1138) Illegal redeclarations of entities: reuse of entity http://purl.obolibrary.org/obo/RO_0002010 in punning not allowed [Declaration(AnnotationProperty(<http://purl.obolibrary.org/obo/RO_0002010>)), Declaration(ObjectProperty(<http://purl.obolibrary.org/obo/RO_0002010>))]
[INFO] 2018-10-23 18:50:45,652 ERROR (OWLOntologyManagerImpl:1138) Illegal redeclarations of entities: reuse of entity http://purl.obolibrary.org/obo/IAO_0000406 in punning not allowed [Declaration(AnnotationProperty(<http://purl.obolibrary.org/obo/IAO_0000406>)), Declaration(DataProperty(<http://purl.obolibrary.org/obo/IAO_0000406>))]
[INFO] 2018-10-23 18:50:45,652 ERROR (OWLOntologyManagerImpl:1138) Illegal redeclarations of entities: reuse of entity http://purl.obolibrary.org/obo/RO_0002150 in punning not allowed [Declaration(ObjectProperty(<http://purl.obolibrary.org/obo/RO_0002150>)), Declaration(AnnotationProperty(<http://purl.obolibrary.org/obo/RO_0002150>))]
[INFO] 2018-10-23 18:50:45,652 ERROR (OWLOntologyManagerImpl:1138) Illegal redeclarations of entities: reuse of entity http://purl.obolibrary.org/obo/IAO_0000407 in punning not allowed [Declaration(ObjectProperty(<http://purl.obolibrary.org/obo/IAO_0000407>)), Declaration(AnnotationProperty(<http://purl.obolibrary.org/obo/IAO_0000407>))]
[INFO] 2018-10-23 18:50:45,691 INFO  (ParserWrapper:82) Finished loading ontology: http://purl.obolibrary.org/obo/ontoneo/ontoneo.owl from: file:/mnt/efsdata/obo-ci-data/base/ontologies/ontoneo/ontoneo_flat.owl
[INFO] # PARSING: <http://www.w3.org/2002/07/owl#Nothing>
[INFO] 2018-10-23 18:50:45,753 INFO  (ManchesterSyntaxTool:130) parsing: <http://www.w3.org/2002/07/owl#Nothing>
[INFO] # QUERY: owl:Nothing owl:Nothing
[INFO] Exception in thread "main" java.lang.IllegalArgumentException: Non-simple property '<http://purl.obolibrary.org/obo/RO_0000056>' or its inverse appears in the cardinality restriction 'ObjectMaxCardinality(1 <http://purl.obolibrary.org/obo/RO_0000056> <http://purl.obolibrary.org/obo/GO_0007567>)'.
[INFO] 	at org.semanticweb.HermiT.structural.ObjectPropertyInclusionManager.rewriteAxioms(ObjectPropertyInclusionManager.java:123)
[INFO] 	at org.semanticweb.HermiT.structural.OWLClausification.preprocessAndClausify(OWLClausification.java:161)
[INFO] 	at org.semanticweb.HermiT.Reasoner.loadOntology(Reasoner.java:208)
[INFO] 	at org.semanticweb.HermiT.Reasoner.<init>(Reasoner.java:199)
[INFO] 	at org.semanticweb.HermiT.Reasoner.<init>(Reasoner.java:173)
[INFO] 	at org.semanticweb.HermiT.ReasonerFactory.createHermiTOWLReasoner(ReasonerFactory.java:51)
[INFO] 	at org.semanticweb.HermiT.ReasonerFactory.createReasoner(ReasonerFactory.java:19)
[INFO] 	at org.semanticweb.HermiT.ReasonerFactory.createReasoner(ReasonerFactory.java:15)
[INFO] 	at owltools.cli.CommandRunner.createReasoner(CommandRunner.java:6041)
[INFO] 	at owltools.cli.CommandRunner.runSingleIteration(CommandRunner.java:2192)
[INFO] 	at owltools.cli.CommandRunnerBase.run(CommandRunnerBase.java:76)
[INFO] 	at owltools.cli.CommandRunnerBase.run(CommandRunnerBase.java:68)
[INFO] 	at owltools.cli.CommandLineInterface.main(CommandLineInterface.java:12)
[INFO] ------------------------------------------------------------------------
[INFO] BUILD FAILURE
[INFO] ------------------------------------------------------------------------
[INFO] Total time: 4.489s
[INFO] Finished at: Tue Oct 23 18:50:46 UTC 2018
[INFO] Final Memory: 5M/229M
[INFO] ------------------------------------------------------------------------
[ERROR] Failed to execute goal org.codehaus.mojo:exec-maven-plugin:1.1:exec (default-cli) on project incoherent-query: Result of /bin/sh -c cd /mnt/efsdata/obo-ci.git/scripts/classify && java -Xmx12G -DentityExpansionLimit=4086000 -Djava.awt.headless=true -DlauncherDir=/mnt/efsdata/obo-ci.git -classpath /mnt/efsdata/obo-ci.git/scripts/classify/target/classes:/home/bill/.m2/repository/org/bbop/OWLTools-Runner/0.3.0-SNAPSHOT/OWLTools-Runner-0.3.0-SNAPSHOT.jar owltools.cli.CommandLineInterface /mnt/efsdata/obo-ci-data/base/ontologies/ontoneo/ontoneo_flat.owl --reasoner-query -r hermit -e "<http://www.w3.org/2002/07/owl#Nothing>" execution is: '1'. -> [Help 1]
org.apache.maven.lifecycle.LifecycleExecutionException: Failed to execute goal org.codehaus.mojo:exec-maven-plugin:1.1:exec (default-cli) on project incoherent-query: Result of /bin/sh -c cd /mnt/efsdata/obo-ci.git/scripts/classify && java -Xmx12G -DentityExpansionLimit=4086000 -Djava.awt.headless=true -DlauncherDir=/mnt/efsdata/obo-ci.git -classpath /mnt/efsdata/obo-ci.git/scripts/classify/target/classes:/home/bill/.m2/repository/org/bbop/OWLTools-Runner/0.3.0-SNAPSHOT/OWLTools-Runner-0.3.0-SNAPSHOT.jar owltools.cli.CommandLineInterface /mnt/efsdata/obo-ci-data/base/ontologies/ontoneo/ontoneo_flat.owl --reasoner-query -r hermit -e "<http://www.w3.org/2002/07/owl#Nothing>" execution is: '1'.
	at org.apache.maven.lifecycle.internal.MojoExecutor.execute(MojoExecutor.java:217)
	at org.apache.maven.lifecycle.internal.MojoExecutor.execute(MojoExecutor.java:153)
	at org.apache.maven.lifecycle.internal.MojoExecutor.execute(MojoExecutor.java:145)
	at org.apache.maven.lifecycle.internal.LifecycleModuleBuilder.buildProject(LifecycleModuleBuilder.java:84)
	at org.apache.maven.lifecycle.internal.LifecycleModuleBuilder.buildProject(LifecycleModuleBuilder.java:59)
	at org.apache.maven.lifecycle.internal.LifecycleStarter.singleThreadedBuild(LifecycleStarter.java:183)
	at org.apache.maven.lifecycle.internal.LifecycleStarter.execute(LifecycleStarter.java:161)
	at org.apache.maven.DefaultMaven.doExecute(DefaultMaven.java:320)
	at org.apache.maven.DefaultMaven.execute(DefaultMaven.java:156)
	at org.apache.maven.cli.MavenCli.execute(MavenCli.java:537)
	at org.apache.maven.cli.MavenCli.doMain(MavenCli.java:196)
	at org.apache.maven.cli.MavenCli.main(MavenCli.java:141)
	at sun.reflect.NativeMethodAccessorImpl.invoke0(Native Method)
	at sun.reflect.NativeMethodAccessorImpl.invoke(NativeMethodAccessorImpl.java:57)
	at sun.reflect.DelegatingMethodAccessorImpl.invoke(DelegatingMethodAccessorImpl.java:43)
	at java.lang.reflect.Method.invoke(Method.java:606)
	at org.codehaus.plexus.classworlds.launcher.Launcher.launchEnhanced(Launcher.java:290)
	at org.codehaus.plexus.classworlds.launcher.Launcher.launch(Launcher.java:230)
	at org.codehaus.plexus.classworlds.launcher.Launcher.mainWithExitCode(Launcher.java:414)
	at org.codehaus.plexus.classworlds.launcher.Launcher.main(Launcher.java:357)
Caused by: org.apache.maven.plugin.MojoExecutionException: Result of /bin/sh -c cd /mnt/efsdata/obo-ci.git/scripts/classify && java -Xmx12G -DentityExpansionLimit=4086000 -Djava.awt.headless=true -DlauncherDir=/mnt/efsdata/obo-ci.git -classpath /mnt/efsdata/obo-ci.git/scripts/classify/target/classes:/home/bill/.m2/repository/org/bbop/OWLTools-Runner/0.3.0-SNAPSHOT/OWLTools-Runner-0.3.0-SNAPSHOT.jar owltools.cli.CommandLineInterface /mnt/efsdata/obo-ci-data/base/ontologies/ontoneo/ontoneo_flat.owl --reasoner-query -r hermit -e "<http://www.w3.org/2002/07/owl#Nothing>" execution is: '1'.
	at org.codehaus.mojo.exec.ExecMojo.execute(ExecMojo.java:260)
	at org.apache.maven.plugin.DefaultBuildPluginManager.executeMojo(DefaultBuildPluginManager.java:101)
	at org.apache.maven.lifecycle.internal.MojoExecutor.execute(MojoExecutor.java:209)
	... 19 more
[ERROR] 
[ERROR] Re-run Maven using the -X switch to enable full debug logging.
[ERROR] 
[ERROR] For more information about the errors and possible solutions, please read the following articles:
[ERROR] [Help 1] http://cwiki.apache.org/confluence/display/MAVEN/MojoExecutionException
Tue Oct 23 18:50:46 UTC 2018
