Sat Dec  2 12:52:15 MST 2017
Querying for incoherent classes in: /scratch/Shares/hunter/obo-ci/data-all/base/ontologies/oostt/oostt_flat.owl
[INFO] Error stacktraces are turned on.
[INFO] Scanning for projects...
[INFO]                                                                         
[INFO] ------------------------------------------------------------------------
[INFO] Building incoherent-query 1.0
[INFO] ------------------------------------------------------------------------
[INFO] 
[INFO] --- exec-maven-plugin:1.1:exec (default-cli) @ incoherent-query ---
[INFO] /bin/sh: module: line 1: syntax error: unexpected end of file
[INFO] /bin/sh: error importing function definition for `BASH_FUNC_module'
[INFO] 2017-12-02 12:52:22,554 INFO  (ParserWrapper:75) Start loading ontology: file:/scratch/Shares/hunter/obo-ci/data-all/base/ontologies/oostt/oostt_flat.owl from: file:/scratch/Shares/hunter/obo-ci/data-all/base/ontologies/oostt/oostt_flat.owl
[INFO] 2017-12-02 12:52:24,419 INFO  (ParserWrapper:82) Finished loading ontology: http://purl.obolibrary.org/obo/oostt.owl from: file:/scratch/Shares/hunter/obo-ci/data-all/base/ontologies/oostt/oostt_flat.owl
[INFO] # PARSING: <http://www.w3.org/2002/07/owl#Nothing>
[INFO] 2017-12-02 12:52:24,607 INFO  (ManchesterSyntaxTool:130) parsing: <http://www.w3.org/2002/07/owl#Nothing>
[INFO] # QUERY: owl:Nothing owl:Nothing
[INFO] 2017-12-02 12:52:24,738 INFO  (ConfigurationFactory:83) Loading default configuration parameters for class org.semanticweb.elk.reasoner.config.ReasonerConfiguration
[INFO] 2017-12-02 12:52:25,481 INFO  (Reasoner:117) ELK reasoner was created
[INFO] 2017-12-02 12:52:25,487 INFO  (CommandRunner:6042) Created reasoner: org.semanticweb.elk.owlapi.ElkReasoner@4fbda97b
[INFO] 2017-12-02 12:52:25,491 INFO  (LoggingStageExecutor:70) Loading of Axioms started
[INFO] 2017-12-02 12:52:25,520 INFO  (AbstractReasonerStage:161) Loading of Axioms using 64 workers
[INFO] 2017-12-02 12:52:25,564 WARN  (ChangeIndexingProcessor:66) [reasoner.indexing.axiomIgnored]ELK does not support ObjectInverseOf. Axiom ignored:
[INFO] SubClassOf(<http://purl.obolibrary.org/obo/IAO_0020022> ObjectIntersectionOf(ObjectSomeValuesFrom(<http://purl.obolibrary.org/obo/BFO_0000051> <http://purl.obolibrary.org/obo/IAO_0000030>) ObjectSomeValuesFrom(ObjectInverseOf(<http://purl.obolibrary.org/obo/IAO_0000136>) <http://purl.obolibrary.org/obo/IAO_0020021>) ObjectAllValuesFrom(<http://purl.obolibrary.org/obo/BFO_0000051> <http://purl.obolibrary.org/obo/IAO_0000030>)))
[INFO] 2017-12-02 12:52:25,624 WARN  (ChangeIndexingProcessor:66) [reasoner.indexing.axiomIgnored]ELK does not support DataMinCardinality . Axiom ignored:
[INFO] SubClassOf(<http://purl.obolibrary.org/obo/IAO_0000402> DataExactCardinality(1 <http://purl.obolibrary.org/obo/IAO_0000406>))
[INFO] 2017-12-02 12:52:25,639 WARN  (ChangeIndexingProcessor:66) [reasoner.indexing.axiomIgnored]ELK does not support InverseObjectProperties. Axiom ignored:
[INFO] InverseObjectProperties(<http://purl.obolibrary.org/obo/BFO_0000066> <http://purl.obolibrary.org/obo/BFO_0000067>)
[INFO] 2017-12-02 12:52:25,643 WARN  (ChangeIndexingProcessor:66) [reasoner.indexing.axiomIgnored]ELK does not support ObjectPropertyRange. Axiom ignored:
[INFO] ObjectPropertyRange(<http://purl.obolibrary.org/obo/OOSTT_00000042> <http://purl.obolibrary.org/obo/OBI_0000011>)
[INFO] 2017-12-02 12:52:25,652 WARN  (IndexedObjectComplementOf:84) [reasoner.indexing.IndexedObjectComplementOf]ELK does not support negative occurrences of ObjectComplementOf. Reasoning might be incomplete!
[INFO] 2017-12-02 12:52:25,662 WARN  (ChangeIndexingProcessor:66) [reasoner.indexing.axiomIgnored]ELK does not support InverseObjectProperties. Axiom ignored:
[INFO] InverseObjectProperties(<http://purl.obolibrary.org/obo/RO_0001000> <http://purl.obolibrary.org/obo/RO_0001001>)
[INFO] 2017-12-02 12:52:25,669 WARN  (ChangeIndexingProcessor:66) [reasoner.indexing.axiomIgnored]ELK does not support ObjectPropertyRange. Axiom ignored:
[INFO] ObjectPropertyRange(<http://purl.obolibrary.org/obo/IAO_0000039> <http://purl.obolibrary.org/obo/IAO_0000003>)
[INFO] 2017-12-02 12:52:25,683 WARN  (ChangeIndexingProcessor:66) [reasoner.indexing.axiomIgnored]ELK does not support DataPropertyRange. Axiom ignored:
[INFO] DataPropertyRange(<http://purl.obolibrary.org/obo/OBI_0001937> <http://www.w3.org/2002/07/owl#real>)
[INFO] 2017-12-02 12:52:25,687 WARN  (ChangeIndexingProcessor:66) [reasoner.indexing.axiomIgnored]ELK does not support ObjectInverseOf. Axiom ignored:
[INFO] SubClassOf(<http://purl.obolibrary.org/obo/OOSTT_00000231> ObjectIntersectionOf(<http://purl.obolibrary.org/obo/OMRSE_00000023> ObjectSomeValuesFrom(<http://purl.obolibrary.org/obo/BFO_0000075> ObjectIntersectionOf(<http://purl.obolibrary.org/obo/NCBITaxon_9606> ObjectSomeValuesFrom(<http://purl.obolibrary.org/obo/RO_0000087> <http://purl.obolibrary.org/obo/OMRSE_00000130>) ObjectSomeValuesFrom(ObjectInverseOf(<http://purl.obolibrary.org/obo/IAO_0000142>) <http://purl.obolibrary.org/obo/OOSTT_00000037>)))))
[INFO] 2017-12-02 12:52:25,691 WARN  (ChangeIndexingProcessor:66) [reasoner.indexing.axiomIgnored]ELK does not support DataPropertyDomain. Axiom ignored:
[INFO] DataPropertyDomain(<http://purl.obolibrary.org/obo/IAO_0000405> <http://purl.obolibrary.org/obo/IAO_0000400>)
[INFO] 2017-12-02 12:52:25,695 WARN  (ChangeIndexingProcessor:66) [reasoner.indexing.axiomIgnored]ELK does not support ObjectOneOf. Axiom ignored:
[INFO] EquivalentClasses(<http://purl.obolibrary.org/obo/IAO_0000078> ObjectOneOf(<http://purl.obolibrary.org/obo/IAO_0000428> <http://purl.obolibrary.org/obo/IAO_0000423> <http://purl.obolibrary.org/obo/IAO_0000124> <http://purl.obolibrary.org/obo/IAO_0000125> <http://purl.obolibrary.org/obo/IAO_0000122> <http://purl.obolibrary.org/obo/IAO_0000002> <http://purl.obolibrary.org/obo/IAO_0000123> <http://purl.obolibrary.org/obo/IAO_0000120> <http://purl.obolibrary.org/obo/IAO_0000121>))
[INFO] 2017-12-02 12:52:25,696 WARN  (ChangeIndexingProcessor:66) [reasoner.indexing.axiomIgnored]ELK does not support ObjectInverseOf. Axiom ignored:
[INFO] SubClassOf(<http://purl.obolibrary.org/obo/OOSTT_00000194> ObjectSomeValuesFrom(<http://purl.obolibrary.org/obo/BFO_0000075> ObjectIntersectionOf(<http://purl.obolibrary.org/obo/NCBITaxon_9606> ObjectSomeValuesFrom(<http://purl.obolibrary.org/obo/RO_0000053> <http://purl.obolibrary.org/obo/OOSTT_00000195>) ObjectSomeValuesFrom(ObjectInverseOf(<http://purl.obolibrary.org/obo/IAO_0000136>) <http://purl.obolibrary.org/obo/OOSTT_00000166>))))
[INFO] 2017-12-02 12:52:25,698 WARN  (ChangeIndexingProcessor:66) [reasoner.indexing.axiomIgnored]ELK does not support ObjectInverseOf. Axiom ignored:
[INFO] SubClassOf(<http://purl.obolibrary.org/obo/OOSTT_00000199> ObjectIntersectionOf(<http://purl.obolibrary.org/obo/OMRSE_00000023> ObjectSomeValuesFrom(<http://purl.obolibrary.org/obo/BFO_0000075> ObjectIntersectionOf(<http://purl.obolibrary.org/obo/NCBITaxon_9606> ObjectSomeValuesFrom(<http://purl.obolibrary.org/obo/RO_0000053> ObjectIntersectionOf(<http://purl.obolibrary.org/obo/OOSTT_00000106> ObjectSomeValuesFrom(<http://purl.obolibrary.org/obo/BFO_0000054> <http://purl.obolibrary.org/obo/OOSTT_00000107>))) ObjectSomeValuesFrom(<http://purl.obolibrary.org/obo/RO_0000087> <http://purl.obolibrary.org/obo/OOSTT_00000096>) ObjectSomeValuesFrom(ObjectInverseOf(<http://purl.obolibrary.org/obo/IAO_0000142>) <http://purl.obolibrary.org/obo/OOSTT_00000037>)))))
[INFO] 2017-12-02 12:52:25,711 WARN  (ChangeIndexingProcessor:66) [reasoner.indexing.axiomIgnored]ELK does not support ObjectPropertyRange. Axiom ignored:
[INFO] ObjectPropertyRange(<http://purl.obolibrary.org/obo/OBI_0001938> <http://purl.obolibrary.org/obo/OBI_0001933>)
[INFO] 2017-12-02 12:52:25,712 WARN  (ChangeIndexingProcessor:66) [reasoner.indexing.axiomIgnored]ELK does not support InverseObjectProperties. Axiom ignored:
[INFO] InverseObjectProperties(<http://purl.obolibrary.org/obo/OOSTT_00000123> <http://purl.obolibrary.org/obo/OOSTT_00000278>)
[INFO] 2017-12-02 12:52:25,713 WARN  (ChangeIndexingProcessor:66) [reasoner.indexing.axiomIgnored]ELK does not support ObjectInverseOf. Axiom ignored:
[INFO] SubClassOf(<http://purl.obolibrary.org/obo/OOSTT_00000176> ObjectSomeValuesFrom(<http://purl.obolibrary.org/obo/BFO_0000075> ObjectIntersectionOf(<http://purl.obolibrary.org/obo/NCBITaxon_9606> ObjectSomeValuesFrom(<http://purl.obolibrary.org/obo/RO_0000053> <http://purl.obolibrary.org/obo/OOSTT_00000171>) ObjectSomeValuesFrom(ObjectInverseOf(<http://purl.obolibrary.org/obo/IAO_0000136>) <http://purl.obolibrary.org/obo/OOSTT_00000169>))))
[INFO] 2017-12-02 12:52:25,714 WARN  (ChangeIndexingProcessor:66) [reasoner.indexing.axiomIgnored]ELK does not support DataMinCardinality . Axiom ignored:
[INFO] SubClassOf(<http://purl.obolibrary.org/obo/IAO_0000403> DataExactCardinality(1 <http://purl.obolibrary.org/obo/IAO_0000406>))
[INFO] 2017-12-02 12:52:25,719 WARN  (ChangeIndexingProcessor:66) [reasoner.indexing.axiomIgnored]ELK does not support ObjectPropertyRange. Axiom ignored:
[INFO] ObjectPropertyRange(<http://purl.obolibrary.org/obo/RO_0000059> <http://purl.obolibrary.org/obo/BFO_0000031>)
[INFO] 2017-12-02 12:52:25,727 WARN  (IndexedObjectUnionOf:92) [reasoner.indexing.IndexedObjectUnionOf]ELK does not support positive occurrences of ObjectUnionOf. Reasoning might be incomplete!
[INFO] 2017-12-02 12:52:25,728 WARN  (IndexedObjectComplementOf:84) [reasoner.indexing.IndexedObjectComplementOf]ELK does not support negative occurrences of ObjectComplementOf. Reasoning might be incomplete!
[INFO] 2017-12-02 12:52:25,735 WARN  (ChangeIndexingProcessor:66) [reasoner.indexing.axiomIgnored]ELK does not support FunctionalObjectProperty. Axiom ignored:
[INFO] FunctionalObjectProperty(<http://purl.obolibrary.org/obo/IAO_0000039>)
[INFO] 2017-12-02 12:52:25,737 WARN  (ChangeIndexingProcessor:66) [reasoner.indexing.axiomIgnored]ELK does not support ObjectInverseOf. Axiom ignored:
[INFO] SubClassOf(<http://purl.obolibrary.org/obo/OOSTT_00000221> ObjectIntersectionOf(<http://purl.obolibrary.org/obo/OMRSE_00000023> ObjectSomeValuesFrom(<http://purl.obolibrary.org/obo/BFO_0000075> ObjectIntersectionOf(<http://purl.obolibrary.org/obo/NCBITaxon_9606> ObjectSomeValuesFrom(<http://purl.obolibrary.org/obo/RO_0000087> <http://purl.obolibrary.org/obo/OOSTT_00000219>) ObjectSomeValuesFrom(ObjectInverseOf(<http://purl.obolibrary.org/obo/IAO_0000142>) <http://purl.obolibrary.org/obo/OOSTT_00000037>)))))
[INFO] 2017-12-02 12:52:25,737 WARN  (ChangeIndexingProcessor:66) [reasoner.indexing.axiomIgnored]ELK does not support ObjectPropertyRange. Axiom ignored:
[INFO] ObjectPropertyRange(<http://purl.obolibrary.org/obo/OOSTT_00000145> <http://purl.obolibrary.org/obo/GEO_000000372>)
[INFO] 2017-12-02 12:52:25,741 WARN  (ChangeIndexingProcessor:66) [reasoner.indexing.axiomIgnored]ELK does not support ObjectMinCardinality. Axiom ignored:
[INFO] SubClassOf(<http://purl.obolibrary.org/obo/IAO_0000032> ObjectMinCardinality(1 <http://purl.obolibrary.org/obo/IAO_0000039>))
[INFO] 2017-12-02 12:52:25,743 WARN  (ChangeIndexingProcessor:66) [reasoner.indexing.axiomIgnored]ELK does not support ObjectInverseOf. Axiom ignored:
[INFO] SubClassOf(<http://purl.obolibrary.org/obo/OOSTT_00000228> ObjectIntersectionOf(<http://purl.obolibrary.org/obo/OMRSE_00000023> ObjectIntersectionOf(ObjectSomeValuesFrom(<http://purl.obolibrary.org/obo/RO_0000087> <http://purl.obolibrary.org/obo/OOSTT_00000090>) ObjectSomeValuesFrom(ObjectInverseOf(<http://purl.obolibrary.org/obo/IAO_0000136>) <http://purl.obolibrary.org/obo/OOSTT_00000037>)) ObjectSomeValuesFrom(<http://purl.obolibrary.org/obo/RO_0000053> <http://purl.obolibrary.org/obo/OOSTT_00000208>)))
[INFO] 2017-12-02 12:52:25,744 WARN  (ChangeIndexingProcessor:66) [reasoner.indexing.axiomIgnored]ELK does not support ObjectPropertyRange. Axiom ignored:
[INFO] ObjectPropertyRange(<http://purl.obolibrary.org/obo/BFO_0000066> <http://purl.obolibrary.org/obo/BFO_0000004>)
[INFO] 2017-12-02 12:52:25,745 WARN  (ChangeIndexingProcessor:66) [reasoner.indexing.axiomIgnored]ELK does not support ObjectPropertyRange. Axiom ignored:
[INFO] ObjectPropertyRange(<http://purl.obolibrary.org/obo/RO_0002002> <http://purl.obolibrary.org/obo/BFO_0000141>)
[INFO] 2017-12-02 12:52:25,745 WARN  (ChangeIndexingProcessor:66) [reasoner.indexing.axiomIgnored]ELK does not support ObjectInverseOf. Axiom ignored:
[INFO] SubClassOf(<http://purl.obolibrary.org/obo/OOSTT_00000213> ObjectIntersectionOf(<http://purl.obolibrary.org/obo/OMRSE_00000023> ObjectIntersectionOf(ObjectSomeValuesFrom(<http://purl.obolibrary.org/obo/RO_0000087> <http://purl.obolibrary.org/obo/OOSTT_00000096>) ObjectSomeValuesFrom(ObjectInverseOf(<http://purl.obolibrary.org/obo/IAO_0000136>) <http://purl.obolibrary.org/obo/OOSTT_00000037>)) ObjectSomeValuesFrom(ObjectInverseOf(<http://purl.obolibrary.org/obo/IAO_0000136>) <http://purl.obolibrary.org/obo/OOSTT_00000212>)))
[INFO] 2017-12-02 12:52:25,746 WARN  (ChangeIndexingProcessor:66) [reasoner.indexing.axiomIgnored]ELK does not support DataPropertyDomain. Axiom ignored:
[INFO] DataPropertyDomain(<http://purl.obolibrary.org/obo/IAO_0000406> <http://purl.obolibrary.org/obo/IAO_0000400>)
[INFO] 2017-12-02 12:52:25,747 WARN  (ChangeIndexingProcessor:66) [reasoner.indexing.axiomIgnored]ELK does not support ObjectOneOf. Axiom ignored:
[INFO] EquivalentClasses(<http://purl.obolibrary.org/obo/IAO_0000225> ObjectOneOf(<http://purl.obolibrary.org/obo/IAO_0000229> <http://purl.obolibrary.org/obo/IAO_0000227> <http://purl.obolibrary.org/obo/IAO_0000228> <http://purl.obolibrary.org/obo/IAO_0000226> <http://purl.obolibrary.org/obo/IAO_0000103>))
[INFO] 2017-12-02 12:52:25,749 WARN  (ChangeIndexingProcessor:66) [reasoner.indexing.axiomIgnored]ELK does not support InverseObjectProperties. Axiom ignored:
[INFO] InverseObjectProperties(<http://purl.obolibrary.org/obo/RO_0000058> <http://purl.obolibrary.org/obo/RO_0000059>)
[INFO] 2017-12-02 12:52:25,751 WARN  (ChangeIndexingProcessor:66) [reasoner.indexing.axiomIgnored]ELK does not support IrreflexiveObjectProperty. Axiom ignored:
[INFO] IrreflexiveObjectProperty(<http://purl.obolibrary.org/obo/IAO_0020018>)
[INFO] 2017-12-02 12:52:25,752 WARN  (ChangeIndexingProcessor:66) [reasoner.indexing.axiomIgnored]ELK does not support InverseObjectProperties. Axiom ignored:
[INFO] InverseObjectProperties(<http://purl.obolibrary.org/obo/OBI_0000299> <http://purl.obolibrary.org/obo/OBI_0000312>)
[INFO] 2017-12-02 12:52:25,752 WARN  (ChangeIndexingProcessor:66) [reasoner.indexing.axiomIgnored]ELK does not support InverseObjectProperties. Axiom ignored:
[INFO] InverseObjectProperties(<http://purl.obolibrary.org/obo/RO_0000056> <http://purl.obolibrary.org/obo/RO_0000057>)
[INFO] 2017-12-02 12:52:25,753 WARN  (ChangeIndexingProcessor:66) [reasoner.indexing.axiomIgnored]ELK does not support IrreflexiveObjectProperty. Axiom ignored:
[INFO] IrreflexiveObjectProperty(<http://purl.obolibrary.org/obo/IAO_0020013>)
[INFO] 2017-12-02 12:52:25,753 WARN  (ChangeIndexingProcessor:66) [reasoner.indexing.axiomIgnored]ELK does not support IrreflexiveObjectProperty. Axiom ignored:
[INFO] IrreflexiveObjectProperty(<http://purl.obolibrary.org/obo/IAO_0020014>)
[INFO] 2017-12-02 12:52:25,754 WARN  (ChangeIndexingProcessor:66) [reasoner.indexing.axiomIgnored]ELK does not support ObjectOneOf. Axiom ignored:
[INFO] EquivalentClasses(<http://www.geneontology.org/formats/oboInOwl#Subset> ObjectOneOf(<http://purl.obolibrary.org/obo/IAO_0000224>))
[INFO] 2017-12-02 12:52:25,755 WARN  (ChangeIndexingProcessor:66) [reasoner.indexing.axiomIgnored]ELK does not support IrreflexiveObjectProperty. Axiom ignored:
[INFO] IrreflexiveObjectProperty(<http://purl.obolibrary.org/obo/IAO_0020012>)
[INFO] 2017-12-02 12:52:25,755 WARN  (ChangeIndexingProcessor:66) [reasoner.indexing.axiomIgnored]ELK does not support ObjectPropertyRange. Axiom ignored:
[INFO] ObjectPropertyRange(<http://purl.obolibrary.org/obo/OBI_0000312> <http://purl.obolibrary.org/obo/OBI_0000011>)
[INFO] 2017-12-02 12:52:25,757 WARN  (ChangeIndexingProcessor:66) [reasoner.indexing.axiomIgnored]ELK does not support InverseObjectProperties. Axiom ignored:
[INFO] InverseObjectProperties(<http://purl.obolibrary.org/obo/RO_0000052> <http://purl.obolibrary.org/obo/RO_0000053>)
[INFO] 2017-12-02 12:52:25,757 WARN  (ChangeIndexingProcessor:66) [reasoner.indexing.axiomIgnored]ELK does not support FunctionalObjectProperty. Axiom ignored:
[INFO] FunctionalObjectProperty(<http://purl.obolibrary.org/obo/IAO_0021012>)
[INFO] 2017-12-02 12:52:25,757 WARN  (IndexedObjectUnionOf:92) [reasoner.indexing.IndexedObjectUnionOf]ELK does not support positive occurrences of ObjectUnionOf. Reasoning might be incomplete!
[INFO] 2017-12-02 12:52:25,758 WARN  (ChangeIndexingProcessor:66) [reasoner.indexing.axiomIgnored]ELK does not support ObjectAllValuesFrom. Axiom ignored:
[INFO] SubClassOf(<http://purl.obolibrary.org/obo/IAO_0021021> ObjectSomeValuesFrom(<http://purl.obolibrary.org/obo/RO_0000052> ObjectIntersectionOf(ObjectUnionOf(<http://purl.obolibrary.org/obo/NCBITaxon_9606> <http://purl.obolibrary.org/obo/OBI_0000245> <http://purl.obolibrary.org/obo/OMRSE_00000023> <http://purl.obolibrary.org/obo/OMRSE_00000033>) ObjectAllValuesFrom(<http://purl.obolibrary.org/obo/BFO_0000054> ObjectIntersectionOf(<http://purl.obolibrary.org/obo/OBI_0000011> ObjectSomeValuesFrom(<http://purl.obolibrary.org/obo/OBI_0000299> ObjectIntersectionOf(<http://purl.obolibrary.org/obo/IAO_0000310> ObjectSomeValuesFrom(<http://purl.obolibrary.org/obo/RO_0000056> <http://purl.obolibrary.org/obo/IAO_0021002>))))))))
[INFO] 2017-12-02 12:52:25,762 WARN  (ChangeIndexingProcessor:66) [reasoner.indexing.axiomIgnored]ELK does not support ObjectAllValuesFrom. Axiom ignored:
[INFO] EquivalentClasses(<http://purl.obolibrary.org/obo/IAO_0020000> ObjectIntersectionOf(ObjectSomeValuesFrom(<http://purl.obolibrary.org/obo/IAO_0020012> <http://purl.obolibrary.org/obo/BFO_0000001>) ObjectAllValuesFrom(<http://purl.obolibrary.org/obo/OBI_0000312> <http://purl.obolibrary.org/obo/IAO_0020010>)))
[INFO] 2017-12-02 12:52:25,763 WARN  (ChangeIndexingProcessor:66) [reasoner.indexing.axiomIgnored]ELK does not support FunctionalObjectProperty. Axiom ignored:
[INFO] FunctionalObjectProperty(<http://purl.obolibrary.org/obo/IAO_0021011>)
[INFO] 2017-12-02 12:52:25,764 WARN  (ChangeIndexingProcessor:66) [reasoner.indexing.axiomIgnored]ELK does not support ObjectPropertyRange. Axiom ignored:
[INFO] ObjectPropertyRange(<http://purl.obolibrary.org/obo/IAO_0000407> <http://purl.obolibrary.org/obo/UO_0000001>)
[INFO] 2017-12-02 12:52:25,765 WARN  (ChangeIndexingProcessor:66) [reasoner.indexing.axiomIgnored]ELK does not support ObjectPropertyRange. Axiom ignored:
[INFO] ObjectPropertyRange(<http://purl.obolibrary.org/obo/RO_0000058> <http://purl.obolibrary.org/obo/BFO_0000020>)
[INFO] 2017-12-02 12:52:25,776 WARN  (ChangeIndexingProcessor:66) [reasoner.indexing.axiomIgnored]ELK does not support DataPropertyDomain. Axiom ignored:
[INFO] DataPropertyDomain(<http://purl.obolibrary.org/obo/IAO_0000004> <http://purl.obolibrary.org/obo/IAO_0000032>)
[INFO] 2017-12-02 12:52:25,781 WARN  (ChangeIndexingProcessor:66) [reasoner.indexing.axiomIgnored]ELK does not support ObjectInverseOf. Axiom ignored:
[INFO] SubClassOf(<http://purl.obolibrary.org/obo/OOSTT_00000234> ObjectIntersectionOf(<http://purl.obolibrary.org/obo/OMRSE_00000023> ObjectSomeValuesFrom(<http://purl.obolibrary.org/obo/BFO_0000075> ObjectIntersectionOf(<http://purl.obolibrary.org/obo/NCBITaxon_9606> ObjectSomeValuesFrom(<http://purl.obolibrary.org/obo/RO_0000087> <http://purl.obolibrary.org/obo/OMRSE_00000130>) ObjectSomeValuesFrom(ObjectInverseOf(<http://purl.obolibrary.org/obo/IAO_0000136>) <http://purl.obolibrary.org/obo/OOSTT_00000233>) ObjectSomeValuesFrom(ObjectInverseOf(<http://purl.obolibrary.org/obo/IAO_0000142>) <http://purl.obolibrary.org/obo/OOSTT_00000037>)))))
[INFO] 2017-12-02 12:52:25,783 WARN  (IndexedObjectUnionOf:92) [reasoner.indexing.IndexedObjectUnionOf]ELK does not support positive occurrences of ObjectUnionOf. Reasoning might be incomplete!
[INFO] 2017-12-02 12:52:25,784 WARN  (ChangeIndexingProcessor:66) [reasoner.indexing.axiomIgnored]ELK does not support ObjectPropertyRange. Axiom ignored:
[INFO] ObjectPropertyRange(<http://purl.obolibrary.org/obo/OBI_0000846> <http://purl.obolibrary.org/obo/OBI_0000245>)
[INFO] 2017-12-02 12:52:25,785 WARN  (ChangeIndexingProcessor:66) [reasoner.indexing.axiomIgnored]ELK does not support InverseObjectProperties. Axiom ignored:
[INFO] InverseObjectProperties(<http://purl.obolibrary.org/obo/RO_0000091> <http://purl.obolibrary.org/obo/RO_0000092>)
[INFO] 2017-12-02 12:52:25,786 WARN  (ChangeIndexingProcessor:66) [reasoner.indexing.axiomIgnored]ELK does not support ObjectInverseOf. Axiom ignored:
[INFO] SubClassOf(<http://purl.obolibrary.org/obo/IAO_0020023> ObjectIntersectionOf(<http://purl.obolibrary.org/obo/BFO_0000015> ObjectSomeValuesFrom(<http://purl.obolibrary.org/obo/BFO_0000055> <http://purl.obolibrary.org/obo/IAO_0020024>) ObjectSomeValuesFrom(<http://purl.obolibrary.org/obo/RO_0000057> <http://purl.obolibrary.org/obo/IAO_0000027>) ObjectSomeValuesFrom(<http://purl.obolibrary.org/obo/RO_0000057> ObjectSomeValuesFrom(ObjectInverseOf(<http://purl.obolibrary.org/obo/IAO_0000136>) <http://purl.obolibrary.org/obo/IAO_0000027>))))
[INFO] 2017-12-02 12:52:25,787 WARN  (IndexedObjectUnionOf:92) [reasoner.indexing.IndexedObjectUnionOf]ELK does not support positive occurrences of ObjectUnionOf. Reasoning might be incomplete!
[INFO] 2017-12-02 12:52:25,794 WARN  (ChangeIndexingProcessor:66) [reasoner.indexing.axiomIgnored]ELK does not support FunctionalDataProperty. Axiom ignored:
[INFO] FunctionalDataProperty(<http://purl.obolibrary.org/obo/IAO_0000004>)
[INFO] 2017-12-02 12:52:25,795 WARN  (ChangeIndexingProcessor:66) [reasoner.indexing.axiomIgnored]ELK does not support InverseObjectProperties. Axiom ignored:
[INFO] InverseObjectProperties(<http://purl.obolibrary.org/obo/IAO_0020012> <http://purl.obolibrary.org/obo/IAO_0020018>)
[INFO] 2017-12-02 12:52:25,796 WARN  (IndexedObjectUnionOf:92) [reasoner.indexing.IndexedObjectUnionOf]ELK does not support positive occurrences of ObjectUnionOf. Reasoning might be incomplete!
[INFO] 2017-12-02 12:52:25,796 WARN  (IndexedObjectUnionOf:92) [reasoner.indexing.IndexedObjectUnionOf]ELK does not support positive occurrences of ObjectUnionOf. Reasoning might be incomplete!
[INFO] 2017-12-02 12:52:25,797 WARN  (ChangeIndexingProcessor:66) [reasoner.indexing.axiomIgnored]ELK does not support ObjectPropertyRange. Axiom ignored:
[INFO] ObjectPropertyRange(<http://purl.obolibrary.org/obo/BFO_0000054> <http://purl.obolibrary.org/obo/BFO_0000015>)
[INFO] 2017-12-02 12:52:25,798 WARN  (ChangeIndexingProcessor:66) [reasoner.indexing.axiomIgnored]ELK does not support ObjectInverseOf. Axiom ignored:
[INFO] SubClassOf(<http://purl.obolibrary.org/obo/OOSTT_00000229> ObjectIntersectionOf(<http://purl.obolibrary.org/obo/OMRSE_00000023> ObjectIntersectionOf(ObjectSomeValuesFrom(<http://purl.obolibrary.org/obo/RO_0000087> <http://purl.obolibrary.org/obo/OOSTT_00000367>) ObjectSomeValuesFrom(ObjectInverseOf(<http://purl.obolibrary.org/obo/IAO_0000136>) <http://purl.obolibrary.org/obo/OOSTT_00000037>)) ObjectSomeValuesFrom(<http://purl.obolibrary.org/obo/RO_0000053> <http://purl.obolibrary.org/obo/OOSTT_00000208>)))
[INFO] 2017-12-02 12:52:25,800 WARN  (ChangeIndexingProcessor:66) [reasoner.indexing.axiomIgnored]ELK does not support AsymmetricObjectProperty. Axiom ignored:
[INFO] AsymmetricObjectProperty(<http://purl.obolibrary.org/obo/IAO_0020018>)
[INFO] 2017-12-02 12:52:25,801 WARN  (ChangeIndexingProcessor:66) [reasoner.indexing.axiomIgnored]ELK does not support ObjectExactCardinality. Axiom ignored:
[INFO] SubClassOf(<http://purl.obolibrary.org/obo/IAO_0000400> ObjectExactCardinality(1 <http://purl.obolibrary.org/obo/IAO_0000407>))
[INFO] 2017-12-02 12:52:25,802 WARN  (ChangeIndexingProcessor:66) [reasoner.indexing.axiomIgnored]ELK does not support AsymmetricObjectProperty. Axiom ignored:
[INFO] AsymmetricObjectProperty(<http://purl.obolibrary.org/obo/IAO_0020013>)
[INFO] 2017-12-02 12:52:25,803 WARN  (IndexedObjectComplementOf:84) [reasoner.indexing.IndexedObjectComplementOf]ELK does not support negative occurrences of ObjectComplementOf. Reasoning might be incomplete!
[INFO] 2017-12-02 12:52:25,804 WARN  (IndexedObjectComplementOf:84) [reasoner.indexing.IndexedObjectComplementOf]ELK does not support negative occurrences of ObjectComplementOf. Reasoning might be incomplete!
[INFO] 2017-12-02 12:52:25,805 WARN  (ChangeIndexingProcessor:66) [reasoner.indexing.axiomIgnored]ELK does not support AsymmetricObjectProperty. Axiom ignored:
[INFO] AsymmetricObjectProperty(<http://purl.obolibrary.org/obo/IAO_0020012>)
[INFO] 2017-12-02 12:52:25,805 WARN  (ChangeIndexingProcessor:66) [reasoner.indexing.axiomIgnored]ELK does not support FunctionalObjectProperty. Axiom ignored:
[INFO] FunctionalObjectProperty(<http://purl.obolibrary.org/obo/IAO_0000407>)
[INFO] 2017-12-02 12:52:25,806 WARN  (ChangeIndexingProcessor:66) [reasoner.indexing.axiomIgnored]ELK does not support ObjectPropertyRange. Axiom ignored:
[INFO] ObjectPropertyRange(<http://purl.obolibrary.org/obo/IAO_0000581> <http://purl.obolibrary.org/obo/IAO_0000416>)
[INFO] 2017-12-02 12:52:25,806 WARN  (ChangeIndexingProcessor:66) [reasoner.indexing.axiomIgnored]ELK does not support AsymmetricObjectProperty. Axiom ignored:
[INFO] AsymmetricObjectProperty(<http://purl.obolibrary.org/obo/IAO_0020014>)
[INFO] 2017-12-02 12:52:25,806 WARN  (ChangeIndexingProcessor:66) [reasoner.indexing.axiomIgnored]ELK does not support DataPropertyDomain. Axiom ignored:
[INFO] DataPropertyDomain(<http://purl.obolibrary.org/obo/IAO_0000404> <http://purl.obolibrary.org/obo/IAO_0000400>)
[INFO] 2017-12-02 12:52:25,807 WARN  (ChangeIndexingProcessor:66) [reasoner.indexing.axiomIgnored]ELK does not support ObjectInverseOf. Axiom ignored:
[INFO] SubClassOf(<http://purl.obolibrary.org/obo/OOSTT_00000369> ObjectIntersectionOf(<http://purl.obolibrary.org/obo/OMRSE_00000023> ObjectSomeValuesFrom(<http://purl.obolibrary.org/obo/BFO_0000075> ObjectIntersectionOf(<http://purl.obolibrary.org/obo/NCBITaxon_9606> ObjectSomeValuesFrom(<http://purl.obolibrary.org/obo/RO_0000087> <http://purl.obolibrary.org/obo/OOSTT_00000366>) ObjectSomeValuesFrom(ObjectInverseOf(<http://purl.obolibrary.org/obo/IAO_0000142>) <http://purl.obolibrary.org/obo/OOSTT_00000037>)))))
[INFO] 2017-12-02 12:52:25,810 WARN  (ChangeIndexingProcessor:66) [reasoner.indexing.axiomIgnored]ELK does not support ObjectInverseOf. Axiom ignored:
[INFO] SubClassOf(<http://purl.obolibrary.org/obo/OOSTT_00000217> ObjectIntersectionOf(<http://purl.obolibrary.org/obo/OMRSE_00000023> ObjectSomeValuesFrom(<http://purl.obolibrary.org/obo/BFO_0000075> ObjectIntersectionOf(<http://purl.obolibrary.org/obo/NCBITaxon_9606> ObjectSomeValuesFrom(<http://purl.obolibrary.org/obo/RO_0000087> <http://purl.obolibrary.org/obo/OOSTT_00000090>) ObjectSomeValuesFrom(ObjectInverseOf(<http://purl.obolibrary.org/obo/IAO_0000142>) <http://purl.obolibrary.org/obo/OOSTT_00000037>)))))
[INFO] 2017-12-02 12:52:25,811 WARN  (ChangeIndexingProcessor:66) [reasoner.indexing.axiomIgnored]ELK does not support ObjectAllValuesFrom. Axiom ignored:
[INFO] EquivalentClasses(<http://purl.obolibrary.org/obo/IAO_0020015> ObjectIntersectionOf(<http://purl.obolibrary.org/obo/IAO_0020000> ObjectAllValuesFrom(<http://purl.obolibrary.org/obo/IAO_0020012> <http://purl.obolibrary.org/obo/NCBITaxon_9606>)))
[INFO] 2017-12-02 12:52:25,813 WARN  (ChangeIndexingProcessor:66) [reasoner.indexing.axiomIgnored]ELK does not support ObjectOneOf. Axiom ignored:
[INFO] EquivalentClasses(<http://purl.obolibrary.org/obo/IAO_0000409> ObjectOneOf(<http://purl.obolibrary.org/obo/IAO_0000410> <http://purl.obolibrary.org/obo/IAO_0000421> <http://purl.obolibrary.org/obo/IAO_0000420>))
[INFO] 2017-12-02 12:52:25,814 WARN  (ChangeIndexingProcessor:66) [reasoner.indexing.axiomIgnored]ELK does not support DataMinCardinality . Axiom ignored:
[INFO] SubClassOf(<http://purl.obolibrary.org/obo/IAO_0000403> DataExactCardinality(1 <http://purl.obolibrary.org/obo/IAO_0000405>))
[INFO] 2017-12-02 12:52:25,816 WARN  (ChangeIndexingProcessor:66) [reasoner.indexing.axiomIgnored]ELK does not support ObjectInverseOf. Axiom ignored:
[INFO] SubClassOf(<http://purl.obolibrary.org/obo/OOSTT_00000201> ObjectIntersectionOf(<http://purl.obolibrary.org/obo/OMRSE_00000023> ObjectSomeValuesFrom(<http://purl.obolibrary.org/obo/BFO_0000075> ObjectIntersectionOf(<http://purl.obolibrary.org/obo/NCBITaxon_9606> ObjectSomeValuesFrom(<http://purl.obolibrary.org/obo/RO_0000087> <http://purl.obolibrary.org/obo/OOSTT_00000096>) ObjectSomeValuesFrom(ObjectInverseOf(<http://purl.obolibrary.org/obo/IAO_0000136>) <http://purl.obolibrary.org/obo/OOSTT_00000204>) ObjectSomeValuesFrom(ObjectInverseOf(<http://purl.obolibrary.org/obo/IAO_0000142>) <http://purl.obolibrary.org/obo/OOSTT_00000037>)))))
[INFO] 2017-12-02 12:52:25,819 WARN  (ChangeIndexingProcessor:66) [reasoner.indexing.axiomIgnored]ELK does not support InverseObjectProperties. Axiom ignored:
[INFO] InverseObjectProperties(<http://purl.obolibrary.org/obo/RO_0002000> <http://purl.obolibrary.org/obo/RO_0002002>)
[INFO] 2017-12-02 12:52:25,820 WARN  (ChangeIndexingProcessor:66) [reasoner.indexing.axiomIgnored]ELK does not support ObjectInverseOf. Axiom ignored:
[INFO] SubClassOf(<http://purl.obolibrary.org/obo/OOSTT_00000207> ObjectIntersectionOf(<http://purl.obolibrary.org/obo/OMRSE_00000023> ObjectSomeValuesFrom(<http://purl.obolibrary.org/obo/BFO_0000075> ObjectIntersectionOf(<http://purl.obolibrary.org/obo/NCBITaxon_9606> ObjectSomeValuesFrom(<http://purl.obolibrary.org/obo/RO_0000087> <http://purl.obolibrary.org/obo/OOSTT_00000096>) ObjectSomeValuesFrom(ObjectInverseOf(<http://purl.obolibrary.org/obo/IAO_0000142>) <http://purl.obolibrary.org/obo/OOSTT_00000037>)))))
[INFO] 2017-12-02 12:52:25,821 WARN  (ChangeIndexingProcessor:66) [reasoner.indexing.axiomIgnored]ELK does not support ObjectInverseOf. Axiom ignored:
[INFO] SubClassOf(<http://purl.obolibrary.org/obo/OOSTT_00000222> ObjectIntersectionOf(<http://purl.obolibrary.org/obo/OMRSE_00000023> ObjectSomeValuesFrom(<http://purl.obolibrary.org/obo/BFO_0000075> ObjectIntersectionOf(<http://purl.obolibrary.org/obo/NCBITaxon_9606> ObjectSomeValuesFrom(<http://purl.obolibrary.org/obo/RO_0000087> <http://purl.obolibrary.org/obo/OOSTT_00000220>) ObjectSomeValuesFrom(ObjectInverseOf(<http://purl.obolibrary.org/obo/IAO_0000142>) <http://purl.obolibrary.org/obo/OOSTT_00000037>)))))
[INFO] 2017-12-02 12:52:25,821 WARN  (ChangeIndexingProcessor:66) [reasoner.indexing.axiomIgnored]ELK does not support ObjectPropertyRange. Axiom ignored:
[INFO] ObjectPropertyRange(<http://purl.obolibrary.org/obo/BFO_0000055> <http://purl.obolibrary.org/obo/BFO_0000017>)
[INFO] 2017-12-02 12:52:25,821 WARN  (ChangeIndexingProcessor:66) [reasoner.indexing.axiomIgnored]ELK does not support InverseObjectProperties. Axiom ignored:
[INFO] InverseObjectProperties(<http://purl.obolibrary.org/obo/RO_0002350> <http://purl.obolibrary.org/obo/RO_0002351>)
[INFO] 2017-12-02 12:52:25,833 WARN  (ChangeIndexingProcessor:66) [reasoner.indexing.axiomIgnored]ELK does not support InverseObjectProperties. Axiom ignored:
[INFO] InverseObjectProperties(<http://purl.obolibrary.org/obo/IAO_0000418> <http://purl.obolibrary.org/obo/IAO_0000419>)
[INFO] 2017-12-02 12:52:25,834 WARN  (ChangeIndexingProcessor:66) [reasoner.indexing.axiomIgnored]ELK does not support ObjectInverseOf. Axiom ignored:
[INFO] SubClassOf(<http://purl.obolibrary.org/obo/OOSTT_00000328> ObjectIntersectionOf(<http://purl.obolibrary.org/obo/OMRSE_00000023> ObjectSomeValuesFrom(<http://purl.obolibrary.org/obo/BFO_0000075> ObjectIntersectionOf(<http://purl.obolibrary.org/obo/NCBITaxon_9606> ObjectSomeValuesFrom(<http://purl.obolibrary.org/obo/RO_0000087> <http://purl.obolibrary.org/obo/OOSTT_00000327>) ObjectSomeValuesFrom(ObjectInverseOf(<http://purl.obolibrary.org/obo/IAO_0000142>) <http://purl.obolibrary.org/obo/OOSTT_00000037>)))))
[INFO] 2017-12-02 12:52:25,834 WARN  (ChangeIndexingProcessor:66) [reasoner.indexing.axiomIgnored]ELK does not support ObjectPropertyRange. Axiom ignored:
[INFO] ObjectPropertyRange(<http://purl.obolibrary.org/obo/RO_0000087> <http://purl.obolibrary.org/obo/BFO_0000023>)
[INFO] 2017-12-02 12:52:25,835 WARN  (ChangeIndexingProcessor:66) [reasoner.indexing.axiomIgnored]ELK does not support ObjectInverseOf. Axiom ignored:
[INFO] SubClassOf(<http://purl.obolibrary.org/obo/OOSTT_00000209> ObjectIntersectionOf(<http://purl.obolibrary.org/obo/OMRSE_00000023> ObjectIntersectionOf(ObjectSomeValuesFrom(<http://purl.obolibrary.org/obo/RO_0000087> <http://purl.obolibrary.org/obo/OOSTT_00000096>) ObjectSomeValuesFrom(ObjectInverseOf(<http://purl.obolibrary.org/obo/IAO_0000136>) <http://purl.obolibrary.org/obo/OOSTT_00000037>)) ObjectSomeValuesFrom(<http://purl.obolibrary.org/obo/RO_0000053> <http://purl.obolibrary.org/obo/OOSTT_00000208>)))
[INFO] 2017-12-02 12:52:25,836 WARN  (ChangeIndexingProcessor:66) [reasoner.indexing.axiomIgnored]ELK does not support InverseObjectProperties. Axiom ignored:
[INFO] InverseObjectProperties(<http://purl.obolibrary.org/obo/RO_0000081> <http://purl.obolibrary.org/obo/RO_0000087>)
[INFO] 2017-12-02 12:52:25,837 WARN  (ChangeIndexingProcessor:66) [reasoner.indexing.axiomIgnored]ELK does not support InverseObjectProperties. Axiom ignored:
[INFO] InverseObjectProperties(<http://purl.obolibrary.org/obo/RO_0000080> <http://purl.obolibrary.org/obo/RO_0000086>)
[INFO] 2017-12-02 12:52:25,837 WARN  (ChangeIndexingProcessor:66) [reasoner.indexing.axiomIgnored]ELK does not support ObjectAllValuesFrom. Axiom ignored:
[INFO] SubClassOf(<http://purl.obolibrary.org/obo/OOSTT_00000114> ObjectAllValuesFrom(<http://purl.obolibrary.org/obo/BFO_0000075> ObjectIntersectionOf(<http://purl.obolibrary.org/obo/NCBITaxon_9606> ObjectSomeValuesFrom(<http://purl.obolibrary.org/obo/RO_0000053> <http://purl.obolibrary.org/obo/OOSTT_00000117>))))
[INFO] 2017-12-02 12:52:25,838 WARN  (ChangeIndexingProcessor:66) [reasoner.indexing.axiomIgnored]ELK does not support ObjectPropertyRange. Axiom ignored:
[INFO] ObjectPropertyRange(<http://purl.obolibrary.org/obo/IAO_0020012> <http://purl.obolibrary.org/obo/BFO_0000001>)
[INFO] 2017-12-02 12:52:25,839 WARN  (ChangeIndexingProcessor:66) [reasoner.indexing.axiomIgnored]ELK does not support ObjectInverseOf. Axiom ignored:
[INFO] SubClassOf(<http://purl.obolibrary.org/obo/OOSTT_00000170> ObjectSomeValuesFrom(<http://purl.obolibrary.org/obo/BFO_0000075> ObjectIntersectionOf(<http://purl.obolibrary.org/obo/NCBITaxon_9606> ObjectSomeValuesFrom(<http://purl.obolibrary.org/obo/RO_0000053> <http://purl.obolibrary.org/obo/OOSTT_00000153>) ObjectSomeValuesFrom(ObjectInverseOf(<http://purl.obolibrary.org/obo/IAO_0000136>) <http://purl.obolibrary.org/obo/OOSTT_00000169>))))
[INFO] 2017-12-02 12:52:25,844 WARN  (ChangeIndexingProcessor:66) [reasoner.indexing.axiomIgnored]ELK does not support ObjectAllValuesFrom. Axiom ignored:
[INFO] SubClassOf(<http://purl.obolibrary.org/obo/IAO_0021031> ObjectIntersectionOf(ObjectSomeValuesFrom(<http://purl.obolibrary.org/obo/RO_0000052> ObjectUnionOf(<http://purl.obolibrary.org/obo/NCBITaxon_9606> <http://purl.obolibrary.org/obo/OBI_0000245> <http://purl.obolibrary.org/obo/OMRSE_00000023> <http://purl.obolibrary.org/obo/OMRSE_00000033>)) ObjectAllValuesFrom(<http://purl.obolibrary.org/obo/BFO_0000054> <http://purl.obolibrary.org/obo/IAO_0021002>)))
[INFO] 2017-12-02 12:52:25,845 WARN  (ChangeIndexingProcessor:66) [reasoner.indexing.axiomIgnored]ELK does not support AsymmetricObjectProperty. Axiom ignored:
[INFO] AsymmetricObjectProperty(<http://purl.obolibrary.org/obo/IAO_0021011>)
[INFO] 2017-12-02 12:52:25,846 WARN  (ChangeIndexingProcessor:66) [reasoner.indexing.axiomIgnored]ELK does not support InverseObjectProperties. Axiom ignored:
[INFO] InverseObjectProperties(<http://purl.obolibrary.org/obo/IAO_0000221> <http://purl.obolibrary.org/obo/IAO_0000417>)
[INFO] 2017-12-02 12:52:25,846 WARN  (ChangeIndexingProcessor:66) [reasoner.indexing.axiomIgnored]ELK does not support DataPropertyRange. Axiom ignored:
[INFO] DataPropertyRange(<http://purl.obolibrary.org/obo/IAO_0000406> <http://www.w3.org/2001/XMLSchema#float>)
[INFO] 2017-12-02 12:52:25,847 WARN  (ChangeIndexingProcessor:66) [reasoner.indexing.axiomIgnored]ELK does not support InverseObjectProperties. Axiom ignored:
[INFO] InverseObjectProperties(<http://purl.obolibrary.org/obo/RO_0001015> <http://purl.obolibrary.org/obo/RO_0001025>)
[INFO] 2017-12-02 12:52:25,848 WARN  (ChangeIndexingProcessor:66) [reasoner.indexing.axiomIgnored]ELK does not support ObjectInverseOf. Axiom ignored:
[INFO] SubClassOf(<http://purl.obolibrary.org/obo/OOSTT_00000230> ObjectIntersectionOf(<http://purl.obolibrary.org/obo/OMRSE_00000023> ObjectSomeValuesFrom(<http://purl.obolibrary.org/obo/BFO_0000075> ObjectIntersectionOf(<http://purl.obolibrary.org/obo/NCBITaxon_9606> ObjectSomeValuesFrom(<http://purl.obolibrary.org/obo/RO_0000053> ObjectIntersectionOf(<http://purl.obolibrary.org/obo/OOSTT_00000106> ObjectSomeValuesFrom(<http://purl.obolibrary.org/obo/BFO_0000054> <http://purl.obolibrary.org/obo/OOSTT_00000107>))) ObjectSomeValuesFrom(<http://purl.obolibrary.org/obo/RO_0000087> <http://purl.obolibrary.org/obo/OOSTT_00000367>) ObjectSomeValuesFrom(ObjectInverseOf(<http://purl.obolibrary.org/obo/IAO_0000142>) <http://purl.obolibrary.org/obo/OOSTT_00000037>)))))
[INFO] 2017-12-02 12:52:25,848 WARN  (ChangeIndexingProcessor:66) [reasoner.indexing.axiomIgnored]ELK does not support DataMinCardinality . Axiom ignored:
[INFO] SubClassOf(<http://purl.obolibrary.org/obo/IAO_0000401> DataExactCardinality(1 <http://purl.obolibrary.org/obo/IAO_0000404>))
[INFO] 2017-12-02 12:52:25,849 WARN  (ChangeIndexingProcessor:66) [reasoner.indexing.axiomIgnored]ELK does not support ObjectPropertyRange. Axiom ignored:
[INFO] ObjectPropertyRange(<http://purl.obolibrary.org/obo/RO_0000085> <http://purl.obolibrary.org/obo/BFO_0000034>)
[INFO] 2017-12-02 12:52:25,851 WARN  (ChangeIndexingProcessor:66) [reasoner.indexing.axiomIgnored]ELK does not support ObjectPropertyRange. Axiom ignored:
[INFO] ObjectPropertyRange(<http://purl.obolibrary.org/obo/IAO_0000413> <http://purl.obolibrary.org/obo/BFO_0000015>)
[INFO] 2017-12-02 12:52:25,852 WARN  (ChangeIndexingProcessor:66) [reasoner.indexing.axiomIgnored]ELK does not support ObjectPropertyRange. Axiom ignored:
[INFO] ObjectPropertyRange(<http://purl.obolibrary.org/obo/IAO_0000583> ObjectIntersectionOf(<http://purl.obolibrary.org/obo/IAO_0000109> ObjectComplementOf(<http://purl.obolibrary.org/obo/IAO_0000416>)))
[INFO] 2017-12-02 12:52:25,861 WARN  (ChangeIndexingProcessor:66) [reasoner.indexing.axiomIgnored]ELK does not support InverseObjectProperties. Axiom ignored:
[INFO] InverseObjectProperties(<http://purl.obolibrary.org/obo/RO_0000079> <http://purl.obolibrary.org/obo/RO_0000085>)
[INFO] 2017-12-02 12:52:25,862 WARN  (ChangeIndexingProcessor:66) [reasoner.indexing.axiomIgnored]ELK does not support ObjectPropertyRange. Axiom ignored:
[INFO] ObjectPropertyRange(<http://purl.obolibrary.org/obo/RO_0000057> <http://purl.obolibrary.org/obo/BFO_0000002>)
[INFO] 2017-12-02 12:52:25,863 WARN  (ChangeIndexingProcessor:66) [reasoner.indexing.axiomIgnored]ELK does not support ObjectAllValuesFrom. Axiom ignored:
[INFO] SubClassOf(<http://purl.obolibrary.org/obo/IAO_0000416> ObjectIntersectionOf(ObjectAllValuesFrom(<http://purl.obolibrary.org/obo/IAO_0000039> <http://purl.obolibrary.org/obo/UO_0000003>) ObjectAllValuesFrom(<http://purl.obolibrary.org/obo/IAO_0000413> <http://purl.obolibrary.org/obo/BFO_0000015>)))
[INFO] 2017-12-02 12:52:25,865 WARN  (ChangeIndexingProcessor:66) [reasoner.indexing.axiomIgnored]ELK does not support ObjectInverseOf. Axiom ignored:
[INFO] SubClassOf(<http://purl.obolibrary.org/obo/OOSTT_00000368> ObjectIntersectionOf(<http://purl.obolibrary.org/obo/OMRSE_00000023> ObjectSomeValuesFrom(<http://purl.obolibrary.org/obo/BFO_0000075> ObjectIntersectionOf(<http://purl.obolibrary.org/obo/NCBITaxon_9606> ObjectSomeValuesFrom(<http://purl.obolibrary.org/obo/RO_0000087> <http://purl.obolibrary.org/obo/OOSTT_00000365>) ObjectSomeValuesFrom(ObjectInverseOf(<http://purl.obolibrary.org/obo/IAO_0000142>) <http://purl.obolibrary.org/obo/OOSTT_00000037>)))))
[INFO] 2017-12-02 12:52:25,865 WARN  (ChangeIndexingProcessor:66) [reasoner.indexing.axiomIgnored]ELK does not support ObjectPropertyRange. Axiom ignored:
[INFO] ObjectPropertyRange(<http://purl.obolibrary.org/obo/RO_0000091> <http://purl.obolibrary.org/obo/BFO_0000016>)
[INFO] 2017-12-02 12:52:25,866 WARN  (ChangeIndexingProcessor:66) [reasoner.indexing.axiomIgnored]ELK does not support ObjectPropertyRange. Axiom ignored:
[INFO] ObjectPropertyRange(<http://purl.obolibrary.org/obo/IAO_0020013> <http://purl.obolibrary.org/obo/BFO_0000001>)
[INFO] 2017-12-02 12:52:25,867 WARN  (ChangeIndexingProcessor:66) [reasoner.indexing.axiomIgnored]ELK does not support ObjectAllValuesFrom. Axiom ignored:
[INFO] EquivalentClasses(<http://purl.obolibrary.org/obo/IAO_0020021> ObjectIntersectionOf(<http://purl.obolibrary.org/obo/IAO_0000310> ObjectSomeValuesFrom(<http://purl.obolibrary.org/obo/IAO_0000136> <http://purl.obolibrary.org/obo/IAO_0020022>) ObjectSomeValuesFrom(<http://purl.obolibrary.org/obo/RO_0000058> ObjectIntersectionOf(<http://purl.obolibrary.org/obo/BFO_0000020> ObjectSomeValuesFrom(<http://purl.obolibrary.org/obo/RO_0000052> ObjectSomeValuesFrom(<http://purl.obolibrary.org/obo/RO_0000053> <http://purl.obolibrary.org/obo/IAO_0020024>)))) ObjectAllValuesFrom(<http://purl.obolibrary.org/obo/RO_0000058> ObjectIntersectionOf(<http://purl.obolibrary.org/obo/BFO_0000020> ObjectSomeValuesFrom(<http://purl.obolibrary.org/obo/RO_0000052> ObjectSomeValuesFrom(<http://purl.obolibrary.org/obo/RO_0000053> <http://purl.obolibrary.org/obo/IAO_0020024>))))))
[INFO] 2017-12-02 12:52:25,867 WARN  (ChangeIndexingProcessor:66) [reasoner.indexing.axiomIgnored]ELK does not support ObjectPropertyRange. Axiom ignored:
[INFO] ObjectPropertyRange(<http://purl.obolibrary.org/obo/IAO_0000221> <http://purl.obolibrary.org/obo/BFO_0000019>)
[INFO] 2017-12-02 12:52:25,868 WARN  (ChangeIndexingProcessor:66) [reasoner.indexing.axiomIgnored]ELK does not support AsymmetricObjectProperty. Axiom ignored:
[INFO] AsymmetricObjectProperty(<http://purl.obolibrary.org/obo/IAO_0021012>)
[INFO] 2017-12-02 12:52:25,869 WARN  (ChangeIndexingProcessor:66) [reasoner.indexing.axiomIgnored]ELK does not support ObjectPropertyRange. Axiom ignored:
[INFO] ObjectPropertyRange(<http://purl.obolibrary.org/obo/IAO_0021012> <http://purl.obolibrary.org/obo/IAO_0021004>)
[INFO] 2017-12-02 12:52:25,870 WARN  (ChangeIndexingProcessor:66) [reasoner.indexing.axiomIgnored]ELK does not support DataPropertyRange. Axiom ignored:
[INFO] DataPropertyRange(<http://purl.obolibrary.org/obo/IAO_0000405> <http://www.w3.org/2001/XMLSchema#float>)
[INFO] 2017-12-02 12:52:25,871 WARN  (ChangeIndexingProcessor:66) [reasoner.indexing.axiomIgnored]ELK does not support InverseObjectProperties. Axiom ignored:
[INFO] InverseObjectProperties(<http://purl.obolibrary.org/obo/BFO_0000054> <http://purl.obolibrary.org/obo/BFO_0000055>)
[INFO] 2017-12-02 12:52:25,871 WARN  (ChangeIndexingProcessor:66) [reasoner.indexing.axiomIgnored]ELK does not support DataMinCardinality . Axiom ignored:
[INFO] SubClassOf(<http://purl.obolibrary.org/obo/IAO_0000402> DataExactCardinality(1 <http://purl.obolibrary.org/obo/IAO_0000404>))
[INFO] 2017-12-02 12:52:25,872 WARN  (ChangeIndexingProcessor:66) [reasoner.indexing.axiomIgnored]ELK does not support ObjectInverseOf. Axiom ignored:
[INFO] SubClassOf(<http://purl.obolibrary.org/obo/OOSTT_00000227> ObjectIntersectionOf(<http://purl.obolibrary.org/obo/OMRSE_00000023> ObjectSomeValuesFrom(<http://purl.obolibrary.org/obo/BFO_0000075> ObjectIntersectionOf(<http://purl.obolibrary.org/obo/NCBITaxon_9606> ObjectSomeValuesFrom(<http://purl.obolibrary.org/obo/RO_0000087> <http://purl.obolibrary.org/obo/OOSTT_00000367>) ObjectSomeValuesFrom(ObjectInverseOf(<http://purl.obolibrary.org/obo/IAO_0000142>) <http://purl.obolibrary.org/obo/OOSTT_00000037>)))))
[INFO] 2017-12-02 12:52:25,873 WARN  (ChangeIndexingProcessor:66) [reasoner.indexing.axiomIgnored]ELK does not support IrreflexiveObjectProperty. Axiom ignored:
[INFO] IrreflexiveObjectProperty(<http://purl.obolibrary.org/obo/RO_0002351>)
[INFO] 2017-12-02 12:52:25,873 WARN  (ChangeIndexingProcessor:66) [reasoner.indexing.axiomIgnored]ELK does not support ObjectAllValuesFrom. Axiom ignored:
[INFO] SubClassOf(<http://purl.obolibrary.org/obo/IAO_0000414> ObjectIntersectionOf(ObjectAllValuesFrom(<http://purl.obolibrary.org/obo/IAO_0000039> <http://purl.obolibrary.org/obo/UO_0000002>) ObjectAllValuesFrom(<http://purl.obolibrary.org/obo/IAO_0000221> <http://purl.obolibrary.org/obo/PATO_0000125>)))
[INFO] 2017-12-02 12:52:25,874 WARN  (ChangeIndexingProcessor:66) [reasoner.indexing.axiomIgnored]ELK does not support ObjectPropertyRange. Axiom ignored:
[INFO] ObjectPropertyRange(<http://purl.obolibrary.org/obo/OOSTT_00000123> <http://purl.obolibrary.org/obo/IAO_0000033>)
[INFO] 2017-12-02 12:52:25,876 WARN  (ChangeIndexingProcessor:66) [reasoner.indexing.axiomIgnored]ELK does not support InverseObjectProperties. Axiom ignored:
[INFO] InverseObjectProperties(<http://purl.obolibrary.org/obo/BFO_0000050> <http://purl.obolibrary.org/obo/BFO_0000051>)
[INFO] 2017-12-02 12:52:25,877 WARN  (ChangeIndexingProcessor:66) [reasoner.indexing.axiomIgnored]ELK does not support ObjectPropertyRange. Axiom ignored:
[INFO] ObjectPropertyRange(<http://purl.obolibrary.org/obo/RO_0000086> <http://purl.obolibrary.org/obo/BFO_0000019>)
[INFO] 2017-12-02 12:52:25,878 WARN  (ChangeIndexingProcessor:66) [reasoner.indexing.axiomIgnored]ELK does not support DataPropertyRange. Axiom ignored:
[INFO] DataPropertyRange(<http://purl.obolibrary.org/obo/IAO_0000004> <http://www.w3.org/2001/XMLSchema#float>)
[INFO] 2017-12-02 12:52:25,880 WARN  (ChangeIndexingProcessor:66) [reasoner.indexing.axiomIgnored]ELK does not support ObjectPropertyRange. Axiom ignored:
[INFO] ObjectPropertyRange(<http://purl.obolibrary.org/obo/RO_0000056> <http://purl.obolibrary.org/obo/BFO_0000003>)
[INFO] 2017-12-02 12:52:25,883 WARN  (ChangeIndexingProcessor:66) [reasoner.indexing.axiomIgnored]ELK does not support DataMinCardinality. Axiom ignored:
[INFO] SubClassOf(<http://purl.obolibrary.org/obo/IAO_0000032> DataMinCardinality(1 <http://purl.obolibrary.org/obo/IAO_0000004>))
[INFO] 2017-12-02 12:52:25,884 WARN  (ChangeIndexingProcessor:66) [reasoner.indexing.axiomIgnored]ELK does not support FunctionalDataProperty. Axiom ignored:
[INFO] FunctionalDataProperty(<http://purl.obolibrary.org/obo/IAO_0000405>)
[INFO] 2017-12-02 12:52:25,886 WARN  (ChangeIndexingProcessor:66) [reasoner.indexing.axiomIgnored]ELK does not support FunctionalDataProperty. Axiom ignored:
[INFO] FunctionalDataProperty(<http://purl.obolibrary.org/obo/IAO_0000404>)
[INFO] 2017-12-02 12:52:25,890 WARN  (ChangeIndexingProcessor:66) [reasoner.indexing.axiomIgnored]ELK does not support DifferentIndividuals. Axiom ignored:
[INFO] DifferentIndividuals(<http://purl.obolibrary.org/obo/IAO_0000226> <http://purl.obolibrary.org/obo/IAO_0000227> <http://purl.obolibrary.org/obo/IAO_0000228> <http://purl.obolibrary.org/obo/IAO_0000229>)
[INFO] 2017-12-02 12:52:25,891 WARN  (ChangeIndexingProcessor:66) [reasoner.indexing.axiomIgnored]ELK does not support DataMinCardinality . Axiom ignored:
[INFO] SubClassOf(<http://purl.obolibrary.org/obo/IAO_0000403> DataExactCardinality(1 <http://purl.obolibrary.org/obo/IAO_0000404>))
[INFO] 2017-12-02 12:52:25,892 WARN  (ChangeIndexingProcessor:66) [reasoner.indexing.axiomIgnored]ELK does not support DataPropertyDomain. Axiom ignored:
[INFO] DataPropertyDomain(<http://purl.obolibrary.org/obo/OBI_0001937> <http://purl.obolibrary.org/obo/OBI_0001933>)
[INFO] 2017-12-02 12:52:25,896 WARN  (ChangeIndexingProcessor:66) [reasoner.indexing.axiomIgnored]ELK does not support ObjectInverseOf. Axiom ignored:
[INFO] SubClassOf(<http://purl.obolibrary.org/obo/OOSTT_00000196> ObjectSomeValuesFrom(<http://purl.obolibrary.org/obo/BFO_0000075> ObjectIntersectionOf(<http://purl.obolibrary.org/obo/NCBITaxon_9606> ObjectSomeValuesFrom(<http://purl.obolibrary.org/obo/RO_0000053> <http://purl.obolibrary.org/obo/OOSTT_00000195>) ObjectSomeValuesFrom(ObjectInverseOf(<http://purl.obolibrary.org/obo/IAO_0000136>) <http://purl.obolibrary.org/obo/OOSTT_00000169>))))
[INFO] 2017-12-02 12:52:25,899 WARN  (ChangeIndexingProcessor:66) [reasoner.indexing.axiomIgnored]ELK does not support ObjectInverseOf. Axiom ignored:
[INFO] SubClassOf(<http://purl.obolibrary.org/obo/OOSTT_00000184> ObjectIntersectionOf(<http://purl.obolibrary.org/obo/OMRSE_00000023> ObjectSomeValuesFrom(<http://purl.obolibrary.org/obo/BFO_0000075> ObjectIntersectionOf(<http://purl.obolibrary.org/obo/NCBITaxon_9606> ObjectSomeValuesFrom(<http://purl.obolibrary.org/obo/RO_0000087> <http://purl.obolibrary.org/obo/OOSTT_00000089>) ObjectSomeValuesFrom(<http://purl.obolibrary.org/obo/RO_0000087> ObjectIntersectionOf(<http://purl.obolibrary.org/obo/OOSTT_00000098> ObjectSomeValuesFrom(<http://purl.obolibrary.org/obo/OOSTT_00000045> ObjectIntersectionOf(<http://purl.obolibrary.org/obo/OOSTT_00000097> ObjectSomeValuesFrom(<http://purl.obolibrary.org/obo/RO_0000052> ObjectIntersectionOf(<http://purl.obolibrary.org/obo/NCBITaxon_9606> ObjectSomeValuesFrom(<http://purl.obolibrary.org/obo/RO_0000053> <http://purl.obolibrary.org/obo/OOSTT_00000021>))))))) ObjectSomeValuesFrom(ObjectInverseOf(<http://purl.obolibrary.org/obo/IAO_0000142>) <http://purl.obolibrary.org/obo/OOSTT_00000037>)))))
[INFO] 2017-12-02 12:52:25,900 WARN  (ChangeIndexingProcessor:66) [reasoner.indexing.axiomIgnored]ELK does not support FunctionalDataProperty. Axiom ignored:
[INFO] FunctionalDataProperty(<http://purl.obolibrary.org/obo/IAO_0000406>)
[INFO] 2017-12-02 12:52:25,901 WARN  (ChangeIndexingProcessor:66) [reasoner.indexing.axiomIgnored]ELK does not support DataPropertyRange. Axiom ignored:
[INFO] DataPropertyRange(<http://purl.obolibrary.org/obo/IAO_0000404> <http://www.w3.org/2001/XMLSchema#float>)
[INFO] 2017-12-02 12:52:25,902 WARN  (ChangeIndexingProcessor:66) [reasoner.indexing.axiomIgnored]ELK does not support ObjectPropertyRange. Axiom ignored:
[INFO] ObjectPropertyRange(<http://purl.obolibrary.org/obo/IAO_0021011> <http://purl.obolibrary.org/obo/IAO_0021004>)
[INFO] 2017-12-02 12:52:25,903 WARN  (ChangeIndexingProcessor:66) [reasoner.indexing.axiomIgnored]ELK does not support FunctionalObjectProperty. Axiom ignored:
[INFO] FunctionalObjectProperty(<http://purl.obolibrary.org/obo/IAO_0000581>)
[INFO] 2017-12-02 12:52:25,905 WARN  (IndexedObjectUnionOf:92) [reasoner.indexing.IndexedObjectUnionOf]ELK does not support positive occurrences of ObjectUnionOf. Reasoning might be incomplete!
[INFO] 2017-12-02 12:52:25,906 WARN  (IndexedObjectComplementOf:84) [reasoner.indexing.IndexedObjectComplementOf]ELK does not support negative occurrences of ObjectComplementOf. Reasoning might be incomplete!
[INFO] 2017-12-02 12:52:25,907 WARN  (IndexedObjectComplementOf:84) [reasoner.indexing.IndexedObjectComplementOf]ELK does not support negative occurrences of ObjectComplementOf. Reasoning might be incomplete!
[INFO] 2017-12-02 12:52:25,910 WARN  (ChangeIndexingProcessor:66) [reasoner.indexing.axiomIgnored]ELK does not support ObjectInverseOf. Axiom ignored:
[INFO] SubClassOf(<http://purl.obolibrary.org/obo/OOSTT_00000218> ObjectIntersectionOf(<http://purl.obolibrary.org/obo/OMRSE_00000023> ObjectSomeValuesFrom(<http://purl.obolibrary.org/obo/BFO_0000075> ObjectIntersectionOf(<http://purl.obolibrary.org/obo/NCBITaxon_9606> ObjectSomeValuesFrom(<http://purl.obolibrary.org/obo/RO_0000053> ObjectIntersectionOf(<http://purl.obolibrary.org/obo/OOSTT_00000106> ObjectSomeValuesFrom(<http://purl.obolibrary.org/obo/BFO_0000054> <http://purl.obolibrary.org/obo/OOSTT_00000107>))) ObjectSomeValuesFrom(<http://purl.obolibrary.org/obo/RO_0000087> <http://purl.obolibrary.org/obo/OOSTT_00000096>) ObjectSomeValuesFrom(ObjectInverseOf(<http://purl.obolibrary.org/obo/IAO_0000142>) <http://purl.obolibrary.org/obo/OOSTT_00000037>)))))
[INFO] 2017-12-02 12:52:25,912 WARN  (ChangeIndexingProcessor:66) [reasoner.indexing.axiomIgnored]ELK does not support DifferentIndividuals. Axiom ignored:
[INFO] DifferentIndividuals(<http://purl.obolibrary.org/obo/IAO_0000120> <http://purl.obolibrary.org/obo/IAO_0000121> <http://purl.obolibrary.org/obo/IAO_0000122> <http://purl.obolibrary.org/obo/IAO_0000123> <http://purl.obolibrary.org/obo/IAO_0000124> <http://purl.obolibrary.org/obo/IAO_0000125> <http://purl.obolibrary.org/obo/IAO_0000423> <http://purl.obolibrary.org/obo/IAO_0000428>)
[INFO] 2017-12-02 12:52:25,913 WARN  (ChangeIndexingProcessor:66) [reasoner.indexing.axiomIgnored]ELK does not support IrreflexiveObjectProperty. Axiom ignored:
[INFO] IrreflexiveObjectProperty(<http://purl.obolibrary.org/obo/IAO_0021011>)
[INFO] 2017-12-02 12:52:25,913 WARN  (ChangeIndexingProcessor:66) [reasoner.indexing.axiomIgnored]ELK does not support IrreflexiveObjectProperty. Axiom ignored:
[INFO] IrreflexiveObjectProperty(<http://purl.obolibrary.org/obo/IAO_0021012>)
[INFO] 2017-12-02 12:52:25,914 WARN  (ChangeIndexingProcessor:66) [reasoner.indexing.axiomIgnored]ELK does not support ObjectAllValuesFrom. Axiom ignored:
[INFO] EquivalentClasses(<http://purl.obolibrary.org/obo/IAO_0020008> ObjectIntersectionOf(<http://purl.obolibrary.org/obo/IAO_0020007> ObjectSomeValuesFrom(<http://purl.obolibrary.org/obo/RO_0000053> ObjectSomeValuesFrom(<http://purl.obolibrary.org/obo/RO_0000059> <http://purl.obolibrary.org/obo/IAO_0020002>)) ObjectAllValuesFrom(<http://purl.obolibrary.org/obo/OBI_0000312> <http://purl.obolibrary.org/obo/IAO_0020011>)))
[INFO] 2017-12-02 12:52:25,914 WARN  (ChangeIndexingProcessor:66) [reasoner.indexing.axiomIgnored]ELK does not support ObjectPropertyRange. Axiom ignored:
[INFO] ObjectPropertyRange(<http://purl.obolibrary.org/obo/RO_0000053> <http://purl.obolibrary.org/obo/BFO_0000020>)
[INFO] 2017-12-02 12:52:25,915 WARN  (ChangeIndexingProcessor:66) [reasoner.indexing.axiomIgnored]ELK does not support ObjectPropertyRange. Axiom ignored:
[INFO] ObjectPropertyRange(<http://purl.obolibrary.org/obo/OOSTT_00000045> <http://purl.obolibrary.org/obo/BFO_0000020>)
[INFO] 2017-12-02 12:52:25,923 WARN  (ChangeIndexingProcessor:66) [reasoner.indexing.axiomIgnored]ELK does not support DataPropertyAssertion. Axiom ignored:
[INFO] DataPropertyAssertion(<http://usefulinc.com/ns/doap#revision> <http://purl.obolibrary.org/obo/iao/2015-02-23/iao.owl> "SVN $Revision: 717 $")
[INFO] 2017-12-02 12:52:25,927 INFO  (LoggingStageExecutor:103) Loading of Axioms took 417 ms
[INFO] 2017-12-02 12:52:25,927 INFO  (LoggingStageExecutor:70) Property Saturation Initialization started
[INFO] 2017-12-02 12:52:25,932 INFO  (AbstractReasonerStage:161) Property Saturation Initialization using 64 workers
[INFO] 2017-12-02 12:52:25,933 INFO  (LoggingStageExecutor:103) Property Saturation Initialization took 5 ms
[INFO] 2017-12-02 12:52:25,933 INFO  (LoggingStageExecutor:70) Reflexive Property Computation started
[INFO] 2017-12-02 12:52:25,964 INFO  (AbstractReasonerStage:161) Reflexive Property Computation using 64 workers
[INFO] 2017-12-02 12:52:26,036 INFO  (LoggingStageExecutor:103) Reflexive Property Computation took 102 ms
[INFO] 2017-12-02 12:52:26,036 INFO  (LoggingStageExecutor:70) Object Property Hierarchy and Composition Computation started
[INFO] 2017-12-02 12:52:26,050 INFO  (AbstractReasonerStage:161) Object Property Hierarchy and Composition Computation using 64 workers
[INFO] 2017-12-02 12:52:26,178 INFO  (LoggingStageExecutor:103) Object Property Hierarchy and Composition Computation took 141 ms
[INFO] 2017-12-02 12:52:26,178 INFO  (LoggingStageExecutor:70) Context Initialization started
[INFO] 2017-12-02 12:52:26,187 INFO  (AbstractReasonerStage:161) Context Initialization using 64 workers
[INFO] 2017-12-02 12:52:26,195 INFO  (LoggingStageExecutor:103) Context Initialization took 16 ms
[INFO] 2017-12-02 12:52:26,196 INFO  (LoggingStageExecutor:70) Consistency Checking started
[INFO] 2017-12-02 12:52:26,249 INFO  (AbstractReasonerStage:161) Consistency Checking using 64 workers
[INFO] 2017-12-02 12:52:26,347 INFO  (LoggingStageExecutor:103) Consistency Checking took 151 ms
[INFO] 2017-12-02 12:52:26,348 INFO  (LoggingStageExecutor:70) Class Taxonomy Computation started
[INFO] 2017-12-02 12:52:26,379 INFO  (AbstractReasonerStage:161) Class Taxonomy Computation using 64 workers
[INFO] 2017-12-02 12:52:26,550 INFO  (LoggingStageExecutor:103) Class Taxonomy Computation took 201 ms
[INFO] E: owl:Nothing owl:Nothing
[INFO] 2017-12-02 12:52:26,557 INFO  (CommandRunnerBase:78) disposing of org.semanticweb.elk.owlapi.ElkReasoner@4fbda97b
[INFO] 2017-12-02 12:52:26,572 INFO  (Reasoner:231) ELK reasoner has shut down
[INFO] 2017-12-02 12:52:26,572 INFO  (CommandRunnerBase:70) disposing of org.semanticweb.elk.owlapi.ElkReasoner@4fbda97b
[INFO] ------------------------------------------------------------------------
[INFO] BUILD SUCCESS
[INFO] ------------------------------------------------------------------------
[INFO] Total time: 9.671 s
[INFO] Finished at: 2017-12-02T12:52:27-07:00
[INFO] Final Memory: 21M/1963M
[INFO] ------------------------------------------------------------------------
Sat Dec  2 12:52:27 MST 2017
