Tue Oct 23 18:46:54 UTC 2018
Querying for incoherent classes in: /mnt/efsdata/obo-ci-data/base/ontologies/po/po_flat.owl
[INFO] Error stacktraces are turned on.
[INFO] Scanning for projects...
[INFO]                                                                         
[INFO] ------------------------------------------------------------------------
[INFO] Building incoherent-query 1.0
[INFO] ------------------------------------------------------------------------
[INFO] 
[INFO] --- exec-maven-plugin:1.1:exec (default-cli) @ incoherent-query ---
[INFO] 2018-10-23 18:46:58,083 INFO  (ParserWrapper:75) Start loading ontology: file:/mnt/efsdata/obo-ci-data/base/ontologies/po/po_flat.owl from: file:/mnt/efsdata/obo-ci-data/base/ontologies/po/po_flat.owl
[INFO] 2018-10-23 18:47:00,429 INFO  (ParserWrapper:82) Finished loading ontology: http://purl.obolibrary.org/obo/po.owl from: file:/mnt/efsdata/obo-ci-data/base/ontologies/po/po_flat.owl
[INFO] # PARSING: <http://www.w3.org/2002/07/owl#Nothing>
[INFO] 2018-10-23 18:47:00,480 INFO  (ManchesterSyntaxTool:130) parsing: <http://www.w3.org/2002/07/owl#Nothing>
[INFO] # QUERY: owl:Nothing owl:Nothing
[INFO] 2018-10-23 18:47:00,524 INFO  (ConfigurationFactory:83) Loading default configuration parameters for class org.semanticweb.elk.reasoner.config.ReasonerConfiguration
[INFO] 2018-10-23 18:47:00,758 INFO  (Reasoner:117) ELK reasoner was created
[INFO] 2018-10-23 18:47:00,759 INFO  (CommandRunner:6042) Created reasoner: org.semanticweb.elk.owlapi.ElkReasoner@4504d271
[INFO] 2018-10-23 18:47:00,760 INFO  (LoggingStageExecutor:70) Loading of Axioms started
[INFO] 2018-10-23 18:47:00,766 INFO  (AbstractReasonerStage:161) Loading of Axioms using 2 workers
[INFO] 2018-10-23 18:47:00,889 WARN  (ChangeIndexingProcessor:66) [reasoner.indexing.axiomIgnored]ELK does not support InverseObjectProperties. Axiom ignored:
[INFO] InverseObjectProperties(<http://purl.obolibrary.org/obo/BFO_0000056> <http://purl.obolibrary.org/obo/BFO_0000057>)
[INFO] 2018-10-23 18:47:00,913 INFO  (LoggingStageExecutor:103) Loading of Axioms took 149 ms
[INFO] 2018-10-23 18:47:00,914 INFO  (LoggingStageExecutor:70) Property Saturation Initialization started
[INFO] 2018-10-23 18:47:00,915 INFO  (AbstractReasonerStage:161) Property Saturation Initialization using 2 workers
[INFO] 2018-10-23 18:47:00,915 INFO  (LoggingStageExecutor:103) Property Saturation Initialization took 1 ms
[INFO] 2018-10-23 18:47:00,915 INFO  (LoggingStageExecutor:70) Reflexive Property Computation started
[INFO] 2018-10-23 18:47:00,920 INFO  (AbstractReasonerStage:161) Reflexive Property Computation using 2 workers
[INFO] 2018-10-23 18:47:00,926 INFO  (LoggingStageExecutor:103) Reflexive Property Computation took 10 ms
[INFO] 2018-10-23 18:47:00,927 INFO  (LoggingStageExecutor:70) Object Property Hierarchy and Composition Computation started
[INFO] 2018-10-23 18:47:00,930 INFO  (AbstractReasonerStage:161) Object Property Hierarchy and Composition Computation using 2 workers
[INFO] 2018-10-23 18:47:00,935 INFO  (LoggingStageExecutor:103) Object Property Hierarchy and Composition Computation took 8 ms
[INFO] 2018-10-23 18:47:00,936 INFO  (LoggingStageExecutor:70) Context Initialization started
[INFO] 2018-10-23 18:47:00,936 INFO  (AbstractReasonerStage:161) Context Initialization using 2 workers
[INFO] 2018-10-23 18:47:00,939 INFO  (LoggingStageExecutor:103) Context Initialization took 2 ms
[INFO] 2018-10-23 18:47:00,939 INFO  (LoggingStageExecutor:70) Consistency Checking started
[INFO] 2018-10-23 18:47:00,946 INFO  (AbstractReasonerStage:161) Consistency Checking using 2 workers
[INFO] 2018-10-23 18:47:00,961 INFO  (LoggingStageExecutor:103) Consistency Checking took 22 ms
[INFO] 2018-10-23 18:47:00,962 INFO  (LoggingStageExecutor:70) Class Taxonomy Computation started
[INFO] 2018-10-23 18:47:00,971 INFO  (AbstractReasonerStage:161) Class Taxonomy Computation using 2 workers
[INFO] 2018-10-23 18:47:01,274 INFO  (LoggingStageExecutor:103) Class Taxonomy Computation took 311 ms
[INFO] E: owl:Nothing owl:Nothing
[INFO] 2018-10-23 18:47:01,277 INFO  (CommandRunnerBase:78) disposing of org.semanticweb.elk.owlapi.ElkReasoner@4504d271
[INFO] 2018-10-23 18:47:01,278 INFO  (Reasoner:231) ELK reasoner has shut down
[INFO] 2018-10-23 18:47:01,278 INFO  (CommandRunnerBase:70) disposing of org.semanticweb.elk.owlapi.ElkReasoner@4504d271
[INFO] ------------------------------------------------------------------------
[INFO] BUILD SUCCESS
[INFO] ------------------------------------------------------------------------
[INFO] Total time: 5.821s
[INFO] Finished at: Tue Oct 23 18:47:01 UTC 2018
[INFO] Final Memory: 6M/289M
[INFO] ------------------------------------------------------------------------
Tue Oct 23 18:47:01 UTC 2018
