Sat Dec  2 12:52:16 MST 2017
Querying for incoherent classes in: /scratch/Shares/hunter/obo-ci/data-all/base/ontologies/poro/poro_flat.owl
[INFO] Error stacktraces are turned on.
[INFO] Scanning for projects...
[INFO]                                                                         
[INFO] ------------------------------------------------------------------------
[INFO] Building incoherent-query 1.0
[INFO] ------------------------------------------------------------------------
[INFO] 
[INFO] --- exec-maven-plugin:1.1:exec (default-cli) @ incoherent-query ---
[INFO] /bin/sh: module: line 1: syntax error: unexpected end of file
[INFO] /bin/sh: error importing function definition for `BASH_FUNC_module'
[INFO] 2017-12-02 12:52:22,833 INFO  (ParserWrapper:75) Start loading ontology: file:/scratch/Shares/hunter/obo-ci/data-all/base/ontologies/poro/poro_flat.owl from: file:/scratch/Shares/hunter/obo-ci/data-all/base/ontologies/poro/poro_flat.owl
[INFO] 2017-12-02 12:52:25,222 INFO  (ParserWrapper:82) Finished loading ontology: http://purl.obolibrary.org/obo/poro.owl from: file:/scratch/Shares/hunter/obo-ci/data-all/base/ontologies/poro/poro_flat.owl
[INFO] # PARSING: <http://www.w3.org/2002/07/owl#Nothing>
[INFO] 2017-12-02 12:52:25,433 INFO  (ManchesterSyntaxTool:130) parsing: <http://www.w3.org/2002/07/owl#Nothing>
[INFO] # QUERY: owl:Nothing owl:Nothing
[INFO] 2017-12-02 12:52:26,478 INFO  (CommandRunner:6042) Created reasoner: org.semanticweb.HermiT.Reasoner@146f3d22
[INFO] E: owl:Nothing owl:Nothing
[INFO] 2017-12-02 13:12:24,285 INFO  (CommandRunnerBase:78) disposing of org.semanticweb.HermiT.Reasoner@146f3d22
[INFO] 2017-12-02 13:12:24,285 INFO  (CommandRunnerBase:70) disposing of org.semanticweb.HermiT.Reasoner@146f3d22
[INFO] ------------------------------------------------------------------------
[INFO] BUILD SUCCESS
[INFO] ------------------------------------------------------------------------
[INFO] Total time: 20:06 min
[INFO] Finished at: 2017-12-02T13:12:24-07:00
[INFO] Final Memory: 21M/1963M
[INFO] ------------------------------------------------------------------------
Sat Dec  2 13:12:24 MST 2017
