Tue Oct 23 18:50:55 UTC 2018
Querying for incoherent classes in: /mnt/efsdata/obo-ci-data/base/ontologies/poro/poro_flat.owl
[INFO] Error stacktraces are turned on.
[INFO] Scanning for projects...
[INFO]                                                                         
[INFO] ------------------------------------------------------------------------
[INFO] Building incoherent-query 1.0
[INFO] ------------------------------------------------------------------------
[INFO] 
[INFO] --- exec-maven-plugin:1.1:exec (default-cli) @ incoherent-query ---
[INFO] 2018-10-23 18:50:59,705 INFO  (ParserWrapper:75) Start loading ontology: file:/mnt/efsdata/obo-ci-data/base/ontologies/poro/poro_flat.owl from: file:/mnt/efsdata/obo-ci-data/base/ontologies/poro/poro_flat.owl
[INFO] 2018-10-23 18:51:00,892 INFO  (ParserWrapper:82) Finished loading ontology: http://purl.obolibrary.org/obo/poro.owl from: file:/mnt/efsdata/obo-ci-data/base/ontologies/poro/poro_flat.owl
[INFO] # PARSING: <http://www.w3.org/2002/07/owl#Nothing>
[INFO] 2018-10-23 18:51:00,949 INFO  (ManchesterSyntaxTool:130) parsing: <http://www.w3.org/2002/07/owl#Nothing>
[INFO] # QUERY: owl:Nothing owl:Nothing
[INFO] 2018-10-23 18:51:00,980 INFO  (ConfigurationFactory:83) Loading default configuration parameters for class org.semanticweb.elk.reasoner.config.ReasonerConfiguration
[INFO] 2018-10-23 18:51:01,159 INFO  (Reasoner:117) ELK reasoner was created
[INFO] 2018-10-23 18:51:01,160 INFO  (CommandRunner:6042) Created reasoner: org.semanticweb.elk.owlapi.ElkReasoner@58359ebd
[INFO] 2018-10-23 18:51:01,161 INFO  (LoggingStageExecutor:70) Loading of Axioms started
[INFO] 2018-10-23 18:51:01,165 INFO  (AbstractReasonerStage:161) Loading of Axioms using 2 workers
[INFO] 2018-10-23 18:51:01,178 WARN  (ChangeIndexingProcessor:66) [reasoner.indexing.axiomIgnored]ELK does not support InverseObjectProperties. Axiom ignored:
[INFO] InverseObjectProperties(<http://purl.obolibrary.org/obo/RO_0002202> <http://purl.obolibrary.org/obo/RO_0002203>)
[INFO] 2018-10-23 18:51:01,181 WARN  (ChangeIndexingProcessor:66) [reasoner.indexing.axiomIgnored]ELK does not support ObjectExactCardinality. Axiom ignored:
[INFO] EquivalentClasses(<http://purl.obolibrary.org/obo/PORO_0000602> ObjectIntersectionOf(<http://purl.obolibrary.org/obo/PORO_0000017> ObjectExactCardinality(3 <http://purl.obolibrary.org/obo/RO_0002180>)))
[INFO] 2018-10-23 18:51:01,192 WARN  (ChangeIndexingProcessor:66) [reasoner.indexing.axiomIgnored]ELK does not support ObjectPropertyRange. Axiom ignored:
[INFO] ObjectPropertyRange(<http://purl.obolibrary.org/obo/RO_0003001> <http://purl.obolibrary.org/obo/BFO_0000040>)
[INFO] 2018-10-23 18:51:01,198 WARN  (IndexedObjectComplementOf:84) [reasoner.indexing.IndexedObjectComplementOf]ELK does not support negative occurrences of ObjectComplementOf. Reasoning might be incomplete!
[INFO] 2018-10-23 18:51:01,205 WARN  (ChangeIndexingProcessor:66) [reasoner.indexing.axiomIgnored]ELK does not support ObjectPropertyRange. Axiom ignored:
[INFO] ObjectPropertyRange(<http://purl.obolibrary.org/obo/RO_0002295> <http://purl.obolibrary.org/obo/CARO_0000003>)
[INFO] 2018-10-23 18:51:01,209 WARN  (ChangeIndexingProcessor:66) [reasoner.indexing.axiomIgnored]ELK does not support SymmetricObjectProperty. Axiom ignored:
[INFO] SymmetricObjectProperty(<http://purl.obolibrary.org/obo/RO_0002220>)
[INFO] 2018-10-23 18:51:01,210 WARN  (ChangeIndexingProcessor:66) [reasoner.indexing.axiomIgnored]ELK does not support ObjectExactCardinality. Axiom ignored:
[INFO] SubClassOf(<http://purl.obolibrary.org/obo/PORO_0000255> ObjectExactCardinality(2 <http://purl.obolibrary.org/obo/RO_0002180>))
[INFO] 2018-10-23 18:51:01,212 WARN  (ChangeIndexingProcessor:66) [reasoner.indexing.axiomIgnored]ELK does not support ObjectExactCardinality. Axiom ignored:
[INFO] EquivalentClasses(<http://purl.obolibrary.org/obo/PORO_0000449> ObjectIntersectionOf(<http://purl.obolibrary.org/obo/PORO_0000017> ObjectExactCardinality(5 <http://purl.obolibrary.org/obo/RO_0002180>)))
[INFO] 2018-10-23 18:51:01,216 WARN  (ChangeIndexingProcessor:66) [reasoner.indexing.axiomIgnored]ELK does not support ObjectExactCardinality. Axiom ignored:
[INFO] SubClassOf(<http://purl.obolibrary.org/obo/PORO_0000188> ObjectExactCardinality(3 <http://purl.obolibrary.org/obo/RO_0002220>))
[INFO] 2018-10-23 18:51:01,216 WARN  (ChangeIndexingProcessor:66) [reasoner.indexing.axiomIgnored]ELK does not support ObjectPropertyRange. Axiom ignored:
[INFO] ObjectPropertyRange(<http://purl.obolibrary.org/obo/RO_0003000> <http://purl.obolibrary.org/obo/BFO_0000040>)
[INFO] 2018-10-23 18:51:01,217 WARN  (ChangeIndexingProcessor:66) [reasoner.indexing.axiomIgnored]ELK does not support ObjectExactCardinality. Axiom ignored:
[INFO] SubClassOf(<http://purl.obolibrary.org/obo/PORO_0000257> ObjectExactCardinality(2 <http://purl.obolibrary.org/obo/RO_0002180>))
[INFO] 2018-10-23 18:51:01,222 WARN  (IndexedObjectUnionOf:92) [reasoner.indexing.IndexedObjectUnionOf]ELK does not support positive occurrences of ObjectUnionOf. Reasoning might be incomplete!
[INFO] 2018-10-23 18:51:01,223 WARN  (ChangeIndexingProcessor:66) [reasoner.indexing.axiomIgnored]ELK does not support ObjectExactCardinality. Axiom ignored:
[INFO] SubClassOf(<http://purl.obolibrary.org/obo/PORO_0000117> ObjectSomeValuesFrom(<http://purl.obolibrary.org/obo/BFO_0000051> ObjectIntersectionOf(<http://purl.obolibrary.org/obo/PORO_0000500> ObjectExactCardinality(2 <http://purl.obolibrary.org/obo/RO_0002180>))))
[INFO] 2018-10-23 18:51:01,227 WARN  (ChangeIndexingProcessor:66) [reasoner.indexing.axiomIgnored]ELK does not support ObjectMinCardinality. Axiom ignored:
[INFO] SubClassOf(<http://purl.obolibrary.org/obo/PORO_0000447> ObjectMinCardinality(2 <http://purl.obolibrary.org/obo/RO_0002180>))
[INFO] 2018-10-23 18:51:01,227 WARN  (ChangeIndexingProcessor:66) [reasoner.indexing.axiomIgnored]ELK does not support ObjectExactCardinality. Axiom ignored:
[INFO] SubClassOf(<http://purl.obolibrary.org/obo/PORO_0000341> ObjectExactCardinality(6 <http://purl.obolibrary.org/obo/RO_0002180>))
[INFO] 2018-10-23 18:51:01,229 WARN  (ChangeIndexingProcessor:66) [reasoner.indexing.axiomIgnored]ELK does not support ObjectExactCardinality. Axiom ignored:
[INFO] SubClassOf(<http://purl.obolibrary.org/obo/PORO_0000449> ObjectExactCardinality(5 <http://purl.obolibrary.org/obo/RO_0002180>))
[INFO] 2018-10-23 18:51:01,232 WARN  (ChangeIndexingProcessor:66) [reasoner.indexing.axiomIgnored]ELK does not support InverseObjectProperties. Axiom ignored:
[INFO] InverseObjectProperties(<http://purl.obolibrary.org/obo/RO_0000056> <http://purl.obolibrary.org/obo/RO_0000057>)
[INFO] 2018-10-23 18:51:01,234 WARN  (ChangeIndexingProcessor:66) [reasoner.indexing.axiomIgnored]ELK does not support InverseObjectProperties. Axiom ignored:
[INFO] InverseObjectProperties(<http://purl.obolibrary.org/obo/RO_0000052> <http://purl.obolibrary.org/obo/RO_0000053>)
[INFO] 2018-10-23 18:51:01,236 WARN  (ChangeIndexingProcessor:66) [reasoner.indexing.axiomIgnored]ELK does not support SymmetricObjectProperty. Axiom ignored:
[INFO] SymmetricObjectProperty(<http://purl.obolibrary.org/obo/RO_0002150>)
[INFO] 2018-10-23 18:51:01,237 WARN  (IndexedObjectUnionOf:92) [reasoner.indexing.IndexedObjectUnionOf]ELK does not support positive occurrences of ObjectUnionOf. Reasoning might be incomplete!
[INFO] 2018-10-23 18:51:01,240 WARN  (IndexedObjectUnionOf:92) [reasoner.indexing.IndexedObjectUnionOf]ELK does not support positive occurrences of ObjectUnionOf. Reasoning might be incomplete!
[INFO] 2018-10-23 18:51:01,241 WARN  (ChangeIndexingProcessor:66) [reasoner.indexing.axiomIgnored]ELK does not support ObjectPropertyRange. Axiom ignored:
[INFO] ObjectPropertyRange(<http://purl.obolibrary.org/obo/RO_0002254> <http://purl.obolibrary.org/obo/CARO_0000003>)
[INFO] 2018-10-23 18:51:01,241 WARN  (IndexedObjectUnionOf:92) [reasoner.indexing.IndexedObjectUnionOf]ELK does not support positive occurrences of ObjectUnionOf. Reasoning might be incomplete!
[INFO] 2018-10-23 18:51:01,244 WARN  (ChangeIndexingProcessor:66) [reasoner.indexing.axiomIgnored]ELK does not support DisjointUnion. Axiom ignored:
[INFO] DisjointUnion(<http://purl.obolibrary.org/obo/PORO_0000344> <http://purl.obolibrary.org/obo/PORO_0000918> <http://purl.obolibrary.org/obo/PORO_0000919>)
[INFO] 2018-10-23 18:51:01,244 WARN  (ChangeIndexingProcessor:66) [reasoner.indexing.axiomIgnored]ELK does not support ObjectExactCardinality. Axiom ignored:
[INFO] SubClassOf(<http://purl.obolibrary.org/obo/PORO_0000602> ObjectExactCardinality(3 <http://purl.obolibrary.org/obo/RO_0002180>))
[INFO] 2018-10-23 18:51:01,254 WARN  (ChangeIndexingProcessor:66) [reasoner.indexing.axiomIgnored]ELK does not support InverseObjectProperties. Axiom ignored:
[INFO] InverseObjectProperties(<http://purl.obolibrary.org/obo/RO_0002234> <http://purl.obolibrary.org/obo/RO_0002353>)
[INFO] 2018-10-23 18:51:01,256 WARN  (ChangeIndexingProcessor:66) [reasoner.indexing.axiomIgnored]ELK does not support InverseObjectProperties. Axiom ignored:
[INFO] InverseObjectProperties(<http://purl.obolibrary.org/obo/RO_0002258> <http://purl.obolibrary.org/obo/RO_0002286>)
[INFO] 2018-10-23 18:51:01,257 WARN  (ChangeIndexingProcessor:66) [reasoner.indexing.axiomIgnored]ELK does not support InverseObjectProperties. Axiom ignored:
[INFO] InverseObjectProperties(<http://purl.obolibrary.org/obo/RO_0002500> <http://purl.obolibrary.org/obo/RO_0002608>)
[INFO] 2018-10-23 18:51:01,257 WARN  (IndexedObjectUnionOf:92) [reasoner.indexing.IndexedObjectUnionOf]ELK does not support positive occurrences of ObjectUnionOf. Reasoning might be incomplete!
[INFO] 2018-10-23 18:51:01,258 WARN  (ChangeIndexingProcessor:66) [reasoner.indexing.axiomIgnored]ELK does not support ObjectMinCardinality. Axiom ignored:
[INFO] SubClassOf(<http://purl.obolibrary.org/obo/PORO_0000414> ObjectMinCardinality(6 <http://purl.obolibrary.org/obo/RO_0002180>))
[INFO] 2018-10-23 18:51:01,258 WARN  (ChangeIndexingProcessor:66) [reasoner.indexing.axiomIgnored]ELK does not support ObjectExactCardinality. Axiom ignored:
[INFO] SubClassOf(<http://purl.obolibrary.org/obo/PORO_0000601> ObjectExactCardinality(1 <http://purl.obolibrary.org/obo/RO_0002180>))
[INFO] 2018-10-23 18:51:01,259 WARN  (IndexedObjectUnionOf:92) [reasoner.indexing.IndexedObjectUnionOf]ELK does not support positive occurrences of ObjectUnionOf. Reasoning might be incomplete!
[INFO] 2018-10-23 18:51:01,272 WARN  (IndexedObjectUnionOf:92) [reasoner.indexing.IndexedObjectUnionOf]ELK does not support positive occurrences of ObjectUnionOf. Reasoning might be incomplete!
[INFO] 2018-10-23 18:51:01,275 WARN  (ChangeIndexingProcessor:66) [reasoner.indexing.axiomIgnored]ELK does not support ObjectPropertyRange. Axiom ignored:
[INFO] ObjectPropertyRange(<http://purl.obolibrary.org/obo/RO_0002220> <http://purl.obolibrary.org/obo/BFO_0000004>)
[INFO] 2018-10-23 18:51:01,275 WARN  (ChangeIndexingProcessor:66) [reasoner.indexing.axiomIgnored]ELK does not support InverseObjectProperties. Axiom ignored:
[INFO] InverseObjectProperties(<http://purl.obolibrary.org/obo/RO_0002223> <http://purl.obolibrary.org/obo/RO_0002224>)
[INFO] 2018-10-23 18:51:01,282 WARN  (IndexedObjectUnionOf:92) [reasoner.indexing.IndexedObjectUnionOf]ELK does not support positive occurrences of ObjectUnionOf. Reasoning might be incomplete!
[INFO] 2018-10-23 18:51:01,283 WARN  (ChangeIndexingProcessor:66) [reasoner.indexing.axiomIgnored]ELK does not support ObjectExactCardinality. Axiom ignored:
[INFO] SubClassOf(<http://purl.obolibrary.org/obo/PORO_0000600> ObjectExactCardinality(3 <http://purl.obolibrary.org/obo/RO_0002180>))
[INFO] 2018-10-23 18:51:01,284 WARN  (ChangeIndexingProcessor:66) [reasoner.indexing.axiomIgnored]ELK does not support ObjectExactCardinality. Axiom ignored:
[INFO] SubClassOf(<http://purl.obolibrary.org/obo/PORO_0000586> ObjectExactCardinality(4 <http://purl.obolibrary.org/obo/RO_0002180>))
[INFO] 2018-10-23 18:51:01,284 WARN  (ChangeIndexingProcessor:66) [reasoner.indexing.axiomIgnored]ELK does not support ObjectPropertyRange. Axiom ignored:
[INFO] ObjectPropertyRange(<http://purl.obolibrary.org/obo/RO_0002202> <http://purl.obolibrary.org/obo/BFO_0000004>)
[INFO] 2018-10-23 18:51:01,287 WARN  (ChangeIndexingProcessor:66) [reasoner.indexing.axiomIgnored]ELK does not support ObjectExactCardinality. Axiom ignored:
[INFO] SubClassOf(<http://purl.obolibrary.org/obo/PORO_0000601> ObjectExactCardinality(4 <http://purl.obolibrary.org/obo/RO_0002180>))
[INFO] 2018-10-23 18:51:01,288 WARN  (ChangeIndexingProcessor:66) [reasoner.indexing.axiomIgnored]ELK does not support InverseObjectProperties. Axiom ignored:
[INFO] InverseObjectProperties(<http://purl.obolibrary.org/obo/RO_0002219> <http://purl.obolibrary.org/obo/RO_0002221>)
[INFO] 2018-10-23 18:51:01,288 WARN  (ChangeIndexingProcessor:66) [reasoner.indexing.axiomIgnored]ELK does not support DisjointUnion. Axiom ignored:
[INFO] DisjointUnion(<http://purl.obolibrary.org/obo/PORO_0000045> <http://purl.obolibrary.org/obo/PORO_0000106> <http://purl.obolibrary.org/obo/PORO_0000206> <http://purl.obolibrary.org/obo/PORO_0000500>)
[INFO] 2018-10-23 18:51:01,297 WARN  (ChangeIndexingProcessor:66) [reasoner.indexing.axiomIgnored]ELK does not support ObjectPropertyRange. Axiom ignored:
[INFO] ObjectPropertyRange(<http://purl.obolibrary.org/obo/RO_0002150> <http://purl.obolibrary.org/obo/BFO_0000004>)
[INFO] 2018-10-23 18:51:01,299 WARN  (ChangeIndexingProcessor:66) [reasoner.indexing.axiomIgnored]ELK does not support ObjectExactCardinality. Axiom ignored:
[INFO] SubClassOf(<http://purl.obolibrary.org/obo/PORO_0000587> ObjectExactCardinality(4 <http://purl.obolibrary.org/obo/RO_0002180>))
[INFO] 2018-10-23 18:51:01,299 WARN  (ChangeIndexingProcessor:66) [reasoner.indexing.axiomIgnored]ELK does not support ObjectPropertyRange. Axiom ignored:
[INFO] ObjectPropertyRange(<http://purl.obolibrary.org/obo/RO_0000057> <http://purl.obolibrary.org/obo/BFO_0000002>)
[INFO] 2018-10-23 18:51:01,300 WARN  (ChangeIndexingProcessor:66) [reasoner.indexing.axiomIgnored]ELK does not support InverseObjectProperties. Axiom ignored:
[INFO] InverseObjectProperties(<http://purl.obolibrary.org/obo/RO_0002297> <http://purl.obolibrary.org/obo/RO_0002354>)
[INFO] 2018-10-23 18:51:01,301 WARN  (ChangeIndexingProcessor:66) [reasoner.indexing.axiomIgnored]ELK does not support ObjectPropertyRange. Axiom ignored:
[INFO] ObjectPropertyRange(<http://purl.obolibrary.org/obo/RO_0002215> <http://purl.obolibrary.org/obo/BFO_0000015>)
[INFO] 2018-10-23 18:51:01,301 WARN  (ChangeIndexingProcessor:66) [reasoner.indexing.axiomIgnored]ELK does not support ObjectExactCardinality. Axiom ignored:
[INFO] EquivalentClasses(<http://purl.obolibrary.org/obo/PORO_0000411> ObjectIntersectionOf(<http://purl.obolibrary.org/obo/PORO_0000587> ObjectExactCardinality(1 <http://purl.obolibrary.org/obo/RO_0002180>)))
[INFO] 2018-10-23 18:51:01,302 WARN  (ChangeIndexingProcessor:66) [reasoner.indexing.axiomIgnored]ELK does not support ObjectExactCardinality. Axiom ignored:
[INFO] SubClassOf(<http://purl.obolibrary.org/obo/PORO_0000418> ObjectExactCardinality(8 <http://purl.obolibrary.org/obo/RO_0002473>))
[INFO] 2018-10-23 18:51:01,304 WARN  (ChangeIndexingProcessor:66) [reasoner.indexing.axiomIgnored]ELK does not support ObjectExactCardinality. Axiom ignored:
[INFO] SubClassOf(<http://purl.obolibrary.org/obo/PORO_0000411> ObjectExactCardinality(1 <http://purl.obolibrary.org/obo/RO_0002180>))
[INFO] 2018-10-23 18:51:01,309 WARN  (ChangeIndexingProcessor:66) [reasoner.indexing.axiomIgnored]ELK does not support ObjectExactCardinality. Axiom ignored:
[INFO] EquivalentClasses(<http://purl.obolibrary.org/obo/PORO_0000587> ObjectIntersectionOf(<http://purl.obolibrary.org/obo/PORO_0000017> ObjectExactCardinality(4 <http://purl.obolibrary.org/obo/RO_0002180>)))
[INFO] 2018-10-23 18:51:01,310 WARN  (ChangeIndexingProcessor:66) [reasoner.indexing.axiomIgnored]ELK does not support InverseObjectProperties. Axiom ignored:
[INFO] InverseObjectProperties(<http://purl.obolibrary.org/obo/BFO_0000050> <http://purl.obolibrary.org/obo/BFO_0000051>)
[INFO] 2018-10-23 18:51:01,314 WARN  (ChangeIndexingProcessor:66) [reasoner.indexing.axiomIgnored]ELK does not support InverseObjectProperties. Axiom ignored:
[INFO] InverseObjectProperties(<http://purl.obolibrary.org/obo/RO_0002254> <http://purl.obolibrary.org/obo/RO_0002255>)
[INFO] 2018-10-23 18:51:01,314 WARN  (ChangeIndexingProcessor:66) [reasoner.indexing.axiomIgnored]ELK does not support ObjectExactCardinality. Axiom ignored:
[INFO] SubClassOf(<http://purl.obolibrary.org/obo/PORO_0000601> ObjectExactCardinality(3 <http://purl.obolibrary.org/obo/RO_0002180>))
[INFO] 2018-10-23 18:51:01,315 WARN  (ChangeIndexingProcessor:66) [reasoner.indexing.axiomIgnored]ELK does not support ObjectPropertyRange. Axiom ignored:
[INFO] ObjectPropertyRange(<http://purl.obolibrary.org/obo/RO_0000056> <http://purl.obolibrary.org/obo/BFO_0000003>)
[INFO] 2018-10-23 18:51:01,319 WARN  (ChangeIndexingProcessor:66) [reasoner.indexing.axiomIgnored]ELK does not support InverseObjectProperties. Axiom ignored:
[INFO] InverseObjectProperties(<http://purl.obolibrary.org/obo/RO_0003000> <http://purl.obolibrary.org/obo/RO_0003001>)
[INFO] 2018-10-23 18:51:01,319 WARN  (ChangeIndexingProcessor:66) [reasoner.indexing.axiomIgnored]ELK does not support ObjectExactCardinality. Axiom ignored:
[INFO] EquivalentClasses(<http://purl.obolibrary.org/obo/PORO_0000600> ObjectIntersectionOf(<http://purl.obolibrary.org/obo/PORO_0000017> ObjectExactCardinality(3 <http://purl.obolibrary.org/obo/RO_0002180>)))
[INFO] 2018-10-23 18:51:01,320 WARN  (ChangeIndexingProcessor:66) [reasoner.indexing.axiomIgnored]ELK does not support ObjectExactCardinality. Axiom ignored:
[INFO] SubClassOf(<http://purl.obolibrary.org/obo/PORO_0000256> ObjectExactCardinality(2 <http://purl.obolibrary.org/obo/RO_0002180>))
[INFO] 2018-10-23 18:51:01,321 WARN  (ChangeIndexingProcessor:66) [reasoner.indexing.axiomIgnored]ELK does not support ObjectExactCardinality. Axiom ignored:
[INFO] SubClassOf(<http://purl.obolibrary.org/obo/PORO_0000343> ObjectExactCardinality(6 <http://purl.obolibrary.org/obo/RO_0002180>))
[INFO] 2018-10-23 18:51:01,322 WARN  (ChangeIndexingProcessor:66) [reasoner.indexing.axiomIgnored]ELK does not support ObjectPropertyRange. Axiom ignored:
[INFO] ObjectPropertyRange(<http://purl.obolibrary.org/obo/RO_0000053> <http://purl.obolibrary.org/obo/BFO_0000020>)
[INFO] 2018-10-23 18:51:01,323 WARN  (ChangeIndexingProcessor:66) [reasoner.indexing.axiomIgnored]ELK does not support ObjectPropertyRange. Axiom ignored:
[INFO] ObjectPropertyRange(<http://purl.obolibrary.org/obo/RO_0002595> <http://purl.obolibrary.org/obo/BFO_0000015>)
[INFO] 2018-10-23 18:51:01,324 WARN  (ChangeIndexingProcessor:66) [reasoner.indexing.axiomIgnored]ELK does not support ObjectExactCardinality. Axiom ignored:
[INFO] EquivalentClasses(<http://purl.obolibrary.org/obo/PORO_0000256> ObjectIntersectionOf(<http://purl.obolibrary.org/obo/PORO_0000098> ObjectExactCardinality(2 <http://purl.obolibrary.org/obo/RO_0002180>)))
[INFO] 2018-10-23 18:51:01,324 INFO  (LoggingStageExecutor:103) Loading of Axioms took 160 ms
[INFO] 2018-10-23 18:51:01,325 INFO  (LoggingStageExecutor:70) Property Saturation Initialization started
[INFO] 2018-10-23 18:51:01,327 INFO  (AbstractReasonerStage:161) Property Saturation Initialization using 2 workers
[INFO] 2018-10-23 18:51:01,327 INFO  (LoggingStageExecutor:103) Property Saturation Initialization took 2 ms
[INFO] 2018-10-23 18:51:01,328 INFO  (LoggingStageExecutor:70) Reflexive Property Computation started
[INFO] 2018-10-23 18:51:01,332 INFO  (AbstractReasonerStage:161) Reflexive Property Computation using 2 workers
[INFO] 2018-10-23 18:51:01,342 INFO  (LoggingStageExecutor:103) Reflexive Property Computation took 13 ms
[INFO] 2018-10-23 18:51:01,342 INFO  (LoggingStageExecutor:70) Object Property Hierarchy and Composition Computation started
[INFO] 2018-10-23 18:51:01,344 INFO  (AbstractReasonerStage:161) Object Property Hierarchy and Composition Computation using 2 workers
[INFO] 2018-10-23 18:51:01,356 INFO  (LoggingStageExecutor:103) Object Property Hierarchy and Composition Computation took 14 ms
[INFO] 2018-10-23 18:51:01,357 INFO  (LoggingStageExecutor:70) Context Initialization started
[INFO] 2018-10-23 18:51:01,358 INFO  (AbstractReasonerStage:161) Context Initialization using 2 workers
[INFO] 2018-10-23 18:51:01,360 INFO  (LoggingStageExecutor:103) Context Initialization took 3 ms
[INFO] 2018-10-23 18:51:01,360 INFO  (LoggingStageExecutor:70) Consistency Checking started
[INFO] 2018-10-23 18:51:01,368 INFO  (AbstractReasonerStage:161) Consistency Checking using 2 workers
[INFO] 2018-10-23 18:51:01,405 INFO  (LoggingStageExecutor:103) Consistency Checking took 44 ms
[INFO] 2018-10-23 18:51:01,406 INFO  (LoggingStageExecutor:70) Class Taxonomy Computation started
[INFO] 2018-10-23 18:51:01,416 INFO  (AbstractReasonerStage:161) Class Taxonomy Computation using 2 workers
[INFO] 2018-10-23 18:51:01,699 INFO  (LoggingStageExecutor:103) Class Taxonomy Computation took 292 ms
[INFO] E: owl:Nothing owl:Nothing
[INFO] 2018-10-23 18:51:01,702 INFO  (CommandRunnerBase:78) disposing of org.semanticweb.elk.owlapi.ElkReasoner@58359ebd
[INFO] 2018-10-23 18:51:01,704 INFO  (Reasoner:231) ELK reasoner has shut down
[INFO] 2018-10-23 18:51:01,704 INFO  (CommandRunnerBase:70) disposing of org.semanticweb.elk.owlapi.ElkReasoner@58359ebd
[INFO] ------------------------------------------------------------------------
[INFO] BUILD SUCCESS
[INFO] ------------------------------------------------------------------------
[INFO] Total time: 4.522s
[INFO] Finished at: Tue Oct 23 18:51:01 UTC 2018
[INFO] Final Memory: 6M/289M
[INFO] ------------------------------------------------------------------------
Tue Oct 23 18:51:01 UTC 2018
