Tue Oct 23 18:51:07 UTC 2018
Querying for incoherent classes in: /mnt/efsdata/obo-ci-data/base/ontologies/ro_core/ro_core_flat.owl
[INFO] Error stacktraces are turned on.
[INFO] Scanning for projects...
[INFO]                                                                         
[INFO] ------------------------------------------------------------------------
[INFO] Building incoherent-query 1.0
[INFO] ------------------------------------------------------------------------
[INFO] 
[INFO] --- exec-maven-plugin:1.1:exec (default-cli) @ incoherent-query ---
[INFO] 2018-10-23 18:51:11,285 INFO  (ParserWrapper:75) Start loading ontology: file:/mnt/efsdata/obo-ci-data/base/ontologies/ro_core/ro_core_flat.owl from: file:/mnt/efsdata/obo-ci-data/base/ontologies/ro_core/ro_core_flat.owl
[INFO] 2018-10-23 18:51:11,591 INFO  (ParserWrapper:82) Finished loading ontology: http://purl.obolibrary.org/obo/ro/core.owl from: file:/mnt/efsdata/obo-ci-data/base/ontologies/ro_core/ro_core_flat.owl
[INFO] # PARSING: <http://www.w3.org/2002/07/owl#Nothing>
[INFO] 2018-10-23 18:51:11,625 INFO  (ManchesterSyntaxTool:130) parsing: <http://www.w3.org/2002/07/owl#Nothing>
[INFO] # QUERY: owl:Nothing owl:Nothing
[INFO] 2018-10-23 18:51:11,886 INFO  (CommandRunner:6042) Created reasoner: org.semanticweb.HermiT.Reasoner@63c5efee
[INFO] E: owl:Nothing owl:Nothing
[INFO] 2018-10-23 18:51:11,932 INFO  (CommandRunnerBase:78) disposing of org.semanticweb.HermiT.Reasoner@63c5efee
[INFO] 2018-10-23 18:51:11,932 INFO  (CommandRunnerBase:70) disposing of org.semanticweb.HermiT.Reasoner@63c5efee
[INFO] ------------------------------------------------------------------------
[INFO] BUILD SUCCESS
[INFO] ------------------------------------------------------------------------
[INFO] Total time: 2.886s
[INFO] Finished at: Tue Oct 23 18:51:11 UTC 2018
[INFO] Final Memory: 5M/229M
[INFO] ------------------------------------------------------------------------
Tue Oct 23 18:51:12 UTC 2018
