Tue Oct 23 18:51:16 UTC 2018
Querying for incoherent classes in: /mnt/efsdata/obo-ci-data/base/ontologies/rs/rs_flat.owl
[INFO] Error stacktraces are turned on.
[INFO] Scanning for projects...
[INFO]                                                                         
[INFO] ------------------------------------------------------------------------
[INFO] Building incoherent-query 1.0
[INFO] ------------------------------------------------------------------------
[INFO] 
[INFO] --- exec-maven-plugin:1.1:exec (default-cli) @ incoherent-query ---
[INFO] 2018-10-23 18:51:20,426 INFO  (ParserWrapper:75) Start loading ontology: file:/mnt/efsdata/obo-ci-data/base/ontologies/rs/rs_flat.owl from: file:/mnt/efsdata/obo-ci-data/base/ontologies/rs/rs_flat.owl
[INFO] 2018-10-23 18:51:22,136 INFO  (ParserWrapper:82) Finished loading ontology: http://purl.obolibrary.org/obo/rs.owl from: file:/mnt/efsdata/obo-ci-data/base/ontologies/rs/rs_flat.owl
[INFO] # PARSING: <http://www.w3.org/2002/07/owl#Nothing>
[INFO] 2018-10-23 18:51:22,196 INFO  (ManchesterSyntaxTool:130) parsing: <http://www.w3.org/2002/07/owl#Nothing>
[INFO] # QUERY: owl:Nothing owl:Nothing
[INFO] 2018-10-23 18:51:22,253 INFO  (ConfigurationFactory:83) Loading default configuration parameters for class org.semanticweb.elk.reasoner.config.ReasonerConfiguration
[INFO] 2018-10-23 18:51:22,458 INFO  (Reasoner:117) ELK reasoner was created
[INFO] 2018-10-23 18:51:22,459 INFO  (CommandRunner:6042) Created reasoner: org.semanticweb.elk.owlapi.ElkReasoner@3b7ff809
[INFO] 2018-10-23 18:51:22,460 INFO  (LoggingStageExecutor:70) Loading of Axioms started
[INFO] 2018-10-23 18:51:22,467 INFO  (AbstractReasonerStage:161) Loading of Axioms using 2 workers
[INFO] 2018-10-23 18:51:22,622 INFO  (LoggingStageExecutor:103) Loading of Axioms took 158 ms
[INFO] 2018-10-23 18:51:22,623 INFO  (LoggingStageExecutor:70) Property Saturation Initialization started
[INFO] 2018-10-23 18:51:22,626 INFO  (AbstractReasonerStage:161) Property Saturation Initialization using 2 workers
[INFO] 2018-10-23 18:51:22,627 INFO  (LoggingStageExecutor:103) Property Saturation Initialization took 3 ms
[INFO] 2018-10-23 18:51:22,627 INFO  (LoggingStageExecutor:70) Reflexive Property Computation started
[INFO] 2018-10-23 18:51:22,635 INFO  (AbstractReasonerStage:161) Reflexive Property Computation using 2 workers
[INFO] 2018-10-23 18:51:22,641 INFO  (LoggingStageExecutor:103) Reflexive Property Computation took 14 ms
[INFO] 2018-10-23 18:51:22,641 INFO  (LoggingStageExecutor:70) Object Property Hierarchy and Composition Computation started
[INFO] 2018-10-23 18:51:22,647 INFO  (AbstractReasonerStage:161) Object Property Hierarchy and Composition Computation using 2 workers
[INFO] 2018-10-23 18:51:22,649 INFO  (LoggingStageExecutor:103) Object Property Hierarchy and Composition Computation took 5 ms
[INFO] 2018-10-23 18:51:22,649 INFO  (LoggingStageExecutor:70) Context Initialization started
[INFO] 2018-10-23 18:51:22,650 INFO  (AbstractReasonerStage:161) Context Initialization using 2 workers
[INFO] 2018-10-23 18:51:22,653 INFO  (LoggingStageExecutor:103) Context Initialization took 3 ms
[INFO] 2018-10-23 18:51:22,653 INFO  (LoggingStageExecutor:70) Consistency Checking started
[INFO] 2018-10-23 18:51:22,661 INFO  (AbstractReasonerStage:161) Consistency Checking using 2 workers
[INFO] 2018-10-23 18:51:22,667 INFO  (LoggingStageExecutor:103) Consistency Checking took 13 ms
[INFO] 2018-10-23 18:51:22,667 INFO  (LoggingStageExecutor:70) Class Taxonomy Computation started
[INFO] 2018-10-23 18:51:22,678 INFO  (AbstractReasonerStage:161) Class Taxonomy Computation using 2 workers
[INFO] 2018-10-23 18:51:22,921 INFO  (LoggingStageExecutor:103) Class Taxonomy Computation took 253 ms
[INFO] E: owl:Nothing owl:Nothing
[INFO] 2018-10-23 18:51:22,924 INFO  (CommandRunnerBase:78) disposing of org.semanticweb.elk.owlapi.ElkReasoner@3b7ff809
[INFO] 2018-10-23 18:51:22,925 INFO  (Reasoner:231) ELK reasoner has shut down
[INFO] 2018-10-23 18:51:22,925 INFO  (CommandRunnerBase:70) disposing of org.semanticweb.elk.owlapi.ElkReasoner@3b7ff809
[INFO] ------------------------------------------------------------------------
[INFO] BUILD SUCCESS
[INFO] ------------------------------------------------------------------------
[INFO] Total time: 4.809s
[INFO] Finished at: Tue Oct 23 18:51:22 UTC 2018
[INFO] Final Memory: 5M/229M
[INFO] ------------------------------------------------------------------------
Tue Oct 23 18:51:23 UTC 2018
