Sat Dec  2 12:52:16 MST 2017
Querying for incoherent classes in: /scratch/Shares/hunter/obo-ci/data-all/base/ontologies/sbo/sbo_flat.owl
[INFO] Error stacktraces are turned on.
[INFO] Scanning for projects...
[INFO]                                                                         
[INFO] ------------------------------------------------------------------------
[INFO] Building incoherent-query 1.0
[INFO] ------------------------------------------------------------------------
[INFO] 
[INFO] --- exec-maven-plugin:1.1:exec (default-cli) @ incoherent-query ---
[INFO] /bin/sh: module: line 1: syntax error: unexpected end of file
[INFO] /bin/sh: error importing function definition for `BASH_FUNC_module'
[INFO] 2017-12-02 12:52:22,996 INFO  (ParserWrapper:75) Start loading ontology: file:/scratch/Shares/hunter/obo-ci/data-all/base/ontologies/sbo/sbo_flat.owl from: file:/scratch/Shares/hunter/obo-ci/data-all/base/ontologies/sbo/sbo_flat.owl
[INFO] 2017-12-02 12:52:24,114 INFO  (ParserWrapper:82) Finished loading ontology: http://biomodels.net/SBO/ from: file:/scratch/Shares/hunter/obo-ci/data-all/base/ontologies/sbo/sbo_flat.owl
[INFO] # PARSING: <http://www.w3.org/2002/07/owl#Nothing>
[INFO] 2017-12-02 12:52:24,243 INFO  (ManchesterSyntaxTool:130) parsing: <http://www.w3.org/2002/07/owl#Nothing>
[INFO] # QUERY: owl:Nothing owl:Nothing
[INFO] 2017-12-02 12:52:24,312 INFO  (ConfigurationFactory:83) Loading default configuration parameters for class org.semanticweb.elk.reasoner.config.ReasonerConfiguration
[INFO] 2017-12-02 12:52:24,970 INFO  (Reasoner:117) ELK reasoner was created
[INFO] 2017-12-02 12:52:24,973 INFO  (CommandRunner:6042) Created reasoner: org.semanticweb.elk.owlapi.ElkReasoner@7b8233cd
[INFO] 2017-12-02 12:52:24,978 INFO  (LoggingStageExecutor:70) Loading of Axioms started
[INFO] 2017-12-02 12:52:24,989 INFO  (AbstractReasonerStage:161) Loading of Axioms using 64 workers
[INFO] 2017-12-02 12:52:25,056 INFO  (LoggingStageExecutor:103) Loading of Axioms took 72 ms
[INFO] 2017-12-02 12:52:25,057 INFO  (LoggingStageExecutor:70) Property Saturation Initialization started
[INFO] 2017-12-02 12:52:25,060 INFO  (AbstractReasonerStage:161) Property Saturation Initialization using 64 workers
[INFO] 2017-12-02 12:52:25,063 INFO  (LoggingStageExecutor:103) Property Saturation Initialization took 4 ms
[INFO] 2017-12-02 12:52:25,063 INFO  (LoggingStageExecutor:70) Reflexive Property Computation started
[INFO] 2017-12-02 12:52:25,098 INFO  (AbstractReasonerStage:161) Reflexive Property Computation using 64 workers
[INFO] 2017-12-02 12:52:25,151 INFO  (LoggingStageExecutor:103) Reflexive Property Computation took 87 ms
[INFO] 2017-12-02 12:52:25,151 INFO  (LoggingStageExecutor:70) Object Property Hierarchy and Composition Computation started
[INFO] 2017-12-02 12:52:25,172 INFO  (AbstractReasonerStage:161) Object Property Hierarchy and Composition Computation using 64 workers
[INFO] 2017-12-02 12:52:25,193 INFO  (LoggingStageExecutor:103) Object Property Hierarchy and Composition Computation took 39 ms
[INFO] 2017-12-02 12:52:25,193 INFO  (LoggingStageExecutor:70) Context Initialization started
[INFO] 2017-12-02 12:52:25,200 INFO  (AbstractReasonerStage:161) Context Initialization using 64 workers
[INFO] 2017-12-02 12:52:25,215 INFO  (LoggingStageExecutor:103) Context Initialization took 21 ms
[INFO] 2017-12-02 12:52:25,215 INFO  (LoggingStageExecutor:70) Consistency Checking started
[INFO] 2017-12-02 12:52:25,242 INFO  (AbstractReasonerStage:161) Consistency Checking using 64 workers
[INFO] 2017-12-02 12:52:25,338 INFO  (LoggingStageExecutor:103) Consistency Checking took 122 ms
[INFO] 2017-12-02 12:52:25,339 INFO  (LoggingStageExecutor:70) Class Taxonomy Computation started
[INFO] 2017-12-02 12:52:25,381 INFO  (AbstractReasonerStage:161) Class Taxonomy Computation using 64 workers
[INFO] 2017-12-02 12:52:25,497 INFO  (LoggingStageExecutor:103) Class Taxonomy Computation took 157 ms
[INFO] E: owl:Nothing owl:Nothing
[INFO] 2017-12-02 12:52:25,504 INFO  (CommandRunnerBase:78) disposing of org.semanticweb.elk.owlapi.ElkReasoner@7b8233cd
[INFO] 2017-12-02 12:52:25,542 INFO  (Reasoner:231) ELK reasoner has shut down
[INFO] 2017-12-02 12:52:25,543 INFO  (CommandRunnerBase:70) disposing of org.semanticweb.elk.owlapi.ElkReasoner@7b8233cd
[INFO] ------------------------------------------------------------------------
[INFO] BUILD SUCCESS
[INFO] ------------------------------------------------------------------------
[INFO] Total time: 7.843 s
[INFO] Finished at: 2017-12-02T12:52:25-07:00
[INFO] Final Memory: 21M/1963M
[INFO] ------------------------------------------------------------------------
Sat Dec  2 12:52:25 MST 2017
