Sat Dec  2 12:52:16 MST 2017
Querying for incoherent classes in: /scratch/Shares/hunter/obo-ci/data-all/base/ontologies/sepio/sepio_flat.owl
[INFO] Error stacktraces are turned on.
[INFO] Scanning for projects...
[INFO]                                                                         
[INFO] ------------------------------------------------------------------------
[INFO] Building incoherent-query 1.0
[INFO] ------------------------------------------------------------------------
[INFO] 
[INFO] --- exec-maven-plugin:1.1:exec (default-cli) @ incoherent-query ---
[INFO] /bin/sh: module: line 1: syntax error: unexpected end of file
[INFO] /bin/sh: error importing function definition for `BASH_FUNC_module'
[INFO] 2017-12-02 12:52:22,961 INFO  (ParserWrapper:75) Start loading ontology: file:/scratch/Shares/hunter/obo-ci/data-all/base/ontologies/sepio/sepio_flat.owl from: file:/scratch/Shares/hunter/obo-ci/data-all/base/ontologies/sepio/sepio_flat.owl
[INFO] 2017-12-02 12:52:23,687 INFO  (ParserWrapper:82) Finished loading ontology: null from: file:/scratch/Shares/hunter/obo-ci/data-all/base/ontologies/sepio/sepio_flat.owl
[INFO] # PARSING: <http://www.w3.org/2002/07/owl#Nothing>
[INFO] 2017-12-02 12:52:23,807 INFO  (ManchesterSyntaxTool:130) parsing: <http://www.w3.org/2002/07/owl#Nothing>
[INFO] # QUERY: owl:Nothing owl:Nothing
[INFO] 2017-12-02 12:52:23,878 INFO  (ConfigurationFactory:83) Loading default configuration parameters for class org.semanticweb.elk.reasoner.config.ReasonerConfiguration
[INFO] 2017-12-02 12:52:24,385 INFO  (Reasoner:117) ELK reasoner was created
[INFO] 2017-12-02 12:52:24,390 INFO  (CommandRunner:6042) Created reasoner: org.semanticweb.elk.owlapi.ElkReasoner@6bea52d4
[INFO] 2017-12-02 12:52:24,394 INFO  (LoggingStageExecutor:70) Loading of Axioms started
[INFO] 2017-12-02 12:52:24,410 INFO  (AbstractReasonerStage:161) Loading of Axioms using 64 workers
[INFO] 2017-12-02 12:52:24,412 INFO  (LoggingStageExecutor:103) Loading of Axioms took 11 ms
[INFO] 2017-12-02 12:52:24,412 INFO  (LoggingStageExecutor:70) Property Saturation Initialization started
[INFO] 2017-12-02 12:52:24,418 INFO  (AbstractReasonerStage:161) Property Saturation Initialization using 64 workers
[INFO] 2017-12-02 12:52:24,419 INFO  (LoggingStageExecutor:103) Property Saturation Initialization took 6 ms
[INFO] 2017-12-02 12:52:24,419 INFO  (LoggingStageExecutor:70) Reflexive Property Computation started
[INFO] 2017-12-02 12:52:24,450 INFO  (AbstractReasonerStage:161) Reflexive Property Computation using 64 workers
[INFO] 2017-12-02 12:52:24,488 INFO  (LoggingStageExecutor:103) Reflexive Property Computation took 68 ms
[INFO] 2017-12-02 12:52:24,488 INFO  (LoggingStageExecutor:70) Object Property Hierarchy and Composition Computation started
[INFO] 2017-12-02 12:52:24,498 INFO  (AbstractReasonerStage:161) Object Property Hierarchy and Composition Computation using 64 workers
[INFO] 2017-12-02 12:52:24,513 INFO  (LoggingStageExecutor:103) Object Property Hierarchy and Composition Computation took 22 ms
[INFO] 2017-12-02 12:52:24,514 INFO  (LoggingStageExecutor:70) Context Initialization started
[INFO] 2017-12-02 12:52:24,519 INFO  (AbstractReasonerStage:161) Context Initialization using 64 workers
[INFO] 2017-12-02 12:52:24,531 INFO  (LoggingStageExecutor:103) Context Initialization took 17 ms
[INFO] 2017-12-02 12:52:24,531 INFO  (LoggingStageExecutor:70) Consistency Checking started
[INFO] 2017-12-02 12:52:24,555 INFO  (AbstractReasonerStage:161) Consistency Checking using 64 workers
[INFO] 2017-12-02 12:52:24,642 INFO  (LoggingStageExecutor:103) Consistency Checking took 110 ms
[INFO] 2017-12-02 12:52:24,643 INFO  (LoggingStageExecutor:70) Class Taxonomy Computation started
[INFO] 2017-12-02 12:52:24,700 INFO  (AbstractReasonerStage:161) Class Taxonomy Computation using 64 workers
[INFO] 2017-12-02 12:52:24,733 INFO  (LoggingStageExecutor:103) Class Taxonomy Computation took 90 ms
[INFO] E: owl:Nothing owl:Nothing
[INFO] 2017-12-02 12:52:24,746 INFO  (CommandRunnerBase:78) disposing of org.semanticweb.elk.owlapi.ElkReasoner@6bea52d4
[INFO] 2017-12-02 12:52:24,752 INFO  (Reasoner:231) ELK reasoner has shut down
[INFO] 2017-12-02 12:52:24,753 INFO  (CommandRunnerBase:70) disposing of org.semanticweb.elk.owlapi.ElkReasoner@6bea52d4
[INFO] ------------------------------------------------------------------------
[INFO] BUILD SUCCESS
[INFO] ------------------------------------------------------------------------
[INFO] Total time: 7.118 s
[INFO] Finished at: 2017-12-02T12:52:24-07:00
[INFO] Final Memory: 21M/1963M
[INFO] ------------------------------------------------------------------------
Sat Dec  2 12:52:24 MST 2017
