Tue Oct 23 18:51:26 UTC 2018
Querying for incoherent classes in: /mnt/efsdata/obo-ci-data/base/ontologies/so/so_flat.owl
[INFO] Error stacktraces are turned on.
[INFO] Scanning for projects...
[INFO]                                                                         
[INFO] ------------------------------------------------------------------------
[INFO] Building incoherent-query 1.0
[INFO] ------------------------------------------------------------------------
[INFO] 
[INFO] --- exec-maven-plugin:1.1:exec (default-cli) @ incoherent-query ---
[INFO] 2018-10-23 18:51:30,763 INFO  (ParserWrapper:75) Start loading ontology: file:/mnt/efsdata/obo-ci-data/base/ontologies/so/so_flat.owl from: file:/mnt/efsdata/obo-ci-data/base/ontologies/so/so_flat.owl
[INFO] 2018-10-23 18:51:32,787 INFO  (ParserWrapper:82) Finished loading ontology: http://purl.obolibrary.org/obo/so.owl from: file:/mnt/efsdata/obo-ci-data/base/ontologies/so/so_flat.owl
[INFO] # PARSING: <http://www.w3.org/2002/07/owl#Nothing>
[INFO] 2018-10-23 18:51:32,839 INFO  (ManchesterSyntaxTool:130) parsing: <http://www.w3.org/2002/07/owl#Nothing>
[INFO] # QUERY: owl:Nothing owl:Nothing
[INFO] 2018-10-23 18:51:32,883 INFO  (ConfigurationFactory:83) Loading default configuration parameters for class org.semanticweb.elk.reasoner.config.ReasonerConfiguration
[INFO] 2018-10-23 18:51:33,062 INFO  (Reasoner:117) ELK reasoner was created
[INFO] 2018-10-23 18:51:33,064 INFO  (CommandRunner:6042) Created reasoner: org.semanticweb.elk.owlapi.ElkReasoner@62f4ff3b
[INFO] 2018-10-23 18:51:33,065 INFO  (LoggingStageExecutor:70) Loading of Axioms started
[INFO] 2018-10-23 18:51:33,071 INFO  (AbstractReasonerStage:161) Loading of Axioms using 2 workers
[INFO] 2018-10-23 18:51:33,095 WARN  (ChangeIndexingProcessor:66) [reasoner.indexing.axiomIgnored]ELK does not support SymmetricObjectProperty. Axiom ignored:
[INFO] SymmetricObjectProperty(<http://purl.obolibrary.org/obo/so#similar_to>)
[INFO] 2018-10-23 18:51:33,186 WARN  (ChangeIndexingProcessor:66) [reasoner.indexing.axiomIgnored]ELK does not support SymmetricObjectProperty. Axiom ignored:
[INFO] SymmetricObjectProperty(<http://purl.obolibrary.org/obo/so#paralogous_to>)
[INFO] 2018-10-23 18:51:33,211 WARN  (ChangeIndexingProcessor:66) [reasoner.indexing.axiomIgnored]ELK does not support SymmetricObjectProperty. Axiom ignored:
[INFO] SymmetricObjectProperty(<http://purl.obolibrary.org/obo/so#homologous_to>)
[INFO] 2018-10-23 18:51:33,226 WARN  (ChangeIndexingProcessor:66) [reasoner.indexing.axiomIgnored]ELK does not support SymmetricObjectProperty. Axiom ignored:
[INFO] SymmetricObjectProperty(<http://purl.obolibrary.org/obo/so#orthologous_to>)
[INFO] 2018-10-23 18:51:33,244 INFO  (LoggingStageExecutor:103) Loading of Axioms took 175 ms
[INFO] 2018-10-23 18:51:33,245 INFO  (LoggingStageExecutor:70) Property Saturation Initialization started
[INFO] 2018-10-23 18:51:33,246 INFO  (AbstractReasonerStage:161) Property Saturation Initialization using 2 workers
[INFO] 2018-10-23 18:51:33,246 INFO  (LoggingStageExecutor:103) Property Saturation Initialization took 1 ms
[INFO] 2018-10-23 18:51:33,248 INFO  (LoggingStageExecutor:70) Reflexive Property Computation started
[INFO] 2018-10-23 18:51:33,253 INFO  (AbstractReasonerStage:161) Reflexive Property Computation using 2 workers
[INFO] 2018-10-23 18:51:33,256 INFO  (LoggingStageExecutor:103) Reflexive Property Computation took 7 ms
[INFO] 2018-10-23 18:51:33,256 INFO  (LoggingStageExecutor:70) Object Property Hierarchy and Composition Computation started
[INFO] 2018-10-23 18:51:33,259 INFO  (AbstractReasonerStage:161) Object Property Hierarchy and Composition Computation using 2 workers
[INFO] 2018-10-23 18:51:33,263 INFO  (LoggingStageExecutor:103) Object Property Hierarchy and Composition Computation took 7 ms
[INFO] 2018-10-23 18:51:33,263 INFO  (LoggingStageExecutor:70) Context Initialization started
[INFO] 2018-10-23 18:51:33,264 INFO  (AbstractReasonerStage:161) Context Initialization using 2 workers
[INFO] 2018-10-23 18:51:33,267 INFO  (LoggingStageExecutor:103) Context Initialization took 3 ms
[INFO] 2018-10-23 18:51:33,267 INFO  (LoggingStageExecutor:70) Consistency Checking started
[INFO] 2018-10-23 18:51:33,275 INFO  (AbstractReasonerStage:161) Consistency Checking using 2 workers
[INFO] 2018-10-23 18:51:33,289 INFO  (LoggingStageExecutor:103) Consistency Checking took 21 ms
[INFO] 2018-10-23 18:51:33,289 INFO  (LoggingStageExecutor:70) Class Taxonomy Computation started
[INFO] 2018-10-23 18:51:33,299 INFO  (AbstractReasonerStage:161) Class Taxonomy Computation using 2 workers
[INFO] 2018-10-23 18:51:33,580 INFO  (LoggingStageExecutor:103) Class Taxonomy Computation took 291 ms
[INFO] E: owl:Nothing owl:Nothing
[INFO] 2018-10-23 18:51:33,584 INFO  (CommandRunnerBase:78) disposing of org.semanticweb.elk.owlapi.ElkReasoner@62f4ff3b
[INFO] 2018-10-23 18:51:33,585 INFO  (Reasoner:231) ELK reasoner has shut down
[INFO] 2018-10-23 18:51:33,585 INFO  (CommandRunnerBase:70) disposing of org.semanticweb.elk.owlapi.ElkReasoner@62f4ff3b
[INFO] ------------------------------------------------------------------------
[INFO] BUILD SUCCESS
[INFO] ------------------------------------------------------------------------
[INFO] Total time: 5.422s
[INFO] Finished at: Tue Oct 23 18:51:33 UTC 2018
[INFO] Final Memory: 5M/229M
[INFO] ------------------------------------------------------------------------
Tue Oct 23 18:51:33 UTC 2018
