Tue Oct 23 18:51:30 UTC 2018
Querying for incoherent classes in: /mnt/efsdata/obo-ci-data/base/ontologies/spd/spd_flat.owl
[INFO] Error stacktraces are turned on.
[INFO] Scanning for projects...
[INFO]                                                                         
[INFO] ------------------------------------------------------------------------
[INFO] Building incoherent-query 1.0
[INFO] ------------------------------------------------------------------------
[INFO] 
[INFO] --- exec-maven-plugin:1.1:exec (default-cli) @ incoherent-query ---
[INFO] 2018-10-23 18:51:34,322 INFO  (ParserWrapper:75) Start loading ontology: file:/mnt/efsdata/obo-ci-data/base/ontologies/spd/spd_flat.owl from: file:/mnt/efsdata/obo-ci-data/base/ontologies/spd/spd_flat.owl
[INFO] 2018-10-23 18:51:35,484 INFO  (ParserWrapper:82) Finished loading ontology: http://purl.obolibrary.org/obo/spd.owl from: file:/mnt/efsdata/obo-ci-data/base/ontologies/spd/spd_flat.owl
[INFO] # PARSING: <http://www.w3.org/2002/07/owl#Nothing>
[INFO] 2018-10-23 18:51:35,538 INFO  (ManchesterSyntaxTool:130) parsing: <http://www.w3.org/2002/07/owl#Nothing>
[INFO] # QUERY: owl:Nothing owl:Nothing
[INFO] 2018-10-23 18:51:35,850 INFO  (CommandRunner:6042) Created reasoner: org.semanticweb.HermiT.Reasoner@27fde870
[INFO] E: owl:Nothing owl:Nothing
[INFO] 2018-10-23 18:51:36,161 INFO  (CommandRunnerBase:78) disposing of org.semanticweb.HermiT.Reasoner@27fde870
[INFO] 2018-10-23 18:51:36,161 INFO  (CommandRunnerBase:70) disposing of org.semanticweb.HermiT.Reasoner@27fde870
[INFO] ------------------------------------------------------------------------
[INFO] BUILD SUCCESS
[INFO] ------------------------------------------------------------------------
[INFO] Total time: 4.446s
[INFO] Finished at: Tue Oct 23 18:51:36 UTC 2018
[INFO] Final Memory: 6M/289M
[INFO] ------------------------------------------------------------------------
Tue Oct 23 18:51:36 UTC 2018
