Tue Oct 23 18:51:36 UTC 2018
Querying for incoherent classes in: /mnt/efsdata/obo-ci-data/base/ontologies/taxrank/taxrank_flat.owl
[INFO] Error stacktraces are turned on.
[INFO] Scanning for projects...
[INFO]                                                                         
[INFO] ------------------------------------------------------------------------
[INFO] Building incoherent-query 1.0
[INFO] ------------------------------------------------------------------------
[INFO] 
[INFO] --- exec-maven-plugin:1.1:exec (default-cli) @ incoherent-query ---
[INFO] 2018-10-23 18:51:40,761 INFO  (ParserWrapper:75) Start loading ontology: file:/mnt/efsdata/obo-ci-data/base/ontologies/taxrank/taxrank_flat.owl from: file:/mnt/efsdata/obo-ci-data/base/ontologies/taxrank/taxrank_flat.owl
[INFO] 2018-10-23 18:51:41,112 INFO  (ParserWrapper:82) Finished loading ontology: http://purl.obolibrary.org/obo/taxrank.owl from: file:/mnt/efsdata/obo-ci-data/base/ontologies/taxrank/taxrank_flat.owl
[INFO] # PARSING: <http://www.w3.org/2002/07/owl#Nothing>
[INFO] 2018-10-23 18:51:41,149 INFO  (ManchesterSyntaxTool:130) parsing: <http://www.w3.org/2002/07/owl#Nothing>
[INFO] # QUERY: owl:Nothing owl:Nothing
[INFO] 2018-10-23 18:51:41,169 INFO  (ConfigurationFactory:83) Loading default configuration parameters for class org.semanticweb.elk.reasoner.config.ReasonerConfiguration
[INFO] 2018-10-23 18:51:41,350 INFO  (Reasoner:117) ELK reasoner was created
[INFO] 2018-10-23 18:51:41,351 INFO  (CommandRunner:6042) Created reasoner: org.semanticweb.elk.owlapi.ElkReasoner@1a7288a3
[INFO] 2018-10-23 18:51:41,353 INFO  (LoggingStageExecutor:70) Loading of Axioms started
[INFO] 2018-10-23 18:51:41,361 INFO  (AbstractReasonerStage:161) Loading of Axioms using 2 workers
[INFO] 2018-10-23 18:51:41,371 INFO  (LoggingStageExecutor:103) Loading of Axioms took 11 ms
[INFO] 2018-10-23 18:51:41,371 INFO  (LoggingStageExecutor:70) Property Saturation Initialization started
[INFO] 2018-10-23 18:51:41,372 INFO  (AbstractReasonerStage:161) Property Saturation Initialization using 2 workers
[INFO] 2018-10-23 18:51:41,372 INFO  (LoggingStageExecutor:103) Property Saturation Initialization took 0 ms
[INFO] 2018-10-23 18:51:41,372 INFO  (LoggingStageExecutor:70) Reflexive Property Computation started
[INFO] 2018-10-23 18:51:41,376 INFO  (AbstractReasonerStage:161) Reflexive Property Computation using 2 workers
[INFO] 2018-10-23 18:51:41,378 INFO  (LoggingStageExecutor:103) Reflexive Property Computation took 5 ms
[INFO] 2018-10-23 18:51:41,378 INFO  (LoggingStageExecutor:70) Object Property Hierarchy and Composition Computation started
[INFO] 2018-10-23 18:51:41,383 INFO  (AbstractReasonerStage:161) Object Property Hierarchy and Composition Computation using 2 workers
[INFO] 2018-10-23 18:51:41,384 INFO  (LoggingStageExecutor:103) Object Property Hierarchy and Composition Computation took 2 ms
[INFO] 2018-10-23 18:51:41,384 INFO  (LoggingStageExecutor:70) Context Initialization started
[INFO] 2018-10-23 18:51:41,385 INFO  (AbstractReasonerStage:161) Context Initialization using 2 workers
[INFO] 2018-10-23 18:51:41,387 INFO  (LoggingStageExecutor:103) Context Initialization took 2 ms
[INFO] 2018-10-23 18:51:41,387 INFO  (LoggingStageExecutor:70) Consistency Checking started
[INFO] 2018-10-23 18:51:41,390 INFO  (AbstractReasonerStage:161) Consistency Checking using 2 workers
[INFO] 2018-10-23 18:51:41,396 INFO  (LoggingStageExecutor:103) Consistency Checking took 8 ms
[INFO] 2018-10-23 18:51:41,396 INFO  (LoggingStageExecutor:70) Class Taxonomy Computation started
[INFO] 2018-10-23 18:51:41,407 INFO  (AbstractReasonerStage:161) Class Taxonomy Computation using 2 workers
[INFO] 2018-10-23 18:51:41,421 INFO  (LoggingStageExecutor:103) Class Taxonomy Computation took 24 ms
[INFO] E: owl:Nothing owl:Nothing
[INFO] 2018-10-23 18:51:41,424 INFO  (CommandRunnerBase:78) disposing of org.semanticweb.elk.owlapi.ElkReasoner@1a7288a3
[INFO] 2018-10-23 18:51:41,424 INFO  (Reasoner:231) ELK reasoner has shut down
[INFO] 2018-10-23 18:51:41,424 INFO  (CommandRunnerBase:70) disposing of org.semanticweb.elk.owlapi.ElkReasoner@1a7288a3
[INFO] ------------------------------------------------------------------------
[INFO] BUILD SUCCESS
[INFO] ------------------------------------------------------------------------
[INFO] Total time: 3.309s
[INFO] Finished at: Tue Oct 23 18:51:41 UTC 2018
[INFO] Final Memory: 5M/229M
[INFO] ------------------------------------------------------------------------
Tue Oct 23 18:51:41 UTC 2018
