Tue Oct 23 18:51:43 UTC 2018
Querying for incoherent classes in: /mnt/efsdata/obo-ci-data/base/ontologies/tto/tto_flat.owl
[INFO] Error stacktraces are turned on.
[INFO] Scanning for projects...
[INFO]                                                                         
[INFO] ------------------------------------------------------------------------
[INFO] Building incoherent-query 1.0
[INFO] ------------------------------------------------------------------------
[INFO] 
[INFO] --- exec-maven-plugin:1.1:exec (default-cli) @ incoherent-query ---
[INFO] 2018-10-23 18:51:47,092 INFO  (ParserWrapper:75) Start loading ontology: file:/mnt/efsdata/obo-ci-data/base/ontologies/tto/tto_flat.owl from: file:/mnt/efsdata/obo-ci-data/base/ontologies/tto/tto_flat.owl
[INFO] 2018-10-23 18:52:08,064 INFO  (ParserWrapper:82) Finished loading ontology: http://purl.obolibrary.org/obo/tto.owl from: file:/mnt/efsdata/obo-ci-data/base/ontologies/tto/tto_flat.owl
[INFO] # PARSING: <http://www.w3.org/2002/07/owl#Nothing>
[INFO] 2018-10-23 18:52:08,173 INFO  (ManchesterSyntaxTool:130) parsing: <http://www.w3.org/2002/07/owl#Nothing>
[INFO] # QUERY: owl:Nothing owl:Nothing
[INFO] 2018-10-23 18:52:08,496 INFO  (ConfigurationFactory:83) Loading default configuration parameters for class org.semanticweb.elk.reasoner.config.ReasonerConfiguration
[INFO] 2018-10-23 18:52:08,841 INFO  (Reasoner:117) ELK reasoner was created
[INFO] 2018-10-23 18:52:08,842 INFO  (CommandRunner:6042) Created reasoner: org.semanticweb.elk.owlapi.ElkReasoner@1af146
[INFO] 2018-10-23 18:52:08,844 INFO  (LoggingStageExecutor:70) Loading of Axioms started
[INFO] 2018-10-23 18:52:08,850 INFO  (AbstractReasonerStage:161) Loading of Axioms using 2 workers
[INFO] 2018-10-23 18:52:09,515 INFO  (LoggingStageExecutor:103) Loading of Axioms took 667 ms
[INFO] 2018-10-23 18:52:09,515 INFO  (LoggingStageExecutor:70) Property Saturation Initialization started
[INFO] 2018-10-23 18:52:09,516 INFO  (AbstractReasonerStage:161) Property Saturation Initialization using 2 workers
[INFO] 2018-10-23 18:52:09,516 INFO  (LoggingStageExecutor:103) Property Saturation Initialization took 1 ms
[INFO] 2018-10-23 18:52:09,517 INFO  (LoggingStageExecutor:70) Reflexive Property Computation started
[INFO] 2018-10-23 18:52:09,522 INFO  (AbstractReasonerStage:161) Reflexive Property Computation using 2 workers
[INFO] 2018-10-23 18:52:09,526 INFO  (LoggingStageExecutor:103) Reflexive Property Computation took 8 ms
[INFO] 2018-10-23 18:52:09,526 INFO  (LoggingStageExecutor:70) Object Property Hierarchy and Composition Computation started
[INFO] 2018-10-23 18:52:09,529 INFO  (AbstractReasonerStage:161) Object Property Hierarchy and Composition Computation using 2 workers
[INFO] 2018-10-23 18:52:09,531 INFO  (LoggingStageExecutor:103) Object Property Hierarchy and Composition Computation took 4 ms
[INFO] 2018-10-23 18:52:09,531 INFO  (LoggingStageExecutor:70) Context Initialization started
[INFO] 2018-10-23 18:52:09,532 INFO  (AbstractReasonerStage:161) Context Initialization using 2 workers
[INFO] 2018-10-23 18:52:09,535 INFO  (LoggingStageExecutor:103) Context Initialization took 2 ms
[INFO] 2018-10-23 18:52:09,535 INFO  (LoggingStageExecutor:70) Consistency Checking started
[INFO] 2018-10-23 18:52:09,539 INFO  (AbstractReasonerStage:161) Consistency Checking using 2 workers
[INFO] 2018-10-23 18:52:09,546 INFO  (LoggingStageExecutor:103) Consistency Checking took 11 ms
[INFO] 2018-10-23 18:52:09,547 INFO  (LoggingStageExecutor:70) Class Taxonomy Computation started
[INFO] 2018-10-23 18:52:09,558 INFO  (AbstractReasonerStage:161) Class Taxonomy Computation using 2 workers
[INFO] 2018-10-23 18:52:11,087 INFO  (LoggingStageExecutor:103) Class Taxonomy Computation took 1539 ms
[INFO] E: owl:Nothing owl:Nothing
[INFO] 2018-10-23 18:52:11,090 INFO  (CommandRunnerBase:78) disposing of org.semanticweb.elk.owlapi.ElkReasoner@1af146
[INFO] 2018-10-23 18:52:11,091 INFO  (Reasoner:231) ELK reasoner has shut down
[INFO] 2018-10-23 18:52:11,091 INFO  (CommandRunnerBase:70) disposing of org.semanticweb.elk.owlapi.ElkReasoner@1af146
[INFO] ------------------------------------------------------------------------
[INFO] BUILD SUCCESS
[INFO] ------------------------------------------------------------------------
[INFO] Total time: 26.824s
[INFO] Finished at: Tue Oct 23 18:52:11 UTC 2018
[INFO] Final Memory: 5M/229M
[INFO] ------------------------------------------------------------------------
Tue Oct 23 18:52:11 UTC 2018
