Sat Dec  2 12:52:16 MST 2017
Querying for incoherent classes in: /scratch/Shares/hunter/obo-ci/data-all/base/ontologies/uberon_composite-vertebrate/uberon_composite-vertebrate_flat.owl
[INFO] Error stacktraces are turned on.
[INFO] Scanning for projects...
[INFO]                                                                         
[INFO] ------------------------------------------------------------------------
[INFO] Building incoherent-query 1.0
[INFO] ------------------------------------------------------------------------
[INFO] 
[INFO] --- exec-maven-plugin:1.1:exec (default-cli) @ incoherent-query ---
[INFO] /bin/sh: module: line 1: syntax error: unexpected end of file
[INFO] /bin/sh: error importing function definition for `BASH_FUNC_module'
[INFO] 2017-12-02 12:52:22,948 INFO  (ParserWrapper:75) Start loading ontology: file:/scratch/Shares/hunter/obo-ci/data-all/base/ontologies/uberon_composite-vertebrate/uberon_composite-vertebrate_flat.owl from: file:/scratch/Shares/hunter/obo-ci/data-all/base/ontologies/uberon_composite-vertebrate/uberon_composite-vertebrate_flat.owl
[INFO] 2017-12-02 12:52:43,839 INFO  (ParserWrapper:82) Finished loading ontology: http://purl.obolibrary.org/obo/uberon/bridge/collected-vertebrate.owl from: file:/scratch/Shares/hunter/obo-ci/data-all/base/ontologies/uberon_composite-vertebrate/uberon_composite-vertebrate_flat.owl
[INFO] # PARSING: <http://www.w3.org/2002/07/owl#Nothing>
[INFO] 2017-12-02 12:52:44,008 INFO  (ManchesterSyntaxTool:130) parsing: <http://www.w3.org/2002/07/owl#Nothing>
[INFO] # QUERY: owl:Nothing owl:Nothing
[INFO] 2017-12-02 12:52:55,204 INFO  (CommandRunner:6042) Created reasoner: org.semanticweb.HermiT.Reasoner@7a8421e5
[INFO] Exception in thread "main" java.lang.OutOfMemoryError: Java heap space
[INFO] 	at org.semanticweb.HermiT.tableau.TupleIndex$TrieNodeManager.newTrieNode(TupleIndex.java:272)
[INFO] 	at org.semanticweb.HermiT.tableau.TupleIndex.getChildNodeAddIfNecessary(TupleIndex.java:150)
[INFO] 	at org.semanticweb.HermiT.tableau.TupleIndex.addTuple(TupleIndex.java:60)
[INFO] 	at org.semanticweb.HermiT.tableau.ExtensionTableWithTupleIndexes.addTuple(ExtensionTableWithTupleIndexes.java:65)
[INFO] 	at org.semanticweb.HermiT.tableau.ExtensionManager.addAssertion(ExtensionManager.java:445)
[INFO] 	at org.semanticweb.HermiT.tableau.DLClauseEvaluator$DeriveUnaryFact.execute(DLClauseEvaluator.java:646)
[INFO] 	at org.semanticweb.HermiT.tableau.DLClauseEvaluator.evaluate(DLClauseEvaluator.java:125)
[INFO] 	at org.semanticweb.HermiT.tableau.HyperresolutionManager.applyDLClauses(HyperresolutionManager.java:255)
[INFO] 	at org.semanticweb.HermiT.tableau.Tableau.doIteration(Tableau.java:518)
[INFO] 	at org.semanticweb.HermiT.tableau.Tableau.runCalculus(Tableau.java:482)
[INFO] 	at org.semanticweb.HermiT.tableau.Tableau.isSatisfiable(Tableau.java:410)
[INFO] 	at org.semanticweb.HermiT.tableau.Tableau.isSatisfiable(Tableau.java:337)
[INFO] 	at org.semanticweb.HermiT.hierarchy.QuasiOrderClassification.buildModelForConcept(QuasiOrderClassification.java:203)
[INFO] 	at org.semanticweb.HermiT.hierarchy.QuasiOrderClassification.updateSubsumptionsUsingLeafNodeStrategy(QuasiOrderClassification.java:164)
[INFO] 	at org.semanticweb.HermiT.hierarchy.QuasiOrderClassification.buildHierarchy(QuasiOrderClassification.java:96)
[INFO] 	at org.semanticweb.HermiT.hierarchy.QuasiOrderClassification.classify(QuasiOrderClassification.java:90)
[INFO] 	at org.semanticweb.HermiT.Reasoner.classifyAtomicConcepts(Reasoner.java:2118)
[INFO] 	at org.semanticweb.HermiT.Reasoner.classifyClasses(Reasoner.java:773)
[INFO] 	at org.semanticweb.HermiT.Reasoner.getHierarchyNode(Reasoner.java:939)
[INFO] 	at org.semanticweb.HermiT.Reasoner.getEquivalentClasses(Reasoner.java:844)
[INFO] 	at owltools.cli.CommandRunner.runSingleIteration(CommandRunner.java:2203)
[INFO] 	at owltools.cli.CommandRunnerBase.run(CommandRunnerBase.java:76)
[INFO] 	at owltools.cli.CommandRunnerBase.run(CommandRunnerBase.java:68)
[INFO] 	at owltools.cli.CommandLineInterface.main(CommandLineInterface.java:12)
[INFO] ------------------------------------------------------------------------
[INFO] BUILD FAILURE
[INFO] ------------------------------------------------------------------------
[INFO] Total time: 09:20 min
[INFO] Finished at: 2017-12-02T13:01:38-07:00
[INFO] Final Memory: 21M/1963M
[INFO] ------------------------------------------------------------------------
[ERROR] Failed to execute goal org.codehaus.mojo:exec-maven-plugin:1.1:exec (default-cli) on project incoherent-query: Result of /bin/sh -c cd /scratch/Shares/hunter/obo-ci/obo-ci.git/scripts/classify && java -Xmx16G -DentityExpansionLimit=4086000 -Djava.awt.headless=true -DlauncherDir=/scratch/Shares/hunter/obo-ci/obo-ci.git -classpath /scratch/Shares/hunter/obo-ci/obo-ci.git/scripts/classify/target/classes:/scratch/Users/wiba1694/m2/org/bbop/OWLTools-Runner/0.3.0-SNAPSHOT/OWLTools-Runner-0.3.0-SNAPSHOT.jar owltools.cli.CommandLineInterface /scratch/Shares/hunter/obo-ci/data-all/base/ontologies/uberon_composite-vertebrate/uberon_composite-vertebrate_flat.owl --reasoner-query -r hermit -e "<http://www.w3.org/2002/07/owl#Nothing>" execution is: '1'. -> [Help 1]
org.apache.maven.lifecycle.LifecycleExecutionException: Failed to execute goal org.codehaus.mojo:exec-maven-plugin:1.1:exec (default-cli) on project incoherent-query: Result of /bin/sh -c cd /scratch/Shares/hunter/obo-ci/obo-ci.git/scripts/classify && java -Xmx16G -DentityExpansionLimit=4086000 -Djava.awt.headless=true -DlauncherDir=/scratch/Shares/hunter/obo-ci/obo-ci.git -classpath /scratch/Shares/hunter/obo-ci/obo-ci.git/scripts/classify/target/classes:/scratch/Users/wiba1694/m2/org/bbop/OWLTools-Runner/0.3.0-SNAPSHOT/OWLTools-Runner-0.3.0-SNAPSHOT.jar owltools.cli.CommandLineInterface /scratch/Shares/hunter/obo-ci/data-all/base/ontologies/uberon_composite-vertebrate/uberon_composite-vertebrate_flat.owl --reasoner-query -r hermit -e "<http://www.w3.org/2002/07/owl#Nothing>" execution is: '1'.
	at org.apache.maven.lifecycle.internal.MojoExecutor.execute(MojoExecutor.java:216)
	at org.apache.maven.lifecycle.internal.MojoExecutor.execute(MojoExecutor.java:153)
	at org.apache.maven.lifecycle.internal.MojoExecutor.execute(MojoExecutor.java:145)
	at org.apache.maven.lifecycle.internal.LifecycleModuleBuilder.buildProject(LifecycleModuleBuilder.java:116)
	at org.apache.maven.lifecycle.internal.LifecycleModuleBuilder.buildProject(LifecycleModuleBuilder.java:80)
	at org.apache.maven.lifecycle.internal.builder.singlethreaded.SingleThreadedBuilder.build(SingleThreadedBuilder.java:51)
	at org.apache.maven.lifecycle.internal.LifecycleStarter.execute(LifecycleStarter.java:120)
	at org.apache.maven.DefaultMaven.doExecute(DefaultMaven.java:347)
	at org.apache.maven.DefaultMaven.execute(DefaultMaven.java:154)
	at org.apache.maven.cli.MavenCli.execute(MavenCli.java:584)
	at org.apache.maven.cli.MavenCli.doMain(MavenCli.java:213)
	at org.apache.maven.cli.MavenCli.main(MavenCli.java:157)
	at sun.reflect.NativeMethodAccessorImpl.invoke0(Native Method)
	at sun.reflect.NativeMethodAccessorImpl.invoke(NativeMethodAccessorImpl.java:62)
	at sun.reflect.DelegatingMethodAccessorImpl.invoke(DelegatingMethodAccessorImpl.java:43)
	at java.lang.reflect.Method.invoke(Method.java:497)
	at org.codehaus.plexus.classworlds.launcher.Launcher.launchEnhanced(Launcher.java:289)
	at org.codehaus.plexus.classworlds.launcher.Launcher.launch(Launcher.java:229)
	at org.codehaus.plexus.classworlds.launcher.Launcher.mainWithExitCode(Launcher.java:415)
	at org.codehaus.plexus.classworlds.launcher.Launcher.main(Launcher.java:356)
Caused by: org.apache.maven.plugin.MojoExecutionException: Result of /bin/sh -c cd /scratch/Shares/hunter/obo-ci/obo-ci.git/scripts/classify && java -Xmx16G -DentityExpansionLimit=4086000 -Djava.awt.headless=true -DlauncherDir=/scratch/Shares/hunter/obo-ci/obo-ci.git -classpath /scratch/Shares/hunter/obo-ci/obo-ci.git/scripts/classify/target/classes:/scratch/Users/wiba1694/m2/org/bbop/OWLTools-Runner/0.3.0-SNAPSHOT/OWLTools-Runner-0.3.0-SNAPSHOT.jar owltools.cli.CommandLineInterface /scratch/Shares/hunter/obo-ci/data-all/base/ontologies/uberon_composite-vertebrate/uberon_composite-vertebrate_flat.owl --reasoner-query -r hermit -e "<http://www.w3.org/2002/07/owl#Nothing>" execution is: '1'.
	at org.codehaus.mojo.exec.ExecMojo.execute(ExecMojo.java:260)
	at org.apache.maven.plugin.DefaultBuildPluginManager.executeMojo(DefaultBuildPluginManager.java:132)
	at org.apache.maven.lifecycle.internal.MojoExecutor.execute(MojoExecutor.java:208)
	... 19 more
[ERROR] 
[ERROR] Re-run Maven using the -X switch to enable full debug logging.
[ERROR] 
[ERROR] For more information about the errors and possible solutions, please read the following articles:
[ERROR] [Help 1] http://cwiki.apache.org/confluence/display/MAVEN/MojoExecutionException
Sat Dec  2 13:01:38 MST 2017
