Tue Oct 23 18:51:51 UTC 2018
Querying for incoherent classes in: /mnt/efsdata/obo-ci-data/base/ontologies/uberon_bridge_uberon-bridge-to-zfa/uberon_bridge_uberon-bridge-to-zfa_flat.owl
[INFO] Error stacktraces are turned on.
[INFO] Scanning for projects...
[INFO]                                                                         
[INFO] ------------------------------------------------------------------------
[INFO] Building incoherent-query 1.0
[INFO] ------------------------------------------------------------------------
[INFO] 
[INFO] --- exec-maven-plugin:1.1:exec (default-cli) @ incoherent-query ---
[INFO] 2018-10-23 18:51:54,783 INFO  (ParserWrapper:75) Start loading ontology: file:/mnt/efsdata/obo-ci-data/base/ontologies/uberon_bridge_uberon-bridge-to-zfa/uberon_bridge_uberon-bridge-to-zfa_flat.owl from: file:/mnt/efsdata/obo-ci-data/base/ontologies/uberon_bridge_uberon-bridge-to-zfa/uberon_bridge_uberon-bridge-to-zfa_flat.owl
[INFO] 2018-10-23 18:51:56,302 INFO  (ParserWrapper:82) Finished loading ontology: http://purl.obolibrary.org/obo/uberon/bridge/uberon-bridge-to-zfa.owl from: file:/mnt/efsdata/obo-ci-data/base/ontologies/uberon_bridge_uberon-bridge-to-zfa/uberon_bridge_uberon-bridge-to-zfa_flat.owl
[INFO] # PARSING: <http://www.w3.org/2002/07/owl#Nothing>
[INFO] 2018-10-23 18:51:56,353 INFO  (ManchesterSyntaxTool:130) parsing: <http://www.w3.org/2002/07/owl#Nothing>
[INFO] # QUERY: owl:Nothing owl:Nothing
[INFO] 2018-10-23 18:51:56,380 INFO  (ConfigurationFactory:83) Loading default configuration parameters for class org.semanticweb.elk.reasoner.config.ReasonerConfiguration
[INFO] 2018-10-23 18:51:56,539 INFO  (Reasoner:117) ELK reasoner was created
[INFO] 2018-10-23 18:51:56,540 INFO  (CommandRunner:6042) Created reasoner: org.semanticweb.elk.owlapi.ElkReasoner@52045dbe
[INFO] 2018-10-23 18:51:56,542 INFO  (LoggingStageExecutor:70) Loading of Axioms started
[INFO] 2018-10-23 18:51:56,547 INFO  (AbstractReasonerStage:161) Loading of Axioms using 2 workers
[INFO] 2018-10-23 18:51:56,750 INFO  (LoggingStageExecutor:103) Loading of Axioms took 204 ms
[INFO] 2018-10-23 18:51:56,750 INFO  (LoggingStageExecutor:70) Property Saturation Initialization started
[INFO] 2018-10-23 18:51:56,751 INFO  (AbstractReasonerStage:161) Property Saturation Initialization using 2 workers
[INFO] 2018-10-23 18:51:56,751 INFO  (LoggingStageExecutor:103) Property Saturation Initialization took 1 ms
[INFO] 2018-10-23 18:51:56,751 INFO  (LoggingStageExecutor:70) Reflexive Property Computation started
[INFO] 2018-10-23 18:51:56,757 INFO  (AbstractReasonerStage:161) Reflexive Property Computation using 2 workers
[INFO] 2018-10-23 18:51:56,761 INFO  (LoggingStageExecutor:103) Reflexive Property Computation took 9 ms
[INFO] 2018-10-23 18:51:56,761 INFO  (LoggingStageExecutor:70) Object Property Hierarchy and Composition Computation started
[INFO] 2018-10-23 18:51:56,766 INFO  (AbstractReasonerStage:161) Object Property Hierarchy and Composition Computation using 2 workers
[INFO] 2018-10-23 18:51:56,769 INFO  (LoggingStageExecutor:103) Object Property Hierarchy and Composition Computation took 6 ms
[INFO] 2018-10-23 18:51:56,769 INFO  (LoggingStageExecutor:70) Context Initialization started
[INFO] 2018-10-23 18:51:56,770 INFO  (AbstractReasonerStage:161) Context Initialization using 2 workers
[INFO] 2018-10-23 18:51:56,772 INFO  (LoggingStageExecutor:103) Context Initialization took 2 ms
[INFO] 2018-10-23 18:51:56,772 INFO  (LoggingStageExecutor:70) Consistency Checking started
[INFO] 2018-10-23 18:51:56,777 INFO  (AbstractReasonerStage:161) Consistency Checking using 2 workers
[INFO] 2018-10-23 18:51:56,783 INFO  (LoggingStageExecutor:103) Consistency Checking took 10 ms
[INFO] 2018-10-23 18:51:56,783 INFO  (LoggingStageExecutor:70) Class Taxonomy Computation started
[INFO] 2018-10-23 18:51:56,794 INFO  (AbstractReasonerStage:161) Class Taxonomy Computation using 2 workers
[INFO] 2018-10-23 18:51:57,035 INFO  (LoggingStageExecutor:103) Class Taxonomy Computation took 251 ms
[INFO] E: owl:Nothing owl:Nothing
[INFO] 2018-10-23 18:51:57,039 INFO  (CommandRunnerBase:78) disposing of org.semanticweb.elk.owlapi.ElkReasoner@52045dbe
[INFO] 2018-10-23 18:51:57,040 INFO  (Reasoner:231) ELK reasoner has shut down
[INFO] 2018-10-23 18:51:57,040 INFO  (CommandRunnerBase:70) disposing of org.semanticweb.elk.owlapi.ElkReasoner@52045dbe
[INFO] ------------------------------------------------------------------------
[INFO] BUILD SUCCESS
[INFO] ------------------------------------------------------------------------
[INFO] Total time: 4.571s
[INFO] Finished at: Tue Oct 23 18:51:57 UTC 2018
[INFO] Final Memory: 6M/289M
[INFO] ------------------------------------------------------------------------
Tue Oct 23 18:51:57 UTC 2018
