Sat Dec  2 12:52:16 MST 2017
Querying for incoherent classes in: /scratch/Shares/hunter/obo-ci/data-all/base/ontologies/uberon_bridge_uberon-bridge-to-ma/uberon_bridge_uberon-bridge-to-ma_flat.owl
[INFO] Error stacktraces are turned on.
[INFO] Scanning for projects...
[INFO]                                                                         
[INFO] ------------------------------------------------------------------------
[INFO] Building incoherent-query 1.0
[INFO] ------------------------------------------------------------------------
[INFO] 
[INFO] --- exec-maven-plugin:1.1:exec (default-cli) @ incoherent-query ---
[INFO] /bin/sh: module: line 1: syntax error: unexpected end of file
[INFO] /bin/sh: error importing function definition for `BASH_FUNC_module'
[INFO] 2017-12-02 12:52:22,957 INFO  (ParserWrapper:75) Start loading ontology: file:/scratch/Shares/hunter/obo-ci/data-all/base/ontologies/uberon_bridge_uberon-bridge-to-ma/uberon_bridge_uberon-bridge-to-ma_flat.owl from: file:/scratch/Shares/hunter/obo-ci/data-all/base/ontologies/uberon_bridge_uberon-bridge-to-ma/uberon_bridge_uberon-bridge-to-ma_flat.owl
[INFO] 2017-12-02 12:52:27,380 INFO  (ParserWrapper:82) Finished loading ontology: http://purl.obolibrary.org/obo/uberon/bridge/uberon-bridge-to-ma.owl from: file:/scratch/Shares/hunter/obo-ci/data-all/base/ontologies/uberon_bridge_uberon-bridge-to-ma/uberon_bridge_uberon-bridge-to-ma_flat.owl
[INFO] # PARSING: <http://www.w3.org/2002/07/owl#Nothing>
[INFO] 2017-12-02 12:52:27,554 INFO  (ManchesterSyntaxTool:130) parsing: <http://www.w3.org/2002/07/owl#Nothing>
[INFO] # QUERY: owl:Nothing owl:Nothing
[INFO] 2017-12-02 12:52:28,945 INFO  (CommandRunner:6042) Created reasoner: org.semanticweb.HermiT.Reasoner@35277c6c
[INFO] E: owl:Nothing owl:Nothing
[INFO] 2017-12-02 12:52:31,290 INFO  (CommandRunnerBase:78) disposing of org.semanticweb.HermiT.Reasoner@35277c6c
[INFO] 2017-12-02 12:52:31,291 INFO  (CommandRunnerBase:70) disposing of org.semanticweb.HermiT.Reasoner@35277c6c
[INFO] ------------------------------------------------------------------------
[INFO] BUILD SUCCESS
[INFO] ------------------------------------------------------------------------
[INFO] Total time: 14.108 s
[INFO] Finished at: 2017-12-02T12:52:31-07:00
[INFO] Final Memory: 21M/1963M
[INFO] ------------------------------------------------------------------------
Sat Dec  2 12:52:32 MST 2017
