Sat Dec  2 12:52:16 MST 2017
Querying for incoherent classes in: /scratch/Shares/hunter/obo-ci/data-all/base/ontologies/uberon_bridge_uberon-bridge-to-ma/uberon_bridge_uberon-bridge-to-ma_flat.owl
[INFO] Error stacktraces are turned on.
[INFO] Scanning for projects...
[INFO]                                                                         
[INFO] ------------------------------------------------------------------------
[INFO] Building incoherent-query 1.0
[INFO] ------------------------------------------------------------------------
[INFO] 
[INFO] --- exec-maven-plugin:1.1:exec (default-cli) @ incoherent-query ---
[INFO] /bin/sh: module: line 1: syntax error: unexpected end of file
[INFO] /bin/sh: error importing function definition for `BASH_FUNC_module'
[INFO] 2017-12-02 12:52:22,916 INFO  (ParserWrapper:75) Start loading ontology: file:/scratch/Shares/hunter/obo-ci/data-all/base/ontologies/uberon_bridge_uberon-bridge-to-ma/uberon_bridge_uberon-bridge-to-ma_flat.owl from: file:/scratch/Shares/hunter/obo-ci/data-all/base/ontologies/uberon_bridge_uberon-bridge-to-ma/uberon_bridge_uberon-bridge-to-ma_flat.owl
[INFO] 2017-12-02 12:52:26,976 INFO  (ParserWrapper:82) Finished loading ontology: http://purl.obolibrary.org/obo/uberon/bridge/uberon-bridge-to-ma.owl from: file:/scratch/Shares/hunter/obo-ci/data-all/base/ontologies/uberon_bridge_uberon-bridge-to-ma/uberon_bridge_uberon-bridge-to-ma_flat.owl
[INFO] # PARSING: <http://www.w3.org/2002/07/owl#Nothing>
[INFO] 2017-12-02 12:52:27,259 INFO  (ManchesterSyntaxTool:130) parsing: <http://www.w3.org/2002/07/owl#Nothing>
[INFO] # QUERY: owl:Nothing owl:Nothing
[INFO] 2017-12-02 12:52:27,387 INFO  (ConfigurationFactory:83) Loading default configuration parameters for class org.semanticweb.elk.reasoner.config.ReasonerConfiguration
[INFO] 2017-12-02 12:52:27,958 INFO  (Reasoner:117) ELK reasoner was created
[INFO] 2017-12-02 12:52:27,960 INFO  (CommandRunner:6042) Created reasoner: org.semanticweb.elk.owlapi.ElkReasoner@52045dbe
[INFO] 2017-12-02 12:52:27,966 INFO  (LoggingStageExecutor:70) Loading of Axioms started
[INFO] 2017-12-02 12:52:27,982 INFO  (AbstractReasonerStage:161) Loading of Axioms using 64 workers
[INFO] 2017-12-02 12:52:28,332 INFO  (LoggingStageExecutor:103) Loading of Axioms took 360 ms
[INFO] 2017-12-02 12:52:28,332 INFO  (LoggingStageExecutor:70) Property Saturation Initialization started
[INFO] 2017-12-02 12:52:28,336 INFO  (AbstractReasonerStage:161) Property Saturation Initialization using 64 workers
[INFO] 2017-12-02 12:52:28,337 INFO  (LoggingStageExecutor:103) Property Saturation Initialization took 4 ms
[INFO] 2017-12-02 12:52:28,337 INFO  (LoggingStageExecutor:70) Reflexive Property Computation started
[INFO] 2017-12-02 12:52:28,358 INFO  (AbstractReasonerStage:161) Reflexive Property Computation using 64 workers
[INFO] 2017-12-02 12:52:28,388 INFO  (LoggingStageExecutor:103) Reflexive Property Computation took 50 ms
[INFO] 2017-12-02 12:52:28,389 INFO  (LoggingStageExecutor:70) Object Property Hierarchy and Composition Computation started
[INFO] 2017-12-02 12:52:28,398 INFO  (AbstractReasonerStage:161) Object Property Hierarchy and Composition Computation using 64 workers
[INFO] 2017-12-02 12:52:28,502 INFO  (LoggingStageExecutor:103) Object Property Hierarchy and Composition Computation took 110 ms
[INFO] 2017-12-02 12:52:28,505 INFO  (LoggingStageExecutor:70) Context Initialization started
[INFO] 2017-12-02 12:52:28,508 INFO  (AbstractReasonerStage:161) Context Initialization using 64 workers
[INFO] 2017-12-02 12:52:28,514 INFO  (LoggingStageExecutor:103) Context Initialization took 9 ms
[INFO] 2017-12-02 12:52:28,515 INFO  (LoggingStageExecutor:70) Consistency Checking started
[INFO] 2017-12-02 12:52:28,537 INFO  (AbstractReasonerStage:161) Consistency Checking using 64 workers
[INFO] 2017-12-02 12:52:28,611 INFO  (LoggingStageExecutor:103) Consistency Checking took 96 ms
[INFO] 2017-12-02 12:52:28,612 INFO  (LoggingStageExecutor:70) Class Taxonomy Computation started
[INFO] 2017-12-02 12:52:28,655 INFO  (AbstractReasonerStage:161) Class Taxonomy Computation using 64 workers
[INFO] 2017-12-02 12:52:28,893 INFO  (LoggingStageExecutor:103) Class Taxonomy Computation took 280 ms
[INFO] E: owl:Nothing owl:Nothing
[INFO] 2017-12-02 12:52:28,906 INFO  (CommandRunnerBase:78) disposing of org.semanticweb.elk.owlapi.ElkReasoner@52045dbe
[INFO] 2017-12-02 12:52:28,926 INFO  (Reasoner:231) ELK reasoner has shut down
[INFO] 2017-12-02 12:52:28,926 INFO  (CommandRunnerBase:70) disposing of org.semanticweb.elk.owlapi.ElkReasoner@52045dbe
[INFO] ------------------------------------------------------------------------
[INFO] BUILD SUCCESS
[INFO] ------------------------------------------------------------------------
[INFO] Total time: 11.772 s
[INFO] Finished at: 2017-12-02T12:52:29-07:00
[INFO] Final Memory: 21M/1963M
[INFO] ------------------------------------------------------------------------
Sat Dec  2 12:52:29 MST 2017
